#
# A fatal error has been detected by the Java Runtime Environment:
#
#  EXCEPTION_ACCESS_VIOLATION (0xc0000005) at pc=0x00007ffa9a45e0e5, pid=17072, tid=0x00000000000044b8
#
# JRE version: Java(TM) SE Runtime Environment (8.0_201-b09) (build 1.8.0_201-b09)
# Java VM: Java HotSpot(TM) 64-Bit Server VM (25.201-b09 mixed mode windows-amd64 compressed oops)
# Problematic frame:
# C  [libarcsoft_face.dll+0xe0e5]
#
# Failed to write core dump. Minidumps are not enabled by default on client versions of Windows
#
# If you would like to submit a bug report, please visit:
#   http://bugreport.java.com/bugreport/crash.jsp
# The crash happened outside the Java Virtual Machine in native code.
# See problematic frame for where to report the bug.
#

---------------  T H R E A D  ---------------

Current thread (0x000000001e733000):  JavaThread "http-nio-8081-exec-1" daemon [_thread_in_native, id=17592, stack(0x00000000218b0000,0x0000000021ab0000)]

siginfo: ExceptionCode=0xc0000005, writing address 0xfffffffe279bae60

Registers:
RAX=0x00000000000000ec, RBX=0x0000000080002000, RCX=0x00000000000000f5, RDX=0xffffffff80000000
RSP=0x0000000021aacd40, RBP=0x0000000080000000, RSI=0x0000000000000140, RDI=0x0000000080000000
R8 =0x00000000000000ff, R9 =0x0000000000000000, R10=0x0000000080001000, R11=0x00000000279bae60
R12=0x0000000000000040, R13=0x0000000000000040, R14=0x0000000000000000, R15=0x000000001ef46dc0
RIP=0x00007ffa9a45e0e5, EFLAGS=0x0000000000010202

Top of Stack: (sp=0x0000000021aacd40)
0x0000000021aacd40:   0000000000000000 0000000000002000
0x0000000021aacd50:   0000000000000010 0000000000000040
0x0000000021aacd60:   0000000000000000 00000000279c7780
0x0000000021aacd70:   0000000021aace80 00007ffa9a45c5f2
0x0000000021aacd80:   0000000000000000 00007ffa9a4617a3
0x0000000021aacd90:   0000000027a226f0 0000000027a22660
0x0000000021aacda0:   0000000080000000 00000000000000f5
0x0000000021aacdb0:   00000000000000ec 00000000000000e9
0x0000000021aacdc0:   0000000000000000 0000000000000000
0x0000000021aacdd0:   0000000000000040 00000000000003c0
0x0000000021aacde0:   0000000000000000 0000000000000000
0x0000000021aacdf0:   0000000000000040 0000000021aacf18
0x0000000021aace00:   0000000000000000 0000000000000040
0x0000000021aace10:   0000000000000040 00000000279bae60
0x0000000021aace20:   00000000220ad2b0 00007ffa9a45bf04
0x0000000021aace30:   0000000080000000 00007ffa000000f0 

Instructions: (pc=0x00007ffa9a45e0e5)
0x00007ffa9a45e0c5:   0f 4f c8 45 33 c9 85 c9 41 0f 48 c9 41 3b c0 41
0x00007ffa9a45e0d5:   0f 4f c0 85 c0 41 0f 48 c1 66 0f 6e c1 0f 5b c0
0x00007ffa9a45e0e5:   f3 41 0f 11 04 93 66 0f 6e c0 49 63 c2 0f 5b c0
0x00007ffa9a45e0f5:   f3 41 0f 11 04 83 8b 44 24 78 eb 51 83 f9 01 75 


Register to memory mapping:

RAX=0x00000000000000ec is an unknown value
RBX=0x0000000080002000 is an oop
java.lang.Class 
 - klass: 'java/lang/Class'
RCX=0x00000000000000f5 is an unknown value
RDX=0xffffffff80000000 is an unknown value
RSP=0x0000000021aacd40 is pointing into the stack for thread: 0x000000001e733000
RBP=0x0000000080000000 is an oop
java.lang.Class 
 - klass: 'java/lang/Class'
RSI=0x0000000000000140 is an unknown value
RDI=0x0000000080000000 is an oop
java.lang.Class 
 - klass: 'java/lang/Class'
R8 =0x00000000000000ff is an unknown value
R9 =0x0000000000000000 is an unknown value
R10=0x0000000080001000 is pointing into object: 0x0000000080000fe8
java.lang.Class 
 - klass: 'java/lang/Class'
R11=0x00000000279bae60 is an unknown value
R12=0x0000000000000040 is an unknown value
R13=0x0000000000000040 is an unknown value
R14=0x0000000000000000 is an unknown value
R15=0x000000001ef46dc0 is an unknown value


Stack: [0x00000000218b0000,0x0000000021ab0000],  sp=0x0000000021aacd40,  free space=2035k
Native frames: (J=compiled Java code, j=interpreted, Vv=VM code, C=native code)
C  [libarcsoft_face.dll+0xe0e5]
C  [libarcsoft_face.dll+0xc5f2]
C  [libarcsoft_face.dll+0xbf04]
C  [libarcsoft_face.dll+0x9049]
C  [libarcsoft_face.dll+0x89bc]
C  [libarcsoft_face.dll+0x7d0a]
C  [libarcsoft_face.dll+0x3c88]
C  [libarcsoft_face_engine.dll+0x58ca]
C  [libarcsoft_face_engine_jni.dll+0x18f6]
C  0x0000000003648c67

Java frames: (J=compiled Java code, j=interpreted, Vv=VM code)
j  com.arcsoft.face.FaceEngine.detectFaces(J[BIIII[Lcom/arcsoft/face/FaceInfo;)I+0
j  com.arcsoft.face.FaceEngine.detectFaces([BIILcom/arcsoft/face/enums/ImageFormat;Lcom/arcsoft/face/enums/DetectModel;Ljava/util/List;)I+107
j  com.arcsoft.face.FaceEngine.detectFaces([BIILcom/arcsoft/face/enums/ImageFormat;Ljava/util/List;)I+11
j  com.tangcheng.face_corn.service.impl.faceServiceImpl.facesearch(Ljava/io/InputStream;Ljava/util/List;)Ljava/lang/String;+45
j  com.tangcheng.face_corn.controller.faceController.facesearch(Ljava/lang/String;Ljava/util/List;)Lresult/Result;+22
j  sun.reflect.GeneratedMethodAccessor65.invoke(Ljava/lang/Object;[Ljava/lang/Object;)Ljava/lang/Object;+48
J 1652 C1 sun.reflect.DelegatingMethodAccessorImpl.invoke(Ljava/lang/Object;[Ljava/lang/Object;)Ljava/lang/Object; (10 bytes) @ 0x00000000039a7f64 [0x00000000039a7f20+0x44]
J 1651 C1 java.lang.reflect.Method.invoke(Ljava/lang/Object;[Ljava/lang/Object;)Ljava/lang/Object; (62 bytes) @ 0x00000000039a7b94 [0x00000000039a7aa0+0xf4]
j  org.springframework.web.method.support.InvocableHandlerMethod.doInvoke([Ljava/lang/Object;)Ljava/lang/Object;+32
j  org.springframework.web.method.support.InvocableHandlerMethod.invokeForRequest(Lorg/springframework/web/context/request/NativeWebRequest;Lorg/springframework/web/method/support/ModelAndViewContainer;[Ljava/lang/Object;)Ljava/lang/Object;+54
j  org.springframework.web.servlet.mvc.method.annotation.ServletInvocableHandlerMethod.invokeAndHandle(Lorg/springframework/web/context/request/ServletWebRequest;Lorg/springframework/web/method/support/ModelAndViewContainer;[Ljava/lang/Object;)V+4
j  org.springframework.web.servlet.mvc.method.annotation.RequestMappingHandlerAdapter.invokeHandlerMethod(Ljavax/servlet/http/HttpServletRequest;Ljavax/servlet/http/HttpServletResponse;Lorg/springframework/web/method/HandlerMethod;)Lorg/springframework/web/servlet/ModelAndView;+244
j  org.springframework.web.servlet.mvc.method.annotation.RequestMappingHandlerAdapter.handleInternal(Ljavax/servlet/http/HttpServletRequest;Ljavax/servlet/http/HttpServletResponse;Lorg/springframework/web/method/HandlerMethod;)Lorg/springframework/web/servlet/ModelAndView;+81
j  org.springframework.web.servlet.mvc.method.AbstractHandlerMethodAdapter.handle(Ljavax/servlet/http/HttpServletRequest;Ljavax/servlet/http/HttpServletResponse;Ljava/lang/Object;)Lorg/springframework/web/servlet/ModelAndView;+7
j  org.springframework.web.servlet.DispatcherServlet.doDispatch(Ljavax/servlet/http/HttpServletRequest;Ljavax/servlet/http/HttpServletResponse;)V+259
j  org.springframework.web.servlet.DispatcherServlet.doService(Ljavax/servlet/http/HttpServletRequest;Ljavax/servlet/http/HttpServletResponse;)V+241
j  org.springframework.web.servlet.FrameworkServlet.processRequest(Ljavax/servlet/http/HttpServletRequest;Ljavax/servlet/http/HttpServletResponse;)V+71
j  org.springframework.web.servlet.FrameworkServlet.doPost(Ljavax/servlet/http/HttpServletRequest;Ljavax/servlet/http/HttpServletResponse;)V+3
j  javax.servlet.http.HttpServlet.service(Ljavax/servlet/http/HttpServletRequest;Ljavax/servlet/http/HttpServletResponse;)V+149
j  org.springframework.web.servlet.FrameworkServlet.service(Ljavax/servlet/http/HttpServletRequest;Ljavax/servlet/http/HttpServletResponse;)V+33
j  javax.servlet.http.HttpServlet.service(Ljavax/servlet/ServletRequest;Ljavax/servlet/ServletResponse;)V+36
J 5433 C1 org.apache.catalina.core.ApplicationFilterChain.internalDoFilter(Ljavax/servlet/ServletRequest;Ljavax/servlet/ServletResponse;)V (388 bytes) @ 0x0000000003ff8fd4 [0x0000000003ff8dc0+0x214]
J 5432 C1 org.apache.catalina.core.ApplicationFilterChain.doFilter(Ljavax/servlet/ServletRequest;Ljavax/servlet/ServletResponse;)V (103 bytes) @ 0x0000000003ff8994 [0x0000000003ff8960+0x34]
j  org.apache.tomcat.websocket.server.WsFilter.doFilter(Ljavax/servlet/ServletRequest;Ljavax/servlet/ServletResponse;Ljavax/servlet/FilterChain;)V+21
J 5433 C1 org.apache.catalina.core.ApplicationFilterChain.internalDoFilter(Ljavax/servlet/ServletRequest;Ljavax/servlet/ServletResponse;)V (388 bytes) @ 0x0000000003ff91f4 [0x0000000003ff8dc0+0x434]
J 5432 C1 org.apache.catalina.core.ApplicationFilterChain.doFilter(Ljavax/servlet/ServletRequest;Ljavax/servlet/ServletResponse;)V (103 bytes) @ 0x0000000003ff8994 [0x0000000003ff8960+0x34]
j  org.springframework.web.filter.RequestContextFilter.doFilterInternal(Ljavax/servlet/http/HttpServletRequest;Ljavax/servlet/http/HttpServletResponse;Ljavax/servlet/FilterChain;)V+21
j  org.springframework.web.filter.OncePerRequestFilter.doFilter(Ljavax/servlet/ServletRequest;Ljavax/servlet/ServletResponse;Ljavax/servlet/FilterChain;)V+147
J 5433 C1 org.apache.catalina.core.ApplicationFilterChain.internalDoFilter(Ljavax/servlet/ServletRequest;Ljavax/servlet/ServletResponse;)V (388 bytes) @ 0x0000000003ff91f4 [0x0000000003ff8dc0+0x434]
J 5432 C1 org.apache.catalina.core.ApplicationFilterChain.doFilter(Ljavax/servlet/ServletRequest;Ljavax/servlet/ServletResponse;)V (103 bytes) @ 0x0000000003ff8994 [0x0000000003ff8960+0x34]
j  org.springframework.web.filter.FormContentFilter.doFilterInternal(Ljavax/servlet/http/HttpServletRequest;Ljavax/servlet/http/HttpServletResponse;Ljavax/servlet/FilterChain;)V+38
j  org.springframework.web.filter.OncePerRequestFilter.doFilter(Ljavax/servlet/ServletRequest;Ljavax/servlet/ServletResponse;Ljavax/servlet/FilterChain;)V+147
J 5433 C1 org.apache.catalina.core.ApplicationFilterChain.internalDoFilter(Ljavax/servlet/ServletRequest;Ljavax/servlet/ServletResponse;)V (388 bytes) @ 0x0000000003ff91f4 [0x0000000003ff8dc0+0x434]
J 5432 C1 org.apache.catalina.core.ApplicationFilterChain.doFilter(Ljavax/servlet/ServletRequest;Ljavax/servlet/ServletResponse;)V (103 bytes) @ 0x0000000003ff8994 [0x0000000003ff8960+0x34]
j  org.springframework.web.filter.CharacterEncodingFilter.doFilterInternal(Ljavax/servlet/http/HttpServletRequest;Ljavax/servlet/http/HttpServletResponse;Ljavax/servlet/FilterChain;)V+53
j  org.springframework.web.filter.OncePerRequestFilter.doFilter(Ljavax/servlet/ServletRequest;Ljavax/servlet/ServletResponse;Ljavax/servlet/FilterChain;)V+147
J 5433 C1 org.apache.catalina.core.ApplicationFilterChain.internalDoFilter(Ljavax/servlet/ServletRequest;Ljavax/servlet/ServletResponse;)V (388 bytes) @ 0x0000000003ff91f4 [0x0000000003ff8dc0+0x434]
J 5432 C1 org.apache.catalina.core.ApplicationFilterChain.doFilter(Ljavax/servlet/ServletRequest;Ljavax/servlet/ServletResponse;)V (103 bytes) @ 0x0000000003ff8994 [0x0000000003ff8960+0x34]
j  org.apache.catalina.core.StandardWrapperValve.invoke(Lorg/apache/catalina/connector/Request;Lorg/apache/catalina/connector/Response;)V+694
j  org.apache.catalina.core.StandardContextValve.invoke(Lorg/apache/catalina/connector/Request;Lorg/apache/catalina/connector/Response;)V+169
j  org.apache.catalina.authenticator.AuthenticatorBase.invoke(Lorg/apache/catalina/connector/Request;Lorg/apache/catalina/connector/Response;)V+260
j  org.apache.catalina.core.StandardHostValve.invoke(Lorg/apache/catalina/connector/Request;Lorg/apache/catalina/connector/Response;)V+128
j  org.apache.catalina.valves.ErrorReportValve.invoke(Lorg/apache/catalina/connector/Request;Lorg/apache/catalina/connector/Response;)V+6
j  org.apache.catalina.core.StandardEngineValve.invoke(Lorg/apache/catalina/connector/Request;Lorg/apache/catalina/connector/Response;)V+59
j  org.apache.catalina.connector.CoyoteAdapter.service(Lorg/apache/coyote/Request;Lorg/apache/coyote/Response;)V+199
j  org.apache.coyote.http11.Http11Processor.service(Lorg/apache/tomcat/util/net/SocketWrapperBase;)Lorg/apache/tomcat/util/net/AbstractEndpoint$Handler$SocketState;+737
j  org.apache.coyote.AbstractProcessorLight.process(Lorg/apache/tomcat/util/net/SocketWrapperBase;Lorg/apache/tomcat/util/net/SocketEvent;)Lorg/apache/tomcat/util/net/AbstractEndpoint$Handler$SocketState;+170
j  org.apache.coyote.AbstractProtocol$ConnectionHandler.process(Lorg/apache/tomcat/util/net/SocketWrapperBase;Lorg/apache/tomcat/util/net/SocketEvent;)Lorg/apache/tomcat/util/net/AbstractEndpoint$Handler$SocketState;+505
j  org.apache.tomcat.util.net.NioEndpoint$SocketProcessor.doRun()V+216
j  org.apache.tomcat.util.net.SocketProcessorBase.run()V+21
j  java.util.concurrent.ThreadPoolExecutor.runWorker(Ljava/util/concurrent/ThreadPoolExecutor$Worker;)V+95
j  java.util.concurrent.ThreadPoolExecutor$Worker.run()V+5
j  org.apache.tomcat.util.threads.TaskThread$WrappingRunnable.run()V+4
j  java.lang.Thread.run()V+11
v  ~StubRoutines::call_stub

---------------  P R O C E S S  ---------------

Java Threads: ( => current thread )
  0x000000001eeca800 JavaThread "lettuce-eventExecutorLoop-1-8" daemon [_thread_blocked, id=13068, stack(0x0000000043490000,0x0000000043690000)]
  0x000000001ed49800 JavaThread "lettuce-eventExecutorLoop-1-7" daemon [_thread_blocked, id=16656, stack(0x00000000011f0000,0x00000000013f0000)]
  0x000000001ed49000 JavaThread "DiscoveryClient-CacheRefreshExecutor-0" daemon [_thread_blocked, id=16056, stack(0x0000000043290000,0x0000000043490000)]
  0x000000001ed48000 JavaThread "DiscoveryClient-HeartbeatExecutor-0" daemon [_thread_blocked, id=16556, stack(0x0000000043090000,0x0000000043290000)]
  0x000000001ed47800 JavaThread "lettuce-eventExecutorLoop-1-6" daemon [_thread_blocked, id=17352, stack(0x0000000042c90000,0x0000000042e90000)]
  0x000000001ed46800 JavaThread "lettuce-eventExecutorLoop-1-5" daemon [_thread_blocked, id=528, stack(0x0000000042840000,0x0000000042a40000)]
  0x000000001ed46000 JavaThread "lettuce-eventExecutorLoop-1-4" daemon [_thread_blocked, id=17660, stack(0x0000000042640000,0x0000000042840000)]
  0x000000001ed3e800 JavaThread "lettuce-eventExecutorLoop-1-3" daemon [_thread_blocked, id=17580, stack(0x0000000042440000,0x0000000042640000)]
  0x000000001ed45000 JavaThread "Java2D Disposer" daemon [_thread_blocked, id=15860, stack(0x0000000042240000,0x0000000042440000)]
  0x000000001ed44800 JavaThread "idle_connection_reaper" daemon [_thread_blocked, id=17020, stack(0x0000000041e40000,0x0000000042040000)]
  0x000000001ed3d800 JavaThread "lettuce-eventExecutorLoop-1-2" daemon [_thread_blocked, id=17216, stack(0x0000000041c40000,0x0000000041e40000)]
  0x000000001ed3d000 JavaThread "lettuce-eventExecutorLoop-1-1" daemon [_thread_blocked, id=17700, stack(0x00000000249c0000,0x0000000024bc0000)]
  0x000000001ed43000 JavaThread "lettuce-nioEventLoop-4-1" daemon [_thread_in_native, id=14008, stack(0x00000000234b0000,0x00000000236b0000)]
  0x000000001ed43800 JavaThread "DestroyJavaVM" [_thread_blocked, id=16508, stack(0x0000000003240000,0x0000000003440000)]
  0x000000001ed3c000 JavaThread "http-nio-8081-Acceptor" daemon [_thread_in_native, id=17628, stack(0x0000000022eb0000,0x00000000230b0000)]
  0x000000001ed3b800 JavaThread "http-nio-8081-ClientPoller" daemon [_thread_in_native, id=17612, stack(0x0000000022cb0000,0x0000000022eb0000)]
  0x000000001ed41800 JavaThread "http-nio-8081-exec-10" daemon [_thread_blocked, id=17616, stack(0x0000000022ab0000,0x0000000022cb0000)]
  0x000000001ed42000 JavaThread "http-nio-8081-exec-9" daemon [_thread_blocked, id=14372, stack(0x00000000228b0000,0x0000000022ab0000)]
  0x000000001ed40000 JavaThread "http-nio-8081-exec-8" daemon [_thread_in_native, id=2748, stack(0x00000000226b0000,0x00000000228b0000)]
  0x000000001ed3a800 JavaThread "http-nio-8081-exec-7" daemon [_thread_in_native, id=16252, stack(0x00000000224b0000,0x00000000226b0000)]
  0x000000001ed3f000 JavaThread "http-nio-8081-exec-6" daemon [_thread_in_native, id=5364, stack(0x00000000222b0000,0x00000000224b0000)]
  0x000000001ed40800 JavaThread "http-nio-8081-exec-5" daemon [_thread_blocked, id=3648, stack(0x00000000220b0000,0x00000000222b0000)]
  0x000000001e738000 JavaThread "http-nio-8081-exec-4" daemon [_thread_in_native, id=5912, stack(0x0000000021eb0000,0x00000000220b0000)]
  0x000000001e734800 JavaThread "http-nio-8081-exec-3" daemon [_thread_blocked, id=17604, stack(0x0000000021cb0000,0x0000000021eb0000)]
  0x000000001e733800 JavaThread "http-nio-8081-exec-2" daemon [_thread_in_native, id=17600, stack(0x0000000021ab0000,0x0000000021cb0000)]
=>0x000000001e733000 JavaThread "http-nio-8081-exec-1" daemon [_thread_in_native, id=17592, stack(0x00000000218b0000,0x0000000021ab0000)]
  0x000000001e736800 JavaThread "http-nio-8081-BlockPoller" daemon [_thread_in_native, id=15160, stack(0x00000000216b0000,0x00000000218b0000)]
  0x000000001e732000 JavaThread "DiscoveryClient-InstanceInfoReplicator-0" daemon [_thread_blocked, id=17608, stack(0x00000000214b0000,0x00000000216b0000)]
  0x000000001e737800 JavaThread "DiscoveryClient-1" daemon [_thread_blocked, id=15308, stack(0x00000000212b0000,0x00000000214b0000)]
  0x000000001e736000 JavaThread "DiscoveryClient-0" daemon [_thread_blocked, id=17596, stack(0x0000000020fb0000,0x00000000211b0000)]
  0x000000001e735000 JavaThread "AsyncResolver-bootstrap-0" daemon [_thread_blocked, id=17572, stack(0x00000000209b0000,0x0000000020bb0000)]
  0x000000001e739000 JavaThread "spring.cloud.inetutils" daemon [_thread_blocked, id=3816, stack(0x00000000205b0000,0x00000000207b0000)]
  0x000000001d1dc000 JavaThread "lettuce-timer-3-1" daemon [_thread_blocked, id=15380, stack(0x000000001fdb0000,0x000000001ffb0000)]
  0x000000001e488800 JavaThread "container-0" [_thread_blocked, id=11252, stack(0x000000001f9b0000,0x000000001fbb0000)]
  0x000000001e478800 JavaThread "Catalina-utility-2" [_thread_blocked, id=4140, stack(0x000000001f7b0000,0x000000001f9b0000)]
  0x000000001e478000 JavaThread "Catalina-utility-1" [_thread_blocked, id=14436, stack(0x000000001f5b0000,0x000000001f7b0000)]
  0x000000001b4be000 JavaThread "Service Thread" daemon [_thread_blocked, id=7232, stack(0x000000001be60000,0x000000001c060000)]
  0x000000001b420800 JavaThread "C1 CompilerThread3" daemon [_thread_blocked, id=14088, stack(0x000000001bd60000,0x000000001be60000)]
  0x000000001b416800 JavaThread "C2 CompilerThread2" daemon [_thread_blocked, id=2128, stack(0x000000001bc60000,0x000000001bd60000)]
  0x000000001b414000 JavaThread "C2 CompilerThread1" daemon [_thread_blocked, id=16756, stack(0x000000001bb60000,0x000000001bc60000)]
  0x000000001b391800 JavaThread "C2 CompilerThread0" daemon [_thread_blocked, id=11044, stack(0x000000001ba60000,0x000000001bb60000)]
  0x000000001b40d000 JavaThread "Monitor Ctrl-Break" daemon [_thread_in_native, id=16364, stack(0x000000001b860000,0x000000001ba60000)]
  0x000000001a4f9800 JavaThread "Attach Listener" daemon [_thread_blocked, id=11596, stack(0x000000001ae60000,0x000000001b060000)]
  0x000000001a4a0800 JavaThread "Signal Dispatcher" daemon [_thread_blocked, id=9516, stack(0x000000001ac60000,0x000000001ae60000)]
  0x00000000186a4000 JavaThread "Finalizer" daemon [_thread_blocked, id=1540, stack(0x000000001aa60000,0x000000001ac60000)]
  0x000000001a480800 JavaThread "Reference Handler" daemon [_thread_blocked, id=5636, stack(0x000000001a860000,0x000000001aa60000)]

Other Threads:
  0x0000000018696800 VMThread [stack: 0x000000001a360000,0x000000001a460000] [id=15068]
  0x000000001b4be800 WatcherThread [stack: 0x000000001c060000,0x000000001c160000] [id=12712]

VM state:not at safepoint (normal execution)

VM Mutex/Monitor currently owned by a thread: None

heap address: 0x0000000080000000, size: 2048 MB, Compressed Oops mode: 32-bit
Narrow klass base: 0x0000000000000000, Narrow klass shift: 3
Compressed class space size: 1073741824 Address: 0x0000000100000000

Heap:
 PSYoungGen      total 250880K, used 170509K [0x00000000d5580000, 0x00000000f0500000, 0x0000000100000000)
  eden space 237056K, 66% used [0x00000000d5580000,0x00000000dee9c338,0x00000000e3d00000)
  from space 13824K, 99% used [0x00000000ee200000,0x00000000eef674a0,0x00000000eef80000)
  to   space 22016K, 0% used [0x00000000eef80000,0x00000000eef80000,0x00000000f0500000)
 ParOldGen       total 87552K, used 49842K [0x0000000080000000, 0x0000000085580000, 0x00000000d5580000)
  object space 87552K, 56% used [0x0000000080000000,0x00000000830ac940,0x0000000085580000)
 Metaspace       used 54564K, capacity 58252K, committed 58368K, reserved 1099776K
  class space    used 7436K, capacity 8112K, committed 8192K, reserved 1048576K

Card table byte_map: [0x00000000129f0000,0x0000000012e00000] byte_map_base: 0x00000000125f0000

Marking Bits: (ParMarkBitMap*) 0x0000000056c24ce0
 Begin Bits: [0x00000000138b0000, 0x00000000158b0000)
 End Bits:   [0x00000000158b0000, 0x00000000178b0000)

Polling page: 0x0000000001430000

CodeCache: size=245760Kb used=10400Kb max_used=10400Kb free=235359Kb
 bounds [0x0000000003630000, 0x0000000004060000, 0x0000000012630000]
 total_blobs=6174 nmethods=5580 adapters=506
 compilation: enabled

Compilation events (10 events):
Event: 78.821 Thread 0x000000001b420800 5717       1       java.awt.geom.Point2D::<init> (5 bytes)
Event: 78.821 Thread 0x000000001b420800 nmethod 5717 0x0000000004059690 code [0x00000000040597e0, 0x00000000040598f0]
Event: 78.824 Thread 0x000000001b420800 5718       1       org.springframework.web.servlet.mvc.condition.ConsumesRequestCondition::getContent (5 bytes)
Event: 78.824 Thread 0x000000001b420800 nmethod 5718 0x0000000004059950 code [0x0000000004059aa0, 0x0000000004059bb0]
Event: 78.824 Thread 0x000000001b420800 5719       1       org.springframework.web.servlet.handler.AbstractHandlerMethodMapping$Match::access$100 (5 bytes)
Event: 78.824 Thread 0x000000001b420800 nmethod 5719 0x0000000004059c10 code [0x0000000004059d60, 0x0000000004059e50]
Event: 78.911 Thread 0x000000001b420800 5720       1       org.apache.coyote.http11.AbstractHttp11JsseProtocol::getEndpoint (5 bytes)
Event: 78.911 Thread 0x000000001b420800 nmethod 5720 0x0000000004059ed0 code [0x000000000405a020, 0x000000000405a170]
Event: 78.912 Thread 0x000000001b420800 5721       1       org.apache.coyote.http11.AbstractHttp11Protocol::getEndpoint (5 bytes)
Event: 78.912 Thread 0x000000001b420800 nmethod 5721 0x000000000405a210 code [0x000000000405a360, 0x000000000405a470]

GC Heap History (10 events):
Event: 4.175 GC heap before
{Heap before GC invocations=7 (full 0):
 PSYoungGen      total 140288K, used 140278K [0x00000000d5580000, 0x00000000def80000, 0x0000000100000000)
  eden space 130560K, 100% used [0x00000000d5580000,0x00000000dd500000,0x00000000dd500000)
  from space 9728K, 99% used [0x00000000de100000,0x00000000dea7dae0,0x00000000dea80000)
  to   space 12288K, 0% used [0x00000000dd500000,0x00000000dd500000,0x00000000de100000)
 ParOldGen       total 87552K, used 8965K [0x0000000080000000, 0x0000000085580000, 0x00000000d5580000)
  object space 87552K, 10% used [0x0000000080000000,0x00000000808c1408,0x0000000085580000)
 Metaspace       used 26758K, capacity 28142K, committed 28288K, reserved 1073152K
  class space    used 3660K, capacity 3953K, committed 3968K, reserved 1048576K
Event: 4.187 GC heap after
Heap after GC invocations=7 (full 0):
 PSYoungGen      total 142848K, used 12280K [0x00000000d5580000, 0x00000000e7480000, 0x0000000100000000)
  eden space 130560K, 0% used [0x00000000d5580000,0x00000000d5580000,0x00000000dd500000)
  from space 12288K, 99% used [0x00000000dd500000,0x00000000de0fe368,0x00000000de100000)
  to   space 16384K, 0% used [0x00000000e6480000,0x00000000e6480000,0x00000000e7480000)
 ParOldGen       total 87552K, used 13007K [0x0000000080000000, 0x0000000085580000, 0x00000000d5580000)
  object space 87552K, 14% used [0x0000000080000000,0x0000000080cb3d78,0x0000000085580000)
 Metaspace       used 26758K, capacity 28142K, committed 28288K, reserved 1073152K
  class space    used 3660K, capacity 3953K, committed 3968K, reserved 1048576K
}
Event: 5.171 GC heap before
{Heap before GC invocations=8 (full 0):
 PSYoungGen      total 142848K, used 142840K [0x00000000d5580000, 0x00000000e7480000, 0x0000000100000000)
  eden space 130560K, 100% used [0x00000000d5580000,0x00000000dd500000,0x00000000dd500000)
  from space 12288K, 99% used [0x00000000dd500000,0x00000000de0fe368,0x00000000de100000)
  to   space 16384K, 0% used [0x00000000e6480000,0x00000000e6480000,0x00000000e7480000)
 ParOldGen       total 87552K, used 13007K [0x0000000080000000, 0x0000000085580000, 0x00000000d5580000)
  object space 87552K, 14% used [0x0000000080000000,0x0000000080cb3d78,0x0000000085580000)
 Metaspace       used 33981K, capacity 36256K, committed 36480K, reserved 1081344K
  class space    used 4678K, capacity 5122K, committed 5248K, reserved 1048576K
Event: 5.184 GC heap after
Heap after GC invocations=8 (full 0):
 PSYoungGen      total 275456K, used 15150K [0x00000000d5580000, 0x00000000e7880000, 0x0000000100000000)
  eden space 259072K, 0% used [0x00000000d5580000,0x00000000d5580000,0x00000000e5280000)
  from space 16384K, 92% used [0x00000000e6480000,0x00000000e734b848,0x00000000e7480000)
  to   space 18432K, 0% used [0x00000000e5280000,0x00000000e5280000,0x00000000e6480000)
 ParOldGen       total 87552K, used 14235K [0x0000000080000000, 0x0000000085580000, 0x00000000d5580000)
  object space 87552K, 16% used [0x0000000080000000,0x0000000080de6ee0,0x0000000085580000)
 Metaspace       used 33981K, capacity 36256K, committed 36480K, reserved 1081344K
  class space    used 4678K, capacity 5122K, committed 5248K, reserved 1048576K
}
Event: 14.153 GC heap before
{Heap before GC invocations=9 (full 0):
 PSYoungGen      total 275456K, used 274222K [0x00000000d5580000, 0x00000000e7880000, 0x0000000100000000)
  eden space 259072K, 100% used [0x00000000d5580000,0x00000000e5280000,0x00000000e5280000)
  from space 16384K, 92% used [0x00000000e6480000,0x00000000e734b848,0x00000000e7480000)
  to   space 18432K, 0% used [0x00000000e5280000,0x00000000e5280000,0x00000000e6480000)
 ParOldGen       total 87552K, used 14235K [0x0000000080000000, 0x0000000085580000, 0x00000000d5580000)
  object space 87552K, 16% used [0x0000000080000000,0x0000000080de6ee0,0x0000000085580000)
 Metaspace       used 51297K, capacity 54686K, committed 54784K, reserved 1095680K
  class space    used 7001K, capacity 7615K, committed 7680K, reserved 1048576K
Event: 14.175 GC heap after
Heap after GC invocations=9 (full 0):
 PSYoungGen      total 277504K, used 18401K [0x00000000d5580000, 0x00000000f1e80000, 0x0000000100000000)
  eden space 259072K, 0% used [0x00000000d5580000,0x00000000d5580000,0x00000000e5280000)
  from space 18432K, 99% used [0x00000000e5280000,0x00000000e6478528,0x00000000e6480000)
  to   space 26624K, 0% used [0x00000000f0480000,0x00000000f0480000,0x00000000f1e80000)
 ParOldGen       total 87552K, used 28005K [0x0000000080000000, 0x0000000085580000, 0x00000000d5580000)
  object space 87552K, 31% used [0x0000000080000000,0x0000000081b59798,0x0000000085580000)
 Metaspace       used 51297K, capacity 54686K, committed 54784K, reserved 1095680K
  class space    used 7001K, capacity 7615K, committed 7680K, reserved 1048576K
}
Event: 70.687 GC heap before
{Heap before GC invocations=10 (full 0):
 PSYoungGen      total 277504K, used 277473K [0x00000000d5580000, 0x00000000f1e80000, 0x0000000100000000)
  eden space 259072K, 100% used [0x00000000d5580000,0x00000000e5280000,0x00000000e5280000)
  from space 18432K, 99% used [0x00000000e5280000,0x00000000e6478528,0x00000000e6480000)
  to   space 26624K, 0% used [0x00000000f0480000,0x00000000f0480000,0x00000000f1e80000)
 ParOldGen       total 87552K, used 28005K [0x0000000080000000, 0x0000000085580000, 0x00000000d5580000)
  object space 87552K, 31% used [0x0000000080000000,0x0000000081b59798,0x0000000085580000)
 Metaspace       used 54275K, capacity 57858K, committed 57984K, reserved 1099776K
  class space    used 7390K, capacity 8035K, committed 8064K, reserved 1048576K
Event: 70.703 GC heap after
Heap after GC invocations=10 (full 0):
 PSYoungGen      total 268800K, used 20591K [0x00000000d5580000, 0x00000000f1900000, 0x0000000100000000)
  eden space 247808K, 0% used [0x00000000d5580000,0x00000000d5580000,0x00000000e4780000)
  from space 20992K, 98% used [0x00000000f0480000,0x00000000f189bd00,0x00000000f1900000)
  to   space 28160K, 0% used [0x00000000ee200000,0x00000000ee200000,0x00000000efd80000)
 ParOldGen       total 87552K, used 34103K [0x0000000080000000, 0x0000000085580000, 0x00000000d5580000)
  object space 87552K, 38% used [0x0000000080000000,0x000000008214dfe8,0x0000000085580000)
 Metaspace       used 54275K, capacity 57858K, committed 57984K, reserved 1099776K
  class space    used 7390K, capacity 8035K, committed 8064K, reserved 1048576K
}
Event: 76.791 GC heap before
{Heap before GC invocations=11 (full 0):
 PSYoungGen      total 268800K, used 268399K [0x00000000d5580000, 0x00000000f1900000, 0x0000000100000000)
  eden space 247808K, 100% used [0x00000000d5580000,0x00000000e4780000,0x00000000e4780000)
  from space 20992K, 98% used [0x00000000f0480000,0x00000000f189bd00,0x00000000f1900000)
  to   space 28160K, 0% used [0x00000000ee200000,0x00000000ee200000,0x00000000efd80000)
 ParOldGen       total 87552K, used 34103K [0x0000000080000000, 0x0000000085580000, 0x00000000d5580000)
  object space 87552K, 38% used [0x0000000080000000,0x000000008214dfe8,0x0000000085580000)
 Metaspace       used 54560K, capacity 58252K, committed 58368K, reserved 1099776K
  class space    used 7435K, capacity 8112K, committed 8192K, reserved 1048576K
Event: 76.818 GC heap after
Heap after GC invocations=11 (full 0):
 PSYoungGen      total 250880K, used 13725K [0x00000000d5580000, 0x00000000f0500000, 0x0000000100000000)
  eden space 237056K, 0% used [0x00000000d5580000,0x00000000d5580000,0x00000000e3d00000)
  from space 13824K, 99% used [0x00000000ee200000,0x00000000eef674a0,0x00000000eef80000)
  to   space 22016K, 0% used [0x00000000eef80000,0x00000000eef80000,0x00000000f0500000)
 ParOldGen       total 87552K, used 49842K [0x0000000080000000, 0x0000000085580000, 0x00000000d5580000)
  object space 87552K, 56% used [0x0000000080000000,0x00000000830ac940,0x0000000085580000)
 Metaspace       used 54560K, capacity 58252K, committed 58368K, reserved 1099776K
  class space    used 7435K, capacity 8112K, committed 8192K, reserved 1048576K
}

Deoptimization events (0 events):
No events

Classes redefined (0 events):
No events

Internal exceptions (10 events):
Event: 71.122 Thread 0x000000001ed42000 Exception <a 'java/io/IOException'> (0x00000000d65523e8) thrown at [C:\re\workspace\8-2-build-windows-amd64-cygwin\jdk8u201\12322\hotspot\src\share\vm\prims\jni.cpp, line 709]
Event: 71.166 Thread 0x000000001e733800 Exception <a 'java/lang/reflect/InvocationTargetException'> (0x00000000d7968650) thrown at [C:\re\workspace\8-2-build-windows-amd64-cygwin\jdk8u201\12322\hotspot\src\share\vm\runtime\reflection.cpp, line 1092]
Event: 71.174 Thread 0x000000001e733000 Exception <a 'java/lang/reflect/InvocationTargetException'> (0x00000000d7c08c10) thrown at [C:\re\workspace\8-2-build-windows-amd64-cygwin\jdk8u201\12322\hotspot\src\share\vm\runtime\reflection.cpp, line 1092]
Event: 71.270 Thread 0x000000001e733800 Exception <a 'java/lang/ArrayIndexOutOfBoundsException'> (0x00000000d8851a90) thrown at [C:\re\workspace\8-2-build-windows-amd64-cygwin\jdk8u201\12322\hotspot\src\share\vm\runtime\sharedRuntime.cpp, line 605]
Event: 71.270 Thread 0x000000001e733000 Exception <a 'java/lang/ArrayIndexOutOfBoundsException'> (0x00000000d89f0030) thrown at [C:\re\workspace\8-2-build-windows-amd64-cygwin\jdk8u201\12322\hotspot\src\share\vm\runtime\sharedRuntime.cpp, line 605]
Event: 71.865 Thread 0x000000001ed3f000 Exception <a 'java/io/IOException'> (0x00000000d9674a78) thrown at [C:\re\workspace\8-2-build-windows-amd64-cygwin\jdk8u201\12322\hotspot\src\share\vm\prims\jni.cpp, line 709]
Event: 71.869 Thread 0x000000001ed3a800 Exception <a 'java/io/IOException'> (0x00000000d9b5ef58) thrown at [C:\re\workspace\8-2-build-windows-amd64-cygwin\jdk8u201\12322\hotspot\src\share\vm\prims\jni.cpp, line 709]
Event: 72.011 Thread 0x000000001ed42000 Exception <a 'java/io/IOException'> (0x00000000daf8af70) thrown at [C:\re\workspace\8-2-build-windows-amd64-cygwin\jdk8u201\12322\hotspot\src\share\vm\prims\jni.cpp, line 709]
Event: 74.676 Thread 0x000000001e738000 Exception <a 'java/io/IOException'> (0x00000000e0086a08) thrown at [C:\re\workspace\8-2-build-windows-amd64-cygwin\jdk8u201\12322\hotspot\src\share\vm\prims\jni.cpp, line 709]
Event: 77.059 Thread 0x000000001e733800 Exception <a 'java/io/IOException'> (0x00000000d5c6cdf8) thrown at [C:\re\workspace\8-2-build-windows-amd64-cygwin\jdk8u201\12322\hotspot\src\share\vm\prims\jni.cpp, line 709]

Events (10 events):
Event: 78.268 Executing VM operation: RevokeBias
Event: 78.268 Executing VM operation: RevokeBias done
Event: 78.409 Executing VM operation: RevokeBias
Event: 78.409 Executing VM operation: RevokeBias done
Event: 78.760 loading class java/io/EOFException
Event: 78.761 loading class java/io/EOFException done
Event: 78.807 Executing VM operation: RevokeBias
Event: 78.807 Executing VM operation: RevokeBias done
Event: 78.813 Executing VM operation: RevokeBias
Event: 78.813 Executing VM operation: RevokeBias done


Dynamic libraries:
0x00007ff6c87e0000 - 0x00007ff6c8817000 	C:\Program Files\Java\jdk1.8.0_201\bin\java.exe
0x00007ffaf0170000 - 0x00007ffaf0365000 	C:\WINDOWS\SYSTEM32\ntdll.dll
0x00007ffaee560000 - 0x00007ffaee61e000 	C:\WINDOWS\System32\KERNEL32.DLL
0x00007ffaeda80000 - 0x00007ffaedd49000 	C:\WINDOWS\System32\KERNELBASE.dll
0x00007ffaefed0000 - 0x00007ffaeff7c000 	C:\WINDOWS\System32\ADVAPI32.dll
0x00007ffaef360000 - 0x00007ffaef3fe000 	C:\WINDOWS\System32\msvcrt.dll
0x00007ffaef200000 - 0x00007ffaef29b000 	C:\WINDOWS\System32\sechost.dll
0x00007ffaee3a0000 - 0x00007ffaee4ca000 	C:\WINDOWS\System32\RPCRT4.dll
0x00007ffaeff80000 - 0x00007ffaf0121000 	C:\WINDOWS\System32\USER32.dll
0x00007ffaede00000 - 0x00007ffaede22000 	C:\WINDOWS\System32\win32u.dll
0x00007ffaee2a0000 - 0x00007ffaee2cb000 	C:\WINDOWS\System32\GDI32.dll
0x00007ffaee0b0000 - 0x00007ffaee1bb000 	C:\WINDOWS\System32\gdi32full.dll
0x00007ffaede30000 - 0x00007ffaedecd000 	C:\WINDOWS\System32\msvcp_win.dll
0x00007ffaeded0000 - 0x00007ffaedfd0000 	C:\WINDOWS\System32\ucrtbase.dll
0x00007ffade7f0000 - 0x00007ffadea8a000 	C:\WINDOWS\WinSxS\amd64_microsoft.windows.common-controls_6595b64144ccf1df_6.0.19041.1110_none_60b5254171f9507e\COMCTL32.dll
0x00007ffaef470000 - 0x00007ffaef4a0000 	C:\WINDOWS\System32\IMM32.DLL
0x0000000057ae0000 - 0x0000000057bb1000 	C:\Program Files\Java\jdk1.8.0_201\jre\bin\msvcr100.dll
0x0000000056400000 - 0x0000000056ca4000 	C:\Program Files\Java\jdk1.8.0_201\jre\bin\server\jvm.dll
0x00007ffaef6a0000 - 0x00007ffaef6a8000 	C:\WINDOWS\System32\PSAPI.DLL
0x00007ffadfe40000 - 0x00007ffadfe67000 	C:\WINDOWS\SYSTEM32\WINMM.dll
0x00007ffae4720000 - 0x00007ffae472a000 	C:\WINDOWS\SYSTEM32\VERSION.dll
0x00007ffae86b0000 - 0x00007ffae86b9000 	C:\WINDOWS\SYSTEM32\WSOCK32.dll
0x00007ffaef400000 - 0x00007ffaef46b000 	C:\WINDOWS\System32\WS2_32.dll
0x00007ffae6d00000 - 0x00007ffae6d0f000 	C:\Program Files\Java\jdk1.8.0_201\jre\bin\verify.dll
0x00007ffadf1f0000 - 0x00007ffadf219000 	C:\Program Files\Java\jdk1.8.0_201\jre\bin\java.dll
0x00007ffad3ab0000 - 0x00007ffad3ad3000 	C:\Program Files\Java\jdk1.8.0_201\jre\bin\instrument.dll
0x00007ffadf1a0000 - 0x00007ffadf1b6000 	C:\Program Files\Java\jdk1.8.0_201\jre\bin\zip.dll
0x00007ffaeeac0000 - 0x00007ffaef1ff000 	C:\WINDOWS\System32\SHELL32.dll
0x00007ffaeb880000 - 0x00007ffaec010000 	C:\WINDOWS\SYSTEM32\windows.storage.dll
0x00007ffaee700000 - 0x00007ffaeea55000 	C:\WINDOWS\System32\combase.dll
0x00007ffaed2e0000 - 0x00007ffaed30c000 	C:\WINDOWS\SYSTEM32\Wldp.dll
0x00007ffaee2d0000 - 0x00007ffaee37d000 	C:\WINDOWS\System32\SHCORE.dll
0x00007ffaee620000 - 0x00007ffaee675000 	C:\WINDOWS\System32\shlwapi.dll
0x00007ffaed7d0000 - 0x00007ffaed7ef000 	C:\WINDOWS\SYSTEM32\profapi.dll
0x00007ffad61a0000 - 0x00007ffad61ba000 	F:\subject\IDEA 2018_sssam.com\IntelliJ IDEA 2018.2.4\bin\breakgen64.dll
0x00007ffadc1d0000 - 0x00007ffadc1ea000 	C:\Program Files\Java\jdk1.8.0_201\jre\bin\net.dll
0x00007ffadb520000 - 0x00007ffadb70b000 	C:\WINDOWS\SYSTEM32\urlmon.dll
0x00007ffae0590000 - 0x00007ffae0840000 	C:\WINDOWS\SYSTEM32\iertutil.dll
0x00007ffadb4f0000 - 0x00007ffadb518000 	C:\WINDOWS\SYSTEM32\srvcli.dll
0x00007ffaecdf0000 - 0x00007ffaecdfc000 	C:\WINDOWS\SYSTEM32\netutils.dll
0x00007ffaed040000 - 0x00007ffaed0aa000 	C:\WINDOWS\system32\mswsock.dll
0x00007ffaecce0000 - 0x00007ffaecd1b000 	C:\WINDOWS\SYSTEM32\IPHLPAPI.DLL
0x00007ffaef6b0000 - 0x00007ffaef6b8000 	C:\WINDOWS\System32\NSI.dll
0x00007ffae3b90000 - 0x00007ffae3ba7000 	C:\WINDOWS\SYSTEM32\dhcpcsvc6.DLL
0x00007ffae4340000 - 0x00007ffae435d000 	C:\WINDOWS\SYSTEM32\dhcpcsvc.DLL
0x00007ffaecd20000 - 0x00007ffaecdec000 	C:\WINDOWS\SYSTEM32\DNSAPI.dll
0x00007ffae4ba0000 - 0x00007ffae4baa000 	C:\Windows\System32\rasadhlp.dll
0x00007ffadcff0000 - 0x00007ffadd06f000 	C:\WINDOWS\System32\fwpuclnt.dll
0x00007ffaee030000 - 0x00007ffaee057000 	C:\WINDOWS\System32\bcrypt.dll
0x00007ffae5ae0000 - 0x00007ffae5aed000 	C:\Program Files\Java\jdk1.8.0_201\jre\bin\management.dll
0x00007ffacfe30000 - 0x00007ffacfe47000 	C:\WINDOWS\system32\napinsp.dll
0x00007ffacfe10000 - 0x00007ffacfe2b000 	C:\WINDOWS\system32\pnrpnsp.dll
0x00007ffae7b50000 - 0x00007ffae7b65000 	C:\WINDOWS\system32\wshbth.dll
0x00007ffae85e0000 - 0x00007ffae85fd000 	C:\WINDOWS\system32\NLAapi.dll
0x00007ffacfda0000 - 0x00007ffacfdb2000 	C:\WINDOWS\System32\winrnr.dll
0x00007ffadc160000 - 0x00007ffadc171000 	C:\Program Files\Java\jdk1.8.0_201\jre\bin\nio.dll
0x00007ffaed230000 - 0x00007ffaed248000 	C:\WINDOWS\SYSTEM32\CRYPTSP.dll
0x00007ffaec950000 - 0x00007ffaec984000 	C:\WINDOWS\system32\rsaenh.dll
0x00007ffaed790000 - 0x00007ffaed7be000 	C:\WINDOWS\SYSTEM32\USERENV.dll
0x00007ffaed890000 - 0x00007ffaed913000 	C:\WINDOWS\System32\bcryptprimitives.dll
0x00007ffaed250000 - 0x00007ffaed25c000 	C:\WINDOWS\SYSTEM32\CRYPTBASE.dll
0x00007ffacd220000 - 0x00007ffacd244000 	C:\Program Files\Java\jdk1.8.0_201\jre\bin\sunec.dll
0x00007ffa9a450000 - 0x00007ffa9d28d000 	C:\Users\lenovo\Desktop\Face-recognition-main\ArcSoft_ArcFace_Java_Windows_x64_V3.0\libs\WIN64\libarcsoft_face.dll
0x00007ffad2fc0000 - 0x00007ffad3066000 	C:\WINDOWS\SYSTEM32\MSVCP120.dll
0x00007ffad2ed0000 - 0x00007ffad2fbf000 	C:\WINDOWS\SYSTEM32\MSVCR120.dll
0x00007ffaccbc0000 - 0x00007ffaccc3f000 	C:\Users\lenovo\Desktop\Face-recognition-main\ArcSoft_ArcFace_Java_Windows_x64_V3.0\libs\WIN64\libarcsoft_face_engine.dll
0x00007ffaeea60000 - 0x00007ffaeeab6000 	C:\WINDOWS\System32\WLDAP32.dll
0x00007ffacd1f0000 - 0x00007ffacd215000 	C:\Users\lenovo\Desktop\Face-recognition-main\ArcSoft_ArcFace_Java_Windows_x64_V3.0\libs\WIN64\libarcsoft_face_engine_jni.dll
0x00007ffa99860000 - 0x00007ffa999f9000 	C:\Program Files\Java\jdk1.8.0_201\jre\bin\awt.dll
0x00007ffaef5d0000 - 0x00007ffaef69d000 	C:\WINDOWS\System32\OLEAUT32.dll
0x00007ffae9ef0000 - 0x00007ffae9f80000 	C:\WINDOWS\SYSTEM32\apphelp.dll
0x00007ffaccb80000 - 0x00007ffaccbb1000 	C:\Program Files\Java\jdk1.8.0_201\jre\bin\jpeg.dll
0x00007ffacc9e0000 - 0x00007ffacca1e000 	C:\Program Files\Java\jdk1.8.0_201\jre\bin\lcms.dll
0x00007ffaeb690000 - 0x00007ffaeb874000 	C:\WINDOWS\SYSTEM32\dbghelp.dll

VM Arguments:
jvm_args: -Xmx2048m -XX:MetaspaceSize=512m -XX:MaxMetaspaceSize=768m -Xss2m -XX:TieredStopAtLevel=1 -Xverify:none -Dspring.output.ansi.enabled=always -javaagent:F:\subject\IDEA 2018_sssam.com\IntelliJ IDEA 2018.2.4\lib\idea_rt.jar=64199:F:\subject\IDEA 2018_sssam.com\IntelliJ IDEA 2018.2.4\bin -Dfile.encoding=UTF-8 
java_command: com.tangcheng.face_corn.FaceCornApplication
java_class_path (initial): C:\Program Files\Java\jdk1.8.0_201\jre\lib\charsets.jar;C:\Program Files\Java\jdk1.8.0_201\jre\lib\deploy.jar;C:\Program Files\Java\jdk1.8.0_201\jre\lib\ext\access-bridge-64.jar;C:\Program Files\Java\jdk1.8.0_201\jre\lib\ext\cldrdata.jar;C:\Program Files\Java\jdk1.8.0_201\jre\lib\ext\dnsns.jar;C:\Program Files\Java\jdk1.8.0_201\jre\lib\ext\jaccess.jar;C:\Program Files\Java\jdk1.8.0_201\jre\lib\ext\jfxrt.jar;C:\Program Files\Java\jdk1.8.0_201\jre\lib\ext\localedata.jar;C:\Program Files\Java\jdk1.8.0_201\jre\lib\ext\nashorn.jar;C:\Program Files\Java\jdk1.8.0_201\jre\lib\ext\sunec.jar;C:\Program Files\Java\jdk1.8.0_201\jre\lib\ext\sunjce_provider.jar;C:\Program Files\Java\jdk1.8.0_201\jre\lib\ext\sunmscapi.jar;C:\Program Files\Java\jdk1.8.0_201\jre\lib\ext\sunpkcs11.jar;C:\Program Files\Java\jdk1.8.0_201\jre\lib\ext\zipfs.jar;C:\Program Files\Java\jdk1.8.0_201\jre\lib\javaws.jar;C:\Program Files\Java\jdk1.8.0_201\jre\lib\jce.jar;C:\Program Files\Java\jdk1.8.0_201\jre\lib\jfr.jar;C:\Program Files\Java\jdk1.8.0_201\jre\lib\jfxswt.jar;C:\Program Files\Java\jdk1.8.0_201\jre\lib\jsse.jar;C:\Program Files\Java\jdk1.8.0_201\jre\lib\management-agent.jar;C:\Program Files\Java\jdk1.8.0_201\jre\lib\plugin.jar;C:\Program Files\Java\jdk1.8.0_201\jre\lib\resources.jar;C:\Program Files\Java\jdk1.8.0_201\jre\lib\rt.jar;C:\Users\lenovo\Desktop\Face-recognition-main\facesystem\face_corn\target\classes;C:\Users\lenovo\Desktop\Face-recognition-main\facesystem\common\target\classes;F:\subject\JavaWeb\maven-l\org\projectlombok\lombok\1.18.20\lombok-1.18.20.jar;F:\subject\JavaWeb\maven-l\com\auth0\java-jwt\3.4.0\java-jwt-3.4.0.jar;F:\subject\JavaWeb\maven-l\com\fasterxml\jackson\core\jackson-databind\2.11.4\jackson-databind-2.11.4.jar;F:\subject\JavaWeb\maven-l\com\fasterxml\jackson\core\jackson-annotations\2.11.4\jackson-annotations-2.11.4.jar;F:\subject\JavaWeb\maven-l\com\fasterxml\jackson\core\jackson-core\2.11.4\jackson-core-2.11.4.jar;F:\subject\JavaWeb\mav
Launcher Type: SUN_STANDARD

Environment Variables:
JAVA_HOME=C:\Program Files\Java\jdk1.8.0_201
CLASSPATH=.;C:\Program Files\Java\jdk1.8.0_201\lib\dt.jar,C:\Program Files\Java\jdk1.8.0_201\lib\tools.jar;F:\subject\JavaWeb\apache-tomcat-8.5.45\lib\servlet-api.jar
PATH=C:\Program Files (x86)\Common Files\Oracle\Java\javapath;C:\WINDOWS\system32;C:\WINDOWS;C:\WINDOWS\System32\Wbem;C:\WINDOWS\System32\WindowsPowerShell\v1.0\;C:\WINDOWS\System32\OpenSSH\;F:\subject\JavaWeb\apache-tomcat-8.5.45\bin;F:\subject\JavaWeb\apache-tomcat-8.5.45\lib;C:\Program Files\NVIDIA Corporation\NVIDIA NvDLISR;F:\subject\JavaWeb\apache-maven-3.3.9\bin;F:\subject\JavaWeb\Gradle\gradle-6.9.1\bin;F:\subject\JavaWeb\nodejs;C:\Program Files\Java\jdk1.8.0_201\bin;C:\Program Files\MySQL\MySQL Server 8.0\bin;F:\subject\JavaWeb\env\MongoDB\bin;C:\Users\lenovo\AppData\Local\Microsoft\WindowsApps;F:\subject\PyCharm\PyCharm Community Edition 2020.3.3\bin;;F:\subject\JavaWeb\Microsoft VS Code\bin;F:\subject\JavaWeb\nodejs\node_global;
USERNAME=lenovo
OS=Windows_NT
PROCESSOR_IDENTIFIER=Intel64 Family 6 Model 158 Stepping 10, GenuineIntel



---------------  S Y S T E M  ---------------

OS: Windows 10.0 , 64 bit Build 19041 (10.0.19041.1202)

CPU:total 8 (initial active 8) (4 cores per cpu, 2 threads per core) family 6 model 158 stepping 10, cmov, cx8, fxsr, mmx, sse, sse2, sse3, ssse3, sse4.1, sse4.2, popcnt, avx, avx2, aes, clmul, erms, 3dnowpref, lzcnt, ht, tsc, tscinvbit, bmi1, bmi2, adx

Memory: 4k page, physical 8306932k(391932k free), swap 18792692k(4237328k free)

vm_info: Java HotSpot(TM) 64-Bit Server VM (25.201-b09) for windows-amd64 JRE (1.8.0_201-b09), built on Dec 15 2018 18:36:39 by "java_re" with MS VC++ 10.0 (VS2010)

time: Mon Nov 01 15:18:09 2021
timezone: 中国标准时间
elapsed time: 79 seconds (0d 0h 1m 19s)

