#
# A fatal error has been detected by the Java Runtime Environment:
#
#  EXCEPTION_ACCESS_VIOLATION (0xc0000005) at pc=0x00007ff82b69e169, pid=6740, tid=0x00000000000056b8
#
# JRE version: Java(TM) SE Runtime Environment (8.0_201-b09) (build 1.8.0_201-b09)
# Java VM: Java HotSpot(TM) 64-Bit Server VM (25.201-b09 mixed mode windows-amd64 compressed oops)
# Problematic frame:
# C  [libarcsoft_face.dll+0xe169]
#
# Failed to write core dump. Minidumps are not enabled by default on client versions of Windows
#
# If you would like to submit a bug report, please visit:
#   http://bugreport.java.com/bugreport/crash.jsp
# The crash happened outside the Java Virtual Machine in native code.
# See problematic frame for where to report the bug.
#

---------------  T H R E A D  ---------------

Current thread (0x000000001df85000):  JavaThread "http-nio-8081-exec-6" daemon [_thread_in_native, id=22200, stack(0x0000000020370000,0x0000000020470000)]

siginfo: ExceptionCode=0xc0000005, writing address 0x0000000025e8f000

Registers:
RAX=0x0000000000282868, RBX=0x0000000000282868, RCX=0x000000000000005c, RDX=0x0000000000280868
RSP=0x000000002046d030, RBP=0x000000008000a021, RSI=0x0000000000000140, RDI=0x0000000000000028
R8 =0x00000000000000ff, R9 =0x0000000000000000, R10=0x0000000000281868, R11=0x0000000025484e60
R12=0x0000000000000040, R13=0x0000000000000040, R14=0x0000000000000000, R15=0x000000001e41ae80
RIP=0x00007ff82b69e169, EFLAGS=0x0000000000010202

Top of Stack: (sp=0x000000002046d030)
0x000000002046d030:   0000000000000000 0000000000002000
0x000000002046d040:   0000000000000010 0000000000000040
0x000000002046d050:   0000000000000000 0000000025491780
0x000000002046d060:   000000002046d170 00007ff82b69c5f2
0x000000002046d070:   0000000000000000 00007ff82b6a17a3
0x000000002046d080:   00000000254ec6f0 00000000254ec660
0x000000002046d090:   000000008000a021 000000000000005c
0x000000002046d0a0:   000000000000005f 0000000000000067
0x000000002046d0b0:   0000000000000000 0000000000000000
0x000000002046d0c0:   0000000000000040 00000000000003c0
0x000000002046d0d0:   0000000000000000 0000000000000000
0x000000002046d0e0:   0000000000000040 000000002046d208
0x000000002046d0f0:   0000000000000000 0000000000000040
0x000000002046d100:   0000000000000040 0000000025484e60
0x000000002046d110:   000000002056d7c0 00007ff82b69bf04
0x000000002046d120:   0000000000000000 00007ff8000000f0 

Instructions: (pc=0x00007ff82b69e169)
0x00007ff82b69e149:   41 0f 11 04 83 8b 44 24 68 41 3b c0 41 0f 4f c0
0x00007ff82b69e159:   85 c0 41 0f 48 c1 66 0f 6e c0 48 63 c3 0f 5b c0
0x00007ff82b69e169:   f3 41 0f 11 04 83 48 83 c4 30 5b c3 cc cc cc cc
0x00007ff82b69e179:   cc cc cc cc cc cc cc 48 8b c4 48 89 58 18 55 56 


Register to memory mapping:

RAX=0x0000000000282868 is an unknown value
RBX=0x0000000000282868 is an unknown value
RCX=0x000000000000005c is an unknown value
RDX=0x0000000000280868 is an unknown value
RSP=0x000000002046d030 is pointing into the stack for thread: 0x000000001df85000
RBP=0x000000008000a021 is an unknown value
RSI=0x0000000000000140 is an unknown value
RDI=0x0000000000000028 is an unknown value
R8 =0x00000000000000ff is an unknown value
R9 =0x0000000000000000 is an unknown value
R10=0x0000000000281868 is an unknown value
R11=0x0000000025484e60 is an unknown value
R12=0x0000000000000040 is an unknown value
R13=0x0000000000000040 is an unknown value
R14=0x0000000000000000 is an unknown value
R15=0x000000001e41ae80 is an unknown value


Stack: [0x0000000020370000,0x0000000020470000],  sp=0x000000002046d030,  free space=1012k
Native frames: (J=compiled Java code, j=interpreted, Vv=VM code, C=native code)
C  [libarcsoft_face.dll+0xe169]
C  [libarcsoft_face.dll+0xc5f2]
C  [libarcsoft_face.dll+0xbf04]
C  [libarcsoft_face.dll+0x9049]
C  [libarcsoft_face.dll+0x89bc]
C  [libarcsoft_face.dll+0x7d0a]
C  [libarcsoft_face.dll+0x3c88]
C  [libarcsoft_face_engine.dll+0x58ca]
C  [libarcsoft_face_engine_jni.dll+0x18f6]
C  0x0000000002ac8c67

Java frames: (J=compiled Java code, j=interpreted, Vv=VM code)
j  com.arcsoft.face.FaceEngine.detectFaces(J[BIIII[Lcom/arcsoft/face/FaceInfo;)I+0
j  com.arcsoft.face.FaceEngine.detectFaces([BIILcom/arcsoft/face/enums/ImageFormat;Lcom/arcsoft/face/enums/DetectModel;Ljava/util/List;)I+107
j  com.arcsoft.face.FaceEngine.detectFaces([BIILcom/arcsoft/face/enums/ImageFormat;Ljava/util/List;)I+11
j  com.tangcheng.face_corn.service.impl.faceServiceImpl.facesearch(Ljava/io/InputStream;Ljava/util/List;)Ljava/lang/String;+45
j  com.tangcheng.face_corn.controller.faceController.facesearch(Ljava/lang/String;Ljava/util/List;)Lresult/Result;+22
j  sun.reflect.GeneratedMethodAccessor67.invoke(Ljava/lang/Object;[Ljava/lang/Object;)Ljava/lang/Object;+48
J 1649 C1 sun.reflect.DelegatingMethodAccessorImpl.invoke(Ljava/lang/Object;[Ljava/lang/Object;)Ljava/lang/Object; (10 bytes) @ 0x0000000002e27a24 [0x0000000002e279e0+0x44]
J 1648 C1 java.lang.reflect.Method.invoke(Ljava/lang/Object;[Ljava/lang/Object;)Ljava/lang/Object; (62 bytes) @ 0x0000000002e27654 [0x0000000002e27560+0xf4]
j  org.springframework.web.method.support.InvocableHandlerMethod.doInvoke([Ljava/lang/Object;)Ljava/lang/Object;+32
j  org.springframework.web.method.support.InvocableHandlerMethod.invokeForRequest(Lorg/springframework/web/context/request/NativeWebRequest;Lorg/springframework/web/method/support/ModelAndViewContainer;[Ljava/lang/Object;)Ljava/lang/Object;+54
j  org.springframework.web.servlet.mvc.method.annotation.ServletInvocableHandlerMethod.invokeAndHandle(Lorg/springframework/web/context/request/ServletWebRequest;Lorg/springframework/web/method/support/ModelAndViewContainer;[Ljava/lang/Object;)V+4
j  org.springframework.web.servlet.mvc.method.annotation.RequestMappingHandlerAdapter.invokeHandlerMethod(Ljavax/servlet/http/HttpServletRequest;Ljavax/servlet/http/HttpServletResponse;Lorg/springframework/web/method/HandlerMethod;)Lorg/springframework/web/servlet/ModelAndView;+244
j  org.springframework.web.servlet.mvc.method.annotation.RequestMappingHandlerAdapter.handleInternal(Ljavax/servlet/http/HttpServletRequest;Ljavax/servlet/http/HttpServletResponse;Lorg/springframework/web/method/HandlerMethod;)Lorg/springframework/web/servlet/ModelAndView;+81
j  org.springframework.web.servlet.mvc.method.AbstractHandlerMethodAdapter.handle(Ljavax/servlet/http/HttpServletRequest;Ljavax/servlet/http/HttpServletResponse;Ljava/lang/Object;)Lorg/springframework/web/servlet/ModelAndView;+7
j  org.springframework.web.servlet.DispatcherServlet.doDispatch(Ljavax/servlet/http/HttpServletRequest;Ljavax/servlet/http/HttpServletResponse;)V+259
j  org.springframework.web.servlet.DispatcherServlet.doService(Ljavax/servlet/http/HttpServletRequest;Ljavax/servlet/http/HttpServletResponse;)V+241
j  org.springframework.web.servlet.FrameworkServlet.processRequest(Ljavax/servlet/http/HttpServletRequest;Ljavax/servlet/http/HttpServletResponse;)V+71
j  org.springframework.web.servlet.FrameworkServlet.doPost(Ljavax/servlet/http/HttpServletRequest;Ljavax/servlet/http/HttpServletResponse;)V+3
j  javax.servlet.http.HttpServlet.service(Ljavax/servlet/http/HttpServletRequest;Ljavax/servlet/http/HttpServletResponse;)V+149
j  org.springframework.web.servlet.FrameworkServlet.service(Ljavax/servlet/http/HttpServletRequest;Ljavax/servlet/http/HttpServletResponse;)V+33
j  javax.servlet.http.HttpServlet.service(Ljavax/servlet/ServletRequest;Ljavax/servlet/ServletResponse;)V+36
j  org.apache.catalina.core.ApplicationFilterChain.internalDoFilter(Ljavax/servlet/ServletRequest;Ljavax/servlet/ServletResponse;)V+304
j  org.apache.catalina.core.ApplicationFilterChain.doFilter(Ljavax/servlet/ServletRequest;Ljavax/servlet/ServletResponse;)V+99
j  org.apache.tomcat.websocket.server.WsFilter.doFilter(Ljavax/servlet/ServletRequest;Ljavax/servlet/ServletResponse;Ljavax/servlet/FilterChain;)V+21
j  org.apache.catalina.core.ApplicationFilterChain.internalDoFilter(Ljavax/servlet/ServletRequest;Ljavax/servlet/ServletResponse;)V+135
j  org.apache.catalina.core.ApplicationFilterChain.doFilter(Ljavax/servlet/ServletRequest;Ljavax/servlet/ServletResponse;)V+99
j  org.springframework.web.filter.RequestContextFilter.doFilterInternal(Ljavax/servlet/http/HttpServletRequest;Ljavax/servlet/http/HttpServletResponse;Ljavax/servlet/FilterChain;)V+21
j  org.springframework.web.filter.OncePerRequestFilter.doFilter(Ljavax/servlet/ServletRequest;Ljavax/servlet/ServletResponse;Ljavax/servlet/FilterChain;)V+147
j  org.apache.catalina.core.ApplicationFilterChain.internalDoFilter(Ljavax/servlet/ServletRequest;Ljavax/servlet/ServletResponse;)V+135
j  org.apache.catalina.core.ApplicationFilterChain.doFilter(Ljavax/servlet/ServletRequest;Ljavax/servlet/ServletResponse;)V+99
j  org.springframework.web.filter.FormContentFilter.doFilterInternal(Ljavax/servlet/http/HttpServletRequest;Ljavax/servlet/http/HttpServletResponse;Ljavax/servlet/FilterChain;)V+38
j  org.springframework.web.filter.OncePerRequestFilter.doFilter(Ljavax/servlet/ServletRequest;Ljavax/servlet/ServletResponse;Ljavax/servlet/FilterChain;)V+147
j  org.apache.catalina.core.ApplicationFilterChain.internalDoFilter(Ljavax/servlet/ServletRequest;Ljavax/servlet/ServletResponse;)V+135
j  org.apache.catalina.core.ApplicationFilterChain.doFilter(Ljavax/servlet/ServletRequest;Ljavax/servlet/ServletResponse;)V+99
j  org.springframework.web.filter.CharacterEncodingFilter.doFilterInternal(Ljavax/servlet/http/HttpServletRequest;Ljavax/servlet/http/HttpServletResponse;Ljavax/servlet/FilterChain;)V+53
j  org.springframework.web.filter.OncePerRequestFilter.doFilter(Ljavax/servlet/ServletRequest;Ljavax/servlet/ServletResponse;Ljavax/servlet/FilterChain;)V+147
j  org.apache.catalina.core.ApplicationFilterChain.internalDoFilter(Ljavax/servlet/ServletRequest;Ljavax/servlet/ServletResponse;)V+135
j  org.apache.catalina.core.ApplicationFilterChain.doFilter(Ljavax/servlet/ServletRequest;Ljavax/servlet/ServletResponse;)V+99
j  org.apache.catalina.core.StandardWrapperValve.invoke(Lorg/apache/catalina/connector/Request;Lorg/apache/catalina/connector/Response;)V+694
j  org.apache.catalina.core.StandardContextValve.invoke(Lorg/apache/catalina/connector/Request;Lorg/apache/catalina/connector/Response;)V+169
j  org.apache.catalina.authenticator.AuthenticatorBase.invoke(Lorg/apache/catalina/connector/Request;Lorg/apache/catalina/connector/Response;)V+260
j  org.apache.catalina.core.StandardHostValve.invoke(Lorg/apache/catalina/connector/Request;Lorg/apache/catalina/connector/Response;)V+128
j  org.apache.catalina.valves.ErrorReportValve.invoke(Lorg/apache/catalina/connector/Request;Lorg/apache/catalina/connector/Response;)V+6
j  org.apache.catalina.core.StandardEngineValve.invoke(Lorg/apache/catalina/connector/Request;Lorg/apache/catalina/connector/Response;)V+59
j  org.apache.catalina.connector.CoyoteAdapter.service(Lorg/apache/coyote/Request;Lorg/apache/coyote/Response;)V+199
j  org.apache.coyote.http11.Http11Processor.service(Lorg/apache/tomcat/util/net/SocketWrapperBase;)Lorg/apache/tomcat/util/net/AbstractEndpoint$Handler$SocketState;+737
j  org.apache.coyote.AbstractProcessorLight.process(Lorg/apache/tomcat/util/net/SocketWrapperBase;Lorg/apache/tomcat/util/net/SocketEvent;)Lorg/apache/tomcat/util/net/AbstractEndpoint$Handler$SocketState;+170
j  org.apache.coyote.AbstractProtocol$ConnectionHandler.process(Lorg/apache/tomcat/util/net/SocketWrapperBase;Lorg/apache/tomcat/util/net/SocketEvent;)Lorg/apache/tomcat/util/net/AbstractEndpoint$Handler$SocketState;+505
j  org.apache.tomcat.util.net.NioEndpoint$SocketProcessor.doRun()V+216
j  org.apache.tomcat.util.net.SocketProcessorBase.run()V+21
j  java.util.concurrent.ThreadPoolExecutor.runWorker(Ljava/util/concurrent/ThreadPoolExecutor$Worker;)V+95
j  java.util.concurrent.ThreadPoolExecutor$Worker.run()V+5
j  org.apache.tomcat.util.threads.TaskThread$WrappingRunnable.run()V+4
j  java.lang.Thread.run()V+11
v  ~StubRoutines::call_stub

---------------  P R O C E S S  ---------------

Java Threads: ( => current thread )
  0x000000001e40b800 JavaThread "lettuce-eventExecutorLoop-1-8" daemon [_thread_blocked, id=21000, stack(0x0000000040110000,0x0000000040210000)]
  0x000000001df8d800 JavaThread "lettuce-eventExecutorLoop-1-7" daemon [_thread_blocked, id=22808, stack(0x0000000040010000,0x0000000040110000)]
  0x000000001df8c800 JavaThread "lettuce-eventExecutorLoop-1-6" daemon [_thread_blocked, id=19164, stack(0x000000003ff10000,0x0000000040010000)]
  0x000000001df93800 JavaThread "lettuce-eventExecutorLoop-1-5" daemon [_thread_blocked, id=20552, stack(0x000000003fe10000,0x000000003ff10000)]
  0x000000001df92800 JavaThread "lettuce-eventExecutorLoop-1-4" daemon [_thread_blocked, id=15060, stack(0x000000003fd10000,0x000000003fe10000)]
  0x000000001df8c000 JavaThread "lettuce-eventExecutorLoop-1-3" daemon [_thread_blocked, id=18692, stack(0x000000003fc10000,0x000000003fd10000)]
  0x000000001df92000 JavaThread "Java2D Disposer" daemon [_thread_blocked, id=22604, stack(0x000000003f910000,0x000000003fa10000)]
  0x000000001df90800 JavaThread "idle_connection_reaper" daemon [_thread_blocked, id=14200, stack(0x000000003f810000,0x000000003f910000)]
  0x000000001df8f800 JavaThread "lettuce-eventExecutorLoop-1-2" daemon [_thread_blocked, id=21712, stack(0x000000003f710000,0x000000003f810000)]
  0x000000001df8f000 JavaThread "lettuce-eventExecutorLoop-1-1" daemon [_thread_blocked, id=21420, stack(0x0000000022380000,0x0000000022480000)]
  0x000000001df91000 JavaThread "lettuce-nioEventLoop-4-1" daemon [_thread_in_native, id=19348, stack(0x0000000000930000,0x0000000000a30000)]
  0x000000001df8e000 JavaThread "DiscoveryClient-CacheRefreshExecutor-0" daemon [_thread_blocked, id=20528, stack(0x0000000020f70000,0x0000000021070000)]
  0x000000001df84800 JavaThread "DiscoveryClient-HeartbeatExecutor-0" daemon [_thread_blocked, id=22408, stack(0x0000000020e70000,0x0000000020f70000)]
  0x000000001df89800 JavaThread "DestroyJavaVM" [_thread_blocked, id=22548, stack(0x0000000002730000,0x0000000002830000)]
  0x000000001df89000 JavaThread "http-nio-8081-Acceptor" daemon [_thread_in_native, id=20708, stack(0x0000000020970000,0x0000000020a70000)]
  0x000000001df86000 JavaThread "http-nio-8081-ClientPoller" daemon [_thread_in_native, id=22184, stack(0x0000000020870000,0x0000000020970000)]
  0x000000001df8a800 JavaThread "http-nio-8081-exec-10" daemon [_thread_blocked, id=21368, stack(0x0000000020770000,0x0000000020870000)]
  0x000000001df87800 JavaThread "http-nio-8081-exec-9" daemon [_thread_blocked, id=8108, stack(0x0000000020670000,0x0000000020770000)]
  0x000000001df86800 JavaThread "http-nio-8081-exec-8" daemon [_thread_blocked, id=22840, stack(0x0000000020570000,0x0000000020670000)]
  0x000000001df8b000 JavaThread "http-nio-8081-exec-7" daemon [_thread_in_native, id=22784, stack(0x0000000020470000,0x0000000020570000)]
=>0x000000001df85000 JavaThread "http-nio-8081-exec-6" daemon [_thread_in_native, id=22200, stack(0x0000000020370000,0x0000000020470000)]
  0x000000001df88000 JavaThread "http-nio-8081-exec-5" daemon [_thread_blocked, id=21160, stack(0x0000000020270000,0x0000000020370000)]
  0x000000001bedb000 JavaThread "http-nio-8081-exec-4" daemon [_thread_blocked, id=16832, stack(0x0000000020170000,0x0000000020270000)]
  0x000000001bed9800 JavaThread "http-nio-8081-exec-3" daemon [_thread_blocked, id=22688, stack(0x0000000020070000,0x0000000020170000)]
  0x000000001beda800 JavaThread "http-nio-8081-exec-2" daemon [_thread_blocked, id=14344, stack(0x000000001ff70000,0x0000000020070000)]
  0x000000001bed9000 JavaThread "http-nio-8081-exec-1" daemon [_thread_blocked, id=14080, stack(0x000000001fe70000,0x000000001ff70000)]
  0x000000001bed6800 JavaThread "http-nio-8081-BlockPoller" daemon [_thread_in_native, id=23112, stack(0x000000001fd70000,0x000000001fe70000)]
  0x000000001bed8000 JavaThread "DiscoveryClient-InstanceInfoReplicator-0" daemon [_thread_blocked, id=5604, stack(0x000000001fc70000,0x000000001fd70000)]
  0x000000001bed7800 JavaThread "DiscoveryClient-1" daemon [_thread_blocked, id=22824, stack(0x000000001fb70000,0x000000001fc70000)]
  0x000000001bed5000 JavaThread "DiscoveryClient-0" daemon [_thread_blocked, id=14244, stack(0x000000001f970000,0x000000001fa70000)]
  0x000000001bed6000 JavaThread "AsyncResolver-bootstrap-0" daemon [_thread_blocked, id=23164, stack(0x000000001f470000,0x000000001f570000)]
  0x000000001bed4800 JavaThread "spring.cloud.inetutils" daemon [_thread_blocked, id=11428, stack(0x000000001f170000,0x000000001f270000)]
  0x000000001c071000 JavaThread "lettuce-timer-3-1" daemon [_thread_blocked, id=19632, stack(0x000000001daa0000,0x000000001dba0000)]
  0x000000001bfd2800 JavaThread "container-0" [_thread_blocked, id=19492, stack(0x000000001d7a0000,0x000000001d8a0000)]
  0x000000001bfc0000 JavaThread "Catalina-utility-2" [_thread_blocked, id=17276, stack(0x000000001d6a0000,0x000000001d7a0000)]
  0x000000001bfbf800 JavaThread "Catalina-utility-1" [_thread_blocked, id=15668, stack(0x000000001d5a0000,0x000000001d6a0000)]
  0x000000001a4ee000 JavaThread "Service Thread" daemon [_thread_blocked, id=3708, stack(0x000000001ae20000,0x000000001af20000)]
  0x000000001a4d3000 JavaThread "C1 CompilerThread3" daemon [_thread_blocked, id=14612, stack(0x000000001ad20000,0x000000001ae20000)]
  0x000000001a4cf000 JavaThread "C2 CompilerThread2" daemon [_thread_blocked, id=5996, stack(0x000000001ac20000,0x000000001ad20000)]
  0x000000001a449800 JavaThread "C2 CompilerThread1" daemon [_thread_blocked, id=4104, stack(0x000000001ab20000,0x000000001ac20000)]
  0x000000001a447000 JavaThread "C2 CompilerThread0" daemon [_thread_blocked, id=13548, stack(0x000000001aa20000,0x000000001ab20000)]
  0x000000001a4bf800 JavaThread "Monitor Ctrl-Break" daemon [_thread_in_native, id=14128, stack(0x000000001a920000,0x000000001aa20000)]
  0x00000000198ee800 JavaThread "Attach Listener" daemon [_thread_blocked, id=22328, stack(0x000000001a010000,0x000000001a110000)]
  0x0000000019950000 JavaThread "Signal Dispatcher" daemon [_thread_blocked, id=3284, stack(0x0000000019f10000,0x000000001a010000)]
  0x00000000198d1800 JavaThread "Finalizer" daemon [_thread_blocked, id=19448, stack(0x0000000019db0000,0x0000000019eb0000)]
  0x00000000198d0800 JavaThread "Reference Handler" daemon [_thread_blocked, id=6108, stack(0x0000000019cb0000,0x0000000019db0000)]

Other Threads:
  0x0000000017aa8000 VMThread [stack: 0x00000000197b0000,0x00000000198b0000] [id=9624]
  0x000000001a43a800 WatcherThread [stack: 0x000000001af20000,0x000000001b020000] [id=21404]

VM state:not at safepoint (normal execution)

VM Mutex/Monitor currently owned by a thread: None

heap address: 0x0000000081200000, size: 2030 MB, Compressed Oops mode: 32-bit
Narrow klass base: 0x0000000000000000, Narrow klass shift: 3
Compressed class space size: 1073741824 Address: 0x0000000100000000

Heap:
 PSYoungGen      total 211968K, used 129670K [0x00000000d5b80000, 0x00000000e6c80000, 0x0000000100000000)
  eden space 193536K, 66% used [0x00000000d5b80000,0x00000000dd9c5048,0x00000000e1880000)
  from space 18432K, 2% used [0x00000000e1880000,0x00000000e18dc9f0,0x00000000e2a80000)
  to   space 19456K, 0% used [0x00000000e5980000,0x00000000e5980000,0x00000000e6c80000)
 ParOldGen       total 82944K, used 37608K [0x0000000081200000, 0x0000000086300000, 0x00000000d5b80000)
  object space 82944K, 45% used [0x0000000081200000,0x00000000836ba348,0x0000000086300000)
 Metaspace       used 54356K, capacity 58084K, committed 58368K, reserved 1099776K
  class space    used 7430K, capacity 8106K, committed 8192K, reserved 1048576K

Card table byte_map: [0x0000000011e70000,0x0000000012270000] byte_map_base: 0x0000000011a67000

Marking Bits: (ParMarkBitMap*) 0x00000000606e4ce0
 Begin Bits: [0x0000000012d20000, 0x0000000014cd8000)
 End Bits:   [0x0000000014cd8000, 0x0000000016c90000)

Polling page: 0x0000000002380000

CodeCache: size=245760Kb used=9816Kb max_used=9817Kb free=235943Kb
 bounds [0x0000000002ab0000, 0x0000000003450000, 0x0000000011ab0000]
 total_blobs=5725 nmethods=5131 adapters=506
 compilation: enabled

Compilation events (10 events):
Event: 134.122 Thread 0x000000001a4d3000 5273       1       io.netty.util.concurrent.DefaultPromise::executor (5 bytes)
Event: 134.122 Thread 0x000000001a4d3000 nmethod 5273 0x0000000002ca2f10 code [0x0000000002ca3060, 0x0000000002ca3170]
Event: 134.136 Thread 0x000000001a4d3000 5275       1       io.netty.channel.AbstractChannel::unsafe (5 bytes)
Event: 134.137 Thread 0x000000001a4d3000 nmethod 5275 0x0000000002ca2c50 code [0x0000000002ca2da0, 0x0000000002ca2eb0]
Event: 134.155 Thread 0x000000001a4d3000 5276       1       org.apache.tomcat.util.buf.MessageBytes::setString (43 bytes)
Event: 134.155 Thread 0x000000001a4d3000 nmethod 5276 0x0000000002ca2950 code [0x0000000002ca2aa0, 0x0000000002ca2bf0]
Event: 134.177 Thread 0x000000001a4d3000 5269       1       org.apache.tomcat.util.buf.MessageBytes::getCharChunk (5 bytes)
Event: 134.177 Thread 0x000000001a4d3000 nmethod 5269 0x0000000002ca2690 code [0x0000000002ca27e0, 0x0000000002ca28f0]
Event: 134.201 Thread 0x000000001a4d3000 5277       1       sun.util.PreHashedMap::get (73 bytes)
Event: 134.202 Thread 0x000000001a4d3000 nmethod 5277 0x000000000344a110 code [0x000000000344a2a0, 0x000000000344a578]

GC Heap History (10 events):
Event: 8.848 GC heap before
{Heap before GC invocations=11 (full 1):
 PSYoungGen      total 137728K, used 125632K [0x00000000d5b80000, 0x00000000e0580000, 0x0000000100000000)
  eden space 129536K, 90% used [0x00000000d5b80000,0x00000000dce372a8,0x00000000dda00000)
  from space 8192K, 99% used [0x00000000dda00000,0x00000000de1f8f38,0x00000000de200000)
  to   space 9728K, 0% used [0x00000000dfc00000,0x00000000dfc00000,0x00000000e0580000)
 ParOldGen       total 55296K, used 11528K [0x0000000081200000, 0x0000000084800000, 0x00000000d5b80000)
  object space 55296K, 20% used [0x0000000081200000,0x0000000081d423a8,0x0000000084800000)
 Metaspace       used 33221K, capacity 35352K, committed 35416K, reserved 1079296K
  class space    used 4566K, capacity 4964K, committed 4992K, reserved 1048576K
Event: 8.864 GC heap after
Heap after GC invocations=11 (full 1):
 PSYoungGen      total 162304K, used 9706K [0x00000000d5b80000, 0x00000000e1f00000, 0x0000000100000000)
  eden space 152576K, 0% used [0x00000000d5b80000,0x00000000d5b80000,0x00000000df080000)
  from space 9728K, 99% used [0x00000000dfc00000,0x00000000e057aa08,0x00000000e0580000)
  to   space 11776K, 0% used [0x00000000df080000,0x00000000df080000,0x00000000dfc00000)
 ParOldGen       total 55296K, used 14378K [0x0000000081200000, 0x0000000084800000, 0x00000000d5b80000)
  object space 55296K, 26% used [0x0000000081200000,0x000000008200a8f8,0x0000000084800000)
 Metaspace       used 33221K, capacity 35352K, committed 35416K, reserved 1079296K
  class space    used 4566K, capacity 4964K, committed 4992K, reserved 1048576K
}
Event: 8.864 GC heap before
{Heap before GC invocations=12 (full 2):
 PSYoungGen      total 162304K, used 9706K [0x00000000d5b80000, 0x00000000e1f00000, 0x0000000100000000)
  eden space 152576K, 0% used [0x00000000d5b80000,0x00000000d5b80000,0x00000000df080000)
  from space 9728K, 99% used [0x00000000dfc00000,0x00000000e057aa08,0x00000000e0580000)
  to   space 11776K, 0% used [0x00000000df080000,0x00000000df080000,0x00000000dfc00000)
 ParOldGen       total 55296K, used 14378K [0x0000000081200000, 0x0000000084800000, 0x00000000d5b80000)
  object space 55296K, 26% used [0x0000000081200000,0x000000008200a8f8,0x0000000084800000)
 Metaspace       used 33221K, capacity 35352K, committed 35416K, reserved 1079296K
  class space    used 4566K, capacity 4964K, committed 4992K, reserved 1048576K
Event: 8.940 GC heap after
Heap after GC invocations=12 (full 2):
 PSYoungGen      total 162304K, used 0K [0x00000000d5b80000, 0x00000000e1f00000, 0x0000000100000000)
  eden space 152576K, 0% used [0x00000000d5b80000,0x00000000d5b80000,0x00000000df080000)
  from space 9728K, 0% used [0x00000000dfc00000,0x00000000dfc00000,0x00000000e0580000)
  to   space 11776K, 0% used [0x00000000df080000,0x00000000df080000,0x00000000dfc00000)
 ParOldGen       total 82944K, used 18381K [0x0000000081200000, 0x0000000086300000, 0x00000000d5b80000)
  object space 82944K, 22% used [0x0000000081200000,0x00000000823f37a0,0x0000000086300000)
 Metaspace       used 33221K, capacity 35352K, committed 35416K, reserved 1079296K
  class space    used 4566K, capacity 4964K, committed 4992K, reserved 1048576K
}
Event: 11.304 GC heap before
{Heap before GC invocations=13 (full 2):
 PSYoungGen      total 162304K, used 152576K [0x00000000d5b80000, 0x00000000e1f00000, 0x0000000100000000)
  eden space 152576K, 100% used [0x00000000d5b80000,0x00000000df080000,0x00000000df080000)
  from space 9728K, 0% used [0x00000000dfc00000,0x00000000dfc00000,0x00000000e0580000)
  to   space 11776K, 0% used [0x00000000df080000,0x00000000df080000,0x00000000dfc00000)
 ParOldGen       total 82944K, used 18381K [0x0000000081200000, 0x0000000086300000, 0x00000000d5b80000)
  object space 82944K, 22% used [0x0000000081200000,0x00000000823f37a0,0x0000000086300000)
 Metaspace       used 42157K, capacity 44922K, committed 45312K, reserved 1087488K
  class space    used 5804K, capacity 6301K, committed 6400K, reserved 1048576K
Event: 11.314 GC heap after
Heap after GC invocations=13 (full 2):
 PSYoungGen      total 164352K, used 11772K [0x00000000d5b80000, 0x00000000e3a00000, 0x0000000100000000)
  eden space 152576K, 0% used [0x00000000d5b80000,0x00000000d5b80000,0x00000000df080000)
  from space 11776K, 99% used [0x00000000df080000,0x00000000dfbff3f0,0x00000000dfc00000)
  to   space 13824K, 0% used [0x00000000e2c80000,0x00000000e2c80000,0x00000000e3a00000)
 ParOldGen       total 82944K, used 20555K [0x0000000081200000, 0x0000000086300000, 0x00000000d5b80000)
  object space 82944K, 24% used [0x0000000081200000,0x0000000082612e58,0x0000000086300000)
 Metaspace       used 42157K, capacity 44922K, committed 45312K, reserved 1087488K
  class space    used 5804K, capacity 6301K, committed 6400K, reserved 1048576K
}
Event: 107.824 GC heap before
{Heap before GC invocations=14 (full 2):
 PSYoungGen      total 164352K, used 160713K [0x00000000d5b80000, 0x00000000e3a00000, 0x0000000100000000)
  eden space 152576K, 97% used [0x00000000d5b80000,0x00000000decf30b0,0x00000000df080000)
  from space 11776K, 99% used [0x00000000df080000,0x00000000dfbff3f0,0x00000000dfc00000)
  to   space 13824K, 0% used [0x00000000e2c80000,0x00000000e2c80000,0x00000000e3a00000)
 ParOldGen       total 82944K, used 20555K [0x0000000081200000, 0x0000000086300000, 0x00000000d5b80000)
  object space 82944K, 24% used [0x0000000081200000,0x0000000082612e58,0x0000000086300000)
 Metaspace       used 53748K, capacity 57334K, committed 57472K, reserved 1099776K
  class space    used 7341K, capacity 7993K, committed 8064K, reserved 1048576K
Event: 107.840 GC heap after
Heap after GC invocations=14 (full 2):
 PSYoungGen      total 207360K, used 13796K [0x00000000d5b80000, 0x00000000e3c80000, 0x0000000100000000)
  eden space 193536K, 0% used [0x00000000d5b80000,0x00000000d5b80000,0x00000000e1880000)
  from space 13824K, 99% used [0x00000000e2c80000,0x00000000e39f91e0,0x00000000e3a00000)
  to   space 18432K, 0% used [0x00000000e1880000,0x00000000e1880000,0x00000000e2a80000)
 ParOldGen       total 82944K, used 29357K [0x0000000081200000, 0x0000000086300000, 0x00000000d5b80000)
  object space 82944K, 35% used [0x0000000081200000,0x0000000082eab668,0x0000000086300000)
 Metaspace       used 53748K, capacity 57334K, committed 57472K, reserved 1099776K
  class space    used 7341K, capacity 7993K, committed 8064K, reserved 1048576K
}
Event: 109.095 GC heap before
{Heap before GC invocations=15 (full 2):
 PSYoungGen      total 207360K, used 207332K [0x00000000d5b80000, 0x00000000e3c80000, 0x0000000100000000)
  eden space 193536K, 100% used [0x00000000d5b80000,0x00000000e1880000,0x00000000e1880000)
  from space 13824K, 99% used [0x00000000e2c80000,0x00000000e39f91e0,0x00000000e3a00000)
  to   space 18432K, 0% used [0x00000000e1880000,0x00000000e1880000,0x00000000e2a80000)
 ParOldGen       total 82944K, used 29357K [0x0000000081200000, 0x0000000086300000, 0x00000000d5b80000)
  object space 82944K, 35% used [0x0000000081200000,0x0000000082eab668,0x0000000086300000)
 Metaspace       used 54033K, capacity 57640K, committed 57728K, reserved 1099776K
  class space    used 7380K, capacity 8030K, committed 8064K, reserved 1048576K
Event: 109.101 GC heap after
Heap after GC invocations=15 (full 2):
 PSYoungGen      total 211968K, used 370K [0x00000000d5b80000, 0x00000000e6c80000, 0x0000000100000000)
  eden space 193536K, 0% used [0x00000000d5b80000,0x00000000d5b80000,0x00000000e1880000)
  from space 18432K, 2% used [0x00000000e1880000,0x00000000e18dc9f0,0x00000000e2a80000)
  to   space 19456K, 0% used [0x00000000e5980000,0x00000000e5980000,0x00000000e6c80000)
 ParOldGen       total 82944K, used 37608K [0x0000000081200000, 0x0000000086300000, 0x00000000d5b80000)
  object space 82944K, 45% used [0x0000000081200000,0x00000000836ba348,0x0000000086300000)
 Metaspace       used 54033K, capacity 57640K, committed 57728K, reserved 1099776K
  class space    used 7380K, capacity 8030K, committed 8064K, reserved 1048576K
}

Deoptimization events (0 events):
No events

Classes redefined (0 events):
No events

Internal exceptions (10 events):
Event: 131.905 Thread 0x000000001df8e000 Exception <a 'java/net/SocketTimeoutException': Read timed out> (0x00000000d85a5888) thrown at [C:\re\workspace\8-2-build-windows-amd64-cygwin\jdk8u201\12322\hotspot\src\share\vm\prims\jni.cpp, line 735]
Event: 131.905 Thread 0x000000001df84800 Exception <a 'java/net/SocketTimeoutException': Read timed out> (0x00000000d8649320) thrown at [C:\re\workspace\8-2-build-windows-amd64-cygwin\jdk8u201\12322\hotspot\src\share\vm\prims\jni.cpp, line 735]
Event: 132.870 Thread 0x000000001bedb000 Exception <a 'java/lang/reflect/InvocationTargetException'> (0x00000000d9664968) thrown at [C:\re\workspace\8-2-build-windows-amd64-cygwin\jdk8u201\12322\hotspot\src\share\vm\runtime\reflection.cpp, line 1092]
Event: 133.149 Thread 0x000000001df85000 Exception <a 'java/lang/reflect/InvocationTargetException'> (0x00000000da437730) thrown at [C:\re\workspace\8-2-build-windows-amd64-cygwin\jdk8u201\12322\hotspot\src\share\vm\runtime\reflection.cpp, line 1092]
Event: 133.194 Thread 0x000000001df86800 Exception <a 'java/lang/reflect/InvocationTargetException'> (0x00000000da869040) thrown at [C:\re\workspace\8-2-build-windows-amd64-cygwin\jdk8u201\12322\hotspot\src\share\vm\runtime\reflection.cpp, line 1092]
Event: 133.348 Thread 0x000000001df87800 Exception <a 'java/lang/reflect/InvocationTargetException'> (0x00000000db2261e0) thrown at [C:\re\workspace\8-2-build-windows-amd64-cygwin\jdk8u201\12322\hotspot\src\share\vm\runtime\reflection.cpp, line 1092]
Event: 133.379 Thread 0x000000001bed9000 Exception <a 'java/lang/reflect/InvocationTargetException'> (0x00000000db656830) thrown at [C:\re\workspace\8-2-build-windows-amd64-cygwin\jdk8u201\12322\hotspot\src\share\vm\runtime\reflection.cpp, line 1092]
Event: 133.445 Thread 0x000000001bed9800 Exception <a 'java/lang/reflect/InvocationTargetException'> (0x00000000dbc784f8) thrown at [C:\re\workspace\8-2-build-windows-amd64-cygwin\jdk8u201\12322\hotspot\src\share\vm\runtime\reflection.cpp, line 1092]
Event: 133.678 Thread 0x000000001bedb000 Exception <a 'java/lang/reflect/InvocationTargetException'> (0x00000000dc737360) thrown at [C:\re\workspace\8-2-build-windows-amd64-cygwin\jdk8u201\12322\hotspot\src\share\vm\runtime\reflection.cpp, line 1092]
Event: 134.202 Thread 0x000000001df88000 Exception <a 'java/io/IOException'> (0x00000000dcbeb5a8) thrown at [C:\re\workspace\8-2-build-windows-amd64-cygwin\jdk8u201\12322\hotspot\src\share\vm\prims\jni.cpp, line 709]

Events (10 events):
Event: 134.062 Executing VM operation: RevokeBias done
Event: 134.066 Thread 0x000000001a4d3000 flushing nmethod 0x0000000002c29150
Event: 134.083 Thread 0x000000001a4d3000 flushing nmethod 0x0000000002ca2290
Event: 134.085 Executing VM operation: RevokeBias
Event: 134.092 Executing VM operation: RevokeBias done
Event: 134.103 Executing VM operation: RevokeBias
Event: 134.105 Executing VM operation: RevokeBias done
Event: 134.126 Executing VM operation: RevokeBias
Event: 134.129 Executing VM operation: RevokeBias done
Event: 134.184 Thread 0x000000001a4d3000 flushing nmethod 0x0000000003084050


Dynamic libraries:
0x00007ff713090000 - 0x00007ff7130c7000 	C:\Program Files\Java\jdk1.8.0_201\bin\java.exe
0x00007ff887a10000 - 0x00007ff887c05000 	C:\WINDOWS\SYSTEM32\ntdll.dll
0x00007ff8864c0000 - 0x00007ff88657e000 	C:\WINDOWS\System32\KERNEL32.DLL
0x00007ff885450000 - 0x00007ff885719000 	C:\WINDOWS\System32\KERNELBASE.dll
0x00007ff886580000 - 0x00007ff88662c000 	C:\WINDOWS\System32\ADVAPI32.dll
0x00007ff885ea0000 - 0x00007ff885f3e000 	C:\WINDOWS\System32\msvcrt.dll
0x00007ff885d10000 - 0x00007ff885dab000 	C:\WINDOWS\System32\sechost.dll
0x00007ff8871f0000 - 0x00007ff88731a000 	C:\WINDOWS\System32\RPCRT4.dll
0x00007ff8876c0000 - 0x00007ff887861000 	C:\WINDOWS\System32\USER32.dll
0x00007ff885130000 - 0x00007ff885152000 	C:\WINDOWS\System32\win32u.dll
0x00007ff885a60000 - 0x00007ff885a8b000 	C:\WINDOWS\System32\GDI32.dll
0x00007ff885850000 - 0x00007ff88595b000 	C:\WINDOWS\System32\gdi32full.dll
0x00007ff8857b0000 - 0x00007ff88584d000 	C:\WINDOWS\System32\msvcp_win.dll
0x00007ff885960000 - 0x00007ff885a60000 	C:\WINDOWS\System32\ucrtbase.dll
0x00007ff876790000 - 0x00007ff876a2a000 	C:\WINDOWS\WinSxS\amd64_microsoft.windows.common-controls_6595b64144ccf1df_6.0.19041.1110_none_60b5254171f9507e\COMCTL32.dll
0x00007ff8879a0000 - 0x00007ff8879d0000 	C:\WINDOWS\System32\IMM32.DLL
0x0000000061560000 - 0x0000000061631000 	C:\Program Files\Java\jdk1.8.0_201\jre\bin\msvcr100.dll
0x000000005fec0000 - 0x0000000060764000 	C:\Program Files\Java\jdk1.8.0_201\jre\bin\server\jvm.dll
0x00007ff8864b0000 - 0x00007ff8864b8000 	C:\WINDOWS\System32\PSAPI.DLL
0x00007ff879f90000 - 0x00007ff879fb7000 	C:\WINDOWS\SYSTEM32\WINMM.dll
0x00007ff87ff20000 - 0x00007ff87ff29000 	C:\WINDOWS\SYSTEM32\WSOCK32.dll
0x00007ff87c200000 - 0x00007ff87c20a000 	C:\WINDOWS\SYSTEM32\VERSION.dll
0x00007ff886440000 - 0x00007ff8864ab000 	C:\WINDOWS\System32\WS2_32.dll
0x00007ff87e770000 - 0x00007ff87e77f000 	C:\Program Files\Java\jdk1.8.0_201\jre\bin\verify.dll
0x00007ff8647b0000 - 0x00007ff8647d9000 	C:\Program Files\Java\jdk1.8.0_201\jre\bin\java.dll
0x00007ff864180000 - 0x00007ff8641a3000 	C:\Program Files\Java\jdk1.8.0_201\jre\bin\instrument.dll
0x00007ff8649b0000 - 0x00007ff8649c6000 	C:\Program Files\Java\jdk1.8.0_201\jre\bin\zip.dll
0x00007ff886630000 - 0x00007ff886d6f000 	C:\WINDOWS\System32\SHELL32.dll
0x00007ff882e70000 - 0x00007ff883600000 	C:\WINDOWS\SYSTEM32\windows.storage.dll
0x00007ff885f40000 - 0x00007ff886295000 	C:\WINDOWS\System32\combase.dll
0x00007ff884b80000 - 0x00007ff884bac000 	C:\WINDOWS\SYSTEM32\Wldp.dll
0x00007ff886330000 - 0x00007ff8863dd000 	C:\WINDOWS\System32\SHCORE.dll
0x00007ff8862c0000 - 0x00007ff886315000 	C:\WINDOWS\System32\shlwapi.dll
0x00007ff885070000 - 0x00007ff88508f000 	C:\WINDOWS\SYSTEM32\profapi.dll
0x00007ff8649d0000 - 0x00007ff8649ea000 	F:\subject\IDEA 2018_sssam.com\IntelliJ IDEA 2018.2.4\bin\breakgen64.dll
0x00007ff863e20000 - 0x00007ff863e3a000 	C:\Program Files\Java\jdk1.8.0_201\jre\bin\net.dll
0x00007ff8731d0000 - 0x00007ff8733bb000 	C:\WINDOWS\SYSTEM32\urlmon.dll
0x00007ff8731a0000 - 0x00007ff8731c8000 	C:\WINDOWS\SYSTEM32\srvcli.dll
0x00007ff873750000 - 0x00007ff873a00000 	C:\WINDOWS\SYSTEM32\iertutil.dll
0x00007ff8845c0000 - 0x00007ff8845cc000 	C:\WINDOWS\SYSTEM32\netutils.dll
0x00007ff8848e0000 - 0x00007ff88494a000 	C:\WINDOWS\system32\mswsock.dll
0x00007ff884580000 - 0x00007ff8845bb000 	C:\WINDOWS\SYSTEM32\IPHLPAPI.DLL
0x00007ff885e90000 - 0x00007ff885e98000 	C:\WINDOWS\System32\NSI.dll
0x00007ff87a5b0000 - 0x00007ff87a5c7000 	C:\WINDOWS\SYSTEM32\dhcpcsvc6.DLL
0x00007ff87aee0000 - 0x00007ff87aefd000 	C:\WINDOWS\SYSTEM32\dhcpcsvc.DLL
0x00007ff8845d0000 - 0x00007ff88469c000 	C:\WINDOWS\SYSTEM32\DNSAPI.dll
0x00007ff87c210000 - 0x00007ff87c21a000 	C:\Windows\System32\rasadhlp.dll
0x00007ff873d50000 - 0x00007ff873dcf000 	C:\WINDOWS\System32\fwpuclnt.dll
0x00007ff885210000 - 0x00007ff885237000 	C:\WINDOWS\System32\bcrypt.dll
0x00007ff87e8a0000 - 0x00007ff87e8ad000 	C:\Program Files\Java\jdk1.8.0_201\jre\bin\management.dll
0x00007ff867c90000 - 0x00007ff867ca7000 	C:\WINDOWS\system32\napinsp.dll
0x00007ff867c70000 - 0x00007ff867c8b000 	C:\WINDOWS\system32\pnrpnsp.dll
0x00007ff87f450000 - 0x00007ff87f465000 	C:\WINDOWS\system32\wshbth.dll
0x00007ff87fe80000 - 0x00007ff87fe9d000 	C:\WINDOWS\system32\NLAapi.dll
0x00007ff867bd0000 - 0x00007ff867be2000 	C:\WINDOWS\System32\winrnr.dll
0x00007ff863e00000 - 0x00007ff863e11000 	C:\Program Files\Java\jdk1.8.0_201\jre\bin\nio.dll
0x00007ff884ad0000 - 0x00007ff884ae8000 	C:\WINDOWS\SYSTEM32\CRYPTSP.dll
0x00007ff8841f0000 - 0x00007ff884224000 	C:\WINDOWS\system32\rsaenh.dll
0x00007ff885030000 - 0x00007ff88505e000 	C:\WINDOWS\SYSTEM32\USERENV.dll
0x00007ff885720000 - 0x00007ff8857a3000 	C:\WINDOWS\System32\bcryptprimitives.dll
0x00007ff884af0000 - 0x00007ff884afc000 	C:\WINDOWS\SYSTEM32\CRYPTBASE.dll
0x00007ff85f840000 - 0x00007ff85f864000 	C:\Program Files\Java\jdk1.8.0_201\jre\bin\sunec.dll
0x00007ff82b690000 - 0x00007ff82e4cd000 	C:\Users\lenovo\Desktop\人脸识别\Face-recognition-main\ArcSoft_ArcFace_Java_Windows_x64_V3.0\libs\WIN64\libarcsoft_face.dll
0x00007ff86b150000 - 0x00007ff86b23f000 	C:\WINDOWS\SYSTEM32\MSVCR120.dll
0x00007ff86b240000 - 0x00007ff86b2e6000 	C:\WINDOWS\SYSTEM32\MSVCP120.dll
0x00007ff841150000 - 0x00007ff8411cf000 	C:\Users\lenovo\Desktop\人脸识别\Face-recognition-main\ArcSoft_ArcFace_Java_Windows_x64_V3.0\libs\WIN64\libarcsoft_face_engine.dll
0x00007ff8863e0000 - 0x00007ff886436000 	C:\WINDOWS\System32\WLDAP32.dll
0x00007ff8568a0000 - 0x00007ff8568c5000 	C:\Users\lenovo\Desktop\人脸识别\Face-recognition-main\ArcSoft_ArcFace_Java_Windows_x64_V3.0\libs\WIN64\libarcsoft_face_engine_jni.dll
0x00007ff83ed60000 - 0x00007ff83eef9000 	C:\Program Files\Java\jdk1.8.0_201\jre\bin\awt.dll
0x00007ff887320000 - 0x00007ff8873ed000 	C:\WINDOWS\System32\OLEAUT32.dll
0x00007ff881790000 - 0x00007ff881820000 	C:\WINDOWS\SYSTEM32\apphelp.dll
0x00007ff8403b0000 - 0x00007ff8403e1000 	C:\Program Files\Java\jdk1.8.0_201\jre\bin\jpeg.dll
0x00007ff83f070000 - 0x00007ff83f0ae000 	C:\Program Files\Java\jdk1.8.0_201\jre\bin\lcms.dll
0x00007ff8836d0000 - 0x00007ff8838b4000 	C:\WINDOWS\SYSTEM32\dbghelp.dll

VM Arguments:
jvm_args: -XX:CompileCommand=exclude,org/hibernate/cfg/annotations/SimpleValueBinder.setType -XX:TieredStopAtLevel=1 -Xverify:none -Dspring.output.ansi.enabled=always -javaagent:F:\subject\IDEA 2018_sssam.com\IntelliJ IDEA 2018.2.4\lib\idea_rt.jar=60605:F:\subject\IDEA 2018_sssam.com\IntelliJ IDEA 2018.2.4\bin -Dfile.encoding=UTF-8 
java_command: com.tangcheng.face_corn.FaceCornApplication
java_class_path (initial): C:\Program Files\Java\jdk1.8.0_201\jre\lib\charsets.jar;C:\Program Files\Java\jdk1.8.0_201\jre\lib\deploy.jar;C:\Program Files\Java\jdk1.8.0_201\jre\lib\ext\access-bridge-64.jar;C:\Program Files\Java\jdk1.8.0_201\jre\lib\ext\cldrdata.jar;C:\Program Files\Java\jdk1.8.0_201\jre\lib\ext\dnsns.jar;C:\Program Files\Java\jdk1.8.0_201\jre\lib\ext\jaccess.jar;C:\Program Files\Java\jdk1.8.0_201\jre\lib\ext\jfxrt.jar;C:\Program Files\Java\jdk1.8.0_201\jre\lib\ext\localedata.jar;C:\Program Files\Java\jdk1.8.0_201\jre\lib\ext\nashorn.jar;C:\Program Files\Java\jdk1.8.0_201\jre\lib\ext\sunec.jar;C:\Program Files\Java\jdk1.8.0_201\jre\lib\ext\sunjce_provider.jar;C:\Program Files\Java\jdk1.8.0_201\jre\lib\ext\sunmscapi.jar;C:\Program Files\Java\jdk1.8.0_201\jre\lib\ext\sunpkcs11.jar;C:\Program Files\Java\jdk1.8.0_201\jre\lib\ext\zipfs.jar;C:\Program Files\Java\jdk1.8.0_201\jre\lib\javaws.jar;C:\Program Files\Java\jdk1.8.0_201\jre\lib\jce.jar;C:\Program Files\Java\jdk1.8.0_201\jre\lib\jfr.jar;C:\Program Files\Java\jdk1.8.0_201\jre\lib\jfxswt.jar;C:\Program Files\Java\jdk1.8.0_201\jre\lib\jsse.jar;C:\Program Files\Java\jdk1.8.0_201\jre\lib\management-agent.jar;C:\Program Files\Java\jdk1.8.0_201\jre\lib\plugin.jar;C:\Program Files\Java\jdk1.8.0_201\jre\lib\resources.jar;C:\Program Files\Java\jdk1.8.0_201\jre\lib\rt.jar;C:\Users\lenovo\Desktop\人脸识别\Face-recognition-main\facesystem\face_corn\target\classes;C:\Users\lenovo\Desktop\人脸识别\Face-recognition-main\facesystem\common\target\classes;F:\subject\JavaWeb\maven-l\org\projectlombok\lombok\1.18.20\lombok-1.18.20.jar;F:\subject\JavaWeb\maven-l\com\auth0\java-jwt\3.4.0\java-jwt-3.4.0.jar;F:\subject\JavaWeb\maven-l\com\fasterxml\jackson\core\jackson-databind\2.11.4\jackson-databind-2.11.4.jar;F:\subject\JavaWeb\maven-l\com\fasterxml\jackson\core\jackson-annotations\2.11.4\jackson-annotations-2.11.4.jar;F:\subject\JavaWeb\maven-l\com\fasterxml\jackson\core\jackson-core\2.11.4\jackson-core-2.11.4.jar;F:\s
Launcher Type: SUN_STANDARD

Environment Variables:
JAVA_HOME=C:\Program Files\Java\jdk1.8.0_201
CLASSPATH=.;C:\Program Files\Java\jdk1.8.0_201\lib\dt.jar,C:\Program Files\Java\jdk1.8.0_201\lib\tools.jar;F:\subject\JavaWeb\apache-tomcat-8.5.45\lib\servlet-api.jar
PATH=C:\Program Files (x86)\Common Files\Oracle\Java\javapath;C:\WINDOWS\system32;C:\WINDOWS;C:\WINDOWS\System32\Wbem;C:\WINDOWS\System32\WindowsPowerShell\v1.0\;C:\WINDOWS\System32\OpenSSH\;F:\subject\JavaWeb\apache-tomcat-8.5.45\bin;F:\subject\JavaWeb\apache-tomcat-8.5.45\lib;C:\Program Files\NVIDIA Corporation\NVIDIA NvDLISR;F:\subject\JavaWeb\apache-maven-3.3.9\bin;F:\subject\JavaWeb\Gradle\gradle-6.9.1\bin;F:\subject\JavaWeb\nodejs;C:\Program Files\Java\jdk1.8.0_201\bin;C:\Program Files\MySQL\MySQL Server 8.0\bin;F:\subject\JavaWeb\env\MongoDB\bin;C:\Users\lenovo\AppData\Local\Microsoft\WindowsApps;F:\subject\PyCharm\PyCharm Community Edition 2020.3.3\bin;;F:\subject\JavaWeb\Microsoft VS Code\bin;F:\subject\JavaWeb\nodejs\node_global;
USERNAME=lenovo
OS=Windows_NT
PROCESSOR_IDENTIFIER=Intel64 Family 6 Model 158 Stepping 10, GenuineIntel



---------------  S Y S T E M  ---------------

OS: Windows 10.0 , 64 bit Build 19041 (10.0.19041.1202)

CPU:total 8 (initial active 8) (4 cores per cpu, 2 threads per core) family 6 model 158 stepping 10, cmov, cx8, fxsr, mmx, sse, sse2, sse3, ssse3, sse4.1, sse4.2, popcnt, avx, avx2, aes, clmul, erms, 3dnowpref, lzcnt, ht, tsc, tscinvbit, bmi1, bmi2, adx

Memory: 4k page, physical 8306932k(364800k free), swap 18792692k(2360004k free)

vm_info: Java HotSpot(TM) 64-Bit Server VM (25.201-b09) for windows-amd64 JRE (1.8.0_201-b09), built on Dec 15 2018 18:36:39 by "java_re" with MS VC++ 10.0 (VS2010)

time: Sun Oct 31 21:48:26 2021
timezone: 中国标准时间
elapsed time: 134 seconds (0d 0h 2m 14s)

