#
# A fatal error has been detected by the Java Runtime Environment:
#
#  EXCEPTION_ACCESS_VIOLATION (0xc0000005) at pc=0x00007ff82b69e0e5, pid=19896, tid=0x0000000000001668
#
# JRE version: Java(TM) SE Runtime Environment (8.0_201-b09) (build 1.8.0_201-b09)
# Java VM: Java HotSpot(TM) 64-Bit Server VM (25.201-b09 mixed mode windows-amd64 compressed oops)
# Problematic frame:
# C  [libarcsoft_face.dll+0xe0e5]
#
# Failed to write core dump. Minidumps are not enabled by default on client versions of Windows
#
# If you would like to submit a bug report, please visit:
#   http://bugreport.java.com/bugreport/crash.jsp
# The crash happened outside the Java Virtual Machine in native code.
# See problematic frame for where to report the bug.
#

---------------  T H R E A D  ---------------

Current thread (0x000000001e8ce000):  JavaThread "http-nio-8081-exec-7" daemon [_thread_in_native, id=5736, stack(0x0000000020ab0000,0x0000000020bb0000)]

siginfo: ExceptionCode=0xc0000005, writing address 0xfffffffe25bcbe60

Registers:
RAX=0x000000000000004a, RBX=0x0000000080002000, RCX=0x0000000000000044, RDX=0xffffffff80000000
RSP=0x0000000020bacf50, RBP=0x0000000080000000, RSI=0x0000000000000140, RDI=0x0000000080000000
R8 =0x00000000000000ff, R9 =0x0000000000000000, R10=0x0000000080001000, R11=0x0000000025bcbe60
R12=0x0000000000000040, R13=0x0000000000000040, R14=0x0000000000000000, R15=0x000000001eb4de80
RIP=0x00007ff82b69e0e5, EFLAGS=0x0000000000010202

Top of Stack: (sp=0x0000000020bacf50)
0x0000000020bacf50:   00000000000000c7 00007ff82b6bef29
0x0000000020bacf60:   00000000245444e0 0000000000000000
0x0000000020bacf70:   0000000000000000 4428536044134a10
0x0000000020bacf80:   0000000020bad090 00007ff82b69c5f2
0x0000000020bacf90:   0000000000000000 0000000000000000
0x0000000020bacfa0:   0000000000000000 0000000000000000
0x0000000020bacfb0:   0000000080000000 0000000000000044
0x0000000020bacfc0:   000000000000004a 0000000000000057
0x0000000020bacfd0:   0000000000000000 0000000000000000
0x0000000020bacfe0:   0000000000000040 00000000000003c0
0x0000000020bacff0:   0000000000000000 0000000000000000
0x0000000020bad000:   0000000000000040 0000000020bad128
0x0000000020bad010:   0000000000000000 0000000000000040
0x0000000020bad020:   0000000000000040 0000000025bcbe60
0x0000000020bad030:   0000000020cad580 00007ff82b69bf04
0x0000000020bad040:   0000000080000000 00007ff8000000f0 

Instructions: (pc=0x00007ff82b69e0e5)
0x00007ff82b69e0c5:   0f 4f c8 45 33 c9 85 c9 41 0f 48 c9 41 3b c0 41
0x00007ff82b69e0d5:   0f 4f c0 85 c0 41 0f 48 c1 66 0f 6e c1 0f 5b c0
0x00007ff82b69e0e5:   f3 41 0f 11 04 93 66 0f 6e c0 49 63 c2 0f 5b c0
0x00007ff82b69e0f5:   f3 41 0f 11 04 83 8b 44 24 78 eb 51 83 f9 01 75 


Register to memory mapping:

RAX=0x000000000000004a is an unknown value
RBX=0x0000000080002000 is an unknown value
RCX=0x0000000000000044 is an unknown value
RDX=0xffffffff80000000 is an unknown value
RSP=0x0000000020bacf50 is pointing into the stack for thread: 0x000000001e8ce000
RBP=0x0000000080000000 is an unknown value
RSI=0x0000000000000140 is an unknown value
RDI=0x0000000080000000 is an unknown value
R8 =0x00000000000000ff is an unknown value
R9 =0x0000000000000000 is an unknown value
R10=0x0000000080001000 is an unknown value
R11=0x0000000025bcbe60 is an unknown value
R12=0x0000000000000040 is an unknown value
R13=0x0000000000000040 is an unknown value
R14=0x0000000000000000 is an unknown value
R15=0x000000001eb4de80 is an unknown value


Stack: [0x0000000020ab0000,0x0000000020bb0000],  sp=0x0000000020bacf50,  free space=1011k
Native frames: (J=compiled Java code, j=interpreted, Vv=VM code, C=native code)
C  [libarcsoft_face.dll+0xe0e5]
C  [libarcsoft_face.dll+0xc5f2]
C  [libarcsoft_face.dll+0xbf04]
C  [libarcsoft_face.dll+0x9049]
C  [libarcsoft_face.dll+0x89bc]
C  [libarcsoft_face.dll+0x7d0a]
C  [libarcsoft_face.dll+0x3c88]
C  [libarcsoft_face_engine.dll+0x58ca]
C  [libarcsoft_face_engine_jni.dll+0x18f6]
C  0x00000000032e8c67

Java frames: (J=compiled Java code, j=interpreted, Vv=VM code)
j  com.arcsoft.face.FaceEngine.detectFaces(J[BIIII[Lcom/arcsoft/face/FaceInfo;)I+0
j  com.arcsoft.face.FaceEngine.detectFaces([BIILcom/arcsoft/face/enums/ImageFormat;Lcom/arcsoft/face/enums/DetectModel;Ljava/util/List;)I+107
j  com.arcsoft.face.FaceEngine.detectFaces([BIILcom/arcsoft/face/enums/ImageFormat;Ljava/util/List;)I+11
j  com.tangcheng.face_corn.service.impl.faceServiceImpl.facesearch(Ljava/io/InputStream;Ljava/util/List;)Ljava/lang/String;+45
j  com.tangcheng.face_corn.controller.faceController.facesearch(Ljava/lang/String;Ljava/util/List;)Lresult/Result;+22
j  sun.reflect.GeneratedMethodAccessor65.invoke(Ljava/lang/Object;[Ljava/lang/Object;)Ljava/lang/Object;+48
J 1667 C1 sun.reflect.DelegatingMethodAccessorImpl.invoke(Ljava/lang/Object;[Ljava/lang/Object;)Ljava/lang/Object; (10 bytes) @ 0x000000000364bfa4 [0x000000000364bf60+0x44]
J 1666 C1 java.lang.reflect.Method.invoke(Ljava/lang/Object;[Ljava/lang/Object;)Ljava/lang/Object; (62 bytes) @ 0x000000000364bbd4 [0x000000000364bae0+0xf4]
j  org.springframework.web.method.support.InvocableHandlerMethod.doInvoke([Ljava/lang/Object;)Ljava/lang/Object;+32
j  org.springframework.web.method.support.InvocableHandlerMethod.invokeForRequest(Lorg/springframework/web/context/request/NativeWebRequest;Lorg/springframework/web/method/support/ModelAndViewContainer;[Ljava/lang/Object;)Ljava/lang/Object;+54
j  org.springframework.web.servlet.mvc.method.annotation.ServletInvocableHandlerMethod.invokeAndHandle(Lorg/springframework/web/context/request/ServletWebRequest;Lorg/springframework/web/method/support/ModelAndViewContainer;[Ljava/lang/Object;)V+4
j  org.springframework.web.servlet.mvc.method.annotation.RequestMappingHandlerAdapter.invokeHandlerMethod(Ljavax/servlet/http/HttpServletRequest;Ljavax/servlet/http/HttpServletResponse;Lorg/springframework/web/method/HandlerMethod;)Lorg/springframework/web/servlet/ModelAndView;+244
j  org.springframework.web.servlet.mvc.method.annotation.RequestMappingHandlerAdapter.handleInternal(Ljavax/servlet/http/HttpServletRequest;Ljavax/servlet/http/HttpServletResponse;Lorg/springframework/web/method/HandlerMethod;)Lorg/springframework/web/servlet/ModelAndView;+81
j  org.springframework.web.servlet.mvc.method.AbstractHandlerMethodAdapter.handle(Ljavax/servlet/http/HttpServletRequest;Ljavax/servlet/http/HttpServletResponse;Ljava/lang/Object;)Lorg/springframework/web/servlet/ModelAndView;+7
j  org.springframework.web.servlet.DispatcherServlet.doDispatch(Ljavax/servlet/http/HttpServletRequest;Ljavax/servlet/http/HttpServletResponse;)V+259
j  org.springframework.web.servlet.DispatcherServlet.doService(Ljavax/servlet/http/HttpServletRequest;Ljavax/servlet/http/HttpServletResponse;)V+241
j  org.springframework.web.servlet.FrameworkServlet.processRequest(Ljavax/servlet/http/HttpServletRequest;Ljavax/servlet/http/HttpServletResponse;)V+71
j  org.springframework.web.servlet.FrameworkServlet.doPost(Ljavax/servlet/http/HttpServletRequest;Ljavax/servlet/http/HttpServletResponse;)V+3
j  javax.servlet.http.HttpServlet.service(Ljavax/servlet/http/HttpServletRequest;Ljavax/servlet/http/HttpServletResponse;)V+149
j  org.springframework.web.servlet.FrameworkServlet.service(Ljavax/servlet/http/HttpServletRequest;Ljavax/servlet/http/HttpServletResponse;)V+33
j  javax.servlet.http.HttpServlet.service(Ljavax/servlet/ServletRequest;Ljavax/servlet/ServletResponse;)V+36
j  org.apache.catalina.core.ApplicationFilterChain.internalDoFilter(Ljavax/servlet/ServletRequest;Ljavax/servlet/ServletResponse;)V+304
j  org.apache.catalina.core.ApplicationFilterChain.doFilter(Ljavax/servlet/ServletRequest;Ljavax/servlet/ServletResponse;)V+99
j  org.apache.tomcat.websocket.server.WsFilter.doFilter(Ljavax/servlet/ServletRequest;Ljavax/servlet/ServletResponse;Ljavax/servlet/FilterChain;)V+21
j  org.apache.catalina.core.ApplicationFilterChain.internalDoFilter(Ljavax/servlet/ServletRequest;Ljavax/servlet/ServletResponse;)V+135
j  org.apache.catalina.core.ApplicationFilterChain.doFilter(Ljavax/servlet/ServletRequest;Ljavax/servlet/ServletResponse;)V+99
j  org.springframework.web.filter.RequestContextFilter.doFilterInternal(Ljavax/servlet/http/HttpServletRequest;Ljavax/servlet/http/HttpServletResponse;Ljavax/servlet/FilterChain;)V+21
j  org.springframework.web.filter.OncePerRequestFilter.doFilter(Ljavax/servlet/ServletRequest;Ljavax/servlet/ServletResponse;Ljavax/servlet/FilterChain;)V+147
j  org.apache.catalina.core.ApplicationFilterChain.internalDoFilter(Ljavax/servlet/ServletRequest;Ljavax/servlet/ServletResponse;)V+135
j  org.apache.catalina.core.ApplicationFilterChain.doFilter(Ljavax/servlet/ServletRequest;Ljavax/servlet/ServletResponse;)V+99
j  org.springframework.web.filter.FormContentFilter.doFilterInternal(Ljavax/servlet/http/HttpServletRequest;Ljavax/servlet/http/HttpServletResponse;Ljavax/servlet/FilterChain;)V+38
j  org.springframework.web.filter.OncePerRequestFilter.doFilter(Ljavax/servlet/ServletRequest;Ljavax/servlet/ServletResponse;Ljavax/servlet/FilterChain;)V+147
j  org.apache.catalina.core.ApplicationFilterChain.internalDoFilter(Ljavax/servlet/ServletRequest;Ljavax/servlet/ServletResponse;)V+135
j  org.apache.catalina.core.ApplicationFilterChain.doFilter(Ljavax/servlet/ServletRequest;Ljavax/servlet/ServletResponse;)V+99
j  org.springframework.web.filter.CharacterEncodingFilter.doFilterInternal(Ljavax/servlet/http/HttpServletRequest;Ljavax/servlet/http/HttpServletResponse;Ljavax/servlet/FilterChain;)V+53
j  org.springframework.web.filter.OncePerRequestFilter.doFilter(Ljavax/servlet/ServletRequest;Ljavax/servlet/ServletResponse;Ljavax/servlet/FilterChain;)V+147
j  org.apache.catalina.core.ApplicationFilterChain.internalDoFilter(Ljavax/servlet/ServletRequest;Ljavax/servlet/ServletResponse;)V+135
j  org.apache.catalina.core.ApplicationFilterChain.doFilter(Ljavax/servlet/ServletRequest;Ljavax/servlet/ServletResponse;)V+99
j  org.apache.catalina.core.StandardWrapperValve.invoke(Lorg/apache/catalina/connector/Request;Lorg/apache/catalina/connector/Response;)V+694
j  org.apache.catalina.core.StandardContextValve.invoke(Lorg/apache/catalina/connector/Request;Lorg/apache/catalina/connector/Response;)V+169
j  org.apache.catalina.authenticator.AuthenticatorBase.invoke(Lorg/apache/catalina/connector/Request;Lorg/apache/catalina/connector/Response;)V+260
j  org.apache.catalina.core.StandardHostValve.invoke(Lorg/apache/catalina/connector/Request;Lorg/apache/catalina/connector/Response;)V+128
j  org.apache.catalina.valves.ErrorReportValve.invoke(Lorg/apache/catalina/connector/Request;Lorg/apache/catalina/connector/Response;)V+6
j  org.apache.catalina.core.StandardEngineValve.invoke(Lorg/apache/catalina/connector/Request;Lorg/apache/catalina/connector/Response;)V+59
j  org.apache.catalina.connector.CoyoteAdapter.service(Lorg/apache/coyote/Request;Lorg/apache/coyote/Response;)V+199
j  org.apache.coyote.http11.Http11Processor.service(Lorg/apache/tomcat/util/net/SocketWrapperBase;)Lorg/apache/tomcat/util/net/AbstractEndpoint$Handler$SocketState;+737
j  org.apache.coyote.AbstractProcessorLight.process(Lorg/apache/tomcat/util/net/SocketWrapperBase;Lorg/apache/tomcat/util/net/SocketEvent;)Lorg/apache/tomcat/util/net/AbstractEndpoint$Handler$SocketState;+170
j  org.apache.coyote.AbstractProtocol$ConnectionHandler.process(Lorg/apache/tomcat/util/net/SocketWrapperBase;Lorg/apache/tomcat/util/net/SocketEvent;)Lorg/apache/tomcat/util/net/AbstractEndpoint$Handler$SocketState;+505
j  org.apache.tomcat.util.net.NioEndpoint$SocketProcessor.doRun()V+216
j  org.apache.tomcat.util.net.SocketProcessorBase.run()V+21
j  java.util.concurrent.ThreadPoolExecutor.runWorker(Ljava/util/concurrent/ThreadPoolExecutor$Worker;)V+95
j  java.util.concurrent.ThreadPoolExecutor$Worker.run()V+5
j  org.apache.tomcat.util.threads.TaskThread$WrappingRunnable.run()V+4
j  java.lang.Thread.run()V+11
v  ~StubRoutines::call_stub

---------------  P R O C E S S  ---------------

Java Threads: ( => current thread )
  0x000000001ea7e800 JavaThread "lettuce-eventExecutorLoop-1-8" daemon [_thread_blocked, id=19848, stack(0x0000000000f60000,0x0000000001060000)]
  0x000000001e8d5000 JavaThread "lettuce-eventExecutorLoop-1-7" daemon [_thread_blocked, id=26856, stack(0x0000000040750000,0x0000000040850000)]
  0x000000001e8d7000 JavaThread "lettuce-eventExecutorLoop-1-6" daemon [_thread_blocked, id=8340, stack(0x0000000040650000,0x0000000040750000)]
  0x000000001e8dc000 JavaThread "lettuce-eventExecutorLoop-1-5" daemon [_thread_blocked, id=25048, stack(0x0000000040550000,0x0000000040650000)]
  0x000000001e8d4000 JavaThread "lettuce-eventExecutorLoop-1-4" daemon [_thread_blocked, id=27632, stack(0x0000000040450000,0x0000000040550000)]
  0x000000001e8d8000 JavaThread "lettuce-eventExecutorLoop-1-3" daemon [_thread_blocked, id=21600, stack(0x0000000040350000,0x0000000040450000)]
  0x000000001e8d6800 JavaThread "Java2D Disposer" daemon [_thread_blocked, id=10952, stack(0x0000000040050000,0x0000000040150000)]
  0x000000001e8d5800 JavaThread "idle_connection_reaper" daemon [_thread_blocked, id=19492, stack(0x000000003ff50000,0x0000000040050000)]
  0x000000001e8da000 JavaThread "lettuce-eventExecutorLoop-1-2" daemon [_thread_blocked, id=6568, stack(0x000000003fe50000,0x000000003ff50000)]
  0x000000001e8d9800 JavaThread "lettuce-eventExecutorLoop-1-1" daemon [_thread_blocked, id=19768, stack(0x0000000022cc0000,0x0000000022dc0000)]
  0x000000001e8d8800 JavaThread "lettuce-nioEventLoop-4-1" daemon [_thread_in_native, id=19740, stack(0x00000000218b0000,0x00000000219b0000)]
  0x000000001e8db000 JavaThread "DiscoveryClient-HeartbeatExecutor-0" daemon [_thread_blocked, id=19588, stack(0x00000000217b0000,0x00000000218b0000)]
  0x000000001e8cc800 JavaThread "DiscoveryClient-CacheRefreshExecutor-0" daemon [_thread_blocked, id=18056, stack(0x00000000216b0000,0x00000000217b0000)]
  0x000000001e8d2800 JavaThread "DestroyJavaVM" [_thread_blocked, id=18620, stack(0x0000000002f10000,0x0000000003010000)]
  0x000000001e8d0800 JavaThread "http-nio-8081-Acceptor" daemon [_thread_in_native, id=16396, stack(0x0000000020fb0000,0x00000000210b0000)]
  0x000000001e8d3800 JavaThread "http-nio-8081-ClientPoller" daemon [_thread_in_native, id=18684, stack(0x0000000020eb0000,0x0000000020fb0000)]
  0x000000001e8cf800 JavaThread "http-nio-8081-exec-10" daemon [_thread_in_native, id=3516, stack(0x0000000020db0000,0x0000000020eb0000)]
  0x000000001e8d2000 JavaThread "http-nio-8081-exec-9" daemon [_thread_blocked, id=12184, stack(0x0000000020cb0000,0x0000000020db0000)]
  0x000000001e8cf000 JavaThread "http-nio-8081-exec-8" daemon [_thread_in_native, id=10092, stack(0x0000000020bb0000,0x0000000020cb0000)]
=>0x000000001e8ce000 JavaThread "http-nio-8081-exec-7" daemon [_thread_in_native, id=5736, stack(0x0000000020ab0000,0x0000000020bb0000)]
  0x000000001e8d1000 JavaThread "http-nio-8081-exec-6" daemon [_thread_blocked, id=16816, stack(0x00000000209b0000,0x0000000020ab0000)]
  0x000000001e8cd800 JavaThread "http-nio-8081-exec-5" daemon [_thread_in_native, id=4600, stack(0x00000000208b0000,0x00000000209b0000)]
  0x000000001ab72800 JavaThread "http-nio-8081-exec-4" daemon [_thread_in_native, id=1588, stack(0x00000000207b0000,0x00000000208b0000)]
  0x000000001ab71000 JavaThread "http-nio-8081-exec-3" daemon [_thread_blocked, id=21688, stack(0x00000000206b0000,0x00000000207b0000)]
  0x000000001ab72000 JavaThread "http-nio-8081-exec-2" daemon [_thread_blocked, id=12556, stack(0x00000000205b0000,0x00000000206b0000)]
  0x000000001ab6f800 JavaThread "http-nio-8081-exec-1" daemon [_thread_in_native, id=14180, stack(0x00000000204b0000,0x00000000205b0000)]
  0x000000001ab75800 JavaThread "http-nio-8081-BlockPoller" daemon [_thread_in_native, id=21520, stack(0x00000000203b0000,0x00000000204b0000)]
  0x000000001ab70800 JavaThread "DiscoveryClient-InstanceInfoReplicator-0" daemon [_thread_blocked, id=19120, stack(0x00000000202b0000,0x00000000203b0000)]
  0x000000001ab74000 JavaThread "DiscoveryClient-1" daemon [_thread_blocked, id=7408, stack(0x00000000201b0000,0x00000000202b0000)]
  0x000000001ab73800 JavaThread "DiscoveryClient-0" daemon [_thread_blocked, id=21540, stack(0x000000001ffb0000,0x00000000200b0000)]
  0x000000001ab76800 JavaThread "AsyncResolver-bootstrap-0" daemon [_thread_blocked, id=2668, stack(0x000000001fab0000,0x000000001fbb0000)]
  0x000000001ab75000 JavaThread "spring.cloud.inetutils" daemon [_thread_blocked, id=3984, stack(0x000000001f7b0000,0x000000001f8b0000)]
  0x000000001bdf4800 JavaThread "lettuce-timer-3-1" daemon [_thread_blocked, id=2964, stack(0x000000001e0e0000,0x000000001e1e0000)]
  0x000000001ae2e000 JavaThread "container-0" [_thread_blocked, id=13940, stack(0x000000001dde0000,0x000000001dee0000)]
  0x000000001ae2d000 JavaThread "Catalina-utility-2" [_thread_blocked, id=8464, stack(0x000000001dce0000,0x000000001dde0000)]
  0x000000001ae2c800 JavaThread "Catalina-utility-1" [_thread_blocked, id=15600, stack(0x000000001cbe0000,0x000000001cce0000)]
  0x000000001ac6f000 JavaThread "Service Thread" daemon [_thread_blocked, id=17052, stack(0x000000001b560000,0x000000001b660000)]
  0x000000001abd7800 JavaThread "C1 CompilerThread3" daemon [_thread_blocked, id=15620, stack(0x000000001b460000,0x000000001b560000)]
  0x000000001abd3800 JavaThread "C2 CompilerThread2" daemon [_thread_blocked, id=20336, stack(0x000000001b360000,0x000000001b460000)]
  0x000000001abd3000 JavaThread "C2 CompilerThread1" daemon [_thread_blocked, id=9772, stack(0x000000001b260000,0x000000001b360000)]
  0x000000001ab2c800 JavaThread "C2 CompilerThread0" daemon [_thread_blocked, id=13888, stack(0x000000001b160000,0x000000001b260000)]
  0x000000001abce000 JavaThread "Monitor Ctrl-Break" daemon [_thread_in_native, id=3268, stack(0x000000001b060000,0x000000001b160000)]
  0x000000001a0a3000 JavaThread "Attach Listener" daemon [_thread_blocked, id=12984, stack(0x000000001a760000,0x000000001a860000)]
  0x000000001a0a2800 JavaThread "Signal Dispatcher" daemon [_thread_blocked, id=8168, stack(0x000000001a660000,0x000000001a760000)]
  0x000000001829e000 JavaThread "Finalizer" daemon [_thread_blocked, id=21412, stack(0x000000001a560000,0x000000001a660000)]
  0x000000001a080800 JavaThread "Reference Handler" daemon [_thread_blocked, id=9736, stack(0x000000001a460000,0x000000001a560000)]

Other Threads:
  0x0000000018296800 VMThread [stack: 0x0000000019f60000,0x000000001a060000] [id=14304]
  0x000000001ac84000 WatcherThread [stack: 0x000000001b660000,0x000000001b760000] [id=12652]

VM state:not at safepoint (normal execution)

VM Mutex/Monitor currently owned by a thread: None

heap address: 0x0000000081200000, size: 2030 MB, Compressed Oops mode: 32-bit
Narrow klass base: 0x0000000000000000, Narrow klass shift: 3
Compressed class space size: 1073741824 Address: 0x0000000100000000

Heap:
 PSYoungGen      total 281088K, used 243439K [0x00000000d5b80000, 0x00000000eea80000, 0x0000000100000000)
  eden space 263680K, 85% used [0x00000000d5b80000,0x00000000e383d120,0x00000000e5d00000)
  from space 17408K, 99% used [0x00000000e5d00000,0x00000000e6dfee40,0x00000000e6e00000)
  to   space 34304K, 0% used [0x00000000ec900000,0x00000000ec900000,0x00000000eea80000)
 ParOldGen       total 83968K, used 60834K [0x0000000081200000, 0x0000000086400000, 0x00000000d5b80000)
  object space 83968K, 72% used [0x0000000081200000,0x0000000084d68948,0x0000000086400000)
 Metaspace       used 54480K, capacity 58158K, committed 58368K, reserved 1099776K
  class space    used 7451K, capacity 8107K, committed 8192K, reserved 1048576K

Card table byte_map: [0x0000000012690000,0x0000000012a90000] byte_map_base: 0x0000000012287000

Marking Bits: (ParMarkBitMap*) 0x00000000606e4ce0
 Begin Bits: [0x0000000013540000, 0x00000000154f8000)
 End Bits:   [0x00000000154f8000, 0x00000000174b0000)

Polling page: 0x0000000000e30000

CodeCache: size=245760Kb used=9953Kb max_used=9953Kb free=235806Kb
 bounds [0x00000000032d0000, 0x0000000003c90000, 0x00000000122d0000]
 total_blobs=5855 nmethods=5259 adapters=508
 compilation: enabled

Compilation events (10 events):
Event: 88.609 Thread 0x000000001abd7800 5395   !   1       sun.reflect.GeneratedMethodAccessor62::invoke (63 bytes)
Event: 88.610 Thread 0x000000001abd7800 nmethod 5395 0x0000000003c88c50 code [0x0000000003c88e20, 0x0000000003c89278]
Event: 88.610 Thread 0x000000001abd7800 5396   !   1       sun.reflect.GeneratedMethodAccessor61::invoke (63 bytes)
Event: 88.610 Thread 0x000000001abd7800 nmethod 5396 0x0000000003c895d0 code [0x0000000003c897a0, 0x0000000003c89bf8]
Event: 88.620 Thread 0x000000001abd7800 5397       1       java.awt.image.SampleModel::getWidth (5 bytes)
Event: 88.621 Thread 0x000000001abd7800 nmethod 5397 0x0000000003c89f50 code [0x0000000003c8a0a0, 0x0000000003c8a1b0]
Event: 88.621 Thread 0x000000001abd7800 5398       1       java.awt.image.SampleModel::getHeight (5 bytes)
Event: 88.621 Thread 0x000000001abd7800 nmethod 5398 0x0000000003c8a210 code [0x0000000003c8a360, 0x0000000003c8a470]
Event: 88.622 Thread 0x000000001abd7800 5399       1       java.awt.image.DataBuffer::getNumBanks (5 bytes)
Event: 88.622 Thread 0x000000001abd7800 nmethod 5399 0x0000000003c8a4d0 code [0x0000000003c8a620, 0x0000000003c8a730]

GC Heap History (10 events):
Event: 5.784 GC heap before
{Heap before GC invocations=9 (full 1):
 PSYoungGen      total 142848K, used 142842K [0x00000000d5b80000, 0x00000000e3d80000, 0x0000000100000000)
  eden space 132608K, 100% used [0x00000000d5b80000,0x00000000ddd00000,0x00000000ddd00000)
  from space 10240K, 99% used [0x00000000ddd00000,0x00000000de6fe910,0x00000000de700000)
  to   space 12288K, 0% used [0x00000000e3180000,0x00000000e3180000,0x00000000e3d80000)
 ParOldGen       total 59904K, used 9949K [0x0000000081200000, 0x0000000084c80000, 0x00000000d5b80000)
  object space 59904K, 16% used [0x0000000081200000,0x0000000081bb77d8,0x0000000084c80000)
 Metaspace       used 31923K, capacity 33990K, committed 34304K, reserved 1079296K
  class space    used 4387K, capacity 4773K, committed 4864K, reserved 1048576K
Event: 5.798 GC heap after
Heap after GC invocations=9 (full 1):
 PSYoungGen      total 213504K, used 12259K [0x00000000d5b80000, 0x00000000e3d80000, 0x0000000100000000)
  eden space 201216K, 0% used [0x00000000d5b80000,0x00000000d5b80000,0x00000000e2000000)
  from space 12288K, 99% used [0x00000000e3180000,0x00000000e3d78e08,0x00000000e3d80000)
  to   space 13824K, 0% used [0x00000000e2280000,0x00000000e2280000,0x00000000e3000000)
 ParOldGen       total 59904K, used 10552K [0x0000000081200000, 0x0000000084c80000, 0x00000000d5b80000)
  object space 59904K, 17% used [0x0000000081200000,0x0000000081c4e2d0,0x0000000084c80000)
 Metaspace       used 31923K, capacity 33990K, committed 34304K, reserved 1079296K
  class space    used 4387K, capacity 4773K, committed 4864K, reserved 1048576K
}
Event: 6.004 GC heap before
{Heap before GC invocations=10 (full 1):
 PSYoungGen      total 213504K, used 34075K [0x00000000d5b80000, 0x00000000e3d80000, 0x0000000100000000)
  eden space 201216K, 10% used [0x00000000d5b80000,0x00000000d70cdea0,0x00000000e2000000)
  from space 12288K, 99% used [0x00000000e3180000,0x00000000e3d78e08,0x00000000e3d80000)
  to   space 13824K, 0% used [0x00000000e2280000,0x00000000e2280000,0x00000000e3000000)
 ParOldGen       total 59904K, used 10552K [0x0000000081200000, 0x0000000084c80000, 0x00000000d5b80000)
  object space 59904K, 17% used [0x0000000081200000,0x0000000081c4e2d0,0x0000000084c80000)
 Metaspace       used 33219K, capacity 35356K, committed 35416K, reserved 1079296K
  class space    used 4568K, capacity 4964K, committed 4992K, reserved 1048576K
Event: 6.010 GC heap after
Heap after GC invocations=10 (full 1):
 PSYoungGen      total 217600K, used 8944K [0x00000000d5b80000, 0x00000000e7b80000, 0x0000000100000000)
  eden space 203776K, 0% used [0x00000000d5b80000,0x00000000d5b80000,0x00000000e2280000)
  from space 13824K, 64% used [0x00000000e2280000,0x00000000e2b3c150,0x00000000e3000000)
  to   space 13824K, 0% used [0x00000000e6e00000,0x00000000e6e00000,0x00000000e7b80000)
 ParOldGen       total 59904K, used 10560K [0x0000000081200000, 0x0000000084c80000, 0x00000000d5b80000)
  object space 59904K, 17% used [0x0000000081200000,0x0000000081c502d0,0x0000000084c80000)
 Metaspace       used 33219K, capacity 35356K, committed 35416K, reserved 1079296K
  class space    used 4568K, capacity 4964K, committed 4992K, reserved 1048576K
}
Event: 6.010 GC heap before
{Heap before GC invocations=11 (full 2):
 PSYoungGen      total 217600K, used 8944K [0x00000000d5b80000, 0x00000000e7b80000, 0x0000000100000000)
  eden space 203776K, 0% used [0x00000000d5b80000,0x00000000d5b80000,0x00000000e2280000)
  from space 13824K, 64% used [0x00000000e2280000,0x00000000e2b3c150,0x00000000e3000000)
  to   space 13824K, 0% used [0x00000000e6e00000,0x00000000e6e00000,0x00000000e7b80000)
 ParOldGen       total 59904K, used 10560K [0x0000000081200000, 0x0000000084c80000, 0x00000000d5b80000)
  object space 59904K, 17% used [0x0000000081200000,0x0000000081c502d0,0x0000000084c80000)
 Metaspace       used 33219K, capacity 35356K, committed 35416K, reserved 1079296K
  class space    used 4568K, capacity 4964K, committed 4992K, reserved 1048576K
Event: 6.046 GC heap after
Heap after GC invocations=11 (full 2):
 PSYoungGen      total 217600K, used 0K [0x00000000d5b80000, 0x00000000e7b80000, 0x0000000100000000)
  eden space 203776K, 0% used [0x00000000d5b80000,0x00000000d5b80000,0x00000000e2280000)
  from space 13824K, 0% used [0x00000000e2280000,0x00000000e2280000,0x00000000e3000000)
  to   space 13824K, 0% used [0x00000000e6e00000,0x00000000e6e00000,0x00000000e7b80000)
 ParOldGen       total 83968K, used 14841K [0x0000000081200000, 0x0000000086400000, 0x00000000d5b80000)
  object space 83968K, 17% used [0x0000000081200000,0x000000008207e658,0x0000000086400000)
 Metaspace       used 33219K, capacity 35356K, committed 35416K, reserved 1079296K
  class space    used 4568K, capacity 4964K, committed 4992K, reserved 1048576K
}
Event: 10.984 GC heap before
{Heap before GC invocations=12 (full 2):
 PSYoungGen      total 217600K, used 203776K [0x00000000d5b80000, 0x00000000e7b80000, 0x0000000100000000)
  eden space 203776K, 100% used [0x00000000d5b80000,0x00000000e2280000,0x00000000e2280000)
  from space 13824K, 0% used [0x00000000e2280000,0x00000000e2280000,0x00000000e3000000)
  to   space 13824K, 0% used [0x00000000e6e00000,0x00000000e6e00000,0x00000000e7b80000)
 ParOldGen       total 83968K, used 14841K [0x0000000081200000, 0x0000000086400000, 0x00000000d5b80000)
  object space 83968K, 17% used [0x0000000081200000,0x000000008207e658,0x0000000086400000)
 Metaspace       used 46294K, capacity 49196K, committed 49408K, reserved 1091584K
  class space    used 6391K, capacity 6912K, committed 6912K, reserved 1048576K
Event: 11.006 GC heap after
Heap after GC invocations=12 (full 2):
 PSYoungGen      total 277504K, used 13794K [0x00000000d5b80000, 0x00000000e8680000, 0x0000000100000000)
  eden space 263680K, 0% used [0x00000000d5b80000,0x00000000d5b80000,0x00000000e5d00000)
  from space 13824K, 99% used [0x00000000e6e00000,0x00000000e7b78940,0x00000000e7b80000)
  to   space 17408K, 0% used [0x00000000e5d00000,0x00000000e5d00000,0x00000000e6e00000)
 ParOldGen       total 83968K, used 20041K [0x0000000081200000, 0x0000000086400000, 0x00000000d5b80000)
  object space 83968K, 23% used [0x0000000081200000,0x0000000082592508,0x0000000086400000)
 Metaspace       used 46294K, capacity 49196K, committed 49408K, reserved 1091584K
  class space    used 6391K, capacity 6912K, committed 6912K, reserved 1048576K
}
Event: 47.798 GC heap before
{Heap before GC invocations=13 (full 2):
 PSYoungGen      total 277504K, used 277474K [0x00000000d5b80000, 0x00000000e8680000, 0x0000000100000000)
  eden space 263680K, 100% used [0x00000000d5b80000,0x00000000e5d00000,0x00000000e5d00000)
  from space 13824K, 99% used [0x00000000e6e00000,0x00000000e7b78940,0x00000000e7b80000)
  to   space 17408K, 0% used [0x00000000e5d00000,0x00000000e5d00000,0x00000000e6e00000)
 ParOldGen       total 83968K, used 20041K [0x0000000081200000, 0x0000000086400000, 0x00000000d5b80000)
  object space 83968K, 23% used [0x0000000081200000,0x0000000082592508,0x0000000086400000)
 Metaspace       used 54150K, capacity 57770K, committed 57984K, reserved 1099776K
  class space    used 7396K, capacity 8029K, committed 8064K, reserved 1048576K
Event: 47.824 GC heap after
Heap after GC invocations=13 (full 2):
 PSYoungGen      total 281088K, used 17403K [0x00000000d5b80000, 0x00000000eea80000, 0x0000000100000000)
  eden space 263680K, 0% used [0x00000000d5b80000,0x00000000d5b80000,0x00000000e5d00000)
  from space 17408K, 99% used [0x00000000e5d00000,0x00000000e6dfee40,0x00000000e6e00000)
  to   space 34304K, 0% used [0x00000000ec900000,0x00000000ec900000,0x00000000eea80000)
 ParOldGen       total 83968K, used 60834K [0x0000000081200000, 0x0000000086400000, 0x00000000d5b80000)
  object space 83968K, 72% used [0x0000000081200000,0x0000000084d68948,0x0000000086400000)
 Metaspace       used 54150K, capacity 57770K, committed 57984K, reserved 1099776K
  class space    used 7396K, capacity 8029K, committed 8064K, reserved 1048576K
}

Deoptimization events (0 events):
No events

Classes redefined (0 events):
No events

Internal exceptions (10 events):
Event: 78.280 Thread 0x000000001e8cf000 Exception <a 'java/lang/ArrayIndexOutOfBoundsException'> (0x00000000d97983c8) thrown at [C:\re\workspace\8-2-build-windows-amd64-cygwin\jdk8u201\12322\hotspot\src\share\vm\runtime\sharedRuntime.cpp, line 605]
Event: 79.778 Thread 0x000000001e8cd800 Exception <a 'java/io/IOException'> (0x00000000dcaf8888) thrown at [C:\re\workspace\8-2-build-windows-amd64-cygwin\jdk8u201\12322\hotspot\src\share\vm\prims\jni.cpp, line 709]
Event: 79.785 Thread 0x000000001e8d2000 Exception <a 'java/lang/reflect/InvocationTargetException'> (0x00000000dcf2e0a8) thrown at [C:\re\workspace\8-2-build-windows-amd64-cygwin\jdk8u201\12322\hotspot\src\share\vm\runtime\reflection.cpp, line 1092]
Event: 79.794 Thread 0x000000001e8cf000 Exception <a 'java/io/IOException'> (0x00000000dd2379f8) thrown at [C:\re\workspace\8-2-build-windows-amd64-cygwin\jdk8u201\12322\hotspot\src\share\vm\prims\jni.cpp, line 709]
Event: 79.881 Thread 0x000000001ab72800 Exception <a 'java/lang/reflect/InvocationTargetException'> (0x00000000de0af1a8) thrown at [C:\re\workspace\8-2-build-windows-amd64-cygwin\jdk8u201\12322\hotspot\src\share\vm\runtime\reflection.cpp, line 1092]
Event: 79.882 Thread 0x000000001ab72000 Exception <a 'java/lang/reflect/InvocationTargetException'> (0x00000000de2da620) thrown at [C:\re\workspace\8-2-build-windows-amd64-cygwin\jdk8u201\12322\hotspot\src\share\vm\runtime\reflection.cpp, line 1092]
Event: 79.889 Thread 0x000000001ab71000 Exception <a 'java/lang/reflect/InvocationTargetException'> (0x00000000de5de0f8) thrown at [C:\re\workspace\8-2-build-windows-amd64-cygwin\jdk8u201\12322\hotspot\src\share\vm\runtime\reflection.cpp, line 1092]
Event: 79.959 Thread 0x000000001e8d2000 Exception <a 'java/lang/ArrayIndexOutOfBoundsException'> (0x00000000ded06440) thrown at [C:\re\workspace\8-2-build-windows-amd64-cygwin\jdk8u201\12322\hotspot\src\share\vm\runtime\sharedRuntime.cpp, line 605]
Event: 79.959 Thread 0x000000001ab72800 Exception <a 'java/lang/ArrayIndexOutOfBoundsException'> (0x00000000deae9798) thrown at [C:\re\workspace\8-2-build-windows-amd64-cygwin\jdk8u201\12322\hotspot\src\share\vm\runtime\sharedRuntime.cpp, line 605]
Event: 79.959 Thread 0x000000001ab72000 Exception <a 'java/lang/ArrayIndexOutOfBoundsException'> (0x00000000dee48b38) thrown at [C:\re\workspace\8-2-build-windows-amd64-cygwin\jdk8u201\12322\hotspot\src\share\vm\runtime\sharedRuntime.cpp, line 605]

Events (10 events):
Event: 88.509 Executing VM operation: RevokeBias
Event: 88.509 Executing VM operation: RevokeBias done
Event: 88.579 Executing VM operation: RevokeBias
Event: 88.579 Executing VM operation: RevokeBias done
Event: 88.589 Executing VM operation: RevokeBias
Event: 88.590 Executing VM operation: RevokeBias done
Event: 88.590 Executing VM operation: RevokeBias
Event: 88.590 Executing VM operation: RevokeBias done
Event: 88.600 Executing VM operation: RevokeBias
Event: 88.601 Executing VM operation: RevokeBias done


Dynamic libraries:
0x00007ff713090000 - 0x00007ff7130c7000 	C:\Program Files\Java\jdk1.8.0_201\bin\java.exe
0x00007ff887a10000 - 0x00007ff887c05000 	C:\WINDOWS\SYSTEM32\ntdll.dll
0x00007ff8864c0000 - 0x00007ff88657e000 	C:\WINDOWS\System32\KERNEL32.DLL
0x00007ff885450000 - 0x00007ff885719000 	C:\WINDOWS\System32\KERNELBASE.dll
0x00007ff886580000 - 0x00007ff88662c000 	C:\WINDOWS\System32\ADVAPI32.dll
0x00007ff885ea0000 - 0x00007ff885f3e000 	C:\WINDOWS\System32\msvcrt.dll
0x00007ff885d10000 - 0x00007ff885dab000 	C:\WINDOWS\System32\sechost.dll
0x00007ff8871f0000 - 0x00007ff88731a000 	C:\WINDOWS\System32\RPCRT4.dll
0x00007ff8876c0000 - 0x00007ff887861000 	C:\WINDOWS\System32\USER32.dll
0x00007ff885130000 - 0x00007ff885152000 	C:\WINDOWS\System32\win32u.dll
0x00007ff885a60000 - 0x00007ff885a8b000 	C:\WINDOWS\System32\GDI32.dll
0x00007ff885850000 - 0x00007ff88595b000 	C:\WINDOWS\System32\gdi32full.dll
0x00007ff8857b0000 - 0x00007ff88584d000 	C:\WINDOWS\System32\msvcp_win.dll
0x00007ff885960000 - 0x00007ff885a60000 	C:\WINDOWS\System32\ucrtbase.dll
0x00007ff876790000 - 0x00007ff876a2a000 	C:\WINDOWS\WinSxS\amd64_microsoft.windows.common-controls_6595b64144ccf1df_6.0.19041.1110_none_60b5254171f9507e\COMCTL32.dll
0x00007ff8879a0000 - 0x00007ff8879d0000 	C:\WINDOWS\System32\IMM32.DLL
0x0000000061560000 - 0x0000000061631000 	C:\Program Files\Java\jdk1.8.0_201\jre\bin\msvcr100.dll
0x000000005fec0000 - 0x0000000060764000 	C:\Program Files\Java\jdk1.8.0_201\jre\bin\server\jvm.dll
0x00007ff8864b0000 - 0x00007ff8864b8000 	C:\WINDOWS\System32\PSAPI.DLL
0x00007ff87ff20000 - 0x00007ff87ff29000 	C:\WINDOWS\SYSTEM32\WSOCK32.dll
0x00007ff879f90000 - 0x00007ff879fb7000 	C:\WINDOWS\SYSTEM32\WINMM.dll
0x00007ff886440000 - 0x00007ff8864ab000 	C:\WINDOWS\System32\WS2_32.dll
0x00007ff87c200000 - 0x00007ff87c20a000 	C:\WINDOWS\SYSTEM32\VERSION.dll
0x00007ff87e8a0000 - 0x00007ff87e8af000 	C:\Program Files\Java\jdk1.8.0_201\jre\bin\verify.dll
0x00007ff8648c0000 - 0x00007ff8648e9000 	C:\Program Files\Java\jdk1.8.0_201\jre\bin\java.dll
0x00007ff864180000 - 0x00007ff8641a3000 	C:\Program Files\Java\jdk1.8.0_201\jre\bin\instrument.dll
0x00007ff87e7d0000 - 0x00007ff87e7e6000 	C:\Program Files\Java\jdk1.8.0_201\jre\bin\zip.dll
0x00007ff886630000 - 0x00007ff886d6f000 	C:\WINDOWS\System32\SHELL32.dll
0x00007ff882e70000 - 0x00007ff883600000 	C:\WINDOWS\SYSTEM32\windows.storage.dll
0x00007ff885f40000 - 0x00007ff886295000 	C:\WINDOWS\System32\combase.dll
0x00007ff884b80000 - 0x00007ff884bac000 	C:\WINDOWS\SYSTEM32\Wldp.dll
0x00007ff886330000 - 0x00007ff8863dd000 	C:\WINDOWS\System32\SHCORE.dll
0x00007ff8862c0000 - 0x00007ff886315000 	C:\WINDOWS\System32\shlwapi.dll
0x00007ff885070000 - 0x00007ff88508f000 	C:\WINDOWS\SYSTEM32\profapi.dll
0x00007ff863e20000 - 0x00007ff863e3a000 	F:\subject\IDEA 2018_sssam.com\IntelliJ IDEA 2018.2.4\bin\breakgen64.dll
0x00007ff864800000 - 0x00007ff86481a000 	C:\Program Files\Java\jdk1.8.0_201\jre\bin\net.dll
0x00007ff8731d0000 - 0x00007ff8733bb000 	C:\WINDOWS\SYSTEM32\urlmon.dll
0x00007ff873750000 - 0x00007ff873a00000 	C:\WINDOWS\SYSTEM32\iertutil.dll
0x00007ff8731a0000 - 0x00007ff8731c8000 	C:\WINDOWS\SYSTEM32\srvcli.dll
0x00007ff8845c0000 - 0x00007ff8845cc000 	C:\WINDOWS\SYSTEM32\netutils.dll
0x00007ff8848e0000 - 0x00007ff88494a000 	C:\WINDOWS\system32\mswsock.dll
0x00007ff884580000 - 0x00007ff8845bb000 	C:\WINDOWS\SYSTEM32\IPHLPAPI.DLL
0x00007ff885e90000 - 0x00007ff885e98000 	C:\WINDOWS\System32\NSI.dll
0x00007ff87a5b0000 - 0x00007ff87a5c7000 	C:\WINDOWS\SYSTEM32\dhcpcsvc6.DLL
0x00007ff87aee0000 - 0x00007ff87aefd000 	C:\WINDOWS\SYSTEM32\dhcpcsvc.DLL
0x00007ff8845d0000 - 0x00007ff88469c000 	C:\WINDOWS\SYSTEM32\DNSAPI.dll
0x00007ff87c210000 - 0x00007ff87c21a000 	C:\Windows\System32\rasadhlp.dll
0x00007ff873d50000 - 0x00007ff873dcf000 	C:\WINDOWS\System32\fwpuclnt.dll
0x00007ff885210000 - 0x00007ff885237000 	C:\WINDOWS\System32\bcrypt.dll
0x00007ff87e7b0000 - 0x00007ff87e7bd000 	C:\Program Files\Java\jdk1.8.0_201\jre\bin\management.dll
0x00007ff867c90000 - 0x00007ff867ca7000 	C:\WINDOWS\system32\napinsp.dll
0x00007ff867c70000 - 0x00007ff867c8b000 	C:\WINDOWS\system32\pnrpnsp.dll
0x00007ff87f450000 - 0x00007ff87f465000 	C:\WINDOWS\system32\wshbth.dll
0x00007ff87fe80000 - 0x00007ff87fe9d000 	C:\WINDOWS\system32\NLAapi.dll
0x00007ff867bd0000 - 0x00007ff867be2000 	C:\WINDOWS\System32\winrnr.dll
0x00007ff8647e0000 - 0x00007ff8647f1000 	C:\Program Files\Java\jdk1.8.0_201\jre\bin\nio.dll
0x00007ff884ad0000 - 0x00007ff884ae8000 	C:\WINDOWS\SYSTEM32\CRYPTSP.dll
0x00007ff8841f0000 - 0x00007ff884224000 	C:\WINDOWS\system32\rsaenh.dll
0x00007ff885030000 - 0x00007ff88505e000 	C:\WINDOWS\SYSTEM32\USERENV.dll
0x00007ff885720000 - 0x00007ff8857a3000 	C:\WINDOWS\System32\bcryptprimitives.dll
0x00007ff884af0000 - 0x00007ff884afc000 	C:\WINDOWS\SYSTEM32\CRYPTBASE.dll
0x00007ff863df0000 - 0x00007ff863e14000 	C:\Program Files\Java\jdk1.8.0_201\jre\bin\sunec.dll
0x00007ff82b690000 - 0x00007ff82e4cd000 	C:\Users\lenovo\Desktop\Face-recognition-main\ArcSoft_ArcFace_Java_Windows_x64_V3.0\libs\WIN64\libarcsoft_face.dll
0x00007ff86b150000 - 0x00007ff86b23f000 	C:\WINDOWS\SYSTEM32\MSVCR120.dll
0x00007ff86b240000 - 0x00007ff86b2e6000 	C:\WINDOWS\SYSTEM32\MSVCP120.dll
0x00007ff83eb50000 - 0x00007ff83ebcf000 	C:\Users\lenovo\Desktop\Face-recognition-main\ArcSoft_ArcFace_Java_Windows_x64_V3.0\libs\WIN64\libarcsoft_face_engine.dll
0x00007ff8863e0000 - 0x00007ff886436000 	C:\WINDOWS\System32\WLDAP32.dll
0x00007ff85f820000 - 0x00007ff85f845000 	C:\Users\lenovo\Desktop\Face-recognition-main\ArcSoft_ArcFace_Java_Windows_x64_V3.0\libs\WIN64\libarcsoft_face_engine_jni.dll
0x00007ff8333d0000 - 0x00007ff833569000 	C:\Program Files\Java\jdk1.8.0_201\jre\bin\awt.dll
0x00007ff887320000 - 0x00007ff8873ed000 	C:\WINDOWS\System32\OLEAUT32.dll
0x00007ff881790000 - 0x00007ff881820000 	C:\WINDOWS\SYSTEM32\apphelp.dll
0x00007ff856890000 - 0x00007ff8568c1000 	C:\Program Files\Java\jdk1.8.0_201\jre\bin\jpeg.dll
0x00007ff8403b0000 - 0x00007ff8403ee000 	C:\Program Files\Java\jdk1.8.0_201\jre\bin\lcms.dll
0x00007ff8836d0000 - 0x00007ff8838b4000 	C:\WINDOWS\SYSTEM32\dbghelp.dll

VM Arguments:
jvm_args: -XX:CompileCommand=exclude,org/hibernate/cfg/annotations/SimpleValueBinder.setType -XX:TieredStopAtLevel=1 -Xverify:none -Dspring.output.ansi.enabled=always -javaagent:F:\subject\IDEA 2018_sssam.com\IntelliJ IDEA 2018.2.4\lib\idea_rt.jar=50557:F:\subject\IDEA 2018_sssam.com\IntelliJ IDEA 2018.2.4\bin -Dfile.encoding=UTF-8 
java_command: com.tangcheng.face_corn.FaceCornApplication
java_class_path (initial): C:\Program Files\Java\jdk1.8.0_201\jre\lib\charsets.jar;C:\Program Files\Java\jdk1.8.0_201\jre\lib\deploy.jar;C:\Program Files\Java\jdk1.8.0_201\jre\lib\ext\access-bridge-64.jar;C:\Program Files\Java\jdk1.8.0_201\jre\lib\ext\cldrdata.jar;C:\Program Files\Java\jdk1.8.0_201\jre\lib\ext\dnsns.jar;C:\Program Files\Java\jdk1.8.0_201\jre\lib\ext\jaccess.jar;C:\Program Files\Java\jdk1.8.0_201\jre\lib\ext\jfxrt.jar;C:\Program Files\Java\jdk1.8.0_201\jre\lib\ext\localedata.jar;C:\Program Files\Java\jdk1.8.0_201\jre\lib\ext\nashorn.jar;C:\Program Files\Java\jdk1.8.0_201\jre\lib\ext\sunec.jar;C:\Program Files\Java\jdk1.8.0_201\jre\lib\ext\sunjce_provider.jar;C:\Program Files\Java\jdk1.8.0_201\jre\lib\ext\sunmscapi.jar;C:\Program Files\Java\jdk1.8.0_201\jre\lib\ext\sunpkcs11.jar;C:\Program Files\Java\jdk1.8.0_201\jre\lib\ext\zipfs.jar;C:\Program Files\Java\jdk1.8.0_201\jre\lib\javaws.jar;C:\Program Files\Java\jdk1.8.0_201\jre\lib\jce.jar;C:\Program Files\Java\jdk1.8.0_201\jre\lib\jfr.jar;C:\Program Files\Java\jdk1.8.0_201\jre\lib\jfxswt.jar;C:\Program Files\Java\jdk1.8.0_201\jre\lib\jsse.jar;C:\Program Files\Java\jdk1.8.0_201\jre\lib\management-agent.jar;C:\Program Files\Java\jdk1.8.0_201\jre\lib\plugin.jar;C:\Program Files\Java\jdk1.8.0_201\jre\lib\resources.jar;C:\Program Files\Java\jdk1.8.0_201\jre\lib\rt.jar;C:\Users\lenovo\Desktop\Face-recognition-main\facesystem\face_corn\target\classes;C:\Users\lenovo\Desktop\Face-recognition-main\facesystem\common\target\classes;F:\subject\JavaWeb\maven-l\com\auth0\java-jwt\3.4.0\java-jwt-3.4.0.jar;F:\subject\JavaWeb\maven-l\commons-codec\commons-codec\1.15\commons-codec-1.15.jar;F:\subject\JavaWeb\maven-l\com\aliyun\oss\aliyun-sdk-oss\3.12.0\aliyun-sdk-oss-3.12.0.jar;F:\subject\JavaWeb\maven-l\org\apache\httpcomponents\httpclient\4.5.13\httpclient-4.5.13.jar;F:\subject\JavaWeb\maven-l\org\apache\httpcomponents\httpcore\4.4.14\httpcore-4.4.14.jar;F:\subject\JavaWeb\maven-l\org\jdom\jdom2\2.0.6\jdom2-2.0.6.ja
Launcher Type: SUN_STANDARD

Environment Variables:
JAVA_HOME=C:\Program Files\Java\jdk1.8.0_201
CLASSPATH=.;C:\Program Files\Java\jdk1.8.0_201\lib\dt.jar,C:\Program Files\Java\jdk1.8.0_201\lib\tools.jar;F:\subject\JavaWeb\apache-tomcat-8.5.45\lib\servlet-api.jar
PATH=C:\Program Files (x86)\Common Files\Oracle\Java\javapath;C:\WINDOWS\system32;C:\WINDOWS;C:\WINDOWS\System32\Wbem;C:\WINDOWS\System32\WindowsPowerShell\v1.0\;C:\WINDOWS\System32\OpenSSH\;F:\subject\JavaWeb\apache-tomcat-8.5.45\bin;F:\subject\JavaWeb\apache-tomcat-8.5.45\lib;C:\Program Files\NVIDIA Corporation\NVIDIA NvDLISR;F:\subject\JavaWeb\apache-maven-3.3.9\bin;F:\subject\JavaWeb\Gradle\gradle-6.9.1\bin;F:\subject\JavaWeb\nodejs;C:\Program Files\Java\jdk1.8.0_201\bin;C:\Program Files\MySQL\MySQL Server 8.0\bin;F:\subject\JavaWeb\env\MongoDB\bin;C:\Users\lenovo\AppData\Local\Microsoft\WindowsApps;F:\subject\PyCharm\PyCharm Community Edition 2020.3.3\bin;;F:\subject\JavaWeb\Microsoft VS Code\bin;F:\subject\JavaWeb\nodejs\node_global;
USERNAME=lenovo
OS=Windows_NT
PROCESSOR_IDENTIFIER=Intel64 Family 6 Model 158 Stepping 10, GenuineIntel



---------------  S Y S T E M  ---------------

OS: Windows 10.0 , 64 bit Build 19041 (10.0.19041.1202)

CPU:total 8 (initial active 8) (4 cores per cpu, 2 threads per core) family 6 model 158 stepping 10, cmov, cx8, fxsr, mmx, sse, sse2, sse3, ssse3, sse4.1, sse4.2, popcnt, avx, avx2, aes, clmul, erms, 3dnowpref, lzcnt, ht, tsc, tscinvbit, bmi1, bmi2, adx

Memory: 4k page, physical 8306932k(476684k free), swap 18792692k(2151028k free)

vm_info: Java HotSpot(TM) 64-Bit Server VM (25.201-b09) for windows-amd64 JRE (1.8.0_201-b09), built on Dec 15 2018 18:36:39 by "java_re" with MS VC++ 10.0 (VS2010)

time: Mon Nov 01 02:06:11 2021
timezone: 中国标准时间
elapsed time: 88 seconds (0d 0h 1m 28s)

