#
# A fatal error has been detected by the Java Runtime Environment:
#
#  EXCEPTION_ACCESS_VIOLATION (0xc0000005) at pc=0x00007ffe4f61e169, pid=26132, tid=0x0000000000006f5c
#
# JRE version: Java(TM) SE Runtime Environment (8.0_201-b09) (build 1.8.0_201-b09)
# Java VM: Java HotSpot(TM) 64-Bit Server VM (25.201-b09 mixed mode windows-amd64 compressed oops)
# Problematic frame:
# C  [libarcsoft_face.dll+0xe169]
#
# Failed to write core dump. Minidumps are not enabled by default on client versions of Windows
#
# If you would like to submit a bug report, please visit:
#   http://bugreport.java.com/bugreport/crash.jsp
# The crash happened outside the Java Virtual Machine in native code.
# See problematic frame for where to report the bug.
#

---------------  T H R E A D  ---------------

Current thread (0x000000001f0fa000):  JavaThread "http-nio-8081-exec-6" daemon [_thread_in_native, id=28508, stack(0x0000000022210000,0x0000000022410000)]

siginfo: ExceptionCode=0xc0000005, writing address 0x0000000028328000

Registers:
RAX=0x0000000000282868, RBX=0x0000000000282868, RCX=0x000000000000003a, RDX=0x0000000000280868
RSP=0x000000002240cc20, RBP=0x000000008000a021, RSI=0x0000000000000140, RDI=0x0000000000000028
R8 =0x00000000000000ff, R9 =0x0000000000000000, R10=0x0000000000281868, R11=0x000000002791de60
R12=0x0000000000000040, R13=0x0000000000000040, R14=0x0000000000000000, R15=0x000000001f73de50
RIP=0x00007ffe4f61e169, EFLAGS=0x0000000000010206

Top of Stack: (sp=0x000000002240cc20)
0x000000002240cc20:   00000000000000c7 00007ffe4f63ef29
0x000000002240cc30:   00000000262964e0 0000000000000000
0x000000002240cc40:   0000000000000000 4f46c3064fe351e2
0x000000002240cc50:   000000002240cd60 00007ffe4f61c5f2
0x000000002240cc60:   0000000000000000 0000000000000000
0x000000002240cc70:   0000000000000000 0000000000000000
0x000000002240cc80:   000000008000a021 000000000000003a
0x000000002240cc90:   0000000000000049 000000000000004b
0x000000002240cca0:   0000000000000000 0000000000000000
0x000000002240ccb0:   0000000000000040 00000000000003c0
0x000000002240ccc0:   0000000000000000 0000000000000000
0x000000002240ccd0:   0000000000000040 000000002240cdf8
0x000000002240cce0:   0000000000000000 0000000000000040
0x000000002240ccf0:   0000000000000040 000000002791de60
0x000000002240cd00:   000000002260d340 00007ffe4f61bf04
0x000000002240cd10:   0000000000000000 00007ffe000000f0 

Instructions: (pc=0x00007ffe4f61e169)
0x00007ffe4f61e149:   41 0f 11 04 83 8b 44 24 68 41 3b c0 41 0f 4f c0
0x00007ffe4f61e159:   85 c0 41 0f 48 c1 66 0f 6e c0 48 63 c3 0f 5b c0
0x00007ffe4f61e169:   f3 41 0f 11 04 83 48 83 c4 30 5b c3 cc cc cc cc
0x00007ffe4f61e179:   cc cc cc cc cc cc cc 48 8b c4 48 89 58 18 55 56 


Register to memory mapping:

RAX=0x0000000000282868 is an unknown value
RBX=0x0000000000282868 is an unknown value
RCX=0x000000000000003a is an unknown value
RDX=0x0000000000280868 is an unknown value
RSP=0x000000002240cc20 is pointing into the stack for thread: 0x000000001f0fa000
RBP=0x000000008000a021 is pointing into object: 0x000000008000a000
[B 
 - klass: {type array byte}
 - length: 2756
RSI=0x0000000000000140 is an unknown value
RDI=0x0000000000000028 is an unknown value
R8 =0x00000000000000ff is an unknown value
R9 =0x0000000000000000 is an unknown value
R10=0x0000000000281868 is an unknown value
R11=0x000000002791de60 is an unknown value
R12=0x0000000000000040 is an unknown value
R13=0x0000000000000040 is an unknown value
R14=0x0000000000000000 is an unknown value
R15=0x000000001f73de50 is an unknown value


Stack: [0x0000000022210000,0x0000000022410000],  sp=0x000000002240cc20,  free space=2035k
Native frames: (J=compiled Java code, j=interpreted, Vv=VM code, C=native code)
C  [libarcsoft_face.dll+0xe169]
C  [libarcsoft_face.dll+0xc5f2]
C  [libarcsoft_face.dll+0xbf04]
C  [libarcsoft_face.dll+0x9049]
C  [libarcsoft_face.dll+0x89bc]
C  [libarcsoft_face.dll+0x7d0a]
C  [libarcsoft_face.dll+0x3c88]
C  [libarcsoft_face_engine.dll+0x58ca]
C  [libarcsoft_face_engine_jni.dll+0x18f6]
C  0x0000000003598c67

Java frames: (J=compiled Java code, j=interpreted, Vv=VM code)
j  com.arcsoft.face.FaceEngine.detectFaces(J[BIIII[Lcom/arcsoft/face/FaceInfo;)I+0
j  com.arcsoft.face.FaceEngine.detectFaces([BIILcom/arcsoft/face/enums/ImageFormat;Lcom/arcsoft/face/enums/DetectModel;Ljava/util/List;)I+107
j  com.arcsoft.face.FaceEngine.detectFaces([BIILcom/arcsoft/face/enums/ImageFormat;Ljava/util/List;)I+11
j  com.tangcheng.face_corn.service.impl.faceServiceImpl.facesearch(Ljava/io/InputStream;Ljava/util/List;)Ljava/lang/String;+45
j  com.tangcheng.face_corn.controller.faceController.facesearch(Ljava/lang/String;Ljava/util/List;)Lresult/Result;+22
j  sun.reflect.GeneratedMethodAccessor63.invoke(Ljava/lang/Object;[Ljava/lang/Object;)Ljava/lang/Object;+48
J 1579 C1 sun.reflect.DelegatingMethodAccessorImpl.invoke(Ljava/lang/Object;[Ljava/lang/Object;)Ljava/lang/Object; (10 bytes) @ 0x00000000038e34a4 [0x00000000038e3460+0x44]
J 1578 C1 java.lang.reflect.Method.invoke(Ljava/lang/Object;[Ljava/lang/Object;)Ljava/lang/Object; (62 bytes) @ 0x00000000038e30d4 [0x00000000038e2fe0+0xf4]
j  org.springframework.web.method.support.InvocableHandlerMethod.doInvoke([Ljava/lang/Object;)Ljava/lang/Object;+32
j  org.springframework.web.method.support.InvocableHandlerMethod.invokeForRequest(Lorg/springframework/web/context/request/NativeWebRequest;Lorg/springframework/web/method/support/ModelAndViewContainer;[Ljava/lang/Object;)Ljava/lang/Object;+54
j  org.springframework.web.servlet.mvc.method.annotation.ServletInvocableHandlerMethod.invokeAndHandle(Lorg/springframework/web/context/request/ServletWebRequest;Lorg/springframework/web/method/support/ModelAndViewContainer;[Ljava/lang/Object;)V+4
j  org.springframework.web.servlet.mvc.method.annotation.RequestMappingHandlerAdapter.invokeHandlerMethod(Ljavax/servlet/http/HttpServletRequest;Ljavax/servlet/http/HttpServletResponse;Lorg/springframework/web/method/HandlerMethod;)Lorg/springframework/web/servlet/ModelAndView;+244
j  org.springframework.web.servlet.mvc.method.annotation.RequestMappingHandlerAdapter.handleInternal(Ljavax/servlet/http/HttpServletRequest;Ljavax/servlet/http/HttpServletResponse;Lorg/springframework/web/method/HandlerMethod;)Lorg/springframework/web/servlet/ModelAndView;+81
j  org.springframework.web.servlet.mvc.method.AbstractHandlerMethodAdapter.handle(Ljavax/servlet/http/HttpServletRequest;Ljavax/servlet/http/HttpServletResponse;Ljava/lang/Object;)Lorg/springframework/web/servlet/ModelAndView;+7
j  org.springframework.web.servlet.DispatcherServlet.doDispatch(Ljavax/servlet/http/HttpServletRequest;Ljavax/servlet/http/HttpServletResponse;)V+259
j  org.springframework.web.servlet.DispatcherServlet.doService(Ljavax/servlet/http/HttpServletRequest;Ljavax/servlet/http/HttpServletResponse;)V+241
j  org.springframework.web.servlet.FrameworkServlet.processRequest(Ljavax/servlet/http/HttpServletRequest;Ljavax/servlet/http/HttpServletResponse;)V+71
j  org.springframework.web.servlet.FrameworkServlet.doPost(Ljavax/servlet/http/HttpServletRequest;Ljavax/servlet/http/HttpServletResponse;)V+3
j  javax.servlet.http.HttpServlet.service(Ljavax/servlet/http/HttpServletRequest;Ljavax/servlet/http/HttpServletResponse;)V+149
j  org.springframework.web.servlet.FrameworkServlet.service(Ljavax/servlet/http/HttpServletRequest;Ljavax/servlet/http/HttpServletResponse;)V+33
j  javax.servlet.http.HttpServlet.service(Ljavax/servlet/ServletRequest;Ljavax/servlet/ServletResponse;)V+36
J 5488 C1 org.apache.catalina.core.ApplicationFilterChain.internalDoFilter(Ljavax/servlet/ServletRequest;Ljavax/servlet/ServletResponse;)V (388 bytes) @ 0x0000000003f49e54 [0x0000000003f49c40+0x214]
J 5487 C1 org.apache.catalina.core.ApplicationFilterChain.doFilter(Ljavax/servlet/ServletRequest;Ljavax/servlet/ServletResponse;)V (103 bytes) @ 0x0000000003f49814 [0x0000000003f497e0+0x34]
j  org.apache.tomcat.websocket.server.WsFilter.doFilter(Ljavax/servlet/ServletRequest;Ljavax/servlet/ServletResponse;Ljavax/servlet/FilterChain;)V+21
J 5488 C1 org.apache.catalina.core.ApplicationFilterChain.internalDoFilter(Ljavax/servlet/ServletRequest;Ljavax/servlet/ServletResponse;)V (388 bytes) @ 0x0000000003f4a074 [0x0000000003f49c40+0x434]
J 5487 C1 org.apache.catalina.core.ApplicationFilterChain.doFilter(Ljavax/servlet/ServletRequest;Ljavax/servlet/ServletResponse;)V (103 bytes) @ 0x0000000003f49814 [0x0000000003f497e0+0x34]
j  org.springframework.web.filter.RequestContextFilter.doFilterInternal(Ljavax/servlet/http/HttpServletRequest;Ljavax/servlet/http/HttpServletResponse;Ljavax/servlet/FilterChain;)V+21
J 5772 C1 org.springframework.web.filter.OncePerRequestFilter.doFilter(Ljavax/servlet/ServletRequest;Ljavax/servlet/ServletResponse;Ljavax/servlet/FilterChain;)V (175 bytes) @ 0x0000000003fa8094 [0x0000000003fa7d40+0x354]
J 5488 C1 org.apache.catalina.core.ApplicationFilterChain.internalDoFilter(Ljavax/servlet/ServletRequest;Ljavax/servlet/ServletResponse;)V (388 bytes) @ 0x0000000003f4a074 [0x0000000003f49c40+0x434]
J 5487 C1 org.apache.catalina.core.ApplicationFilterChain.doFilter(Ljavax/servlet/ServletRequest;Ljavax/servlet/ServletResponse;)V (103 bytes) @ 0x0000000003f49814 [0x0000000003f497e0+0x34]
j  org.springframework.web.filter.FormContentFilter.doFilterInternal(Ljavax/servlet/http/HttpServletRequest;Ljavax/servlet/http/HttpServletResponse;Ljavax/servlet/FilterChain;)V+38
J 5772 C1 org.springframework.web.filter.OncePerRequestFilter.doFilter(Ljavax/servlet/ServletRequest;Ljavax/servlet/ServletResponse;Ljavax/servlet/FilterChain;)V (175 bytes) @ 0x0000000003fa8094 [0x0000000003fa7d40+0x354]
J 5488 C1 org.apache.catalina.core.ApplicationFilterChain.internalDoFilter(Ljavax/servlet/ServletRequest;Ljavax/servlet/ServletResponse;)V (388 bytes) @ 0x0000000003f4a074 [0x0000000003f49c40+0x434]
J 5487 C1 org.apache.catalina.core.ApplicationFilterChain.doFilter(Ljavax/servlet/ServletRequest;Ljavax/servlet/ServletResponse;)V (103 bytes) @ 0x0000000003f49814 [0x0000000003f497e0+0x34]
j  org.springframework.web.filter.CharacterEncodingFilter.doFilterInternal(Ljavax/servlet/http/HttpServletRequest;Ljavax/servlet/http/HttpServletResponse;Ljavax/servlet/FilterChain;)V+53
J 5772 C1 org.springframework.web.filter.OncePerRequestFilter.doFilter(Ljavax/servlet/ServletRequest;Ljavax/servlet/ServletResponse;Ljavax/servlet/FilterChain;)V (175 bytes) @ 0x0000000003fa8094 [0x0000000003fa7d40+0x354]
J 5488 C1 org.apache.catalina.core.ApplicationFilterChain.internalDoFilter(Ljavax/servlet/ServletRequest;Ljavax/servlet/ServletResponse;)V (388 bytes) @ 0x0000000003f4a074 [0x0000000003f49c40+0x434]
J 5487 C1 org.apache.catalina.core.ApplicationFilterChain.doFilter(Ljavax/servlet/ServletRequest;Ljavax/servlet/ServletResponse;)V (103 bytes) @ 0x0000000003f49814 [0x0000000003f497e0+0x34]
j  org.apache.catalina.core.StandardWrapperValve.invoke(Lorg/apache/catalina/connector/Request;Lorg/apache/catalina/connector/Response;)V+694
j  org.apache.catalina.core.StandardContextValve.invoke(Lorg/apache/catalina/connector/Request;Lorg/apache/catalina/connector/Response;)V+169
j  org.apache.catalina.authenticator.AuthenticatorBase.invoke(Lorg/apache/catalina/connector/Request;Lorg/apache/catalina/connector/Response;)V+260
j  org.apache.catalina.core.StandardHostValve.invoke(Lorg/apache/catalina/connector/Request;Lorg/apache/catalina/connector/Response;)V+128
j  org.apache.catalina.valves.ErrorReportValve.invoke(Lorg/apache/catalina/connector/Request;Lorg/apache/catalina/connector/Response;)V+6
j  org.apache.catalina.core.StandardEngineValve.invoke(Lorg/apache/catalina/connector/Request;Lorg/apache/catalina/connector/Response;)V+59
j  org.apache.catalina.connector.CoyoteAdapter.service(Lorg/apache/coyote/Request;Lorg/apache/coyote/Response;)V+199
j  org.apache.coyote.http11.Http11Processor.service(Lorg/apache/tomcat/util/net/SocketWrapperBase;)Lorg/apache/tomcat/util/net/AbstractEndpoint$Handler$SocketState;+737
j  org.apache.coyote.AbstractProcessorLight.process(Lorg/apache/tomcat/util/net/SocketWrapperBase;Lorg/apache/tomcat/util/net/SocketEvent;)Lorg/apache/tomcat/util/net/AbstractEndpoint$Handler$SocketState;+170
j  org.apache.coyote.AbstractProtocol$ConnectionHandler.process(Lorg/apache/tomcat/util/net/SocketWrapperBase;Lorg/apache/tomcat/util/net/SocketEvent;)Lorg/apache/tomcat/util/net/AbstractEndpoint$Handler$SocketState;+505
j  org.apache.tomcat.util.net.NioEndpoint$SocketProcessor.doRun()V+216
j  org.apache.tomcat.util.net.SocketProcessorBase.run()V+21
j  java.util.concurrent.ThreadPoolExecutor.runWorker(Ljava/util/concurrent/ThreadPoolExecutor$Worker;)V+95
j  java.util.concurrent.ThreadPoolExecutor$Worker.run()V+5
j  org.apache.tomcat.util.threads.TaskThread$WrappingRunnable.run()V+4
j  java.lang.Thread.run()V+11
v  ~StubRoutines::call_stub

---------------  P R O C E S S  ---------------

Java Threads: ( => current thread )
  0x000000001b5aa800 JavaThread "AsyncResolver-bootstrap-executor-0" daemon [_thread_blocked, id=26908, stack(0x0000000041db0000,0x0000000041fb0000)]
  0x000000001f106800 JavaThread "lettuce-eventExecutorLoop-1-8" daemon [_thread_blocked, id=27944, stack(0x00000000431b0000,0x00000000433b0000)]
  0x000000001f104800 JavaThread "lettuce-eventExecutorLoop-1-7" daemon [_thread_blocked, id=7936, stack(0x0000000042fb0000,0x00000000431b0000)]
  0x000000001f103000 JavaThread "lettuce-eventExecutorLoop-1-6" daemon [_thread_blocked, id=21140, stack(0x0000000042db0000,0x0000000042fb0000)]
  0x000000001f101800 JavaThread "DiscoveryClient-CacheRefreshExecutor-0" daemon [_thread_blocked, id=25640, stack(0x0000000042bb0000,0x0000000042db0000)]
  0x000000001f104000 JavaThread "DiscoveryClient-HeartbeatExecutor-0" daemon [_thread_blocked, id=6228, stack(0x00000000429b0000,0x0000000042bb0000)]
  0x000000001f107000 JavaThread "lettuce-eventExecutorLoop-1-5" daemon [_thread_blocked, id=26540, stack(0x00000000427b0000,0x00000000429b0000)]
  0x000000001f108000 JavaThread "lettuce-eventExecutorLoop-1-4" daemon [_thread_blocked, id=12524, stack(0x00000000425b0000,0x00000000427b0000)]
  0x000000001f105800 JavaThread "lettuce-eventExecutorLoop-1-3" daemon [_thread_blocked, id=25956, stack(0x00000000423b0000,0x00000000425b0000)]
  0x000000001f102800 JavaThread "Java2D Disposer" daemon [_thread_blocked, id=1264, stack(0x0000000041fb0000,0x00000000421b0000)]
  0x000000001f0fb000 JavaThread "lettuce-eventExecutorLoop-1-2" daemon [_thread_blocked, id=26532, stack(0x0000000041bb0000,0x0000000041db0000)]
  0x000000001f101000 JavaThread "lettuce-eventExecutorLoop-1-1" daemon [_thread_blocked, id=6900, stack(0x0000000024920000,0x0000000024b20000)]
  0x000000001f0f9800 JavaThread "lettuce-nioEventLoop-4-1" daemon [_thread_in_native, id=13940, stack(0x0000000023410000,0x0000000023610000)]
  0x000000001f100000 JavaThread "DestroyJavaVM" [_thread_blocked, id=25420, stack(0x00000000031b0000,0x00000000033b0000)]
  0x000000001f0f8800 JavaThread "http-nio-8081-Acceptor" daemon [_thread_in_native, id=28312, stack(0x0000000022e10000,0x0000000023010000)]
  0x000000001f0fe800 JavaThread "http-nio-8081-ClientPoller" daemon [_thread_in_native, id=28368, stack(0x0000000022c10000,0x0000000022e10000)]
  0x000000001f0fe000 JavaThread "http-nio-8081-exec-10" daemon [_thread_in_native, id=28408, stack(0x0000000022a10000,0x0000000022c10000)]
  0x000000001f0fd000 JavaThread "http-nio-8081-exec-9" daemon [_thread_in_native, id=25176, stack(0x0000000022810000,0x0000000022a10000)]
  0x000000001f0fc800 JavaThread "http-nio-8081-exec-8" daemon [_thread_in_native, id=27056, stack(0x0000000022610000,0x0000000022810000)]
  0x000000001f0ff800 JavaThread "http-nio-8081-exec-7" daemon [_thread_in_native, id=12292, stack(0x0000000022410000,0x0000000022610000)]
=>0x000000001f0fa000 JavaThread "http-nio-8081-exec-6" daemon [_thread_in_native, id=28508, stack(0x0000000022210000,0x0000000022410000)]
  0x000000001f0fb800 JavaThread "http-nio-8081-exec-5" daemon [_thread_blocked, id=27032, stack(0x0000000022010000,0x0000000022210000)]
  0x000000001ef9a800 JavaThread "http-nio-8081-exec-4" daemon [_thread_blocked, id=18960, stack(0x0000000021e10000,0x0000000022010000)]
  0x000000001ef99000 JavaThread "http-nio-8081-exec-3" daemon [_thread_in_native, id=28196, stack(0x0000000021c10000,0x0000000021e10000)]
  0x000000001ef9f000 JavaThread "http-nio-8081-exec-2" daemon [_thread_blocked, id=28220, stack(0x0000000021a10000,0x0000000021c10000)]
  0x000000001ef9d800 JavaThread "http-nio-8081-exec-1" daemon [_thread_blocked, id=25524, stack(0x0000000021810000,0x0000000021a10000)]
  0x000000001ef98000 JavaThread "http-nio-8081-BlockPoller" daemon [_thread_in_native, id=25844, stack(0x0000000021610000,0x0000000021810000)]
  0x000000001ef9c800 JavaThread "DiscoveryClient-InstanceInfoReplicator-0" daemon [_thread_blocked, id=27252, stack(0x0000000021410000,0x0000000021610000)]
  0x000000001ef9c000 JavaThread "DiscoveryClient-1" daemon [_thread_blocked, id=27040, stack(0x0000000021210000,0x0000000021410000)]
  0x000000001ef9e000 JavaThread "DiscoveryClient-0" daemon [_thread_blocked, id=28076, stack(0x0000000020f10000,0x0000000021110000)]
  0x000000001ef99800 JavaThread "AsyncResolver-bootstrap-0" daemon [_thread_blocked, id=26996, stack(0x0000000020910000,0x0000000020b10000)]
  0x000000001ef9b000 JavaThread "spring.cloud.inetutils" daemon [_thread_blocked, id=24644, stack(0x0000000020510000,0x0000000020710000)]
  0x000000001ed74800 JavaThread "lettuce-timer-3-1" daemon [_thread_blocked, id=26728, stack(0x000000001fd10000,0x000000001ff10000)]
  0x000000001d0dc800 JavaThread "container-0" [_thread_blocked, id=18984, stack(0x000000001eb40000,0x000000001ed40000)]
  0x000000001d0cd800 JavaThread "Catalina-utility-2" [_thread_blocked, id=26016, stack(0x000000001e940000,0x000000001eb40000)]
  0x000000001d0b7000 JavaThread "Catalina-utility-1" [_thread_blocked, id=22868, stack(0x000000001e740000,0x000000001e940000)]
  0x000000001b3d4000 JavaThread "Service Thread" daemon [_thread_blocked, id=17072, stack(0x000000001bdc0000,0x000000001bfc0000)]
  0x000000001b33b000 JavaThread "C1 CompilerThread3" daemon [_thread_blocked, id=19288, stack(0x000000001bcc0000,0x000000001bdc0000)]
  0x000000001b339000 JavaThread "C2 CompilerThread2" daemon [_thread_blocked, id=25692, stack(0x000000001bbc0000,0x000000001bcc0000)]
  0x000000001b338800 JavaThread "C2 CompilerThread1" daemon [_thread_blocked, id=28536, stack(0x000000001bac0000,0x000000001bbc0000)]
  0x000000001b333800 JavaThread "C2 CompilerThread0" daemon [_thread_blocked, id=27792, stack(0x000000001b9c0000,0x000000001bac0000)]
  0x000000001b291000 JavaThread "Monitor Ctrl-Break" daemon [_thread_in_native, id=27808, stack(0x000000001b7c0000,0x000000001b9c0000)]
  0x000000001a45a000 JavaThread "Attach Listener" daemon [_thread_blocked, id=27856, stack(0x000000001adc0000,0x000000001afc0000)]
  0x000000001a401800 JavaThread "Signal Dispatcher" daemon [_thread_blocked, id=27716, stack(0x000000001abc0000,0x000000001adc0000)]
  0x00000000185f4800 JavaThread "Finalizer" daemon [_thread_blocked, id=23008, stack(0x000000001a9c0000,0x000000001abc0000)]
  0x000000001a3e0800 JavaThread "Reference Handler" daemon [_thread_blocked, id=28240, stack(0x000000001a7c0000,0x000000001a9c0000)]

Other Threads:
  0x00000000185e7800 VMThread [stack: 0x000000001a2c0000,0x000000001a3c0000] [id=20932]
  0x000000001b340000 WatcherThread [stack: 0x000000001bfc0000,0x000000001c0c0000] [id=27724]

VM state:not at safepoint (normal execution)

VM Mutex/Monitor currently owned by a thread: None

heap address: 0x0000000080000000, size: 2048 MB, Compressed Oops mode: 32-bit
Narrow klass base: 0x0000000000000000, Narrow klass shift: 3
Compressed class space size: 1073741824 Address: 0x0000000100000000

Heap:
 PSYoungGen      total 437248K, used 403514K [0x00000000d5580000, 0x00000000f2680000, 0x0000000100000000)
  eden space 410624K, 91% used [0x00000000d5580000,0x00000000ec5a6bb8,0x00000000ee680000)
  from space 26624K, 99% used [0x00000000f0480000,0x00000000f1e67de0,0x00000000f1e80000)
  to   space 30720K, 0% used [0x00000000ee680000,0x00000000ee680000,0x00000000f0480000)
 ParOldGen       total 87552K, used 35247K [0x0000000080000000, 0x0000000085580000, 0x00000000d5580000)
  object space 87552K, 40% used [0x0000000080000000,0x000000008226bf38,0x0000000085580000)
 Metaspace       used 53750K, capacity 57350K, committed 57472K, reserved 1099776K
  class space    used 7337K, capacity 7979K, committed 8064K, reserved 1048576K

Card table byte_map: [0x0000000012940000,0x0000000012d50000] byte_map_base: 0x0000000012540000

Marking Bits: (ParMarkBitMap*) 0x000000005aa64ce0
 Begin Bits: [0x0000000013800000, 0x0000000015800000)
 End Bits:   [0x0000000015800000, 0x0000000017800000)

Polling page: 0x0000000002c30000

CodeCache: size=245760Kb used=10868Kb max_used=10868Kb free=234891Kb
 bounds [0x0000000003580000, 0x0000000004030000, 0x0000000012580000]
 total_blobs=6538 nmethods=5946 adapters=503
 compilation: enabled

Compilation events (10 events):
Event: 606.010 Thread 0x000000001b33b000 6077       1       org.springframework.web.util.UriComponents::getFragment (5 bytes)
Event: 606.010 Thread 0x000000001b33b000 nmethod 6077 0x000000000401e850 code [0x000000000401e9a0, 0x000000000401eab0]
Event: 606.019 Thread 0x000000001b33b000 6079       1       org.apache.http.impl.conn.CPoolProxy::getValidConnection (19 bytes)
Event: 606.019 Thread 0x000000001b33b000 nmethod 6079 0x000000000401eb10 code [0x000000000401ec80, 0x000000000401ee68]
Event: 606.019 Thread 0x000000001b33b000 6080       1       org.apache.http.impl.conn.CPoolProxy::getConnection (19 bytes)
Event: 606.020 Thread 0x000000001b33b000 nmethod 6080 0x000000000401ef90 code [0x000000000401f0e0, 0x000000000401f270]
Event: 606.022 Thread 0x000000001b33b000 6081       1       org.springframework.util.LinkedCaseInsensitiveMap::<init> (48 bytes)
Event: 606.023 Thread 0x000000001b33b000 nmethod 6081 0x000000000401f310 code [0x000000000401f4c0, 0x000000000401f7f8]
Event: 606.026 Thread 0x000000001b33b000 6082       1       com.netflix.discovery.shared.transport.EurekaHttpResponse::getStatusCode (5 bytes)
Event: 606.026 Thread 0x000000001b33b000 nmethod 6082 0x000000000401f950 code [0x000000000401faa0, 0x000000000401fbb0]

GC Heap History (10 events):
Event: 1.747 GC heap before
{Heap before GC invocations=6 (full 0):
 PSYoungGen      total 71680K, used 71670K [0x00000000d5580000, 0x00000000dea80000, 0x0000000100000000)
  eden space 66560K, 100% used [0x00000000d5580000,0x00000000d9680000,0x00000000d9680000)
  from space 5120K, 99% used [0x00000000d9680000,0x00000000d9b7da48,0x00000000d9b80000)
  to   space 9728K, 0% used [0x00000000de100000,0x00000000de100000,0x00000000dea80000)
 ParOldGen       total 87552K, used 7687K [0x0000000080000000, 0x0000000085580000, 0x00000000d5580000)
  object space 87552K, 8% used [0x0000000080000000,0x0000000080781e40,0x0000000085580000)
 Metaspace       used 21710K, capacity 22760K, committed 23040K, reserved 1069056K
  class space    used 2953K, capacity 3212K, committed 3328K, reserved 1048576K
Event: 1.755 GC heap after
Heap after GC invocations=6 (full 0):
 PSYoungGen      total 140288K, used 9727K [0x00000000d5580000, 0x00000000def80000, 0x0000000100000000)
  eden space 130560K, 0% used [0x00000000d5580000,0x00000000d5580000,0x00000000dd500000)
  from space 9728K, 99% used [0x00000000de100000,0x00000000dea7fcc0,0x00000000dea80000)
  to   space 12288K, 0% used [0x00000000dd500000,0x00000000dd500000,0x00000000de100000)
 ParOldGen       total 87552K, used 9429K [0x0000000080000000, 0x0000000085580000, 0x00000000d5580000)
  object space 87552K, 10% used [0x0000000080000000,0x00000000809355b8,0x0000000085580000)
 Metaspace       used 21710K, capacity 22760K, committed 23040K, reserved 1069056K
  class space    used 2953K, capacity 3212K, committed 3328K, reserved 1048576K
}
Event: 2.454 GC heap before
{Heap before GC invocations=7 (full 0):
 PSYoungGen      total 140288K, used 140287K [0x00000000d5580000, 0x00000000def80000, 0x0000000100000000)
  eden space 130560K, 100% used [0x00000000d5580000,0x00000000dd500000,0x00000000dd500000)
  from space 9728K, 99% used [0x00000000de100000,0x00000000dea7fcc0,0x00000000dea80000)
  to   space 12288K, 0% used [0x00000000dd500000,0x00000000dd500000,0x00000000de100000)
 ParOldGen       total 87552K, used 9429K [0x0000000080000000, 0x0000000085580000, 0x00000000d5580000)
  object space 87552K, 10% used [0x0000000080000000,0x00000000809355b8,0x0000000085580000)
 Metaspace       used 27242K, capacity 28716K, committed 28928K, reserved 1075200K
  class space    used 3731K, capacity 4038K, committed 4096K, reserved 1048576K
Event: 2.464 GC heap after
Heap after GC invocations=7 (full 0):
 PSYoungGen      total 142848K, used 12284K [0x00000000d5580000, 0x00000000e7480000, 0x0000000100000000)
  eden space 130560K, 0% used [0x00000000d5580000,0x00000000d5580000,0x00000000dd500000)
  from space 12288K, 99% used [0x00000000dd500000,0x00000000de0ff148,0x00000000de100000)
  to   space 16384K, 0% used [0x00000000e6480000,0x00000000e6480000,0x00000000e7480000)
 ParOldGen       total 87552K, used 13830K [0x0000000080000000, 0x0000000085580000, 0x00000000d5580000)
  object space 87552K, 15% used [0x0000000080000000,0x0000000080d81a90,0x0000000085580000)
 Metaspace       used 27242K, capacity 28716K, committed 28928K, reserved 1075200K
  class space    used 3731K, capacity 4038K, committed 4096K, reserved 1048576K
}
Event: 3.557 GC heap before
{Heap before GC invocations=8 (full 0):
 PSYoungGen      total 142848K, used 142844K [0x00000000d5580000, 0x00000000e7480000, 0x0000000100000000)
  eden space 130560K, 100% used [0x00000000d5580000,0x00000000dd500000,0x00000000dd500000)
  from space 12288K, 99% used [0x00000000dd500000,0x00000000de0ff148,0x00000000de100000)
  to   space 16384K, 0% used [0x00000000e6480000,0x00000000e6480000,0x00000000e7480000)
 ParOldGen       total 87552K, used 13830K [0x0000000080000000, 0x0000000085580000, 0x00000000d5580000)
  object space 87552K, 15% used [0x0000000080000000,0x0000000080d81a90,0x0000000085580000)
 Metaspace       used 34679K, capacity 36972K, committed 37248K, reserved 1081344K
  class space    used 4758K, capacity 5186K, committed 5248K, reserved 1048576K
Event: 3.567 GC heap after
Heap after GC invocations=8 (full 0):
 PSYoungGen      total 275456K, used 15639K [0x00000000d5580000, 0x00000000e7880000, 0x0000000100000000)
  eden space 259072K, 0% used [0x00000000d5580000,0x00000000d5580000,0x00000000e5280000)
  from space 16384K, 95% used [0x00000000e6480000,0x00000000e73c5cb0,0x00000000e7480000)
  to   space 18432K, 0% used [0x00000000e5280000,0x00000000e5280000,0x00000000e6480000)
 ParOldGen       total 87552K, used 15077K [0x0000000080000000, 0x0000000085580000, 0x00000000d5580000)
  object space 87552K, 17% used [0x0000000080000000,0x0000000080eb95b8,0x0000000085580000)
 Metaspace       used 34679K, capacity 36972K, committed 37248K, reserved 1081344K
  class space    used 4758K, capacity 5186K, committed 5248K, reserved 1048576K
}
Event: 15.578 GC heap before
{Heap before GC invocations=9 (full 0):
 PSYoungGen      total 275456K, used 274711K [0x00000000d5580000, 0x00000000e7880000, 0x0000000100000000)
  eden space 259072K, 100% used [0x00000000d5580000,0x00000000e5280000,0x00000000e5280000)
  from space 16384K, 95% used [0x00000000e6480000,0x00000000e73c5cb0,0x00000000e7480000)
  to   space 18432K, 0% used [0x00000000e5280000,0x00000000e5280000,0x00000000e6480000)
 ParOldGen       total 87552K, used 15077K [0x0000000080000000, 0x0000000085580000, 0x00000000d5580000)
  object space 87552K, 17% used [0x0000000080000000,0x0000000080eb95b8,0x0000000085580000)
 Metaspace       used 52080K, capacity 55608K, committed 55680K, reserved 1097728K
  class space    used 7128K, capacity 7758K, committed 7808K, reserved 1048576K
Event: 15.596 GC heap after
Heap after GC invocations=9 (full 0):
 PSYoungGen      total 277504K, used 18400K [0x00000000d5580000, 0x00000000f1e80000, 0x0000000100000000)
  eden space 259072K, 0% used [0x00000000d5580000,0x00000000d5580000,0x00000000e5280000)
  from space 18432K, 99% used [0x00000000e5280000,0x00000000e64780d0,0x00000000e6480000)
  to   space 26624K, 0% used [0x00000000f0480000,0x00000000f0480000,0x00000000f1e80000)
 ParOldGen       total 87552K, used 29047K [0x0000000080000000, 0x0000000085580000, 0x00000000d5580000)
  object space 87552K, 33% used [0x0000000080000000,0x0000000081c5deb0,0x0000000085580000)
 Metaspace       used 52080K, capacity 55608K, committed 55680K, reserved 1097728K
  class space    used 7128K, capacity 7758K, committed 7808K, reserved 1048576K
}
Event: 587.148 GC heap before
{Heap before GC invocations=10 (full 0):
 PSYoungGen      total 277504K, used 277472K [0x00000000d5580000, 0x00000000f1e80000, 0x0000000100000000)
  eden space 259072K, 100% used [0x00000000d5580000,0x00000000e5280000,0x00000000e5280000)
  from space 18432K, 99% used [0x00000000e5280000,0x00000000e64780d0,0x00000000e6480000)
  to   space 26624K, 0% used [0x00000000f0480000,0x00000000f0480000,0x00000000f1e80000)
 ParOldGen       total 87552K, used 29047K [0x0000000080000000, 0x0000000085580000, 0x00000000d5580000)
  object space 87552K, 33% used [0x0000000080000000,0x0000000081c5deb0,0x0000000085580000)
 Metaspace       used 53727K, capacity 57350K, committed 57472K, reserved 1099776K
  class space    used 7337K, capacity 7979K, committed 8064K, reserved 1048576K
Event: 587.165 GC heap after
Heap after GC invocations=10 (full 0):
 PSYoungGen      total 437248K, used 26527K [0x00000000d5580000, 0x00000000f2680000, 0x0000000100000000)
  eden space 410624K, 0% used [0x00000000d5580000,0x00000000d5580000,0x00000000ee680000)
  from space 26624K, 99% used [0x00000000f0480000,0x00000000f1e67de0,0x00000000f1e80000)
  to   space 30720K, 0% used [0x00000000ee680000,0x00000000ee680000,0x00000000f0480000)
 ParOldGen       total 87552K, used 35247K [0x0000000080000000, 0x0000000085580000, 0x00000000d5580000)
  object space 87552K, 40% used [0x0000000080000000,0x000000008226bf38,0x0000000085580000)
 Metaspace       used 53727K, capacity 57350K, committed 57472K, reserved 1099776K
  class space    used 7337K, capacity 7979K, committed 8064K, reserved 1048576K
}

Deoptimization events (0 events):
No events

Classes redefined (0 events):
No events

Internal exceptions (10 events):
Event: 515.988 Thread 0x000000001f104000 Exception <a 'java/net/SocketTimeoutException': Read timed out> (0x00000000db145f18) thrown at [C:\re\workspace\8-2-build-windows-amd64-cygwin\jdk8u201\12322\hotspot\src\share\vm\prims\jni.cpp, line 735]
Event: 545.994 Thread 0x000000001f101800 Exception <a 'java/net/SocketTimeoutException': Read timed out> (0x00000000e4a58298) thrown at [C:\re\workspace\8-2-build-windows-amd64-cygwin\jdk8u201\12322\hotspot\src\share\vm\prims\jni.cpp, line 735]
Event: 545.994 Thread 0x000000001f104000 Exception <a 'java/net/SocketTimeoutException': Read timed out> (0x00000000db14e880) thrown at [C:\re\workspace\8-2-build-windows-amd64-cygwin\jdk8u201\12322\hotspot\src\share\vm\prims\jni.cpp, line 735]
Event: 575.998 Thread 0x000000001f104000 Exception <a 'java/net/SocketTimeoutException': Read timed out> (0x00000000db1571e8) thrown at [C:\re\workspace\8-2-build-windows-amd64-cygwin\jdk8u201\12322\hotspot\src\share\vm\prims\jni.cpp, line 735]
Event: 576.000 Thread 0x000000001f101800 Exception <a 'java/net/SocketTimeoutException': Read timed out> (0x00000000e4a61490) thrown at [C:\re\workspace\8-2-build-windows-amd64-cygwin\jdk8u201\12322\hotspot\src\share\vm\prims\jni.cpp, line 735]
Event: 588.671 Thread 0x000000001ef9a800 Exception <a 'java/io/IOException'> (0x00000000da56fcc0) thrown at [C:\re\workspace\8-2-build-windows-amd64-cygwin\jdk8u201\12322\hotspot\src\share\vm\prims\jni.cpp, line 709]
Event: 589.153 Thread 0x000000001f0fd000 Exception <a 'java/io/IOException'> (0x00000000db9436d8) thrown at [C:\re\workspace\8-2-build-windows-amd64-cygwin\jdk8u201\12322\hotspot\src\share\vm\prims\jni.cpp, line 709]
Event: 589.153 Thread 0x000000001f0fb800 Exception <a 'java/io/IOException'> (0x00000000db5653f8) thrown at [C:\re\workspace\8-2-build-windows-amd64-cygwin\jdk8u201\12322\hotspot\src\share\vm\prims\jni.cpp, line 709]
Event: 606.019 Thread 0x000000001f104000 Exception <a 'java/net/SocketTimeoutException': Read timed out> (0x00000000eabe5158) thrown at [C:\re\workspace\8-2-build-windows-amd64-cygwin\jdk8u201\12322\hotspot\src\share\vm\prims\jni.cpp, line 735]
Event: 606.019 Thread 0x000000001f101800 Exception <a 'java/net/SocketTimeoutException': Read timed out> (0x00000000eb00bef8) thrown at [C:\re\workspace\8-2-build-windows-amd64-cygwin\jdk8u201\12322\hotspot\src\share\vm\prims\jni.cpp, line 735]

Events (10 events):
Event: 602.921 Executing VM operation: RevokeBias
Event: 602.921 Executing VM operation: RevokeBias done
Event: 603.513 Executing VM operation: BulkRevokeBias
Event: 603.513 Executing VM operation: BulkRevokeBias done
Event: 603.812 Executing VM operation: RevokeBias
Event: 603.812 Executing VM operation: RevokeBias done
Event: 604.297 Executing VM operation: RevokeBias
Event: 604.297 Executing VM operation: RevokeBias done
Event: 604.419 Executing VM operation: RevokeBias
Event: 604.419 Executing VM operation: RevokeBias done


Dynamic libraries:
0x00007ff76d310000 - 0x00007ff76d347000 	C:\Program Files\Java\jdk1.8.0_201\bin\java.exe
0x00007ffeaa510000 - 0x00007ffeaa705000 	C:\WINDOWS\SYSTEM32\ntdll.dll
0x00007ffea9080000 - 0x00007ffea913e000 	C:\WINDOWS\System32\KERNEL32.DLL
0x00007ffea8150000 - 0x00007ffea8419000 	C:\WINDOWS\System32\KERNELBASE.dll
0x00007ffea9140000 - 0x00007ffea91ec000 	C:\WINDOWS\System32\ADVAPI32.dll
0x00007ffea9ca0000 - 0x00007ffea9d3e000 	C:\WINDOWS\System32\msvcrt.dll
0x00007ffeaa430000 - 0x00007ffeaa4cb000 	C:\WINDOWS\System32\sechost.dll
0x00007ffea8680000 - 0x00007ffea87aa000 	C:\WINDOWS\System32\RPCRT4.dll
0x00007ffea87d0000 - 0x00007ffea8971000 	C:\WINDOWS\System32\USER32.dll
0x00007ffea7c30000 - 0x00007ffea7c52000 	C:\WINDOWS\System32\win32u.dll
0x00007ffea9c70000 - 0x00007ffea9c9b000 	C:\WINDOWS\System32\GDI32.dll
0x00007ffea7ce0000 - 0x00007ffea7deb000 	C:\WINDOWS\System32\gdi32full.dll
0x00007ffea80b0000 - 0x00007ffea814d000 	C:\WINDOWS\System32\msvcp_win.dll
0x00007ffea7df0000 - 0x00007ffea7ef0000 	C:\WINDOWS\System32\ucrtbase.dll
0x00007ffe991a0000 - 0x00007ffe9943a000 	C:\WINDOWS\WinSxS\amd64_microsoft.windows.common-controls_6595b64144ccf1df_6.0.19041.1110_none_60b5254171f9507e\COMCTL32.dll
0x00007ffea9f80000 - 0x00007ffea9fb0000 	C:\WINDOWS\System32\IMM32.DLL
0x000000005b920000 - 0x000000005b9f1000 	C:\Program Files\Java\jdk1.8.0_201\jre\bin\msvcr100.dll
0x000000005a240000 - 0x000000005aae4000 	C:\Program Files\Java\jdk1.8.0_201\jre\bin\server\jvm.dll
0x00007ffea8f30000 - 0x00007ffea8f38000 	C:\WINDOWS\System32\PSAPI.DLL
0x00007ffea2ab0000 - 0x00007ffea2ab9000 	C:\WINDOWS\SYSTEM32\WSOCK32.dll
0x00007ffe9a750000 - 0x00007ffe9a777000 	C:\WINDOWS\SYSTEM32\WINMM.dll
0x00007ffe9e540000 - 0x00007ffe9e54a000 	C:\WINDOWS\SYSTEM32\VERSION.dll
0x00007ffea9b20000 - 0x00007ffea9b8b000 	C:\WINDOWS\System32\WS2_32.dll
0x00007ffea2ad0000 - 0x00007ffea2adf000 	C:\Program Files\Java\jdk1.8.0_201\jre\bin\verify.dll
0x00007ffe8aef0000 - 0x00007ffe8af19000 	C:\Program Files\Java\jdk1.8.0_201\jre\bin\java.dll
0x00007ffe6e620000 - 0x00007ffe6e643000 	C:\Program Files\Java\jdk1.8.0_201\jre\bin\instrument.dll
0x00007ffe878e0000 - 0x00007ffe878f6000 	C:\Program Files\Java\jdk1.8.0_201\jre\bin\zip.dll
0x00007ffea92a0000 - 0x00007ffea99df000 	C:\WINDOWS\System32\SHELL32.dll
0x00007ffea5970000 - 0x00007ffea6100000 	C:\WINDOWS\SYSTEM32\windows.storage.dll
0x00007ffea8bc0000 - 0x00007ffea8f15000 	C:\WINDOWS\System32\combase.dll
0x00007ffea7680000 - 0x00007ffea76ac000 	C:\WINDOWS\SYSTEM32\Wldp.dll
0x00007ffea91f0000 - 0x00007ffea929d000 	C:\WINDOWS\System32\SHCORE.dll
0x00007ffea9b90000 - 0x00007ffea9be5000 	C:\WINDOWS\System32\shlwapi.dll
0x00007ffea7b70000 - 0x00007ffea7b8f000 	C:\WINDOWS\SYSTEM32\profapi.dll
0x00007ffe6df10000 - 0x00007ffe6df2a000 	F:\subject\IDEA 2018_sssam.com\IntelliJ IDEA 2018.2.4\bin\breakgen64.dll
0x00007ffe87850000 - 0x00007ffe8786a000 	C:\Program Files\Java\jdk1.8.0_201\jre\bin\net.dll
0x00007ffe95f00000 - 0x00007ffe960eb000 	C:\WINDOWS\SYSTEM32\urlmon.dll
0x00007ffe9ade0000 - 0x00007ffe9b090000 	C:\WINDOWS\SYSTEM32\iertutil.dll
0x00007ffe95ed0000 - 0x00007ffe95ef8000 	C:\WINDOWS\SYSTEM32\srvcli.dll
0x00007ffea70c0000 - 0x00007ffea70cc000 	C:\WINDOWS\SYSTEM32\netutils.dll
0x00007ffea73e0000 - 0x00007ffea744a000 	C:\WINDOWS\system32\mswsock.dll
0x00007ffea7080000 - 0x00007ffea70bb000 	C:\WINDOWS\SYSTEM32\IPHLPAPI.DLL
0x00007ffea8f20000 - 0x00007ffea8f28000 	C:\WINDOWS\System32\NSI.dll
0x00007ffe9dec0000 - 0x00007ffe9ded7000 	C:\WINDOWS\SYSTEM32\dhcpcsvc6.DLL
0x00007ffe9e1d0000 - 0x00007ffe9e1ed000 	C:\WINDOWS\SYSTEM32\dhcpcsvc.DLL
0x00007ffea70d0000 - 0x00007ffea719c000 	C:\WINDOWS\SYSTEM32\DNSAPI.dll
0x00007ffe9ee50000 - 0x00007ffe9ee5a000 	C:\Windows\System32\rasadhlp.dll
0x00007ffe96290000 - 0x00007ffe9630f000 	C:\WINDOWS\System32\fwpuclnt.dll
0x00007ffea7cb0000 - 0x00007ffea7cd7000 	C:\WINDOWS\System32\bcrypt.dll
0x00007ffea2ac0000 - 0x00007ffea2acd000 	C:\Program Files\Java\jdk1.8.0_201\jre\bin\management.dll
0x00007ffe8ab20000 - 0x00007ffe8ab37000 	C:\WINDOWS\system32\napinsp.dll
0x00007ffe8a3c0000 - 0x00007ffe8a3db000 	C:\WINDOWS\system32\pnrpnsp.dll
0x00007ffea1f20000 - 0x00007ffea1f35000 	C:\WINDOWS\system32\wshbth.dll
0x00007ffea2980000 - 0x00007ffea299d000 	C:\WINDOWS\system32\NLAapi.dll
0x00007ffe8ab00000 - 0x00007ffe8ab12000 	C:\WINDOWS\System32\winrnr.dll
0x00007ffe87740000 - 0x00007ffe87751000 	C:\Program Files\Java\jdk1.8.0_201\jre\bin\nio.dll
0x00007ffea75e0000 - 0x00007ffea75f8000 	C:\WINDOWS\SYSTEM32\CRYPTSP.dll
0x00007ffea6cf0000 - 0x00007ffea6d24000 	C:\WINDOWS\system32\rsaenh.dll
0x00007ffea7af0000 - 0x00007ffea7b1e000 	C:\WINDOWS\SYSTEM32\USERENV.dll
0x00007ffea84d0000 - 0x00007ffea8553000 	C:\WINDOWS\System32\bcryptprimitives.dll
0x00007ffea75d0000 - 0x00007ffea75dc000 	C:\WINDOWS\SYSTEM32\CRYPTBASE.dll
0x00007ffe77f20000 - 0x00007ffe77f44000 	C:\Program Files\Java\jdk1.8.0_201\jre\bin\sunec.dll
0x00007ffe4f610000 - 0x00007ffe5244d000 	C:\Users\lenovo\Desktop\Face-recognition-main\ArcSoft_ArcFace_Java_Windows_x64_V3.0\libs\WIN64\libarcsoft_face.dll
0x00007ffe8cc10000 - 0x00007ffe8ccb6000 	C:\WINDOWS\SYSTEM32\MSVCP120.dll
0x00007ffe8cb20000 - 0x00007ffe8cc0f000 	C:\WINDOWS\SYSTEM32\MSVCR120.dll
0x00007ffe62240000 - 0x00007ffe622bf000 	C:\Users\lenovo\Desktop\Face-recognition-main\ArcSoft_ArcFace_Java_Windows_x64_V3.0\libs\WIN64\libarcsoft_face_engine.dll
0x00007ffea99f0000 - 0x00007ffea9a46000 	C:\WINDOWS\System32\WLDAP32.dll
0x00007ffe62550000 - 0x00007ffe62575000 	C:\Users\lenovo\Desktop\Face-recognition-main\ArcSoft_ArcFace_Java_Windows_x64_V3.0\libs\WIN64\libarcsoft_face_engine_jni.dll
0x00007ffe54590000 - 0x00007ffe54729000 	C:\Program Files\Java\jdk1.8.0_201\jre\bin\awt.dll
0x00007ffea9a50000 - 0x00007ffea9b1d000 	C:\WINDOWS\System32\OLEAUT32.dll
0x00007ffea4290000 - 0x00007ffea4320000 	C:\WINDOWS\SYSTEM32\apphelp.dll
0x00007ffe610b0000 - 0x00007ffe610e1000 	C:\Program Files\Java\jdk1.8.0_201\jre\bin\jpeg.dll
0x00007ffea61d0000 - 0x00007ffea63b4000 	C:\WINDOWS\SYSTEM32\dbghelp.dll

VM Arguments:
jvm_args: -Xmx2048m -XX:MetaspaceSize=512m -XX:MaxMetaspaceSize=768m -Xss2m -XX:TieredStopAtLevel=1 -Xverify:none -Dspring.output.ansi.enabled=always -javaagent:F:\subject\IDEA 2018_sssam.com\IntelliJ IDEA 2018.2.4\lib\idea_rt.jar=49232:F:\subject\IDEA 2018_sssam.com\IntelliJ IDEA 2018.2.4\bin -Dfile.encoding=UTF-8 
java_command: com.tangcheng.face_corn.FaceCornApplication
java_class_path (initial): C:\Program Files\Java\jdk1.8.0_201\jre\lib\charsets.jar;C:\Program Files\Java\jdk1.8.0_201\jre\lib\deploy.jar;C:\Program Files\Java\jdk1.8.0_201\jre\lib\ext\access-bridge-64.jar;C:\Program Files\Java\jdk1.8.0_201\jre\lib\ext\cldrdata.jar;C:\Program Files\Java\jdk1.8.0_201\jre\lib\ext\dnsns.jar;C:\Program Files\Java\jdk1.8.0_201\jre\lib\ext\jaccess.jar;C:\Program Files\Java\jdk1.8.0_201\jre\lib\ext\jfxrt.jar;C:\Program Files\Java\jdk1.8.0_201\jre\lib\ext\localedata.jar;C:\Program Files\Java\jdk1.8.0_201\jre\lib\ext\nashorn.jar;C:\Program Files\Java\jdk1.8.0_201\jre\lib\ext\sunec.jar;C:\Program Files\Java\jdk1.8.0_201\jre\lib\ext\sunjce_provider.jar;C:\Program Files\Java\jdk1.8.0_201\jre\lib\ext\sunmscapi.jar;C:\Program Files\Java\jdk1.8.0_201\jre\lib\ext\sunpkcs11.jar;C:\Program Files\Java\jdk1.8.0_201\jre\lib\ext\zipfs.jar;C:\Program Files\Java\jdk1.8.0_201\jre\lib\javaws.jar;C:\Program Files\Java\jdk1.8.0_201\jre\lib\jce.jar;C:\Program Files\Java\jdk1.8.0_201\jre\lib\jfr.jar;C:\Program Files\Java\jdk1.8.0_201\jre\lib\jfxswt.jar;C:\Program Files\Java\jdk1.8.0_201\jre\lib\jsse.jar;C:\Program Files\Java\jdk1.8.0_201\jre\lib\management-agent.jar;C:\Program Files\Java\jdk1.8.0_201\jre\lib\plugin.jar;C:\Program Files\Java\jdk1.8.0_201\jre\lib\resources.jar;C:\Program Files\Java\jdk1.8.0_201\jre\lib\rt.jar;C:\Users\lenovo\Desktop\Face-recognition-main\facesystem\face_corn\target\classes;C:\Users\lenovo\Desktop\Face-recognition-main\facesystem\common\target\classes;F:\subject\JavaWeb\maven-l\com\auth0\java-jwt\3.4.0\java-jwt-3.4.0.jar;F:\subject\JavaWeb\maven-l\commons-codec\commons-codec\1.15\commons-codec-1.15.jar;F:\subject\JavaWeb\maven-l\com\aliyun\oss\aliyun-sdk-oss\3.12.0\aliyun-sdk-oss-3.12.0.jar;F:\subject\JavaWeb\maven-l\org\apache\httpcomponents\httpclient\4.5.13\httpclient-4.5.13.jar;F:\subject\JavaWeb\maven-l\org\apache\httpcomponents\httpcore\4.4.14\httpcore-4.4.14.jar;F:\subject\JavaWeb\maven-l\org\jdom\jdom2\2.0.6\jdom2-2.0.6.ja
Launcher Type: SUN_STANDARD

Environment Variables:
JAVA_HOME=C:\Program Files\Java\jdk1.8.0_201
CLASSPATH=.;C:\Program Files\Java\jdk1.8.0_201\lib\dt.jar,C:\Program Files\Java\jdk1.8.0_201\lib\tools.jar;F:\subject\JavaWeb\apache-tomcat-8.5.45\lib\servlet-api.jar
PATH=C:\Program Files (x86)\Common Files\Oracle\Java\javapath;C:\WINDOWS\system32;C:\WINDOWS;C:\WINDOWS\System32\Wbem;C:\WINDOWS\System32\WindowsPowerShell\v1.0\;C:\WINDOWS\System32\OpenSSH\;F:\subject\JavaWeb\apache-tomcat-8.5.45\bin;F:\subject\JavaWeb\apache-tomcat-8.5.45\lib;C:\Program Files\NVIDIA Corporation\NVIDIA NvDLISR;F:\subject\JavaWeb\apache-maven-3.3.9\bin;F:\subject\JavaWeb\Gradle\gradle-6.9.1\bin;F:\subject\JavaWeb\nodejs;C:\Program Files\Java\jdk1.8.0_201\bin;C:\Program Files\MySQL\MySQL Server 8.0\bin;F:\subject\JavaWeb\env\MongoDB\bin;C:\Users\lenovo\AppData\Local\Microsoft\WindowsApps;F:\subject\PyCharm\PyCharm Community Edition 2020.3.3\bin;;F:\subject\JavaWeb\Microsoft VS Code\bin;F:\subject\JavaWeb\nodejs\node_global;
USERNAME=lenovo
OS=Windows_NT
PROCESSOR_IDENTIFIER=Intel64 Family 6 Model 158 Stepping 10, GenuineIntel



---------------  S Y S T E M  ---------------

OS: Windows 10.0 , 64 bit Build 19041 (10.0.19041.1202)

CPU:total 8 (initial active 8) (4 cores per cpu, 2 threads per core) family 6 model 158 stepping 10, cmov, cx8, fxsr, mmx, sse, sse2, sse3, ssse3, sse4.1, sse4.2, popcnt, avx, avx2, aes, clmul, erms, 3dnowpref, lzcnt, ht, tsc, tscinvbit, bmi1, bmi2, adx

Memory: 4k page, physical 8306932k(1279900k free), swap 18792692k(2426460k free)

vm_info: Java HotSpot(TM) 64-Bit Server VM (25.201-b09) for windows-amd64 JRE (1.8.0_201-b09), built on Dec 15 2018 18:36:39 by "java_re" with MS VC++ 10.0 (VS2010)

time: Tue Nov 02 04:08:00 2021
timezone: 中国标准时间
elapsed time: 606 seconds (0d 0h 10m 6s)

