#
# A fatal error has been detected by the Java Runtime Environment:
#
#  EXCEPTION_ACCESS_VIOLATION (0xc0000005) at pc=0x00007ff82b69e0e5, pid=17800, tid=0x00000000000018f8
#
# JRE version: Java(TM) SE Runtime Environment (8.0_201-b09) (build 1.8.0_201-b09)
# Java VM: Java HotSpot(TM) 64-Bit Server VM (25.201-b09 mixed mode windows-amd64 compressed oops)
# Problematic frame:
# C  [libarcsoft_face.dll+0xe0e5]
#
# Failed to write core dump. Minidumps are not enabled by default on client versions of Windows
#
# If you would like to submit a bug report, please visit:
#   http://bugreport.java.com/bugreport/crash.jsp
# The crash happened outside the Java Virtual Machine in native code.
# See problematic frame for where to report the bug.
#

---------------  T H R E A D  ---------------

Current thread (0x000000001e710000):  JavaThread "http-nio-8081-exec-6" daemon [_thread_in_native, id=6392, stack(0x0000000020c60000,0x0000000020d60000)]

siginfo: ExceptionCode=0xc0000005, writing address 0xfffffffe25c71e60

Registers:
RAX=0x0000000000000025, RBX=0x0000000080002000, RCX=0x0000000000000011, RDX=0xffffffff80000000
RSP=0x0000000020d5d0c0, RBP=0x0000000080000000, RSI=0x0000000000000140, RDI=0x0000000080000000
R8 =0x00000000000000ff, R9 =0x0000000000000000, R10=0x0000000080001000, R11=0x0000000025c71e60
R12=0x0000000000000040, R13=0x0000000000000040, R14=0x0000000000000000, R15=0x000000001eded450
RIP=0x00007ff82b69e0e5, EFLAGS=0x0000000000010202

Top of Stack: (sp=0x0000000020d5d0c0)
0x0000000020d5d0c0:   0000000000000000 0000000000002000
0x0000000020d5d0d0:   0000000000000010 0000000000000040
0x0000000020d5d0e0:   0000000000000000 0000000025c7e780
0x0000000020d5d0f0:   0000000020d5d200 00007ff82b69c5f2
0x0000000020d5d100:   0000000000000000 00007ff82b6a17a3
0x0000000020d5d110:   0000000025cd96f0 0000000025cd9660
0x0000000020d5d120:   0000000080000000 0000000000000011
0x0000000020d5d130:   0000000000000025 0000000000000037
0x0000000020d5d140:   0000000000000000 0000000000000000
0x0000000020d5d150:   0000000000000040 00000000000003c0
0x0000000020d5d160:   0000000000000000 0000000000000000
0x0000000020d5d170:   0000000000000040 0000000020d5d298
0x0000000020d5d180:   0000000000000000 0000000000000040
0x0000000020d5d190:   0000000000000040 0000000025c71e60
0x0000000020d5d1a0:   000000002095d790 00007ff82b69bf04
0x0000000020d5d1b0:   0000000080000000 00007ff8000000f0 

Instructions: (pc=0x00007ff82b69e0e5)
0x00007ff82b69e0c5:   0f 4f c8 45 33 c9 85 c9 41 0f 48 c9 41 3b c0 41
0x00007ff82b69e0d5:   0f 4f c0 85 c0 41 0f 48 c1 66 0f 6e c1 0f 5b c0
0x00007ff82b69e0e5:   f3 41 0f 11 04 93 66 0f 6e c0 49 63 c2 0f 5b c0
0x00007ff82b69e0f5:   f3 41 0f 11 04 83 8b 44 24 78 eb 51 83 f9 01 75 


Register to memory mapping:

RAX=0x0000000000000025 is an unknown value
RBX=0x0000000080002000 is an unknown value
RCX=0x0000000000000011 is an unknown value
RDX=0xffffffff80000000 is an unknown value
RSP=0x0000000020d5d0c0 is pointing into the stack for thread: 0x000000001e710000
RBP=0x0000000080000000 is an unknown value
RSI=0x0000000000000140 is an unknown value
RDI=0x0000000080000000 is an unknown value
R8 =0x00000000000000ff is an unknown value
R9 =0x0000000000000000 is an unknown value
R10=0x0000000080001000 is an unknown value
R11=0x0000000025c71e60 is an unknown value
R12=0x0000000000000040 is an unknown value
R13=0x0000000000000040 is an unknown value
R14=0x0000000000000000 is an unknown value
R15=0x000000001eded450 is an unknown value


Stack: [0x0000000020c60000,0x0000000020d60000],  sp=0x0000000020d5d0c0,  free space=1012k
Native frames: (J=compiled Java code, j=interpreted, Vv=VM code, C=native code)
C  [libarcsoft_face.dll+0xe0e5]
C  [libarcsoft_face.dll+0xc5f2]
C  [libarcsoft_face.dll+0xbf04]
C  [libarcsoft_face.dll+0x9049]
C  [libarcsoft_face.dll+0x89bc]
C  [libarcsoft_face.dll+0x7d0a]
C  [libarcsoft_face.dll+0x3c88]
C  [libarcsoft_face_engine.dll+0x58ca]
C  [libarcsoft_face_engine_jni.dll+0x18f6]
C  0x0000000003478c67

Java frames: (J=compiled Java code, j=interpreted, Vv=VM code)
j  com.arcsoft.face.FaceEngine.detectFaces(J[BIIII[Lcom/arcsoft/face/FaceInfo;)I+0
j  com.arcsoft.face.FaceEngine.detectFaces([BIILcom/arcsoft/face/enums/ImageFormat;Lcom/arcsoft/face/enums/DetectModel;Ljava/util/List;)I+107
j  com.arcsoft.face.FaceEngine.detectFaces([BIILcom/arcsoft/face/enums/ImageFormat;Ljava/util/List;)I+11
j  com.tangcheng.face_corn.service.impl.faceServiceImpl.facesearch(Ljava/io/InputStream;Ljava/util/List;)Ljava/lang/String;+45
j  com.tangcheng.face_corn.controller.faceController.facesearch(Ljava/lang/String;Ljava/util/List;)Lresult/Result;+22
j  sun.reflect.GeneratedMethodAccessor68.invoke(Ljava/lang/Object;[Ljava/lang/Object;)Ljava/lang/Object;+48
J 1616 C1 sun.reflect.DelegatingMethodAccessorImpl.invoke(Ljava/lang/Object;[Ljava/lang/Object;)Ljava/lang/Object; (10 bytes) @ 0x00000000037d1924 [0x00000000037d18e0+0x44]
J 1615 C1 java.lang.reflect.Method.invoke(Ljava/lang/Object;[Ljava/lang/Object;)Ljava/lang/Object; (62 bytes) @ 0x00000000037d1554 [0x00000000037d1460+0xf4]
j  org.springframework.web.method.support.InvocableHandlerMethod.doInvoke([Ljava/lang/Object;)Ljava/lang/Object;+32
j  org.springframework.web.method.support.InvocableHandlerMethod.invokeForRequest(Lorg/springframework/web/context/request/NativeWebRequest;Lorg/springframework/web/method/support/ModelAndViewContainer;[Ljava/lang/Object;)Ljava/lang/Object;+54
j  org.springframework.web.servlet.mvc.method.annotation.ServletInvocableHandlerMethod.invokeAndHandle(Lorg/springframework/web/context/request/ServletWebRequest;Lorg/springframework/web/method/support/ModelAndViewContainer;[Ljava/lang/Object;)V+4
j  org.springframework.web.servlet.mvc.method.annotation.RequestMappingHandlerAdapter.invokeHandlerMethod(Ljavax/servlet/http/HttpServletRequest;Ljavax/servlet/http/HttpServletResponse;Lorg/springframework/web/method/HandlerMethod;)Lorg/springframework/web/servlet/ModelAndView;+244
j  org.springframework.web.servlet.mvc.method.annotation.RequestMappingHandlerAdapter.handleInternal(Ljavax/servlet/http/HttpServletRequest;Ljavax/servlet/http/HttpServletResponse;Lorg/springframework/web/method/HandlerMethod;)Lorg/springframework/web/servlet/ModelAndView;+81
j  org.springframework.web.servlet.mvc.method.AbstractHandlerMethodAdapter.handle(Ljavax/servlet/http/HttpServletRequest;Ljavax/servlet/http/HttpServletResponse;Ljava/lang/Object;)Lorg/springframework/web/servlet/ModelAndView;+7
j  org.springframework.web.servlet.DispatcherServlet.doDispatch(Ljavax/servlet/http/HttpServletRequest;Ljavax/servlet/http/HttpServletResponse;)V+259
j  org.springframework.web.servlet.DispatcherServlet.doService(Ljavax/servlet/http/HttpServletRequest;Ljavax/servlet/http/HttpServletResponse;)V+241
j  org.springframework.web.servlet.FrameworkServlet.processRequest(Ljavax/servlet/http/HttpServletRequest;Ljavax/servlet/http/HttpServletResponse;)V+71
j  org.springframework.web.servlet.FrameworkServlet.doPost(Ljavax/servlet/http/HttpServletRequest;Ljavax/servlet/http/HttpServletResponse;)V+3
j  javax.servlet.http.HttpServlet.service(Ljavax/servlet/http/HttpServletRequest;Ljavax/servlet/http/HttpServletResponse;)V+149
j  org.springframework.web.servlet.FrameworkServlet.service(Ljavax/servlet/http/HttpServletRequest;Ljavax/servlet/http/HttpServletResponse;)V+33
j  javax.servlet.http.HttpServlet.service(Ljavax/servlet/ServletRequest;Ljavax/servlet/ServletResponse;)V+36
j  org.apache.catalina.core.ApplicationFilterChain.internalDoFilter(Ljavax/servlet/ServletRequest;Ljavax/servlet/ServletResponse;)V+304
j  org.apache.catalina.core.ApplicationFilterChain.doFilter(Ljavax/servlet/ServletRequest;Ljavax/servlet/ServletResponse;)V+99
j  org.apache.tomcat.websocket.server.WsFilter.doFilter(Ljavax/servlet/ServletRequest;Ljavax/servlet/ServletResponse;Ljavax/servlet/FilterChain;)V+21
j  org.apache.catalina.core.ApplicationFilterChain.internalDoFilter(Ljavax/servlet/ServletRequest;Ljavax/servlet/ServletResponse;)V+135
j  org.apache.catalina.core.ApplicationFilterChain.doFilter(Ljavax/servlet/ServletRequest;Ljavax/servlet/ServletResponse;)V+99
j  org.springframework.web.filter.RequestContextFilter.doFilterInternal(Ljavax/servlet/http/HttpServletRequest;Ljavax/servlet/http/HttpServletResponse;Ljavax/servlet/FilterChain;)V+21
j  org.springframework.web.filter.OncePerRequestFilter.doFilter(Ljavax/servlet/ServletRequest;Ljavax/servlet/ServletResponse;Ljavax/servlet/FilterChain;)V+147
j  org.apache.catalina.core.ApplicationFilterChain.internalDoFilter(Ljavax/servlet/ServletRequest;Ljavax/servlet/ServletResponse;)V+135
j  org.apache.catalina.core.ApplicationFilterChain.doFilter(Ljavax/servlet/ServletRequest;Ljavax/servlet/ServletResponse;)V+99
j  org.springframework.web.filter.FormContentFilter.doFilterInternal(Ljavax/servlet/http/HttpServletRequest;Ljavax/servlet/http/HttpServletResponse;Ljavax/servlet/FilterChain;)V+38
j  org.springframework.web.filter.OncePerRequestFilter.doFilter(Ljavax/servlet/ServletRequest;Ljavax/servlet/ServletResponse;Ljavax/servlet/FilterChain;)V+147
j  org.apache.catalina.core.ApplicationFilterChain.internalDoFilter(Ljavax/servlet/ServletRequest;Ljavax/servlet/ServletResponse;)V+135
j  org.apache.catalina.core.ApplicationFilterChain.doFilter(Ljavax/servlet/ServletRequest;Ljavax/servlet/ServletResponse;)V+99
j  org.springframework.web.filter.CharacterEncodingFilter.doFilterInternal(Ljavax/servlet/http/HttpServletRequest;Ljavax/servlet/http/HttpServletResponse;Ljavax/servlet/FilterChain;)V+53
j  org.springframework.web.filter.OncePerRequestFilter.doFilter(Ljavax/servlet/ServletRequest;Ljavax/servlet/ServletResponse;Ljavax/servlet/FilterChain;)V+147
j  org.apache.catalina.core.ApplicationFilterChain.internalDoFilter(Ljavax/servlet/ServletRequest;Ljavax/servlet/ServletResponse;)V+135
j  org.apache.catalina.core.ApplicationFilterChain.doFilter(Ljavax/servlet/ServletRequest;Ljavax/servlet/ServletResponse;)V+99
j  org.apache.catalina.core.StandardWrapperValve.invoke(Lorg/apache/catalina/connector/Request;Lorg/apache/catalina/connector/Response;)V+694
j  org.apache.catalina.core.StandardContextValve.invoke(Lorg/apache/catalina/connector/Request;Lorg/apache/catalina/connector/Response;)V+169
j  org.apache.catalina.authenticator.AuthenticatorBase.invoke(Lorg/apache/catalina/connector/Request;Lorg/apache/catalina/connector/Response;)V+260
j  org.apache.catalina.core.StandardHostValve.invoke(Lorg/apache/catalina/connector/Request;Lorg/apache/catalina/connector/Response;)V+128
j  org.apache.catalina.valves.ErrorReportValve.invoke(Lorg/apache/catalina/connector/Request;Lorg/apache/catalina/connector/Response;)V+6
j  org.apache.catalina.core.StandardEngineValve.invoke(Lorg/apache/catalina/connector/Request;Lorg/apache/catalina/connector/Response;)V+59
j  org.apache.catalina.connector.CoyoteAdapter.service(Lorg/apache/coyote/Request;Lorg/apache/coyote/Response;)V+199
j  org.apache.coyote.http11.Http11Processor.service(Lorg/apache/tomcat/util/net/SocketWrapperBase;)Lorg/apache/tomcat/util/net/AbstractEndpoint$Handler$SocketState;+737
j  org.apache.coyote.AbstractProcessorLight.process(Lorg/apache/tomcat/util/net/SocketWrapperBase;Lorg/apache/tomcat/util/net/SocketEvent;)Lorg/apache/tomcat/util/net/AbstractEndpoint$Handler$SocketState;+170
j  org.apache.coyote.AbstractProtocol$ConnectionHandler.process(Lorg/apache/tomcat/util/net/SocketWrapperBase;Lorg/apache/tomcat/util/net/SocketEvent;)Lorg/apache/tomcat/util/net/AbstractEndpoint$Handler$SocketState;+505
j  org.apache.tomcat.util.net.NioEndpoint$SocketProcessor.doRun()V+216
j  org.apache.tomcat.util.net.SocketProcessorBase.run()V+21
j  java.util.concurrent.ThreadPoolExecutor.runWorker(Ljava/util/concurrent/ThreadPoolExecutor$Worker;)V+95
j  java.util.concurrent.ThreadPoolExecutor$Worker.run()V+5
j  org.apache.tomcat.util.threads.TaskThread$WrappingRunnable.run()V+4
j  java.lang.Thread.run()V+11
v  ~StubRoutines::call_stub

---------------  P R O C E S S  ---------------

Java Threads: ( => current thread )
  0x000000001ea9d800 JavaThread "lettuce-eventExecutorLoop-1-8" daemon [_thread_blocked, id=5732, stack(0x0000000022c70000,0x0000000022d70000)]
  0x000000001ea9e000 JavaThread "lettuce-eventExecutorLoop-1-7" daemon [_thread_blocked, id=15656, stack(0x0000000040900000,0x0000000040a00000)]
  0x000000001e716000 JavaThread "lettuce-eventExecutorLoop-1-6" daemon [_thread_blocked, id=18720, stack(0x0000000040800000,0x0000000040900000)]
  0x000000001e715800 JavaThread "lettuce-eventExecutorLoop-1-5" daemon [_thread_blocked, id=18532, stack(0x0000000040700000,0x0000000040800000)]
  0x000000001e718800 JavaThread "lettuce-eventExecutorLoop-1-4" daemon [_thread_blocked, id=7300, stack(0x0000000040600000,0x0000000040700000)]
  0x000000001e714000 JavaThread "lettuce-eventExecutorLoop-1-3" daemon [_thread_blocked, id=12648, stack(0x0000000040500000,0x0000000040600000)]
  0x000000001e717800 JavaThread "Java2D Disposer" daemon [_thread_blocked, id=18016, stack(0x0000000040400000,0x0000000040500000)]
  0x000000001e714800 JavaThread "idle_connection_reaper" daemon [_thread_blocked, id=19168, stack(0x0000000040100000,0x0000000040200000)]
  0x000000001e713000 JavaThread "lettuce-eventExecutorLoop-1-2" daemon [_thread_blocked, id=15036, stack(0x0000000040000000,0x0000000040100000)]
  0x000000001e717000 JavaThread "lettuce-eventExecutorLoop-1-1" daemon [_thread_blocked, id=18908, stack(0x0000000022b70000,0x0000000022c70000)]
  0x000000001e70b800 JavaThread "lettuce-nioEventLoop-4-1" daemon [_thread_in_native, id=6344, stack(0x0000000021560000,0x0000000021660000)]
  0x000000001e712800 JavaThread "AsyncResolver-bootstrap-executor-0" daemon [_thread_blocked, id=16396, stack(0x0000000001020000,0x0000000001120000)]
  0x000000001e70b000 JavaThread "DiscoveryClient-HeartbeatExecutor-0" daemon [_thread_blocked, id=10428, stack(0x0000000021860000,0x0000000021960000)]
  0x000000001e711800 JavaThread "DiscoveryClient-CacheRefreshExecutor-0" daemon [_thread_blocked, id=17580, stack(0x0000000021760000,0x0000000021860000)]
  0x000000001e70a000 JavaThread "DestroyJavaVM" [_thread_blocked, id=14556, stack(0x00000000030a0000,0x00000000031a0000)]
  0x000000001e711000 JavaThread "http-nio-8081-Acceptor" daemon [_thread_in_native, id=12460, stack(0x0000000021260000,0x0000000021360000)]
  0x000000001e70e000 JavaThread "http-nio-8081-ClientPoller" daemon [_thread_in_native, id=1584, stack(0x0000000021160000,0x0000000021260000)]
  0x000000001e70c800 JavaThread "http-nio-8081-exec-10" daemon [_thread_blocked, id=15556, stack(0x0000000021060000,0x0000000021160000)]
  0x000000001e70d000 JavaThread "http-nio-8081-exec-9" daemon [_thread_in_native, id=13684, stack(0x0000000020f60000,0x0000000021060000)]
  0x000000001e70e800 JavaThread "http-nio-8081-exec-8" daemon [_thread_in_native, id=12188, stack(0x0000000020e60000,0x0000000020f60000)]
  0x000000001e709800 JavaThread "http-nio-8081-exec-7" daemon [_thread_in_native, id=16840, stack(0x0000000020d60000,0x0000000020e60000)]
=>0x000000001e710000 JavaThread "http-nio-8081-exec-6" daemon [_thread_in_native, id=6392, stack(0x0000000020c60000,0x0000000020d60000)]
  0x000000001e70f800 JavaThread "http-nio-8081-exec-5" daemon [_thread_blocked, id=11012, stack(0x0000000020b60000,0x0000000020c60000)]
  0x000000001a541000 JavaThread "http-nio-8081-exec-4" daemon [_thread_blocked, id=13244, stack(0x0000000020a60000,0x0000000020b60000)]
  0x000000001a53c800 JavaThread "http-nio-8081-exec-3" daemon [_thread_blocked, id=12816, stack(0x0000000020960000,0x0000000020a60000)]
  0x000000001a53f000 JavaThread "http-nio-8081-exec-2" daemon [_thread_in_native, id=12564, stack(0x0000000020860000,0x0000000020960000)]
  0x000000001a53e000 JavaThread "http-nio-8081-exec-1" daemon [_thread_in_native, id=7492, stack(0x0000000020760000,0x0000000020860000)]
  0x000000001a53d800 JavaThread "http-nio-8081-BlockPoller" daemon [_thread_in_native, id=9916, stack(0x0000000020660000,0x0000000020760000)]
  0x000000001a542800 JavaThread "DiscoveryClient-InstanceInfoReplicator-0" daemon [_thread_blocked, id=11208, stack(0x0000000020560000,0x0000000020660000)]
  0x000000001a540800 JavaThread "DiscoveryClient-1" daemon [_thread_blocked, id=3660, stack(0x0000000020460000,0x0000000020560000)]
  0x000000001a53f800 JavaThread "DiscoveryClient-0" daemon [_thread_blocked, id=15016, stack(0x0000000020260000,0x0000000020360000)]
  0x000000001a53c000 JavaThread "AsyncResolver-bootstrap-0" daemon [_thread_blocked, id=4316, stack(0x000000001fd60000,0x000000001fe60000)]
  0x000000001a542000 JavaThread "spring.cloud.inetutils" daemon [_thread_blocked, id=3036, stack(0x000000001fa60000,0x000000001fb60000)]
  0x000000001e3c4800 JavaThread "lettuce-timer-3-1" daemon [_thread_blocked, id=560, stack(0x000000001f360000,0x000000001f460000)]
  0x000000001c8f2000 JavaThread "container-0" [_thread_blocked, id=15440, stack(0x000000001e090000,0x000000001e190000)]
  0x000000001c8f1800 JavaThread "Catalina-utility-2" [_thread_blocked, id=18420, stack(0x000000001df90000,0x000000001e090000)]
  0x000000001c8e0800 JavaThread "Catalina-utility-1" [_thread_blocked, id=17364, stack(0x000000001de90000,0x000000001df90000)]
  0x000000001ae1e000 JavaThread "Service Thread" daemon [_thread_blocked, id=17536, stack(0x000000001b710000,0x000000001b810000)]
  0x000000001ada8800 JavaThread "C1 CompilerThread3" daemon [_thread_blocked, id=2648, stack(0x000000001b610000,0x000000001b710000)]
  0x000000001ad88800 JavaThread "C2 CompilerThread2" daemon [_thread_blocked, id=9888, stack(0x000000001b510000,0x000000001b610000)]
  0x000000001ad7e000 JavaThread "C2 CompilerThread1" daemon [_thread_blocked, id=17936, stack(0x000000001b410000,0x000000001b510000)]
  0x000000001ad79000 JavaThread "C2 CompilerThread0" daemon [_thread_blocked, id=1064, stack(0x000000001b310000,0x000000001b410000)]
  0x000000001ad70000 JavaThread "Monitor Ctrl-Break" daemon [_thread_in_native, id=15368, stack(0x000000001b210000,0x000000001b310000)]
  0x000000001a22f800 JavaThread "Attach Listener" daemon [_thread_blocked, id=18144, stack(0x000000001a900000,0x000000001aa00000)]
  0x000000001a28b800 JavaThread "Signal Dispatcher" daemon [_thread_blocked, id=16732, stack(0x000000001a800000,0x000000001a900000)]
  0x0000000018436800 JavaThread "Finalizer" daemon [_thread_blocked, id=8168, stack(0x000000001a6f0000,0x000000001a7f0000)]
  0x000000001842f800 JavaThread "Reference Handler" daemon [_thread_blocked, id=11956, stack(0x000000001a5f0000,0x000000001a6f0000)]

Other Threads:
  0x0000000018427800 VMThread [stack: 0x000000001a0f0000,0x000000001a1f0000] [id=3796]
  0x000000001abe0800 WatcherThread [stack: 0x000000001b810000,0x000000001b910000] [id=16980]

VM state:not at safepoint (normal execution)

VM Mutex/Monitor currently owned by a thread: None

heap address: 0x0000000081200000, size: 2030 MB, Compressed Oops mode: 32-bit
Narrow klass base: 0x0000000000000000, Narrow klass shift: 3
Compressed class space size: 1073741824 Address: 0x0000000100000000

Heap:
 PSYoungGen      total 345600K, used 181537K [0x00000000d5b80000, 0x00000000f1880000, 0x0000000100000000)
  eden space 328192K, 50% used [0x00000000d5b80000,0x00000000dfec0420,0x00000000e9c00000)
  from space 17408K, 82% used [0x00000000e9c00000,0x00000000eaa083b0,0x00000000ead00000)
  to   space 18432K, 0% used [0x00000000f0680000,0x00000000f0680000,0x00000000f1880000)
 ParOldGen       total 72192K, used 30015K [0x0000000081200000, 0x0000000085880000, 0x00000000d5b80000)
  object space 72192K, 41% used [0x0000000081200000,0x0000000082f4fc18,0x0000000085880000)
 Metaspace       used 54353K, capacity 57990K, committed 58240K, reserved 1099776K
  class space    used 7421K, capacity 8055K, committed 8064K, reserved 1048576K

Card table byte_map: [0x0000000012820000,0x0000000012c20000] byte_map_base: 0x0000000012417000

Marking Bits: (ParMarkBitMap*) 0x00000000606e4ce0
 Begin Bits: [0x00000000136d0000, 0x0000000015688000)
 End Bits:   [0x0000000015688000, 0x0000000017640000)

Polling page: 0x0000000001450000

CodeCache: size=245760Kb used=10051Kb max_used=10051Kb free=235708Kb
 bounds [0x0000000003460000, 0x0000000003e40000, 0x0000000012460000]
 total_blobs=5928 nmethods=5332 adapters=508
 compilation: enabled

Compilation events (10 events):
Event: 470.201 Thread 0x000000001ada8800 5472       1       java.awt.image.DataBuffer::getNumBanks (5 bytes)
Event: 470.201 Thread 0x000000001ada8800 nmethod 5472 0x0000000003e31a50 code [0x0000000003e31ba0, 0x0000000003e31cb0]
Event: 470.206 Thread 0x000000001ada8800 5473       1       org.apache.tomcat.util.descriptor.web.FilterDef::getFilterName (5 bytes)
Event: 470.206 Thread 0x000000001ada8800 nmethod 5473 0x0000000003e31d10 code [0x0000000003e31e60, 0x0000000003e31f70]
Event: 470.206 Thread 0x000000001ada8800 5474       1       org.apache.tomcat.util.buf.ByteChunk::getCharset (19 bytes)
Event: 470.207 Thread 0x000000001ada8800 nmethod 5474 0x0000000003e31fd0 code [0x0000000003e32120, 0x0000000003e32250]
Event: 470.208 Thread 0x000000001ada8800 5475   !   1       sun.reflect.GeneratedMethodAccessor63::invoke (63 bytes)
Event: 470.208 Thread 0x000000001ada8800 nmethod 5475 0x0000000003e322d0 code [0x0000000003e324a0, 0x0000000003e328f8]
Event: 470.208 Thread 0x000000001ada8800 5476   !   1       sun.reflect.GeneratedMethodAccessor62::invoke (63 bytes)
Event: 470.208 Thread 0x000000001ada8800 nmethod 5476 0x0000000003e32c50 code [0x0000000003e32e20, 0x0000000003e33278]

GC Heap History (10 events):
Event: 4.870 GC heap before
{Heap before GC invocations=9 (full 1):
 PSYoungGen      total 142848K, used 142832K [0x00000000d5b80000, 0x00000000e5800000, 0x0000000100000000)
  eden space 132608K, 100% used [0x00000000d5b80000,0x00000000ddd00000,0x00000000ddd00000)
  from space 10240K, 99% used [0x00000000ddd00000,0x00000000de6fc370,0x00000000de700000)
  to   space 11776K, 0% used [0x00000000e4c80000,0x00000000e4c80000,0x00000000e5800000)
 ParOldGen       total 53248K, used 9904K [0x0000000081200000, 0x0000000084600000, 0x00000000d5b80000)
  object space 53248K, 18% used [0x0000000081200000,0x0000000081bac298,0x0000000084600000)
 Metaspace       used 31384K, capacity 33394K, committed 33664K, reserved 1079296K
  class space    used 4310K, capacity 4677K, committed 4736K, reserved 1048576K
Event: 4.881 GC heap after
Heap after GC invocations=9 (full 1):
 PSYoungGen      total 243200K, used 11750K [0x00000000d5b80000, 0x00000000e5880000, 0x0000000100000000)
  eden space 231424K, 0% used [0x00000000d5b80000,0x00000000d5b80000,0x00000000e3d80000)
  from space 11776K, 99% used [0x00000000e4c80000,0x00000000e57f9850,0x00000000e5800000)
  to   space 13824K, 0% used [0x00000000e3d80000,0x00000000e3d80000,0x00000000e4b00000)
 ParOldGen       total 53248K, used 10590K [0x0000000081200000, 0x0000000084600000, 0x00000000d5b80000)
  object space 53248K, 19% used [0x0000000081200000,0x0000000081c57aa8,0x0000000084600000)
 Metaspace       used 31384K, capacity 33394K, committed 33664K, reserved 1079296K
  class space    used 4310K, capacity 4677K, committed 4736K, reserved 1048576K
}
Event: 5.110 GC heap before
{Heap before GC invocations=10 (full 1):
 PSYoungGen      total 243200K, used 39059K [0x00000000d5b80000, 0x00000000e5880000, 0x0000000100000000)
  eden space 231424K, 11% used [0x00000000d5b80000,0x00000000d762b6b8,0x00000000e3d80000)
  from space 11776K, 99% used [0x00000000e4c80000,0x00000000e57f9850,0x00000000e5800000)
  to   space 13824K, 0% used [0x00000000e3d80000,0x00000000e3d80000,0x00000000e4b00000)
 ParOldGen       total 53248K, used 10590K [0x0000000081200000, 0x0000000084600000, 0x00000000d5b80000)
  object space 53248K, 19% used [0x0000000081200000,0x0000000081c57aa8,0x0000000084600000)
 Metaspace       used 33255K, capacity 35368K, committed 35416K, reserved 1079296K
  class space    used 4567K, capacity 4964K, committed 4992K, reserved 1048576K
Event: 5.116 GC heap after
Heap after GC invocations=10 (full 1):
 PSYoungGen      total 245248K, used 9365K [0x00000000d5b80000, 0x00000000ebe00000, 0x0000000100000000)
  eden space 231424K, 0% used [0x00000000d5b80000,0x00000000d5b80000,0x00000000e3d80000)
  from space 13824K, 67% used [0x00000000e3d80000,0x00000000e46a5590,0x00000000e4b00000)
  to   space 13824K, 0% used [0x00000000eb080000,0x00000000eb080000,0x00000000ebe00000)
 ParOldGen       total 53248K, used 10598K [0x0000000081200000, 0x0000000084600000, 0x00000000d5b80000)
  object space 53248K, 19% used [0x0000000081200000,0x0000000081c59aa8,0x0000000084600000)
 Metaspace       used 33255K, capacity 35368K, committed 35416K, reserved 1079296K
  class space    used 4567K, capacity 4964K, committed 4992K, reserved 1048576K
}
Event: 5.116 GC heap before
{Heap before GC invocations=11 (full 2):
 PSYoungGen      total 245248K, used 9365K [0x00000000d5b80000, 0x00000000ebe00000, 0x0000000100000000)
  eden space 231424K, 0% used [0x00000000d5b80000,0x00000000d5b80000,0x00000000e3d80000)
  from space 13824K, 67% used [0x00000000e3d80000,0x00000000e46a5590,0x00000000e4b00000)
  to   space 13824K, 0% used [0x00000000eb080000,0x00000000eb080000,0x00000000ebe00000)
 ParOldGen       total 53248K, used 10598K [0x0000000081200000, 0x0000000084600000, 0x00000000d5b80000)
  object space 53248K, 19% used [0x0000000081200000,0x0000000081c59aa8,0x0000000084600000)
 Metaspace       used 33255K, capacity 35368K, committed 35416K, reserved 1079296K
  class space    used 4567K, capacity 4964K, committed 4992K, reserved 1048576K
Event: 5.152 GC heap after
Heap after GC invocations=11 (full 2):
 PSYoungGen      total 245248K, used 0K [0x00000000d5b80000, 0x00000000ebe00000, 0x0000000100000000)
  eden space 231424K, 0% used [0x00000000d5b80000,0x00000000d5b80000,0x00000000e3d80000)
  from space 13824K, 0% used [0x00000000e3d80000,0x00000000e3d80000,0x00000000e4b00000)
  to   space 13824K, 0% used [0x00000000eb080000,0x00000000eb080000,0x00000000ebe00000)
 ParOldGen       total 72192K, used 15287K [0x0000000081200000, 0x0000000085880000, 0x00000000d5b80000)
  object space 72192K, 21% used [0x0000000081200000,0x00000000820ede78,0x0000000085880000)
 Metaspace       used 33255K, capacity 35368K, committed 35416K, reserved 1079296K
  class space    used 4567K, capacity 4964K, committed 4992K, reserved 1048576K
}
Event: 344.556 GC heap before
{Heap before GC invocations=12 (full 2):
 PSYoungGen      total 245248K, used 231424K [0x00000000d5b80000, 0x00000000ebe00000, 0x0000000100000000)
  eden space 231424K, 100% used [0x00000000d5b80000,0x00000000e3d80000,0x00000000e3d80000)
  from space 13824K, 0% used [0x00000000e3d80000,0x00000000e3d80000,0x00000000e4b00000)
  to   space 13824K, 0% used [0x00000000eb080000,0x00000000eb080000,0x00000000ebe00000)
 ParOldGen       total 72192K, used 15287K [0x0000000081200000, 0x0000000085880000, 0x00000000d5b80000)
  object space 72192K, 21% used [0x0000000081200000,0x00000000820ede78,0x0000000085880000)
 Metaspace       used 47255K, capacity 50592K, committed 50816K, reserved 1093632K
  class space    used 6576K, capacity 7194K, committed 7296K, reserved 1048576K
Event: 344.581 GC heap after
Heap after GC invocations=12 (full 2):
 PSYoungGen      total 330240K, used 13813K [0x00000000d5b80000, 0x00000000ebe00000, 0x0000000100000000)
  eden space 316416K, 0% used [0x00000000d5b80000,0x00000000d5b80000,0x00000000e9080000)
  from space 13824K, 99% used [0x00000000eb080000,0x00000000ebdfd5c8,0x00000000ebe00000)
  to   space 17408K, 0% used [0x00000000e9c00000,0x00000000e9c00000,0x00000000ead00000)
 ParOldGen       total 72192K, used 20619K [0x0000000081200000, 0x0000000085880000, 0x00000000d5b80000)
  object space 72192K, 28% used [0x0000000081200000,0x0000000082622d50,0x0000000085880000)
 Metaspace       used 47255K, capacity 50592K, committed 50816K, reserved 1093632K
  class space    used 6576K, capacity 7194K, committed 7296K, reserved 1048576K
}
Event: 461.535 GC heap before
{Heap before GC invocations=13 (full 2):
 PSYoungGen      total 330240K, used 330229K [0x00000000d5b80000, 0x00000000ebe00000, 0x0000000100000000)
  eden space 316416K, 100% used [0x00000000d5b80000,0x00000000e9080000,0x00000000e9080000)
  from space 13824K, 99% used [0x00000000eb080000,0x00000000ebdfd5c8,0x00000000ebe00000)
  to   space 17408K, 0% used [0x00000000e9c00000,0x00000000e9c00000,0x00000000ead00000)
 ParOldGen       total 72192K, used 20619K [0x0000000081200000, 0x0000000085880000, 0x00000000d5b80000)
  object space 72192K, 28% used [0x0000000081200000,0x0000000082622d50,0x0000000085880000)
 Metaspace       used 54300K, capacity 57914K, committed 57984K, reserved 1099776K
  class space    used 7408K, capacity 8041K, committed 8064K, reserved 1048576K
Event: 461.566 GC heap after
Heap after GC invocations=13 (full 2):
 PSYoungGen      total 345600K, used 14368K [0x00000000d5b80000, 0x00000000f1880000, 0x0000000100000000)
  eden space 328192K, 0% used [0x00000000d5b80000,0x00000000d5b80000,0x00000000e9c00000)
  from space 17408K, 82% used [0x00000000e9c00000,0x00000000eaa083b0,0x00000000ead00000)
  to   space 18432K, 0% used [0x00000000f0680000,0x00000000f0680000,0x00000000f1880000)
 ParOldGen       total 72192K, used 30015K [0x0000000081200000, 0x0000000085880000, 0x00000000d5b80000)
  object space 72192K, 41% used [0x0000000081200000,0x0000000082f4fc18,0x0000000085880000)
 Metaspace       used 54300K, capacity 57914K, committed 57984K, reserved 1099776K
  class space    used 7408K, capacity 8041K, committed 8064K, reserved 1048576K
}

Deoptimization events (0 events):
No events

Classes redefined (0 events):
No events

Internal exceptions (10 events):
Event: 461.760 Thread 0x000000001a53e000 Exception <a 'java/lang/ArrayIndexOutOfBoundsException'> (0x00000000d5d9a8e8) thrown at [C:\re\workspace\8-2-build-windows-amd64-cygwin\jdk8u201\12322\hotspot\src\share\vm\runtime\sharedRuntime.cpp, line 605]
Event: 461.761 Thread 0x000000001e70c800 Exception <a 'java/lang/ArrayIndexOutOfBoundsException'> (0x00000000d622a8c0) thrown at [C:\re\workspace\8-2-build-windows-amd64-cygwin\jdk8u201\12322\hotspot\src\share\vm\runtime\sharedRuntime.cpp, line 605]
Event: 461.761 Thread 0x000000001a53e000 Exception <a 'java/lang/ArrayIndexOutOfBoundsException'> (0x00000000d5d9c5c8) thrown at [C:\re\workspace\8-2-build-windows-amd64-cygwin\jdk8u201\12322\hotspot\src\share\vm\runtime\sharedRuntime.cpp, line 605]
Event: 461.761 Thread 0x000000001e70c800 Exception <a 'java/lang/ArrayIndexOutOfBoundsException'> (0x00000000d622bd08) thrown at [C:\re\workspace\8-2-build-windows-amd64-cygwin\jdk8u201\12322\hotspot\src\share\vm\runtime\sharedRuntime.cpp, line 605]
Event: 461.761 Thread 0x000000001a53e000 Exception <a 'java/lang/ArrayIndexOutOfBoundsException'> (0x00000000d5d9d9d0) thrown at [C:\re\workspace\8-2-build-windows-amd64-cygwin\jdk8u201\12322\hotspot\src\share\vm\runtime\sharedRuntime.cpp, line 605]
Event: 461.766 Thread 0x000000001e70c800 Exception <a 'java/lang/ArrayIndexOutOfBoundsException'> (0x00000000d6231a98) thrown at [C:\re\workspace\8-2-build-windows-amd64-cygwin\jdk8u201\12322\hotspot\src\share\vm\runtime\sharedRuntime.cpp, line 605]
Event: 461.767 Thread 0x000000001a53e000 Exception <a 'java/lang/ArrayIndexOutOfBoundsException'> (0x00000000d5da3388) thrown at [C:\re\workspace\8-2-build-windows-amd64-cygwin\jdk8u201\12322\hotspot\src\share\vm\runtime\sharedRuntime.cpp, line 605]
Event: 463.129 Thread 0x000000001a541000 Exception <a 'java/io/IOException'> (0x00000000d7a6fc58) thrown at [C:\re\workspace\8-2-build-windows-amd64-cygwin\jdk8u201\12322\hotspot\src\share\vm\prims\jni.cpp, line 709]
Event: 469.243 Thread 0x000000001e70e800 Exception <a 'java/io/IOException'> (0x00000000dc085220) thrown at [C:\re\workspace\8-2-build-windows-amd64-cygwin\jdk8u201\12322\hotspot\src\share\vm\prims\jni.cpp, line 709]
Event: 470.130 Thread 0x000000001a541000 Exception <a 'java/io/IOException'> (0x00000000ddec59a8) thrown at [C:\re\workspace\8-2-build-windows-amd64-cygwin\jdk8u201\12322\hotspot\src\share\vm\prims\jni.cpp, line 709]

Events (10 events):
Event: 469.237 Executing VM operation: RevokeBias
Event: 469.237 Executing VM operation: RevokeBias done
Event: 469.239 Executing VM operation: RevokeBias
Event: 469.239 Executing VM operation: RevokeBias done
Event: 469.240 Executing VM operation: RevokeBias
Event: 469.240 Executing VM operation: RevokeBias done
Event: 469.463 Executing VM operation: RevokeBias
Event: 469.463 Executing VM operation: RevokeBias done
Event: 470.179 Executing VM operation: RevokeBias
Event: 470.179 Executing VM operation: RevokeBias done


Dynamic libraries:
0x00007ff713090000 - 0x00007ff7130c7000 	C:\Program Files\Java\jdk1.8.0_201\bin\java.exe
0x00007ff887a10000 - 0x00007ff887c05000 	C:\WINDOWS\SYSTEM32\ntdll.dll
0x00007ff8864c0000 - 0x00007ff88657e000 	C:\WINDOWS\System32\KERNEL32.DLL
0x00007ff885450000 - 0x00007ff885719000 	C:\WINDOWS\System32\KERNELBASE.dll
0x00007ff886580000 - 0x00007ff88662c000 	C:\WINDOWS\System32\ADVAPI32.dll
0x00007ff885ea0000 - 0x00007ff885f3e000 	C:\WINDOWS\System32\msvcrt.dll
0x00007ff885d10000 - 0x00007ff885dab000 	C:\WINDOWS\System32\sechost.dll
0x00007ff8871f0000 - 0x00007ff88731a000 	C:\WINDOWS\System32\RPCRT4.dll
0x00007ff8876c0000 - 0x00007ff887861000 	C:\WINDOWS\System32\USER32.dll
0x00007ff885130000 - 0x00007ff885152000 	C:\WINDOWS\System32\win32u.dll
0x00007ff885a60000 - 0x00007ff885a8b000 	C:\WINDOWS\System32\GDI32.dll
0x00007ff885850000 - 0x00007ff88595b000 	C:\WINDOWS\System32\gdi32full.dll
0x00007ff8857b0000 - 0x00007ff88584d000 	C:\WINDOWS\System32\msvcp_win.dll
0x00007ff885960000 - 0x00007ff885a60000 	C:\WINDOWS\System32\ucrtbase.dll
0x00007ff876790000 - 0x00007ff876a2a000 	C:\WINDOWS\WinSxS\amd64_microsoft.windows.common-controls_6595b64144ccf1df_6.0.19041.1110_none_60b5254171f9507e\COMCTL32.dll
0x00007ff8879a0000 - 0x00007ff8879d0000 	C:\WINDOWS\System32\IMM32.DLL
0x00000000614b0000 - 0x0000000061581000 	C:\Program Files\Java\jdk1.8.0_201\jre\bin\msvcr100.dll
0x000000005fec0000 - 0x0000000060764000 	C:\Program Files\Java\jdk1.8.0_201\jre\bin\server\jvm.dll
0x00007ff8864b0000 - 0x00007ff8864b8000 	C:\WINDOWS\System32\PSAPI.DLL
0x00007ff87c200000 - 0x00007ff87c20a000 	C:\WINDOWS\SYSTEM32\VERSION.dll
0x00007ff87f200000 - 0x00007ff87f209000 	C:\WINDOWS\SYSTEM32\WSOCK32.dll
0x00007ff879f90000 - 0x00007ff879fb7000 	C:\WINDOWS\SYSTEM32\WINMM.dll
0x00007ff886440000 - 0x00007ff8864ab000 	C:\WINDOWS\System32\WS2_32.dll
0x00007ff87d590000 - 0x00007ff87d59f000 	C:\Program Files\Java\jdk1.8.0_201\jre\bin\verify.dll
0x00007ff863e10000 - 0x00007ff863e39000 	C:\Program Files\Java\jdk1.8.0_201\jre\bin\java.dll
0x00007ff87fee0000 - 0x00007ff87ff03000 	C:\Program Files\Java\jdk1.8.0_201\jre\bin\instrument.dll
0x00007ff87bab0000 - 0x00007ff87bac6000 	C:\Program Files\Java\jdk1.8.0_201\jre\bin\zip.dll
0x00007ff886630000 - 0x00007ff886d6f000 	C:\WINDOWS\System32\SHELL32.dll
0x00007ff882e70000 - 0x00007ff883600000 	C:\WINDOWS\SYSTEM32\windows.storage.dll
0x00007ff885f40000 - 0x00007ff886295000 	C:\WINDOWS\System32\combase.dll
0x00007ff884b80000 - 0x00007ff884bac000 	C:\WINDOWS\SYSTEM32\Wldp.dll
0x00007ff886330000 - 0x00007ff8863dd000 	C:\WINDOWS\System32\SHCORE.dll
0x00007ff8862c0000 - 0x00007ff886315000 	C:\WINDOWS\System32\shlwapi.dll
0x00007ff885070000 - 0x00007ff88508f000 	C:\WINDOWS\SYSTEM32\profapi.dll
0x00007ff87eb60000 - 0x00007ff87eb7a000 	F:\subject\IDEA 2018_sssam.com\IntelliJ IDEA 2018.2.4\bin\breakgen64.dll
0x00007ff859900000 - 0x00007ff85991a000 	C:\Program Files\Java\jdk1.8.0_201\jre\bin\net.dll
0x00007ff8731d0000 - 0x00007ff8733bb000 	C:\WINDOWS\SYSTEM32\urlmon.dll
0x00007ff873750000 - 0x00007ff873a00000 	C:\WINDOWS\SYSTEM32\iertutil.dll
0x00007ff8845c0000 - 0x00007ff8845cc000 	C:\WINDOWS\SYSTEM32\netutils.dll
0x00007ff8731a0000 - 0x00007ff8731c8000 	C:\WINDOWS\SYSTEM32\srvcli.dll
0x00007ff8848e0000 - 0x00007ff88494a000 	C:\WINDOWS\system32\mswsock.dll
0x00007ff884580000 - 0x00007ff8845bb000 	C:\WINDOWS\SYSTEM32\IPHLPAPI.DLL
0x00007ff885e90000 - 0x00007ff885e98000 	C:\WINDOWS\System32\NSI.dll
0x00007ff87a5b0000 - 0x00007ff87a5c7000 	C:\WINDOWS\SYSTEM32\dhcpcsvc6.DLL
0x00007ff87aee0000 - 0x00007ff87aefd000 	C:\WINDOWS\SYSTEM32\dhcpcsvc.DLL
0x00007ff8845d0000 - 0x00007ff88469c000 	C:\WINDOWS\SYSTEM32\DNSAPI.dll
0x00007ff87c210000 - 0x00007ff87c21a000 	C:\Windows\System32\rasadhlp.dll
0x00007ff873d50000 - 0x00007ff873dcf000 	C:\WINDOWS\System32\fwpuclnt.dll
0x00007ff885210000 - 0x00007ff885237000 	C:\WINDOWS\System32\bcrypt.dll
0x00007ff87fed0000 - 0x00007ff87fedd000 	C:\Program Files\Java\jdk1.8.0_201\jre\bin\management.dll
0x00007ff867c90000 - 0x00007ff867ca7000 	C:\WINDOWS\system32\napinsp.dll
0x00007ff867c70000 - 0x00007ff867c8b000 	C:\WINDOWS\system32\pnrpnsp.dll
0x00007ff87f450000 - 0x00007ff87f465000 	C:\WINDOWS\system32\wshbth.dll
0x00007ff87fe80000 - 0x00007ff87fe9d000 	C:\WINDOWS\system32\NLAapi.dll
0x00007ff867bd0000 - 0x00007ff867be2000 	C:\WINDOWS\System32\winrnr.dll
0x00007ff84b670000 - 0x00007ff84b681000 	C:\Program Files\Java\jdk1.8.0_201\jre\bin\nio.dll
0x00007ff884ad0000 - 0x00007ff884ae8000 	C:\WINDOWS\SYSTEM32\CRYPTSP.dll
0x00007ff8841f0000 - 0x00007ff884224000 	C:\WINDOWS\system32\rsaenh.dll
0x00007ff885030000 - 0x00007ff88505e000 	C:\WINDOWS\SYSTEM32\USERENV.dll
0x00007ff885720000 - 0x00007ff8857a3000 	C:\WINDOWS\System32\bcryptprimitives.dll
0x00007ff884af0000 - 0x00007ff884afc000 	C:\WINDOWS\SYSTEM32\CRYPTBASE.dll
0x00007ff864b50000 - 0x00007ff864b74000 	C:\Program Files\Java\jdk1.8.0_201\jre\bin\sunec.dll
0x00007ff82b690000 - 0x00007ff82e4cd000 	C:\Users\lenovo\Desktop\人脸识别\Face-recognition-main\ArcSoft_ArcFace_Java_Windows_x64_V3.0\libs\WIN64\libarcsoft_face.dll
0x00007ff86b240000 - 0x00007ff86b2e6000 	C:\WINDOWS\SYSTEM32\MSVCP120.dll
0x00007ff86b150000 - 0x00007ff86b23f000 	C:\WINDOWS\SYSTEM32\MSVCR120.dll
0x00007ff840270000 - 0x00007ff8402ef000 	C:\Users\lenovo\Desktop\人脸识别\Face-recognition-main\ArcSoft_ArcFace_Java_Windows_x64_V3.0\libs\WIN64\libarcsoft_face_engine.dll
0x00007ff8863e0000 - 0x00007ff886436000 	C:\WINDOWS\System32\WLDAP32.dll
0x00007ff87e7c0000 - 0x00007ff87e7e5000 	C:\Users\lenovo\Desktop\人脸识别\Face-recognition-main\ArcSoft_ArcFace_Java_Windows_x64_V3.0\libs\WIN64\libarcsoft_face_engine_jni.dll
0x00007ff83efc0000 - 0x00007ff83f159000 	C:\Program Files\Java\jdk1.8.0_201\jre\bin\awt.dll
0x00007ff887320000 - 0x00007ff8873ed000 	C:\WINDOWS\System32\OLEAUT32.dll
0x00007ff881790000 - 0x00007ff881820000 	C:\WINDOWS\SYSTEM32\apphelp.dll
0x00007ff8647e0000 - 0x00007ff864811000 	C:\Program Files\Java\jdk1.8.0_201\jre\bin\jpeg.dll
0x00007ff863e80000 - 0x00007ff863ebe000 	C:\Program Files\Java\jdk1.8.0_201\jre\bin\lcms.dll
0x00007ff8836d0000 - 0x00007ff8838b4000 	C:\WINDOWS\SYSTEM32\dbghelp.dll

VM Arguments:
jvm_args: -XX:CompileCommand=exclude,org/hibernate/cfg/annotations/SimpleValueBinder.setType -XX:TieredStopAtLevel=1 -Xverify:none -Dspring.output.ansi.enabled=always -javaagent:F:\subject\IDEA 2018_sssam.com\IntelliJ IDEA 2018.2.4\lib\idea_rt.jar=50154:F:\subject\IDEA 2018_sssam.com\IntelliJ IDEA 2018.2.4\bin -Dfile.encoding=UTF-8 
java_command: com.tangcheng.face_corn.FaceCornApplication
java_class_path (initial): C:\Program Files\Java\jdk1.8.0_201\jre\lib\charsets.jar;C:\Program Files\Java\jdk1.8.0_201\jre\lib\deploy.jar;C:\Program Files\Java\jdk1.8.0_201\jre\lib\ext\access-bridge-64.jar;C:\Program Files\Java\jdk1.8.0_201\jre\lib\ext\cldrdata.jar;C:\Program Files\Java\jdk1.8.0_201\jre\lib\ext\dnsns.jar;C:\Program Files\Java\jdk1.8.0_201\jre\lib\ext\jaccess.jar;C:\Program Files\Java\jdk1.8.0_201\jre\lib\ext\jfxrt.jar;C:\Program Files\Java\jdk1.8.0_201\jre\lib\ext\localedata.jar;C:\Program Files\Java\jdk1.8.0_201\jre\lib\ext\nashorn.jar;C:\Program Files\Java\jdk1.8.0_201\jre\lib\ext\sunec.jar;C:\Program Files\Java\jdk1.8.0_201\jre\lib\ext\sunjce_provider.jar;C:\Program Files\Java\jdk1.8.0_201\jre\lib\ext\sunmscapi.jar;C:\Program Files\Java\jdk1.8.0_201\jre\lib\ext\sunpkcs11.jar;C:\Program Files\Java\jdk1.8.0_201\jre\lib\ext\zipfs.jar;C:\Program Files\Java\jdk1.8.0_201\jre\lib\javaws.jar;C:\Program Files\Java\jdk1.8.0_201\jre\lib\jce.jar;C:\Program Files\Java\jdk1.8.0_201\jre\lib\jfr.jar;C:\Program Files\Java\jdk1.8.0_201\jre\lib\jfxswt.jar;C:\Program Files\Java\jdk1.8.0_201\jre\lib\jsse.jar;C:\Program Files\Java\jdk1.8.0_201\jre\lib\management-agent.jar;C:\Program Files\Java\jdk1.8.0_201\jre\lib\plugin.jar;C:\Program Files\Java\jdk1.8.0_201\jre\lib\resources.jar;C:\Program Files\Java\jdk1.8.0_201\jre\lib\rt.jar;C:\Users\lenovo\Desktop\人脸识别\Face-recognition-main\facesystem\face_corn\target\classes;C:\Users\lenovo\Desktop\人脸识别\Face-recognition-main\facesystem\common\target\classes;F:\subject\JavaWeb\maven-l\com\auth0\java-jwt\3.4.0\java-jwt-3.4.0.jar;F:\subject\JavaWeb\maven-l\commons-codec\commons-codec\1.15\commons-codec-1.15.jar;F:\subject\JavaWeb\maven-l\com\aliyun\oss\aliyun-sdk-oss\3.12.0\aliyun-sdk-oss-3.12.0.jar;F:\subject\JavaWeb\maven-l\org\apache\httpcomponents\httpclient\4.5.13\httpclient-4.5.13.jar;F:\subject\JavaWeb\maven-l\org\apache\httpcomponents\httpcore\4.4.14\httpcore-4.4.14.jar;F:\subject\JavaWeb\maven-l\org\jdom\jdom2\2.
Launcher Type: SUN_STANDARD

Environment Variables:
JAVA_HOME=C:\Program Files\Java\jdk1.8.0_201
CLASSPATH=.;C:\Program Files\Java\jdk1.8.0_201\lib\dt.jar,C:\Program Files\Java\jdk1.8.0_201\lib\tools.jar;F:\subject\JavaWeb\apache-tomcat-8.5.45\lib\servlet-api.jar
PATH=C:\Program Files (x86)\Common Files\Oracle\Java\javapath;C:\WINDOWS\system32;C:\WINDOWS;C:\WINDOWS\System32\Wbem;C:\WINDOWS\System32\WindowsPowerShell\v1.0\;C:\WINDOWS\System32\OpenSSH\;F:\subject\JavaWeb\apache-tomcat-8.5.45\bin;F:\subject\JavaWeb\apache-tomcat-8.5.45\lib;C:\Program Files\NVIDIA Corporation\NVIDIA NvDLISR;F:\subject\JavaWeb\apache-maven-3.3.9\bin;F:\subject\JavaWeb\Gradle\gradle-6.9.1\bin;F:\subject\JavaWeb\nodejs;C:\Program Files\Java\jdk1.8.0_201\bin;C:\Program Files\MySQL\MySQL Server 8.0\bin;F:\subject\JavaWeb\env\MongoDB\bin;C:\Users\lenovo\AppData\Local\Microsoft\WindowsApps;F:\subject\PyCharm\PyCharm Community Edition 2020.3.3\bin;;F:\subject\JavaWeb\Microsoft VS Code\bin;F:\subject\JavaWeb\nodejs\node_global;
USERNAME=lenovo
OS=Windows_NT
PROCESSOR_IDENTIFIER=Intel64 Family 6 Model 158 Stepping 10, GenuineIntel



---------------  S Y S T E M  ---------------

OS: Windows 10.0 , 64 bit Build 19041 (10.0.19041.1202)

CPU:total 8 (initial active 8) (4 cores per cpu, 2 threads per core) family 6 model 158 stepping 10, cmov, cx8, fxsr, mmx, sse, sse2, sse3, ssse3, sse4.1, sse4.2, popcnt, avx, avx2, aes, clmul, erms, 3dnowpref, lzcnt, ht, tsc, tscinvbit, bmi1, bmi2, adx

Memory: 4k page, physical 8306932k(759252k free), swap 18792692k(5070212k free)

vm_info: Java HotSpot(TM) 64-Bit Server VM (25.201-b09) for windows-amd64 JRE (1.8.0_201-b09), built on Dec 15 2018 18:36:39 by "java_re" with MS VC++ 10.0 (VS2010)

time: Sun Oct 31 17:52:17 2021
timezone: 中国标准时间
elapsed time: 470 seconds (0d 0h 7m 50s)

