#
# A fatal error has been detected by the Java Runtime Environment:
#
#  EXCEPTION_ACCESS_VIOLATION (0xc0000005) at pc=0x00007ffb40e4e169, pid=11844, tid=0x0000000000003218
#
# JRE version: Java(TM) SE Runtime Environment (8.0_201-b09) (build 1.8.0_201-b09)
# Java VM: Java HotSpot(TM) 64-Bit Server VM (25.201-b09 mixed mode windows-amd64 compressed oops)
# Problematic frame:
# C  [libarcsoft_face.dll+0xe169]
#
# Failed to write core dump. Minidumps are not enabled by default on client versions of Windows
#
# If you would like to submit a bug report, please visit:
#   http://bugreport.java.com/bugreport/crash.jsp
# The crash happened outside the Java Virtual Machine in native code.
# See problematic frame for where to report the bug.
#

---------------  T H R E A D  ---------------

Current thread (0x000000001ea23800):  JavaThread "http-nio-8081-exec-8" daemon [_thread_in_native, id=12824, stack(0x0000000020fa0000,0x00000000210a0000)]

siginfo: ExceptionCode=0xc0000005, writing address 0x00000000265b7000

Registers:
RAX=0x0000000000282868, RBX=0x0000000000282868, RCX=0x0000000000000039, RDX=0x0000000000280868
RSP=0x000000002109cb90, RBP=0x000000008000a021, RSI=0x0000000000000140, RDI=0x0000000000000028
R8 =0x00000000000000ff, R9 =0x0000000000000000, R10=0x0000000000281868, R11=0x0000000025bace60
R12=0x0000000000000040, R13=0x0000000000000040, R14=0x0000000000000000, R15=0x000000001edf6420
RIP=0x00007ffb40e4e169, EFLAGS=0x0000000000010202

Top of Stack: (sp=0x000000002109cb90)
0x000000002109cb90:   0000000000000000 0000000000002000
0x000000002109cba0:   0000000000000010 0000000000000040
0x000000002109cbb0:   0000000000000000 0000000025bb9780
0x000000002109cbc0:   000000002109ccd0 00007ffb40e4c5f2
0x000000002109cbd0:   0000000000000000 00007ffb40e517a3
0x000000002109cbe0:   0000000025c146f0 0000000025c14660
0x000000002109cbf0:   000000008000a021 0000000000000039
0x000000002109cc00:   0000000000000026 0000000000000019
0x000000002109cc10:   0000000000000000 0000000000000000
0x000000002109cc20:   0000000000000040 00000000000003c0
0x000000002109cc30:   0000000000000000 0000000000000000
0x000000002109cc40:   0000000000000040 000000002109cd68
0x000000002109cc50:   0000000000000000 0000000000000040
0x000000002109cc60:   0000000000000040 0000000025bace60
0x000000002109cc70:   000000002109d010 00007ffb40e4bf04
0x000000002109cc80:   0000000000000000 00007ffb000000f0 

Instructions: (pc=0x00007ffb40e4e169)
0x00007ffb40e4e149:   41 0f 11 04 83 8b 44 24 68 41 3b c0 41 0f 4f c0
0x00007ffb40e4e159:   85 c0 41 0f 48 c1 66 0f 6e c0 48 63 c3 0f 5b c0
0x00007ffb40e4e169:   f3 41 0f 11 04 83 48 83 c4 30 5b c3 cc cc cc cc
0x00007ffb40e4e179:   cc cc cc cc cc cc cc 48 8b c4 48 89 58 18 55 56 


Register to memory mapping:

RAX=0x0000000000282868 is an unknown value
RBX=0x0000000000282868 is an unknown value
RCX=0x0000000000000039 is an unknown value
RDX=0x0000000000280868 is an unknown value
RSP=0x000000002109cb90 is pointing into the stack for thread: 0x000000001ea23800
RBP=0x000000008000a021 is an unknown value
RSI=0x0000000000000140 is an unknown value
RDI=0x0000000000000028 is an unknown value
R8 =0x00000000000000ff is an unknown value
R9 =0x0000000000000000 is an unknown value
R10=0x0000000000281868 is an unknown value
R11=0x0000000025bace60 is an unknown value
R12=0x0000000000000040 is an unknown value
R13=0x0000000000000040 is an unknown value
R14=0x0000000000000000 is an unknown value
R15=0x000000001edf6420 is an unknown value


Stack: [0x0000000020fa0000,0x00000000210a0000],  sp=0x000000002109cb90,  free space=1010k
Native frames: (J=compiled Java code, j=interpreted, Vv=VM code, C=native code)
C  [libarcsoft_face.dll+0xe169]
C  [libarcsoft_face.dll+0xc5f2]
C  [libarcsoft_face.dll+0xbf04]
C  [libarcsoft_face.dll+0x9049]
C  [libarcsoft_face.dll+0x89bc]
C  [libarcsoft_face.dll+0x7d0a]
C  [libarcsoft_face.dll+0x3c88]
C  [libarcsoft_face_engine.dll+0x58ca]
C  [libarcsoft_face_engine_jni.dll+0x18f6]
C  0x0000000003678c67

Java frames: (J=compiled Java code, j=interpreted, Vv=VM code)
j  com.arcsoft.face.FaceEngine.detectFaces(J[BIIII[Lcom/arcsoft/face/FaceInfo;)I+0
j  com.arcsoft.face.FaceEngine.detectFaces([BIILcom/arcsoft/face/enums/ImageFormat;Lcom/arcsoft/face/enums/DetectModel;Ljava/util/List;)I+107
j  com.arcsoft.face.FaceEngine.detectFaces([BIILcom/arcsoft/face/enums/ImageFormat;Ljava/util/List;)I+11
j  com.tangcheng.face_corn.service.impl.faceServiceImpl.facesearch(Ljava/io/InputStream;Ljava/util/List;)Ljava/lang/String;+45
j  com.tangcheng.face_corn.controller.faceController.facesearch(Ljava/lang/String;Ljava/util/List;)Lresult/Result;+22
j  sun.reflect.GeneratedMethodAccessor65.invoke(Ljava/lang/Object;[Ljava/lang/Object;)Ljava/lang/Object;+48
J 1646 C1 sun.reflect.DelegatingMethodAccessorImpl.invoke(Ljava/lang/Object;[Ljava/lang/Object;)Ljava/lang/Object; (10 bytes) @ 0x00000000039d7964 [0x00000000039d7920+0x44]
J 1645 C1 java.lang.reflect.Method.invoke(Ljava/lang/Object;[Ljava/lang/Object;)Ljava/lang/Object; (62 bytes) @ 0x00000000039d7594 [0x00000000039d74a0+0xf4]
j  org.springframework.web.method.support.InvocableHandlerMethod.doInvoke([Ljava/lang/Object;)Ljava/lang/Object;+32
j  org.springframework.web.method.support.InvocableHandlerMethod.invokeForRequest(Lorg/springframework/web/context/request/NativeWebRequest;Lorg/springframework/web/method/support/ModelAndViewContainer;[Ljava/lang/Object;)Ljava/lang/Object;+54
j  org.springframework.web.servlet.mvc.method.annotation.ServletInvocableHandlerMethod.invokeAndHandle(Lorg/springframework/web/context/request/ServletWebRequest;Lorg/springframework/web/method/support/ModelAndViewContainer;[Ljava/lang/Object;)V+4
j  org.springframework.web.servlet.mvc.method.annotation.RequestMappingHandlerAdapter.invokeHandlerMethod(Ljavax/servlet/http/HttpServletRequest;Ljavax/servlet/http/HttpServletResponse;Lorg/springframework/web/method/HandlerMethod;)Lorg/springframework/web/servlet/ModelAndView;+244
j  org.springframework.web.servlet.mvc.method.annotation.RequestMappingHandlerAdapter.handleInternal(Ljavax/servlet/http/HttpServletRequest;Ljavax/servlet/http/HttpServletResponse;Lorg/springframework/web/method/HandlerMethod;)Lorg/springframework/web/servlet/ModelAndView;+81
j  org.springframework.web.servlet.mvc.method.AbstractHandlerMethodAdapter.handle(Ljavax/servlet/http/HttpServletRequest;Ljavax/servlet/http/HttpServletResponse;Ljava/lang/Object;)Lorg/springframework/web/servlet/ModelAndView;+7
j  org.springframework.web.servlet.DispatcherServlet.doDispatch(Ljavax/servlet/http/HttpServletRequest;Ljavax/servlet/http/HttpServletResponse;)V+259
j  org.springframework.web.servlet.DispatcherServlet.doService(Ljavax/servlet/http/HttpServletRequest;Ljavax/servlet/http/HttpServletResponse;)V+241
j  org.springframework.web.servlet.FrameworkServlet.processRequest(Ljavax/servlet/http/HttpServletRequest;Ljavax/servlet/http/HttpServletResponse;)V+71
j  org.springframework.web.servlet.FrameworkServlet.doPost(Ljavax/servlet/http/HttpServletRequest;Ljavax/servlet/http/HttpServletResponse;)V+3
j  javax.servlet.http.HttpServlet.service(Ljavax/servlet/http/HttpServletRequest;Ljavax/servlet/http/HttpServletResponse;)V+149
j  org.springframework.web.servlet.FrameworkServlet.service(Ljavax/servlet/http/HttpServletRequest;Ljavax/servlet/http/HttpServletResponse;)V+33
j  javax.servlet.http.HttpServlet.service(Ljavax/servlet/ServletRequest;Ljavax/servlet/ServletResponse;)V+36
j  org.apache.catalina.core.ApplicationFilterChain.internalDoFilter(Ljavax/servlet/ServletRequest;Ljavax/servlet/ServletResponse;)V+304
j  org.apache.catalina.core.ApplicationFilterChain.doFilter(Ljavax/servlet/ServletRequest;Ljavax/servlet/ServletResponse;)V+99
j  org.apache.tomcat.websocket.server.WsFilter.doFilter(Ljavax/servlet/ServletRequest;Ljavax/servlet/ServletResponse;Ljavax/servlet/FilterChain;)V+21
j  org.apache.catalina.core.ApplicationFilterChain.internalDoFilter(Ljavax/servlet/ServletRequest;Ljavax/servlet/ServletResponse;)V+135
j  org.apache.catalina.core.ApplicationFilterChain.doFilter(Ljavax/servlet/ServletRequest;Ljavax/servlet/ServletResponse;)V+99
j  org.springframework.web.filter.RequestContextFilter.doFilterInternal(Ljavax/servlet/http/HttpServletRequest;Ljavax/servlet/http/HttpServletResponse;Ljavax/servlet/FilterChain;)V+21
j  org.springframework.web.filter.OncePerRequestFilter.doFilter(Ljavax/servlet/ServletRequest;Ljavax/servlet/ServletResponse;Ljavax/servlet/FilterChain;)V+147
j  org.apache.catalina.core.ApplicationFilterChain.internalDoFilter(Ljavax/servlet/ServletRequest;Ljavax/servlet/ServletResponse;)V+135
j  org.apache.catalina.core.ApplicationFilterChain.doFilter(Ljavax/servlet/ServletRequest;Ljavax/servlet/ServletResponse;)V+99
j  org.springframework.web.filter.FormContentFilter.doFilterInternal(Ljavax/servlet/http/HttpServletRequest;Ljavax/servlet/http/HttpServletResponse;Ljavax/servlet/FilterChain;)V+38
j  org.springframework.web.filter.OncePerRequestFilter.doFilter(Ljavax/servlet/ServletRequest;Ljavax/servlet/ServletResponse;Ljavax/servlet/FilterChain;)V+147
j  org.apache.catalina.core.ApplicationFilterChain.internalDoFilter(Ljavax/servlet/ServletRequest;Ljavax/servlet/ServletResponse;)V+135
j  org.apache.catalina.core.ApplicationFilterChain.doFilter(Ljavax/servlet/ServletRequest;Ljavax/servlet/ServletResponse;)V+99
j  org.springframework.web.filter.CharacterEncodingFilter.doFilterInternal(Ljavax/servlet/http/HttpServletRequest;Ljavax/servlet/http/HttpServletResponse;Ljavax/servlet/FilterChain;)V+53
j  org.springframework.web.filter.OncePerRequestFilter.doFilter(Ljavax/servlet/ServletRequest;Ljavax/servlet/ServletResponse;Ljavax/servlet/FilterChain;)V+147
j  org.apache.catalina.core.ApplicationFilterChain.internalDoFilter(Ljavax/servlet/ServletRequest;Ljavax/servlet/ServletResponse;)V+135
j  org.apache.catalina.core.ApplicationFilterChain.doFilter(Ljavax/servlet/ServletRequest;Ljavax/servlet/ServletResponse;)V+99
j  org.apache.catalina.core.StandardWrapperValve.invoke(Lorg/apache/catalina/connector/Request;Lorg/apache/catalina/connector/Response;)V+694
j  org.apache.catalina.core.StandardContextValve.invoke(Lorg/apache/catalina/connector/Request;Lorg/apache/catalina/connector/Response;)V+169
j  org.apache.catalina.authenticator.AuthenticatorBase.invoke(Lorg/apache/catalina/connector/Request;Lorg/apache/catalina/connector/Response;)V+260
j  org.apache.catalina.core.StandardHostValve.invoke(Lorg/apache/catalina/connector/Request;Lorg/apache/catalina/connector/Response;)V+128
j  org.apache.catalina.valves.ErrorReportValve.invoke(Lorg/apache/catalina/connector/Request;Lorg/apache/catalina/connector/Response;)V+6
j  org.apache.catalina.core.StandardEngineValve.invoke(Lorg/apache/catalina/connector/Request;Lorg/apache/catalina/connector/Response;)V+59
j  org.apache.catalina.connector.CoyoteAdapter.service(Lorg/apache/coyote/Request;Lorg/apache/coyote/Response;)V+199
j  org.apache.coyote.http11.Http11Processor.service(Lorg/apache/tomcat/util/net/SocketWrapperBase;)Lorg/apache/tomcat/util/net/AbstractEndpoint$Handler$SocketState;+737
j  org.apache.coyote.AbstractProcessorLight.process(Lorg/apache/tomcat/util/net/SocketWrapperBase;Lorg/apache/tomcat/util/net/SocketEvent;)Lorg/apache/tomcat/util/net/AbstractEndpoint$Handler$SocketState;+170
j  org.apache.coyote.AbstractProtocol$ConnectionHandler.process(Lorg/apache/tomcat/util/net/SocketWrapperBase;Lorg/apache/tomcat/util/net/SocketEvent;)Lorg/apache/tomcat/util/net/AbstractEndpoint$Handler$SocketState;+505
j  org.apache.tomcat.util.net.NioEndpoint$SocketProcessor.doRun()V+216
j  org.apache.tomcat.util.net.SocketProcessorBase.run()V+21
j  java.util.concurrent.ThreadPoolExecutor.runWorker(Ljava/util/concurrent/ThreadPoolExecutor$Worker;)V+95
j  java.util.concurrent.ThreadPoolExecutor$Worker.run()V+5
j  org.apache.tomcat.util.threads.TaskThread$WrappingRunnable.run()V+4
j  java.lang.Thread.run()V+11
v  ~StubRoutines::call_stub

---------------  P R O C E S S  ---------------

Java Threads: ( => current thread )
  0x000000001ae04000 JavaThread "lettuce-eventExecutorLoop-1-8" daemon [_thread_blocked, id=16148, stack(0x0000000040e80000,0x0000000040f80000)]
  0x000000001ae03000 JavaThread "DiscoveryClient-CacheRefreshExecutor-0" daemon [_thread_blocked, id=18156, stack(0x0000000040d80000,0x0000000040e80000)]
  0x000000001ae06000 JavaThread "DiscoveryClient-HeartbeatExecutor-0" daemon [_thread_blocked, id=5168, stack(0x0000000040c80000,0x0000000040d80000)]
  0x000000001ae05800 JavaThread "lettuce-eventExecutorLoop-1-7" daemon [_thread_blocked, id=2524, stack(0x0000000040730000,0x0000000040830000)]
  0x000000001ae07800 JavaThread "lettuce-eventExecutorLoop-1-6" daemon [_thread_blocked, id=8684, stack(0x0000000040630000,0x0000000040730000)]
  0x000000001ae09000 JavaThread "lettuce-eventExecutorLoop-1-5" daemon [_thread_blocked, id=12504, stack(0x0000000040530000,0x0000000040630000)]
  0x000000001ea28000 JavaThread "lettuce-eventExecutorLoop-1-4" daemon [_thread_blocked, id=14628, stack(0x0000000040430000,0x0000000040530000)]
  0x000000001ea27000 JavaThread "lettuce-eventExecutorLoop-1-3" daemon [_thread_blocked, id=1628, stack(0x0000000040330000,0x0000000040430000)]
  0x000000001ea2c800 JavaThread "Java2D Disposer" daemon [_thread_blocked, id=6532, stack(0x0000000040230000,0x0000000040330000)]
  0x000000001ea2b800 JavaThread "idle_connection_reaper" daemon [_thread_blocked, id=11804, stack(0x000000003ff30000,0x0000000040030000)]
  0x000000001ea2b000 JavaThread "lettuce-eventExecutorLoop-1-2" daemon [_thread_blocked, id=14228, stack(0x000000003fe30000,0x000000003ff30000)]
  0x000000001ea28800 JavaThread "lettuce-eventExecutorLoop-1-1" daemon [_thread_blocked, id=18648, stack(0x0000000022cb0000,0x0000000022db0000)]
  0x000000001ea2a000 JavaThread "lettuce-nioEventLoop-4-1" daemon [_thread_in_native, id=14376, stack(0x00000000218a0000,0x00000000219a0000)]
  0x000000001ea29800 JavaThread "DestroyJavaVM" [_thread_blocked, id=5872, stack(0x00000000032a0000,0x00000000033a0000)]
  0x000000001ea1f800 JavaThread "http-nio-8081-Acceptor" daemon [_thread_in_native, id=3028, stack(0x00000000213a0000,0x00000000214a0000)]
  0x000000001ea26800 JavaThread "http-nio-8081-ClientPoller" daemon [_thread_in_native, id=8732, stack(0x00000000212a0000,0x00000000213a0000)]
  0x000000001ea25800 JavaThread "http-nio-8081-exec-10" daemon [_thread_blocked, id=9632, stack(0x00000000211a0000,0x00000000212a0000)]
  0x000000001ea25000 JavaThread "http-nio-8081-exec-9" daemon [_thread_blocked, id=3000, stack(0x00000000210a0000,0x00000000211a0000)]
=>0x000000001ea23800 JavaThread "http-nio-8081-exec-8" daemon [_thread_in_native, id=12824, stack(0x0000000020fa0000,0x00000000210a0000)]
  0x000000001ea21000 JavaThread "http-nio-8081-exec-7" daemon [_thread_blocked, id=17868, stack(0x0000000020ea0000,0x0000000020fa0000)]
  0x000000001ea20800 JavaThread "http-nio-8081-exec-6" daemon [_thread_blocked, id=18104, stack(0x0000000020da0000,0x0000000020ea0000)]
  0x000000001ea1f000 JavaThread "http-nio-8081-exec-5" daemon [_thread_blocked, id=2804, stack(0x0000000020ca0000,0x0000000020da0000)]
  0x000000001ea1d800 JavaThread "http-nio-8081-exec-4" daemon [_thread_blocked, id=8068, stack(0x0000000020ba0000,0x0000000020ca0000)]
  0x000000001ea22800 JavaThread "http-nio-8081-exec-3" daemon [_thread_blocked, id=10364, stack(0x0000000020aa0000,0x0000000020ba0000)]
  0x000000001ea22000 JavaThread "http-nio-8081-exec-2" daemon [_thread_blocked, id=15164, stack(0x00000000209a0000,0x0000000020aa0000)]
  0x000000001ea1e000 JavaThread "http-nio-8081-exec-1" daemon [_thread_blocked, id=18856, stack(0x00000000208a0000,0x00000000209a0000)]
  0x000000001ea24000 JavaThread "http-nio-8081-BlockPoller" daemon [_thread_in_native, id=18680, stack(0x00000000207a0000,0x00000000208a0000)]
  0x000000001ca4c800 JavaThread "DiscoveryClient-InstanceInfoReplicator-0" daemon [_thread_blocked, id=16244, stack(0x00000000206a0000,0x00000000207a0000)]
  0x000000001ca4b000 JavaThread "DiscoveryClient-1" daemon [_thread_blocked, id=6160, stack(0x00000000205a0000,0x00000000206a0000)]
  0x000000001ca4a000 JavaThread "DiscoveryClient-0" daemon [_thread_blocked, id=9808, stack(0x00000000203a0000,0x00000000204a0000)]
  0x000000001ca4b800 JavaThread "AsyncResolver-bootstrap-0" daemon [_thread_blocked, id=17764, stack(0x000000001fea0000,0x000000001ffa0000)]
  0x000000001ca49800 JavaThread "spring.cloud.inetutils" daemon [_thread_blocked, id=19408, stack(0x000000001fba0000,0x000000001fca0000)]
  0x000000001cb3c800 JavaThread "lettuce-timer-3-1" daemon [_thread_blocked, id=8988, stack(0x000000001e4d0000,0x000000001e5d0000)]
  0x000000001ca8f000 JavaThread "container-0" [_thread_blocked, id=5748, stack(0x000000001e1d0000,0x000000001e2d0000)]
  0x000000001ca80000 JavaThread "Catalina-utility-2" [_thread_blocked, id=8016, stack(0x000000001e0d0000,0x000000001e1d0000)]
  0x000000001ca7f000 JavaThread "Catalina-utility-1" [_thread_blocked, id=3872, stack(0x000000001cfd0000,0x000000001d0d0000)]
  0x000000001b068000 JavaThread "Service Thread" daemon [_thread_blocked, id=18924, stack(0x000000001b950000,0x000000001ba50000)]
  0x000000001afd4800 JavaThread "C1 CompilerThread3" daemon [_thread_blocked, id=1192, stack(0x000000001b850000,0x000000001b950000)]
  0x000000001afd0800 JavaThread "C2 CompilerThread2" daemon [_thread_blocked, id=18392, stack(0x000000001b750000,0x000000001b850000)]
  0x000000001afd0000 JavaThread "C2 CompilerThread1" daemon [_thread_blocked, id=17456, stack(0x000000001b650000,0x000000001b750000)]
  0x000000001afc7000 JavaThread "C2 CompilerThread0" daemon [_thread_blocked, id=8248, stack(0x000000001b550000,0x000000001b650000)]
  0x000000001afbd000 JavaThread "Monitor Ctrl-Break" daemon [_thread_in_native, id=12788, stack(0x000000001b450000,0x000000001b550000)]
  0x000000001a432800 JavaThread "Attach Listener" daemon [_thread_blocked, id=1436, stack(0x000000001ab50000,0x000000001ac50000)]
  0x000000001a48b000 JavaThread "Signal Dispatcher" daemon [_thread_blocked, id=2396, stack(0x000000001aa50000,0x000000001ab50000)]
  0x000000001a411000 JavaThread "Finalizer" daemon [_thread_blocked, id=18372, stack(0x000000001a8f0000,0x000000001a9f0000)]
  0x000000001a410800 JavaThread "Reference Handler" daemon [_thread_blocked, id=16316, stack(0x000000001a7f0000,0x000000001a8f0000)]

Other Threads:
  0x0000000018628800 VMThread [stack: 0x000000001a2f0000,0x000000001a3f0000] [id=19368]
  0x000000001b07c800 WatcherThread [stack: 0x000000001ba50000,0x000000001bb50000] [id=16464]

VM state:not at safepoint (normal execution)

VM Mutex/Monitor currently owned by a thread: None

heap address: 0x0000000081200000, size: 2030 MB, Compressed Oops mode: 32-bit
Narrow klass base: 0x0000000000000000, Narrow klass shift: 3
Compressed class space size: 1073741824 Address: 0x0000000100000000

Heap:
 PSYoungGen      total 240128K, used 189780K [0x00000000d5b80000, 0x00000000ea180000, 0x0000000100000000)
  eden space 203776K, 90% used [0x00000000d5b80000,0x00000000e0eacda0,0x00000000e2280000)
  from space 36352K, 17% used [0x00000000e2280000,0x00000000e28a8570,0x00000000e4600000)
  to   space 35840K, 0% used [0x00000000e7e80000,0x00000000e7e80000,0x00000000ea180000)
 ParOldGen       total 150528K, used 53948K [0x0000000081200000, 0x000000008a500000, 0x00000000d5b80000)
  object space 150528K, 35% used [0x0000000081200000,0x00000000846af108,0x000000008a500000)
 Metaspace       used 54508K, capacity 58178K, committed 58368K, reserved 1099776K
  class space    used 7451K, capacity 8109K, committed 8192K, reserved 1048576K

Card table byte_map: [0x0000000012a20000,0x0000000012e20000] byte_map_base: 0x0000000012617000

Marking Bits: (ParMarkBitMap*) 0x000000005d9a4ce0
 Begin Bits: [0x00000000138d0000, 0x0000000015888000)
 End Bits:   [0x0000000015888000, 0x0000000017840000)

Polling page: 0x00000000011c0000

CodeCache: size=245760Kb used=10042Kb max_used=10042Kb free=235717Kb
 bounds [0x0000000003660000, 0x0000000004040000, 0x0000000012660000]
 total_blobs=5910 nmethods=5314 adapters=508
 compilation: enabled

Compilation events (10 events):
Event: 57.733 Thread 0x000000001afd4800 5451       1       java.nio.channels.spi.AbstractSelectableChannel::keyFor (6 bytes)
Event: 57.733 Thread 0x000000001afd4800 nmethod 5451 0x0000000004030850 code [0x00000000040309a0, 0x0000000004030ac8]
Event: 57.733 Thread 0x000000001afd4800 5455       1       org.apache.coyote.AbstractProcessor::isAsync (8 bytes)
Event: 57.733 Thread 0x000000001afd4800 nmethod 5455 0x0000000004030b50 code [0x0000000004030ca0, 0x0000000004030dd0]
Event: 57.733 Thread 0x000000001afd4800 5456       1       org.apache.coyote.AsyncStateMachine::isAsync (8 bytes)
Event: 57.733 Thread 0x000000001afd4800 nmethod 5456 0x0000000004030e90 code [0x0000000004030fe0, 0x00000000040310f0]
Event: 57.733 Thread 0x000000001afd4800 5453       1       org.apache.tomcat.util.net.SocketBufferHandler::setWriteBufferConfiguredForWrite (84 bytes)
Event: 57.734 Thread 0x000000001afd4800 nmethod 5453 0x0000000004031190 code [0x0000000004031320, 0x0000000004031568]
Event: 57.734 Thread 0x000000001afd4800 5454       1       java.util.EventObject::getSource (5 bytes)
Event: 57.734 Thread 0x000000001afd4800 nmethod 5454 0x0000000004031710 code [0x0000000004031860, 0x0000000004031970]

GC Heap History (10 events):
Event: 7.978 GC heap before
{Heap before GC invocations=12 (full 2):
 PSYoungGen      total 175616K, used 9714K [0x00000000d5b80000, 0x00000000e2680000, 0x0000000100000000)
  eden space 165888K, 0% used [0x00000000d5b80000,0x00000000d5b80000,0x00000000dfd80000)
  from space 9728K, 99% used [0x00000000e0900000,0x00000000e127c8a0,0x00000000e1280000)
  to   space 11776K, 0% used [0x00000000dfd80000,0x00000000dfd80000,0x00000000e0900000)
 ParOldGen       total 54272K, used 14639K [0x0000000081200000, 0x0000000084700000, 0x00000000d5b80000)
  object space 54272K, 26% used [0x0000000081200000,0x000000008204be58,0x0000000084700000)
 Metaspace       used 33267K, capacity 35364K, committed 35416K, reserved 1079296K
  class space    used 4573K, capacity 4964K, committed 4992K, reserved 1048576K
Event: 8.028 GC heap after
Heap after GC invocations=12 (full 2):
 PSYoungGen      total 175616K, used 0K [0x00000000d5b80000, 0x00000000e2680000, 0x0000000100000000)
  eden space 165888K, 0% used [0x00000000d5b80000,0x00000000d5b80000,0x00000000dfd80000)
  from space 9728K, 0% used [0x00000000e0900000,0x00000000e0900000,0x00000000e1280000)
  to   space 11776K, 0% used [0x00000000dfd80000,0x00000000dfd80000,0x00000000e0900000)
 ParOldGen       total 78336K, used 18168K [0x0000000081200000, 0x0000000085e80000, 0x00000000d5b80000)
  object space 78336K, 23% used [0x0000000081200000,0x00000000823be2b0,0x0000000085e80000)
 Metaspace       used 33267K, capacity 35364K, committed 35416K, reserved 1079296K
  class space    used 4573K, capacity 4964K, committed 4992K, reserved 1048576K
}
Event: 11.734 GC heap before
{Heap before GC invocations=13 (full 2):
 PSYoungGen      total 175616K, used 165888K [0x00000000d5b80000, 0x00000000e2680000, 0x0000000100000000)
  eden space 165888K, 100% used [0x00000000d5b80000,0x00000000dfd80000,0x00000000dfd80000)
  from space 9728K, 0% used [0x00000000e0900000,0x00000000e0900000,0x00000000e1280000)
  to   space 11776K, 0% used [0x00000000dfd80000,0x00000000dfd80000,0x00000000e0900000)
 ParOldGen       total 78336K, used 18168K [0x0000000081200000, 0x0000000085e80000, 0x00000000d5b80000)
  object space 78336K, 23% used [0x0000000081200000,0x00000000823be2b0,0x0000000085e80000)
 Metaspace       used 43201K, capacity 46050K, committed 46208K, reserved 1089536K
  class space    used 5951K, capacity 6471K, committed 6528K, reserved 1048576K
Event: 11.751 GC heap after
Heap after GC invocations=13 (full 2):
 PSYoungGen      total 177664K, used 11764K [0x00000000d5b80000, 0x00000000e5400000, 0x0000000100000000)
  eden space 165888K, 0% used [0x00000000d5b80000,0x00000000d5b80000,0x00000000dfd80000)
  from space 11776K, 99% used [0x00000000dfd80000,0x00000000e08fd1e0,0x00000000e0900000)
  to   space 14336K, 0% used [0x00000000e4600000,0x00000000e4600000,0x00000000e5400000)
 ParOldGen       total 78336K, used 21837K [0x0000000081200000, 0x0000000085e80000, 0x00000000d5b80000)
  object space 78336K, 27% used [0x0000000081200000,0x0000000082753688,0x0000000085e80000)
 Metaspace       used 43201K, capacity 46050K, committed 46208K, reserved 1089536K
  class space    used 5951K, capacity 6471K, committed 6528K, reserved 1048576K
}
Event: 24.788 GC heap before
{Heap before GC invocations=14 (full 2):
 PSYoungGen      total 177664K, used 177652K [0x00000000d5b80000, 0x00000000e5400000, 0x0000000100000000)
  eden space 165888K, 100% used [0x00000000d5b80000,0x00000000dfd80000,0x00000000dfd80000)
  from space 11776K, 99% used [0x00000000dfd80000,0x00000000e08fd1e0,0x00000000e0900000)
  to   space 14336K, 0% used [0x00000000e4600000,0x00000000e4600000,0x00000000e5400000)
 ParOldGen       total 78336K, used 21837K [0x0000000081200000, 0x0000000085e80000, 0x00000000d5b80000)
  object space 78336K, 27% used [0x0000000081200000,0x0000000082753688,0x0000000085e80000)
 Metaspace       used 54058K, capacity 57690K, committed 57984K, reserved 1099776K
  class space    used 7366K, capacity 8023K, committed 8064K, reserved 1048576K
Event: 24.821 GC heap after
Heap after GC invocations=14 (full 2):
 PSYoungGen      total 218112K, used 14335K [0x00000000d5b80000, 0x00000000e7980000, 0x0000000100000000)
  eden space 203776K, 0% used [0x00000000d5b80000,0x00000000d5b80000,0x00000000e2280000)
  from space 14336K, 99% used [0x00000000e4600000,0x00000000e53ffe78,0x00000000e5400000)
  to   space 36352K, 0% used [0x00000000e2280000,0x00000000e2280000,0x00000000e4600000)
 ParOldGen       total 78336K, used 76983K [0x0000000081200000, 0x0000000085e80000, 0x00000000d5b80000)
  object space 78336K, 98% used [0x0000000081200000,0x0000000085d2dff8,0x0000000085e80000)
 Metaspace       used 54058K, capacity 57690K, committed 57984K, reserved 1099776K
  class space    used 7366K, capacity 8023K, committed 8064K, reserved 1048576K
}
Event: 24.821 GC heap before
{Heap before GC invocations=15 (full 3):
 PSYoungGen      total 218112K, used 14335K [0x00000000d5b80000, 0x00000000e7980000, 0x0000000100000000)
  eden space 203776K, 0% used [0x00000000d5b80000,0x00000000d5b80000,0x00000000e2280000)
  from space 14336K, 99% used [0x00000000e4600000,0x00000000e53ffe78,0x00000000e5400000)
  to   space 36352K, 0% used [0x00000000e2280000,0x00000000e2280000,0x00000000e4600000)
 ParOldGen       total 78336K, used 76983K [0x0000000081200000, 0x0000000085e80000, 0x00000000d5b80000)
  object space 78336K, 98% used [0x0000000081200000,0x0000000085d2dff8,0x0000000085e80000)
 Metaspace       used 54058K, capacity 57690K, committed 57984K, reserved 1099776K
  class space    used 7366K, capacity 8023K, committed 8064K, reserved 1048576K
Event: 24.990 GC heap after
Heap after GC invocations=15 (full 3):
 PSYoungGen      total 218112K, used 0K [0x00000000d5b80000, 0x00000000e7980000, 0x0000000100000000)
  eden space 203776K, 0% used [0x00000000d5b80000,0x00000000d5b80000,0x00000000e2280000)
  from space 14336K, 0% used [0x00000000e4600000,0x00000000e4600000,0x00000000e5400000)
  to   space 36352K, 0% used [0x00000000e2280000,0x00000000e2280000,0x00000000e4600000)
 ParOldGen       total 150528K, used 53940K [0x0000000081200000, 0x000000008a500000, 0x00000000d5b80000)
  object space 150528K, 35% used [0x0000000081200000,0x00000000846ad108,0x000000008a500000)
 Metaspace       used 54058K, capacity 57690K, committed 57984K, reserved 1099776K
  class space    used 7366K, capacity 8023K, committed 8064K, reserved 1048576K
}
Event: 49.846 GC heap before
{Heap before GC invocations=16 (full 3):
 PSYoungGen      total 218112K, used 203776K [0x00000000d5b80000, 0x00000000e7980000, 0x0000000100000000)
  eden space 203776K, 100% used [0x00000000d5b80000,0x00000000e2280000,0x00000000e2280000)
  from space 14336K, 0% used [0x00000000e4600000,0x00000000e4600000,0x00000000e5400000)
  to   space 36352K, 0% used [0x00000000e2280000,0x00000000e2280000,0x00000000e4600000)
 ParOldGen       total 150528K, used 53940K [0x0000000081200000, 0x000000008a500000, 0x00000000d5b80000)
  object space 150528K, 35% used [0x0000000081200000,0x00000000846ad108,0x000000008a500000)
 Metaspace       used 54235K, capacity 57802K, committed 57984K, reserved 1099776K
  class space    used 7408K, capacity 8035K, committed 8064K, reserved 1048576K
Event: 49.849 GC heap after
Heap after GC invocations=16 (full 3):
 PSYoungGen      total 240128K, used 6305K [0x00000000d5b80000, 0x00000000ea180000, 0x0000000100000000)
  eden space 203776K, 0% used [0x00000000d5b80000,0x00000000d5b80000,0x00000000e2280000)
  from space 36352K, 17% used [0x00000000e2280000,0x00000000e28a8570,0x00000000e4600000)
  to   space 35840K, 0% used [0x00000000e7e80000,0x00000000e7e80000,0x00000000ea180000)
 ParOldGen       total 150528K, used 53948K [0x0000000081200000, 0x000000008a500000, 0x00000000d5b80000)
  object space 150528K, 35% used [0x0000000081200000,0x00000000846af108,0x000000008a500000)
 Metaspace       used 54235K, capacity 57802K, committed 57984K, reserved 1099776K
  class space    used 7408K, capacity 8035K, committed 8064K, reserved 1048576K
}

Deoptimization events (0 events):
No events

Classes redefined (0 events):
No events

Internal exceptions (10 events):
Event: 57.026 Thread 0x000000001ea25800 Exception <a 'java/io/IOException'> (0x00000000dc52bb98) thrown at [C:\re\workspace\8-2-build-windows-amd64-cygwin\jdk8u201\12322\hotspot\src\share\vm\prims\jni.cpp, line 709]
Event: 57.027 Thread 0x000000001ea20800 Exception <a 'java/io/IOException'> (0x00000000dce15ea0) thrown at [C:\re\workspace\8-2-build-windows-amd64-cygwin\jdk8u201\12322\hotspot\src\share\vm\prims\jni.cpp, line 709]
Event: 57.027 Thread 0x000000001ea1e000 Exception <a 'java/io/IOException'> (0x00000000dc9cb7e8) thrown at [C:\re\workspace\8-2-build-windows-amd64-cygwin\jdk8u201\12322\hotspot\src\share\vm\prims\jni.cpp, line 709]
Event: 57.028 Thread 0x000000001ea22800 Exception <a 'java/io/IOException'> (0x00000000dd2a83d0) thrown at [C:\re\workspace\8-2-build-windows-amd64-cygwin\jdk8u201\12322\hotspot\src\share\vm\prims\jni.cpp, line 709]
Event: 57.204 Thread 0x000000001ea21000 Exception <a 'java/lang/ArrayIndexOutOfBoundsException'> (0x00000000dec01628) thrown at [C:\re\workspace\8-2-build-windows-amd64-cygwin\jdk8u201\12322\hotspot\src\share\vm\runtime\sharedRuntime.cpp, line 605]
Event: 57.546 Thread 0x000000001ea25000 Exception <a 'java/io/IOException'> (0x00000000defe8ca0) thrown at [C:\re\workspace\8-2-build-windows-amd64-cygwin\jdk8u201\12322\hotspot\src\share\vm\prims\jni.cpp, line 709]
Event: 57.546 Thread 0x000000001ea25800 Exception <a 'java/io/IOException'> (0x00000000df4542e8) thrown at [C:\re\workspace\8-2-build-windows-amd64-cygwin\jdk8u201\12322\hotspot\src\share\vm\prims\jni.cpp, line 709]
Event: 57.547 Thread 0x000000001ea23800 Exception <a 'java/io/IOException'> (0x00000000de803860) thrown at [C:\re\workspace\8-2-build-windows-amd64-cygwin\jdk8u201\12322\hotspot\src\share\vm\prims\jni.cpp, line 709]
Event: 57.549 Thread 0x000000001ea20800 Exception <a 'java/io/IOException'> (0x00000000df8d4928) thrown at [C:\re\workspace\8-2-build-windows-amd64-cygwin\jdk8u201\12322\hotspot\src\share\vm\prims\jni.cpp, line 709]
Event: 57.733 Thread 0x000000001ea25800 Exception <a 'java/io/IOException'> (0x00000000e0a9f890) thrown at [C:\re\workspace\8-2-build-windows-amd64-cygwin\jdk8u201\12322\hotspot\src\share\vm\prims\jni.cpp, line 709]

Events (10 events):
Event: 57.210 loading class com/fasterxml/jackson/databind/ser/impl/PropertySerializerMap$TypeAndSerializer
Event: 57.210 loading class com/fasterxml/jackson/databind/ser/impl/PropertySerializerMap$TypeAndSerializer done
Event: 57.210 loading class com/fasterxml/jackson/databind/ser/impl/PropertySerializerMap$Multi
Event: 57.210 loading class com/fasterxml/jackson/databind/ser/impl/PropertySerializerMap$Multi done
Event: 57.593 Executing VM operation: RevokeBias
Event: 57.593 Executing VM operation: RevokeBias done
Event: 57.597 Executing VM operation: RevokeBias
Event: 57.597 Executing VM operation: RevokeBias done
Event: 57.598 Executing VM operation: RevokeBias
Event: 57.598 Executing VM operation: RevokeBias done


Dynamic libraries:
0x00007ff6748f0000 - 0x00007ff674927000 	C:\Program Files\Java\jdk1.8.0_201\bin\java.exe
0x00007ffb96d10000 - 0x00007ffb96f05000 	C:\WINDOWS\SYSTEM32\ntdll.dll
0x00007ffb957f0000 - 0x00007ffb958ae000 	C:\WINDOWS\System32\KERNEL32.DLL
0x00007ffb94930000 - 0x00007ffb94bf9000 	C:\WINDOWS\System32\KERNELBASE.dll
0x00007ffb95a50000 - 0x00007ffb95afc000 	C:\WINDOWS\System32\ADVAPI32.dll
0x00007ffb956c0000 - 0x00007ffb9575e000 	C:\WINDOWS\System32\msvcrt.dll
0x00007ffb94d90000 - 0x00007ffb94e2b000 	C:\WINDOWS\System32\sechost.dll
0x00007ffb95d40000 - 0x00007ffb95e6a000 	C:\WINDOWS\System32\RPCRT4.dll
0x00007ffb96b20000 - 0x00007ffb96cc1000 	C:\WINDOWS\System32\USER32.dll
0x00007ffb94710000 - 0x00007ffb94732000 	C:\WINDOWS\System32\win32u.dll
0x00007ffb96af0000 - 0x00007ffb96b1b000 	C:\WINDOWS\System32\GDI32.dll
0x00007ffb94c50000 - 0x00007ffb94d5b000 	C:\WINDOWS\System32\gdi32full.dll
0x00007ffb94530000 - 0x00007ffb945cd000 	C:\WINDOWS\System32\msvcp_win.dll
0x00007ffb94430000 - 0x00007ffb94530000 	C:\WINDOWS\System32\ucrtbase.dll
0x00007ffb85b50000 - 0x00007ffb85dea000 	C:\WINDOWS\WinSxS\amd64_microsoft.windows.common-controls_6595b64144ccf1df_6.0.19041.1110_none_60b5254171f9507e\COMCTL32.dll
0x00007ffb94d60000 - 0x00007ffb94d90000 	C:\WINDOWS\System32\IMM32.DLL
0x000000005e860000 - 0x000000005e931000 	C:\Program Files\Java\jdk1.8.0_201\jre\bin\msvcr100.dll
0x000000005d180000 - 0x000000005da24000 	C:\Program Files\Java\jdk1.8.0_201\jre\bin\server\jvm.dll
0x00007ffb968e0000 - 0x00007ffb968e8000 	C:\WINDOWS\System32\PSAPI.DLL
0x00007ffb8b3f0000 - 0x00007ffb8b3fa000 	C:\WINDOWS\SYSTEM32\VERSION.dll
0x00007ffb8f260000 - 0x00007ffb8f269000 	C:\WINDOWS\SYSTEM32\WSOCK32.dll
0x00007ffb87350000 - 0x00007ffb87377000 	C:\WINDOWS\SYSTEM32\WINMM.dll
0x00007ffb967e0000 - 0x00007ffb9684b000 	C:\WINDOWS\System32\WS2_32.dll
0x00007ffb8dc60000 - 0x00007ffb8dc6f000 	C:\Program Files\Java\jdk1.8.0_201\jre\bin\verify.dll
0x00007ffb737c0000 - 0x00007ffb737e9000 	C:\Program Files\Java\jdk1.8.0_201\jre\bin\java.dll
0x00007ffb73210000 - 0x00007ffb73233000 	C:\Program Files\Java\jdk1.8.0_201\jre\bin\instrument.dll
0x00007ffb7a730000 - 0x00007ffb7a746000 	C:\Program Files\Java\jdk1.8.0_201\jre\bin\zip.dll
0x00007ffb95e70000 - 0x00007ffb965af000 	C:\WINDOWS\System32\SHELL32.dll
0x00007ffb92170000 - 0x00007ffb92900000 	C:\WINDOWS\SYSTEM32\windows.storage.dll
0x00007ffb952b0000 - 0x00007ffb95605000 	C:\WINDOWS\System32\combase.dll
0x00007ffb93e80000 - 0x00007ffb93eac000 	C:\WINDOWS\SYSTEM32\Wldp.dll
0x00007ffb95610000 - 0x00007ffb956bd000 	C:\WINDOWS\System32\SHCORE.dll
0x00007ffb958b0000 - 0x00007ffb95905000 	C:\WINDOWS\System32\shlwapi.dll
0x00007ffb94370000 - 0x00007ffb9438f000 	C:\WINDOWS\SYSTEM32\profapi.dll
0x00007ffb67190000 - 0x00007ffb671aa000 	F:\subject\IDEA 2018_sssam.com\IntelliJ IDEA 2018.2.4\bin\breakgen64.dll
0x00007ffb730a0000 - 0x00007ffb730ba000 	C:\Program Files\Java\jdk1.8.0_201\jre\bin\net.dll
0x00007ffb82500000 - 0x00007ffb826eb000 	C:\WINDOWS\SYSTEM32\urlmon.dll
0x00007ffb82a60000 - 0x00007ffb82d10000 	C:\WINDOWS\SYSTEM32\iertutil.dll
0x00007ffb824d0000 - 0x00007ffb824f8000 	C:\WINDOWS\SYSTEM32\srvcli.dll
0x00007ffb93a30000 - 0x00007ffb93a3c000 	C:\WINDOWS\SYSTEM32\netutils.dll
0x00007ffb93be0000 - 0x00007ffb93c4a000 	C:\WINDOWS\system32\mswsock.dll
0x00007ffb93880000 - 0x00007ffb938bb000 	C:\WINDOWS\SYSTEM32\IPHLPAPI.DLL
0x00007ffb95a40000 - 0x00007ffb95a48000 	C:\WINDOWS\System32\NSI.dll
0x00007ffb89750000 - 0x00007ffb89767000 	C:\WINDOWS\SYSTEM32\dhcpcsvc6.DLL
0x00007ffb8b230000 - 0x00007ffb8b24d000 	C:\WINDOWS\SYSTEM32\dhcpcsvc.DLL
0x00007ffb938c0000 - 0x00007ffb9398c000 	C:\WINDOWS\SYSTEM32\DNSAPI.dll
0x00007ffb8b560000 - 0x00007ffb8b56a000 	C:\Windows\System32\rasadhlp.dll
0x00007ffb82e60000 - 0x00007ffb82edf000 	C:\WINDOWS\System32\fwpuclnt.dll
0x00007ffb94630000 - 0x00007ffb94657000 	C:\WINDOWS\System32\bcrypt.dll
0x00007ffb8dc10000 - 0x00007ffb8dc1d000 	C:\Program Files\Java\jdk1.8.0_201\jre\bin\management.dll
0x00007ffb76820000 - 0x00007ffb76837000 	C:\WINDOWS\system32\napinsp.dll
0x00007ffb76710000 - 0x00007ffb7672b000 	C:\WINDOWS\system32\pnrpnsp.dll
0x00007ffb8e7d0000 - 0x00007ffb8e7e5000 	C:\WINDOWS\system32\wshbth.dll
0x00007ffb8f180000 - 0x00007ffb8f19d000 	C:\WINDOWS\system32\NLAapi.dll
0x00007ffb766f0000 - 0x00007ffb76702000 	C:\WINDOWS\System32\winrnr.dll
0x00007ffb72120000 - 0x00007ffb72131000 	C:\Program Files\Java\jdk1.8.0_201\jre\bin\nio.dll
0x00007ffb93dd0000 - 0x00007ffb93de8000 	C:\WINDOWS\SYSTEM32\CRYPTSP.dll
0x00007ffb934f0000 - 0x00007ffb93524000 	C:\WINDOWS\system32\rsaenh.dll
0x00007ffb94330000 - 0x00007ffb9435e000 	C:\WINDOWS\SYSTEM32\USERENV.dll
0x00007ffb94740000 - 0x00007ffb947c3000 	C:\WINDOWS\System32\bcryptprimitives.dll
0x00007ffb93df0000 - 0x00007ffb93dfc000 	C:\WINDOWS\SYSTEM32\CRYPTBASE.dll
0x00007ffb658f0000 - 0x00007ffb65914000 	C:\Program Files\Java\jdk1.8.0_201\jre\bin\sunec.dll
0x00007ffb40e40000 - 0x00007ffb43c7d000 	C:\Users\lenovo\Desktop\人脸识别\Face-recognition-main\ArcSoft_ArcFace_Java_Windows_x64_V3.0\libs\WIN64\libarcsoft_face.dll
0x00007ffb7a340000 - 0x00007ffb7a3e6000 	C:\WINDOWS\SYSTEM32\MSVCP120.dll
0x00007ffb7a250000 - 0x00007ffb7a33f000 	C:\WINDOWS\SYSTEM32\MSVCR120.dll
0x00007ffb512a0000 - 0x00007ffb5131f000 	C:\Users\lenovo\Desktop\人脸识别\Face-recognition-main\ArcSoft_ArcFace_Java_Windows_x64_V3.0\libs\WIN64\libarcsoft_face_engine.dll
0x00007ffb95c30000 - 0x00007ffb95c86000 	C:\WINDOWS\System32\WLDAP32.dll
0x00007ffb64880000 - 0x00007ffb648a5000 	C:\Users\lenovo\Desktop\人脸识别\Face-recognition-main\ArcSoft_ArcFace_Java_Windows_x64_V3.0\libs\WIN64\libarcsoft_face_engine_jni.dll
0x00007ffb47c30000 - 0x00007ffb47dc9000 	C:\Program Files\Java\jdk1.8.0_201\jre\bin\awt.dll
0x00007ffb95b00000 - 0x00007ffb95bcd000 	C:\WINDOWS\System32\OLEAUT32.dll
0x00007ffb90a90000 - 0x00007ffb90b20000 	C:\WINDOWS\SYSTEM32\apphelp.dll
0x00007ffb645e0000 - 0x00007ffb64611000 	C:\Program Files\Java\jdk1.8.0_201\jre\bin\jpeg.dll
0x00007ffb64550000 - 0x00007ffb6458e000 	C:\Program Files\Java\jdk1.8.0_201\jre\bin\lcms.dll
0x00007ffb929d0000 - 0x00007ffb92bb4000 	C:\WINDOWS\SYSTEM32\dbghelp.dll

VM Arguments:
jvm_args: -XX:CompileCommand=exclude,org/hibernate/cfg/annotations/SimpleValueBinder.setType -XX:TieredStopAtLevel=1 -Xverify:none -Dspring.output.ansi.enabled=always -javaagent:F:\subject\IDEA 2018_sssam.com\IntelliJ IDEA 2018.2.4\lib\idea_rt.jar=50990:F:\subject\IDEA 2018_sssam.com\IntelliJ IDEA 2018.2.4\bin -Dfile.encoding=UTF-8 
java_command: com.tangcheng.face_corn.FaceCornApplication
java_class_path (initial): C:\Program Files\Java\jdk1.8.0_201\jre\lib\charsets.jar;C:\Program Files\Java\jdk1.8.0_201\jre\lib\deploy.jar;C:\Program Files\Java\jdk1.8.0_201\jre\lib\ext\access-bridge-64.jar;C:\Program Files\Java\jdk1.8.0_201\jre\lib\ext\cldrdata.jar;C:\Program Files\Java\jdk1.8.0_201\jre\lib\ext\dnsns.jar;C:\Program Files\Java\jdk1.8.0_201\jre\lib\ext\jaccess.jar;C:\Program Files\Java\jdk1.8.0_201\jre\lib\ext\jfxrt.jar;C:\Program Files\Java\jdk1.8.0_201\jre\lib\ext\localedata.jar;C:\Program Files\Java\jdk1.8.0_201\jre\lib\ext\nashorn.jar;C:\Program Files\Java\jdk1.8.0_201\jre\lib\ext\sunec.jar;C:\Program Files\Java\jdk1.8.0_201\jre\lib\ext\sunjce_provider.jar;C:\Program Files\Java\jdk1.8.0_201\jre\lib\ext\sunmscapi.jar;C:\Program Files\Java\jdk1.8.0_201\jre\lib\ext\sunpkcs11.jar;C:\Program Files\Java\jdk1.8.0_201\jre\lib\ext\zipfs.jar;C:\Program Files\Java\jdk1.8.0_201\jre\lib\javaws.jar;C:\Program Files\Java\jdk1.8.0_201\jre\lib\jce.jar;C:\Program Files\Java\jdk1.8.0_201\jre\lib\jfr.jar;C:\Program Files\Java\jdk1.8.0_201\jre\lib\jfxswt.jar;C:\Program Files\Java\jdk1.8.0_201\jre\lib\jsse.jar;C:\Program Files\Java\jdk1.8.0_201\jre\lib\management-agent.jar;C:\Program Files\Java\jdk1.8.0_201\jre\lib\plugin.jar;C:\Program Files\Java\jdk1.8.0_201\jre\lib\resources.jar;C:\Program Files\Java\jdk1.8.0_201\jre\lib\rt.jar;C:\Users\lenovo\Desktop\人脸识别\Face-recognition-main\facesystem\face_corn\target\classes;C:\Users\lenovo\Desktop\人脸识别\Face-recognition-main\facesystem\common\target\classes;F:\subject\JavaWeb\maven-l\com\auth0\java-jwt\3.4.0\java-jwt-3.4.0.jar;F:\subject\JavaWeb\maven-l\commons-codec\commons-codec\1.15\commons-codec-1.15.jar;F:\subject\JavaWeb\maven-l\com\aliyun\oss\aliyun-sdk-oss\3.12.0\aliyun-sdk-oss-3.12.0.jar;F:\subject\JavaWeb\maven-l\org\apache\httpcomponents\httpclient\4.5.13\httpclient-4.5.13.jar;F:\subject\JavaWeb\maven-l\org\apache\httpcomponents\httpcore\4.4.14\httpcore-4.4.14.jar;F:\subject\JavaWeb\maven-l\org\jdom\jdom2\2.
Launcher Type: SUN_STANDARD

Environment Variables:
JAVA_HOME=C:\Program Files\Java\jdk1.8.0_201
CLASSPATH=.;C:\Program Files\Java\jdk1.8.0_201\lib\dt.jar,C:\Program Files\Java\jdk1.8.0_201\lib\tools.jar;F:\subject\JavaWeb\apache-tomcat-8.5.45\lib\servlet-api.jar
PATH=C:\Program Files (x86)\Common Files\Oracle\Java\javapath;C:\WINDOWS\system32;C:\WINDOWS;C:\WINDOWS\System32\Wbem;C:\WINDOWS\System32\WindowsPowerShell\v1.0\;C:\WINDOWS\System32\OpenSSH\;F:\subject\JavaWeb\apache-tomcat-8.5.45\bin;F:\subject\JavaWeb\apache-tomcat-8.5.45\lib;C:\Program Files\NVIDIA Corporation\NVIDIA NvDLISR;F:\subject\JavaWeb\apache-maven-3.3.9\bin;F:\subject\JavaWeb\Gradle\gradle-6.9.1\bin;F:\subject\JavaWeb\nodejs;C:\Program Files\Java\jdk1.8.0_201\bin;C:\Program Files\MySQL\MySQL Server 8.0\bin;F:\subject\JavaWeb\env\MongoDB\bin;C:\Users\lenovo\AppData\Local\Microsoft\WindowsApps;F:\subject\PyCharm\PyCharm Community Edition 2020.3.3\bin;;F:\subject\JavaWeb\Microsoft VS Code\bin;F:\subject\JavaWeb\nodejs\node_global;
USERNAME=lenovo
OS=Windows_NT
PROCESSOR_IDENTIFIER=Intel64 Family 6 Model 158 Stepping 10, GenuineIntel



---------------  S Y S T E M  ---------------

OS: Windows 10.0 , 64 bit Build 19041 (10.0.19041.1202)

CPU:total 8 (initial active 8) (4 cores per cpu, 2 threads per core) family 6 model 158 stepping 10, cmov, cx8, fxsr, mmx, sse, sse2, sse3, ssse3, sse4.1, sse4.2, popcnt, avx, avx2, aes, clmul, erms, 3dnowpref, lzcnt, ht, tsc, tscinvbit, bmi1, bmi2, adx

Memory: 4k page, physical 8306932k(558672k free), swap 18792692k(4279116k free)

vm_info: Java HotSpot(TM) 64-Bit Server VM (25.201-b09) for windows-amd64 JRE (1.8.0_201-b09), built on Dec 15 2018 18:36:39 by "java_re" with MS VC++ 10.0 (VS2010)

time: Sun Oct 31 02:58:44 2021
timezone: 中国标准时间
elapsed time: 57 seconds (0d 0h 0m 57s)

