#
# A fatal error has been detected by the Java Runtime Environment:
#
#  EXCEPTION_ACCESS_VIOLATION (0xc0000005) at pc=0x00007ff82b69e169, pid=10024, tid=0x0000000000003db4
#
# JRE version: Java(TM) SE Runtime Environment (8.0_201-b09) (build 1.8.0_201-b09)
# Java VM: Java HotSpot(TM) 64-Bit Server VM (25.201-b09 mixed mode windows-amd64 compressed oops)
# Problematic frame:
# C  [libarcsoft_face.dll+0xe169]
#
# Failed to write core dump. Minidumps are not enabled by default on client versions of Windows
#
# If you would like to submit a bug report, please visit:
#   http://bugreport.java.com/bugreport/crash.jsp
# The crash happened outside the Java Virtual Machine in native code.
# See problematic frame for where to report the bug.
#

---------------  T H R E A D  ---------------

Current thread (0x000000001eb3e000):  JavaThread "http-nio-8081-exec-1" daemon [_thread_in_native, id=15796, stack(0x0000000020c70000,0x0000000020d70000)]

siginfo: ExceptionCode=0xc0000005, writing address 0x0000000026a8f000

Registers:
RAX=0x0000000000282868, RBX=0x0000000000282868, RCX=0x0000000000000038, RDX=0x0000000000280868
RSP=0x0000000020d6d1c0, RBP=0x000000008000a021, RSI=0x0000000000000140, RDI=0x0000000000000028
R8 =0x00000000000000ff, R9 =0x0000000000000000, R10=0x0000000000281868, R11=0x0000000026084e60
R12=0x0000000000000040, R13=0x0000000000000040, R14=0x0000000000000000, R15=0x000000001ed67290
RIP=0x00007ff82b69e169, EFLAGS=0x0000000000010206

Top of Stack: (sp=0x0000000020d6d1c0)
0x0000000020d6d1c0:   00000000000000c7 00007ff82b6bef29
0x0000000020d6d1d0:   00000000249fd4e0 0000000000000000
0x0000000020d6d1e0:   0000000000000000 42219d0e42923283
0x0000000020d6d1f0:   0000000020d6d300 00007ff82b69c5f2
0x0000000020d6d200:   0000000000000000 0000000000000000
0x0000000020d6d210:   0000000000000000 0000000000000000
0x0000000020d6d220:   000000008000a021 0000000000000038
0x0000000020d6d230:   0000000000000048 000000000000004e
0x0000000020d6d240:   0000000000000000 0000000000000000
0x0000000020d6d250:   0000000000000040 00000000000003c0
0x0000000020d6d260:   0000000000000000 0000000000000000
0x0000000020d6d270:   0000000000000040 0000000020d6d398
0x0000000020d6d280:   0000000000000000 0000000000000040
0x0000000020d6d290:   0000000000000040 0000000026084e60
0x0000000020d6d2a0:   000000002116d5e0 00007ff82b69bf04
0x0000000020d6d2b0:   0000000000000000 00007ff8000000f0 

Instructions: (pc=0x00007ff82b69e169)
0x00007ff82b69e149:   41 0f 11 04 83 8b 44 24 68 41 3b c0 41 0f 4f c0
0x00007ff82b69e159:   85 c0 41 0f 48 c1 66 0f 6e c0 48 63 c3 0f 5b c0
0x00007ff82b69e169:   f3 41 0f 11 04 83 48 83 c4 30 5b c3 cc cc cc cc
0x00007ff82b69e179:   cc cc cc cc cc cc cc 48 8b c4 48 89 58 18 55 56 


Register to memory mapping:

RAX=0x0000000000282868 is an unknown value
RBX=0x0000000000282868 is an unknown value
RCX=0x0000000000000038 is an unknown value
RDX=0x0000000000280868 is an unknown value
RSP=0x0000000020d6d1c0 is pointing into the stack for thread: 0x000000001eb3e000
RBP=0x000000008000a021 is an unknown value
RSI=0x0000000000000140 is an unknown value
RDI=0x0000000000000028 is an unknown value
R8 =0x00000000000000ff is an unknown value
R9 =0x0000000000000000 is an unknown value
R10=0x0000000000281868 is an unknown value
R11=0x0000000026084e60 is an unknown value
R12=0x0000000000000040 is an unknown value
R13=0x0000000000000040 is an unknown value
R14=0x0000000000000000 is an unknown value
R15=0x000000001ed67290 is an unknown value


Stack: [0x0000000020c70000,0x0000000020d70000],  sp=0x0000000020d6d1c0,  free space=1012k
Native frames: (J=compiled Java code, j=interpreted, Vv=VM code, C=native code)
C  [libarcsoft_face.dll+0xe169]
C  [libarcsoft_face.dll+0xc5f2]
C  [libarcsoft_face.dll+0xbf04]
C  [libarcsoft_face.dll+0x9049]
C  [libarcsoft_face.dll+0x89bc]
C  [libarcsoft_face.dll+0x7d0a]
C  [libarcsoft_face.dll+0x3c88]
C  [libarcsoft_face_engine.dll+0x58ca]
C  [libarcsoft_face_engine_jni.dll+0x18f6]
C  0x0000000003918c67

Java frames: (J=compiled Java code, j=interpreted, Vv=VM code)
j  com.arcsoft.face.FaceEngine.detectFaces(J[BIIII[Lcom/arcsoft/face/FaceInfo;)I+0
j  com.arcsoft.face.FaceEngine.detectFaces([BIILcom/arcsoft/face/enums/ImageFormat;Lcom/arcsoft/face/enums/DetectModel;Ljava/util/List;)I+107
j  com.arcsoft.face.FaceEngine.detectFaces([BIILcom/arcsoft/face/enums/ImageFormat;Ljava/util/List;)I+11
j  com.tangcheng.face_corn.service.impl.faceServiceImpl.facesearch(Ljava/io/InputStream;Ljava/util/List;)Ljava/lang/String;+45
j  com.tangcheng.face_corn.controller.faceController.facesearch(Ljava/lang/String;Ljava/util/List;)Lresult/Result;+22
j  sun.reflect.GeneratedMethodAccessor63.invoke(Ljava/lang/Object;[Ljava/lang/Object;)Ljava/lang/Object;+48
J 1645 C1 sun.reflect.DelegatingMethodAccessorImpl.invoke(Ljava/lang/Object;[Ljava/lang/Object;)Ljava/lang/Object; (10 bytes) @ 0x0000000003c73724 [0x0000000003c736e0+0x44]
J 1644 C1 java.lang.reflect.Method.invoke(Ljava/lang/Object;[Ljava/lang/Object;)Ljava/lang/Object; (62 bytes) @ 0x0000000003c73354 [0x0000000003c73260+0xf4]
j  org.springframework.web.method.support.InvocableHandlerMethod.doInvoke([Ljava/lang/Object;)Ljava/lang/Object;+32
j  org.springframework.web.method.support.InvocableHandlerMethod.invokeForRequest(Lorg/springframework/web/context/request/NativeWebRequest;Lorg/springframework/web/method/support/ModelAndViewContainer;[Ljava/lang/Object;)Ljava/lang/Object;+54
j  org.springframework.web.servlet.mvc.method.annotation.ServletInvocableHandlerMethod.invokeAndHandle(Lorg/springframework/web/context/request/ServletWebRequest;Lorg/springframework/web/method/support/ModelAndViewContainer;[Ljava/lang/Object;)V+4
j  org.springframework.web.servlet.mvc.method.annotation.RequestMappingHandlerAdapter.invokeHandlerMethod(Ljavax/servlet/http/HttpServletRequest;Ljavax/servlet/http/HttpServletResponse;Lorg/springframework/web/method/HandlerMethod;)Lorg/springframework/web/servlet/ModelAndView;+244
j  org.springframework.web.servlet.mvc.method.annotation.RequestMappingHandlerAdapter.handleInternal(Ljavax/servlet/http/HttpServletRequest;Ljavax/servlet/http/HttpServletResponse;Lorg/springframework/web/method/HandlerMethod;)Lorg/springframework/web/servlet/ModelAndView;+81
j  org.springframework.web.servlet.mvc.method.AbstractHandlerMethodAdapter.handle(Ljavax/servlet/http/HttpServletRequest;Ljavax/servlet/http/HttpServletResponse;Ljava/lang/Object;)Lorg/springframework/web/servlet/ModelAndView;+7
j  org.springframework.web.servlet.DispatcherServlet.doDispatch(Ljavax/servlet/http/HttpServletRequest;Ljavax/servlet/http/HttpServletResponse;)V+259
j  org.springframework.web.servlet.DispatcherServlet.doService(Ljavax/servlet/http/HttpServletRequest;Ljavax/servlet/http/HttpServletResponse;)V+241
j  org.springframework.web.servlet.FrameworkServlet.processRequest(Ljavax/servlet/http/HttpServletRequest;Ljavax/servlet/http/HttpServletResponse;)V+71
j  org.springframework.web.servlet.FrameworkServlet.doPost(Ljavax/servlet/http/HttpServletRequest;Ljavax/servlet/http/HttpServletResponse;)V+3
j  javax.servlet.http.HttpServlet.service(Ljavax/servlet/http/HttpServletRequest;Ljavax/servlet/http/HttpServletResponse;)V+149
j  org.springframework.web.servlet.FrameworkServlet.service(Ljavax/servlet/http/HttpServletRequest;Ljavax/servlet/http/HttpServletResponse;)V+33
j  javax.servlet.http.HttpServlet.service(Ljavax/servlet/ServletRequest;Ljavax/servlet/ServletResponse;)V+36
J 4920 C1 org.apache.catalina.core.ApplicationFilterChain.internalDoFilter(Ljavax/servlet/ServletRequest;Ljavax/servlet/ServletResponse;)V (388 bytes) @ 0x0000000004224194 [0x0000000004223f80+0x214]
J 4919 C1 org.apache.catalina.core.ApplicationFilterChain.doFilter(Ljavax/servlet/ServletRequest;Ljavax/servlet/ServletResponse;)V (103 bytes) @ 0x0000000004223b54 [0x0000000004223b20+0x34]
j  org.apache.tomcat.websocket.server.WsFilter.doFilter(Ljavax/servlet/ServletRequest;Ljavax/servlet/ServletResponse;Ljavax/servlet/FilterChain;)V+21
J 4920 C1 org.apache.catalina.core.ApplicationFilterChain.internalDoFilter(Ljavax/servlet/ServletRequest;Ljavax/servlet/ServletResponse;)V (388 bytes) @ 0x00000000042243b4 [0x0000000004223f80+0x434]
J 4919 C1 org.apache.catalina.core.ApplicationFilterChain.doFilter(Ljavax/servlet/ServletRequest;Ljavax/servlet/ServletResponse;)V (103 bytes) @ 0x0000000004223b54 [0x0000000004223b20+0x34]
j  org.springframework.web.filter.RequestContextFilter.doFilterInternal(Ljavax/servlet/http/HttpServletRequest;Ljavax/servlet/http/HttpServletResponse;Ljavax/servlet/FilterChain;)V+21
J 5244 C1 org.springframework.web.filter.OncePerRequestFilter.doFilter(Ljavax/servlet/ServletRequest;Ljavax/servlet/ServletResponse;Ljavax/servlet/FilterChain;)V (175 bytes) @ 0x00000000042a1a54 [0x00000000042a1700+0x354]
J 4920 C1 org.apache.catalina.core.ApplicationFilterChain.internalDoFilter(Ljavax/servlet/ServletRequest;Ljavax/servlet/ServletResponse;)V (388 bytes) @ 0x00000000042243b4 [0x0000000004223f80+0x434]
J 4919 C1 org.apache.catalina.core.ApplicationFilterChain.doFilter(Ljavax/servlet/ServletRequest;Ljavax/servlet/ServletResponse;)V (103 bytes) @ 0x0000000004223b54 [0x0000000004223b20+0x34]
j  org.springframework.web.filter.FormContentFilter.doFilterInternal(Ljavax/servlet/http/HttpServletRequest;Ljavax/servlet/http/HttpServletResponse;Ljavax/servlet/FilterChain;)V+38
J 5244 C1 org.springframework.web.filter.OncePerRequestFilter.doFilter(Ljavax/servlet/ServletRequest;Ljavax/servlet/ServletResponse;Ljavax/servlet/FilterChain;)V (175 bytes) @ 0x00000000042a1a54 [0x00000000042a1700+0x354]
J 4920 C1 org.apache.catalina.core.ApplicationFilterChain.internalDoFilter(Ljavax/servlet/ServletRequest;Ljavax/servlet/ServletResponse;)V (388 bytes) @ 0x00000000042243b4 [0x0000000004223f80+0x434]
J 4919 C1 org.apache.catalina.core.ApplicationFilterChain.doFilter(Ljavax/servlet/ServletRequest;Ljavax/servlet/ServletResponse;)V (103 bytes) @ 0x0000000004223b54 [0x0000000004223b20+0x34]
j  org.springframework.web.filter.CharacterEncodingFilter.doFilterInternal(Ljavax/servlet/http/HttpServletRequest;Ljavax/servlet/http/HttpServletResponse;Ljavax/servlet/FilterChain;)V+53
J 5244 C1 org.springframework.web.filter.OncePerRequestFilter.doFilter(Ljavax/servlet/ServletRequest;Ljavax/servlet/ServletResponse;Ljavax/servlet/FilterChain;)V (175 bytes) @ 0x00000000042a1a54 [0x00000000042a1700+0x354]
J 4920 C1 org.apache.catalina.core.ApplicationFilterChain.internalDoFilter(Ljavax/servlet/ServletRequest;Ljavax/servlet/ServletResponse;)V (388 bytes) @ 0x00000000042243b4 [0x0000000004223f80+0x434]
J 4919 C1 org.apache.catalina.core.ApplicationFilterChain.doFilter(Ljavax/servlet/ServletRequest;Ljavax/servlet/ServletResponse;)V (103 bytes) @ 0x0000000004223b54 [0x0000000004223b20+0x34]
j  org.apache.catalina.core.StandardWrapperValve.invoke(Lorg/apache/catalina/connector/Request;Lorg/apache/catalina/connector/Response;)V+694
j  org.apache.catalina.core.StandardContextValve.invoke(Lorg/apache/catalina/connector/Request;Lorg/apache/catalina/connector/Response;)V+169
j  org.apache.catalina.authenticator.AuthenticatorBase.invoke(Lorg/apache/catalina/connector/Request;Lorg/apache/catalina/connector/Response;)V+260
j  org.apache.catalina.core.StandardHostValve.invoke(Lorg/apache/catalina/connector/Request;Lorg/apache/catalina/connector/Response;)V+128
j  org.apache.catalina.valves.ErrorReportValve.invoke(Lorg/apache/catalina/connector/Request;Lorg/apache/catalina/connector/Response;)V+6
j  org.apache.catalina.core.StandardEngineValve.invoke(Lorg/apache/catalina/connector/Request;Lorg/apache/catalina/connector/Response;)V+59
j  org.apache.catalina.connector.CoyoteAdapter.service(Lorg/apache/coyote/Request;Lorg/apache/coyote/Response;)V+199
j  org.apache.coyote.http11.Http11Processor.service(Lorg/apache/tomcat/util/net/SocketWrapperBase;)Lorg/apache/tomcat/util/net/AbstractEndpoint$Handler$SocketState;+737
j  org.apache.coyote.AbstractProcessorLight.process(Lorg/apache/tomcat/util/net/SocketWrapperBase;Lorg/apache/tomcat/util/net/SocketEvent;)Lorg/apache/tomcat/util/net/AbstractEndpoint$Handler$SocketState;+170
j  org.apache.coyote.AbstractProtocol$ConnectionHandler.process(Lorg/apache/tomcat/util/net/SocketWrapperBase;Lorg/apache/tomcat/util/net/SocketEvent;)Lorg/apache/tomcat/util/net/AbstractEndpoint$Handler$SocketState;+505
j  org.apache.tomcat.util.net.NioEndpoint$SocketProcessor.doRun()V+216
j  org.apache.tomcat.util.net.SocketProcessorBase.run()V+21
j  java.util.concurrent.ThreadPoolExecutor.runWorker(Ljava/util/concurrent/ThreadPoolExecutor$Worker;)V+95
j  java.util.concurrent.ThreadPoolExecutor$Worker.run()V+5
j  org.apache.tomcat.util.threads.TaskThread$WrappingRunnable.run()V+4
j  java.lang.Thread.run()V+11
v  ~StubRoutines::call_stub

---------------  P R O C E S S  ---------------

Java Threads: ( => current thread )
  0x000000001b123800 JavaThread "lettuce-eventExecutorLoop-1-8" daemon [_thread_blocked, id=18720, stack(0x0000000041240000,0x0000000041340000)]
  0x000000001b123000 JavaThread "DiscoveryClient-CacheRefreshExecutor-0" daemon [_thread_blocked, id=21536, stack(0x0000000041140000,0x0000000041240000)]
  0x000000001b11d800 JavaThread "DiscoveryClient-HeartbeatExecutor-0" daemon [_thread_blocked, id=10440, stack(0x0000000040c00000,0x0000000040d00000)]
  0x000000001b11f000 JavaThread "lettuce-eventExecutorLoop-1-7" daemon [_thread_blocked, id=15552, stack(0x0000000040b00000,0x0000000040c00000)]
  0x000000001b120800 JavaThread "lettuce-eventExecutorLoop-1-6" daemon [_thread_blocked, id=10332, stack(0x0000000040a00000,0x0000000040b00000)]
  0x000000001b11e800 JavaThread "lettuce-eventExecutorLoop-1-5" daemon [_thread_blocked, id=7904, stack(0x0000000040900000,0x0000000040a00000)]
  0x000000001eb47000 JavaThread "lettuce-eventExecutorLoop-1-4" daemon [_thread_blocked, id=21720, stack(0x0000000040800000,0x0000000040900000)]
  0x000000001eb46000 JavaThread "lettuce-eventExecutorLoop-1-3" daemon [_thread_blocked, id=23488, stack(0x0000000040700000,0x0000000040800000)]
  0x000000001eb45800 JavaThread "idle_connection_reaper" daemon [_thread_blocked, id=23156, stack(0x0000000040400000,0x0000000040500000)]
  0x000000001eb44800 JavaThread "lettuce-eventExecutorLoop-1-2" daemon [_thread_blocked, id=6952, stack(0x0000000040300000,0x0000000040400000)]
  0x000000001eb3d000 JavaThread "lettuce-eventExecutorLoop-1-1" daemon [_thread_blocked, id=14560, stack(0x0000000023180000,0x0000000023280000)]
  0x000000001eb44000 JavaThread "lettuce-nioEventLoop-4-1" daemon [_thread_in_native, id=21748, stack(0x0000000021f70000,0x0000000022070000)]
  0x000000001eb41800 JavaThread "DestroyJavaVM" [_thread_blocked, id=20420, stack(0x0000000003520000,0x0000000003620000)]
  0x000000001eb43000 JavaThread "Java2D Disposer" daemon [_thread_blocked, id=23136, stack(0x0000000021a70000,0x0000000021b70000)]
  0x000000001eb42800 JavaThread "http-nio-8081-Acceptor" daemon [_thread_in_native, id=22132, stack(0x0000000021770000,0x0000000021870000)]
  0x000000001eb41000 JavaThread "http-nio-8081-ClientPoller" daemon [_thread_in_native, id=20560, stack(0x0000000021670000,0x0000000021770000)]
  0x000000001eb39800 JavaThread "http-nio-8081-exec-10" daemon [_thread_blocked, id=20548, stack(0x0000000021570000,0x0000000021670000)]
  0x000000001eb40000 JavaThread "http-nio-8081-exec-9" daemon [_thread_in_native, id=18444, stack(0x0000000021470000,0x0000000021570000)]
  0x000000001eb3e800 JavaThread "http-nio-8081-exec-8" daemon [_thread_in_native, id=14604, stack(0x0000000021370000,0x0000000021470000)]
  0x000000001eb38800 JavaThread "http-nio-8081-exec-7" daemon [_thread_blocked, id=22752, stack(0x0000000021270000,0x0000000021370000)]
  0x000000001eb3a000 JavaThread "http-nio-8081-exec-6" daemon [_thread_in_native, id=10224, stack(0x0000000021170000,0x0000000021270000)]
  0x000000001eb3b000 JavaThread "http-nio-8081-exec-5" daemon [_thread_in_native, id=6996, stack(0x0000000021070000,0x0000000021170000)]
  0x000000001eb3f800 JavaThread "http-nio-8081-exec-4" daemon [_thread_blocked, id=13632, stack(0x0000000020f70000,0x0000000021070000)]
  0x000000001eb37800 JavaThread "http-nio-8081-exec-3" daemon [_thread_blocked, id=22928, stack(0x0000000020e70000,0x0000000020f70000)]
  0x000000001eb3b800 JavaThread "http-nio-8081-exec-2" daemon [_thread_in_native, id=9888, stack(0x0000000020d70000,0x0000000020e70000)]
=>0x000000001eb3e000 JavaThread "http-nio-8081-exec-1" daemon [_thread_in_native, id=15796, stack(0x0000000020c70000,0x0000000020d70000)]
  0x000000001eb3c800 JavaThread "http-nio-8081-BlockPoller" daemon [_thread_in_native, id=23172, stack(0x0000000020b70000,0x0000000020c70000)]
  0x000000001e3dc800 JavaThread "DiscoveryClient-InstanceInfoReplicator-0" daemon [_thread_blocked, id=12816, stack(0x0000000020a70000,0x0000000020b70000)]
  0x000000001e3da800 JavaThread "DiscoveryClient-1" daemon [_thread_blocked, id=22684, stack(0x0000000020970000,0x0000000020a70000)]
  0x000000001e3d7800 JavaThread "DiscoveryClient-0" daemon [_thread_blocked, id=22240, stack(0x0000000020770000,0x0000000020870000)]
  0x000000001e3d9000 JavaThread "AsyncResolver-bootstrap-0" daemon [_thread_blocked, id=19648, stack(0x0000000020270000,0x0000000020370000)]
  0x000000001e3de000 JavaThread "spring.cloud.inetutils" daemon [_thread_blocked, id=16600, stack(0x000000001ff70000,0x0000000020070000)]
  0x000000001e3d8000 JavaThread "lettuce-timer-3-1" daemon [_thread_blocked, id=18272, stack(0x000000001f870000,0x000000001f970000)]
  0x000000001e3dc000 JavaThread "container-0" [_thread_blocked, id=17884, stack(0x000000001f570000,0x000000001f670000)]
  0x000000001e3db000 JavaThread "Catalina-utility-2" [_thread_blocked, id=8248, stack(0x000000001f470000,0x000000001f570000)]
  0x000000001e3d9800 JavaThread "Catalina-utility-1" [_thread_in_vm, id=13596, stack(0x000000001f370000,0x000000001f470000)]
  0x000000001b37b000 JavaThread "Service Thread" daemon [_thread_blocked, id=21316, stack(0x000000001bc20000,0x000000001bd20000)]
  0x000000001b2e1800 JavaThread "C1 CompilerThread3" daemon [_thread_blocked, id=19244, stack(0x000000001bb20000,0x000000001bc20000)]
  0x000000001b2de000 JavaThread "C2 CompilerThread2" daemon [_thread_blocked, id=6940, stack(0x000000001ba20000,0x000000001bb20000)]
  0x000000001b2dd000 JavaThread "C2 CompilerThread1" daemon [_thread_blocked, id=15724, stack(0x000000001b920000,0x000000001ba20000)]
  0x000000001b2d8800 JavaThread "C2 CompilerThread0" daemon [_thread_blocked, id=9584, stack(0x000000001b820000,0x000000001b920000)]
  0x000000001b292000 JavaThread "Monitor Ctrl-Break" daemon [_thread_in_native, id=23180, stack(0x000000001b720000,0x000000001b820000)]
  0x000000001a700800 JavaThread "Attach Listener" daemon [_thread_blocked, id=22104, stack(0x000000001ae20000,0x000000001af20000)]
  0x000000001a75b800 JavaThread "Signal Dispatcher" daemon [_thread_blocked, id=22120, stack(0x000000001ad20000,0x000000001ae20000)]
  0x00000000188d6800 JavaThread "Finalizer" daemon [_thread_blocked, id=22488, stack(0x000000001abc0000,0x000000001acc0000)]
  0x00000000188cf800 JavaThread "Reference Handler" daemon [_thread_blocked, id=17600, stack(0x000000001aac0000,0x000000001abc0000)]

Other Threads:
  0x00000000188c7800 VMThread [stack: 0x000000001a5c0000,0x000000001a6c0000] [id=19664]
  0x000000001b380000 WatcherThread [stack: 0x000000001bd20000,0x000000001be20000] [id=23184]

VM state:not at safepoint (normal execution)

VM Mutex/Monitor currently owned by a thread: None

heap address: 0x0000000081200000, size: 2030 MB, Compressed Oops mode: 32-bit
Narrow klass base: 0x0000000000000000, Narrow klass shift: 3
Compressed class space size: 1073741824 Address: 0x0000000100000000

Heap:
 PSYoungGen      total 305664K, used 225003K [0x00000000d5b80000, 0x00000000ef180000, 0x0000000100000000)
  eden space 270336K, 81% used [0x00000000d5b80000,0x00000000e3307f78,0x00000000e6380000)
  from space 35328K, 12% used [0x00000000e6380000,0x00000000e67b2db8,0x00000000e8600000)
  to   space 34304K, 0% used [0x00000000ed000000,0x00000000ed000000,0x00000000ef180000)
 ParOldGen       total 143872K, used 53846K [0x0000000081200000, 0x0000000089e80000, 0x00000000d5b80000)
  object space 143872K, 37% used [0x0000000081200000,0x0000000084695968,0x0000000089e80000)
 Metaspace       used 54344K, capacity 58046K, committed 58368K, reserved 1099776K
  class space    used 7429K, capacity 8107K, committed 8192K, reserved 1048576K

Card table byte_map: [0x0000000012cc0000,0x00000000130c0000] byte_map_base: 0x00000000128b7000

Marking Bits: (ParMarkBitMap*) 0x00000000606e4ce0
 Begin Bits: [0x0000000013b70000, 0x0000000015b28000)
 End Bits:   [0x0000000015b28000, 0x0000000017ae0000)

Polling page: 0x0000000003620000

CodeCache: size=245760Kb used=11139Kb max_used=11139Kb free=234621Kb
 bounds [0x0000000003900000, 0x00000000043f0000, 0x0000000012900000]
 total_blobs=6683 nmethods=6089 adapters=506
 compilation: enabled

Compilation events (10 events):
Event: 59.570 Thread 0x000000001b2e1800 6227       1       sun.nio.ch.SocketChannelImpl::translateAndSetReadyOps (8 bytes)
Event: 59.570 Thread 0x000000001b2e1800 nmethod 6227 0x00000000043e1350 code [0x00000000043e14a0, 0x00000000043e15c8]
Event: 59.570 Thread 0x000000001b2e1800 6228       1       sun.nio.ch.SocketChannelImpl::translateReadyOps (191 bytes)
Event: 59.571 Thread 0x000000001b2e1800 nmethod 6228 0x00000000043e1650 code [0x00000000043e17a0, 0x00000000043e19d0]
Event: 59.680 Thread 0x000000001b2e1800 6229       1       org.apache.catalina.core.StandardContext::getResponseCharacterEncoding (5 bytes)
Event: 59.680 Thread 0x000000001b2e1800 nmethod 6229 0x00000000043e1a50 code [0x00000000043e1ba0, 0x00000000043e1cb0]
Event: 59.680 Thread 0x000000001b2e1800 6230       1       com.fasterxml.jackson.databind.ObjectMapper::getFactory (5 bytes)
Event: 59.680 Thread 0x000000001b2e1800 nmethod 6230 0x00000000043e1d10 code [0x00000000043e1e60, 0x00000000043e1f70]
Event: 59.680 Thread 0x000000001b2e1800 6231       1       com.fasterxml.jackson.databind.ObjectWriter::getConfig (5 bytes)
Event: 59.680 Thread 0x000000001b2e1800 nmethod 6231 0x00000000043e1fd0 code [0x00000000043e2120, 0x00000000043e2230]

GC Heap History (10 events):
Event: 8.525 GC heap before
{Heap before GC invocations=14 (full 2):
 PSYoungGen      total 174592K, used 174590K [0x00000000d5b80000, 0x00000000e4d00000, 0x0000000100000000)
  eden space 162816K, 100% used [0x00000000d5b80000,0x00000000dfa80000,0x00000000dfa80000)
  from space 11776K, 99% used [0x00000000dfa80000,0x00000000e05ffaa0,0x00000000e0600000)
  to   space 13824K, 0% used [0x00000000e3f80000,0x00000000e3f80000,0x00000000e4d00000)
 ParOldGen       total 78336K, used 21640K [0x0000000081200000, 0x0000000085e80000, 0x00000000d5b80000)
  object space 78336K, 27% used [0x0000000081200000,0x0000000082722028,0x0000000085e80000)
 Metaspace       used 48974K, capacity 52026K, committed 52096K, reserved 1093632K
  class space    used 6722K, capacity 7265K, committed 7296K, reserved 1048576K
Event: 8.548 GC heap after
Heap after GC invocations=14 (full 2):
 PSYoungGen      total 223744K, used 13796K [0x00000000d5b80000, 0x00000000e6200000, 0x0000000100000000)
  eden space 209920K, 0% used [0x00000000d5b80000,0x00000000d5b80000,0x00000000e2880000)
  from space 13824K, 99% used [0x00000000e3f80000,0x00000000e4cf91d0,0x00000000e4d00000)
  to   space 23552K, 0% used [0x00000000e2880000,0x00000000e2880000,0x00000000e3f80000)
 ParOldGen       total 78336K, used 42373K [0x0000000081200000, 0x0000000085e80000, 0x00000000d5b80000)
  object space 78336K, 54% used [0x0000000081200000,0x0000000083b617c8,0x0000000085e80000)
 Metaspace       used 48974K, capacity 52026K, committed 52096K, reserved 1093632K
  class space    used 6722K, capacity 7265K, committed 7296K, reserved 1048576K
}
Event: 9.301 GC heap before
{Heap before GC invocations=15 (full 2):
 PSYoungGen      total 223744K, used 223716K [0x00000000d5b80000, 0x00000000e6200000, 0x0000000100000000)
  eden space 209920K, 100% used [0x00000000d5b80000,0x00000000e2880000,0x00000000e2880000)
  from space 13824K, 99% used [0x00000000e3f80000,0x00000000e4cf91d0,0x00000000e4d00000)
  to   space 23552K, 0% used [0x00000000e2880000,0x00000000e2880000,0x00000000e3f80000)
 ParOldGen       total 78336K, used 42375K [0x0000000081200000, 0x0000000085e80000, 0x00000000d5b80000)
  object space 78336K, 54% used [0x0000000081200000,0x0000000083b61fa8,0x0000000085e80000)
 Metaspace       used 49406K, capacity 52824K, committed 53120K, reserved 1095680K
  class space    used 6829K, capacity 7436K, committed 7552K, reserved 1048576K
Event: 9.310 GC heap after
Heap after GC invocations=15 (full 2):
 PSYoungGen      total 233472K, used 1965K [0x00000000d5b80000, 0x00000000e9d00000, 0x0000000100000000)
  eden space 209920K, 0% used [0x00000000d5b80000,0x00000000d5b80000,0x00000000e2880000)
  from space 23552K, 8% used [0x00000000e2880000,0x00000000e2a6b580,0x00000000e3f80000)
  to   space 23552K, 0% used [0x00000000e8600000,0x00000000e8600000,0x00000000e9d00000)
 ParOldGen       total 78336K, used 52674K [0x0000000081200000, 0x0000000085e80000, 0x00000000d5b80000)
  object space 78336K, 67% used [0x0000000081200000,0x0000000084570860,0x0000000085e80000)
 Metaspace       used 49406K, capacity 52824K, committed 53120K, reserved 1095680K
  class space    used 6829K, capacity 7436K, committed 7552K, reserved 1048576K
}
Event: 29.641 GC heap before
{Heap before GC invocations=16 (full 2):
 PSYoungGen      total 233472K, used 203921K [0x00000000d5b80000, 0x00000000e9d00000, 0x0000000100000000)
  eden space 209920K, 96% used [0x00000000d5b80000,0x00000000e20b91d8,0x00000000e2880000)
  from space 23552K, 8% used [0x00000000e2880000,0x00000000e2a6b580,0x00000000e3f80000)
  to   space 23552K, 0% used [0x00000000e8600000,0x00000000e8600000,0x00000000e9d00000)
 ParOldGen       total 78336K, used 52674K [0x0000000081200000, 0x0000000085e80000, 0x00000000d5b80000)
  object space 78336K, 67% used [0x0000000081200000,0x0000000084570860,0x0000000085e80000)
 Metaspace       used 54168K, capacity 57794K, committed 57984K, reserved 1099776K
  class space    used 7389K, capacity 8029K, committed 8064K, reserved 1048576K
Event: 29.658 GC heap after
Heap after GC invocations=16 (full 2):
 PSYoungGen      total 293888K, used 23520K [0x00000000d5b80000, 0x00000000eab80000, 0x0000000100000000)
  eden space 270336K, 0% used [0x00000000d5b80000,0x00000000d5b80000,0x00000000e6380000)
  from space 23552K, 99% used [0x00000000e8600000,0x00000000e9cf82d0,0x00000000e9d00000)
  to   space 35328K, 0% used [0x00000000e6380000,0x00000000e6380000,0x00000000e8600000)
 ParOldGen       total 78336K, used 74007K [0x0000000081200000, 0x0000000085e80000, 0x00000000d5b80000)
  object space 78336K, 94% used [0x0000000081200000,0x0000000085a45d78,0x0000000085e80000)
 Metaspace       used 54168K, capacity 57794K, committed 57984K, reserved 1099776K
  class space    used 7389K, capacity 8029K, committed 8064K, reserved 1048576K
}
Event: 29.658 GC heap before
{Heap before GC invocations=17 (full 3):
 PSYoungGen      total 293888K, used 23520K [0x00000000d5b80000, 0x00000000eab80000, 0x0000000100000000)
  eden space 270336K, 0% used [0x00000000d5b80000,0x00000000d5b80000,0x00000000e6380000)
  from space 23552K, 99% used [0x00000000e8600000,0x00000000e9cf82d0,0x00000000e9d00000)
  to   space 35328K, 0% used [0x00000000e6380000,0x00000000e6380000,0x00000000e8600000)
 ParOldGen       total 78336K, used 74007K [0x0000000081200000, 0x0000000085e80000, 0x00000000d5b80000)
  object space 78336K, 94% used [0x0000000081200000,0x0000000085a45d78,0x0000000085e80000)
 Metaspace       used 54168K, capacity 57794K, committed 57984K, reserved 1099776K
  class space    used 7389K, capacity 8029K, committed 8064K, reserved 1048576K
Event: 29.836 GC heap after
Heap after GC invocations=17 (full 3):
 PSYoungGen      total 293888K, used 0K [0x00000000d5b80000, 0x00000000eab80000, 0x0000000100000000)
  eden space 270336K, 0% used [0x00000000d5b80000,0x00000000d5b80000,0x00000000e6380000)
  from space 23552K, 0% used [0x00000000e8600000,0x00000000e8600000,0x00000000e9d00000)
  to   space 35328K, 0% used [0x00000000e6380000,0x00000000e6380000,0x00000000e8600000)
 ParOldGen       total 143872K, used 53838K [0x0000000081200000, 0x0000000089e80000, 0x00000000d5b80000)
  object space 143872K, 37% used [0x0000000081200000,0x0000000084693968,0x0000000089e80000)
 Metaspace       used 54168K, capacity 57794K, committed 57984K, reserved 1099776K
  class space    used 7389K, capacity 8029K, committed 8064K, reserved 1048576K
}
Event: 53.158 GC heap before
{Heap before GC invocations=18 (full 3):
 PSYoungGen      total 293888K, used 270336K [0x00000000d5b80000, 0x00000000eab80000, 0x0000000100000000)
  eden space 270336K, 100% used [0x00000000d5b80000,0x00000000e6380000,0x00000000e6380000)
  from space 23552K, 0% used [0x00000000e8600000,0x00000000e8600000,0x00000000e9d00000)
  to   space 35328K, 0% used [0x00000000e6380000,0x00000000e6380000,0x00000000e8600000)
 ParOldGen       total 143872K, used 53838K [0x0000000081200000, 0x0000000089e80000, 0x00000000d5b80000)
  object space 143872K, 37% used [0x0000000081200000,0x0000000084693968,0x0000000089e80000)
 Metaspace       used 54323K, capacity 58022K, committed 58368K, reserved 1099776K
  class space    used 7426K, capacity 8103K, committed 8192K, reserved 1048576K
Event: 53.161 GC heap after
Heap after GC invocations=18 (full 3):
 PSYoungGen      total 305664K, used 4299K [0x00000000d5b80000, 0x00000000ef180000, 0x0000000100000000)
  eden space 270336K, 0% used [0x00000000d5b80000,0x00000000d5b80000,0x00000000e6380000)
  from space 35328K, 12% used [0x00000000e6380000,0x00000000e67b2db8,0x00000000e8600000)
  to   space 34304K, 0% used [0x00000000ed000000,0x00000000ed000000,0x00000000ef180000)
 ParOldGen       total 143872K, used 53846K [0x0000000081200000, 0x0000000089e80000, 0x00000000d5b80000)
  object space 143872K, 37% used [0x0000000081200000,0x0000000084695968,0x0000000089e80000)
 Metaspace       used 54323K, capacity 58022K, committed 58368K, reserved 1099776K
  class space    used 7426K, capacity 8103K, committed 8192K, reserved 1048576K
}

Deoptimization events (0 events):
No events

Classes redefined (0 events):
No events

Internal exceptions (10 events):
Event: 37.888 Thread 0x000000001b123000 Exception <a 'java/net/SocketTimeoutException': Read timed out> (0x00000000e0efc1f8) thrown at [C:\re\workspace\8-2-build-windows-amd64-cygwin\jdk8u201\12322\hotspot\src\share\vm\prims\jni.cpp, line 735]
Event: 37.904 Thread 0x000000001b11d800 Exception <a 'java/net/SocketTimeoutException': Read timed out> (0x00000000e0fb7d00) thrown at [C:\re\workspace\8-2-build-windows-amd64-cygwin\jdk8u201\12322\hotspot\src\share\vm\prims\jni.cpp, line 735]
Event: 39.194 Thread 0x000000001eb3b000 Exception <a 'java/lang/NoSuchMethodError': java.lang.Object.lambda$invoke$0()Ljava/lang/Object;> (0x00000000e14f63e8) thrown at [C:\re\workspace\8-2-build-windows-amd64-cygwin\jdk8u201\12322\hotspot\src\share\vm\interpreter\linkResolver.cpp, line 620]
Event: 39.200 Thread 0x000000001eb3b000 Exception <a 'java/lang/ArrayIndexOutOfBoundsException'> (0x00000000e152afa0) thrown at [C:\re\workspace\8-2-build-windows-amd64-cygwin\jdk8u201\12322\hotspot\src\share\vm\runtime\sharedRuntime.cpp, line 605]
Event: 39.200 Thread 0x000000001eb3b000 Exception <a 'java/lang/ArrayIndexOutOfBoundsException'> (0x00000000e152cdd0) thrown at [C:\re\workspace\8-2-build-windows-amd64-cygwin\jdk8u201\12322\hotspot\src\share\vm\runtime\sharedRuntime.cpp, line 605]
Event: 39.201 Thread 0x000000001eb3b000 Exception <a 'java/lang/ArrayIndexOutOfBoundsException'> (0x00000000e1532a58) thrown at [C:\re\workspace\8-2-build-windows-amd64-cygwin\jdk8u201\12322\hotspot\src\share\vm\runtime\sharedRuntime.cpp, line 605]
Event: 53.535 Thread 0x000000001eb3b800 Exception <a 'java/io/IOException'> (0x00000000d73b2fd8) thrown at [C:\re\workspace\8-2-build-windows-amd64-cygwin\jdk8u201\12322\hotspot\src\share\vm\prims\jni.cpp, line 709]
Event: 54.939 Thread 0x000000001eb3f800 Exception <a 'java/io/IOException'> (0x00000000db349440) thrown at [C:\re\workspace\8-2-build-windows-amd64-cygwin\jdk8u201\12322\hotspot\src\share\vm\prims\jni.cpp, line 709]
Event: 54.940 Thread 0x000000001eb3e000 Exception <a 'java/io/IOException'> (0x00000000db79f8e0) thrown at [C:\re\workspace\8-2-build-windows-amd64-cygwin\jdk8u201\12322\hotspot\src\share\vm\prims\jni.cpp, line 709]
Event: 56.110 Thread 0x000000001eb38800 Exception <a 'java/io/IOException'> (0x00000000de35b720) thrown at [C:\re\workspace\8-2-build-windows-amd64-cygwin\jdk8u201\12322\hotspot\src\share\vm\prims\jni.cpp, line 709]

Events (10 events):
Event: 59.165 loading class sun/reflect/GeneratedMethodAccessor63
Event: 59.165 loading class sun/reflect/GeneratedMethodAccessor63 done
Event: 59.165 loading class sun/reflect/GeneratedMethodAccessor63
Event: 59.165 loading class sun/reflect/GeneratedMethodAccessor63 done
Event: 59.166 loading class sun/reflect/GeneratedMethodAccessor63
Event: 59.166 loading class sun/reflect/GeneratedMethodAccessor63 done
Event: 59.713 Executing VM operation: RevokeBias
Event: 59.714 Executing VM operation: RevokeBias done
Event: 59.718 Executing VM operation: RevokeBias
Event: 59.718 Executing VM operation: RevokeBias done


Dynamic libraries:
0x00007ff713090000 - 0x00007ff7130c7000 	C:\Program Files\Java\jdk1.8.0_201\bin\java.exe
0x00007ff887a10000 - 0x00007ff887c05000 	C:\WINDOWS\SYSTEM32\ntdll.dll
0x00007ff8864c0000 - 0x00007ff88657e000 	C:\WINDOWS\System32\KERNEL32.DLL
0x00007ff885450000 - 0x00007ff885719000 	C:\WINDOWS\System32\KERNELBASE.dll
0x00007ff886580000 - 0x00007ff88662c000 	C:\WINDOWS\System32\ADVAPI32.dll
0x00007ff885ea0000 - 0x00007ff885f3e000 	C:\WINDOWS\System32\msvcrt.dll
0x00007ff885d10000 - 0x00007ff885dab000 	C:\WINDOWS\System32\sechost.dll
0x00007ff8871f0000 - 0x00007ff88731a000 	C:\WINDOWS\System32\RPCRT4.dll
0x00007ff8876c0000 - 0x00007ff887861000 	C:\WINDOWS\System32\USER32.dll
0x00007ff885130000 - 0x00007ff885152000 	C:\WINDOWS\System32\win32u.dll
0x00007ff885a60000 - 0x00007ff885a8b000 	C:\WINDOWS\System32\GDI32.dll
0x00007ff885850000 - 0x00007ff88595b000 	C:\WINDOWS\System32\gdi32full.dll
0x00007ff8857b0000 - 0x00007ff88584d000 	C:\WINDOWS\System32\msvcp_win.dll
0x00007ff885960000 - 0x00007ff885a60000 	C:\WINDOWS\System32\ucrtbase.dll
0x00007ff876790000 - 0x00007ff876a2a000 	C:\WINDOWS\WinSxS\amd64_microsoft.windows.common-controls_6595b64144ccf1df_6.0.19041.1110_none_60b5254171f9507e\COMCTL32.dll
0x00007ff8879a0000 - 0x00007ff8879d0000 	C:\WINDOWS\System32\IMM32.DLL
0x0000000061560000 - 0x0000000061631000 	C:\Program Files\Java\jdk1.8.0_201\jre\bin\msvcr100.dll
0x000000005fec0000 - 0x0000000060764000 	C:\Program Files\Java\jdk1.8.0_201\jre\bin\server\jvm.dll
0x00007ff8864b0000 - 0x00007ff8864b8000 	C:\WINDOWS\System32\PSAPI.DLL
0x00007ff87ff20000 - 0x00007ff87ff29000 	C:\WINDOWS\SYSTEM32\WSOCK32.dll
0x00007ff886440000 - 0x00007ff8864ab000 	C:\WINDOWS\System32\WS2_32.dll
0x00007ff879f90000 - 0x00007ff879fb7000 	C:\WINDOWS\SYSTEM32\WINMM.dll
0x00007ff87c200000 - 0x00007ff87c20a000 	C:\WINDOWS\SYSTEM32\VERSION.dll
0x00007ff87e770000 - 0x00007ff87e77f000 	C:\Program Files\Java\jdk1.8.0_201\jre\bin\verify.dll
0x00007ff8647b0000 - 0x00007ff8647d9000 	C:\Program Files\Java\jdk1.8.0_201\jre\bin\java.dll
0x00007ff864180000 - 0x00007ff8641a3000 	C:\Program Files\Java\jdk1.8.0_201\jre\bin\instrument.dll
0x00007ff8649b0000 - 0x00007ff8649c6000 	C:\Program Files\Java\jdk1.8.0_201\jre\bin\zip.dll
0x00007ff886630000 - 0x00007ff886d6f000 	C:\WINDOWS\System32\SHELL32.dll
0x00007ff882e70000 - 0x00007ff883600000 	C:\WINDOWS\SYSTEM32\windows.storage.dll
0x00007ff885f40000 - 0x00007ff886295000 	C:\WINDOWS\System32\combase.dll
0x00007ff884b80000 - 0x00007ff884bac000 	C:\WINDOWS\SYSTEM32\Wldp.dll
0x00007ff886330000 - 0x00007ff8863dd000 	C:\WINDOWS\System32\SHCORE.dll
0x00007ff8862c0000 - 0x00007ff886315000 	C:\WINDOWS\System32\shlwapi.dll
0x00007ff885070000 - 0x00007ff88508f000 	C:\WINDOWS\SYSTEM32\profapi.dll
0x00007ff8649d0000 - 0x00007ff8649ea000 	F:\subject\IDEA 2018_sssam.com\IntelliJ IDEA 2018.2.4\bin\breakgen64.dll
0x00007ff863e20000 - 0x00007ff863e3a000 	C:\Program Files\Java\jdk1.8.0_201\jre\bin\net.dll
0x00007ff8731d0000 - 0x00007ff8733bb000 	C:\WINDOWS\SYSTEM32\urlmon.dll
0x00007ff873750000 - 0x00007ff873a00000 	C:\WINDOWS\SYSTEM32\iertutil.dll
0x00007ff8731a0000 - 0x00007ff8731c8000 	C:\WINDOWS\SYSTEM32\srvcli.dll
0x00007ff8845c0000 - 0x00007ff8845cc000 	C:\WINDOWS\SYSTEM32\netutils.dll
0x00007ff8848e0000 - 0x00007ff88494a000 	C:\WINDOWS\system32\mswsock.dll
0x00007ff884580000 - 0x00007ff8845bb000 	C:\WINDOWS\SYSTEM32\IPHLPAPI.DLL
0x00007ff885e90000 - 0x00007ff885e98000 	C:\WINDOWS\System32\NSI.dll
0x00007ff87a5b0000 - 0x00007ff87a5c7000 	C:\WINDOWS\SYSTEM32\dhcpcsvc6.DLL
0x00007ff87aee0000 - 0x00007ff87aefd000 	C:\WINDOWS\SYSTEM32\dhcpcsvc.DLL
0x00007ff8845d0000 - 0x00007ff88469c000 	C:\WINDOWS\SYSTEM32\DNSAPI.dll
0x00007ff87c210000 - 0x00007ff87c21a000 	C:\Windows\System32\rasadhlp.dll
0x00007ff873d50000 - 0x00007ff873dcf000 	C:\WINDOWS\System32\fwpuclnt.dll
0x00007ff885210000 - 0x00007ff885237000 	C:\WINDOWS\System32\bcrypt.dll
0x00007ff87e8a0000 - 0x00007ff87e8ad000 	C:\Program Files\Java\jdk1.8.0_201\jre\bin\management.dll
0x00007ff867c90000 - 0x00007ff867ca7000 	C:\WINDOWS\system32\napinsp.dll
0x00007ff867c70000 - 0x00007ff867c8b000 	C:\WINDOWS\system32\pnrpnsp.dll
0x00007ff87f450000 - 0x00007ff87f465000 	C:\WINDOWS\system32\wshbth.dll
0x00007ff87fe80000 - 0x00007ff87fe9d000 	C:\WINDOWS\system32\NLAapi.dll
0x00007ff867bd0000 - 0x00007ff867be2000 	C:\WINDOWS\System32\winrnr.dll
0x00007ff863e00000 - 0x00007ff863e11000 	C:\Program Files\Java\jdk1.8.0_201\jre\bin\nio.dll
0x00007ff884ad0000 - 0x00007ff884ae8000 	C:\WINDOWS\SYSTEM32\CRYPTSP.dll
0x00007ff8841f0000 - 0x00007ff884224000 	C:\WINDOWS\system32\rsaenh.dll
0x00007ff885030000 - 0x00007ff88505e000 	C:\WINDOWS\SYSTEM32\USERENV.dll
0x00007ff885720000 - 0x00007ff8857a3000 	C:\WINDOWS\System32\bcryptprimitives.dll
0x00007ff884af0000 - 0x00007ff884afc000 	C:\WINDOWS\SYSTEM32\CRYPTBASE.dll
0x00007ff85f840000 - 0x00007ff85f864000 	C:\Program Files\Java\jdk1.8.0_201\jre\bin\sunec.dll
0x00007ff83ed60000 - 0x00007ff83eef9000 	C:\Program Files\Java\jdk1.8.0_201\jre\bin\awt.dll
0x00007ff887320000 - 0x00007ff8873ed000 	C:\WINDOWS\System32\OLEAUT32.dll
0x00007ff881790000 - 0x00007ff881820000 	C:\WINDOWS\SYSTEM32\apphelp.dll
0x00007ff856890000 - 0x00007ff8568c1000 	C:\Program Files\Java\jdk1.8.0_201\jre\bin\jpeg.dll
0x00007ff82b690000 - 0x00007ff82e4cd000 	C:\Users\lenovo\Desktop\人脸识别\Face-recognition-main\ArcSoft_ArcFace_Java_Windows_x64_V3.0\libs\WIN64\libarcsoft_face.dll
0x00007ff86b240000 - 0x00007ff86b2e6000 	C:\WINDOWS\SYSTEM32\MSVCP120.dll
0x00007ff86b150000 - 0x00007ff86b23f000 	C:\WINDOWS\SYSTEM32\MSVCR120.dll
0x00007ff841150000 - 0x00007ff8411cf000 	C:\Users\lenovo\Desktop\人脸识别\Face-recognition-main\ArcSoft_ArcFace_Java_Windows_x64_V3.0\libs\WIN64\libarcsoft_face_engine.dll
0x00007ff8863e0000 - 0x00007ff886436000 	C:\WINDOWS\System32\WLDAP32.dll
0x00007ff8451b0000 - 0x00007ff8451d5000 	C:\Users\lenovo\Desktop\人脸识别\Face-recognition-main\ArcSoft_ArcFace_Java_Windows_x64_V3.0\libs\WIN64\libarcsoft_face_engine_jni.dll
0x00007ff8403b0000 - 0x00007ff8403ee000 	C:\Program Files\Java\jdk1.8.0_201\jre\bin\lcms.dll
0x00007ff8836d0000 - 0x00007ff8838b4000 	C:\WINDOWS\SYSTEM32\dbghelp.dll

VM Arguments:
jvm_args: -XX:CompileCommand=exclude,org/hibernate/cfg/annotations/SimpleValueBinder.setType -XX:TieredStopAtLevel=1 -Xverify:none -Dspring.output.ansi.enabled=always -javaagent:F:\subject\IDEA 2018_sssam.com\IntelliJ IDEA 2018.2.4\lib\idea_rt.jar=60823:F:\subject\IDEA 2018_sssam.com\IntelliJ IDEA 2018.2.4\bin -Dfile.encoding=UTF-8 
java_command: com.tangcheng.face_corn.FaceCornApplication
java_class_path (initial): C:\Program Files\Java\jdk1.8.0_201\jre\lib\charsets.jar;C:\Program Files\Java\jdk1.8.0_201\jre\lib\deploy.jar;C:\Program Files\Java\jdk1.8.0_201\jre\lib\ext\access-bridge-64.jar;C:\Program Files\Java\jdk1.8.0_201\jre\lib\ext\cldrdata.jar;C:\Program Files\Java\jdk1.8.0_201\jre\lib\ext\dnsns.jar;C:\Program Files\Java\jdk1.8.0_201\jre\lib\ext\jaccess.jar;C:\Program Files\Java\jdk1.8.0_201\jre\lib\ext\jfxrt.jar;C:\Program Files\Java\jdk1.8.0_201\jre\lib\ext\localedata.jar;C:\Program Files\Java\jdk1.8.0_201\jre\lib\ext\nashorn.jar;C:\Program Files\Java\jdk1.8.0_201\jre\lib\ext\sunec.jar;C:\Program Files\Java\jdk1.8.0_201\jre\lib\ext\sunjce_provider.jar;C:\Program Files\Java\jdk1.8.0_201\jre\lib\ext\sunmscapi.jar;C:\Program Files\Java\jdk1.8.0_201\jre\lib\ext\sunpkcs11.jar;C:\Program Files\Java\jdk1.8.0_201\jre\lib\ext\zipfs.jar;C:\Program Files\Java\jdk1.8.0_201\jre\lib\javaws.jar;C:\Program Files\Java\jdk1.8.0_201\jre\lib\jce.jar;C:\Program Files\Java\jdk1.8.0_201\jre\lib\jfr.jar;C:\Program Files\Java\jdk1.8.0_201\jre\lib\jfxswt.jar;C:\Program Files\Java\jdk1.8.0_201\jre\lib\jsse.jar;C:\Program Files\Java\jdk1.8.0_201\jre\lib\management-agent.jar;C:\Program Files\Java\jdk1.8.0_201\jre\lib\plugin.jar;C:\Program Files\Java\jdk1.8.0_201\jre\lib\resources.jar;C:\Program Files\Java\jdk1.8.0_201\jre\lib\rt.jar;C:\Users\lenovo\Desktop\人脸识别\Face-recognition-main\facesystem\face_corn\target\classes;C:\Users\lenovo\Desktop\人脸识别\Face-recognition-main\facesystem\common\target\classes;F:\subject\JavaWeb\maven-l\org\projectlombok\lombok\1.18.20\lombok-1.18.20.jar;F:\subject\JavaWeb\maven-l\com\auth0\java-jwt\3.4.0\java-jwt-3.4.0.jar;F:\subject\JavaWeb\maven-l\com\fasterxml\jackson\core\jackson-databind\2.11.4\jackson-databind-2.11.4.jar;F:\subject\JavaWeb\maven-l\com\fasterxml\jackson\core\jackson-annotations\2.11.4\jackson-annotations-2.11.4.jar;F:\subject\JavaWeb\maven-l\com\fasterxml\jackson\core\jackson-core\2.11.4\jackson-core-2.11.4.jar;F:\s
Launcher Type: SUN_STANDARD

Environment Variables:
JAVA_HOME=C:\Program Files\Java\jdk1.8.0_201
CLASSPATH=.;C:\Program Files\Java\jdk1.8.0_201\lib\dt.jar,C:\Program Files\Java\jdk1.8.0_201\lib\tools.jar;F:\subject\JavaWeb\apache-tomcat-8.5.45\lib\servlet-api.jar
PATH=C:\Program Files (x86)\Common Files\Oracle\Java\javapath;C:\WINDOWS\system32;C:\WINDOWS;C:\WINDOWS\System32\Wbem;C:\WINDOWS\System32\WindowsPowerShell\v1.0\;C:\WINDOWS\System32\OpenSSH\;F:\subject\JavaWeb\apache-tomcat-8.5.45\bin;F:\subject\JavaWeb\apache-tomcat-8.5.45\lib;C:\Program Files\NVIDIA Corporation\NVIDIA NvDLISR;F:\subject\JavaWeb\apache-maven-3.3.9\bin;F:\subject\JavaWeb\Gradle\gradle-6.9.1\bin;F:\subject\JavaWeb\nodejs;C:\Program Files\Java\jdk1.8.0_201\bin;C:\Program Files\MySQL\MySQL Server 8.0\bin;F:\subject\JavaWeb\env\MongoDB\bin;C:\Users\lenovo\AppData\Local\Microsoft\WindowsApps;F:\subject\PyCharm\PyCharm Community Edition 2020.3.3\bin;;F:\subject\JavaWeb\Microsoft VS Code\bin;F:\subject\JavaWeb\nodejs\node_global;
USERNAME=lenovo
OS=Windows_NT
PROCESSOR_IDENTIFIER=Intel64 Family 6 Model 158 Stepping 10, GenuineIntel



---------------  S Y S T E M  ---------------

OS: Windows 10.0 , 64 bit Build 19041 (10.0.19041.1202)

CPU:total 8 (initial active 8) (4 cores per cpu, 2 threads per core) family 6 model 158 stepping 10, cmov, cx8, fxsr, mmx, sse, sse2, sse3, ssse3, sse4.1, sse4.2, popcnt, avx, avx2, aes, clmul, erms, 3dnowpref, lzcnt, ht, tsc, tscinvbit, bmi1, bmi2, adx

Memory: 4k page, physical 8306932k(375040k free), swap 18792692k(2386952k free)

vm_info: Java HotSpot(TM) 64-Bit Server VM (25.201-b09) for windows-amd64 JRE (1.8.0_201-b09), built on Dec 15 2018 18:36:39 by "java_re" with MS VC++ 10.0 (VS2010)

time: Sun Oct 31 21:49:35 2021
timezone: 中国标准时间
elapsed time: 59 seconds (0d 0h 0m 59s)

