#
# A fatal error has been detected by the Java Runtime Environment:
#
#  EXCEPTION_ACCESS_VIOLATION (0xc0000005) at pc=0x00007ffbb3fee0e5, pid=21376, tid=0x000000000000213c
#
# JRE version: Java(TM) SE Runtime Environment (8.0_201-b09) (build 1.8.0_201-b09)
# Java VM: Java HotSpot(TM) 64-Bit Server VM (25.201-b09 mixed mode windows-amd64 compressed oops)
# Problematic frame:
# C  [libarcsoft_face.dll+0xe0e5]
#
# Failed to write core dump. Minidumps are not enabled by default on client versions of Windows
#
# If you would like to submit a bug report, please visit:
#   http://bugreport.java.com/bugreport/crash.jsp
# The crash happened outside the Java Virtual Machine in native code.
# See problematic frame for where to report the bug.
#

---------------  T H R E A D  ---------------

Current thread (0x000000001e6c5800):  JavaThread "http-nio-8081-exec-4" daemon [_thread_in_native, id=8508, stack(0x0000000020d40000,0x0000000020e40000)]

siginfo: ExceptionCode=0xc0000005, writing address 0xfffffffe25d66e60

Registers:
RAX=0x0000000000000001, RBX=0x0000000080002000, RCX=0x0000000000000001, RDX=0xffffffff80000000
RSP=0x0000000020e3d1e0, RBP=0x0000000080000000, RSI=0x0000000000000140, RDI=0x0000000080000000
R8 =0x00000000000000ff, R9 =0x0000000000000000, R10=0x0000000080001000, R11=0x0000000025d66e60
R12=0x0000000000000040, R13=0x0000000000000040, R14=0x0000000000000000, R15=0x000000001e947f90
RIP=0x00007ffbb3fee0e5, EFLAGS=0x0000000000010202

Top of Stack: (sp=0x0000000020e3d1e0)
0x0000000020e3d1e0:   0000000000000000 0000000000002000
0x0000000020e3d1f0:   0000000000000010 0000000000000040
0x0000000020e3d200:   0000000000000000 0000000025d73780
0x0000000020e3d210:   0000000020e3d320 00007ffbb3fec5f2
0x0000000020e3d220:   0000000000000000 00007ffbb3ff17a3
0x0000000020e3d230:   0000000025dce6f0 0000000025dce660
0x0000000020e3d240:   0000000080000000 0000000000000001
0x0000000020e3d250:   0000000000000001 0000000000000001
0x0000000020e3d260:   0000000000000000 0000000000000000
0x0000000020e3d270:   0000000000000040 00000000000003c0
0x0000000020e3d280:   0000000000000000 0000000000000000
0x0000000020e3d290:   0000000000000040 0000000020e3d3b8
0x0000000020e3d2a0:   0000000000000000 0000000000000040
0x0000000020e3d2b0:   0000000000000040 0000000025d66e60
0x0000000020e3d2c0:   000000002103d7a0 00007ffbb3febf04
0x0000000020e3d2d0:   0000000080000000 00007ffb000000f0 

Instructions: (pc=0x00007ffbb3fee0e5)
0x00007ffbb3fee0c5:   0f 4f c8 45 33 c9 85 c9 41 0f 48 c9 41 3b c0 41
0x00007ffbb3fee0d5:   0f 4f c0 85 c0 41 0f 48 c1 66 0f 6e c1 0f 5b c0
0x00007ffbb3fee0e5:   f3 41 0f 11 04 93 66 0f 6e c0 49 63 c2 0f 5b c0
0x00007ffbb3fee0f5:   f3 41 0f 11 04 83 8b 44 24 78 eb 51 83 f9 01 75 


Register to memory mapping:

RAX=0x0000000000000001 is an unknown value
RBX=0x0000000080002000 is an unknown value
RCX=0x0000000000000001 is an unknown value
RDX=0xffffffff80000000 is an unknown value
RSP=0x0000000020e3d1e0 is pointing into the stack for thread: 0x000000001e6c5800
RBP=0x0000000080000000 is an unknown value
RSI=0x0000000000000140 is an unknown value
RDI=0x0000000080000000 is an unknown value
R8 =0x00000000000000ff is an unknown value
R9 =0x0000000000000000 is an unknown value
R10=0x0000000080001000 is an unknown value
R11=0x0000000025d66e60 is an unknown value
R12=0x0000000000000040 is an unknown value
R13=0x0000000000000040 is an unknown value
R14=0x0000000000000000 is an unknown value
R15=0x000000001e947f90 is an unknown value


Stack: [0x0000000020d40000,0x0000000020e40000],  sp=0x0000000020e3d1e0,  free space=1012k
Native frames: (J=compiled Java code, j=interpreted, Vv=VM code, C=native code)
C  [libarcsoft_face.dll+0xe0e5]
C  [libarcsoft_face.dll+0xc5f2]
C  [libarcsoft_face.dll+0xbf04]
C  [libarcsoft_face.dll+0x9049]
C  [libarcsoft_face.dll+0x89bc]
C  [libarcsoft_face.dll+0x7d0a]
C  [libarcsoft_face.dll+0x3c88]
C  [libarcsoft_face_engine.dll+0x58ca]
C  [libarcsoft_face_engine_jni.dll+0x18f6]
C  0x0000000002f98c67

Java frames: (J=compiled Java code, j=interpreted, Vv=VM code)
j  com.arcsoft.face.FaceEngine.detectFaces(J[BIIII[Lcom/arcsoft/face/FaceInfo;)I+0
j  com.arcsoft.face.FaceEngine.detectFaces([BIILcom/arcsoft/face/enums/ImageFormat;Lcom/arcsoft/face/enums/DetectModel;Ljava/util/List;)I+107
j  com.arcsoft.face.FaceEngine.detectFaces([BIILcom/arcsoft/face/enums/ImageFormat;Ljava/util/List;)I+11
j  com.tangcheng.face_corn.service.impl.faceServiceImpl.facesearch(Ljava/io/InputStream;Ljava/util/List;)Ljava/lang/String;+45
j  com.tangcheng.face_corn.controller.faceController.facesearch(Ljava/lang/String;Ljava/util/List;)Lresult/Result;+22
j  sun.reflect.GeneratedMethodAccessor70.invoke(Ljava/lang/Object;[Ljava/lang/Object;)Ljava/lang/Object;+48
J 2013 C1 sun.reflect.DelegatingMethodAccessorImpl.invoke(Ljava/lang/Object;[Ljava/lang/Object;)Ljava/lang/Object; (10 bytes) @ 0x00000000033a8264 [0x00000000033a8220+0x44]
J 1781 C1 java.lang.reflect.Method.invoke(Ljava/lang/Object;[Ljava/lang/Object;)Ljava/lang/Object; (62 bytes) @ 0x0000000003331e94 [0x0000000003331da0+0xf4]
j  org.springframework.web.method.support.InvocableHandlerMethod.doInvoke([Ljava/lang/Object;)Ljava/lang/Object;+32
j  org.springframework.web.method.support.InvocableHandlerMethod.invokeForRequest(Lorg/springframework/web/context/request/NativeWebRequest;Lorg/springframework/web/method/support/ModelAndViewContainer;[Ljava/lang/Object;)Ljava/lang/Object;+54
j  org.springframework.web.servlet.mvc.method.annotation.ServletInvocableHandlerMethod.invokeAndHandle(Lorg/springframework/web/context/request/ServletWebRequest;Lorg/springframework/web/method/support/ModelAndViewContainer;[Ljava/lang/Object;)V+4
j  org.springframework.web.servlet.mvc.method.annotation.RequestMappingHandlerAdapter.invokeHandlerMethod(Ljavax/servlet/http/HttpServletRequest;Ljavax/servlet/http/HttpServletResponse;Lorg/springframework/web/method/HandlerMethod;)Lorg/springframework/web/servlet/ModelAndView;+244
j  org.springframework.web.servlet.mvc.method.annotation.RequestMappingHandlerAdapter.handleInternal(Ljavax/servlet/http/HttpServletRequest;Ljavax/servlet/http/HttpServletResponse;Lorg/springframework/web/method/HandlerMethod;)Lorg/springframework/web/servlet/ModelAndView;+81
j  org.springframework.web.servlet.mvc.method.AbstractHandlerMethodAdapter.handle(Ljavax/servlet/http/HttpServletRequest;Ljavax/servlet/http/HttpServletResponse;Ljava/lang/Object;)Lorg/springframework/web/servlet/ModelAndView;+7
j  org.springframework.web.servlet.DispatcherServlet.doDispatch(Ljavax/servlet/http/HttpServletRequest;Ljavax/servlet/http/HttpServletResponse;)V+259
j  org.springframework.web.servlet.DispatcherServlet.doService(Ljavax/servlet/http/HttpServletRequest;Ljavax/servlet/http/HttpServletResponse;)V+241
j  org.springframework.web.servlet.FrameworkServlet.processRequest(Ljavax/servlet/http/HttpServletRequest;Ljavax/servlet/http/HttpServletResponse;)V+71
j  org.springframework.web.servlet.FrameworkServlet.doPost(Ljavax/servlet/http/HttpServletRequest;Ljavax/servlet/http/HttpServletResponse;)V+3
j  javax.servlet.http.HttpServlet.service(Ljavax/servlet/http/HttpServletRequest;Ljavax/servlet/http/HttpServletResponse;)V+149
j  org.springframework.web.servlet.FrameworkServlet.service(Ljavax/servlet/http/HttpServletRequest;Ljavax/servlet/http/HttpServletResponse;)V+33
j  javax.servlet.http.HttpServlet.service(Ljavax/servlet/ServletRequest;Ljavax/servlet/ServletResponse;)V+36
J 5785 C1 org.apache.catalina.core.ApplicationFilterChain.internalDoFilter(Ljavax/servlet/ServletRequest;Ljavax/servlet/ServletResponse;)V (388 bytes) @ 0x00000000039dec54 [0x00000000039dea40+0x214]
J 5784 C1 org.apache.catalina.core.ApplicationFilterChain.doFilter(Ljavax/servlet/ServletRequest;Ljavax/servlet/ServletResponse;)V (103 bytes) @ 0x00000000039de614 [0x00000000039de5e0+0x34]
j  org.apache.tomcat.websocket.server.WsFilter.doFilter(Ljavax/servlet/ServletRequest;Ljavax/servlet/ServletResponse;Ljavax/servlet/FilterChain;)V+21
J 5785 C1 org.apache.catalina.core.ApplicationFilterChain.internalDoFilter(Ljavax/servlet/ServletRequest;Ljavax/servlet/ServletResponse;)V (388 bytes) @ 0x00000000039dee74 [0x00000000039dea40+0x434]
J 5784 C1 org.apache.catalina.core.ApplicationFilterChain.doFilter(Ljavax/servlet/ServletRequest;Ljavax/servlet/ServletResponse;)V (103 bytes) @ 0x00000000039de614 [0x00000000039de5e0+0x34]
j  org.springframework.web.filter.RequestContextFilter.doFilterInternal(Ljavax/servlet/http/HttpServletRequest;Ljavax/servlet/http/HttpServletResponse;Ljavax/servlet/FilterChain;)V+21
j  org.springframework.web.filter.OncePerRequestFilter.doFilter(Ljavax/servlet/ServletRequest;Ljavax/servlet/ServletResponse;Ljavax/servlet/FilterChain;)V+147
J 5785 C1 org.apache.catalina.core.ApplicationFilterChain.internalDoFilter(Ljavax/servlet/ServletRequest;Ljavax/servlet/ServletResponse;)V (388 bytes) @ 0x00000000039dee74 [0x00000000039dea40+0x434]
J 5784 C1 org.apache.catalina.core.ApplicationFilterChain.doFilter(Ljavax/servlet/ServletRequest;Ljavax/servlet/ServletResponse;)V (103 bytes) @ 0x00000000039de614 [0x00000000039de5e0+0x34]
j  org.springframework.web.filter.FormContentFilter.doFilterInternal(Ljavax/servlet/http/HttpServletRequest;Ljavax/servlet/http/HttpServletResponse;Ljavax/servlet/FilterChain;)V+38
j  org.springframework.web.filter.OncePerRequestFilter.doFilter(Ljavax/servlet/ServletRequest;Ljavax/servlet/ServletResponse;Ljavax/servlet/FilterChain;)V+147
J 5785 C1 org.apache.catalina.core.ApplicationFilterChain.internalDoFilter(Ljavax/servlet/ServletRequest;Ljavax/servlet/ServletResponse;)V (388 bytes) @ 0x00000000039dee74 [0x00000000039dea40+0x434]
J 5784 C1 org.apache.catalina.core.ApplicationFilterChain.doFilter(Ljavax/servlet/ServletRequest;Ljavax/servlet/ServletResponse;)V (103 bytes) @ 0x00000000039de614 [0x00000000039de5e0+0x34]
j  org.springframework.web.filter.CharacterEncodingFilter.doFilterInternal(Ljavax/servlet/http/HttpServletRequest;Ljavax/servlet/http/HttpServletResponse;Ljavax/servlet/FilterChain;)V+53
j  org.springframework.web.filter.OncePerRequestFilter.doFilter(Ljavax/servlet/ServletRequest;Ljavax/servlet/ServletResponse;Ljavax/servlet/FilterChain;)V+147
J 5785 C1 org.apache.catalina.core.ApplicationFilterChain.internalDoFilter(Ljavax/servlet/ServletRequest;Ljavax/servlet/ServletResponse;)V (388 bytes) @ 0x00000000039dee74 [0x00000000039dea40+0x434]
J 5784 C1 org.apache.catalina.core.ApplicationFilterChain.doFilter(Ljavax/servlet/ServletRequest;Ljavax/servlet/ServletResponse;)V (103 bytes) @ 0x00000000039de614 [0x00000000039de5e0+0x34]
j  org.apache.catalina.core.StandardWrapperValve.invoke(Lorg/apache/catalina/connector/Request;Lorg/apache/catalina/connector/Response;)V+694
j  org.apache.catalina.core.StandardContextValve.invoke(Lorg/apache/catalina/connector/Request;Lorg/apache/catalina/connector/Response;)V+169
j  org.apache.catalina.authenticator.AuthenticatorBase.invoke(Lorg/apache/catalina/connector/Request;Lorg/apache/catalina/connector/Response;)V+260
j  org.apache.catalina.core.StandardHostValve.invoke(Lorg/apache/catalina/connector/Request;Lorg/apache/catalina/connector/Response;)V+128
j  org.apache.catalina.valves.ErrorReportValve.invoke(Lorg/apache/catalina/connector/Request;Lorg/apache/catalina/connector/Response;)V+6
j  org.apache.catalina.core.StandardEngineValve.invoke(Lorg/apache/catalina/connector/Request;Lorg/apache/catalina/connector/Response;)V+59
j  org.apache.catalina.connector.CoyoteAdapter.service(Lorg/apache/coyote/Request;Lorg/apache/coyote/Response;)V+199
j  org.apache.coyote.http11.Http11Processor.service(Lorg/apache/tomcat/util/net/SocketWrapperBase;)Lorg/apache/tomcat/util/net/AbstractEndpoint$Handler$SocketState;+737
j  org.apache.coyote.AbstractProcessorLight.process(Lorg/apache/tomcat/util/net/SocketWrapperBase;Lorg/apache/tomcat/util/net/SocketEvent;)Lorg/apache/tomcat/util/net/AbstractEndpoint$Handler$SocketState;+170
j  org.apache.coyote.AbstractProtocol$ConnectionHandler.process(Lorg/apache/tomcat/util/net/SocketWrapperBase;Lorg/apache/tomcat/util/net/SocketEvent;)Lorg/apache/tomcat/util/net/AbstractEndpoint$Handler$SocketState;+505
j  org.apache.tomcat.util.net.NioEndpoint$SocketProcessor.doRun()V+216
j  org.apache.tomcat.util.net.SocketProcessorBase.run()V+21
j  java.util.concurrent.ThreadPoolExecutor.runWorker(Ljava/util/concurrent/ThreadPoolExecutor$Worker;)V+95
j  java.util.concurrent.ThreadPoolExecutor$Worker.run()V+5
j  org.apache.tomcat.util.threads.TaskThread$WrappingRunnable.run()V+4
j  java.lang.Thread.run()V+11
v  ~StubRoutines::call_stub

---------------  P R O C E S S  ---------------

Java Threads: ( => current thread )
  0x000000001ea0f000 JavaThread "lettuce-eventExecutorLoop-1-8" daemon [_thread_blocked, id=20168, stack(0x0000000041050000,0x0000000041150000)]
  0x000000001ea10800 JavaThread "DiscoveryClient-HeartbeatExecutor-0" daemon [_thread_blocked, id=17028, stack(0x0000000040f50000,0x0000000041050000)]
  0x000000001ea0e000 JavaThread "DiscoveryClient-CacheRefreshExecutor-0" daemon [_thread_blocked, id=13148, stack(0x0000000040e50000,0x0000000040f50000)]
  0x000000001ea0a800 JavaThread "lettuce-eventExecutorLoop-1-7" daemon [_thread_blocked, id=4368, stack(0x0000000040900000,0x0000000040a00000)]
  0x000000001ea09000 JavaThread "lettuce-eventExecutorLoop-1-6" daemon [_thread_blocked, id=19232, stack(0x0000000040800000,0x0000000040900000)]
  0x000000001ea0d800 JavaThread "lettuce-eventExecutorLoop-1-5" daemon [_thread_blocked, id=9824, stack(0x0000000040700000,0x0000000040800000)]
  0x000000001ea0b000 JavaThread "lettuce-eventExecutorLoop-1-4" daemon [_thread_blocked, id=16548, stack(0x0000000040600000,0x0000000040700000)]
  0x000000001ea08000 JavaThread "lettuce-eventExecutorLoop-1-3" daemon [_thread_blocked, id=14680, stack(0x0000000040500000,0x0000000040600000)]
  0x000000001e6cc000 JavaThread "Java2D Disposer" daemon [_thread_blocked, id=11204, stack(0x0000000040400000,0x0000000040500000)]
  0x000000001e6cb000 JavaThread "idle_connection_reaper" daemon [_thread_blocked, id=19416, stack(0x0000000040300000,0x0000000040400000)]
  0x000000001e6ca800 JavaThread "lettuce-eventExecutorLoop-1-2" daemon [_thread_blocked, id=22088, stack(0x0000000040000000,0x0000000040100000)]
  0x000000001e6cf000 JavaThread "lettuce-eventExecutorLoop-1-1" daemon [_thread_blocked, id=22428, stack(0x0000000022f50000,0x0000000023050000)]
  0x000000001e6d1000 JavaThread "lettuce-nioEventLoop-4-1" daemon [_thread_in_native, id=19040, stack(0x0000000021840000,0x0000000021940000)]
  0x000000001e6cf800 JavaThread "RMI TCP Connection(idle)" daemon [_thread_blocked, id=22068, stack(0x0000000021940000,0x0000000021a40000)]
  0x000000001e6d0800 JavaThread "RMI TCP Connection(idle)" daemon [_thread_blocked, id=22664, stack(0x0000000021740000,0x0000000021840000)]
  0x000000001e6ce000 JavaThread "DestroyJavaVM" [_thread_blocked, id=4956, stack(0x0000000002c20000,0x0000000002d20000)]
  0x000000001e6c9800 JavaThread "http-nio-8081-Acceptor" daemon [_thread_in_native, id=17520, stack(0x0000000021540000,0x0000000021640000)]
  0x000000001e6cc800 JavaThread "http-nio-8081-ClientPoller" daemon [_thread_in_native, id=1244, stack(0x0000000021440000,0x0000000021540000)]
  0x000000001e6cd800 JavaThread "http-nio-8081-exec-10" daemon [_thread_blocked, id=18440, stack(0x0000000021340000,0x0000000021440000)]
  0x000000001e6c2000 JavaThread "http-nio-8081-exec-9" daemon [_thread_in_native, id=23416, stack(0x0000000021240000,0x0000000021340000)]
  0x000000001e6c9000 JavaThread "http-nio-8081-exec-8" daemon [_thread_blocked, id=13516, stack(0x0000000021140000,0x0000000021240000)]
  0x000000001e6c8000 JavaThread "http-nio-8081-exec-7" daemon [_thread_blocked, id=18336, stack(0x0000000021040000,0x0000000021140000)]
  0x000000001e6c6800 JavaThread "http-nio-8081-exec-6" daemon [_thread_in_native, id=15972, stack(0x0000000020f40000,0x0000000021040000)]
  0x000000001e6c5000 JavaThread "http-nio-8081-exec-5" daemon [_thread_in_native, id=3556, stack(0x0000000020e40000,0x0000000020f40000)]
=>0x000000001e6c5800 JavaThread "http-nio-8081-exec-4" daemon [_thread_in_native, id=8508, stack(0x0000000020d40000,0x0000000020e40000)]
  0x000000001e6c3800 JavaThread "http-nio-8081-exec-3" daemon [_thread_in_native, id=18868, stack(0x0000000020c40000,0x0000000020d40000)]
  0x000000001e6c2800 JavaThread "http-nio-8081-exec-2" daemon [_thread_in_native, id=19476, stack(0x0000000020b40000,0x0000000020c40000)]
  0x000000001e6c4000 JavaThread "http-nio-8081-exec-1" daemon [_thread_blocked, id=2816, stack(0x0000000020a40000,0x0000000020b40000)]
  0x000000001e6c7800 JavaThread "http-nio-8081-BlockPoller" daemon [_thread_in_native, id=18752, stack(0x0000000020940000,0x0000000020a40000)]
  0x000000001c810800 JavaThread "DiscoveryClient-InstanceInfoReplicator-0" daemon [_thread_blocked, id=10388, stack(0x0000000020640000,0x0000000020740000)]
  0x000000001c80c800 JavaThread "DiscoveryClient-1" daemon [_thread_blocked, id=22852, stack(0x0000000020540000,0x0000000020640000)]
  0x000000001c80f800 JavaThread "DiscoveryClient-0" daemon [_thread_blocked, id=5896, stack(0x0000000020440000,0x0000000020540000)]
  0x000000001c80c000 JavaThread "AsyncResolver-bootstrap-0" daemon [_thread_blocked, id=19736, stack(0x000000001ff40000,0x0000000020040000)]
  0x000000001c80f000 JavaThread "spring.cloud.inetutils" daemon [_thread_blocked, id=9024, stack(0x000000001fe40000,0x000000001ff40000)]
  0x000000001c80b000 JavaThread "lettuce-timer-3-1" daemon [_thread_blocked, id=23324, stack(0x000000001f740000,0x000000001f840000)]
  0x000000001c812000 JavaThread "container-0" [_thread_blocked, id=12348, stack(0x000000001f440000,0x000000001f540000)]
  0x000000001c80e000 JavaThread "Catalina-utility-2" [_thread_blocked, id=18388, stack(0x000000001f340000,0x000000001f440000)]
  0x000000001c811000 JavaThread "Catalina-utility-1" [_thread_blocked, id=21964, stack(0x000000001cf70000,0x000000001d070000)]
  0x000000001ba16000 JavaThread "RMI TCP Connection(idle)" daemon [_thread_blocked, id=17244, stack(0x000000001ce70000,0x000000001cf70000)]
  0x000000001ba15800 JavaThread "RMI Scheduler(0)" daemon [_thread_blocked, id=2488, stack(0x000000001cd70000,0x000000001ce70000)]
  0x000000001ba09800 JavaThread "RMI TCP Connection(idle)" daemon [_thread_blocked, id=16608, stack(0x000000001ca70000,0x000000001cb70000)]
  0x000000001ac2a800 JavaThread "RMI TCP Accept-0" daemon [_thread_in_native, id=23344, stack(0x000000001b5f0000,0x000000001b6f0000)]
  0x000000001ac1a000 JavaThread "RMI TCP Accept-64193" daemon [_thread_in_native, id=19944, stack(0x000000001b4f0000,0x000000001b5f0000)]
  0x000000001ac13000 JavaThread "RMI TCP Accept-0" daemon [_thread_in_native, id=21256, stack(0x000000001b3f0000,0x000000001b4f0000)]
  0x000000001a9e3000 JavaThread "Service Thread" daemon [_thread_blocked, id=23232, stack(0x000000001b2d0000,0x000000001b3d0000)]
  0x000000001a942000 JavaThread "C1 CompilerThread3" daemon [_thread_blocked, id=20052, stack(0x000000001b1d0000,0x000000001b2d0000)]
  0x000000001a93f000 JavaThread "C2 CompilerThread2" daemon [_thread_blocked, id=22788, stack(0x000000001b0d0000,0x000000001b1d0000)]
  0x000000001a93e800 JavaThread "C2 CompilerThread1" daemon [_thread_blocked, id=20680, stack(0x000000001afd0000,0x000000001b0d0000)]
  0x000000001a939800 JavaThread "C2 CompilerThread0" daemon [_thread_blocked, id=12828, stack(0x000000001aed0000,0x000000001afd0000)]
  0x000000001a92e800 JavaThread "Monitor Ctrl-Break" daemon [_thread_in_native, id=20992, stack(0x000000001add0000,0x000000001aed0000)]
  0x0000000019d90800 JavaThread "Attach Listener" daemon [_thread_blocked, id=17176, stack(0x000000001a4c0000,0x000000001a5c0000)]
  0x0000000019d8f800 JavaThread "Signal Dispatcher" daemon [_thread_blocked, id=15700, stack(0x000000001a3c0000,0x000000001a4c0000)]
  0x0000000019d70800 JavaThread "Finalizer" daemon [_thread_blocked, id=22024, stack(0x000000001a250000,0x000000001a350000)]
  0x0000000017f80000 JavaThread "Reference Handler" daemon [_thread_blocked, id=23408, stack(0x000000001a150000,0x000000001a250000)]

Other Threads:
  0x0000000017f76800 VMThread [stack: 0x0000000019c50000,0x0000000019d50000] [id=11600]
  0x000000001ac2b800 WatcherThread [stack: 0x000000001b6f0000,0x000000001b7f0000] [id=19352]

VM state:not at safepoint (normal execution)

VM Mutex/Monitor currently owned by a thread: None

heap address: 0x0000000081200000, size: 2030 MB, Compressed Oops mode: 32-bit
Narrow klass base: 0x0000000000000000, Narrow klass shift: 3
Compressed class space size: 1073741824 Address: 0x0000000100000000

Heap:
 PSYoungGen      total 395264K, used 283670K [0x00000000d5b80000, 0x00000000f0080000, 0x0000000100000000)
  eden space 378368K, 70% used [0x00000000d5b80000,0x00000000e600f0e0,0x00000000ecd00000)
  from space 16896K, 99% used [0x00000000edf80000,0x00000000eeff68b8,0x00000000ef000000)
  to   space 18944K, 0% used [0x00000000ecd00000,0x00000000ecd00000,0x00000000edf80000)
 ParOldGen       total 105984K, used 45865K [0x0000000081200000, 0x0000000087980000, 0x00000000d5b80000)
  object space 105984K, 43% used [0x0000000081200000,0x0000000083eca458,0x0000000087980000)
 Metaspace       used 55759K, capacity 59474K, committed 59736K, reserved 1101824K
  class space    used 7628K, capacity 8280K, committed 8320K, reserved 1048576K

Card table byte_map: [0x0000000012340000,0x0000000012740000] byte_map_base: 0x0000000011f37000

Marking Bits: (ParMarkBitMap*) 0x0000000060af4ce0
 Begin Bits: [0x00000000131f0000, 0x00000000151a8000)
 End Bits:   [0x00000000151a8000, 0x0000000017160000)

Polling page: 0x00000000027a0000

CodeCache: size=245760Kb used=10671Kb max_used=10671Kb free=235088Kb
 bounds [0x0000000002f80000, 0x00000000039f0000, 0x0000000011f80000]
 total_blobs=6298 nmethods=5699 adapters=511
 compilation: enabled

Compilation events (10 events):
Event: 55.386 Thread 0x000000001a942000 5826       1       java.util.Collections$EmptyMap::forEach (6 bytes)
Event: 55.386 Thread 0x000000001a942000 nmethod 5826 0x00000000039ecd50 code [0x00000000039ecec0, 0x00000000039ed068]
Event: 55.446 Thread 0x000000001a942000 5827       1       com.arcsoft.face.enums.ImageFormat::getValue (5 bytes)
Event: 55.446 Thread 0x000000001a942000 nmethod 5827 0x00000000039ed150 code [0x00000000039ed2a0, 0x00000000039ed3b0]
Event: 55.508 Thread 0x000000001a942000 5828   !   1       org.springframework.web.filter.OncePerRequestFilter::doFilter (175 bytes)
Event: 55.509 Thread 0x000000001a942000 nmethod 5828 0x00000000039ed410 code [0x00000000039ed640, 0x00000000039edca8]
Event: 55.509 Thread 0x000000001a942000 5829       1       org.springframework.web.filter.OncePerRequestFilter::getAlreadyFilteredAttributeName (37 bytes)
Event: 55.510 Thread 0x000000001a942000 nmethod 5829 0x00000000039ee0d0 code [0x00000000039ee260, 0x00000000039ee5e8]
Event: 55.510 Thread 0x000000001a942000 5830       1       org.springframework.web.servlet.mvc.condition.ProducesRequestCondition::getContent (5 bytes)
Event: 55.510 Thread 0x000000001a942000 nmethod 5830 0x00000000039ee810 code [0x00000000039ee960, 0x00000000039eea70]

GC Heap History (10 events):
Event: 4.709 GC heap before
{Heap before GC invocations=11 (full 2):
 PSYoungGen      total 211968K, used 7129K [0x00000000d5b80000, 0x00000000e9900000, 0x0000000100000000)
  eden space 199168K, 0% used [0x00000000d5b80000,0x00000000d5b80000,0x00000000e1e00000)
  from space 12800K, 55% used [0x00000000e1e00000,0x00000000e24f6508,0x00000000e2a80000)
  to   space 12800K, 0% used [0x00000000e8c80000,0x00000000e8c80000,0x00000000e9900000)
 ParOldGen       total 53760K, used 13098K [0x0000000081200000, 0x0000000084680000, 0x00000000d5b80000)
  object space 53760K, 24% used [0x0000000081200000,0x0000000081eca9a8,0x0000000084680000)
 Metaspace       used 33277K, capacity 35334K, committed 35416K, reserved 1079296K
  class space    used 4577K, capacity 4959K, committed 4992K, reserved 1048576K
Event: 4.758 GC heap after
Heap after GC invocations=11 (full 2):
 PSYoungGen      total 211968K, used 0K [0x00000000d5b80000, 0x00000000e9900000, 0x0000000100000000)
  eden space 199168K, 0% used [0x00000000d5b80000,0x00000000d5b80000,0x00000000e1e00000)
  from space 12800K, 0% used [0x00000000e1e00000,0x00000000e1e00000,0x00000000e2a80000)
  to   space 12800K, 0% used [0x00000000e8c80000,0x00000000e8c80000,0x00000000e9900000)
 ParOldGen       total 71168K, used 14021K [0x0000000081200000, 0x0000000085780000, 0x00000000d5b80000)
  object space 71168K, 19% used [0x0000000081200000,0x0000000081fb1690,0x0000000085780000)
 Metaspace       used 33277K, capacity 35334K, committed 35416K, reserved 1079296K
  class space    used 4577K, capacity 4959K, committed 4992K, reserved 1048576K
}
Event: 7.134 GC heap before
{Heap before GC invocations=12 (full 2):
 PSYoungGen      total 211968K, used 199168K [0x00000000d5b80000, 0x00000000e9900000, 0x0000000100000000)
  eden space 199168K, 100% used [0x00000000d5b80000,0x00000000e1e00000,0x00000000e1e00000)
  from space 12800K, 0% used [0x00000000e1e00000,0x00000000e1e00000,0x00000000e2a80000)
  to   space 12800K, 0% used [0x00000000e8c80000,0x00000000e8c80000,0x00000000e9900000)
 ParOldGen       total 71168K, used 14021K [0x0000000081200000, 0x0000000085780000, 0x00000000d5b80000)
  object space 71168K, 19% used [0x0000000081200000,0x0000000081fb1690,0x0000000085780000)
 Metaspace       used 44896K, capacity 47756K, committed 47960K, reserved 1091584K
  class space    used 6203K, capacity 6715K, committed 6784K, reserved 1048576K
Event: 7.145 GC heap after
Heap after GC invocations=12 (full 2):
 PSYoungGen      total 291328K, used 12774K [0x00000000d5b80000, 0x00000000e9900000, 0x0000000100000000)
  eden space 278528K, 0% used [0x00000000d5b80000,0x00000000d5b80000,0x00000000e6b80000)
  from space 12800K, 99% used [0x00000000e8c80000,0x00000000e98f9a88,0x00000000e9900000)
  to   space 15872K, 0% used [0x00000000e7a00000,0x00000000e7a00000,0x00000000e8980000)
 ParOldGen       total 71168K, used 18956K [0x0000000081200000, 0x0000000085780000, 0x00000000d5b80000)
  object space 71168K, 26% used [0x0000000081200000,0x0000000082483060,0x0000000085780000)
 Metaspace       used 44896K, capacity 47756K, committed 47960K, reserved 1091584K
  class space    used 6203K, capacity 6715K, committed 6784K, reserved 1048576K
}
Event: 17.995 GC heap before
{Heap before GC invocations=13 (full 2):
 PSYoungGen      total 291328K, used 160108K [0x00000000d5b80000, 0x00000000e9900000, 0x0000000100000000)
  eden space 278528K, 52% used [0x00000000d5b80000,0x00000000deb61738,0x00000000e6b80000)
  from space 12800K, 99% used [0x00000000e8c80000,0x00000000e98f9a88,0x00000000e9900000)
  to   space 15872K, 0% used [0x00000000e7a00000,0x00000000e7a00000,0x00000000e8980000)
 ParOldGen       total 71168K, used 18956K [0x0000000081200000, 0x0000000085780000, 0x00000000d5b80000)
  object space 71168K, 26% used [0x0000000081200000,0x0000000082483060,0x0000000085780000)
 Metaspace       used 55077K, capacity 58748K, committed 58968K, reserved 1099776K
  class space    used 7523K, capacity 8197K, committed 8320K, reserved 1048576K
Event: 18.046 GC heap after
Heap after GC invocations=13 (full 2):
 PSYoungGen      total 309248K, used 13880K [0x00000000d5b80000, 0x00000000ef000000, 0x0000000100000000)
  eden space 293376K, 0% used [0x00000000d5b80000,0x00000000d5b80000,0x00000000e7a00000)
  from space 15872K, 87% used [0x00000000e7a00000,0x00000000e878e348,0x00000000e8980000)
  to   space 16896K, 0% used [0x00000000edf80000,0x00000000edf80000,0x00000000ef000000)
 ParOldGen       total 71168K, used 27252K [0x0000000081200000, 0x0000000085780000, 0x00000000d5b80000)
  object space 71168K, 38% used [0x0000000081200000,0x0000000082c9d138,0x0000000085780000)
 Metaspace       used 55077K, capacity 58748K, committed 58968K, reserved 1099776K
  class space    used 7523K, capacity 8197K, committed 8320K, reserved 1048576K
}
Event: 18.046 GC heap before
{Heap before GC invocations=14 (full 3):
 PSYoungGen      total 309248K, used 13880K [0x00000000d5b80000, 0x00000000ef000000, 0x0000000100000000)
  eden space 293376K, 0% used [0x00000000d5b80000,0x00000000d5b80000,0x00000000e7a00000)
  from space 15872K, 87% used [0x00000000e7a00000,0x00000000e878e348,0x00000000e8980000)
  to   space 16896K, 0% used [0x00000000edf80000,0x00000000edf80000,0x00000000ef000000)
 ParOldGen       total 71168K, used 27252K [0x0000000081200000, 0x0000000085780000, 0x00000000d5b80000)
  object space 71168K, 38% used [0x0000000081200000,0x0000000082c9d138,0x0000000085780000)
 Metaspace       used 55077K, capacity 58748K, committed 58968K, reserved 1099776K
  class space    used 7523K, capacity 8197K, committed 8320K, reserved 1048576K
Event: 18.196 GC heap after
Heap after GC invocations=14 (full 3):
 PSYoungGen      total 309248K, used 0K [0x00000000d5b80000, 0x00000000ef000000, 0x0000000100000000)
  eden space 293376K, 0% used [0x00000000d5b80000,0x00000000d5b80000,0x00000000e7a00000)
  from space 15872K, 0% used [0x00000000e7a00000,0x00000000e7a00000,0x00000000e8980000)
  to   space 16896K, 0% used [0x00000000edf80000,0x00000000edf80000,0x00000000ef000000)
 ParOldGen       total 105984K, used 33072K [0x0000000081200000, 0x0000000087980000, 0x00000000d5b80000)
  object space 105984K, 31% used [0x0000000081200000,0x000000008324c028,0x0000000087980000)
 Metaspace       used 55077K, capacity 58748K, committed 58968K, reserved 1099776K
  class space    used 7523K, capacity 8197K, committed 8320K, reserved 1048576K
}
Event: 47.028 GC heap before
{Heap before GC invocations=15 (full 3):
 PSYoungGen      total 309248K, used 293376K [0x00000000d5b80000, 0x00000000ef000000, 0x0000000100000000)
  eden space 293376K, 100% used [0x00000000d5b80000,0x00000000e7a00000,0x00000000e7a00000)
  from space 15872K, 0% used [0x00000000e7a00000,0x00000000e7a00000,0x00000000e8980000)
  to   space 16896K, 0% used [0x00000000edf80000,0x00000000edf80000,0x00000000ef000000)
 ParOldGen       total 105984K, used 33072K [0x0000000081200000, 0x0000000087980000, 0x00000000d5b80000)
  object space 105984K, 31% used [0x0000000081200000,0x000000008324c028,0x0000000087980000)
 Metaspace       used 55731K, capacity 59450K, committed 59736K, reserved 1101824K
  class space    used 7625K, capacity 8276K, committed 8320K, reserved 1048576K
Event: 47.044 GC heap after
Heap after GC invocations=15 (full 3):
 PSYoungGen      total 395264K, used 16858K [0x00000000d5b80000, 0x00000000f0080000, 0x0000000100000000)
  eden space 378368K, 0% used [0x00000000d5b80000,0x00000000d5b80000,0x00000000ecd00000)
  from space 16896K, 99% used [0x00000000edf80000,0x00000000eeff68b8,0x00000000ef000000)
  to   space 18944K, 0% used [0x00000000ecd00000,0x00000000ecd00000,0x00000000edf80000)
 ParOldGen       total 105984K, used 45865K [0x0000000081200000, 0x0000000087980000, 0x00000000d5b80000)
  object space 105984K, 43% used [0x0000000081200000,0x0000000083eca458,0x0000000087980000)
 Metaspace       used 55731K, capacity 59450K, committed 59736K, reserved 1101824K
  class space    used 7625K, capacity 8276K, committed 8320K, reserved 1048576K
}

Deoptimization events (0 events):
No events

Classes redefined (0 events):
No events

Internal exceptions (10 events):
Event: 43.836 Thread 0x000000001e6c5800 Exception <a 'java/io/IOException'> (0x00000000e4ebf300) thrown at [C:\re\workspace\8-2-build-windows-amd64-cygwin\jdk8u201\12322\hotspot\src\share\vm\prims\jni.cpp, line 709]
Event: 46.522 Thread 0x000000001e6c4000 Exception <a 'java/lang/reflect/InvocationTargetException'> (0x00000000e6e973a0) thrown at [C:\re\workspace\8-2-build-windows-amd64-cygwin\jdk8u201\12322\hotspot\src\share\vm\runtime\reflection.cpp, line 1092]
Event: 46.643 Thread 0x000000001e6c4000 Exception <a 'java/lang/ArrayIndexOutOfBoundsException'> (0x00000000e7109dc0) thrown at [C:\re\workspace\8-2-build-windows-amd64-cygwin\jdk8u201\12322\hotspot\src\share\vm\runtime\sharedRuntime.cpp, line 605]
Event: 49.286 Thread 0x000000001e6cd800 Exception <a 'java/io/IOException'> (0x00000000db4cd148) thrown at [C:\re\workspace\8-2-build-windows-amd64-cygwin\jdk8u201\12322\hotspot\src\share\vm\prims\jni.cpp, line 709]
Event: 49.290 Thread 0x000000001e6c5800 Exception <a 'java/io/IOException'> (0x00000000dbdc1b40) thrown at [C:\re\workspace\8-2-build-windows-amd64-cygwin\jdk8u201\12322\hotspot\src\share\vm\prims\jni.cpp, line 709]
Event: 54.665 Thread 0x000000001e6c2000 Exception <a 'java/io/IOException'> (0x00000000e071bcd0) thrown at [C:\re\workspace\8-2-build-windows-amd64-cygwin\jdk8u201\12322\hotspot\src\share\vm\prims\jni.cpp, line 709]
Event: 54.666 Thread 0x000000001e6c9000 Exception <a 'java/io/IOException'> (0x00000000e02a6ac0) thrown at [C:\re\workspace\8-2-build-windows-amd64-cygwin\jdk8u201\12322\hotspot\src\share\vm\prims\jni.cpp, line 709]
Event: 54.667 Thread 0x000000001e6c4000 Exception <a 'java/io/IOException'> (0x00000000e0fee880) thrown at [C:\re\workspace\8-2-build-windows-amd64-cygwin\jdk8u201\12322\hotspot\src\share\vm\prims\jni.cpp, line 709]
Event: 55.385 Thread 0x000000001e6c4000 Exception <a 'java/io/IOException'> (0x00000000e3ec3c90) thrown at [C:\re\workspace\8-2-build-windows-amd64-cygwin\jdk8u201\12322\hotspot\src\share\vm\prims\jni.cpp, line 709]
Event: 55.385 Thread 0x000000001e6c9000 Exception <a 'java/io/IOException'> (0x00000000e3a2b838) thrown at [C:\re\workspace\8-2-build-windows-amd64-cygwin\jdk8u201\12322\hotspot\src\share\vm\prims\jni.cpp, line 709]

Events (10 events):
Event: 54.861 loading class sun/reflect/GeneratedMethodAccessor70
Event: 54.861 loading class sun/reflect/GeneratedMethodAccessor70 done
Event: 54.862 loading class sun/reflect/GeneratedMethodAccessor70
Event: 54.862 loading class sun/reflect/GeneratedMethodAccessor70 done
Event: 54.864 loading class sun/reflect/GeneratedMethodAccessor70
Event: 54.864 loading class sun/reflect/GeneratedMethodAccessor70 done
Event: 54.892 Executing VM operation: RevokeBias
Event: 54.892 Executing VM operation: RevokeBias done
Event: 55.421 Executing VM operation: RevokeBias
Event: 55.421 Executing VM operation: RevokeBias done


Dynamic libraries:
0x00007ff6b01c0000 - 0x00007ff6b01f7000 	C:\Program Files\Java\jdk1.8.0_201\bin\java.exe
0x00007ffc111b0000 - 0x00007ffc113a5000 	C:\WINDOWS\SYSTEM32\ntdll.dll
0x00007ffc110a0000 - 0x00007ffc1115e000 	C:\WINDOWS\System32\KERNEL32.DLL
0x00007ffc0eae0000 - 0x00007ffc0eda9000 	C:\WINDOWS\System32\KERNELBASE.dll
0x00007ffc10270000 - 0x00007ffc1031c000 	C:\WINDOWS\System32\ADVAPI32.dll
0x00007ffc0f5a0000 - 0x00007ffc0f63e000 	C:\WINDOWS\System32\msvcrt.dll
0x00007ffc0f980000 - 0x00007ffc0fa1b000 	C:\WINDOWS\System32\sechost.dll
0x00007ffc0fea0000 - 0x00007ffc0ffca000 	C:\WINDOWS\System32\RPCRT4.dll
0x00007ffc0ffe0000 - 0x00007ffc10181000 	C:\WINDOWS\System32\USER32.dll
0x00007ffc0eab0000 - 0x00007ffc0ead2000 	C:\WINDOWS\System32\win32u.dll
0x00007ffc0f200000 - 0x00007ffc0f22b000 	C:\WINDOWS\System32\GDI32.dll
0x00007ffc0ee00000 - 0x00007ffc0ef0b000 	C:\WINDOWS\System32\gdi32full.dll
0x00007ffc0e8d0000 - 0x00007ffc0e96d000 	C:\WINDOWS\System32\msvcp_win.dll
0x00007ffc0ef70000 - 0x00007ffc0f070000 	C:\WINDOWS\System32\ucrtbase.dll
0x00007ffc000a0000 - 0x00007ffc0033a000 	C:\WINDOWS\WinSxS\amd64_microsoft.windows.common-controls_6595b64144ccf1df_6.0.19041.1110_none_60b5254171f9507e\COMCTL32.dll
0x00007ffc0f460000 - 0x00007ffc0f490000 	C:\WINDOWS\System32\IMM32.DLL
0x00000000618c0000 - 0x0000000061991000 	C:\Program Files\Java\jdk1.8.0_201\jre\bin\msvcr100.dll
0x00000000602d0000 - 0x0000000060b74000 	C:\Program Files\Java\jdk1.8.0_201\jre\bin\server\jvm.dll
0x00007ffc11160000 - 0x00007ffc11168000 	C:\WINDOWS\System32\PSAPI.DLL
0x00007ffc09760000 - 0x00007ffc09769000 	C:\WINDOWS\SYSTEM32\WSOCK32.dll
0x00007ffc05240000 - 0x00007ffc0524a000 	C:\WINDOWS\SYSTEM32\VERSION.dll
0x00007ffc01840000 - 0x00007ffc01867000 	C:\WINDOWS\SYSTEM32\WINMM.dll
0x00007ffc0f870000 - 0x00007ffc0f8db000 	C:\WINDOWS\System32\WS2_32.dll
0x00007ffc09780000 - 0x00007ffc0978f000 	C:\Program Files\Java\jdk1.8.0_201\jre\bin\verify.dll
0x00007ffbee580000 - 0x00007ffbee5a9000 	C:\Program Files\Java\jdk1.8.0_201\jre\bin\java.dll
0x00007ffbea210000 - 0x00007ffbea233000 	C:\Program Files\Java\jdk1.8.0_201\jre\bin\instrument.dll
0x00007ffc096f0000 - 0x00007ffc09706000 	C:\Program Files\Java\jdk1.8.0_201\jre\bin\zip.dll
0x00007ffc104d0000 - 0x00007ffc10c0f000 	C:\WINDOWS\System32\SHELL32.dll
0x00007ffc0c610000 - 0x00007ffc0cda0000 	C:\WINDOWS\SYSTEM32\windows.storage.dll
0x00007ffc10c70000 - 0x00007ffc10fc5000 	C:\WINDOWS\System32\combase.dll
0x00007ffc0e320000 - 0x00007ffc0e34c000 	C:\WINDOWS\SYSTEM32\Wldp.dll
0x00007ffc0f4f0000 - 0x00007ffc0f59d000 	C:\WINDOWS\System32\SHCORE.dll
0x00007ffc10c10000 - 0x00007ffc10c65000 	C:\WINDOWS\System32\shlwapi.dll
0x00007ffc0e810000 - 0x00007ffc0e82f000 	C:\WINDOWS\SYSTEM32\profapi.dll
0x00007ffbf5ab0000 - 0x00007ffbf5aca000 	F:\subject\IDEA 2018_sssam.com\IntelliJ IDEA 2018.2.4\bin\breakgen64.dll
0x00007ffbf2530000 - 0x00007ffbf254a000 	C:\Program Files\Java\jdk1.8.0_201\jre\bin\net.dll
0x00007ffbfc9a0000 - 0x00007ffbfcb8b000 	C:\WINDOWS\SYSTEM32\urlmon.dll
0x00007ffbfcf00000 - 0x00007ffbfd1b0000 	C:\WINDOWS\SYSTEM32\iertutil.dll
0x00007ffbfc970000 - 0x00007ffbfc998000 	C:\WINDOWS\SYSTEM32\srvcli.dll
0x00007ffc0dd60000 - 0x00007ffc0dd6c000 	C:\WINDOWS\SYSTEM32\netutils.dll
0x00007ffc0e080000 - 0x00007ffc0e0ea000 	C:\WINDOWS\system32\mswsock.dll
0x00007ffc08230000 - 0x00007ffc0823d000 	C:\Program Files\Java\jdk1.8.0_201\jre\bin\management.dll
0x00007ffbf2500000 - 0x00007ffbf2511000 	C:\Program Files\Java\jdk1.8.0_201\jre\bin\nio.dll
0x00007ffbf1ce0000 - 0x00007ffbf1cf7000 	C:\WINDOWS\system32\napinsp.dll
0x00007ffbf1cc0000 - 0x00007ffbf1cdb000 	C:\WINDOWS\system32\pnrpnsp.dll
0x00007ffc08c40000 - 0x00007ffc08c55000 	C:\WINDOWS\system32\wshbth.dll
0x00007ffc09620000 - 0x00007ffc0963d000 	C:\WINDOWS\system32\NLAapi.dll
0x00007ffc0dd20000 - 0x00007ffc0dd5b000 	C:\WINDOWS\SYSTEM32\IPHLPAPI.DLL
0x00007ffc0dd70000 - 0x00007ffc0de3c000 	C:\WINDOWS\SYSTEM32\DNSAPI.dll
0x00007ffc0f970000 - 0x00007ffc0f978000 	C:\WINDOWS\System32\NSI.dll
0x00007ffbf1990000 - 0x00007ffbf19a2000 	C:\WINDOWS\System32\winrnr.dll
0x00007ffc05a00000 - 0x00007ffc05a0a000 	C:\Windows\System32\rasadhlp.dll
0x00007ffbfd8a0000 - 0x00007ffbfd91f000 	C:\WINDOWS\System32\fwpuclnt.dll
0x00007ffc0f070000 - 0x00007ffc0f097000 	C:\WINDOWS\System32\bcrypt.dll
0x00007ffc0e270000 - 0x00007ffc0e288000 	C:\WINDOWS\SYSTEM32\CRYPTSP.dll
0x00007ffc0d990000 - 0x00007ffc0d9c4000 	C:\WINDOWS\system32\rsaenh.dll
0x00007ffc0e7d0000 - 0x00007ffc0e7fe000 	C:\WINDOWS\SYSTEM32\USERENV.dll
0x00007ffc0e970000 - 0x00007ffc0e9f3000 	C:\WINDOWS\System32\bcryptprimitives.dll
0x00007ffc0e290000 - 0x00007ffc0e29c000 	C:\WINDOWS\SYSTEM32\CRYPTBASE.dll
0x00007ffc03c60000 - 0x00007ffc03c77000 	C:\WINDOWS\SYSTEM32\dhcpcsvc6.DLL
0x00007ffc04fd0000 - 0x00007ffc04fed000 	C:\WINDOWS\SYSTEM32\dhcpcsvc.DLL
0x00007ffbe47b0000 - 0x00007ffbe47d4000 	C:\Program Files\Java\jdk1.8.0_201\jre\bin\sunec.dll
0x00007ffbb3fe0000 - 0x00007ffbb6e1d000 	C:\Users\lenovo\Desktop\人脸识别\Face-recognition-main\ArcSoft_ArcFace_Java_Windows_x64_V3.0\libs\WIN64\libarcsoft_face.dll
0x00007ffbf4650000 - 0x00007ffbf473f000 	C:\WINDOWS\SYSTEM32\MSVCR120.dll
0x00007ffbf4f00000 - 0x00007ffbf4fa6000 	C:\WINDOWS\SYSTEM32\MSVCP120.dll
0x00007ffbdce60000 - 0x00007ffbdcedf000 	C:\Users\lenovo\Desktop\人脸识别\Face-recognition-main\ArcSoft_ArcFace_Java_Windows_x64_V3.0\libs\WIN64\libarcsoft_face_engine.dll
0x00007ffc0f810000 - 0x00007ffc0f866000 	C:\WINDOWS\System32\WLDAP32.dll
0x00007ffbe3050000 - 0x00007ffbe3075000 	C:\Users\lenovo\Desktop\人脸识别\Face-recognition-main\ArcSoft_ArcFace_Java_Windows_x64_V3.0\libs\WIN64\libarcsoft_face_engine_jni.dll
0x00007ffbc0300000 - 0x00007ffbc0499000 	C:\Program Files\Java\jdk1.8.0_201\jre\bin\awt.dll
0x00007ffc10fd0000 - 0x00007ffc1109d000 	C:\WINDOWS\System32\OLEAUT32.dll
0x00007ffc0af30000 - 0x00007ffc0afc0000 	C:\WINDOWS\SYSTEM32\apphelp.dll
0x00007ffbd5120000 - 0x00007ffbd5151000 	C:\Program Files\Java\jdk1.8.0_201\jre\bin\jpeg.dll
0x00007ffbd0120000 - 0x00007ffbd015e000 	C:\Program Files\Java\jdk1.8.0_201\jre\bin\lcms.dll
0x00007ffc0ce70000 - 0x00007ffc0d054000 	C:\WINDOWS\SYSTEM32\dbghelp.dll

VM Arguments:
jvm_args: -XX:CompileCommand=exclude,org/hibernate/cfg/annotations/SimpleValueBinder.setType -XX:TieredStopAtLevel=1 -Xverify:none -Dspring.output.ansi.enabled=always -Dcom.sun.management.jmxremote -Dcom.sun.management.jmxremote.port=64193 -Dcom.sun.management.jmxremote.authenticate=false -Dcom.sun.management.jmxremote.ssl=false -Djava.rmi.server.hostname=localhost -Dspring.liveBeansView.mbeanDomain -Dspring.application.admin.enabled=true -javaagent:F:\subject\IDEA 2018_sssam.com\IntelliJ IDEA 2018.2.4\lib\idea_rt.jar=64194:F:\subject\IDEA 2018_sssam.com\IntelliJ IDEA 2018.2.4\bin -Dfile.encoding=UTF-8 
java_command: com.tangcheng.face_corn.FaceCornApplication
java_class_path (initial): C:\Program Files\Java\jdk1.8.0_201\jre\lib\charsets.jar;C:\Program Files\Java\jdk1.8.0_201\jre\lib\deploy.jar;C:\Program Files\Java\jdk1.8.0_201\jre\lib\ext\access-bridge-64.jar;C:\Program Files\Java\jdk1.8.0_201\jre\lib\ext\cldrdata.jar;C:\Program Files\Java\jdk1.8.0_201\jre\lib\ext\dnsns.jar;C:\Program Files\Java\jdk1.8.0_201\jre\lib\ext\jaccess.jar;C:\Program Files\Java\jdk1.8.0_201\jre\lib\ext\jfxrt.jar;C:\Program Files\Java\jdk1.8.0_201\jre\lib\ext\localedata.jar;C:\Program Files\Java\jdk1.8.0_201\jre\lib\ext\nashorn.jar;C:\Program Files\Java\jdk1.8.0_201\jre\lib\ext\sunec.jar;C:\Program Files\Java\jdk1.8.0_201\jre\lib\ext\sunjce_provider.jar;C:\Program Files\Java\jdk1.8.0_201\jre\lib\ext\sunmscapi.jar;C:\Program Files\Java\jdk1.8.0_201\jre\lib\ext\sunpkcs11.jar;C:\Program Files\Java\jdk1.8.0_201\jre\lib\ext\zipfs.jar;C:\Program Files\Java\jdk1.8.0_201\jre\lib\javaws.jar;C:\Program Files\Java\jdk1.8.0_201\jre\lib\jce.jar;C:\Program Files\Java\jdk1.8.0_201\jre\lib\jfr.jar;C:\Program Files\Java\jdk1.8.0_201\jre\lib\jfxswt.jar;C:\Program Files\Java\jdk1.8.0_201\jre\lib\jsse.jar;C:\Program Files\Java\jdk1.8.0_201\jre\lib\management-agent.jar;C:\Program Files\Java\jdk1.8.0_201\jre\lib\plugin.jar;C:\Program Files\Java\jdk1.8.0_201\jre\lib\resources.jar;C:\Program Files\Java\jdk1.8.0_201\jre\lib\rt.jar;C:\Users\lenovo\Desktop\人脸识别\Face-recognition-main\facesystem\face_corn\target\classes;C:\Users\lenovo\Desktop\人脸识别\Face-recognition-main\facesystem\common\target\classes;F:\subject\JavaWeb\maven-l\com\auth0\java-jwt\3.4.0\java-jwt-3.4.0.jar;F:\subject\JavaWeb\maven-l\commons-codec\commons-codec\1.15\commons-codec-1.15.jar;F:\subject\JavaWeb\maven-l\com\aliyun\oss\aliyun-sdk-oss\3.12.0\aliyun-sdk-oss-3.12.0.jar;F:\subject\JavaWeb\maven-l\org\apache\httpcomponents\httpclient\4.5.13\httpclient-4.5.13.jar;F:\subject\JavaWeb\maven-l\org\apache\httpcomponents\httpcore\4.4.14\httpcore-4.4.14.jar;F:\subject\JavaWeb\maven-l\org\jdom\jdom2\2.
Launcher Type: SUN_STANDARD

Environment Variables:
JAVA_HOME=C:\Program Files\Java\jdk1.8.0_201
CLASSPATH=.;C:\Program Files\Java\jdk1.8.0_201\lib\dt.jar,C:\Program Files\Java\jdk1.8.0_201\lib\tools.jar;F:\subject\JavaWeb\apache-tomcat-8.5.45\lib\servlet-api.jar
PATH=C:\Program Files (x86)\Common Files\Oracle\Java\javapath;C:\WINDOWS\system32;C:\WINDOWS;C:\WINDOWS\System32\Wbem;C:\WINDOWS\System32\WindowsPowerShell\v1.0\;C:\WINDOWS\System32\OpenSSH\;F:\subject\JavaWeb\apache-tomcat-8.5.45\bin;F:\subject\JavaWeb\apache-tomcat-8.5.45\lib;C:\Program Files\NVIDIA Corporation\NVIDIA NvDLISR;F:\subject\JavaWeb\apache-maven-3.3.9\bin;F:\subject\JavaWeb\Gradle\gradle-6.9.1\bin;F:\subject\JavaWeb\nodejs;C:\Program Files\Java\jdk1.8.0_201\bin;C:\Program Files\MySQL\MySQL Server 8.0\bin;F:\subject\JavaWeb\env\MongoDB\bin;C:\Users\lenovo\AppData\Local\Microsoft\WindowsApps;F:\subject\PyCharm\PyCharm Community Edition 2020.3.3\bin;;F:\subject\JavaWeb\Microsoft VS Code\bin;F:\subject\JavaWeb\nodejs\node_global;
USERNAME=lenovo
OS=Windows_NT
PROCESSOR_IDENTIFIER=Intel64 Family 6 Model 158 Stepping 10, GenuineIntel



---------------  S Y S T E M  ---------------

OS: Windows 10.0 , 64 bit Build 19041 (10.0.19041.1202)

CPU:total 8 (initial active 8) (4 cores per cpu, 2 threads per core) family 6 model 158 stepping 10, cmov, cx8, fxsr, mmx, sse, sse2, sse3, ssse3, sse4.1, sse4.2, popcnt, avx, avx2, aes, clmul, erms, 3dnowpref, lzcnt, ht, tsc, tscinvbit, bmi1, bmi2, adx

Memory: 4k page, physical 8306932k(341252k free), swap 18792692k(2540852k free)

vm_info: Java HotSpot(TM) 64-Bit Server VM (25.201-b09) for windows-amd64 JRE (1.8.0_201-b09), built on Dec 15 2018 18:36:39 by "java_re" with MS VC++ 10.0 (VS2010)

time: Sat Oct 30 00:20:42 2021
timezone: 中国标准时间
elapsed time: 55 seconds (0d 0h 0m 55s)

