#
# A fatal error has been detected by the Java Runtime Environment:
#
#  EXCEPTION_ACCESS_VIOLATION (0xc0000005) at pc=0x00007ff92154f0b6, pid=18228, tid=0x0000000000000310
#
# JRE version: Java(TM) SE Runtime Environment (8.0_201-b09) (build 1.8.0_201-b09)
# Java VM: Java HotSpot(TM) 64-Bit Server VM (25.201-b09 mixed mode windows-amd64 compressed oops)
# Problematic frame:
# C  [libarcsoft_face.dll+0xf0b6]
#
# Failed to write core dump. Minidumps are not enabled by default on client versions of Windows
#
# If you would like to submit a bug report, please visit:
#   http://bugreport.java.com/bugreport/crash.jsp
# The crash happened outside the Java Virtual Machine in native code.
# See problematic frame for where to report the bug.
#

---------------  T H R E A D  ---------------

Current thread (0x000000001b42e000):  JavaThread "http-nio-8081-exec-10" daemon [_thread_in_native, id=784, stack(0x0000000021a00000,0x0000000021b00000)]

siginfo: ExceptionCode=0xc0000005, reading address 0xffffffffffffffff

Registers:
RAX=0x0000000000000000, RBX=0x435e0000435e0658, RCX=0x435e0000435e0658, RDX=0x0000000000000078
RSP=0x0000000021afca40, RBP=0x0000000000000000, RSI=0x0000000026441e70, RDI=0x000000000000001d
R8 =0x0000000000000078, R9 =0x00007ff9217c95f0, R10=0xffffffffffffe000, R11=0x0000000000000800
R12=0x00000000264428e0, R13=0x0000000000000000, R14=0x0000000000000658, R15=0x000000002373f040
RIP=0x00007ff92154f0b6, EFLAGS=0x0000000000010246

Top of Stack: (sp=0x0000000021afca40)
0x0000000021afca40:   ffffffffffffe000 000000002373f040
0x0000000021afca50:   00000000264424e0 0000000000000000
0x0000000021afca60:   00000000217fd040 0000000026435d80
0x0000000021afca70:   0000000000000006 00007ff92154b949
0x0000000021afca80:   0000000026435d70 0000000000000001
0x0000000021afca90:   0000000026435d70 0000000000000006
0x0000000021afcaa0:   0000000000000001 00007ff921549092
0x0000000021afcab0:   0000000000000000 0000000000000001
0x0000000021afcac0:   0000000000000040 0000000021afcb60
0x0000000021afcad0:   00000000415c677d 000000003fd00371
0x0000000021afcae0:   00000000415c677d 000000003fd00371
0x0000000021afcaf0:   0000000000000000 0000000000000000
0x0000000021afcb00:   00000000217fd040 0000000100000000
0x0000000021afcb10:   0000000624d8c940 0000000000000001
0x0000000021afcb20:   000000002373f160 000000002373f040
0x0000000021afcb30:   0000000026435d70 3fd00371415c677d 

Instructions: (pc=0x00007ff92154f0b6)
0x00007ff92154f096:   2d 44 8b f7 66 0f 1f 44 00 00 48 8b 1e 49 03 de
0x00007ff92154f0a6:   85 ed 74 09 48 8b d3 49 8b cf ff 53 28 48 8b cb
0x00007ff92154f0b6:   ff 53 30 ff c7 49 83 c6 38 3b 7e 08 7c dc 33 c0
0x00007ff92154f0c6:   48 8b 5c 24 40 48 8b 6c 24 48 48 8b 74 24 50 48 


Register to memory mapping:

RAX=0x0000000000000000 is an unknown value
RBX=0x435e0000435e0658 is an unknown value
RCX=0x435e0000435e0658 is an unknown value
RDX=0x0000000000000078 is an unknown value
RSP=0x0000000021afca40 is pointing into the stack for thread: 0x000000001b42e000
RBP=0x0000000000000000 is an unknown value
RSI=0x0000000026441e70 is an unknown value
RDI=0x000000000000001d is an unknown value
R8 =0x0000000000000078 is an unknown value
R9 =0x00007ff9217c95f0 is an unknown value
R10=0xffffffffffffe000 is an unknown value
R11=0x0000000000000800 is an unknown value
R12=0x00000000264428e0 is an unknown value
R13=0x0000000000000000 is an unknown value
R14=0x0000000000000658 is an unknown value
R15=0x000000002373f040 is an unknown value


Stack: [0x0000000021a00000,0x0000000021b00000],  sp=0x0000000021afca40,  free space=1010k
Native frames: (J=compiled Java code, j=interpreted, Vv=VM code, C=native code)

Java frames: (J=compiled Java code, j=interpreted, Vv=VM code)
j  com.arcsoft.face.FaceEngine.detectFaces(J[BIIII[Lcom/arcsoft/face/FaceInfo;)I+0
j  com.arcsoft.face.FaceEngine.detectFaces([BIILcom/arcsoft/face/enums/ImageFormat;Lcom/arcsoft/face/enums/DetectModel;Ljava/util/List;)I+107
J 6731 C1 com.tangcheng.face_corn.service.impl.faceServiceImpl.facesearch(Ljava/io/InputStream;Ljava/util/List;)Ljava/lang/String; (227 bytes) @ 0x00000000042bec5c [0x00000000042beaa0+0x1bc]
J 6763 C1 com.tangcheng.face_corn.controller.faceController.facesearch(Ljava/lang/String;Ljava/util/List;)Lresult/Result; (40 bytes) @ 0x00000000042cf81c [0x00000000042cf720+0xfc]
j  sun.reflect.GeneratedMethodAccessor65.invoke(Ljava/lang/Object;[Ljava/lang/Object;)Ljava/lang/Object;+48
J 2022 C1 sun.reflect.DelegatingMethodAccessorImpl.invoke(Ljava/lang/Object;[Ljava/lang/Object;)Ljava/lang/Object; (10 bytes) @ 0x0000000003b07f64 [0x0000000003b07f20+0x44]
J 1780 C1 java.lang.reflect.Method.invoke(Ljava/lang/Object;[Ljava/lang/Object;)Ljava/lang/Object; (62 bytes) @ 0x0000000003a8f354 [0x0000000003a8f260+0xf4]
J 5978 C1 org.springframework.web.method.support.InvocableHandlerMethod.doInvoke([Ljava/lang/Object;)Ljava/lang/Object; (147 bytes) @ 0x00000000041797d4 [0x0000000004179720+0xb4]
j  org.springframework.web.method.support.InvocableHandlerMethod.invokeForRequest(Lorg/springframework/web/context/request/NativeWebRequest;Lorg/springframework/web/method/support/ModelAndViewContainer;[Ljava/lang/Object;)Ljava/lang/Object;+54
j  org.springframework.web.servlet.mvc.method.annotation.ServletInvocableHandlerMethod.invokeAndHandle(Lorg/springframework/web/context/request/ServletWebRequest;Lorg/springframework/web/method/support/ModelAndViewContainer;[Ljava/lang/Object;)V+4
J 6175 C1 org.springframework.web.servlet.mvc.method.annotation.RequestMappingHandlerAdapter.invokeHandlerMethod(Ljavax/servlet/http/HttpServletRequest;Ljavax/servlet/http/HttpServletResponse;Lorg/springframework/web/method/HandlerMethod;)Lorg/springframework/web/servlet/ModelAndView; (296 bytes) @ 0x00000000041d2dfc [0x00000000041d2500+0x8fc]
J 6158 C1 org.springframework.web.servlet.mvc.method.annotation.RequestMappingHandlerAdapter.handleInternal(Ljavax/servlet/http/HttpServletRequest;Ljavax/servlet/http/HttpServletResponse;Lorg/springframework/web/method/HandlerMethod;)Lorg/springframework/web/servlet/ModelAndView; (128 bytes) @ 0x00000000041cc65c [0x00000000041cc3e0+0x27c]
j  org.springframework.web.servlet.mvc.method.AbstractHandlerMethodAdapter.handle(Ljavax/servlet/http/HttpServletRequest;Ljavax/servlet/http/HttpServletResponse;Ljava/lang/Object;)Lorg/springframework/web/servlet/ModelAndView;+7
j  org.springframework.web.servlet.DispatcherServlet.doDispatch(Ljavax/servlet/http/HttpServletRequest;Ljavax/servlet/http/HttpServletResponse;)V+259
j  org.springframework.web.servlet.DispatcherServlet.doService(Ljavax/servlet/http/HttpServletRequest;Ljavax/servlet/http/HttpServletResponse;)V+241
J 6156 C1 org.springframework.web.servlet.FrameworkServlet.processRequest(Ljavax/servlet/http/HttpServletRequest;Ljavax/servlet/http/HttpServletResponse;)V (186 bytes) @ 0x00000000041cae84 [0x00000000041ca9c0+0x4c4]
J 6155 C1 org.springframework.web.servlet.FrameworkServlet.doPost(Ljavax/servlet/http/HttpServletRequest;Ljavax/servlet/http/HttpServletResponse;)V (7 bytes) @ 0x00000000041ca294 [0x00000000041ca260+0x34]
j  javax.servlet.http.HttpServlet.service(Ljavax/servlet/http/HttpServletRequest;Ljavax/servlet/http/HttpServletResponse;)V+149
j  org.springframework.web.servlet.FrameworkServlet.service(Ljavax/servlet/http/HttpServletRequest;Ljavax/servlet/http/HttpServletResponse;)V+33
j  javax.servlet.http.HttpServlet.service(Ljavax/servlet/ServletRequest;Ljavax/servlet/ServletResponse;)V+36
J 5193 C1 org.apache.catalina.core.ApplicationFilterChain.internalDoFilter(Ljavax/servlet/ServletRequest;Ljavax/servlet/ServletResponse;)V (388 bytes) @ 0x0000000004059114 [0x0000000004058f00+0x214]
J 5194 C1 org.apache.catalina.core.ApplicationFilterChain.doFilter(Ljavax/servlet/ServletRequest;Ljavax/servlet/ServletResponse;)V (103 bytes) @ 0x000000000405a694 [0x000000000405a660+0x34]
j  org.apache.tomcat.websocket.server.WsFilter.doFilter(Ljavax/servlet/ServletRequest;Ljavax/servlet/ServletResponse;Ljavax/servlet/FilterChain;)V+21
J 5193 C1 org.apache.catalina.core.ApplicationFilterChain.internalDoFilter(Ljavax/servlet/ServletRequest;Ljavax/servlet/ServletResponse;)V (388 bytes) @ 0x0000000004059334 [0x0000000004058f00+0x434]
J 5194 C1 org.apache.catalina.core.ApplicationFilterChain.doFilter(Ljavax/servlet/ServletRequest;Ljavax/servlet/ServletResponse;)V (103 bytes) @ 0x000000000405a694 [0x000000000405a660+0x34]
j  org.springframework.web.filter.RequestContextFilter.doFilterInternal(Ljavax/servlet/http/HttpServletRequest;Ljavax/servlet/http/HttpServletResponse;Ljavax/servlet/FilterChain;)V+21
J 5527 C1 org.springframework.web.filter.OncePerRequestFilter.doFilter(Ljavax/servlet/ServletRequest;Ljavax/servlet/ServletResponse;Ljavax/servlet/FilterChain;)V (175 bytes) @ 0x00000000040cf014 [0x00000000040cecc0+0x354]
J 5193 C1 org.apache.catalina.core.ApplicationFilterChain.internalDoFilter(Ljavax/servlet/ServletRequest;Ljavax/servlet/ServletResponse;)V (388 bytes) @ 0x0000000004059334 [0x0000000004058f00+0x434]
J 5194 C1 org.apache.catalina.core.ApplicationFilterChain.doFilter(Ljavax/servlet/ServletRequest;Ljavax/servlet/ServletResponse;)V (103 bytes) @ 0x000000000405a694 [0x000000000405a660+0x34]
j  org.springframework.web.filter.FormContentFilter.doFilterInternal(Ljavax/servlet/http/HttpServletRequest;Ljavax/servlet/http/HttpServletResponse;Ljavax/servlet/FilterChain;)V+38
J 5527 C1 org.springframework.web.filter.OncePerRequestFilter.doFilter(Ljavax/servlet/ServletRequest;Ljavax/servlet/ServletResponse;Ljavax/servlet/FilterChain;)V (175 bytes) @ 0x00000000040cf014 [0x00000000040cecc0+0x354]
J 5193 C1 org.apache.catalina.core.ApplicationFilterChain.internalDoFilter(Ljavax/servlet/ServletRequest;Ljavax/servlet/ServletResponse;)V (388 bytes) @ 0x0000000004059334 [0x0000000004058f00+0x434]
J 5194 C1 org.apache.catalina.core.ApplicationFilterChain.doFilter(Ljavax/servlet/ServletRequest;Ljavax/servlet/ServletResponse;)V (103 bytes) @ 0x000000000405a694 [0x000000000405a660+0x34]
j  org.springframework.web.filter.CharacterEncodingFilter.doFilterInternal(Ljavax/servlet/http/HttpServletRequest;Ljavax/servlet/http/HttpServletResponse;Ljavax/servlet/FilterChain;)V+53
J 5527 C1 org.springframework.web.filter.OncePerRequestFilter.doFilter(Ljavax/servlet/ServletRequest;Ljavax/servlet/ServletResponse;Ljavax/servlet/FilterChain;)V (175 bytes) @ 0x00000000040cf014 [0x00000000040cecc0+0x354]
J 5193 C1 org.apache.catalina.core.ApplicationFilterChain.internalDoFilter(Ljavax/servlet/ServletRequest;Ljavax/servlet/ServletResponse;)V (388 bytes) @ 0x0000000004059334 [0x0000000004058f00+0x434]
J 5194 C1 org.apache.catalina.core.ApplicationFilterChain.doFilter(Ljavax/servlet/ServletRequest;Ljavax/servlet/ServletResponse;)V (103 bytes) @ 0x000000000405a694 [0x000000000405a660+0x34]
j  org.apache.catalina.core.StandardWrapperValve.invoke(Lorg/apache/catalina/connector/Request;Lorg/apache/catalina/connector/Response;)V+694
j  org.apache.catalina.core.StandardContextValve.invoke(Lorg/apache/catalina/connector/Request;Lorg/apache/catalina/connector/Response;)V+169
j  org.apache.catalina.authenticator.AuthenticatorBase.invoke(Lorg/apache/catalina/connector/Request;Lorg/apache/catalina/connector/Response;)V+260
j  org.apache.catalina.core.StandardHostValve.invoke(Lorg/apache/catalina/connector/Request;Lorg/apache/catalina/connector/Response;)V+128
j  org.apache.catalina.valves.ErrorReportValve.invoke(Lorg/apache/catalina/connector/Request;Lorg/apache/catalina/connector/Response;)V+6
j  org.apache.catalina.core.StandardEngineValve.invoke(Lorg/apache/catalina/connector/Request;Lorg/apache/catalina/connector/Response;)V+59
j  org.apache.catalina.connector.CoyoteAdapter.service(Lorg/apache/coyote/Request;Lorg/apache/coyote/Response;)V+199
j  org.apache.coyote.http11.Http11Processor.service(Lorg/apache/tomcat/util/net/SocketWrapperBase;)Lorg/apache/tomcat/util/net/AbstractEndpoint$Handler$SocketState;+737
j  org.apache.coyote.AbstractProcessorLight.process(Lorg/apache/tomcat/util/net/SocketWrapperBase;Lorg/apache/tomcat/util/net/SocketEvent;)Lorg/apache/tomcat/util/net/AbstractEndpoint$Handler$SocketState;+170
j  org.apache.coyote.AbstractProtocol$ConnectionHandler.process(Lorg/apache/tomcat/util/net/SocketWrapperBase;Lorg/apache/tomcat/util/net/SocketEvent;)Lorg/apache/tomcat/util/net/AbstractEndpoint$Handler$SocketState;+505
j  org.apache.tomcat.util.net.NioEndpoint$SocketProcessor.doRun()V+216
j  org.apache.tomcat.util.net.SocketProcessorBase.run()V+21
j  java.util.concurrent.ThreadPoolExecutor.runWorker(Ljava/util/concurrent/ThreadPoolExecutor$Worker;)V+95
j  java.util.concurrent.ThreadPoolExecutor$Worker.run()V+5
j  org.apache.tomcat.util.threads.TaskThread$WrappingRunnable.run()V+4
j  java.lang.Thread.run()V+11
v  ~StubRoutines::call_stub

---------------  P R O C E S S  ---------------

Java Threads: ( => current thread )
  0x000000001ae4b000 JavaThread "lettuce-eventExecutorLoop-1-8" daemon [_thread_blocked, id=15932, stack(0x0000000041200000,0x0000000041300000)]
  0x000000001ae4a000 JavaThread "lettuce-eventExecutorLoop-1-7" daemon [_thread_blocked, id=22188, stack(0x0000000041100000,0x0000000041200000)]
  0x000000001ae45800 JavaThread "lettuce-eventExecutorLoop-1-6" daemon [_thread_blocked, id=21832, stack(0x0000000040dc0000,0x0000000040ec0000)]
  0x000000001ae46800 JavaThread "lettuce-eventExecutorLoop-1-5" daemon [_thread_blocked, id=17024, stack(0x0000000040cc0000,0x0000000040dc0000)]
  0x000000001ae49800 JavaThread "lettuce-eventExecutorLoop-1-4" daemon [_thread_blocked, id=20428, stack(0x0000000040bc0000,0x0000000040cc0000)]
  0x000000001ae47000 JavaThread "lettuce-eventExecutorLoop-1-3" daemon [_thread_blocked, id=15984, stack(0x0000000040ac0000,0x0000000040bc0000)]
  0x000000001b432800 JavaThread "idle_connection_reaper" daemon [_thread_blocked, id=21976, stack(0x00000000407c0000,0x00000000408c0000)]
  0x000000001b431800 JavaThread "lettuce-eventExecutorLoop-1-2" daemon [_thread_blocked, id=17584, stack(0x00000000406c0000,0x00000000407c0000)]
  0x000000001b431000 JavaThread "lettuce-eventExecutorLoop-1-1" daemon [_thread_blocked, id=15224, stack(0x0000000023510000,0x0000000023610000)]
  0x000000001b42d000 JavaThread "lettuce-nioEventLoop-4-1" daemon [_thread_in_native, id=17916, stack(0x0000000022300000,0x0000000022400000)]
  0x000000001b42e800 JavaThread "Java2D Disposer" daemon [_thread_blocked, id=8632, stack(0x000000001d130000,0x000000001d230000)]
  0x000000001b430000 JavaThread "DiscoveryClient-HeartbeatExecutor-0" daemon [_thread_blocked, id=17512, stack(0x0000000022200000,0x0000000022300000)]
  0x000000001b42f800 JavaThread "DiscoveryClient-CacheRefreshExecutor-0" daemon [_thread_blocked, id=4432, stack(0x0000000022100000,0x0000000022200000)]
  0x000000001b429800 JavaThread "DestroyJavaVM" [_thread_blocked, id=17776, stack(0x0000000003370000,0x0000000003470000)]
  0x000000001b427000 JavaThread "http-nio-8081-Acceptor" daemon [_thread_in_native, id=19364, stack(0x0000000021c00000,0x0000000021d00000)]
  0x000000001b428800 JavaThread "http-nio-8081-ClientPoller" daemon [_thread_in_native, id=20352, stack(0x0000000021b00000,0x0000000021c00000)]
=>0x000000001b42e000 JavaThread "http-nio-8081-exec-10" daemon [_thread_in_native, id=784, stack(0x0000000021a00000,0x0000000021b00000)]
  0x000000001b42c800 JavaThread "http-nio-8081-exec-9" daemon [_thread_blocked, id=6784, stack(0x0000000021900000,0x0000000021a00000)]
  0x000000001b425000 JavaThread "http-nio-8081-exec-8" daemon [_thread_blocked, id=20176, stack(0x0000000021800000,0x0000000021900000)]
  0x000000001b42b800 JavaThread "http-nio-8081-exec-7" daemon [_thread_in_native, id=18648, stack(0x0000000021700000,0x0000000021800000)]
  0x000000001b42b000 JavaThread "http-nio-8081-exec-6" daemon [_thread_in_native, id=16760, stack(0x0000000021600000,0x0000000021700000)]
  0x000000001b423800 JavaThread "http-nio-8081-exec-5" daemon [_thread_blocked, id=19088, stack(0x0000000021500000,0x0000000021600000)]
  0x000000001b428000 JavaThread "http-nio-8081-exec-4" daemon [_thread_blocked, id=8320, stack(0x0000000021400000,0x0000000021500000)]
  0x000000001b42a000 JavaThread "http-nio-8081-exec-3" daemon [_thread_blocked, id=18444, stack(0x0000000021300000,0x0000000021400000)]
  0x000000001b425800 JavaThread "http-nio-8081-exec-2" daemon [_thread_blocked, id=20596, stack(0x0000000021200000,0x0000000021300000)]
  0x000000001b426800 JavaThread "http-nio-8081-exec-1" daemon [_thread_blocked, id=16596, stack(0x0000000021100000,0x0000000021200000)]
  0x000000001b424000 JavaThread "http-nio-8081-BlockPoller" daemon [_thread_in_native, id=20444, stack(0x0000000021000000,0x0000000021100000)]
  0x000000001e89d000 JavaThread "DiscoveryClient-InstanceInfoReplicator-0" daemon [_thread_blocked, id=6132, stack(0x0000000020d00000,0x0000000020e00000)]
  0x000000001e8a3000 JavaThread "DiscoveryClient-1" daemon [_thread_blocked, id=21280, stack(0x0000000020c00000,0x0000000020d00000)]
  0x000000001e8a0000 JavaThread "DiscoveryClient-0" daemon [_thread_blocked, id=18324, stack(0x0000000020b00000,0x0000000020c00000)]
  0x000000001e8a2800 JavaThread "AsyncResolver-bootstrap-0" daemon [_thread_blocked, id=10068, stack(0x0000000020600000,0x0000000020700000)]
  0x000000001e89f800 JavaThread "spring.cloud.inetutils" daemon [_thread_blocked, id=18768, stack(0x0000000020500000,0x0000000020600000)]
  0x000000001e8a1800 JavaThread "lettuce-timer-3-1" daemon [_thread_blocked, id=11128, stack(0x000000001fe00000,0x000000001ff00000)]
  0x000000001e89e800 JavaThread "container-0" [_thread_blocked, id=18448, stack(0x000000001fb00000,0x000000001fc00000)]
  0x000000001e8a1000 JavaThread "Catalina-utility-2" [_thread_blocked, id=15120, stack(0x000000001fa00000,0x000000001fb00000)]
  0x000000001e89e000 JavaThread "Catalina-utility-1" [_thread_blocked, id=18084, stack(0x000000001d630000,0x000000001d730000)]
  0x000000001c2d7800 JavaThread "RMI Scheduler(0)" daemon [_thread_blocked, id=22160, stack(0x000000001d230000,0x000000001d330000)]
  0x000000001b2e8800 JavaThread "RMI TCP Accept-0" daemon [_thread_in_native, id=19276, stack(0x000000001bcb0000,0x000000001bdb0000)]
  0x000000001b2db800 JavaThread "RMI TCP Accept-64300" daemon [_thread_in_native, id=17308, stack(0x000000001bbb0000,0x000000001bcb0000)]
  0x000000001b2d6800 JavaThread "RMI TCP Accept-0" daemon [_thread_in_native, id=4140, stack(0x000000001bab0000,0x000000001bbb0000)]
  0x000000001b0a6000 JavaThread "Service Thread" daemon [_thread_blocked, id=18048, stack(0x000000001b990000,0x000000001ba90000)]
  0x000000001b01a000 JavaThread "C1 CompilerThread3" daemon [_thread_blocked, id=5828, stack(0x000000001b890000,0x000000001b990000)]
  0x000000001b011800 JavaThread "C2 CompilerThread2" daemon [_thread_blocked, id=17600, stack(0x000000001b790000,0x000000001b890000)]
  0x000000001b00e800 JavaThread "C2 CompilerThread1" daemon [_thread_blocked, id=22384, stack(0x000000001b690000,0x000000001b790000)]
  0x000000001b008000 JavaThread "C2 CompilerThread0" daemon [_thread_blocked, id=19740, stack(0x000000001b590000,0x000000001b690000)]
  0x000000001affd000 JavaThread "Monitor Ctrl-Break" daemon [_thread_in_native, id=8856, stack(0x000000001b490000,0x000000001b590000)]
  0x000000001a4d0800 JavaThread "Attach Listener" daemon [_thread_blocked, id=2088, stack(0x000000001ab90000,0x000000001ac90000)]
  0x000000001a52b800 JavaThread "Signal Dispatcher" daemon [_thread_blocked, id=10148, stack(0x000000001aa90000,0x000000001ab90000)]
  0x00000000186b5000 JavaThread "Finalizer" daemon [_thread_blocked, id=21900, stack(0x000000001a990000,0x000000001aa90000)]
  0x000000001a4b0800 JavaThread "Reference Handler" daemon [_thread_blocked, id=16948, stack(0x000000001a890000,0x000000001a990000)]

Other Threads:
  0x00000000186a6800 VMThread [stack: 0x000000001a390000,0x000000001a490000] [id=21940]
  0x000000001b2f1800 WatcherThread [stack: 0x000000001bdb0000,0x000000001beb0000] [id=19532]

VM state:not at safepoint (normal execution)

VM Mutex/Monitor currently owned by a thread: None

heap address: 0x0000000081200000, size: 2030 MB, Compressed Oops mode: 32-bit
Narrow klass base: 0x0000000000000000, Narrow klass shift: 3
Compressed class space size: 1073741824 Address: 0x0000000100000000

Heap:
 PSYoungGen      total 496128K, used 429022K [0x00000000d5b80000, 0x00000000fb480000, 0x0000000100000000)
  eden space 473600K, 90% used [0x00000000d5b80000,0x00000000efe77868,0x00000000f2a00000)
  from space 22528K, 0% used [0x00000000f2a00000,0x00000000f2a00000,0x00000000f4000000)
  to   space 21504K, 0% used [0x00000000f9f80000,0x00000000f9f80000,0x00000000fb480000)
 ParOldGen       total 123392K, used 39975K [0x0000000081200000, 0x0000000088a80000, 0x00000000d5b80000)
  object space 123392K, 32% used [0x0000000081200000,0x0000000083909c80,0x0000000088a80000)
 Metaspace       used 55967K, capacity 59716K, committed 59992K, reserved 1101824K
  class space    used 7633K, capacity 8277K, committed 8320K, reserved 1048576K

Card table byte_map: [0x0000000012aa0000,0x0000000012ea0000] byte_map_base: 0x0000000012697000

Marking Bits: (ParMarkBitMap*) 0x0000000061284ce0
 Begin Bits: [0x0000000013950000, 0x0000000015908000)
 End Bits:   [0x0000000015908000, 0x00000000178c0000)

Polling page: 0x00000000017f0000

CodeCache: size=245760Kb used=12401Kb max_used=12401Kb free=233358Kb
 bounds [0x00000000036e0000, 0x0000000004300000, 0x00000000126e0000]
 total_blobs=7310 nmethods=6710 adapters=511
 compilation: enabled

Compilation events (10 events):
Event: 174.001 Thread 0x000000001b01a000 6820       1       org.apache.catalina.core.StandardContext::findFilterMaps (8 bytes)
Event: 174.001 Thread 0x000000001b01a000 nmethod 6820 0x00000000042f3290 code [0x00000000042f33e0, 0x00000000042f3690]
Event: 174.001 Thread 0x000000001b01a000 6821       1       org.apache.catalina.connector.Request$2::get (25 bytes)
Event: 174.001 Thread 0x000000001b01a000 nmethod 6821 0x00000000042f3790 code [0x00000000042f3900, 0x00000000042f3a78]
Event: 174.001 Thread 0x000000001b01a000 6822       1       org.apache.catalina.connector.Response::getResponse (39 bytes)
Event: 174.001 Thread 0x000000001b01a000 nmethod 6822 0x00000000042f3b90 code [0x00000000042f3ce0, 0x00000000042f3eb0]
Event: 174.001 Thread 0x000000001b01a000 6823   !   1       org.springframework.web.filter.RequestContextFilter::doFilterInternal (133 bytes)
Event: 174.004 Thread 0x000000001b01a000 nmethod 6823 0x00000000042f3f50 code [0x00000000042f42a0, 0x00000000042f4fe8]
Event: 174.004 Thread 0x000000001b01a000 6824       1       org.apache.catalina.connector.Request::getLocale (37 bytes)
Event: 174.004 Thread 0x000000001b01a000 nmethod 6824 0x00000000042f61d0 code [0x00000000042f6360, 0x00000000042f65e8]

GC Heap History (10 events):
Event: 141.333 GC heap before
{Heap before GC invocations=14 (full 2):
 PSYoungGen      total 299008K, used 298983K [0x00000000d5b80000, 0x00000000ef480000, 0x0000000100000000)
  eden space 283136K, 100% used [0x00000000d5b80000,0x00000000e7000000,0x00000000e7000000)
  from space 15872K, 99% used [0x00000000e7000000,0x00000000e7f79cc0,0x00000000e7f80000)
  to   space 22528K, 0% used [0x00000000ede80000,0x00000000ede80000,0x00000000ef480000)
 ParOldGen       total 72192K, used 32092K [0x0000000081200000, 0x0000000085880000, 0x00000000d5b80000)
  object space 72192K, 44% used [0x0000000081200000,0x00000000831573f0,0x0000000085880000)
 Metaspace       used 50945K, capacity 54470K, committed 54616K, reserved 1095680K
  class space    used 7045K, capacity 7690K, committed 7808K, reserved 1048576K
Event: 141.339 GC heap after
Heap after GC invocations=14 (full 2):
 PSYoungGen      total 395776K, used 757K [0x00000000d5b80000, 0x00000000efb00000, 0x0000000100000000)
  eden space 373248K, 0% used [0x00000000d5b80000,0x00000000d5b80000,0x00000000ec800000)
  from space 22528K, 3% used [0x00000000ede80000,0x00000000edf3d568,0x00000000ef480000)
  to   space 23040K, 0% used [0x00000000ec800000,0x00000000ec800000,0x00000000ede80000)
 ParOldGen       total 72192K, used 44806K [0x0000000081200000, 0x0000000085880000, 0x00000000d5b80000)
  object space 72192K, 62% used [0x0000000081200000,0x0000000083dc1a60,0x0000000085880000)
 Metaspace       used 50945K, capacity 54470K, committed 54616K, reserved 1095680K
  class space    used 7045K, capacity 7690K, committed 7808K, reserved 1048576K
}
Event: 146.569 GC heap before
{Heap before GC invocations=15 (full 2):
 PSYoungGen      total 395776K, used 374005K [0x00000000d5b80000, 0x00000000efb00000, 0x0000000100000000)
  eden space 373248K, 100% used [0x00000000d5b80000,0x00000000ec800000,0x00000000ec800000)
  from space 22528K, 3% used [0x00000000ede80000,0x00000000edf3d568,0x00000000ef480000)
  to   space 23040K, 0% used [0x00000000ec800000,0x00000000ec800000,0x00000000ede80000)
 ParOldGen       total 72192K, used 44806K [0x0000000081200000, 0x0000000085880000, 0x00000000d5b80000)
  object space 72192K, 62% used [0x0000000081200000,0x0000000083dc1a60,0x0000000085880000)
 Metaspace       used 50968K, capacity 54534K, committed 54872K, reserved 1095680K
  class space    used 7046K, capacity 7690K, committed 7808K, reserved 1048576K
Event: 146.576 GC heap after
Heap after GC invocations=15 (full 2):
 PSYoungGen      total 396288K, used 363K [0x00000000d5b80000, 0x00000000f6380000, 0x0000000100000000)
  eden space 373248K, 0% used [0x00000000d5b80000,0x00000000d5b80000,0x00000000ec800000)
  from space 23040K, 1% used [0x00000000ec800000,0x00000000ec85ae98,0x00000000ede80000)
  to   space 23552K, 0% used [0x00000000f4c80000,0x00000000f4c80000,0x00000000f6380000)
 ParOldGen       total 72192K, used 44838K [0x0000000081200000, 0x0000000085880000, 0x00000000d5b80000)
  object space 72192K, 62% used [0x0000000081200000,0x0000000083dc9a60,0x0000000085880000)
 Metaspace       used 50968K, capacity 54534K, committed 54872K, reserved 1095680K
  class space    used 7046K, capacity 7690K, committed 7808K, reserved 1048576K
}
Event: 152.092 GC heap before
{Heap before GC invocations=16 (full 2):
 PSYoungGen      total 396288K, used 373611K [0x00000000d5b80000, 0x00000000f6380000, 0x0000000100000000)
  eden space 373248K, 100% used [0x00000000d5b80000,0x00000000ec800000,0x00000000ec800000)
  from space 23040K, 1% used [0x00000000ec800000,0x00000000ec85ae98,0x00000000ede80000)
  to   space 23552K, 0% used [0x00000000f4c80000,0x00000000f4c80000,0x00000000f6380000)
 ParOldGen       total 72192K, used 44838K [0x0000000081200000, 0x0000000085880000, 0x00000000d5b80000)
  object space 72192K, 62% used [0x0000000081200000,0x0000000083dc9a60,0x0000000085880000)
 Metaspace       used 50995K, capacity 54534K, committed 54872K, reserved 1095680K
  class space    used 7046K, capacity 7690K, committed 7808K, reserved 1048576K
Event: 152.095 GC heap after
Heap after GC invocations=16 (full 2):
 PSYoungGen      total 479232K, used 9526K [0x00000000d5b80000, 0x00000000f5600000, 0x0000000100000000)
  eden space 469504K, 0% used [0x00000000d5b80000,0x00000000d5b80000,0x00000000f2600000)
  from space 9728K, 97% used [0x00000000f4c80000,0x00000000f55cda78,0x00000000f5600000)
  to   space 22528K, 0% used [0x00000000f2a00000,0x00000000f2a00000,0x00000000f4000000)
 ParOldGen       total 72192K, used 44878K [0x0000000081200000, 0x0000000085880000, 0x00000000d5b80000)
  object space 72192K, 62% used [0x0000000081200000,0x0000000083dd3a60,0x0000000085880000)
 Metaspace       used 50995K, capacity 54534K, committed 54872K, reserved 1095680K
  class space    used 7046K, capacity 7690K, committed 7808K, reserved 1048576K
}
Event: 158.925 GC heap before
{Heap before GC invocations=17 (full 2):
 PSYoungGen      total 479232K, used 171766K [0x00000000d5b80000, 0x00000000f5600000, 0x0000000100000000)
  eden space 469504K, 34% used [0x00000000d5b80000,0x00000000df9efe08,0x00000000f2600000)
  from space 9728K, 97% used [0x00000000f4c80000,0x00000000f55cda78,0x00000000f5600000)
  to   space 22528K, 0% used [0x00000000f2a00000,0x00000000f2a00000,0x00000000f4000000)
 ParOldGen       total 72192K, used 44878K [0x0000000081200000, 0x0000000085880000, 0x00000000d5b80000)
  object space 72192K, 62% used [0x0000000081200000,0x0000000083dd3a60,0x0000000085880000)
 Metaspace       used 55120K, capacity 58858K, committed 58968K, reserved 1099776K
  class space    used 7536K, capacity 8218K, committed 8320K, reserved 1048576K
Event: 158.931 GC heap after
Heap after GC invocations=17 (full 2):
 PSYoungGen      total 496128K, used 9769K [0x00000000d5b80000, 0x00000000fb480000, 0x0000000100000000)
  eden space 473600K, 0% used [0x00000000d5b80000,0x00000000d5b80000,0x00000000f2a00000)
  from space 22528K, 43% used [0x00000000f2a00000,0x00000000f338a7a0,0x00000000f4000000)
  to   space 21504K, 0% used [0x00000000f9f80000,0x00000000f9f80000,0x00000000fb480000)
 ParOldGen       total 72192K, used 44886K [0x0000000081200000, 0x0000000085880000, 0x00000000d5b80000)
  object space 72192K, 62% used [0x0000000081200000,0x0000000083dd5a60,0x0000000085880000)
 Metaspace       used 55120K, capacity 58858K, committed 58968K, reserved 1099776K
  class space    used 7536K, capacity 8218K, committed 8320K, reserved 1048576K
}
Event: 158.931 GC heap before
{Heap before GC invocations=18 (full 3):
 PSYoungGen      total 496128K, used 9769K [0x00000000d5b80000, 0x00000000fb480000, 0x0000000100000000)
  eden space 473600K, 0% used [0x00000000d5b80000,0x00000000d5b80000,0x00000000f2a00000)
  from space 22528K, 43% used [0x00000000f2a00000,0x00000000f338a7a0,0x00000000f4000000)
  to   space 21504K, 0% used [0x00000000f9f80000,0x00000000f9f80000,0x00000000fb480000)
 ParOldGen       total 72192K, used 44886K [0x0000000081200000, 0x0000000085880000, 0x00000000d5b80000)
  object space 72192K, 62% used [0x0000000081200000,0x0000000083dd5a60,0x0000000085880000)
 Metaspace       used 55120K, capacity 58858K, committed 58968K, reserved 1099776K
  class space    used 7536K, capacity 8218K, committed 8320K, reserved 1048576K
Event: 159.055 GC heap after
Heap after GC invocations=18 (full 3):
 PSYoungGen      total 496128K, used 0K [0x00000000d5b80000, 0x00000000fb480000, 0x0000000100000000)
  eden space 473600K, 0% used [0x00000000d5b80000,0x00000000d5b80000,0x00000000f2a00000)
  from space 22528K, 0% used [0x00000000f2a00000,0x00000000f2a00000,0x00000000f4000000)
  to   space 21504K, 0% used [0x00000000f9f80000,0x00000000f9f80000,0x00000000fb480000)
 ParOldGen       total 123392K, used 39975K [0x0000000081200000, 0x0000000088a80000, 0x00000000d5b80000)
  object space 123392K, 32% used [0x0000000081200000,0x0000000083909c80,0x0000000088a80000)
 Metaspace       used 55088K, capacity 58758K, committed 58968K, reserved 1099776K
  class space    used 7525K, capacity 8200K, committed 8320K, reserved 1048576K
}

Deoptimization events (0 events):
No events

Classes redefined (0 events):
No events

Internal exceptions (10 events):
Event: 169.907 Thread 0x000000001b42b800 Exception <a 'java/lang/ArrayIndexOutOfBoundsException'> (0x00000000e2f67098) thrown at [C:\re\workspace\8-2-build-windows-amd64-cygwin\jdk8u201\12322\hotspot\src\share\vm\runtime\sharedRuntime.cpp, line 605]
Event: 170.245 Thread 0x000000001b42b000 Exception <a 'java/io/IOException'> (0x00000000e34c42c8) thrown at [C:\re\workspace\8-2-build-windows-amd64-cygwin\jdk8u201\12322\hotspot\src\share\vm\prims\jni.cpp, line 709]
Event: 170.490 Thread 0x000000001b426800 Exception <a 'java/io/IOException'> (0x00000000e5f0ee98) thrown at [C:\re\workspace\8-2-build-windows-amd64-cygwin\jdk8u201\12322\hotspot\src\share\vm\prims\jni.cpp, line 709]
Event: 170.566 Thread 0x000000001b42a000 Exception <a 'java/io/IOException'> (0x00000000e4b45b68) thrown at [C:\re\workspace\8-2-build-windows-amd64-cygwin\jdk8u201\12322\hotspot\src\share\vm\prims\jni.cpp, line 709]
Event: 170.659 Thread 0x000000001b425000 Exception <a 'java/io/IOException'> (0x00000000e5070e70) thrown at [C:\re\workspace\8-2-build-windows-amd64-cygwin\jdk8u201\12322\hotspot\src\share\vm\prims\jni.cpp, line 709]
Event: 170.787 Thread 0x000000001b428000 Exception <a 'java/io/IOException'> (0x00000000e55ab9e8) thrown at [C:\re\workspace\8-2-build-windows-amd64-cygwin\jdk8u201\12322\hotspot\src\share\vm\prims\jni.cpp, line 709]
Event: 171.017 Thread 0x000000001b42c800 Exception <a 'java/io/IOException'> (0x00000000e6d38db8) thrown at [C:\re\workspace\8-2-build-windows-amd64-cygwin\jdk8u201\12322\hotspot\src\share\vm\prims\jni.cpp, line 709]
Event: 171.157 Thread 0x000000001b426800 Exception <a 'java/io/IOException'> (0x00000000e89c6c50) thrown at [C:\re\workspace\8-2-build-windows-amd64-cygwin\jdk8u201\12322\hotspot\src\share\vm\prims\jni.cpp, line 709]
Event: 171.164 Thread 0x000000001b42a000 Exception <a 'java/io/IOException'> (0x00000000e81d9518) thrown at [C:\re\workspace\8-2-build-windows-amd64-cygwin\jdk8u201\12322\hotspot\src\share\vm\prims\jni.cpp, line 709]
Event: 173.868 Thread 0x000000001b425000 Exception <a 'java/io/IOException'> (0x00000000ee11f9a8) thrown at [C:\re\workspace\8-2-build-windows-amd64-cygwin\jdk8u201\12322\hotspot\src\share\vm\prims\jni.cpp, line 709]

Events (10 events):
Event: 173.910 Executing VM operation: RevokeBias
Event: 173.910 Executing VM operation: RevokeBias done
Event: 173.913 Executing VM operation: RevokeBias
Event: 173.913 Executing VM operation: RevokeBias done
Event: 173.915 Executing VM operation: RevokeBias
Event: 173.915 Executing VM operation: RevokeBias done
Event: 174.024 loading class sun/reflect/GeneratedMethodAccessor65
Event: 174.024 loading class sun/reflect/GeneratedMethodAccessor65 done
Event: 174.024 loading class sun/reflect/GeneratedMethodAccessor65
Event: 174.024 loading class sun/reflect/GeneratedMethodAccessor65 done


Dynamic libraries:
0x00007ff789740000 - 0x00007ff789777000 	C:\Program Files\Java\jdk1.8.0_201\bin\java.exe
0x00007ff972170000 - 0x00007ff972365000 	C:\WINDOWS\SYSTEM32\ntdll.dll
0x00007ff971800000 - 0x00007ff9718be000 	C:\WINDOWS\System32\KERNEL32.DLL
0x00007ff96fb60000 - 0x00007ff96fe29000 	C:\WINDOWS\System32\KERNELBASE.dll
0x00007ff970960000 - 0x00007ff970a0c000 	C:\WINDOWS\System32\ADVAPI32.dll
0x00007ff970b40000 - 0x00007ff970bde000 	C:\WINDOWS\System32\msvcrt.dll
0x00007ff970c90000 - 0x00007ff970d2b000 	C:\WINDOWS\System32\sechost.dll
0x00007ff970a10000 - 0x00007ff970b3a000 	C:\WINDOWS\System32\RPCRT4.dll
0x00007ff971650000 - 0x00007ff9717f1000 	C:\WINDOWS\System32\USER32.dll
0x00007ff96fe30000 - 0x00007ff96fe52000 	C:\WINDOWS\System32\win32u.dll
0x00007ff970be0000 - 0x00007ff970c0b000 	C:\WINDOWS\System32\GDI32.dll
0x00007ff96ffc0000 - 0x00007ff9700cb000 	C:\WINDOWS\System32\gdi32full.dll
0x00007ff970120000 - 0x00007ff9701bd000 	C:\WINDOWS\System32\msvcp_win.dll
0x00007ff96fe60000 - 0x00007ff96ff60000 	C:\WINDOWS\System32\ucrtbase.dll
0x00007ff961ca0000 - 0x00007ff961f3a000 	C:\WINDOWS\WinSxS\amd64_microsoft.windows.common-controls_6595b64144ccf1df_6.0.19041.1110_none_60b5254171f9507e\COMCTL32.dll
0x00007ff9714c0000 - 0x00007ff9714f0000 	C:\WINDOWS\System32\IMM32.DLL
0x0000000062140000 - 0x0000000062211000 	C:\Program Files\Java\jdk1.8.0_201\jre\bin\msvcr100.dll
0x0000000060a60000 - 0x0000000061304000 	C:\Program Files\Java\jdk1.8.0_201\jre\bin\server\jvm.dll
0x00007ff970f60000 - 0x00007ff970f68000 	C:\WINDOWS\System32\PSAPI.DLL
0x00007ff967300000 - 0x00007ff967309000 	C:\WINDOWS\SYSTEM32\WSOCK32.dll
0x00007ff966860000 - 0x00007ff96686a000 	C:\WINDOWS\SYSTEM32\VERSION.dll
0x00007ff9718c0000 - 0x00007ff97192b000 	C:\WINDOWS\System32\WS2_32.dll
0x00007ff964b00000 - 0x00007ff964b27000 	C:\WINDOWS\SYSTEM32\WINMM.dll
0x00007ff96a720000 - 0x00007ff96a72f000 	C:\Program Files\Java\jdk1.8.0_201\jre\bin\verify.dll
0x00007ff969620000 - 0x00007ff969649000 	C:\Program Files\Java\jdk1.8.0_201\jre\bin\java.dll
0x00007ff9692e0000 - 0x00007ff969303000 	C:\Program Files\Java\jdk1.8.0_201\jre\bin\instrument.dll
0x00007ff969460000 - 0x00007ff969476000 	C:\Program Files\Java\jdk1.8.0_201\jre\bin\zip.dll
0x00007ff971930000 - 0x00007ff97206f000 	C:\WINDOWS\System32\SHELL32.dll
0x00007ff96d880000 - 0x00007ff96e010000 	C:\WINDOWS\SYSTEM32\windows.storage.dll
0x00007ff971040000 - 0x00007ff971395000 	C:\WINDOWS\System32\combase.dll
0x00007ff96f2e0000 - 0x00007ff96f30c000 	C:\WINDOWS\SYSTEM32\Wldp.dll
0x00007ff970220000 - 0x00007ff9702cd000 	C:\WINDOWS\System32\SHCORE.dll
0x00007ff970f80000 - 0x00007ff970fd5000 	C:\WINDOWS\System32\shlwapi.dll
0x00007ff96f7d0000 - 0x00007ff96f7ef000 	C:\WINDOWS\SYSTEM32\profapi.dll
0x00007ff9692c0000 - 0x00007ff9692da000 	F:\subject\IDEA 2018_sssam.com\IntelliJ IDEA 2018.2.4\bin\breakgen64.dll
0x00007ff969230000 - 0x00007ff96924a000 	C:\Program Files\Java\jdk1.8.0_201\jre\bin\net.dll
0x00007ff95d320000 - 0x00007ff95d50b000 	C:\WINDOWS\SYSTEM32\urlmon.dll
0x00007ff95da10000 - 0x00007ff95dcc0000 	C:\WINDOWS\SYSTEM32\iertutil.dll
0x00007ff96edf0000 - 0x00007ff96edfc000 	C:\WINDOWS\SYSTEM32\netutils.dll
0x00007ff95d2f0000 - 0x00007ff95d318000 	C:\WINDOWS\SYSTEM32\srvcli.dll
0x00007ff96f040000 - 0x00007ff96f0aa000 	C:\WINDOWS\system32\mswsock.dll
0x00007ff96a710000 - 0x00007ff96a71d000 	C:\Program Files\Java\jdk1.8.0_201\jre\bin\management.dll
0x00007ff969210000 - 0x00007ff969221000 	C:\Program Files\Java\jdk1.8.0_201\jre\bin\nio.dll
0x00007ff951950000 - 0x00007ff951967000 	C:\WINDOWS\system32\napinsp.dll
0x00007ff951930000 - 0x00007ff95194b000 	C:\WINDOWS\system32\pnrpnsp.dll
0x00007ff969bc0000 - 0x00007ff969bd5000 	C:\WINDOWS\system32\wshbth.dll
0x00007ff96a5e0000 - 0x00007ff96a5fd000 	C:\WINDOWS\system32\NLAapi.dll
0x00007ff96ece0000 - 0x00007ff96ed1b000 	C:\WINDOWS\SYSTEM32\IPHLPAPI.DLL
0x00007ff96ed20000 - 0x00007ff96edec000 	C:\WINDOWS\SYSTEM32\DNSAPI.dll
0x00007ff972070000 - 0x00007ff972078000 	C:\WINDOWS\System32\NSI.dll
0x00007ff951910000 - 0x00007ff951922000 	C:\WINDOWS\System32\winrnr.dll
0x00007ff967530000 - 0x00007ff96753a000 	C:\Windows\System32\rasadhlp.dll
0x00007ff9606d0000 - 0x00007ff96074f000 	C:\WINDOWS\System32\fwpuclnt.dll
0x00007ff96fb30000 - 0x00007ff96fb57000 	C:\WINDOWS\System32\bcrypt.dll
0x00007ff96f230000 - 0x00007ff96f248000 	C:\WINDOWS\SYSTEM32\CRYPTSP.dll
0x00007ff96e950000 - 0x00007ff96e984000 	C:\WINDOWS\system32\rsaenh.dll
0x00007ff96f750000 - 0x00007ff96f77e000 	C:\WINDOWS\SYSTEM32\USERENV.dll
0x00007ff96f890000 - 0x00007ff96f913000 	C:\WINDOWS\System32\bcryptprimitives.dll
0x00007ff96f250000 - 0x00007ff96f25c000 	C:\WINDOWS\SYSTEM32\CRYPTBASE.dll
0x00007ff9660a0000 - 0x00007ff9660b7000 	C:\WINDOWS\SYSTEM32\dhcpcsvc6.DLL
0x00007ff966060000 - 0x00007ff96607d000 	C:\WINDOWS\SYSTEM32\dhcpcsvc.DLL
0x00007ff967350000 - 0x00007ff967374000 	C:\Program Files\Java\jdk1.8.0_201\jre\bin\sunec.dll
0x00007ff9253e0000 - 0x00007ff925579000 	C:\Program Files\Java\jdk1.8.0_201\jre\bin\awt.dll
0x00007ff971580000 - 0x00007ff97164d000 	C:\WINDOWS\System32\OLEAUT32.dll
0x00007ff96bef0000 - 0x00007ff96bf80000 	C:\WINDOWS\SYSTEM32\apphelp.dll
0x00007ff94e810000 - 0x00007ff94e841000 	C:\Program Files\Java\jdk1.8.0_201\jre\bin\jpeg.dll
0x00007ff921540000 - 0x00007ff92437d000 	C:\Users\lenovo\Desktop\人脸识别\Face-recognition-main\ArcSoft_ArcFace_Java_Windows_x64_V3.0\libs\WIN64\libarcsoft_face.dll
0x00007ff9535f0000 - 0x00007ff953696000 	C:\WINDOWS\SYSTEM32\MSVCP120.dll
0x00007ff953500000 - 0x00007ff9535ef000 	C:\WINDOWS\SYSTEM32\MSVCR120.dll
0x00007ff94e590000 - 0x00007ff94e60f000 	C:\Users\lenovo\Desktop\人脸识别\Face-recognition-main\ArcSoft_ArcFace_Java_Windows_x64_V3.0\libs\WIN64\libarcsoft_face_engine.dll
0x00007ff970fe0000 - 0x00007ff971036000 	C:\WINDOWS\System32\WLDAP32.dll
0x00007ff94e770000 - 0x00007ff94e795000 	C:\Users\lenovo\Desktop\人脸识别\Face-recognition-main\ArcSoft_ArcFace_Java_Windows_x64_V3.0\libs\WIN64\libarcsoft_face_engine_jni.dll
0x00007ff94e730000 - 0x00007ff94e76e000 	C:\Program Files\Java\jdk1.8.0_201\jre\bin\lcms.dll
0x00007ff96d690000 - 0x00007ff96d874000 	C:\WINDOWS\SYSTEM32\dbghelp.dll

VM Arguments:
jvm_args: -XX:TieredStopAtLevel=1 -Xverify:none -Dspring.output.ansi.enabled=always -Dcom.sun.management.jmxremote -Dcom.sun.management.jmxremote.port=64300 -Dcom.sun.management.jmxremote.authenticate=false -Dcom.sun.management.jmxremote.ssl=false -Djava.rmi.server.hostname=localhost -Dspring.liveBeansView.mbeanDomain -Dspring.application.admin.enabled=true -javaagent:F:\subject\IDEA 2018_sssam.com\IntelliJ IDEA 2018.2.4\lib\idea_rt.jar=64301:F:\subject\IDEA 2018_sssam.com\IntelliJ IDEA 2018.2.4\bin -Dfile.encoding=UTF-8 
java_command: com.tangcheng.face_corn.FaceCornApplication
java_class_path (initial): C:\Program Files\Java\jdk1.8.0_201\jre\lib\charsets.jar;C:\Program Files\Java\jdk1.8.0_201\jre\lib\deploy.jar;C:\Program Files\Java\jdk1.8.0_201\jre\lib\ext\access-bridge-64.jar;C:\Program Files\Java\jdk1.8.0_201\jre\lib\ext\cldrdata.jar;C:\Program Files\Java\jdk1.8.0_201\jre\lib\ext\dnsns.jar;C:\Program Files\Java\jdk1.8.0_201\jre\lib\ext\jaccess.jar;C:\Program Files\Java\jdk1.8.0_201\jre\lib\ext\jfxrt.jar;C:\Program Files\Java\jdk1.8.0_201\jre\lib\ext\localedata.jar;C:\Program Files\Java\jdk1.8.0_201\jre\lib\ext\nashorn.jar;C:\Program Files\Java\jdk1.8.0_201\jre\lib\ext\sunec.jar;C:\Program Files\Java\jdk1.8.0_201\jre\lib\ext\sunjce_provider.jar;C:\Program Files\Java\jdk1.8.0_201\jre\lib\ext\sunmscapi.jar;C:\Program Files\Java\jdk1.8.0_201\jre\lib\ext\sunpkcs11.jar;C:\Program Files\Java\jdk1.8.0_201\jre\lib\ext\zipfs.jar;C:\Program Files\Java\jdk1.8.0_201\jre\lib\javaws.jar;C:\Program Files\Java\jdk1.8.0_201\jre\lib\jce.jar;C:\Program Files\Java\jdk1.8.0_201\jre\lib\jfr.jar;C:\Program Files\Java\jdk1.8.0_201\jre\lib\jfxswt.jar;C:\Program Files\Java\jdk1.8.0_201\jre\lib\jsse.jar;C:\Program Files\Java\jdk1.8.0_201\jre\lib\management-agent.jar;C:\Program Files\Java\jdk1.8.0_201\jre\lib\plugin.jar;C:\Program Files\Java\jdk1.8.0_201\jre\lib\resources.jar;C:\Program Files\Java\jdk1.8.0_201\jre\lib\rt.jar;C:\Users\lenovo\Desktop\人脸识别\Face-recognition-main\facesystem\face_corn\target\classes;C:\Users\lenovo\Desktop\人脸识别\Face-recognition-main\facesystem\common\target\classes;F:\subject\JavaWeb\maven-l\com\auth0\java-jwt\3.4.0\java-jwt-3.4.0.jar;F:\subject\JavaWeb\maven-l\commons-codec\commons-codec\1.15\commons-codec-1.15.jar;F:\subject\JavaWeb\maven-l\com\aliyun\oss\aliyun-sdk-oss\3.12.0\aliyun-sdk-oss-3.12.0.jar;F:\subject\JavaWeb\maven-l\org\apache\httpcomponents\httpclient\4.5.13\httpclient-4.5.13.jar;F:\subject\JavaWeb\maven-l\org\apache\httpcomponents\httpcore\4.4.14\httpcore-4.4.14.jar;F:\subject\JavaWeb\maven-l\org\jdom\jdom2\2.
Launcher Type: SUN_STANDARD

Environment Variables:
JAVA_HOME=C:\Program Files\Java\jdk1.8.0_201
CLASSPATH=.;C:\Program Files\Java\jdk1.8.0_201\lib\dt.jar,C:\Program Files\Java\jdk1.8.0_201\lib\tools.jar;F:\subject\JavaWeb\apache-tomcat-8.5.45\lib\servlet-api.jar
PATH=C:\Program Files (x86)\Common Files\Oracle\Java\javapath;C:\WINDOWS\system32;C:\WINDOWS;C:\WINDOWS\System32\Wbem;C:\WINDOWS\System32\WindowsPowerShell\v1.0\;C:\WINDOWS\System32\OpenSSH\;F:\subject\JavaWeb\apache-tomcat-8.5.45\bin;F:\subject\JavaWeb\apache-tomcat-8.5.45\lib;C:\Program Files\NVIDIA Corporation\NVIDIA NvDLISR;F:\subject\JavaWeb\apache-maven-3.3.9\bin;F:\subject\JavaWeb\Gradle\gradle-6.9.1\bin;F:\subject\JavaWeb\nodejs;C:\Program Files\Java\jdk1.8.0_201\bin;C:\Program Files\MySQL\MySQL Server 8.0\bin;F:\subject\JavaWeb\env\MongoDB\bin;C:\Users\lenovo\AppData\Local\Microsoft\WindowsApps;F:\subject\PyCharm\PyCharm Community Edition 2020.3.3\bin;;F:\subject\JavaWeb\Microsoft VS Code\bin;F:\subject\JavaWeb\nodejs\node_global;
USERNAME=lenovo
OS=Windows_NT
PROCESSOR_IDENTIFIER=Intel64 Family 6 Model 158 Stepping 10, GenuineIntel



---------------  S Y S T E M  ---------------

OS: Windows 10.0 , 64 bit Build 19041 (10.0.19041.1202)

CPU:total 8 (initial active 8) (4 cores per cpu, 2 threads per core) family 6 model 158 stepping 10, cmov, cx8, fxsr, mmx, sse, sse2, sse3, ssse3, sse4.1, sse4.2, popcnt, avx, avx2, aes, clmul, erms, 3dnowpref, lzcnt, ht, tsc, tscinvbit, bmi1, bmi2, adx

Memory: 4k page, physical 8306932k(1039216k free), swap 18792692k(2741988k free)

vm_info: Java HotSpot(TM) 64-Bit Server VM (25.201-b09) for windows-amd64 JRE (1.8.0_201-b09), built on Dec 15 2018 18:36:39 by "java_re" with MS VC++ 10.0 (VS2010)

time: Thu Oct 28 18:16:29 2021
timezone: 中国标准时间
elapsed time: 174 seconds (0d 0h 2m 54s)

