#
# A fatal error has been detected by the Java Runtime Environment:
#
#  EXCEPTION_ACCESS_VIOLATION (0xc0000005) at pc=0x00007ff82b69e0e5, pid=8896, tid=0x0000000000001c84
#
# JRE version: Java(TM) SE Runtime Environment (8.0_201-b09) (build 1.8.0_201-b09)
# Java VM: Java HotSpot(TM) 64-Bit Server VM (25.201-b09 mixed mode windows-amd64 compressed oops)
# Problematic frame:
# C  [libarcsoft_face.dll+0xe0e5]
#
# Failed to write core dump. Minidumps are not enabled by default on client versions of Windows
#
# If you would like to submit a bug report, please visit:
#   http://bugreport.java.com/bugreport/crash.jsp
# The crash happened outside the Java Virtual Machine in native code.
# See problematic frame for where to report the bug.
#

---------------  T H R E A D  ---------------

Current thread (0x000000001a99d800):  JavaThread "http-nio-8081-exec-2" daemon [_thread_in_native, id=7300, stack(0x0000000020430000,0x0000000020530000)]

siginfo: ExceptionCode=0xc0000005, writing address 0xfffffffe25b36e60

Registers:
RAX=0x0000000000000037, RBX=0x0000000080002000, RCX=0x0000000000000028, RDX=0xffffffff80000000
RSP=0x000000002052cc60, RBP=0x0000000080000000, RSI=0x0000000000000140, RDI=0x0000000080000000
R8 =0x00000000000000ff, R9 =0x0000000000000000, R10=0x0000000080001000, R11=0x0000000025b36e60
R12=0x0000000000000020, R13=0x0000000000000040, R14=0x0000000000000000, R15=0x000000001e5cca30
RIP=0x00007ff82b69e0e5, EFLAGS=0x0000000000010202

Top of Stack: (sp=0x000000002052cc60)
0x000000002052cc60:   0000000000000000 0000000000002000
0x000000002052cc70:   0000000000000010 0000000000000040
0x000000002052cc80:   0000000000000000 0000000025b43780
0x000000002052cc90:   000000002052cda0 00007ff82b69c5f2
0x000000002052cca0:   0000000000000000 00007ff82b6a17a3
0x000000002052ccb0:   0000000025b9e6f0 0000000025b9e660
0x000000002052ccc0:   0000000080000000 0000000000000028
0x000000002052ccd0:   0000000000000037 0000000000000047
0x000000002052cce0:   0000000000000000 0000000000000000
0x000000002052ccf0:   0000000000000020 00000000000003c0
0x000000002052cd00:   0000000000000000 0000000000000000
0x000000002052cd10:   0000000000000040 000000002052ce38
0x000000002052cd20:   0000000000000000 0000000000000040
0x000000002052cd30:   0000000000000040 0000000025b36e60
0x000000002052cd40:   000000002072d320 00007ff82b69bf04
0x000000002052cd50:   0000000080000000 00007ff8000000f0 

Instructions: (pc=0x00007ff82b69e0e5)
0x00007ff82b69e0c5:   0f 4f c8 45 33 c9 85 c9 41 0f 48 c9 41 3b c0 41
0x00007ff82b69e0d5:   0f 4f c0 85 c0 41 0f 48 c1 66 0f 6e c1 0f 5b c0
0x00007ff82b69e0e5:   f3 41 0f 11 04 93 66 0f 6e c0 49 63 c2 0f 5b c0
0x00007ff82b69e0f5:   f3 41 0f 11 04 83 8b 44 24 78 eb 51 83 f9 01 75 


Register to memory mapping:

RAX=0x0000000000000037 is an unknown value
RBX=0x0000000080002000 is an unknown value
RCX=0x0000000000000028 is an unknown value
RDX=0xffffffff80000000 is an unknown value
RSP=0x000000002052cc60 is pointing into the stack for thread: 0x000000001a99d800
RBP=0x0000000080000000 is an unknown value
RSI=0x0000000000000140 is an unknown value
RDI=0x0000000080000000 is an unknown value
R8 =0x00000000000000ff is an unknown value
R9 =0x0000000000000000 is an unknown value
R10=0x0000000080001000 is an unknown value
R11=0x0000000025b36e60 is an unknown value
R12=0x0000000000000020 is an unknown value
R13=0x0000000000000040 is an unknown value
R14=0x0000000000000000 is an unknown value
R15=0x000000001e5cca30 is an unknown value


Stack: [0x0000000020430000,0x0000000020530000],  sp=0x000000002052cc60,  free space=1011k
Native frames: (J=compiled Java code, j=interpreted, Vv=VM code, C=native code)
C  [libarcsoft_face.dll+0xe0e5]
C  [libarcsoft_face.dll+0xc5f2]
C  [libarcsoft_face.dll+0xbf04]
C  [libarcsoft_face.dll+0x9049]
C  [libarcsoft_face.dll+0x89bc]
C  [libarcsoft_face.dll+0x7d0a]
C  [libarcsoft_face.dll+0x3c88]
C  [libarcsoft_face_engine.dll+0x58ca]
C  [libarcsoft_face_engine_jni.dll+0x18f6]
C  0x0000000002fa8c67

Java frames: (J=compiled Java code, j=interpreted, Vv=VM code)
j  com.arcsoft.face.FaceEngine.detectFaces(J[BIIII[Lcom/arcsoft/face/FaceInfo;)I+0
j  com.arcsoft.face.FaceEngine.detectFaces([BIILcom/arcsoft/face/enums/ImageFormat;Lcom/arcsoft/face/enums/DetectModel;Ljava/util/List;)I+107
J 6941 C1 com.tangcheng.face_corn.service.impl.faceServiceImpl.facesearch(Ljava/io/InputStream;Ljava/util/List;)Ljava/lang/String; (227 bytes) @ 0x0000000003bb045c [0x0000000003bb02a0+0x1bc]
J 6940 C1 com.tangcheng.face_corn.controller.faceController.facesearch(Ljava/lang/String;Ljava/util/List;)Lresult/Result; (40 bytes) @ 0x0000000003bafc5c [0x0000000003bafb60+0xfc]
J 6962 C1 sun.reflect.GeneratedMethodAccessor65.invoke(Ljava/lang/Object;[Ljava/lang/Object;)Ljava/lang/Object; (73 bytes) @ 0x0000000003bc53b4 [0x0000000003bc52a0+0x114]
J 1649 C1 sun.reflect.DelegatingMethodAccessorImpl.invoke(Ljava/lang/Object;[Ljava/lang/Object;)Ljava/lang/Object; (10 bytes) @ 0x0000000003302764 [0x0000000003302720+0x44]
J 1648 C1 java.lang.reflect.Method.invoke(Ljava/lang/Object;[Ljava/lang/Object;)Ljava/lang/Object; (62 bytes) @ 0x0000000003302394 [0x00000000033022a0+0xf4]
J 7073 C1 org.springframework.web.method.support.InvocableHandlerMethod.doInvoke([Ljava/lang/Object;)Ljava/lang/Object; (147 bytes) @ 0x0000000003c0bb14 [0x0000000003c0ba60+0xb4]
j  org.springframework.web.method.support.InvocableHandlerMethod.invokeForRequest(Lorg/springframework/web/context/request/NativeWebRequest;Lorg/springframework/web/method/support/ModelAndViewContainer;[Ljava/lang/Object;)Ljava/lang/Object;+54
j  org.springframework.web.servlet.mvc.method.annotation.ServletInvocableHandlerMethod.invokeAndHandle(Lorg/springframework/web/context/request/ServletWebRequest;Lorg/springframework/web/method/support/ModelAndViewContainer;[Ljava/lang/Object;)V+4
j  org.springframework.web.servlet.mvc.method.annotation.RequestMappingHandlerAdapter.invokeHandlerMethod(Ljavax/servlet/http/HttpServletRequest;Ljavax/servlet/http/HttpServletResponse;Lorg/springframework/web/method/HandlerMethod;)Lorg/springframework/web/servlet/ModelAndView;+244
j  org.springframework.web.servlet.mvc.method.annotation.RequestMappingHandlerAdapter.handleInternal(Ljavax/servlet/http/HttpServletRequest;Ljavax/servlet/http/HttpServletResponse;Lorg/springframework/web/method/HandlerMethod;)Lorg/springframework/web/servlet/ModelAndView;+81
j  org.springframework.web.servlet.mvc.method.AbstractHandlerMethodAdapter.handle(Ljavax/servlet/http/HttpServletRequest;Ljavax/servlet/http/HttpServletResponse;Ljava/lang/Object;)Lorg/springframework/web/servlet/ModelAndView;+7
J 7077 C1 org.springframework.web.servlet.DispatcherServlet.doDispatch(Ljavax/servlet/http/HttpServletRequest;Ljavax/servlet/http/HttpServletResponse;)V (543 bytes) @ 0x0000000003c0e36c [0x0000000003c0dd60+0x60c]
J 7065 C1 org.springframework.web.servlet.DispatcherServlet.doService(Ljavax/servlet/http/HttpServletRequest;Ljavax/servlet/http/HttpServletResponse;)V (319 bytes) @ 0x0000000003c05f7c [0x0000000003c05700+0x87c]
J 7064 C1 org.springframework.web.servlet.FrameworkServlet.processRequest(Ljavax/servlet/http/HttpServletRequest;Ljavax/servlet/http/HttpServletResponse;)V (186 bytes) @ 0x0000000003c04004 [0x0000000003c03b40+0x4c4]
J 6743 C1 org.springframework.web.servlet.FrameworkServlet.doPost(Ljavax/servlet/http/HttpServletRequest;Ljavax/servlet/http/HttpServletResponse;)V (7 bytes) @ 0x0000000003b5db54 [0x0000000003b5db20+0x34]
J 6723 C1 javax.servlet.http.HttpServlet.service(Ljavax/servlet/http/HttpServletRequest;Ljavax/servlet/http/HttpServletResponse;)V (269 bytes) @ 0x0000000003b4e6f4 [0x0000000003b4e140+0x5b4]
J 6730 C1 org.springframework.web.servlet.FrameworkServlet.service(Ljavax/servlet/http/HttpServletRequest;Ljavax/servlet/http/HttpServletResponse;)V (37 bytes) @ 0x0000000003b57704 [0x0000000003b57580+0x184]
J 7075 C1 javax.servlet.http.HttpServlet.service(Ljavax/servlet/ServletRequest;Ljavax/servlet/ServletResponse;)V (40 bytes) @ 0x0000000003c0c9ec [0x0000000003c0c920+0xcc]
J 5499 C1 org.apache.catalina.core.ApplicationFilterChain.internalDoFilter(Ljavax/servlet/ServletRequest;Ljavax/servlet/ServletResponse;)V (388 bytes) @ 0x0000000003974fd4 [0x0000000003974dc0+0x214]
J 5498 C1 org.apache.catalina.core.ApplicationFilterChain.doFilter(Ljavax/servlet/ServletRequest;Ljavax/servlet/ServletResponse;)V (103 bytes) @ 0x0000000003974994 [0x0000000003974960+0x34]
J 6859 C1 org.apache.tomcat.websocket.server.WsFilter.doFilter(Ljavax/servlet/ServletRequest;Ljavax/servlet/ServletResponse;Ljavax/servlet/FilterChain;)V (139 bytes) @ 0x0000000003b8fb64 [0x0000000003b8f800+0x364]
J 5499 C1 org.apache.catalina.core.ApplicationFilterChain.internalDoFilter(Ljavax/servlet/ServletRequest;Ljavax/servlet/ServletResponse;)V (388 bytes) @ 0x00000000039751f4 [0x0000000003974dc0+0x434]
J 5498 C1 org.apache.catalina.core.ApplicationFilterChain.doFilter(Ljavax/servlet/ServletRequest;Ljavax/servlet/ServletResponse;)V (103 bytes) @ 0x0000000003974994 [0x0000000003974960+0x34]
J 7069 C1 org.springframework.web.filter.RequestContextFilter.doFilterInternal(Ljavax/servlet/http/HttpServletRequest;Ljavax/servlet/http/HttpServletResponse;Ljavax/servlet/FilterChain;)V (133 bytes) @ 0x0000000003c085c4 [0x0000000003c08320+0x2a4]
J 5827 C1 org.springframework.web.filter.OncePerRequestFilter.doFilter(Ljavax/servlet/ServletRequest;Ljavax/servlet/ServletResponse;Ljavax/servlet/FilterChain;)V (175 bytes) @ 0x00000000039e7ad4 [0x00000000039e7780+0x354]
J 5499 C1 org.apache.catalina.core.ApplicationFilterChain.internalDoFilter(Ljavax/servlet/ServletRequest;Ljavax/servlet/ServletResponse;)V (388 bytes) @ 0x00000000039751f4 [0x0000000003974dc0+0x434]
J 5498 C1 org.apache.catalina.core.ApplicationFilterChain.doFilter(Ljavax/servlet/ServletRequest;Ljavax/servlet/ServletResponse;)V (103 bytes) @ 0x0000000003974994 [0x0000000003974960+0x34]
j  org.springframework.web.filter.FormContentFilter.doFilterInternal(Ljavax/servlet/http/HttpServletRequest;Ljavax/servlet/http/HttpServletResponse;Ljavax/servlet/FilterChain;)V+38
J 5827 C1 org.springframework.web.filter.OncePerRequestFilter.doFilter(Ljavax/servlet/ServletRequest;Ljavax/servlet/ServletResponse;Ljavax/servlet/FilterChain;)V (175 bytes) @ 0x00000000039e7ad4 [0x00000000039e7780+0x354]
J 5499 C1 org.apache.catalina.core.ApplicationFilterChain.internalDoFilter(Ljavax/servlet/ServletRequest;Ljavax/servlet/ServletResponse;)V (388 bytes) @ 0x00000000039751f4 [0x0000000003974dc0+0x434]
J 5498 C1 org.apache.catalina.core.ApplicationFilterChain.doFilter(Ljavax/servlet/ServletRequest;Ljavax/servlet/ServletResponse;)V (103 bytes) @ 0x0000000003974994 [0x0000000003974960+0x34]
j  org.springframework.web.filter.CharacterEncodingFilter.doFilterInternal(Ljavax/servlet/http/HttpServletRequest;Ljavax/servlet/http/HttpServletResponse;Ljavax/servlet/FilterChain;)V+53
J 5827 C1 org.springframework.web.filter.OncePerRequestFilter.doFilter(Ljavax/servlet/ServletRequest;Ljavax/servlet/ServletResponse;Ljavax/servlet/FilterChain;)V (175 bytes) @ 0x00000000039e7ad4 [0x00000000039e7780+0x354]
J 5499 C1 org.apache.catalina.core.ApplicationFilterChain.internalDoFilter(Ljavax/servlet/ServletRequest;Ljavax/servlet/ServletResponse;)V (388 bytes) @ 0x00000000039751f4 [0x0000000003974dc0+0x434]
J 5498 C1 org.apache.catalina.core.ApplicationFilterChain.doFilter(Ljavax/servlet/ServletRequest;Ljavax/servlet/ServletResponse;)V (103 bytes) @ 0x0000000003974994 [0x0000000003974960+0x34]
j  org.apache.catalina.core.StandardWrapperValve.invoke(Lorg/apache/catalina/connector/Request;Lorg/apache/catalina/connector/Response;)V+694
j  org.apache.catalina.core.StandardContextValve.invoke(Lorg/apache/catalina/connector/Request;Lorg/apache/catalina/connector/Response;)V+169
j  org.apache.catalina.authenticator.AuthenticatorBase.invoke(Lorg/apache/catalina/connector/Request;Lorg/apache/catalina/connector/Response;)V+260
j  org.apache.catalina.core.StandardHostValve.invoke(Lorg/apache/catalina/connector/Request;Lorg/apache/catalina/connector/Response;)V+128
j  org.apache.catalina.valves.ErrorReportValve.invoke(Lorg/apache/catalina/connector/Request;Lorg/apache/catalina/connector/Response;)V+6
j  org.apache.catalina.core.StandardEngineValve.invoke(Lorg/apache/catalina/connector/Request;Lorg/apache/catalina/connector/Response;)V+59
j  org.apache.catalina.connector.CoyoteAdapter.service(Lorg/apache/coyote/Request;Lorg/apache/coyote/Response;)V+199
j  org.apache.coyote.http11.Http11Processor.service(Lorg/apache/tomcat/util/net/SocketWrapperBase;)Lorg/apache/tomcat/util/net/AbstractEndpoint$Handler$SocketState;+737
j  org.apache.coyote.AbstractProcessorLight.process(Lorg/apache/tomcat/util/net/SocketWrapperBase;Lorg/apache/tomcat/util/net/SocketEvent;)Lorg/apache/tomcat/util/net/AbstractEndpoint$Handler$SocketState;+170
j  org.apache.coyote.AbstractProtocol$ConnectionHandler.process(Lorg/apache/tomcat/util/net/SocketWrapperBase;Lorg/apache/tomcat/util/net/SocketEvent;)Lorg/apache/tomcat/util/net/AbstractEndpoint$Handler$SocketState;+505
j  org.apache.tomcat.util.net.NioEndpoint$SocketProcessor.doRun()V+216
j  org.apache.tomcat.util.net.SocketProcessorBase.run()V+21
j  java.util.concurrent.ThreadPoolExecutor.runWorker(Ljava/util/concurrent/ThreadPoolExecutor$Worker;)V+95
j  java.util.concurrent.ThreadPoolExecutor$Worker.run()V+5
j  org.apache.tomcat.util.threads.TaskThread$WrappingRunnable.run()V+4
j  java.lang.Thread.run()V+11
v  ~StubRoutines::call_stub

---------------  P R O C E S S  ---------------

Java Threads: ( => current thread )
  0x000000001e31e800 JavaThread "lettuce-eventExecutorLoop-1-8" daemon [_thread_blocked, id=8036, stack(0x00000000406d0000,0x00000000407d0000)]
  0x000000001e322800 JavaThread "lettuce-eventExecutorLoop-1-7" daemon [_thread_blocked, id=8060, stack(0x00000000405d0000,0x00000000406d0000)]
  0x000000001e237000 JavaThread "lettuce-eventExecutorLoop-1-6" daemon [_thread_blocked, id=12328, stack(0x00000000404d0000,0x00000000405d0000)]
  0x000000001e236800 JavaThread "lettuce-eventExecutorLoop-1-5" daemon [_thread_blocked, id=20436, stack(0x00000000403d0000,0x00000000404d0000)]
  0x000000001e235000 JavaThread "lettuce-eventExecutorLoop-1-4" daemon [_thread_blocked, id=4016, stack(0x00000000402d0000,0x00000000403d0000)]
  0x000000001e235800 JavaThread "Java2D Disposer" daemon [_thread_blocked, id=21264, stack(0x000000003ffd0000,0x00000000400d0000)]
  0x000000001e234000 JavaThread "idle_connection_reaper" daemon [_thread_blocked, id=6108, stack(0x000000003fed0000,0x000000003ffd0000)]
  0x000000001e232800 JavaThread "lettuce-eventExecutorLoop-1-3" daemon [_thread_blocked, id=5520, stack(0x000000003fdd0000,0x000000003fed0000)]
  0x000000001e231000 JavaThread "lettuce-eventExecutorLoop-1-2" daemon [_thread_blocked, id=20488, stack(0x0000000000c50000,0x0000000000d50000)]
  0x000000001e232000 JavaThread "lettuce-eventExecutorLoop-1-1" daemon [_thread_blocked, id=3448, stack(0x0000000022b40000,0x0000000022c40000)]
  0x000000001e233800 JavaThread "lettuce-nioEventLoop-4-1" daemon [_thread_in_native, id=15016, stack(0x0000000021730000,0x0000000021830000)]
  0x000000001e229800 JavaThread "DiscoveryClient-HeartbeatExecutor-0" daemon [_thread_blocked, id=20424, stack(0x0000000021430000,0x0000000021530000)]
  0x000000001e230800 JavaThread "DiscoveryClient-CacheRefreshExecutor-0" daemon [_thread_blocked, id=20864, stack(0x0000000021330000,0x0000000021430000)]
  0x000000001e229000 JavaThread "DestroyJavaVM" [_thread_blocked, id=18744, stack(0x0000000002c20000,0x0000000002d20000)]
  0x000000001e22f800 JavaThread "http-nio-8081-Acceptor" daemon [_thread_in_native, id=4988, stack(0x0000000020e30000,0x0000000020f30000)]
  0x000000001e228000 JavaThread "http-nio-8081-ClientPoller" daemon [_thread_in_native, id=14528, stack(0x0000000020d30000,0x0000000020e30000)]
  0x000000001e22e000 JavaThread "http-nio-8081-exec-10" daemon [_thread_in_native, id=17300, stack(0x0000000020c30000,0x0000000020d30000)]
  0x000000001e22b000 JavaThread "http-nio-8081-exec-9" daemon [_thread_in_native, id=18368, stack(0x0000000020b30000,0x0000000020c30000)]
  0x000000001e22d800 JavaThread "http-nio-8081-exec-8" daemon [_thread_in_native, id=18628, stack(0x0000000020a30000,0x0000000020b30000)]
  0x000000001e22c800 JavaThread "http-nio-8081-exec-7" daemon [_thread_blocked, id=2356, stack(0x0000000020930000,0x0000000020a30000)]
  0x000000001e22a800 JavaThread "http-nio-8081-exec-6" daemon [_thread_blocked, id=20492, stack(0x0000000020830000,0x0000000020930000)]
  0x000000001e22c000 JavaThread "http-nio-8081-exec-5" daemon [_thread_blocked, id=10408, stack(0x0000000020730000,0x0000000020830000)]
  0x000000001e22f000 JavaThread "http-nio-8081-exec-4" daemon [_thread_in_native, id=15544, stack(0x0000000020630000,0x0000000020730000)]
  0x000000001a99e800 JavaThread "http-nio-8081-exec-3" daemon [_thread_in_native, id=8116, stack(0x0000000020530000,0x0000000020630000)]
=>0x000000001a99d800 JavaThread "http-nio-8081-exec-2" daemon [_thread_in_native, id=7300, stack(0x0000000020430000,0x0000000020530000)]
  0x000000001a999000 JavaThread "http-nio-8081-exec-1" daemon [_thread_blocked, id=16960, stack(0x0000000020330000,0x0000000020430000)]
  0x000000001a99c000 JavaThread "http-nio-8081-BlockPoller" daemon [_thread_in_native, id=19804, stack(0x0000000020230000,0x0000000020330000)]
  0x000000001a99a800 JavaThread "DiscoveryClient-InstanceInfoReplicator-0" daemon [_thread_blocked, id=13848, stack(0x0000000020130000,0x0000000020230000)]
  0x000000001a99d000 JavaThread "DiscoveryClient-1" daemon [_thread_blocked, id=14536, stack(0x0000000020030000,0x0000000020130000)]
  0x000000001a99b800 JavaThread "DiscoveryClient-0" daemon [_thread_blocked, id=17600, stack(0x000000001fe30000,0x000000001ff30000)]
  0x000000001a998800 JavaThread "AsyncResolver-bootstrap-0" daemon [_thread_blocked, id=16904, stack(0x000000001f930000,0x000000001fa30000)]
  0x000000001a99a000 JavaThread "spring.cloud.inetutils" daemon [_thread_blocked, id=14480, stack(0x000000001f630000,0x000000001f730000)]
  0x000000001db5a800 JavaThread "lettuce-timer-3-1" daemon [_thread_blocked, id=20244, stack(0x000000001ef30000,0x000000001f030000)]
  0x000000001c466800 JavaThread "container-0" [_thread_blocked, id=15424, stack(0x000000001ec30000,0x000000001ed30000)]
  0x000000001c460800 JavaThread "Catalina-utility-2" [_thread_blocked, id=19156, stack(0x000000001eb30000,0x000000001ec30000)]
  0x000000001c460000 JavaThread "Catalina-utility-1" [_thread_blocked, id=20212, stack(0x000000001ea30000,0x000000001eb30000)]
  0x000000001aa38800 JavaThread "Service Thread" daemon [_thread_blocked, id=15344, stack(0x000000001b2e0000,0x000000001b3e0000)]
  0x000000001a997800 JavaThread "C1 CompilerThread3" daemon [_thread_blocked, id=10632, stack(0x000000001b1e0000,0x000000001b2e0000)]
  0x000000001a98e000 JavaThread "C2 CompilerThread2" daemon [_thread_blocked, id=7356, stack(0x000000001b0e0000,0x000000001b1e0000)]
  0x000000001a98b000 JavaThread "C2 CompilerThread1" daemon [_thread_blocked, id=18228, stack(0x000000001afe0000,0x000000001b0e0000)]
  0x000000001a984800 JavaThread "C2 CompilerThread0" daemon [_thread_blocked, id=3584, stack(0x000000001aee0000,0x000000001afe0000)]
  0x000000001a978800 JavaThread "Monitor Ctrl-Break" daemon [_thread_in_native, id=12236, stack(0x000000001ade0000,0x000000001aee0000)]
  0x0000000019db1800 JavaThread "Attach Listener" daemon [_thread_blocked, id=20284, stack(0x000000001a4d0000,0x000000001a5d0000)]
  0x0000000019e0b000 JavaThread "Signal Dispatcher" daemon [_thread_blocked, id=14656, stack(0x000000001a3d0000,0x000000001a4d0000)]
  0x0000000019d90800 JavaThread "Finalizer" daemon [_thread_blocked, id=18444, stack(0x000000001a270000,0x000000001a370000)]
  0x0000000017f8f800 JavaThread "Reference Handler" daemon [_thread_blocked, id=5196, stack(0x000000001a170000,0x000000001a270000)]

Other Threads:
  0x0000000017f86800 VMThread [stack: 0x0000000019c70000,0x0000000019d70000] [id=18476]
  0x000000001aa3b800 WatcherThread [stack: 0x000000001b3e0000,0x000000001b4e0000] [id=8416]

VM state:not at safepoint (normal execution)

VM Mutex/Monitor currently owned by a thread: None

heap address: 0x0000000081200000, size: 2030 MB, Compressed Oops mode: 32-bit
Narrow klass base: 0x0000000000000000, Narrow klass shift: 3
Compressed class space size: 1073741824 Address: 0x0000000100000000

Heap:
 PSYoungGen      total 505856K, used 257293K [0x00000000d5b80000, 0x00000000fc180000, 0x0000000100000000)
  eden space 472064K, 53% used [0x00000000d5b80000,0x00000000e530d538,0x00000000f2880000)
  from space 33792K, 11% used [0x00000000f2880000,0x00000000f2c360e8,0x00000000f4980000)
  to   space 32768K, 0% used [0x00000000fa180000,0x00000000fa180000,0x00000000fc180000)
 ParOldGen       total 140288K, used 59506K [0x0000000081200000, 0x0000000089b00000, 0x00000000d5b80000)
  object space 140288K, 42% used [0x0000000081200000,0x0000000084c1c920,0x0000000089b00000)
 Metaspace       used 54464K, capacity 58120K, committed 58328K, reserved 1099776K
  class space    used 7437K, capacity 8110K, committed 8192K, reserved 1048576K

Card table byte_map: [0x0000000012350000,0x0000000012750000] byte_map_base: 0x0000000011f47000

Marking Bits: (ParMarkBitMap*) 0x00000000606e4ce0
 Begin Bits: [0x0000000013200000, 0x00000000151b8000)
 End Bits:   [0x00000000151b8000, 0x0000000017170000)

Polling page: 0x0000000000fb0000

CodeCache: size=245760Kb used=12943Kb max_used=12943Kb free=232817Kb
 bounds [0x0000000002f90000, 0x0000000003c40000, 0x0000000011f90000]
 total_blobs=7584 nmethods=6989 adapters=506
 compilation: enabled

Compilation events (10 events):
Event: 135.180 Thread 0x000000001a997800 7125   !   1       org.apache.tomcat.util.buf.UDecoder::URLDecode (260 bytes)
Event: 135.183 Thread 0x000000001a997800 nmethod 7125 0x0000000003c32190 code [0x0000000003c32520, 0x0000000003c33fb8]
Event: 135.183 Thread 0x000000001a997800 7126       1       org.springframework.http.HttpStatus::value (5 bytes)
Event: 135.183 Thread 0x000000001a997800 nmethod 7126 0x0000000003c35d90 code [0x0000000003c35ee0, 0x0000000003c35ff0]
Event: 135.183 Thread 0x000000001a997800 7127       1       java.text.DecimalFormatSymbols::getGroupingSeparator (5 bytes)
Event: 135.183 Thread 0x000000001a997800 nmethod 7127 0x0000000003c36050 code [0x0000000003c361a0, 0x0000000003c362b0]
Event: 135.183 Thread 0x000000001a997800 7128       1       java.text.DecimalFormatSymbols::getDecimalSeparator (5 bytes)
Event: 135.183 Thread 0x000000001a997800 nmethod 7128 0x0000000003c36310 code [0x0000000003c36460, 0x0000000003c36570]
Event: 135.196 Thread 0x000000001a997800 7129       1       org.springframework.util.LinkedCaseInsensitiveMap::put (10 bytes)
Event: 135.196 Thread 0x000000001a997800 nmethod 7129 0x0000000003c365d0 code [0x0000000003c36740, 0x0000000003c368a8]

GC Heap History (10 events):
Event: 71.612 GC heap before
{Heap before GC invocations=14 (full 3):
 PSYoungGen      total 314368K, used 16871K [0x00000000d5b80000, 0x00000000f1400000, 0x0000000100000000)
  eden space 297472K, 0% used [0x00000000d5b80000,0x00000000d5b80000,0x00000000e7e00000)
  from space 16896K, 99% used [0x00000000e7e00000,0x00000000e8e79e30,0x00000000e8e80000)
  to   space 33792K, 0% used [0x00000000ef300000,0x00000000ef300000,0x00000000f1400000)
 ParOldGen       total 78848K, used 60946K [0x0000000081200000, 0x0000000085f00000, 0x00000000d5b80000)
  object space 78848K, 77% used [0x0000000081200000,0x0000000084d84860,0x0000000085f00000)
 Metaspace       used 54028K, capacity 57652K, committed 57944K, reserved 1099776K
  class space    used 7380K, capacity 8030K, committed 8064K, reserved 1048576K
Event: 71.723 GC heap after
Heap after GC invocations=14 (full 3):
 PSYoungGen      total 314368K, used 0K [0x00000000d5b80000, 0x00000000f1400000, 0x0000000100000000)
  eden space 297472K, 0% used [0x00000000d5b80000,0x00000000d5b80000,0x00000000e7e00000)
  from space 16896K, 0% used [0x00000000e7e00000,0x00000000e7e00000,0x00000000e8e80000)
  to   space 33792K, 0% used [0x00000000ef300000,0x00000000ef300000,0x00000000f1400000)
 ParOldGen       total 140288K, used 47424K [0x0000000081200000, 0x0000000089b00000, 0x00000000d5b80000)
  object space 140288K, 33% used [0x0000000081200000,0x00000000840500d0,0x0000000089b00000)
 Metaspace       used 54028K, capacity 57652K, committed 57944K, reserved 1099776K
  class space    used 7380K, capacity 8030K, committed 8064K, reserved 1048576K
}
Event: 96.226 GC heap before
{Heap before GC invocations=15 (full 3):
 PSYoungGen      total 314368K, used 297453K [0x00000000d5b80000, 0x00000000f1400000, 0x0000000100000000)
  eden space 297472K, 99% used [0x00000000d5b80000,0x00000000e7dfb518,0x00000000e7e00000)
  from space 16896K, 0% used [0x00000000e7e00000,0x00000000e7e00000,0x00000000e8e80000)
  to   space 33792K, 0% used [0x00000000ef300000,0x00000000ef300000,0x00000000f1400000)
 ParOldGen       total 140288K, used 47424K [0x0000000081200000, 0x0000000089b00000, 0x00000000d5b80000)
  object space 140288K, 33% used [0x0000000081200000,0x00000000840500d0,0x0000000089b00000)
 Metaspace       used 54332K, capacity 57974K, committed 58072K, reserved 1099776K
  class space    used 7432K, capacity 8107K, committed 8192K, reserved 1048576K
Event: 96.232 GC heap after
Heap after GC invocations=15 (full 3):
 PSYoungGen      total 417280K, used 18886K [0x00000000d5b80000, 0x00000000f1b00000, 0x0000000100000000)
  eden space 383488K, 0% used [0x00000000d5b80000,0x00000000d5b80000,0x00000000ed200000)
  from space 33792K, 55% used [0x00000000ef300000,0x00000000f0571bd0,0x00000000f1400000)
  to   space 33792K, 0% used [0x00000000ed200000,0x00000000ed200000,0x00000000ef300000)
 ParOldGen       total 140288K, used 47432K [0x0000000081200000, 0x0000000089b00000, 0x00000000d5b80000)
  object space 140288K, 33% used [0x0000000081200000,0x00000000840520d0,0x0000000089b00000)
 Metaspace       used 54332K, capacity 57974K, committed 58072K, reserved 1099776K
  class space    used 7432K, capacity 8107K, committed 8192K, reserved 1048576K
}
Event: 106.055 GC heap before
{Heap before GC invocations=16 (full 3):
 PSYoungGen      total 417280K, used 402374K [0x00000000d5b80000, 0x00000000f1b00000, 0x0000000100000000)
  eden space 383488K, 100% used [0x00000000d5b80000,0x00000000ed200000,0x00000000ed200000)
  from space 33792K, 55% used [0x00000000ef300000,0x00000000f0571bd0,0x00000000f1400000)
  to   space 33792K, 0% used [0x00000000ed200000,0x00000000ed200000,0x00000000ef300000)
 ParOldGen       total 140288K, used 47432K [0x0000000081200000, 0x0000000089b00000, 0x00000000d5b80000)
  object space 140288K, 33% used [0x0000000081200000,0x00000000840520d0,0x0000000089b00000)
 Metaspace       used 54372K, capacity 58044K, committed 58328K, reserved 1099776K
  class space    used 7433K, capacity 8108K, committed 8192K, reserved 1048576K
Event: 106.060 GC heap after
Heap after GC invocations=16 (full 3):
 PSYoungGen      total 417280K, used 1459K [0x00000000d5b80000, 0x00000000f7b00000, 0x0000000100000000)
  eden space 383488K, 0% used [0x00000000d5b80000,0x00000000d5b80000,0x00000000ed200000)
  from space 33792K, 4% used [0x00000000ed200000,0x00000000ed36cc80,0x00000000ef300000)
  to   space 34304K, 0% used [0x00000000f5980000,0x00000000f5980000,0x00000000f7b00000)
 ParOldGen       total 140288K, used 59490K [0x0000000081200000, 0x0000000089b00000, 0x00000000d5b80000)
  object space 140288K, 42% used [0x0000000081200000,0x0000000084c18920,0x0000000089b00000)
 Metaspace       used 54372K, capacity 58044K, committed 58328K, reserved 1099776K
  class space    used 7433K, capacity 8108K, committed 8192K, reserved 1048576K
}
Event: 116.417 GC heap before
{Heap before GC invocations=17 (full 3):
 PSYoungGen      total 417280K, used 384947K [0x00000000d5b80000, 0x00000000f7b00000, 0x0000000100000000)
  eden space 383488K, 100% used [0x00000000d5b80000,0x00000000ed200000,0x00000000ed200000)
  from space 33792K, 4% used [0x00000000ed200000,0x00000000ed36cc80,0x00000000ef300000)
  to   space 34304K, 0% used [0x00000000f5980000,0x00000000f5980000,0x00000000f7b00000)
 ParOldGen       total 140288K, used 59490K [0x0000000081200000, 0x0000000089b00000, 0x00000000d5b80000)
  object space 140288K, 42% used [0x0000000081200000,0x0000000084c18920,0x0000000089b00000)
 Metaspace       used 54432K, capacity 58114K, committed 58328K, reserved 1099776K
  class space    used 7434K, capacity 8109K, committed 8192K, reserved 1048576K
Event: 116.420 GC heap after
Heap after GC invocations=17 (full 3):
 PSYoungGen      total 489472K, used 3151K [0x00000000d5b80000, 0x00000000f6a80000, 0x0000000100000000)
  eden space 472064K, 0% used [0x00000000d5b80000,0x00000000d5b80000,0x00000000f2880000)
  from space 17408K, 18% used [0x00000000f5980000,0x00000000f5c93d78,0x00000000f6a80000)
  to   space 33792K, 0% used [0x00000000f2880000,0x00000000f2880000,0x00000000f4980000)
 ParOldGen       total 140288K, used 59498K [0x0000000081200000, 0x0000000089b00000, 0x00000000d5b80000)
  object space 140288K, 42% used [0x0000000081200000,0x0000000084c1a920,0x0000000089b00000)
 Metaspace       used 54432K, capacity 58114K, committed 58328K, reserved 1099776K
  class space    used 7434K, capacity 8109K, committed 8192K, reserved 1048576K
}
Event: 131.973 GC heap before
{Heap before GC invocations=18 (full 3):
 PSYoungGen      total 489472K, used 475215K [0x00000000d5b80000, 0x00000000f6a80000, 0x0000000100000000)
  eden space 472064K, 100% used [0x00000000d5b80000,0x00000000f2880000,0x00000000f2880000)
  from space 17408K, 18% used [0x00000000f5980000,0x00000000f5c93d78,0x00000000f6a80000)
  to   space 33792K, 0% used [0x00000000f2880000,0x00000000f2880000,0x00000000f4980000)
 ParOldGen       total 140288K, used 59498K [0x0000000081200000, 0x0000000089b00000, 0x00000000d5b80000)
  object space 140288K, 42% used [0x0000000081200000,0x0000000084c1a920,0x0000000089b00000)
 Metaspace       used 54459K, capacity 58120K, committed 58328K, reserved 1099776K
  class space    used 7435K, capacity 8110K, committed 8192K, reserved 1048576K
Event: 131.976 GC heap after
Heap after GC invocations=18 (full 3):
 PSYoungGen      total 505856K, used 3800K [0x00000000d5b80000, 0x00000000fc180000, 0x0000000100000000)
  eden space 472064K, 0% used [0x00000000d5b80000,0x00000000d5b80000,0x00000000f2880000)
  from space 33792K, 11% used [0x00000000f2880000,0x00000000f2c360e8,0x00000000f4980000)
  to   space 32768K, 0% used [0x00000000fa180000,0x00000000fa180000,0x00000000fc180000)
 ParOldGen       total 140288K, used 59506K [0x0000000081200000, 0x0000000089b00000, 0x00000000d5b80000)
  object space 140288K, 42% used [0x0000000081200000,0x0000000084c1c920,0x0000000089b00000)
 Metaspace       used 54459K, capacity 58120K, committed 58328K, reserved 1099776K
  class space    used 7435K, capacity 8110K, committed 8192K, reserved 1048576K
}

Deoptimization events (0 events):
No events

Classes redefined (0 events):
No events

Internal exceptions (10 events):
Event: 105.602 Thread 0x000000001e22c000 Exception <a 'java/io/IOException'> (0x00000000ebea2030) thrown at [C:\re\workspace\8-2-build-windows-amd64-cygwin\jdk8u201\12322\hotspot\src\share\vm\prims\jni.cpp, line 709]
Event: 106.412 Thread 0x000000001a999000 Exception <a 'java/io/IOException'> (0x00000000d623b0a0) thrown at [C:\re\workspace\8-2-build-windows-amd64-cygwin\jdk8u201\12322\hotspot\src\share\vm\prims\jni.cpp, line 709]
Event: 107.894 Thread 0x000000001e22b000 Exception <a 'java/io/IOException'> (0x00000000dc083bf0) thrown at [C:\re\workspace\8-2-build-windows-amd64-cygwin\jdk8u201\12322\hotspot\src\share\vm\prims\jni.cpp, line 709]
Event: 109.314 Thread 0x000000001e22e000 Exception <a 'java/io/IOException'> (0x00000000df8dd330) thrown at [C:\re\workspace\8-2-build-windows-amd64-cygwin\jdk8u201\12322\hotspot\src\share\vm\prims\jni.cpp, line 709]
Event: 109.314 Thread 0x000000001e22b000 Exception <a 'java/io/IOException'> (0x00000000defd2c40) thrown at [C:\re\workspace\8-2-build-windows-amd64-cygwin\jdk8u201\12322\hotspot\src\share\vm\prims\jni.cpp, line 709]
Event: 110.332 Thread 0x000000001e22a800 Exception <a 'java/io/IOException'> (0x00000000e26ea070) thrown at [C:\re\workspace\8-2-build-windows-amd64-cygwin\jdk8u201\12322\hotspot\src\share\vm\prims\jni.cpp, line 709]
Event: 121.692 Thread 0x000000001e22b000 Exception <a 'java/io/IOException'> (0x00000000e22fcaf8) thrown at [C:\re\workspace\8-2-build-windows-amd64-cygwin\jdk8u201\12322\hotspot\src\share\vm\prims\jni.cpp, line 709]
Event: 124.152 Thread 0x000000001e22e000 Exception <a 'java/io/IOException'> (0x00000000e4cf32b8) thrown at [C:\re\workspace\8-2-build-windows-amd64-cygwin\jdk8u201\12322\hotspot\src\share\vm\prims\jni.cpp, line 709]
Event: 128.815 Thread 0x000000001e230800 Exception <a 'java/net/SocketTimeoutException': Read timed out> (0x00000000edf09998) thrown at [C:\re\workspace\8-2-build-windows-amd64-cygwin\jdk8u201\12322\hotspot\src\share\vm\prims\jni.cpp, line 735]
Event: 128.831 Thread 0x000000001e229800 Exception <a 'java/net/SocketTimeoutException': Read timed out> (0x00000000edfcbc20) thrown at [C:\re\workspace\8-2-build-windows-amd64-cygwin\jdk8u201\12322\hotspot\src\share\vm\prims\jni.cpp, line 735]

Events (10 events):
Event: 135.167 loading class sun/reflect/GeneratedMethodAccessor65
Event: 135.167 loading class sun/reflect/GeneratedMethodAccessor65 done
Event: 135.169 loading class sun/reflect/GeneratedMethodAccessor65
Event: 135.169 loading class sun/reflect/GeneratedMethodAccessor65 done
Event: 135.177 loading class sun/reflect/GeneratedMethodAccessor65
Event: 135.177 loading class sun/reflect/GeneratedMethodAccessor65 done
Event: 135.179 loading class sun/reflect/GeneratedMethodAccessor65
Event: 135.179 loading class sun/reflect/GeneratedMethodAccessor65 done
Event: 135.180 loading class sun/reflect/GeneratedMethodAccessor65
Event: 135.180 loading class sun/reflect/GeneratedMethodAccessor65 done


Dynamic libraries:
0x00007ff713090000 - 0x00007ff7130c7000 	C:\Program Files\Java\jdk1.8.0_201\bin\java.exe
0x00007ff887a10000 - 0x00007ff887c05000 	C:\WINDOWS\SYSTEM32\ntdll.dll
0x00007ff8864c0000 - 0x00007ff88657e000 	C:\WINDOWS\System32\KERNEL32.DLL
0x00007ff885450000 - 0x00007ff885719000 	C:\WINDOWS\System32\KERNELBASE.dll
0x00007ff886580000 - 0x00007ff88662c000 	C:\WINDOWS\System32\ADVAPI32.dll
0x00007ff885ea0000 - 0x00007ff885f3e000 	C:\WINDOWS\System32\msvcrt.dll
0x00007ff885d10000 - 0x00007ff885dab000 	C:\WINDOWS\System32\sechost.dll
0x00007ff8871f0000 - 0x00007ff88731a000 	C:\WINDOWS\System32\RPCRT4.dll
0x00007ff8876c0000 - 0x00007ff887861000 	C:\WINDOWS\System32\USER32.dll
0x00007ff885130000 - 0x00007ff885152000 	C:\WINDOWS\System32\win32u.dll
0x00007ff885a60000 - 0x00007ff885a8b000 	C:\WINDOWS\System32\GDI32.dll
0x00007ff885850000 - 0x00007ff88595b000 	C:\WINDOWS\System32\gdi32full.dll
0x00007ff8857b0000 - 0x00007ff88584d000 	C:\WINDOWS\System32\msvcp_win.dll
0x00007ff885960000 - 0x00007ff885a60000 	C:\WINDOWS\System32\ucrtbase.dll
0x00007ff876790000 - 0x00007ff876a2a000 	C:\WINDOWS\WinSxS\amd64_microsoft.windows.common-controls_6595b64144ccf1df_6.0.19041.1110_none_60b5254171f9507e\COMCTL32.dll
0x00007ff8879a0000 - 0x00007ff8879d0000 	C:\WINDOWS\System32\IMM32.DLL
0x0000000061560000 - 0x0000000061631000 	C:\Program Files\Java\jdk1.8.0_201\jre\bin\msvcr100.dll
0x000000005fec0000 - 0x0000000060764000 	C:\Program Files\Java\jdk1.8.0_201\jre\bin\server\jvm.dll
0x00007ff8864b0000 - 0x00007ff8864b8000 	C:\WINDOWS\System32\PSAPI.DLL
0x00007ff879f90000 - 0x00007ff879fb7000 	C:\WINDOWS\SYSTEM32\WINMM.dll
0x00007ff87ff20000 - 0x00007ff87ff29000 	C:\WINDOWS\SYSTEM32\WSOCK32.dll
0x00007ff886440000 - 0x00007ff8864ab000 	C:\WINDOWS\System32\WS2_32.dll
0x00007ff87c200000 - 0x00007ff87c20a000 	C:\WINDOWS\SYSTEM32\VERSION.dll
0x00007ff87e770000 - 0x00007ff87e77f000 	C:\Program Files\Java\jdk1.8.0_201\jre\bin\verify.dll
0x00007ff8647b0000 - 0x00007ff8647d9000 	C:\Program Files\Java\jdk1.8.0_201\jre\bin\java.dll
0x00007ff864180000 - 0x00007ff8641a3000 	C:\Program Files\Java\jdk1.8.0_201\jre\bin\instrument.dll
0x00007ff8649b0000 - 0x00007ff8649c6000 	C:\Program Files\Java\jdk1.8.0_201\jre\bin\zip.dll
0x00007ff886630000 - 0x00007ff886d6f000 	C:\WINDOWS\System32\SHELL32.dll
0x00007ff882e70000 - 0x00007ff883600000 	C:\WINDOWS\SYSTEM32\windows.storage.dll
0x00007ff885f40000 - 0x00007ff886295000 	C:\WINDOWS\System32\combase.dll
0x00007ff884b80000 - 0x00007ff884bac000 	C:\WINDOWS\SYSTEM32\Wldp.dll
0x00007ff886330000 - 0x00007ff8863dd000 	C:\WINDOWS\System32\SHCORE.dll
0x00007ff8862c0000 - 0x00007ff886315000 	C:\WINDOWS\System32\shlwapi.dll
0x00007ff885070000 - 0x00007ff88508f000 	C:\WINDOWS\SYSTEM32\profapi.dll
0x00007ff863ee0000 - 0x00007ff863efa000 	F:\subject\IDEA 2018_sssam.com\IntelliJ IDEA 2018.2.4\bin\breakgen64.dll
0x00007ff863e20000 - 0x00007ff863e3a000 	C:\Program Files\Java\jdk1.8.0_201\jre\bin\net.dll
0x00007ff8731d0000 - 0x00007ff8733bb000 	C:\WINDOWS\SYSTEM32\urlmon.dll
0x00007ff873750000 - 0x00007ff873a00000 	C:\WINDOWS\SYSTEM32\iertutil.dll
0x00007ff8731a0000 - 0x00007ff8731c8000 	C:\WINDOWS\SYSTEM32\srvcli.dll
0x00007ff8845c0000 - 0x00007ff8845cc000 	C:\WINDOWS\SYSTEM32\netutils.dll
0x00007ff8848e0000 - 0x00007ff88494a000 	C:\WINDOWS\system32\mswsock.dll
0x00007ff884580000 - 0x00007ff8845bb000 	C:\WINDOWS\SYSTEM32\IPHLPAPI.DLL
0x00007ff885e90000 - 0x00007ff885e98000 	C:\WINDOWS\System32\NSI.dll
0x00007ff87a5b0000 - 0x00007ff87a5c7000 	C:\WINDOWS\SYSTEM32\dhcpcsvc6.DLL
0x00007ff87aee0000 - 0x00007ff87aefd000 	C:\WINDOWS\SYSTEM32\dhcpcsvc.DLL
0x00007ff8845d0000 - 0x00007ff88469c000 	C:\WINDOWS\SYSTEM32\DNSAPI.dll
0x00007ff87c210000 - 0x00007ff87c21a000 	C:\Windows\System32\rasadhlp.dll
0x00007ff873d50000 - 0x00007ff873dcf000 	C:\WINDOWS\System32\fwpuclnt.dll
0x00007ff885210000 - 0x00007ff885237000 	C:\WINDOWS\System32\bcrypt.dll
0x00007ff87e440000 - 0x00007ff87e44d000 	C:\Program Files\Java\jdk1.8.0_201\jre\bin\management.dll
0x00007ff867c90000 - 0x00007ff867ca7000 	C:\WINDOWS\system32\napinsp.dll
0x00007ff867c70000 - 0x00007ff867c8b000 	C:\WINDOWS\system32\pnrpnsp.dll
0x00007ff87f450000 - 0x00007ff87f465000 	C:\WINDOWS\system32\wshbth.dll
0x00007ff87fe80000 - 0x00007ff87fe9d000 	C:\WINDOWS\system32\NLAapi.dll
0x00007ff867bd0000 - 0x00007ff867be2000 	C:\WINDOWS\System32\winrnr.dll
0x00007ff863e00000 - 0x00007ff863e11000 	C:\Program Files\Java\jdk1.8.0_201\jre\bin\nio.dll
0x00007ff884ad0000 - 0x00007ff884ae8000 	C:\WINDOWS\SYSTEM32\CRYPTSP.dll
0x00007ff8841f0000 - 0x00007ff884224000 	C:\WINDOWS\system32\rsaenh.dll
0x00007ff885030000 - 0x00007ff88505e000 	C:\WINDOWS\SYSTEM32\USERENV.dll
0x00007ff885720000 - 0x00007ff8857a3000 	C:\WINDOWS\System32\bcryptprimitives.dll
0x00007ff884af0000 - 0x00007ff884afc000 	C:\WINDOWS\SYSTEM32\CRYPTBASE.dll
0x00007ff85f840000 - 0x00007ff85f864000 	C:\Program Files\Java\jdk1.8.0_201\jre\bin\sunec.dll
0x00007ff82b690000 - 0x00007ff82e4cd000 	C:\Users\lenovo\Desktop\人脸识别\Face-recognition-main\ArcSoft_ArcFace_Java_Windows_x64_V3.0\libs\WIN64\libarcsoft_face.dll
0x00007ff86b150000 - 0x00007ff86b23f000 	C:\WINDOWS\SYSTEM32\MSVCR120.dll
0x00007ff86b240000 - 0x00007ff86b2e6000 	C:\WINDOWS\SYSTEM32\MSVCP120.dll
0x00007ff83f030000 - 0x00007ff83f0af000 	C:\Users\lenovo\Desktop\人脸识别\Face-recognition-main\ArcSoft_ArcFace_Java_Windows_x64_V3.0\libs\WIN64\libarcsoft_face_engine.dll
0x00007ff8863e0000 - 0x00007ff886436000 	C:\WINDOWS\System32\WLDAP32.dll
0x00007ff8568a0000 - 0x00007ff8568c5000 	C:\Users\lenovo\Desktop\人脸识别\Face-recognition-main\ArcSoft_ArcFace_Java_Windows_x64_V3.0\libs\WIN64\libarcsoft_face_engine_jni.dll
0x00007ff83ed60000 - 0x00007ff83eef9000 	C:\Program Files\Java\jdk1.8.0_201\jre\bin\awt.dll
0x00007ff887320000 - 0x00007ff8873ed000 	C:\WINDOWS\System32\OLEAUT32.dll
0x00007ff881790000 - 0x00007ff881820000 	C:\WINDOWS\SYSTEM32\apphelp.dll
0x00007ff852ef0000 - 0x00007ff852f21000 	C:\Program Files\Java\jdk1.8.0_201\jre\bin\jpeg.dll
0x00007ff8412c0000 - 0x00007ff8412fe000 	C:\Program Files\Java\jdk1.8.0_201\jre\bin\lcms.dll
0x00007ff8836d0000 - 0x00007ff8838b4000 	C:\WINDOWS\SYSTEM32\dbghelp.dll

VM Arguments:
jvm_args: -XX:CompileCommand=exclude,org/hibernate/cfg/annotations/SimpleValueBinder.setType -XX:TieredStopAtLevel=1 -Xverify:none -Dspring.output.ansi.enabled=always -javaagent:F:\subject\IDEA 2018_sssam.com\IntelliJ IDEA 2018.2.4\lib\idea_rt.jar=49611:F:\subject\IDEA 2018_sssam.com\IntelliJ IDEA 2018.2.4\bin -Dfile.encoding=UTF-8 
java_command: com.tangcheng.face_corn.FaceCornApplication
java_class_path (initial): C:\Program Files\Java\jdk1.8.0_201\jre\lib\charsets.jar;C:\Program Files\Java\jdk1.8.0_201\jre\lib\deploy.jar;C:\Program Files\Java\jdk1.8.0_201\jre\lib\ext\access-bridge-64.jar;C:\Program Files\Java\jdk1.8.0_201\jre\lib\ext\cldrdata.jar;C:\Program Files\Java\jdk1.8.0_201\jre\lib\ext\dnsns.jar;C:\Program Files\Java\jdk1.8.0_201\jre\lib\ext\jaccess.jar;C:\Program Files\Java\jdk1.8.0_201\jre\lib\ext\jfxrt.jar;C:\Program Files\Java\jdk1.8.0_201\jre\lib\ext\localedata.jar;C:\Program Files\Java\jdk1.8.0_201\jre\lib\ext\nashorn.jar;C:\Program Files\Java\jdk1.8.0_201\jre\lib\ext\sunec.jar;C:\Program Files\Java\jdk1.8.0_201\jre\lib\ext\sunjce_provider.jar;C:\Program Files\Java\jdk1.8.0_201\jre\lib\ext\sunmscapi.jar;C:\Program Files\Java\jdk1.8.0_201\jre\lib\ext\sunpkcs11.jar;C:\Program Files\Java\jdk1.8.0_201\jre\lib\ext\zipfs.jar;C:\Program Files\Java\jdk1.8.0_201\jre\lib\javaws.jar;C:\Program Files\Java\jdk1.8.0_201\jre\lib\jce.jar;C:\Program Files\Java\jdk1.8.0_201\jre\lib\jfr.jar;C:\Program Files\Java\jdk1.8.0_201\jre\lib\jfxswt.jar;C:\Program Files\Java\jdk1.8.0_201\jre\lib\jsse.jar;C:\Program Files\Java\jdk1.8.0_201\jre\lib\management-agent.jar;C:\Program Files\Java\jdk1.8.0_201\jre\lib\plugin.jar;C:\Program Files\Java\jdk1.8.0_201\jre\lib\resources.jar;C:\Program Files\Java\jdk1.8.0_201\jre\lib\rt.jar;C:\Users\lenovo\Desktop\人脸识别\Face-recognition-main\facesystem\face_corn\target\classes;C:\Users\lenovo\Desktop\人脸识别\Face-recognition-main\facesystem\common\target\classes;F:\subject\JavaWeb\maven-l\org\projectlombok\lombok\1.18.20\lombok-1.18.20.jar;F:\subject\JavaWeb\maven-l\com\auth0\java-jwt\3.4.0\java-jwt-3.4.0.jar;F:\subject\JavaWeb\maven-l\com\fasterxml\jackson\core\jackson-databind\2.11.4\jackson-databind-2.11.4.jar;F:\subject\JavaWeb\maven-l\com\fasterxml\jackson\core\jackson-annotations\2.11.4\jackson-annotations-2.11.4.jar;F:\subject\JavaWeb\maven-l\com\fasterxml\jackson\core\jackson-core\2.11.4\jackson-core-2.11.4.jar;F:\s
Launcher Type: SUN_STANDARD

Environment Variables:
JAVA_HOME=C:\Program Files\Java\jdk1.8.0_201
CLASSPATH=.;C:\Program Files\Java\jdk1.8.0_201\lib\dt.jar,C:\Program Files\Java\jdk1.8.0_201\lib\tools.jar;F:\subject\JavaWeb\apache-tomcat-8.5.45\lib\servlet-api.jar
PATH=C:\Program Files (x86)\Common Files\Oracle\Java\javapath;C:\WINDOWS\system32;C:\WINDOWS;C:\WINDOWS\System32\Wbem;C:\WINDOWS\System32\WindowsPowerShell\v1.0\;C:\WINDOWS\System32\OpenSSH\;F:\subject\JavaWeb\apache-tomcat-8.5.45\bin;F:\subject\JavaWeb\apache-tomcat-8.5.45\lib;C:\Program Files\NVIDIA Corporation\NVIDIA NvDLISR;F:\subject\JavaWeb\apache-maven-3.3.9\bin;F:\subject\JavaWeb\Gradle\gradle-6.9.1\bin;F:\subject\JavaWeb\nodejs;C:\Program Files\Java\jdk1.8.0_201\bin;C:\Program Files\MySQL\MySQL Server 8.0\bin;F:\subject\JavaWeb\env\MongoDB\bin;C:\Users\lenovo\AppData\Local\Microsoft\WindowsApps;F:\subject\PyCharm\PyCharm Community Edition 2020.3.3\bin;;F:\subject\JavaWeb\Microsoft VS Code\bin;F:\subject\JavaWeb\nodejs\node_global;
USERNAME=lenovo
OS=Windows_NT
PROCESSOR_IDENTIFIER=Intel64 Family 6 Model 158 Stepping 10, GenuineIntel



---------------  S Y S T E M  ---------------

OS: Windows 10.0 , 64 bit Build 19041 (10.0.19041.1202)

CPU:total 8 (initial active 8) (4 cores per cpu, 2 threads per core) family 6 model 158 stepping 10, cmov, cx8, fxsr, mmx, sse, sse2, sse3, ssse3, sse4.1, sse4.2, popcnt, avx, avx2, aes, clmul, erms, 3dnowpref, lzcnt, ht, tsc, tscinvbit, bmi1, bmi2, adx

Memory: 4k page, physical 8306932k(455452k free), swap 18792692k(3140540k free)

vm_info: Java HotSpot(TM) 64-Bit Server VM (25.201-b09) for windows-amd64 JRE (1.8.0_201-b09), built on Dec 15 2018 18:36:39 by "java_re" with MS VC++ 10.0 (VS2010)

time: Sun Oct 31 20:47:01 2021
timezone: 中国标准时间
elapsed time: 135 seconds (0d 0h 2m 15s)

