#
# A fatal error has been detected by the Java Runtime Environment:
#
#  EXCEPTION_ACCESS_VIOLATION (0xc0000005) at pc=0x00007ffe4f61e0e5, pid=16524, tid=0x0000000000006fd0
#
# JRE version: Java(TM) SE Runtime Environment (8.0_201-b09) (build 1.8.0_201-b09)
# Java VM: Java HotSpot(TM) 64-Bit Server VM (25.201-b09 mixed mode windows-amd64 compressed oops)
# Problematic frame:
# C  [libarcsoft_face.dll+0xe0e5]
#
# Failed to write core dump. Minidumps are not enabled by default on client versions of Windows
#
# If you would like to submit a bug report, please visit:
#   http://bugreport.java.com/bugreport/crash.jsp
# The crash happened outside the Java Virtual Machine in native code.
# See problematic frame for where to report the bug.
#

---------------  T H R E A D  ---------------

Current thread (0x000000001bde0000):  JavaThread "http-nio-8081-exec-5" daemon [_thread_in_native, id=28624, stack(0x0000000021680000,0x0000000021880000)]

siginfo: ExceptionCode=0xc0000005, writing address 0xfffffffe26f9de60

Registers:
RAX=0x0000000000000077, RBX=0x0000000080002000, RCX=0x0000000000000062, RDX=0xffffffff80000000
RSP=0x000000002187cc10, RBP=0x0000000080000000, RSI=0x0000000000000140, RDI=0x0000000080000000
R8 =0x00000000000000ff, R9 =0x0000000000000000, R10=0x0000000080001000, R11=0x0000000026f9de60
R12=0x0000000000000040, R13=0x0000000000000040, R14=0x0000000000000000, R15=0x000000001e576440
RIP=0x00007ffe4f61e0e5, EFLAGS=0x0000000000010206

Top of Stack: (sp=0x000000002187cc10)
0x000000002187cc10:   0000000000000000 0000000000002000
0x000000002187cc20:   0000000000000010 0000000000000040
0x000000002187cc30:   0000000000000000 0000000026faa780
0x000000002187cc40:   000000002187cd50 00007ffe4f61c5f2
0x000000002187cc50:   0000000000000000 00007ffe4f6217a3
0x000000002187cc60:   00000000270056f0 0000000027005660
0x000000002187cc70:   0000000080000000 0000000000000062
0x000000002187cc80:   0000000000000077 000000000000007f
0x000000002187cc90:   0000000000000000 0000000000000000
0x000000002187cca0:   0000000000000040 00000000000003c0
0x000000002187ccb0:   0000000000000000 0000000000000000
0x000000002187ccc0:   0000000000000040 000000002187cde8
0x000000002187ccd0:   0000000000000000 0000000000000040
0x000000002187cce0:   0000000000000040 0000000026f9de60
0x000000002187ccf0:   000000002187d090 00007ffe4f61bf04
0x000000002187cd00:   0000000080000000 00007ffe000000f0 

Instructions: (pc=0x00007ffe4f61e0e5)
0x00007ffe4f61e0c5:   0f 4f c8 45 33 c9 85 c9 41 0f 48 c9 41 3b c0 41
0x00007ffe4f61e0d5:   0f 4f c0 85 c0 41 0f 48 c1 66 0f 6e c1 0f 5b c0
0x00007ffe4f61e0e5:   f3 41 0f 11 04 93 66 0f 6e c0 49 63 c2 0f 5b c0
0x00007ffe4f61e0f5:   f3 41 0f 11 04 83 8b 44 24 78 eb 51 83 f9 01 75 


Register to memory mapping:

RAX=0x0000000000000077 is an unknown value
RBX=0x0000000080002000 is an oop
java.lang.Class 
 - klass: 'java/lang/Class'
RCX=0x0000000000000062 is an unknown value
RDX=0xffffffff80000000 is an unknown value
RSP=0x000000002187cc10 is pointing into the stack for thread: 0x000000001bde0000
RBP=0x0000000080000000 is an oop
java.lang.String 
 - klass: 'java/lang/String'
RSI=0x0000000000000140 is an unknown value
RDI=0x0000000080000000 is an oop
java.lang.String 
 - klass: 'java/lang/String'
R8 =0x00000000000000ff is an unknown value
R9 =0x0000000000000000 is an unknown value
R10=0x0000000080001000 is pointing into object: 0x0000000080000f80
java.lang.Class 
 - klass: 'java/lang/Class'
R11=0x0000000026f9de60 is an unknown value
R12=0x0000000000000040 is an unknown value
R13=0x0000000000000040 is an unknown value
R14=0x0000000000000000 is an unknown value
R15=0x000000001e576440 is an unknown value


Stack: [0x0000000021680000,0x0000000021880000],  sp=0x000000002187cc10,  free space=2035k
Native frames: (J=compiled Java code, j=interpreted, Vv=VM code, C=native code)
C  [libarcsoft_face.dll+0xe0e5]
C  [libarcsoft_face.dll+0xc5f2]
C  [libarcsoft_face.dll+0xbf04]
C  [libarcsoft_face.dll+0x9049]
C  [libarcsoft_face.dll+0x89bc]
C  [libarcsoft_face.dll+0x7d0a]
C  [libarcsoft_face.dll+0x3c88]
C  [libarcsoft_face_engine.dll+0x58ca]
C  [libarcsoft_face_engine_jni.dll+0x18f6]
C  0x0000000002ba8c67

Java frames: (J=compiled Java code, j=interpreted, Vv=VM code)
j  com.arcsoft.face.FaceEngine.detectFaces(J[BIIII[Lcom/arcsoft/face/FaceInfo;)I+0
j  com.arcsoft.face.FaceEngine.detectFaces([BIILcom/arcsoft/face/enums/ImageFormat;Lcom/arcsoft/face/enums/DetectModel;Ljava/util/List;)I+107
j  com.arcsoft.face.FaceEngine.detectFaces([BIILcom/arcsoft/face/enums/ImageFormat;Ljava/util/List;)I+11
j  com.tangcheng.face_corn.service.impl.faceServiceImpl.facesearch(Ljava/io/InputStream;Ljava/util/List;)Ljava/lang/String;+45
j  com.tangcheng.face_corn.controller.faceController.facesearch(Ljava/lang/String;Ljava/util/List;)Lresult/Result;+22
v  ~StubRoutines::call_stub
J 1699  sun.reflect.NativeMethodAccessorImpl.invoke0(Ljava/lang/reflect/Method;Ljava/lang/Object;[Ljava/lang/Object;)Ljava/lang/Object; (0 bytes) @ 0x0000000002f239bf [0x0000000002f23940+0x7f]
J 1698 C1 sun.reflect.NativeMethodAccessorImpl.invoke(Ljava/lang/Object;[Ljava/lang/Object;)Ljava/lang/Object; (104 bytes) @ 0x0000000002f2521c [0x0000000002f24ea0+0x37c]
J 1607 C1 sun.reflect.DelegatingMethodAccessorImpl.invoke(Ljava/lang/Object;[Ljava/lang/Object;)Ljava/lang/Object; (10 bytes) @ 0x0000000002efc5e4 [0x0000000002efc5a0+0x44]
J 1606 C1 java.lang.reflect.Method.invoke(Ljava/lang/Object;[Ljava/lang/Object;)Ljava/lang/Object; (62 bytes) @ 0x0000000002efbb94 [0x0000000002efbaa0+0xf4]
j  org.springframework.web.method.support.InvocableHandlerMethod.doInvoke([Ljava/lang/Object;)Ljava/lang/Object;+32
j  org.springframework.web.method.support.InvocableHandlerMethod.invokeForRequest(Lorg/springframework/web/context/request/NativeWebRequest;Lorg/springframework/web/method/support/ModelAndViewContainer;[Ljava/lang/Object;)Ljava/lang/Object;+54
j  org.springframework.web.servlet.mvc.method.annotation.ServletInvocableHandlerMethod.invokeAndHandle(Lorg/springframework/web/context/request/ServletWebRequest;Lorg/springframework/web/method/support/ModelAndViewContainer;[Ljava/lang/Object;)V+4
j  org.springframework.web.servlet.mvc.method.annotation.RequestMappingHandlerAdapter.invokeHandlerMethod(Ljavax/servlet/http/HttpServletRequest;Ljavax/servlet/http/HttpServletResponse;Lorg/springframework/web/method/HandlerMethod;)Lorg/springframework/web/servlet/ModelAndView;+244
j  org.springframework.web.servlet.mvc.method.annotation.RequestMappingHandlerAdapter.handleInternal(Ljavax/servlet/http/HttpServletRequest;Ljavax/servlet/http/HttpServletResponse;Lorg/springframework/web/method/HandlerMethod;)Lorg/springframework/web/servlet/ModelAndView;+81
j  org.springframework.web.servlet.mvc.method.AbstractHandlerMethodAdapter.handle(Ljavax/servlet/http/HttpServletRequest;Ljavax/servlet/http/HttpServletResponse;Ljava/lang/Object;)Lorg/springframework/web/servlet/ModelAndView;+7
j  org.springframework.web.servlet.DispatcherServlet.doDispatch(Ljavax/servlet/http/HttpServletRequest;Ljavax/servlet/http/HttpServletResponse;)V+259
j  org.springframework.web.servlet.DispatcherServlet.doService(Ljavax/servlet/http/HttpServletRequest;Ljavax/servlet/http/HttpServletResponse;)V+241
j  org.springframework.web.servlet.FrameworkServlet.processRequest(Ljavax/servlet/http/HttpServletRequest;Ljavax/servlet/http/HttpServletResponse;)V+71
j  org.springframework.web.servlet.FrameworkServlet.doPost(Ljavax/servlet/http/HttpServletRequest;Ljavax/servlet/http/HttpServletResponse;)V+3
j  javax.servlet.http.HttpServlet.service(Ljavax/servlet/http/HttpServletRequest;Ljavax/servlet/http/HttpServletResponse;)V+149
j  org.springframework.web.servlet.FrameworkServlet.service(Ljavax/servlet/http/HttpServletRequest;Ljavax/servlet/http/HttpServletResponse;)V+33
j  javax.servlet.http.HttpServlet.service(Ljavax/servlet/ServletRequest;Ljavax/servlet/ServletResponse;)V+36
j  org.apache.catalina.core.ApplicationFilterChain.internalDoFilter(Ljavax/servlet/ServletRequest;Ljavax/servlet/ServletResponse;)V+304
j  org.apache.catalina.core.ApplicationFilterChain.doFilter(Ljavax/servlet/ServletRequest;Ljavax/servlet/ServletResponse;)V+99
j  org.apache.tomcat.websocket.server.WsFilter.doFilter(Ljavax/servlet/ServletRequest;Ljavax/servlet/ServletResponse;Ljavax/servlet/FilterChain;)V+21
j  org.apache.catalina.core.ApplicationFilterChain.internalDoFilter(Ljavax/servlet/ServletRequest;Ljavax/servlet/ServletResponse;)V+135
j  org.apache.catalina.core.ApplicationFilterChain.doFilter(Ljavax/servlet/ServletRequest;Ljavax/servlet/ServletResponse;)V+99
j  org.springframework.web.filter.RequestContextFilter.doFilterInternal(Ljavax/servlet/http/HttpServletRequest;Ljavax/servlet/http/HttpServletResponse;Ljavax/servlet/FilterChain;)V+21
j  org.springframework.web.filter.OncePerRequestFilter.doFilter(Ljavax/servlet/ServletRequest;Ljavax/servlet/ServletResponse;Ljavax/servlet/FilterChain;)V+147
j  org.apache.catalina.core.ApplicationFilterChain.internalDoFilter(Ljavax/servlet/ServletRequest;Ljavax/servlet/ServletResponse;)V+135
j  org.apache.catalina.core.ApplicationFilterChain.doFilter(Ljavax/servlet/ServletRequest;Ljavax/servlet/ServletResponse;)V+99
j  org.springframework.web.filter.FormContentFilter.doFilterInternal(Ljavax/servlet/http/HttpServletRequest;Ljavax/servlet/http/HttpServletResponse;Ljavax/servlet/FilterChain;)V+38
j  org.springframework.web.filter.OncePerRequestFilter.doFilter(Ljavax/servlet/ServletRequest;Ljavax/servlet/ServletResponse;Ljavax/servlet/FilterChain;)V+147
j  org.apache.catalina.core.ApplicationFilterChain.internalDoFilter(Ljavax/servlet/ServletRequest;Ljavax/servlet/ServletResponse;)V+135
j  org.apache.catalina.core.ApplicationFilterChain.doFilter(Ljavax/servlet/ServletRequest;Ljavax/servlet/ServletResponse;)V+99
j  org.springframework.web.filter.CharacterEncodingFilter.doFilterInternal(Ljavax/servlet/http/HttpServletRequest;Ljavax/servlet/http/HttpServletResponse;Ljavax/servlet/FilterChain;)V+53
j  org.springframework.web.filter.OncePerRequestFilter.doFilter(Ljavax/servlet/ServletRequest;Ljavax/servlet/ServletResponse;Ljavax/servlet/FilterChain;)V+147
j  org.apache.catalina.core.ApplicationFilterChain.internalDoFilter(Ljavax/servlet/ServletRequest;Ljavax/servlet/ServletResponse;)V+135
j  org.apache.catalina.core.ApplicationFilterChain.doFilter(Ljavax/servlet/ServletRequest;Ljavax/servlet/ServletResponse;)V+99
j  org.apache.catalina.core.StandardWrapperValve.invoke(Lorg/apache/catalina/connector/Request;Lorg/apache/catalina/connector/Response;)V+694
j  org.apache.catalina.core.StandardContextValve.invoke(Lorg/apache/catalina/connector/Request;Lorg/apache/catalina/connector/Response;)V+169
j  org.apache.catalina.authenticator.AuthenticatorBase.invoke(Lorg/apache/catalina/connector/Request;Lorg/apache/catalina/connector/Response;)V+260
j  org.apache.catalina.core.StandardHostValve.invoke(Lorg/apache/catalina/connector/Request;Lorg/apache/catalina/connector/Response;)V+128
j  org.apache.catalina.valves.ErrorReportValve.invoke(Lorg/apache/catalina/connector/Request;Lorg/apache/catalina/connector/Response;)V+6
j  org.apache.catalina.core.StandardEngineValve.invoke(Lorg/apache/catalina/connector/Request;Lorg/apache/catalina/connector/Response;)V+59
j  org.apache.catalina.connector.CoyoteAdapter.service(Lorg/apache/coyote/Request;Lorg/apache/coyote/Response;)V+199
j  org.apache.coyote.http11.Http11Processor.service(Lorg/apache/tomcat/util/net/SocketWrapperBase;)Lorg/apache/tomcat/util/net/AbstractEndpoint$Handler$SocketState;+737
j  org.apache.coyote.AbstractProcessorLight.process(Lorg/apache/tomcat/util/net/SocketWrapperBase;Lorg/apache/tomcat/util/net/SocketEvent;)Lorg/apache/tomcat/util/net/AbstractEndpoint$Handler$SocketState;+170
j  org.apache.coyote.AbstractProtocol$ConnectionHandler.process(Lorg/apache/tomcat/util/net/SocketWrapperBase;Lorg/apache/tomcat/util/net/SocketEvent;)Lorg/apache/tomcat/util/net/AbstractEndpoint$Handler$SocketState;+505
j  org.apache.tomcat.util.net.NioEndpoint$SocketProcessor.doRun()V+216
j  org.apache.tomcat.util.net.SocketProcessorBase.run()V+21
j  java.util.concurrent.ThreadPoolExecutor.runWorker(Ljava/util/concurrent/ThreadPoolExecutor$Worker;)V+95
j  java.util.concurrent.ThreadPoolExecutor$Worker.run()V+5
j  org.apache.tomcat.util.threads.TaskThread$WrappingRunnable.run()V+4
j  java.lang.Thread.run()V+11
v  ~StubRoutines::call_stub

---------------  P R O C E S S  ---------------

Java Threads: ( => current thread )
  0x000000001bde6000 JavaThread "Java2D Disposer" daemon [_thread_blocked, id=6276, stack(0x0000000041630000,0x0000000041830000)]
  0x000000001bddb000 JavaThread "lettuce-eventExecutorLoop-1-2" daemon [_thread_blocked, id=14152, stack(0x0000000041230000,0x0000000041430000)]
  0x000000001bddf800 JavaThread "lettuce-eventExecutorLoop-1-1" daemon [_thread_blocked, id=18248, stack(0x0000000023f90000,0x0000000024190000)]
  0x000000001bde1800 JavaThread "lettuce-nioEventLoop-4-1" daemon [_thread_in_native, id=28132, stack(0x0000000022a80000,0x0000000022c80000)]
  0x000000001bddd000 JavaThread "DestroyJavaVM" [_thread_blocked, id=27880, stack(0x0000000002890000,0x0000000002a90000)]
  0x000000001bddb800 JavaThread "http-nio-8081-Acceptor" daemon [_thread_in_native, id=26976, stack(0x0000000022480000,0x0000000022680000)]
  0x000000001bddc800 JavaThread "http-nio-8081-ClientPoller" daemon [_thread_in_native, id=24284, stack(0x0000000022280000,0x0000000022480000)]
  0x000000001bdde000 JavaThread "http-nio-8081-exec-10" daemon [_thread_blocked, id=19288, stack(0x0000000022080000,0x0000000022280000)]
  0x000000001bde1000 JavaThread "http-nio-8081-exec-9" daemon [_thread_blocked, id=24732, stack(0x0000000021e80000,0x0000000022080000)]
  0x000000001bdda000 JavaThread "http-nio-8081-exec-8" daemon [_thread_blocked, id=28488, stack(0x0000000021c80000,0x0000000021e80000)]
  0x000000001bdde800 JavaThread "http-nio-8081-exec-7" daemon [_thread_blocked, id=15124, stack(0x0000000021a80000,0x0000000021c80000)]
  0x000000001bdd9800 JavaThread "http-nio-8081-exec-6" daemon [_thread_in_native, id=2016, stack(0x0000000021880000,0x0000000021a80000)]
=>0x000000001bde0000 JavaThread "http-nio-8081-exec-5" daemon [_thread_in_native, id=28624, stack(0x0000000021680000,0x0000000021880000)]
  0x000000001df9f000 JavaThread "http-nio-8081-exec-4" daemon [_thread_blocked, id=27872, stack(0x0000000021480000,0x0000000021680000)]
  0x000000001df9e800 JavaThread "http-nio-8081-exec-3" daemon [_thread_blocked, id=28432, stack(0x0000000021280000,0x0000000021480000)]
  0x000000001df9d800 JavaThread "http-nio-8081-exec-2" daemon [_thread_blocked, id=26264, stack(0x0000000021080000,0x0000000021280000)]
  0x000000001df9d000 JavaThread "http-nio-8081-exec-1" daemon [_thread_blocked, id=24660, stack(0x0000000020e80000,0x0000000021080000)]
  0x000000001df9c000 JavaThread "http-nio-8081-BlockPoller" daemon [_thread_in_native, id=25156, stack(0x0000000020c80000,0x0000000020e80000)]
  0x000000001dfa1800 JavaThread "DiscoveryClient-InstanceInfoReplicator-0" daemon [_thread_blocked, id=8812, stack(0x0000000020a80000,0x0000000020c80000)]
  0x000000001dfa0000 JavaThread "DiscoveryClient-1" daemon [_thread_blocked, id=27240, stack(0x0000000020880000,0x0000000020a80000)]
  0x000000001dfa0800 JavaThread "DiscoveryClient-0" daemon [_thread_blocked, id=27180, stack(0x0000000020580000,0x0000000020780000)]
  0x000000001dfa2000 JavaThread "AsyncResolver-bootstrap-0" daemon [_thread_blocked, id=27700, stack(0x000000001ff80000,0x0000000020180000)]
  0x000000001df9b800 JavaThread "spring.cloud.inetutils" daemon [_thread_blocked, id=27984, stack(0x000000001fb80000,0x000000001fd80000)]
  0x000000001c7ac800 JavaThread "lettuce-timer-3-1" daemon [_thread_blocked, id=24644, stack(0x000000001f380000,0x000000001f580000)]
  0x000000001c7a1000 JavaThread "container-0" [_thread_blocked, id=27748, stack(0x000000001f180000,0x000000001f380000)]
  0x000000001c792000 JavaThread "Catalina-utility-2" [_thread_blocked, id=19628, stack(0x000000001ef80000,0x000000001f180000)]
  0x000000001dbd1800 JavaThread "Catalina-utility-1" [_thread_blocked, id=25764, stack(0x000000001ed80000,0x000000001ef80000)]
  0x000000001aa46000 JavaThread "Service Thread" daemon [_thread_blocked, id=28532, stack(0x000000001b430000,0x000000001b630000)]
  0x000000001a9aa800 JavaThread "C1 CompilerThread3" daemon [_thread_blocked, id=14176, stack(0x000000001b330000,0x000000001b430000)]
  0x000000001a9a7000 JavaThread "C2 CompilerThread2" daemon [_thread_blocked, id=28556, stack(0x000000001b230000,0x000000001b330000)]
  0x000000001a9a6000 JavaThread "C2 CompilerThread1" daemon [_thread_blocked, id=27832, stack(0x000000001b130000,0x000000001b230000)]
  0x000000001a99f800 JavaThread "C2 CompilerThread0" daemon [_thread_blocked, id=14084, stack(0x000000001b030000,0x000000001b130000)]
  0x000000001a8ea800 JavaThread "Monitor Ctrl-Break" daemon [_thread_in_native, id=27756, stack(0x000000001ae30000,0x000000001b030000)]
  0x0000000019a6a000 JavaThread "Attach Listener" daemon [_thread_blocked, id=1328, stack(0x000000001a430000,0x000000001a630000)]
  0x0000000019a11800 JavaThread "Signal Dispatcher" daemon [_thread_blocked, id=27848, stack(0x000000001a230000,0x000000001a430000)]
  0x0000000017c03800 JavaThread "Finalizer" daemon [_thread_blocked, id=17836, stack(0x0000000019fd0000,0x000000001a1d0000)]
  0x00000000199f0800 JavaThread "Reference Handler" daemon [_thread_blocked, id=21856, stack(0x0000000019dd0000,0x0000000019fd0000)]

Other Threads:
  0x0000000017bf6800 VMThread [stack: 0x00000000198d0000,0x00000000199d0000] [id=25420]
  0x000000001aa4f000 WatcherThread [stack: 0x000000001b630000,0x000000001b730000] [id=28568]

VM state:not at safepoint (normal execution)

VM Mutex/Monitor currently owned by a thread: None

heap address: 0x0000000080000000, size: 2048 MB, Compressed Oops mode: 32-bit
Narrow klass base: 0x0000000000000000, Narrow klass shift: 3
Compressed class space size: 1073741824 Address: 0x0000000100000000

Heap:
 PSYoungGen      total 224768K, used 22490K [0x00000000d5580000, 0x00000000ecb00000, 0x0000000100000000)
  eden space 206848K, 2% used [0x00000000d5580000,0x00000000d59f7768,0x00000000e1f80000)
  from space 17920K, 99% used [0x00000000e1f80000,0x00000000e30ff2e8,0x00000000e3100000)
  to   space 25600K, 0% used [0x00000000eb200000,0x00000000eb200000,0x00000000ecb00000)
 ParOldGen       total 87552K, used 33057K [0x0000000080000000, 0x0000000085580000, 0x00000000d5580000)
  object space 87552K, 37% used [0x0000000080000000,0x00000000820487f8,0x0000000085580000)
 Metaspace       used 53321K, capacity 56874K, committed 57088K, reserved 1097728K
  class space    used 7275K, capacity 7923K, committed 7936K, reserved 1048576K

Card table byte_map: [0x0000000011f50000,0x0000000012360000] byte_map_base: 0x0000000011b50000

Marking Bits: (ParMarkBitMap*) 0x000000005aa64ce0
 Begin Bits: [0x0000000012e10000, 0x0000000014e10000)
 End Bits:   [0x0000000014e10000, 0x0000000016e10000)

Polling page: 0x0000000000a80000

CodeCache: size=245760Kb used=8904Kb max_used=8911Kb free=236855Kb
 bounds [0x0000000002b90000, 0x0000000003460000, 0x0000000011b90000]
 total_blobs=5115 nmethods=4524 adapters=503
 compilation: enabled

Compilation events (10 events):
Event: 32.911 Thread 0x000000001a9aa800 4626       1       sun.java2d.StateTrackableDelegate::markDirty (6 bytes)
Event: 32.911 Thread 0x000000001a9aa800 nmethod 4626 0x000000000323bf90 code [0x000000000323c0e0, 0x000000000323c210]
Event: 32.911 Thread 0x000000001a9aa800 4627       1       java.awt.image.ComponentColorModel::getDataElements (3206 bytes)
Event: 32.915 Thread 0x000000001a9aa800 nmethod 4627 0x0000000003448e90 code [0x00000000034498c0, 0x000000000344cc88]
Event: 32.915 Thread 0x000000001a9aa800 4628       1       sun.awt.image.ByteInterleavedRaster::setDataElements (119 bytes)
Event: 32.915 Thread 0x000000001a9aa800 nmethod 4628 0x000000000323cb90 code [0x000000000323cd20, 0x000000000323d008]
Event: 32.918 Thread 0x000000001a9aa800 4629 %     1       java.awt.image.BufferedImage::setRGB @ 26 (86 bytes)
Event: 32.918 Thread 0x000000001a9aa800 nmethod 4629% 0x0000000002e00e90 code [0x0000000002e01020, 0x0000000002e01418]
Event: 32.939 Thread 0x000000001a9aa800 4630       1       java.awt.image.BufferedImage::setRGB (86 bytes)
Event: 32.940 Thread 0x000000001a9aa800 nmethod 4630 0x000000000317e2d0 code [0x000000000317e440, 0x000000000317e6d8]

GC Heap History (10 events):
Event: 2.107 GC heap before
{Heap before GC invocations=7 (full 0):
 PSYoungGen      total 73728K, used 73714K [0x00000000d5580000, 0x00000000da880000, 0x0000000100000000)
  eden space 65536K, 100% used [0x00000000d5580000,0x00000000d9580000,0x00000000d9580000)
  from space 8192K, 99% used [0x00000000d9e80000,0x00000000da67c9c0,0x00000000da680000)
  to   space 9216K, 0% used [0x00000000d9580000,0x00000000d9580000,0x00000000d9e80000)
 ParOldGen       total 87552K, used 4922K [0x0000000080000000, 0x0000000085580000, 0x00000000d5580000)
  object space 87552K, 5% used [0x0000000080000000,0x00000000804cea58,0x0000000085580000)
 Metaspace       used 21674K, capacity 22700K, committed 23040K, reserved 1069056K
  class space    used 2953K, capacity 3212K, committed 3328K, reserved 1048576K
Event: 2.114 GC heap after
Heap after GC invocations=7 (full 0):
 PSYoungGen      total 74752K, used 9203K [0x00000000d5580000, 0x00000000dec80000, 0x0000000100000000)
  eden space 65536K, 0% used [0x00000000d5580000,0x00000000d5580000,0x00000000d9580000)
  from space 9216K, 99% used [0x00000000d9580000,0x00000000d9e7cc18,0x00000000d9e80000)
  to   space 11776K, 0% used [0x00000000de100000,0x00000000de100000,0x00000000dec80000)
 ParOldGen       total 87552K, used 7805K [0x0000000080000000, 0x0000000085580000, 0x00000000d5580000)
  object space 87552K, 8% used [0x0000000080000000,0x000000008079f688,0x0000000085580000)
 Metaspace       used 21674K, capacity 22700K, committed 23040K, reserved 1069056K
  class space    used 2953K, capacity 3212K, committed 3328K, reserved 1048576K
}
Event: 2.394 GC heap before
{Heap before GC invocations=8 (full 0):
 PSYoungGen      total 74752K, used 74739K [0x00000000d5580000, 0x00000000dec80000, 0x0000000100000000)
  eden space 65536K, 100% used [0x00000000d5580000,0x00000000d9580000,0x00000000d9580000)
  from space 9216K, 99% used [0x00000000d9580000,0x00000000d9e7cc18,0x00000000d9e80000)
  to   space 11776K, 0% used [0x00000000de100000,0x00000000de100000,0x00000000dec80000)
 ParOldGen       total 87552K, used 7805K [0x0000000080000000, 0x0000000085580000, 0x00000000d5580000)
  object space 87552K, 8% used [0x0000000080000000,0x000000008079f688,0x0000000085580000)
 Metaspace       used 23661K, capacity 24864K, committed 25088K, reserved 1071104K
  class space    used 3218K, capacity 3492K, committed 3584K, reserved 1048576K
Event: 2.399 GC heap after
Heap after GC invocations=8 (full 0):
 PSYoungGen      total 141824K, used 7954K [0x00000000d5580000, 0x00000000deb80000, 0x0000000100000000)
  eden space 131072K, 0% used [0x00000000d5580000,0x00000000d5580000,0x00000000dd580000)
  from space 10752K, 73% used [0x00000000de100000,0x00000000de8c4870,0x00000000deb80000)
  to   space 11264K, 0% used [0x00000000dd580000,0x00000000dd580000,0x00000000de080000)
 ParOldGen       total 87552K, used 9265K [0x0000000080000000, 0x0000000085580000, 0x00000000d5580000)
  object space 87552K, 10% used [0x0000000080000000,0x000000008090c7f0,0x0000000085580000)
 Metaspace       used 23661K, capacity 24864K, committed 25088K, reserved 1071104K
  class space    used 3218K, capacity 3492K, committed 3584K, reserved 1048576K
}
Event: 3.345 GC heap before
{Heap before GC invocations=9 (full 0):
 PSYoungGen      total 141824K, used 139026K [0x00000000d5580000, 0x00000000deb80000, 0x0000000100000000)
  eden space 131072K, 100% used [0x00000000d5580000,0x00000000dd580000,0x00000000dd580000)
  from space 10752K, 73% used [0x00000000de100000,0x00000000de8c4870,0x00000000deb80000)
  to   space 11264K, 0% used [0x00000000dd580000,0x00000000dd580000,0x00000000de080000)
 ParOldGen       total 87552K, used 9265K [0x0000000080000000, 0x0000000085580000, 0x00000000d5580000)
  object space 87552K, 10% used [0x0000000080000000,0x000000008090c7f0,0x0000000085580000)
 Metaspace       used 30560K, capacity 32532K, committed 32768K, reserved 1077248K
  class space    used 4183K, capacity 4550K, committed 4608K, reserved 1048576K
Event: 3.355 GC heap after
Heap after GC invocations=9 (full 0):
 PSYoungGen      total 142336K, used 11237K [0x00000000d5580000, 0x00000000e3f80000, 0x0000000100000000)
  eden space 131072K, 0% used [0x00000000d5580000,0x00000000d5580000,0x00000000dd580000)
  from space 11264K, 99% used [0x00000000dd580000,0x00000000de0794a8,0x00000000de080000)
  to   space 14848K, 0% used [0x00000000e3100000,0x00000000e3100000,0x00000000e3f80000)
 ParOldGen       total 87552K, used 14449K [0x0000000080000000, 0x0000000085580000, 0x00000000d5580000)
  object space 87552K, 16% used [0x0000000080000000,0x0000000080e1c7e8,0x0000000085580000)
 Metaspace       used 30560K, capacity 32532K, committed 32768K, reserved 1077248K
  class space    used 4183K, capacity 4550K, committed 4608K, reserved 1048576K
}
Event: 4.100 GC heap before
{Heap before GC invocations=10 (full 0):
 PSYoungGen      total 142336K, used 142309K [0x00000000d5580000, 0x00000000e3f80000, 0x0000000100000000)
  eden space 131072K, 100% used [0x00000000d5580000,0x00000000dd580000,0x00000000dd580000)
  from space 11264K, 99% used [0x00000000dd580000,0x00000000de0794a8,0x00000000de080000)
  to   space 14848K, 0% used [0x00000000e3100000,0x00000000e3100000,0x00000000e3f80000)
 ParOldGen       total 87552K, used 14449K [0x0000000080000000, 0x0000000085580000, 0x00000000d5580000)
  object space 87552K, 16% used [0x0000000080000000,0x0000000080e1c7e8,0x0000000085580000)
 Metaspace       used 38091K, capacity 40768K, committed 41088K, reserved 1085440K
  class space    used 5223K, capacity 5692K, committed 5760K, reserved 1048576K
Event: 4.110 GC heap after
Heap after GC invocations=10 (full 0):
 PSYoungGen      total 221696K, used 14836K [0x00000000d5580000, 0x00000000e4580000, 0x0000000100000000)
  eden space 206848K, 0% used [0x00000000d5580000,0x00000000d5580000,0x00000000e1f80000)
  from space 14848K, 99% used [0x00000000e3100000,0x00000000e3f7d3a8,0x00000000e3f80000)
  to   space 17920K, 0% used [0x00000000e1f80000,0x00000000e1f80000,0x00000000e3100000)
 ParOldGen       total 87552K, used 17611K [0x0000000080000000, 0x0000000085580000, 0x00000000d5580000)
  object space 87552K, 20% used [0x0000000080000000,0x0000000081132ed8,0x0000000085580000)
 Metaspace       used 38091K, capacity 40768K, committed 41088K, reserved 1085440K
  class space    used 5223K, capacity 5692K, committed 5760K, reserved 1048576K
}
Event: 32.919 GC heap before
{Heap before GC invocations=11 (full 0):
 PSYoungGen      total 221696K, used 221684K [0x00000000d5580000, 0x00000000e4580000, 0x0000000100000000)
  eden space 206848K, 100% used [0x00000000d5580000,0x00000000e1f80000,0x00000000e1f80000)
  from space 14848K, 99% used [0x00000000e3100000,0x00000000e3f7d3a8,0x00000000e3f80000)
  to   space 17920K, 0% used [0x00000000e1f80000,0x00000000e1f80000,0x00000000e3100000)
 ParOldGen       total 87552K, used 17611K [0x0000000080000000, 0x0000000085580000, 0x00000000d5580000)
  object space 87552K, 20% used [0x0000000080000000,0x0000000081132ed8,0x0000000085580000)
 Metaspace       used 53305K, capacity 56874K, committed 57088K, reserved 1097728K
  class space    used 7271K, capacity 7923K, committed 7936K, reserved 1048576K
Event: 32.939 GC heap after
Heap after GC invocations=11 (full 0):
 PSYoungGen      total 224768K, used 17916K [0x00000000d5580000, 0x00000000ecb00000, 0x0000000100000000)
  eden space 206848K, 0% used [0x00000000d5580000,0x00000000d5580000,0x00000000e1f80000)
  from space 17920K, 99% used [0x00000000e1f80000,0x00000000e30ff2e8,0x00000000e3100000)
  to   space 25600K, 0% used [0x00000000eb200000,0x00000000eb200000,0x00000000ecb00000)
 ParOldGen       total 87552K, used 33057K [0x0000000080000000, 0x0000000085580000, 0x00000000d5580000)
  object space 87552K, 37% used [0x0000000080000000,0x00000000820487f8,0x0000000085580000)
 Metaspace       used 53305K, capacity 56874K, committed 57088K, reserved 1097728K
  class space    used 7271K, capacity 7923K, committed 7936K, reserved 1048576K
}

Deoptimization events (0 events):
No events

Classes redefined (0 events):
No events

Internal exceptions (10 events):
Event: 6.203 Thread 0x000000000276b000 Exception <a 'java/lang/ArrayIndexOutOfBoundsException'> (0x00000000dd3be968) thrown at [C:\re\workspace\8-2-build-windows-amd64-cygwin\jdk8u201\12322\hotspot\src\share\vm\runtime\sharedRuntime.cpp, line 605]
Event: 6.204 Thread 0x000000000276b000 Exception <a 'java/lang/ArrayIndexOutOfBoundsException'> (0x00000000dd3dacc8) thrown at [C:\re\workspace\8-2-build-windows-amd64-cygwin\jdk8u201\12322\hotspot\src\share\vm\runtime\sharedRuntime.cpp, line 605]
Event: 20.083 Thread 0x000000001bde1800 Exception <a 'java/lang/ArrayIndexOutOfBoundsException'> (0x00000000e0220800) thrown at [C:\re\workspace\8-2-build-windows-amd64-cygwin\jdk8u201\12322\hotspot\src\share\vm\runtime\sharedRuntime.cpp, line 605]
Event: 20.083 Thread 0x000000001bde1800 Exception <a 'java/lang/ArrayIndexOutOfBoundsException'> (0x00000000e02216f0) thrown at [C:\re\workspace\8-2-build-windows-amd64-cygwin\jdk8u201\12322\hotspot\src\share\vm\runtime\sharedRuntime.cpp, line 605]
Event: 20.155 Thread 0x000000001df9d800 Exception <a 'java/lang/ArrayIndexOutOfBoundsException'> (0x00000000e0cec738) thrown at [C:\re\workspace\8-2-build-windows-amd64-cygwin\jdk8u201\12322\hotspot\src\share\vm\runtime\sharedRuntime.cpp, line 605]
Event: 20.155 Thread 0x000000001df9d800 Exception <a 'java/lang/ArrayIndexOutOfBoundsException'> (0x00000000e0cee708) thrown at [C:\re\workspace\8-2-build-windows-amd64-cygwin\jdk8u201\12322\hotspot\src\share\vm\runtime\sharedRuntime.cpp, line 605]
Event: 20.155 Thread 0x000000001df9d800 Exception <a 'java/lang/ArrayIndexOutOfBoundsException'> (0x00000000e0cf01e0) thrown at [C:\re\workspace\8-2-build-windows-amd64-cygwin\jdk8u201\12322\hotspot\src\share\vm\runtime\sharedRuntime.cpp, line 605]
Event: 20.155 Thread 0x000000001df9d800 Exception <a 'java/lang/ArrayIndexOutOfBoundsException'> (0x00000000e0cf19b8) thrown at [C:\re\workspace\8-2-build-windows-amd64-cygwin\jdk8u201\12322\hotspot\src\share\vm\runtime\sharedRuntime.cpp, line 605]
Event: 32.841 Thread 0x000000001bde0000 Exception <a 'java/lang/ArrayIndexOutOfBoundsException'> (0x00000000e146cb08) thrown at [C:\re\workspace\8-2-build-windows-amd64-cygwin\jdk8u201\12322\hotspot\src\share\vm\runtime\sharedRuntime.cpp, line 605]
Event: 32.865 Thread 0x000000001bde0000 Exception <a 'java/io/FileNotFoundException'> (0x00000000e15f4be0) thrown at [C:\re\workspace\8-2-build-windows-amd64-cygwin\jdk8u201\12322\hotspot\src\share\vm\prims\jni.cpp, line 709]

Events (10 events):
Event: 32.944 Executing VM operation: RevokeBias
Event: 32.944 Executing VM operation: RevokeBias done
Event: 32.944 loading class com/arcsoft/face/FaceEngine$1
Event: 32.944 loading class com/arcsoft/face/FaceEngine$1 done
Event: 32.944 Executing VM operation: RevokeBias
Event: 32.944 Executing VM operation: RevokeBias done
Event: 32.945 loading class com/arcsoft/face/FaceInfo
Event: 32.945 loading class com/arcsoft/face/FaceInfo done
Event: 32.945 Executing VM operation: RevokeBias
Event: 32.945 Executing VM operation: RevokeBias done


Dynamic libraries:
0x00007ff76d310000 - 0x00007ff76d347000 	C:\Program Files\Java\jdk1.8.0_201\bin\java.exe
0x00007ffeaa510000 - 0x00007ffeaa705000 	C:\WINDOWS\SYSTEM32\ntdll.dll
0x00007ffea9080000 - 0x00007ffea913e000 	C:\WINDOWS\System32\KERNEL32.DLL
0x00007ffea8150000 - 0x00007ffea8419000 	C:\WINDOWS\System32\KERNELBASE.dll
0x00007ffea9140000 - 0x00007ffea91ec000 	C:\WINDOWS\System32\ADVAPI32.dll
0x00007ffea9ca0000 - 0x00007ffea9d3e000 	C:\WINDOWS\System32\msvcrt.dll
0x00007ffeaa430000 - 0x00007ffeaa4cb000 	C:\WINDOWS\System32\sechost.dll
0x00007ffea8680000 - 0x00007ffea87aa000 	C:\WINDOWS\System32\RPCRT4.dll
0x00007ffea87d0000 - 0x00007ffea8971000 	C:\WINDOWS\System32\USER32.dll
0x00007ffea7c30000 - 0x00007ffea7c52000 	C:\WINDOWS\System32\win32u.dll
0x00007ffea9c70000 - 0x00007ffea9c9b000 	C:\WINDOWS\System32\GDI32.dll
0x00007ffea7ce0000 - 0x00007ffea7deb000 	C:\WINDOWS\System32\gdi32full.dll
0x00007ffea80b0000 - 0x00007ffea814d000 	C:\WINDOWS\System32\msvcp_win.dll
0x00007ffea7df0000 - 0x00007ffea7ef0000 	C:\WINDOWS\System32\ucrtbase.dll
0x00007ffe991a0000 - 0x00007ffe9943a000 	C:\WINDOWS\WinSxS\amd64_microsoft.windows.common-controls_6595b64144ccf1df_6.0.19041.1110_none_60b5254171f9507e\COMCTL32.dll
0x00007ffea9f80000 - 0x00007ffea9fb0000 	C:\WINDOWS\System32\IMM32.DLL
0x000000005b920000 - 0x000000005b9f1000 	C:\Program Files\Java\jdk1.8.0_201\jre\bin\msvcr100.dll
0x000000005a240000 - 0x000000005aae4000 	C:\Program Files\Java\jdk1.8.0_201\jre\bin\server\jvm.dll
0x00007ffea8f30000 - 0x00007ffea8f38000 	C:\WINDOWS\System32\PSAPI.DLL
0x00007ffea2ab0000 - 0x00007ffea2ab9000 	C:\WINDOWS\SYSTEM32\WSOCK32.dll
0x00007ffe9a750000 - 0x00007ffe9a777000 	C:\WINDOWS\SYSTEM32\WINMM.dll
0x00007ffea9b20000 - 0x00007ffea9b8b000 	C:\WINDOWS\System32\WS2_32.dll
0x00007ffe9e540000 - 0x00007ffe9e54a000 	C:\WINDOWS\SYSTEM32\VERSION.dll
0x00007ffea2ad0000 - 0x00007ffea2adf000 	C:\Program Files\Java\jdk1.8.0_201\jre\bin\verify.dll
0x00007ffe8aef0000 - 0x00007ffe8af19000 	C:\Program Files\Java\jdk1.8.0_201\jre\bin\java.dll
0x00007ffe6e620000 - 0x00007ffe6e643000 	C:\Program Files\Java\jdk1.8.0_201\jre\bin\instrument.dll
0x00007ffe878e0000 - 0x00007ffe878f6000 	C:\Program Files\Java\jdk1.8.0_201\jre\bin\zip.dll
0x00007ffea92a0000 - 0x00007ffea99df000 	C:\WINDOWS\System32\SHELL32.dll
0x00007ffea5970000 - 0x00007ffea6100000 	C:\WINDOWS\SYSTEM32\windows.storage.dll
0x00007ffea8bc0000 - 0x00007ffea8f15000 	C:\WINDOWS\System32\combase.dll
0x00007ffea7680000 - 0x00007ffea76ac000 	C:\WINDOWS\SYSTEM32\Wldp.dll
0x00007ffea91f0000 - 0x00007ffea929d000 	C:\WINDOWS\System32\SHCORE.dll
0x00007ffea9b90000 - 0x00007ffea9be5000 	C:\WINDOWS\System32\shlwapi.dll
0x00007ffea7b70000 - 0x00007ffea7b8f000 	C:\WINDOWS\SYSTEM32\profapi.dll
0x00007ffe6df10000 - 0x00007ffe6df2a000 	F:\subject\IDEA 2018_sssam.com\IntelliJ IDEA 2018.2.4\bin\breakgen64.dll
0x00007ffe87850000 - 0x00007ffe8786a000 	C:\Program Files\Java\jdk1.8.0_201\jre\bin\net.dll
0x00007ffe95f00000 - 0x00007ffe960eb000 	C:\WINDOWS\SYSTEM32\urlmon.dll
0x00007ffe9ade0000 - 0x00007ffe9b090000 	C:\WINDOWS\SYSTEM32\iertutil.dll
0x00007ffe95ed0000 - 0x00007ffe95ef8000 	C:\WINDOWS\SYSTEM32\srvcli.dll
0x00007ffea70c0000 - 0x00007ffea70cc000 	C:\WINDOWS\SYSTEM32\netutils.dll
0x00007ffea73e0000 - 0x00007ffea744a000 	C:\WINDOWS\system32\mswsock.dll
0x00007ffea7080000 - 0x00007ffea70bb000 	C:\WINDOWS\SYSTEM32\IPHLPAPI.DLL
0x00007ffea8f20000 - 0x00007ffea8f28000 	C:\WINDOWS\System32\NSI.dll
0x00007ffe9dec0000 - 0x00007ffe9ded7000 	C:\WINDOWS\SYSTEM32\dhcpcsvc6.DLL
0x00007ffe9e1d0000 - 0x00007ffe9e1ed000 	C:\WINDOWS\SYSTEM32\dhcpcsvc.DLL
0x00007ffea70d0000 - 0x00007ffea719c000 	C:\WINDOWS\SYSTEM32\DNSAPI.dll
0x00007ffe9ee50000 - 0x00007ffe9ee5a000 	C:\Windows\System32\rasadhlp.dll
0x00007ffe96290000 - 0x00007ffe9630f000 	C:\WINDOWS\System32\fwpuclnt.dll
0x00007ffea7cb0000 - 0x00007ffea7cd7000 	C:\WINDOWS\System32\bcrypt.dll
0x00007ffea2ac0000 - 0x00007ffea2acd000 	C:\Program Files\Java\jdk1.8.0_201\jre\bin\management.dll
0x00007ffe8ab20000 - 0x00007ffe8ab37000 	C:\WINDOWS\system32\napinsp.dll
0x00007ffe8a3c0000 - 0x00007ffe8a3db000 	C:\WINDOWS\system32\pnrpnsp.dll
0x00007ffea1f20000 - 0x00007ffea1f35000 	C:\WINDOWS\system32\wshbth.dll
0x00007ffea2980000 - 0x00007ffea299d000 	C:\WINDOWS\system32\NLAapi.dll
0x00007ffe8ab00000 - 0x00007ffe8ab12000 	C:\WINDOWS\System32\winrnr.dll
0x00007ffe87740000 - 0x00007ffe87751000 	C:\Program Files\Java\jdk1.8.0_201\jre\bin\nio.dll
0x00007ffea75e0000 - 0x00007ffea75f8000 	C:\WINDOWS\SYSTEM32\CRYPTSP.dll
0x00007ffea6cf0000 - 0x00007ffea6d24000 	C:\WINDOWS\system32\rsaenh.dll
0x00007ffea7af0000 - 0x00007ffea7b1e000 	C:\WINDOWS\SYSTEM32\USERENV.dll
0x00007ffea84d0000 - 0x00007ffea8553000 	C:\WINDOWS\System32\bcryptprimitives.dll
0x00007ffea75d0000 - 0x00007ffea75dc000 	C:\WINDOWS\SYSTEM32\CRYPTBASE.dll
0x00007ffe77f20000 - 0x00007ffe77f44000 	C:\Program Files\Java\jdk1.8.0_201\jre\bin\sunec.dll
0x00007ffe4f610000 - 0x00007ffe5244d000 	C:\Users\lenovo\Desktop\Face-recognition-main\ArcSoft_ArcFace_Java_Windows_x64_V3.0\libs\WIN64\libarcsoft_face.dll
0x00007ffe8cb20000 - 0x00007ffe8cc0f000 	C:\WINDOWS\SYSTEM32\MSVCR120.dll
0x00007ffe8cc10000 - 0x00007ffe8ccb6000 	C:\WINDOWS\SYSTEM32\MSVCP120.dll
0x00007ffe609c0000 - 0x00007ffe60a3f000 	C:\Users\lenovo\Desktop\Face-recognition-main\ArcSoft_ArcFace_Java_Windows_x64_V3.0\libs\WIN64\libarcsoft_face_engine.dll
0x00007ffea99f0000 - 0x00007ffea9a46000 	C:\WINDOWS\System32\WLDAP32.dll
0x00007ffe62550000 - 0x00007ffe62575000 	C:\Users\lenovo\Desktop\Face-recognition-main\ArcSoft_ArcFace_Java_Windows_x64_V3.0\libs\WIN64\libarcsoft_face_engine_jni.dll
0x00007ffe54b00000 - 0x00007ffe54c99000 	C:\Program Files\Java\jdk1.8.0_201\jre\bin\awt.dll
0x00007ffea9a50000 - 0x00007ffea9b1d000 	C:\WINDOWS\System32\OLEAUT32.dll
0x00007ffea4290000 - 0x00007ffea4320000 	C:\WINDOWS\SYSTEM32\apphelp.dll
0x00007ffe610b0000 - 0x00007ffe610e1000 	C:\Program Files\Java\jdk1.8.0_201\jre\bin\jpeg.dll
0x00007ffea61d0000 - 0x00007ffea63b4000 	C:\WINDOWS\SYSTEM32\dbghelp.dll

VM Arguments:
jvm_args: -Xmx2048m -XX:MetaspaceSize=512m -XX:MaxMetaspaceSize=768m -Xss2m -XX:TieredStopAtLevel=1 -Xverify:none -Dspring.output.ansi.enabled=always -javaagent:F:\subject\IDEA 2018_sssam.com\IntelliJ IDEA 2018.2.4\lib\idea_rt.jar=50071:F:\subject\IDEA 2018_sssam.com\IntelliJ IDEA 2018.2.4\bin -Dfile.encoding=UTF-8 
java_command: com.tangcheng.face_corn.FaceCornApplication
java_class_path (initial): C:\Program Files\Java\jdk1.8.0_201\jre\lib\charsets.jar;C:\Program Files\Java\jdk1.8.0_201\jre\lib\deploy.jar;C:\Program Files\Java\jdk1.8.0_201\jre\lib\ext\access-bridge-64.jar;C:\Program Files\Java\jdk1.8.0_201\jre\lib\ext\cldrdata.jar;C:\Program Files\Java\jdk1.8.0_201\jre\lib\ext\dnsns.jar;C:\Program Files\Java\jdk1.8.0_201\jre\lib\ext\jaccess.jar;C:\Program Files\Java\jdk1.8.0_201\jre\lib\ext\jfxrt.jar;C:\Program Files\Java\jdk1.8.0_201\jre\lib\ext\localedata.jar;C:\Program Files\Java\jdk1.8.0_201\jre\lib\ext\nashorn.jar;C:\Program Files\Java\jdk1.8.0_201\jre\lib\ext\sunec.jar;C:\Program Files\Java\jdk1.8.0_201\jre\lib\ext\sunjce_provider.jar;C:\Program Files\Java\jdk1.8.0_201\jre\lib\ext\sunmscapi.jar;C:\Program Files\Java\jdk1.8.0_201\jre\lib\ext\sunpkcs11.jar;C:\Program Files\Java\jdk1.8.0_201\jre\lib\ext\zipfs.jar;C:\Program Files\Java\jdk1.8.0_201\jre\lib\javaws.jar;C:\Program Files\Java\jdk1.8.0_201\jre\lib\jce.jar;C:\Program Files\Java\jdk1.8.0_201\jre\lib\jfr.jar;C:\Program Files\Java\jdk1.8.0_201\jre\lib\jfxswt.jar;C:\Program Files\Java\jdk1.8.0_201\jre\lib\jsse.jar;C:\Program Files\Java\jdk1.8.0_201\jre\lib\management-agent.jar;C:\Program Files\Java\jdk1.8.0_201\jre\lib\plugin.jar;C:\Program Files\Java\jdk1.8.0_201\jre\lib\resources.jar;C:\Program Files\Java\jdk1.8.0_201\jre\lib\rt.jar;C:\Users\lenovo\Desktop\Face-recognition-main\facesystem\face_corn\target\classes;C:\Users\lenovo\Desktop\Face-recognition-main\facesystem\common\target\classes;F:\subject\JavaWeb\maven-l\com\auth0\java-jwt\3.4.0\java-jwt-3.4.0.jar;F:\subject\JavaWeb\maven-l\commons-codec\commons-codec\1.15\commons-codec-1.15.jar;F:\subject\JavaWeb\maven-l\com\aliyun\oss\aliyun-sdk-oss\3.12.0\aliyun-sdk-oss-3.12.0.jar;F:\subject\JavaWeb\maven-l\org\apache\httpcomponents\httpclient\4.5.13\httpclient-4.5.13.jar;F:\subject\JavaWeb\maven-l\org\apache\httpcomponents\httpcore\4.4.14\httpcore-4.4.14.jar;F:\subject\JavaWeb\maven-l\org\jdom\jdom2\2.0.6\jdom2-2.0.6.ja
Launcher Type: SUN_STANDARD

Environment Variables:
JAVA_HOME=C:\Program Files\Java\jdk1.8.0_201
CLASSPATH=.;C:\Program Files\Java\jdk1.8.0_201\lib\dt.jar,C:\Program Files\Java\jdk1.8.0_201\lib\tools.jar;F:\subject\JavaWeb\apache-tomcat-8.5.45\lib\servlet-api.jar
PATH=C:\Program Files (x86)\Common Files\Oracle\Java\javapath;C:\WINDOWS\system32;C:\WINDOWS;C:\WINDOWS\System32\Wbem;C:\WINDOWS\System32\WindowsPowerShell\v1.0\;C:\WINDOWS\System32\OpenSSH\;F:\subject\JavaWeb\apache-tomcat-8.5.45\bin;F:\subject\JavaWeb\apache-tomcat-8.5.45\lib;C:\Program Files\NVIDIA Corporation\NVIDIA NvDLISR;F:\subject\JavaWeb\apache-maven-3.3.9\bin;F:\subject\JavaWeb\Gradle\gradle-6.9.1\bin;F:\subject\JavaWeb\nodejs;C:\Program Files\Java\jdk1.8.0_201\bin;C:\Program Files\MySQL\MySQL Server 8.0\bin;F:\subject\JavaWeb\env\MongoDB\bin;C:\Users\lenovo\AppData\Local\Microsoft\WindowsApps;F:\subject\PyCharm\PyCharm Community Edition 2020.3.3\bin;;F:\subject\JavaWeb\Microsoft VS Code\bin;F:\subject\JavaWeb\nodejs\node_global;
USERNAME=lenovo
OS=Windows_NT
PROCESSOR_IDENTIFIER=Intel64 Family 6 Model 158 Stepping 10, GenuineIntel



---------------  S Y S T E M  ---------------

OS: Windows 10.0 , 64 bit Build 19041 (10.0.19041.1202)

CPU:total 8 (initial active 8) (4 cores per cpu, 2 threads per core) family 6 model 158 stepping 10, cmov, cx8, fxsr, mmx, sse, sse2, sse3, ssse3, sse4.1, sse4.2, popcnt, avx, avx2, aes, clmul, erms, 3dnowpref, lzcnt, ht, tsc, tscinvbit, bmi1, bmi2, adx

Memory: 4k page, physical 8306932k(1226488k free), swap 18792692k(2222468k free)

vm_info: Java HotSpot(TM) 64-Bit Server VM (25.201-b09) for windows-amd64 JRE (1.8.0_201-b09), built on Dec 15 2018 18:36:39 by "java_re" with MS VC++ 10.0 (VS2010)

time: Tue Nov 02 04:11:31 2021
timezone: 中国标准时间
elapsed time: 33 seconds (0d 0h 0m 33s)

