#
# A fatal error has been detected by the Java Runtime Environment:
#
#  EXCEPTION_ACCESS_VIOLATION (0xc0000005) at pc=0x00007ffb428fe169, pid=17004, tid=0x0000000000001468
#
# JRE version: Java(TM) SE Runtime Environment (8.0_201-b09) (build 1.8.0_201-b09)
# Java VM: Java HotSpot(TM) 64-Bit Server VM (25.201-b09 mixed mode windows-amd64 compressed oops)
# Problematic frame:
# C  [libarcsoft_face.dll+0xe169]
#
# Failed to write core dump. Minidumps are not enabled by default on client versions of Windows
#
# If you would like to submit a bug report, please visit:
#   http://bugreport.java.com/bugreport/crash.jsp
# The crash happened outside the Java Virtual Machine in native code.
# See problematic frame for where to report the bug.
#

---------------  T H R E A D  ---------------

Current thread (0x000000001e622000):  JavaThread "http-nio-8081-exec-10" daemon [_thread_in_native, id=5224, stack(0x0000000021330000,0x0000000021430000)]

siginfo: ExceptionCode=0xc0000005, writing address 0x0000000026b42000

Registers:
RAX=0x0000000000282868, RBX=0x0000000000282868, RCX=0x0000000000000008, RDX=0x0000000000280868
RSP=0x000000002142ce20, RBP=0x000000008000a021, RSI=0x0000000000000140, RDI=0x0000000000000028
R8 =0x00000000000000ff, R9 =0x0000000000000000, R10=0x0000000000281868, R11=0x0000000026137e60
R12=0x0000000000000040, R13=0x0000000000000040, R14=0x0000000000000000, R15=0x000000001eb8c870
RIP=0x00007ffb428fe169, EFLAGS=0x0000000000010246

Top of Stack: (sp=0x000000002142ce20)
0x000000002142ce20:   0000000000000000 0000000000002000
0x000000002142ce30:   0000000000000010 0000000000000040
0x000000002142ce40:   0000000000000000 0000000026144780
0x000000002142ce50:   000000002142cf60 00007ffb428fc5f2
0x000000002142ce60:   0000000000000000 00007ffb429017a3
0x000000002142ce70:   000000002619f6f0 000000002619f660
0x000000002142ce80:   000000008000a021 0000000000000008
0x000000002142ce90:   0000000000000009 0000000000000000
0x000000002142cea0:   0000000000000000 0000000000000000
0x000000002142ceb0:   0000000000000040 00000000000003c0
0x000000002142cec0:   0000000000000000 0000000000000000
0x000000002142ced0:   0000000000000040 000000002142cff8
0x000000002142cee0:   0000000000000000 0000000000000040
0x000000002142cef0:   0000000000000040 0000000026137e60
0x000000002142cf00:   000000002142d2a0 00007ffb428fbf04
0x000000002142cf10:   0000000000000000 00007ffb000000f0 

Instructions: (pc=0x00007ffb428fe169)
0x00007ffb428fe149:   41 0f 11 04 83 8b 44 24 68 41 3b c0 41 0f 4f c0
0x00007ffb428fe159:   85 c0 41 0f 48 c1 66 0f 6e c0 48 63 c3 0f 5b c0
0x00007ffb428fe169:   f3 41 0f 11 04 83 48 83 c4 30 5b c3 cc cc cc cc
0x00007ffb428fe179:   cc cc cc cc cc cc cc 48 8b c4 48 89 58 18 55 56 


Register to memory mapping:

RAX=0x0000000000282868 is an unknown value
RBX=0x0000000000282868 is an unknown value
RCX=0x0000000000000008 is an unknown value
RDX=0x0000000000280868 is an unknown value
RSP=0x000000002142ce20 is pointing into the stack for thread: 0x000000001e622000
RBP=0x000000008000a021 is an unknown value
RSI=0x0000000000000140 is an unknown value
RDI=0x0000000000000028 is an unknown value
R8 =0x00000000000000ff is an unknown value
R9 =0x0000000000000000 is an unknown value
R10=0x0000000000281868 is an unknown value
R11=0x0000000026137e60 is an unknown value
R12=0x0000000000000040 is an unknown value
R13=0x0000000000000040 is an unknown value
R14=0x0000000000000000 is an unknown value
R15=0x000000001eb8c870 is an unknown value


Stack: [0x0000000021330000,0x0000000021430000],  sp=0x000000002142ce20,  free space=1011k
Native frames: (J=compiled Java code, j=interpreted, Vv=VM code, C=native code)
C  [libarcsoft_face.dll+0xe169]
C  [libarcsoft_face.dll+0xc5f2]
C  [libarcsoft_face.dll+0xbf04]
C  [libarcsoft_face.dll+0x9049]
C  [libarcsoft_face.dll+0x89bc]
C  [libarcsoft_face.dll+0x7d0a]
C  [libarcsoft_face.dll+0x3c88]
C  [libarcsoft_face_engine.dll+0x58ca]
C  [libarcsoft_face_engine_jni.dll+0x18f6]
C  0x0000000003758c67

Java frames: (J=compiled Java code, j=interpreted, Vv=VM code)
j  com.arcsoft.face.FaceEngine.detectFaces(J[BIIII[Lcom/arcsoft/face/FaceInfo;)I+0
j  com.arcsoft.face.FaceEngine.detectFaces([BIILcom/arcsoft/face/enums/ImageFormat;Lcom/arcsoft/face/enums/DetectModel;Ljava/util/List;)I+107
j  com.arcsoft.face.FaceEngine.detectFaces([BIILcom/arcsoft/face/enums/ImageFormat;Ljava/util/List;)I+11
j  com.tangcheng.face_corn.service.impl.faceServiceImpl.facesearch(Ljava/io/InputStream;Ljava/util/List;)Ljava/lang/String;+45
j  com.tangcheng.face_corn.controller.faceController.facesearch(Ljava/lang/String;Ljava/util/List;)Lresult/Result;+22
j  sun.reflect.GeneratedMethodAccessor65.invoke(Ljava/lang/Object;[Ljava/lang/Object;)Ljava/lang/Object;+48
J 1629 C1 sun.reflect.DelegatingMethodAccessorImpl.invoke(Ljava/lang/Object;[Ljava/lang/Object;)Ljava/lang/Object; (10 bytes) @ 0x0000000003ab2424 [0x0000000003ab23e0+0x44]
J 1628 C1 java.lang.reflect.Method.invoke(Ljava/lang/Object;[Ljava/lang/Object;)Ljava/lang/Object; (62 bytes) @ 0x0000000003ab2054 [0x0000000003ab1f60+0xf4]
j  org.springframework.web.method.support.InvocableHandlerMethod.doInvoke([Ljava/lang/Object;)Ljava/lang/Object;+32
j  org.springframework.web.method.support.InvocableHandlerMethod.invokeForRequest(Lorg/springframework/web/context/request/NativeWebRequest;Lorg/springframework/web/method/support/ModelAndViewContainer;[Ljava/lang/Object;)Ljava/lang/Object;+54
j  org.springframework.web.servlet.mvc.method.annotation.ServletInvocableHandlerMethod.invokeAndHandle(Lorg/springframework/web/context/request/ServletWebRequest;Lorg/springframework/web/method/support/ModelAndViewContainer;[Ljava/lang/Object;)V+4
j  org.springframework.web.servlet.mvc.method.annotation.RequestMappingHandlerAdapter.invokeHandlerMethod(Ljavax/servlet/http/HttpServletRequest;Ljavax/servlet/http/HttpServletResponse;Lorg/springframework/web/method/HandlerMethod;)Lorg/springframework/web/servlet/ModelAndView;+244
j  org.springframework.web.servlet.mvc.method.annotation.RequestMappingHandlerAdapter.handleInternal(Ljavax/servlet/http/HttpServletRequest;Ljavax/servlet/http/HttpServletResponse;Lorg/springframework/web/method/HandlerMethod;)Lorg/springframework/web/servlet/ModelAndView;+81
j  org.springframework.web.servlet.mvc.method.AbstractHandlerMethodAdapter.handle(Ljavax/servlet/http/HttpServletRequest;Ljavax/servlet/http/HttpServletResponse;Ljava/lang/Object;)Lorg/springframework/web/servlet/ModelAndView;+7
j  org.springframework.web.servlet.DispatcherServlet.doDispatch(Ljavax/servlet/http/HttpServletRequest;Ljavax/servlet/http/HttpServletResponse;)V+259
j  org.springframework.web.servlet.DispatcherServlet.doService(Ljavax/servlet/http/HttpServletRequest;Ljavax/servlet/http/HttpServletResponse;)V+241
j  org.springframework.web.servlet.FrameworkServlet.processRequest(Ljavax/servlet/http/HttpServletRequest;Ljavax/servlet/http/HttpServletResponse;)V+71
j  org.springframework.web.servlet.FrameworkServlet.doPost(Ljavax/servlet/http/HttpServletRequest;Ljavax/servlet/http/HttpServletResponse;)V+3
j  javax.servlet.http.HttpServlet.service(Ljavax/servlet/http/HttpServletRequest;Ljavax/servlet/http/HttpServletResponse;)V+149
j  org.springframework.web.servlet.FrameworkServlet.service(Ljavax/servlet/http/HttpServletRequest;Ljavax/servlet/http/HttpServletResponse;)V+33
j  javax.servlet.http.HttpServlet.service(Ljavax/servlet/ServletRequest;Ljavax/servlet/ServletResponse;)V+36
j  org.apache.catalina.core.ApplicationFilterChain.internalDoFilter(Ljavax/servlet/ServletRequest;Ljavax/servlet/ServletResponse;)V+304
J 5528 C1 org.apache.catalina.core.ApplicationFilterChain.doFilter(Ljavax/servlet/ServletRequest;Ljavax/servlet/ServletResponse;)V (103 bytes) @ 0x000000000412a3d4 [0x000000000412a3a0+0x34]
j  org.apache.tomcat.websocket.server.WsFilter.doFilter(Ljavax/servlet/ServletRequest;Ljavax/servlet/ServletResponse;Ljavax/servlet/FilterChain;)V+21
j  org.apache.catalina.core.ApplicationFilterChain.internalDoFilter(Ljavax/servlet/ServletRequest;Ljavax/servlet/ServletResponse;)V+135
J 5528 C1 org.apache.catalina.core.ApplicationFilterChain.doFilter(Ljavax/servlet/ServletRequest;Ljavax/servlet/ServletResponse;)V (103 bytes) @ 0x000000000412a3d4 [0x000000000412a3a0+0x34]
j  org.springframework.web.filter.RequestContextFilter.doFilterInternal(Ljavax/servlet/http/HttpServletRequest;Ljavax/servlet/http/HttpServletResponse;Ljavax/servlet/FilterChain;)V+21
j  org.springframework.web.filter.OncePerRequestFilter.doFilter(Ljavax/servlet/ServletRequest;Ljavax/servlet/ServletResponse;Ljavax/servlet/FilterChain;)V+147
j  org.apache.catalina.core.ApplicationFilterChain.internalDoFilter(Ljavax/servlet/ServletRequest;Ljavax/servlet/ServletResponse;)V+135
J 5528 C1 org.apache.catalina.core.ApplicationFilterChain.doFilter(Ljavax/servlet/ServletRequest;Ljavax/servlet/ServletResponse;)V (103 bytes) @ 0x000000000412a3d4 [0x000000000412a3a0+0x34]
j  org.springframework.web.filter.FormContentFilter.doFilterInternal(Ljavax/servlet/http/HttpServletRequest;Ljavax/servlet/http/HttpServletResponse;Ljavax/servlet/FilterChain;)V+38
j  org.springframework.web.filter.OncePerRequestFilter.doFilter(Ljavax/servlet/ServletRequest;Ljavax/servlet/ServletResponse;Ljavax/servlet/FilterChain;)V+147
j  org.apache.catalina.core.ApplicationFilterChain.internalDoFilter(Ljavax/servlet/ServletRequest;Ljavax/servlet/ServletResponse;)V+135
J 5528 C1 org.apache.catalina.core.ApplicationFilterChain.doFilter(Ljavax/servlet/ServletRequest;Ljavax/servlet/ServletResponse;)V (103 bytes) @ 0x000000000412a3d4 [0x000000000412a3a0+0x34]
j  org.springframework.web.filter.CharacterEncodingFilter.doFilterInternal(Ljavax/servlet/http/HttpServletRequest;Ljavax/servlet/http/HttpServletResponse;Ljavax/servlet/FilterChain;)V+53
j  org.springframework.web.filter.OncePerRequestFilter.doFilter(Ljavax/servlet/ServletRequest;Ljavax/servlet/ServletResponse;Ljavax/servlet/FilterChain;)V+147
j  org.apache.catalina.core.ApplicationFilterChain.internalDoFilter(Ljavax/servlet/ServletRequest;Ljavax/servlet/ServletResponse;)V+135
J 5528 C1 org.apache.catalina.core.ApplicationFilterChain.doFilter(Ljavax/servlet/ServletRequest;Ljavax/servlet/ServletResponse;)V (103 bytes) @ 0x000000000412a3d4 [0x000000000412a3a0+0x34]
j  org.apache.catalina.core.StandardWrapperValve.invoke(Lorg/apache/catalina/connector/Request;Lorg/apache/catalina/connector/Response;)V+694
j  org.apache.catalina.core.StandardContextValve.invoke(Lorg/apache/catalina/connector/Request;Lorg/apache/catalina/connector/Response;)V+169
j  org.apache.catalina.authenticator.AuthenticatorBase.invoke(Lorg/apache/catalina/connector/Request;Lorg/apache/catalina/connector/Response;)V+260
j  org.apache.catalina.core.StandardHostValve.invoke(Lorg/apache/catalina/connector/Request;Lorg/apache/catalina/connector/Response;)V+128
j  org.apache.catalina.valves.ErrorReportValve.invoke(Lorg/apache/catalina/connector/Request;Lorg/apache/catalina/connector/Response;)V+6
j  org.apache.catalina.core.StandardEngineValve.invoke(Lorg/apache/catalina/connector/Request;Lorg/apache/catalina/connector/Response;)V+59
j  org.apache.catalina.connector.CoyoteAdapter.service(Lorg/apache/coyote/Request;Lorg/apache/coyote/Response;)V+199
j  org.apache.coyote.http11.Http11Processor.service(Lorg/apache/tomcat/util/net/SocketWrapperBase;)Lorg/apache/tomcat/util/net/AbstractEndpoint$Handler$SocketState;+737
j  org.apache.coyote.AbstractProcessorLight.process(Lorg/apache/tomcat/util/net/SocketWrapperBase;Lorg/apache/tomcat/util/net/SocketEvent;)Lorg/apache/tomcat/util/net/AbstractEndpoint$Handler$SocketState;+170
j  org.apache.coyote.AbstractProtocol$ConnectionHandler.process(Lorg/apache/tomcat/util/net/SocketWrapperBase;Lorg/apache/tomcat/util/net/SocketEvent;)Lorg/apache/tomcat/util/net/AbstractEndpoint$Handler$SocketState;+505
j  org.apache.tomcat.util.net.NioEndpoint$SocketProcessor.doRun()V+216
j  org.apache.tomcat.util.net.SocketProcessorBase.run()V+21
j  java.util.concurrent.ThreadPoolExecutor.runWorker(Ljava/util/concurrent/ThreadPoolExecutor$Worker;)V+95
j  java.util.concurrent.ThreadPoolExecutor$Worker.run()V+5
j  org.apache.tomcat.util.threads.TaskThread$WrappingRunnable.run()V+4
j  java.lang.Thread.run()V+11
v  ~StubRoutines::call_stub

---------------  P R O C E S S  ---------------

Java Threads: ( => current thread )
  0x000000001eb56000 JavaThread "lettuce-eventExecutorLoop-1-8" daemon [_thread_blocked, id=15412, stack(0x0000000040dc0000,0x0000000040ec0000)]
  0x000000001e628000 JavaThread "lettuce-eventExecutorLoop-1-7" daemon [_thread_blocked, id=4608, stack(0x0000000040cc0000,0x0000000040dc0000)]
  0x000000001e627000 JavaThread "lettuce-eventExecutorLoop-1-6" daemon [_thread_blocked, id=6960, stack(0x0000000040bc0000,0x0000000040cc0000)]
  0x000000001e626800 JavaThread "lettuce-eventExecutorLoop-1-5" daemon [_thread_blocked, id=15908, stack(0x0000000040ac0000,0x0000000040bc0000)]
  0x000000001e629800 JavaThread "lettuce-eventExecutorLoop-1-4" daemon [_thread_blocked, id=10556, stack(0x00000000409c0000,0x0000000040ac0000)]
  0x000000001e628800 JavaThread "lettuce-eventExecutorLoop-1-3" daemon [_thread_blocked, id=13580, stack(0x00000000408c0000,0x00000000409c0000)]
  0x000000001e61f000 JavaThread "Java2D Disposer" daemon [_thread_blocked, id=5956, stack(0x00000000407c0000,0x00000000408c0000)]
  0x000000001e625800 JavaThread "idle_connection_reaper" daemon [_thread_blocked, id=13636, stack(0x00000000404c0000,0x00000000405c0000)]
  0x000000001e61e000 JavaThread "lettuce-eventExecutorLoop-1-2" daemon [_thread_blocked, id=16540, stack(0x00000000403c0000,0x00000000404c0000)]
  0x000000001e625000 JavaThread "lettuce-eventExecutorLoop-1-1" daemon [_thread_blocked, id=14164, stack(0x0000000023240000,0x0000000023340000)]
  0x000000001e624000 JavaThread "lettuce-nioEventLoop-4-1" daemon [_thread_in_native, id=4880, stack(0x0000000021e30000,0x0000000021f30000)]
  0x000000001e623800 JavaThread "DiscoveryClient-HeartbeatExecutor-0" daemon [_thread_blocked, id=4116, stack(0x0000000021b30000,0x0000000021c30000)]
  0x000000001e622800 JavaThread "DiscoveryClient-CacheRefreshExecutor-0" daemon [_thread_blocked, id=11504, stack(0x0000000021a30000,0x0000000021b30000)]
  0x000000001e61f800 JavaThread "DestroyJavaVM" [_thread_blocked, id=12580, stack(0x00000000032b0000,0x00000000033b0000)]
  0x000000001e61b000 JavaThread "http-nio-8081-Acceptor" daemon [_thread_in_native, id=13272, stack(0x0000000021530000,0x0000000021630000)]
  0x000000001e61d800 JavaThread "http-nio-8081-ClientPoller" daemon [_thread_in_native, id=6480, stack(0x0000000021430000,0x0000000021530000)]
=>0x000000001e622000 JavaThread "http-nio-8081-exec-10" daemon [_thread_in_native, id=5224, stack(0x0000000021330000,0x0000000021430000)]
  0x000000001e621000 JavaThread "http-nio-8081-exec-9" daemon [_thread_blocked, id=12348, stack(0x0000000021230000,0x0000000021330000)]
  0x000000001e620800 JavaThread "http-nio-8081-exec-8" daemon [_thread_blocked, id=4180, stack(0x0000000021130000,0x0000000021230000)]
  0x000000001e61c800 JavaThread "http-nio-8081-exec-7" daemon [_thread_blocked, id=8472, stack(0x0000000021030000,0x0000000021130000)]
  0x000000001e61a800 JavaThread "http-nio-8081-exec-6" daemon [_thread_blocked, id=13976, stack(0x0000000020f30000,0x0000000021030000)]
  0x000000001e61c000 JavaThread "http-nio-8081-exec-5" daemon [_thread_blocked, id=14808, stack(0x0000000020e30000,0x0000000020f30000)]
  0x000000001cd20800 JavaThread "http-nio-8081-exec-4" daemon [_thread_blocked, id=3904, stack(0x0000000020d30000,0x0000000020e30000)]
  0x000000001cd22000 JavaThread "http-nio-8081-exec-3" daemon [_thread_in_native, id=8336, stack(0x0000000020c30000,0x0000000020d30000)]
  0x000000001cd1f800 JavaThread "http-nio-8081-exec-2" daemon [_thread_in_native, id=10244, stack(0x0000000020b30000,0x0000000020c30000)]
  0x000000001cd1d800 JavaThread "http-nio-8081-exec-1" daemon [_thread_in_native, id=10416, stack(0x0000000020a30000,0x0000000020b30000)]
  0x000000001cd1c000 JavaThread "http-nio-8081-BlockPoller" daemon [_thread_in_native, id=10940, stack(0x0000000020930000,0x0000000020a30000)]
  0x000000001cd21000 JavaThread "DiscoveryClient-InstanceInfoReplicator-0" daemon [_thread_blocked, id=16804, stack(0x0000000020830000,0x0000000020930000)]
  0x000000001cd1c800 JavaThread "DiscoveryClient-1" daemon [_thread_blocked, id=4516, stack(0x0000000020730000,0x0000000020830000)]
  0x000000001cd1f000 JavaThread "DiscoveryClient-0" daemon [_thread_blocked, id=14852, stack(0x0000000020530000,0x0000000020630000)]
  0x000000001cd1e000 JavaThread "AsyncResolver-bootstrap-0" daemon [_thread_blocked, id=13408, stack(0x0000000020030000,0x0000000020130000)]
  0x000000001cd22800 JavaThread "spring.cloud.inetutils" daemon [_thread_blocked, id=2084, stack(0x000000001fd30000,0x000000001fe30000)]
  0x000000001cd50800 JavaThread "lettuce-timer-3-1" daemon [_thread_blocked, id=11172, stack(0x000000001f630000,0x000000001f730000)]
  0x000000001cd24000 JavaThread "container-0" [_thread_blocked, id=8428, stack(0x000000001f330000,0x000000001f430000)]
  0x000000001e2a2800 JavaThread "Catalina-utility-2" [_thread_blocked, id=17260, stack(0x000000001f230000,0x000000001f330000)]
  0x000000001cd0c800 JavaThread "Catalina-utility-1" [_thread_blocked, id=12808, stack(0x000000001d160000,0x000000001d260000)]
  0x000000001b0f8000 JavaThread "Service Thread" daemon [_thread_blocked, id=16756, stack(0x000000001b9e0000,0x000000001bae0000)]
  0x000000001b06c800 JavaThread "C1 CompilerThread3" daemon [_thread_blocked, id=5004, stack(0x000000001b8e0000,0x000000001b9e0000)]
  0x000000001b062800 JavaThread "C2 CompilerThread2" daemon [_thread_blocked, id=9116, stack(0x000000001b7e0000,0x000000001b8e0000)]
  0x000000001b060000 JavaThread "C2 CompilerThread1" daemon [_thread_blocked, id=2912, stack(0x000000001b6e0000,0x000000001b7e0000)]
  0x000000001b05b000 JavaThread "C2 CompilerThread0" daemon [_thread_blocked, id=17180, stack(0x000000001b5e0000,0x000000001b6e0000)]
  0x000000001b05a800 JavaThread "Monitor Ctrl-Break" daemon [_thread_in_native, id=2956, stack(0x000000001b4e0000,0x000000001b5e0000)]
  0x000000001a522800 JavaThread "Attach Listener" daemon [_thread_blocked, id=16872, stack(0x000000001abe0000,0x000000001ace0000)]
  0x000000001a57b800 JavaThread "Signal Dispatcher" daemon [_thread_blocked, id=11056, stack(0x000000001aae0000,0x000000001abe0000)]
  0x0000000018715800 JavaThread "Finalizer" daemon [_thread_blocked, id=5168, stack(0x000000001a9e0000,0x000000001aae0000)]
  0x000000001a500800 JavaThread "Reference Handler" daemon [_thread_blocked, id=16160, stack(0x000000001a8e0000,0x000000001a9e0000)]

Other Threads:
  0x0000000018707000 VMThread [stack: 0x000000001a3e0000,0x000000001a4e0000] [id=15452]
  0x000000001affc800 WatcherThread [stack: 0x000000001bbe0000,0x000000001bce0000] [id=15584]

VM state:not at safepoint (normal execution)

VM Mutex/Monitor currently owned by a thread: None

heap address: 0x0000000081200000, size: 2030 MB, Compressed Oops mode: 32-bit
Narrow klass base: 0x0000000000000000, Narrow klass shift: 3
Compressed class space size: 1073741824 Address: 0x0000000100000000

Heap:
 PSYoungGen      total 318464K, used 311407K [0x00000000d5b80000, 0x00000000f1580000, 0x0000000100000000)
  eden space 301056K, 97% used [0x00000000d5b80000,0x00000000e7a9e418,0x00000000e8180000)
  from space 17408K, 99% used [0x00000000e8180000,0x00000000e927d990,0x00000000e9280000)
  to   space 33792K, 0% used [0x00000000ef480000,0x00000000ef480000,0x00000000f1580000)
 ParOldGen       total 78848K, used 59741K [0x0000000081200000, 0x0000000085f00000, 0x00000000d5b80000)
  object space 78848K, 75% used [0x0000000081200000,0x0000000084c577b8,0x0000000085f00000)
 Metaspace       used 54521K, capacity 58216K, committed 58328K, reserved 1099776K
  class space    used 7453K, capacity 8108K, committed 8192K, reserved 1048576K

Card table byte_map: [0x0000000012b00000,0x0000000012f00000] byte_map_base: 0x00000000126f7000

Marking Bits: (ParMarkBitMap*) 0x000000005d9a4ce0
 Begin Bits: [0x00000000139b0000, 0x0000000015968000)
 End Bits:   [0x0000000015968000, 0x0000000017920000)

Polling page: 0x00000000012f0000

CodeCache: size=245760Kb used=10279Kb max_used=10279Kb free=235480Kb
 bounds [0x0000000003740000, 0x0000000004150000, 0x0000000012740000]
 total_blobs=6085 nmethods=5489 adapters=508
 compilation: enabled

Compilation events (10 events):
Event: 99.429 Thread 0x000000001b06c800 5616       1       java.nio.DirectByteBuffer::put (17 bytes)
Event: 99.429 Thread 0x000000001b06c800 nmethod 5616 0x0000000004148290 code [0x0000000004148400, 0x00000000041485a8]
Event: 99.429 Thread 0x000000001b06c800 5617       1       java.util.Comparator$$Lambda$376/105146840::compare (14 bytes)
Event: 99.429 Thread 0x000000001b06c800 nmethod 5617 0x0000000004148690 code [0x0000000004148800, 0x0000000004148998]
Event: 99.429 Thread 0x000000001b06c800 5618       1       java.util.Comparator::lambda$thenComparing$36697e65$1 (29 bytes)
Event: 99.429 Thread 0x000000001b06c800 nmethod 5618 0x0000000004148a90 code [0x0000000004148c00, 0x0000000004148d98]
Event: 99.429 Thread 0x000000001b06c800 5619       1       java.lang.Double::compare (54 bytes)
Event: 99.430 Thread 0x000000001b06c800 nmethod 5619 0x0000000004148e50 code [0x0000000004148fa0, 0x00000000041491d0]
Event: 99.431 Thread 0x000000001b06c800 5620       1       org.apache.coyote.http11.Http11NioProtocol::getLog (4 bytes)
Event: 99.431 Thread 0x000000001b06c800 nmethod 5620 0x0000000004149210 code [0x0000000004149360, 0x0000000004149470]

GC Heap History (10 events):
Event: 4.528 GC heap before
{Heap before GC invocations=9 (full 1):
 PSYoungGen      total 142848K, used 142825K [0x00000000d5b80000, 0x00000000e4b80000, 0x0000000100000000)
  eden space 132608K, 100% used [0x00000000d5b80000,0x00000000ddd00000,0x00000000ddd00000)
  from space 10240K, 99% used [0x00000000ddd00000,0x00000000de6fa798,0x00000000de700000)
  to   space 12288K, 0% used [0x00000000e3f80000,0x00000000e3f80000,0x00000000e4b80000)
 ParOldGen       total 56832K, used 10151K [0x0000000081200000, 0x0000000084980000, 0x00000000d5b80000)
  object space 56832K, 17% used [0x0000000081200000,0x0000000081be9e68,0x0000000084980000)
 Metaspace       used 31540K, capacity 33594K, committed 33920K, reserved 1079296K
  class space    used 4341K, capacity 4709K, committed 4736K, reserved 1048576K
Event: 4.541 GC heap after
Heap after GC invocations=9 (full 1):
 PSYoungGen      total 229376K, used 12266K [0x00000000d5b80000, 0x00000000e4b80000, 0x0000000100000000)
  eden space 217088K, 0% used [0x00000000d5b80000,0x00000000d5b80000,0x00000000e2f80000)
  from space 12288K, 99% used [0x00000000e3f80000,0x00000000e4b7ab00,0x00000000e4b80000)
  to   space 13824K, 0% used [0x00000000e3080000,0x00000000e3080000,0x00000000e3e00000)
 ParOldGen       total 56832K, used 10453K [0x0000000081200000, 0x0000000084980000, 0x00000000d5b80000)
  object space 56832K, 18% used [0x0000000081200000,0x0000000081c35620,0x0000000084980000)
 Metaspace       used 31540K, capacity 33594K, committed 33920K, reserved 1079296K
  class space    used 4341K, capacity 4709K, committed 4736K, reserved 1048576K
}
Event: 4.693 GC heap before
{Heap before GC invocations=10 (full 1):
 PSYoungGen      total 229376K, used 34341K [0x00000000d5b80000, 0x00000000e4b80000, 0x0000000100000000)
  eden space 217088K, 10% used [0x00000000d5b80000,0x00000000d710e948,0x00000000e2f80000)
  from space 12288K, 99% used [0x00000000e3f80000,0x00000000e4b7ab00,0x00000000e4b80000)
  to   space 13824K, 0% used [0x00000000e3080000,0x00000000e3080000,0x00000000e3e00000)
 ParOldGen       total 56832K, used 10453K [0x0000000081200000, 0x0000000084980000, 0x00000000d5b80000)
  object space 56832K, 18% used [0x0000000081200000,0x0000000081c35620,0x0000000084980000)
 Metaspace       used 33259K, capacity 35344K, committed 35416K, reserved 1079296K
  class space    used 4573K, capacity 4964K, committed 4992K, reserved 1048576K
Event: 4.701 GC heap after
Heap after GC invocations=10 (full 1):
 PSYoungGen      total 231936K, used 9249K [0x00000000d5b80000, 0x00000000ea380000, 0x0000000100000000)
  eden space 218112K, 0% used [0x00000000d5b80000,0x00000000d5b80000,0x00000000e3080000)
  from space 13824K, 66% used [0x00000000e3080000,0x00000000e3988418,0x00000000e3e00000)
  to   space 13824K, 0% used [0x00000000e9600000,0x00000000e9600000,0x00000000ea380000)
 ParOldGen       total 56832K, used 10461K [0x0000000081200000, 0x0000000084980000, 0x00000000d5b80000)
  object space 56832K, 18% used [0x0000000081200000,0x0000000081c37620,0x0000000084980000)
 Metaspace       used 33259K, capacity 35344K, committed 35416K, reserved 1079296K
  class space    used 4573K, capacity 4964K, committed 4992K, reserved 1048576K
}
Event: 4.701 GC heap before
{Heap before GC invocations=11 (full 2):
 PSYoungGen      total 231936K, used 9249K [0x00000000d5b80000, 0x00000000ea380000, 0x0000000100000000)
  eden space 218112K, 0% used [0x00000000d5b80000,0x00000000d5b80000,0x00000000e3080000)
  from space 13824K, 66% used [0x00000000e3080000,0x00000000e3988418,0x00000000e3e00000)
  to   space 13824K, 0% used [0x00000000e9600000,0x00000000e9600000,0x00000000ea380000)
 ParOldGen       total 56832K, used 10461K [0x0000000081200000, 0x0000000084980000, 0x00000000d5b80000)
  object space 56832K, 18% used [0x0000000081200000,0x0000000081c37620,0x0000000084980000)
 Metaspace       used 33259K, capacity 35344K, committed 35416K, reserved 1079296K
  class space    used 4573K, capacity 4964K, committed 4992K, reserved 1048576K
Event: 4.743 GC heap after
Heap after GC invocations=11 (full 2):
 PSYoungGen      total 231936K, used 0K [0x00000000d5b80000, 0x00000000ea380000, 0x0000000100000000)
  eden space 218112K, 0% used [0x00000000d5b80000,0x00000000d5b80000,0x00000000e3080000)
  from space 13824K, 0% used [0x00000000e3080000,0x00000000e3080000,0x00000000e3e00000)
  to   space 13824K, 0% used [0x00000000e9600000,0x00000000e9600000,0x00000000ea380000)
 ParOldGen       total 78848K, used 15192K [0x0000000081200000, 0x0000000085f00000, 0x00000000d5b80000)
  object space 78848K, 19% used [0x0000000081200000,0x00000000820d63b0,0x0000000085f00000)
 Metaspace       used 33259K, capacity 35344K, committed 35416K, reserved 1079296K
  class space    used 4573K, capacity 4964K, committed 4992K, reserved 1048576K
}
Event: 7.941 GC heap before
{Heap before GC invocations=12 (full 2):
 PSYoungGen      total 231936K, used 218112K [0x00000000d5b80000, 0x00000000ea380000, 0x0000000100000000)
  eden space 218112K, 100% used [0x00000000d5b80000,0x00000000e3080000,0x00000000e3080000)
  from space 13824K, 0% used [0x00000000e3080000,0x00000000e3080000,0x00000000e3e00000)
  to   space 13824K, 0% used [0x00000000e9600000,0x00000000e9600000,0x00000000ea380000)
 ParOldGen       total 78848K, used 15192K [0x0000000081200000, 0x0000000085f00000, 0x00000000d5b80000)
  object space 78848K, 19% used [0x0000000081200000,0x00000000820d63b0,0x0000000085f00000)
 Metaspace       used 47015K, capacity 50284K, committed 50392K, reserved 1093632K
  class space    used 6552K, capacity 7150K, committed 7168K, reserved 1048576K
Event: 7.956 GC heap after
Heap after GC invocations=12 (full 2):
 PSYoungGen      total 308224K, used 13794K [0x00000000d5b80000, 0x00000000ea380000, 0x0000000100000000)
  eden space 294400K, 0% used [0x00000000d5b80000,0x00000000d5b80000,0x00000000e7b00000)
  from space 13824K, 99% used [0x00000000e9600000,0x00000000ea378970,0x00000000ea380000)
  to   space 17408K, 0% used [0x00000000e8180000,0x00000000e8180000,0x00000000e9280000)
 ParOldGen       total 78848K, used 20324K [0x0000000081200000, 0x0000000085f00000, 0x00000000d5b80000)
  object space 78848K, 25% used [0x0000000081200000,0x00000000825d9000,0x0000000085f00000)
 Metaspace       used 47015K, capacity 50284K, committed 50392K, reserved 1093632K
  class space    used 6552K, capacity 7150K, committed 7168K, reserved 1048576K
}
Event: 49.226 GC heap before
{Heap before GC invocations=13 (full 2):
 PSYoungGen      total 308224K, used 303536K [0x00000000d5b80000, 0x00000000ea380000, 0x0000000100000000)
  eden space 294400K, 98% used [0x00000000d5b80000,0x00000000e7673a30,0x00000000e7b00000)
  from space 13824K, 99% used [0x00000000e9600000,0x00000000ea378970,0x00000000ea380000)
  to   space 17408K, 0% used [0x00000000e8180000,0x00000000e8180000,0x00000000e9280000)
 ParOldGen       total 78848K, used 20324K [0x0000000081200000, 0x0000000085f00000, 0x00000000d5b80000)
  object space 78848K, 25% used [0x0000000081200000,0x00000000825d9000,0x0000000085f00000)
 Metaspace       used 54179K, capacity 57758K, committed 57944K, reserved 1099776K
  class space    used 7398K, capacity 8029K, committed 8064K, reserved 1048576K
Event: 49.249 GC heap after
Heap after GC invocations=13 (full 2):
 PSYoungGen      total 318464K, used 17398K [0x00000000d5b80000, 0x00000000f1580000, 0x0000000100000000)
  eden space 301056K, 0% used [0x00000000d5b80000,0x00000000d5b80000,0x00000000e8180000)
  from space 17408K, 99% used [0x00000000e8180000,0x00000000e927d990,0x00000000e9280000)
  to   space 33792K, 0% used [0x00000000ef480000,0x00000000ef480000,0x00000000f1580000)
 ParOldGen       total 78848K, used 59741K [0x0000000081200000, 0x0000000085f00000, 0x00000000d5b80000)
  object space 78848K, 75% used [0x0000000081200000,0x0000000084c577b8,0x0000000085f00000)
 Metaspace       used 54179K, capacity 57758K, committed 57944K, reserved 1099776K
  class space    used 7398K, capacity 8029K, committed 8064K, reserved 1048576K
}

Deoptimization events (0 events):
No events

Classes redefined (0 events):
No events

Internal exceptions (10 events):
Event: 75.267 Thread 0x000000001e622000 Exception <a 'java/lang/ArrayIndexOutOfBoundsException'> (0x00000000d886eed8) thrown at [C:\re\workspace\8-2-build-windows-amd64-cygwin\jdk8u201\12322\hotspot\src\share\vm\runtime\sharedRuntime.cpp, line 605]
Event: 76.651 Thread 0x000000001cd1d800 Exception <a 'java/lang/NoSuchMethodError': java.lang.Object.lambda$invoke$0()Ljava/lang/Object;> (0x00000000d9098a38) thrown at [C:\re\workspace\8-2-build-windows-amd64-cygwin\jdk8u201\12322\hotspot\src\share\vm\interpreter\linkResolver.cpp, line 620]
Event: 76.687 Thread 0x000000001cd1d800 Exception <a 'java/lang/ArrayIndexOutOfBoundsException'> (0x00000000d9691b30) thrown at [C:\re\workspace\8-2-build-windows-amd64-cygwin\jdk8u201\12322\hotspot\src\share\vm\runtime\sharedRuntime.cpp, line 605]
Event: 76.687 Thread 0x000000001cd1d800 Exception <a 'java/lang/ArrayIndexOutOfBoundsException'> (0x00000000d9693860) thrown at [C:\re\workspace\8-2-build-windows-amd64-cygwin\jdk8u201\12322\hotspot\src\share\vm\runtime\sharedRuntime.cpp, line 605]
Event: 76.690 Thread 0x000000001cd1f800 Exception <a 'java/lang/ArrayIndexOutOfBoundsException'> (0x00000000d953dad8) thrown at [C:\re\workspace\8-2-build-windows-amd64-cygwin\jdk8u201\12322\hotspot\src\share\vm\runtime\sharedRuntime.cpp, line 605]
Event: 76.690 Thread 0x000000001cd1d800 Exception <a 'java/lang/ArrayIndexOutOfBoundsException'> (0x00000000d96995f8) thrown at [C:\re\workspace\8-2-build-windows-amd64-cygwin\jdk8u201\12322\hotspot\src\share\vm\runtime\sharedRuntime.cpp, line 605]
Event: 97.285 Thread 0x000000001e61c800 Exception <a 'java/io/IOException'> (0x00000000e3705cc0) thrown at [C:\re\workspace\8-2-build-windows-amd64-cygwin\jdk8u201\12322\hotspot\src\share\vm\prims\jni.cpp, line 709]
Event: 97.461 Thread 0x000000001e622800 Exception <a 'java/net/SocketTimeoutException': Read timed out> (0x00000000d7794c70) thrown at [C:\re\workspace\8-2-build-windows-amd64-cygwin\jdk8u201\12322\hotspot\src\share\vm\prims\jni.cpp, line 735]
Event: 97.477 Thread 0x000000001e623800 Exception <a 'java/net/SocketTimeoutException': Read timed out> (0x00000000d7934188) thrown at [C:\re\workspace\8-2-build-windows-amd64-cygwin\jdk8u201\12322\hotspot\src\share\vm\prims\jni.cpp, line 735]
Event: 99.298 Thread 0x000000001e61c000 Exception <a 'java/io/IOException'> (0x00000000e59f0e68) thrown at [C:\re\workspace\8-2-build-windows-amd64-cygwin\jdk8u201\12322\hotspot\src\share\vm\prims\jni.cpp, line 709]

Events (10 events):
Event: 89.339 loading class io/netty/buffer/PoolArena$1
Event: 89.339 loading class io/netty/buffer/PoolArena$1 done
Event: 99.328 Executing VM operation: RevokeBias
Event: 99.328 Executing VM operation: RevokeBias done
Event: 99.399 loading class sun/reflect/GeneratedMethodAccessor65
Event: 99.399 loading class sun/reflect/GeneratedMethodAccessor65 done
Event: 99.400 loading class sun/reflect/GeneratedMethodAccessor65
Event: 99.400 loading class sun/reflect/GeneratedMethodAccessor65 done
Event: 99.402 loading class sun/reflect/GeneratedMethodAccessor65
Event: 99.402 loading class sun/reflect/GeneratedMethodAccessor65 done


Dynamic libraries:
0x00007ff6748f0000 - 0x00007ff674927000 	C:\Program Files\Java\jdk1.8.0_201\bin\java.exe
0x00007ffb96d10000 - 0x00007ffb96f05000 	C:\WINDOWS\SYSTEM32\ntdll.dll
0x00007ffb957f0000 - 0x00007ffb958ae000 	C:\WINDOWS\System32\KERNEL32.DLL
0x00007ffb94930000 - 0x00007ffb94bf9000 	C:\WINDOWS\System32\KERNELBASE.dll
0x00007ffb95a50000 - 0x00007ffb95afc000 	C:\WINDOWS\System32\ADVAPI32.dll
0x00007ffb956c0000 - 0x00007ffb9575e000 	C:\WINDOWS\System32\msvcrt.dll
0x00007ffb94d90000 - 0x00007ffb94e2b000 	C:\WINDOWS\System32\sechost.dll
0x00007ffb95d40000 - 0x00007ffb95e6a000 	C:\WINDOWS\System32\RPCRT4.dll
0x00007ffb96b20000 - 0x00007ffb96cc1000 	C:\WINDOWS\System32\USER32.dll
0x00007ffb94710000 - 0x00007ffb94732000 	C:\WINDOWS\System32\win32u.dll
0x00007ffb96af0000 - 0x00007ffb96b1b000 	C:\WINDOWS\System32\GDI32.dll
0x00007ffb94c50000 - 0x00007ffb94d5b000 	C:\WINDOWS\System32\gdi32full.dll
0x00007ffb94530000 - 0x00007ffb945cd000 	C:\WINDOWS\System32\msvcp_win.dll
0x00007ffb94430000 - 0x00007ffb94530000 	C:\WINDOWS\System32\ucrtbase.dll
0x00007ffb85b50000 - 0x00007ffb85dea000 	C:\WINDOWS\WinSxS\amd64_microsoft.windows.common-controls_6595b64144ccf1df_6.0.19041.1110_none_60b5254171f9507e\COMCTL32.dll
0x00007ffb94d60000 - 0x00007ffb94d90000 	C:\WINDOWS\System32\IMM32.DLL
0x000000005e860000 - 0x000000005e931000 	C:\Program Files\Java\jdk1.8.0_201\jre\bin\msvcr100.dll
0x000000005d180000 - 0x000000005da24000 	C:\Program Files\Java\jdk1.8.0_201\jre\bin\server\jvm.dll
0x00007ffb968e0000 - 0x00007ffb968e8000 	C:\WINDOWS\System32\PSAPI.DLL
0x00007ffb87350000 - 0x00007ffb87377000 	C:\WINDOWS\SYSTEM32\WINMM.dll
0x00007ffb8f260000 - 0x00007ffb8f269000 	C:\WINDOWS\SYSTEM32\WSOCK32.dll
0x00007ffb967e0000 - 0x00007ffb9684b000 	C:\WINDOWS\System32\WS2_32.dll
0x00007ffb8b3f0000 - 0x00007ffb8b3fa000 	C:\WINDOWS\SYSTEM32\VERSION.dll
0x00007ffb8dc60000 - 0x00007ffb8dc6f000 	C:\Program Files\Java\jdk1.8.0_201\jre\bin\verify.dll
0x00007ffb737c0000 - 0x00007ffb737e9000 	C:\Program Files\Java\jdk1.8.0_201\jre\bin\java.dll
0x00007ffb73210000 - 0x00007ffb73233000 	C:\Program Files\Java\jdk1.8.0_201\jre\bin\instrument.dll
0x00007ffb7a730000 - 0x00007ffb7a746000 	C:\Program Files\Java\jdk1.8.0_201\jre\bin\zip.dll
0x00007ffb95e70000 - 0x00007ffb965af000 	C:\WINDOWS\System32\SHELL32.dll
0x00007ffb92170000 - 0x00007ffb92900000 	C:\WINDOWS\SYSTEM32\windows.storage.dll
0x00007ffb952b0000 - 0x00007ffb95605000 	C:\WINDOWS\System32\combase.dll
0x00007ffb93e80000 - 0x00007ffb93eac000 	C:\WINDOWS\SYSTEM32\Wldp.dll
0x00007ffb95610000 - 0x00007ffb956bd000 	C:\WINDOWS\System32\SHCORE.dll
0x00007ffb958b0000 - 0x00007ffb95905000 	C:\WINDOWS\System32\shlwapi.dll
0x00007ffb94370000 - 0x00007ffb9438f000 	C:\WINDOWS\SYSTEM32\profapi.dll
0x00007ffb67190000 - 0x00007ffb671aa000 	F:\subject\IDEA 2018_sssam.com\IntelliJ IDEA 2018.2.4\bin\breakgen64.dll
0x00007ffb730a0000 - 0x00007ffb730ba000 	C:\Program Files\Java\jdk1.8.0_201\jre\bin\net.dll
0x00007ffb82500000 - 0x00007ffb826eb000 	C:\WINDOWS\SYSTEM32\urlmon.dll
0x00007ffb82a60000 - 0x00007ffb82d10000 	C:\WINDOWS\SYSTEM32\iertutil.dll
0x00007ffb824d0000 - 0x00007ffb824f8000 	C:\WINDOWS\SYSTEM32\srvcli.dll
0x00007ffb93a30000 - 0x00007ffb93a3c000 	C:\WINDOWS\SYSTEM32\netutils.dll
0x00007ffb93be0000 - 0x00007ffb93c4a000 	C:\WINDOWS\system32\mswsock.dll
0x00007ffb93880000 - 0x00007ffb938bb000 	C:\WINDOWS\SYSTEM32\IPHLPAPI.DLL
0x00007ffb95a40000 - 0x00007ffb95a48000 	C:\WINDOWS\System32\NSI.dll
0x00007ffb89750000 - 0x00007ffb89767000 	C:\WINDOWS\SYSTEM32\dhcpcsvc6.DLL
0x00007ffb8b230000 - 0x00007ffb8b24d000 	C:\WINDOWS\SYSTEM32\dhcpcsvc.DLL
0x00007ffb938c0000 - 0x00007ffb9398c000 	C:\WINDOWS\SYSTEM32\DNSAPI.dll
0x00007ffb8b560000 - 0x00007ffb8b56a000 	C:\Windows\System32\rasadhlp.dll
0x00007ffb82e60000 - 0x00007ffb82edf000 	C:\WINDOWS\System32\fwpuclnt.dll
0x00007ffb94630000 - 0x00007ffb94657000 	C:\WINDOWS\System32\bcrypt.dll
0x00007ffb8dc10000 - 0x00007ffb8dc1d000 	C:\Program Files\Java\jdk1.8.0_201\jre\bin\management.dll
0x00007ffb76820000 - 0x00007ffb76837000 	C:\WINDOWS\system32\napinsp.dll
0x00007ffb76710000 - 0x00007ffb7672b000 	C:\WINDOWS\system32\pnrpnsp.dll
0x00007ffb8e7d0000 - 0x00007ffb8e7e5000 	C:\WINDOWS\system32\wshbth.dll
0x00007ffb8f180000 - 0x00007ffb8f19d000 	C:\WINDOWS\system32\NLAapi.dll
0x00007ffb766f0000 - 0x00007ffb76702000 	C:\WINDOWS\System32\winrnr.dll
0x00007ffb72120000 - 0x00007ffb72131000 	C:\Program Files\Java\jdk1.8.0_201\jre\bin\nio.dll
0x00007ffb93dd0000 - 0x00007ffb93de8000 	C:\WINDOWS\SYSTEM32\CRYPTSP.dll
0x00007ffb934f0000 - 0x00007ffb93524000 	C:\WINDOWS\system32\rsaenh.dll
0x00007ffb94330000 - 0x00007ffb9435e000 	C:\WINDOWS\SYSTEM32\USERENV.dll
0x00007ffb94740000 - 0x00007ffb947c3000 	C:\WINDOWS\System32\bcryptprimitives.dll
0x00007ffb93df0000 - 0x00007ffb93dfc000 	C:\WINDOWS\SYSTEM32\CRYPTBASE.dll
0x00007ffb658f0000 - 0x00007ffb65914000 	C:\Program Files\Java\jdk1.8.0_201\jre\bin\sunec.dll
0x00007ffb428f0000 - 0x00007ffb4572d000 	C:\Users\lenovo\Desktop\人脸识别\Face-recognition-main\ArcSoft_ArcFace_Java_Windows_x64_V3.0\libs\WIN64\libarcsoft_face.dll
0x00007ffb7a340000 - 0x00007ffb7a3e6000 	C:\WINDOWS\SYSTEM32\MSVCP120.dll
0x00007ffb7a250000 - 0x00007ffb7a33f000 	C:\WINDOWS\SYSTEM32\MSVCR120.dll
0x00007ffb5fcb0000 - 0x00007ffb5fd2f000 	C:\Users\lenovo\Desktop\人脸识别\Face-recognition-main\ArcSoft_ArcFace_Java_Windows_x64_V3.0\libs\WIN64\libarcsoft_face_engine.dll
0x00007ffb95c30000 - 0x00007ffb95c86000 	C:\WINDOWS\System32\WLDAP32.dll
0x00007ffb658c0000 - 0x00007ffb658e5000 	C:\Users\lenovo\Desktop\人脸识别\Face-recognition-main\ArcSoft_ArcFace_Java_Windows_x64_V3.0\libs\WIN64\libarcsoft_face_engine_jni.dll
0x00007ffb519b0000 - 0x00007ffb51b49000 	C:\Program Files\Java\jdk1.8.0_201\jre\bin\awt.dll
0x00007ffb95b00000 - 0x00007ffb95bcd000 	C:\WINDOWS\System32\OLEAUT32.dll
0x00007ffb90a90000 - 0x00007ffb90b20000 	C:\WINDOWS\SYSTEM32\apphelp.dll
0x00007ffb651b0000 - 0x00007ffb651e1000 	C:\Program Files\Java\jdk1.8.0_201\jre\bin\jpeg.dll
0x00007ffb64870000 - 0x00007ffb648ae000 	C:\Program Files\Java\jdk1.8.0_201\jre\bin\lcms.dll
0x00007ffb929d0000 - 0x00007ffb92bb4000 	C:\WINDOWS\SYSTEM32\dbghelp.dll

VM Arguments:
jvm_args: -XX:CompileCommand=exclude,org/hibernate/cfg/annotations/SimpleValueBinder.setType -XX:TieredStopAtLevel=1 -Xverify:none -Dspring.output.ansi.enabled=always -javaagent:F:\subject\IDEA 2018_sssam.com\IntelliJ IDEA 2018.2.4\lib\idea_rt.jar=62573:F:\subject\IDEA 2018_sssam.com\IntelliJ IDEA 2018.2.4\bin -Dfile.encoding=UTF-8 
java_command: com.tangcheng.face_corn.FaceCornApplication
java_class_path (initial): C:\Program Files\Java\jdk1.8.0_201\jre\lib\charsets.jar;C:\Program Files\Java\jdk1.8.0_201\jre\lib\deploy.jar;C:\Program Files\Java\jdk1.8.0_201\jre\lib\ext\access-bridge-64.jar;C:\Program Files\Java\jdk1.8.0_201\jre\lib\ext\cldrdata.jar;C:\Program Files\Java\jdk1.8.0_201\jre\lib\ext\dnsns.jar;C:\Program Files\Java\jdk1.8.0_201\jre\lib\ext\jaccess.jar;C:\Program Files\Java\jdk1.8.0_201\jre\lib\ext\jfxrt.jar;C:\Program Files\Java\jdk1.8.0_201\jre\lib\ext\localedata.jar;C:\Program Files\Java\jdk1.8.0_201\jre\lib\ext\nashorn.jar;C:\Program Files\Java\jdk1.8.0_201\jre\lib\ext\sunec.jar;C:\Program Files\Java\jdk1.8.0_201\jre\lib\ext\sunjce_provider.jar;C:\Program Files\Java\jdk1.8.0_201\jre\lib\ext\sunmscapi.jar;C:\Program Files\Java\jdk1.8.0_201\jre\lib\ext\sunpkcs11.jar;C:\Program Files\Java\jdk1.8.0_201\jre\lib\ext\zipfs.jar;C:\Program Files\Java\jdk1.8.0_201\jre\lib\javaws.jar;C:\Program Files\Java\jdk1.8.0_201\jre\lib\jce.jar;C:\Program Files\Java\jdk1.8.0_201\jre\lib\jfr.jar;C:\Program Files\Java\jdk1.8.0_201\jre\lib\jfxswt.jar;C:\Program Files\Java\jdk1.8.0_201\jre\lib\jsse.jar;C:\Program Files\Java\jdk1.8.0_201\jre\lib\management-agent.jar;C:\Program Files\Java\jdk1.8.0_201\jre\lib\plugin.jar;C:\Program Files\Java\jdk1.8.0_201\jre\lib\resources.jar;C:\Program Files\Java\jdk1.8.0_201\jre\lib\rt.jar;C:\Users\lenovo\Desktop\人脸识别\Face-recognition-main\facesystem\face_corn\target\classes;C:\Users\lenovo\Desktop\人脸识别\Face-recognition-main\facesystem\common\target\classes;F:\subject\JavaWeb\maven-l\com\auth0\java-jwt\3.4.0\java-jwt-3.4.0.jar;F:\subject\JavaWeb\maven-l\commons-codec\commons-codec\1.15\commons-codec-1.15.jar;F:\subject\JavaWeb\maven-l\com\aliyun\oss\aliyun-sdk-oss\3.12.0\aliyun-sdk-oss-3.12.0.jar;F:\subject\JavaWeb\maven-l\org\apache\httpcomponents\httpclient\4.5.13\httpclient-4.5.13.jar;F:\subject\JavaWeb\maven-l\org\apache\httpcomponents\httpcore\4.4.14\httpcore-4.4.14.jar;F:\subject\JavaWeb\maven-l\org\jdom\jdom2\2.
Launcher Type: SUN_STANDARD

Environment Variables:
JAVA_HOME=C:\Program Files\Java\jdk1.8.0_201
CLASSPATH=.;C:\Program Files\Java\jdk1.8.0_201\lib\dt.jar,C:\Program Files\Java\jdk1.8.0_201\lib\tools.jar;F:\subject\JavaWeb\apache-tomcat-8.5.45\lib\servlet-api.jar
PATH=C:\Program Files (x86)\Common Files\Oracle\Java\javapath;C:\WINDOWS\system32;C:\WINDOWS;C:\WINDOWS\System32\Wbem;C:\WINDOWS\System32\WindowsPowerShell\v1.0\;C:\WINDOWS\System32\OpenSSH\;F:\subject\JavaWeb\apache-tomcat-8.5.45\bin;F:\subject\JavaWeb\apache-tomcat-8.5.45\lib;C:\Program Files\NVIDIA Corporation\NVIDIA NvDLISR;F:\subject\JavaWeb\apache-maven-3.3.9\bin;F:\subject\JavaWeb\Gradle\gradle-6.9.1\bin;F:\subject\JavaWeb\nodejs;C:\Program Files\Java\jdk1.8.0_201\bin;C:\Program Files\MySQL\MySQL Server 8.0\bin;F:\subject\JavaWeb\env\MongoDB\bin;C:\Users\lenovo\AppData\Local\Microsoft\WindowsApps;F:\subject\PyCharm\PyCharm Community Edition 2020.3.3\bin;;F:\subject\JavaWeb\Microsoft VS Code\bin;F:\subject\JavaWeb\nodejs\node_global;
USERNAME=lenovo
OS=Windows_NT
PROCESSOR_IDENTIFIER=Intel64 Family 6 Model 158 Stepping 10, GenuineIntel



---------------  S Y S T E M  ---------------

OS: Windows 10.0 , 64 bit Build 19041 (10.0.19041.1202)

CPU:total 8 (initial active 8) (4 cores per cpu, 2 threads per core) family 6 model 158 stepping 10, cmov, cx8, fxsr, mmx, sse, sse2, sse3, ssse3, sse4.1, sse4.2, popcnt, avx, avx2, aes, clmul, erms, 3dnowpref, lzcnt, ht, tsc, tscinvbit, bmi1, bmi2, adx

Memory: 4k page, physical 8306932k(579704k free), swap 18792692k(4736664k free)

vm_info: Java HotSpot(TM) 64-Bit Server VM (25.201-b09) for windows-amd64 JRE (1.8.0_201-b09), built on Dec 15 2018 18:36:39 by "java_re" with MS VC++ 10.0 (VS2010)

time: Sun Oct 31 00:33:12 2021
timezone: 中国标准时间
elapsed time: 99 seconds (0d 0h 1m 39s)

