#
# A fatal error has been detected by the Java Runtime Environment:
#
#  EXCEPTION_ACCESS_VIOLATION (0xc0000005) at pc=0x00007ffb43e4e0e5, pid=17244, tid=0x0000000000001834
#
# JRE version: Java(TM) SE Runtime Environment (8.0_201-b09) (build 1.8.0_201-b09)
# Java VM: Java HotSpot(TM) 64-Bit Server VM (25.201-b09 mixed mode windows-amd64 compressed oops)
# Problematic frame:
# C  [libarcsoft_face.dll+0xe0e5]
#
# Failed to write core dump. Minidumps are not enabled by default on client versions of Windows
#
# If you would like to submit a bug report, please visit:
#   http://bugreport.java.com/bugreport/crash.jsp
# The crash happened outside the Java Virtual Machine in native code.
# See problematic frame for where to report the bug.
#

---------------  T H R E A D  ---------------

Current thread (0x000000001dcba800):  JavaThread "http-nio-8081-exec-3" daemon [_thread_in_native, id=6196, stack(0x00000000201e0000,0x00000000202e0000)]

siginfo: ExceptionCode=0xc0000005, writing address 0xfffffffe252f8e60

Registers:
RAX=0x000000000000000c, RBX=0x0000000080002000, RCX=0x000000000000000d, RDX=0xffffffff80000000
RSP=0x00000000202dca00, RBP=0x0000000080000000, RSI=0x0000000000000140, RDI=0x0000000080000000
R8 =0x00000000000000ff, R9 =0x0000000000000000, R10=0x0000000080001000, R11=0x00000000252f8e60
R12=0x0000000000000040, R13=0x0000000000000040, R14=0x0000000000000000, R15=0x000000001dfca420
RIP=0x00007ffb43e4e0e5, EFLAGS=0x0000000000010206

Top of Stack: (sp=0x00000000202dca00)
0x00000000202dca00:   0000000000000000 0000000000002000
0x00000000202dca10:   0000000000000010 0000000000000040
0x00000000202dca20:   0000000000000000 0000000025305780
0x00000000202dca30:   00000000202dcb40 00007ffb43e4c5f2
0x00000000202dca40:   0000000000000000 00007ffb43e517a3
0x00000000202dca50:   00000000253606f0 0000000025360660
0x00000000202dca60:   0000000080000000 000000000000000d
0x00000000202dca70:   000000000000000c 0000000000000010
0x00000000202dca80:   0000000000000000 0000000000000000
0x00000000202dca90:   0000000000000040 00000000000003c0
0x00000000202dcaa0:   0000000000000000 0000000000000000
0x00000000202dcab0:   0000000000000040 00000000202dcbd8
0x00000000202dcac0:   0000000000000000 0000000000000040
0x00000000202dcad0:   0000000000000040 00000000252f8e60
0x00000000202dcae0:   00000000203dd500 00007ffb43e4bf04
0x00000000202dcaf0:   0000000080000000 00007ffb000000f0 

Instructions: (pc=0x00007ffb43e4e0e5)
0x00007ffb43e4e0c5:   0f 4f c8 45 33 c9 85 c9 41 0f 48 c9 41 3b c0 41
0x00007ffb43e4e0d5:   0f 4f c0 85 c0 41 0f 48 c1 66 0f 6e c1 0f 5b c0
0x00007ffb43e4e0e5:   f3 41 0f 11 04 93 66 0f 6e c0 49 63 c2 0f 5b c0
0x00007ffb43e4e0f5:   f3 41 0f 11 04 83 8b 44 24 78 eb 51 83 f9 01 75 


Register to memory mapping:

RAX=0x000000000000000c is an unknown value
RBX=0x0000000080002000 is an unknown value
RCX=0x000000000000000d is an unknown value
RDX=0xffffffff80000000 is an unknown value
RSP=0x00000000202dca00 is pointing into the stack for thread: 0x000000001dcba800
RBP=0x0000000080000000 is an unknown value
RSI=0x0000000000000140 is an unknown value
RDI=0x0000000080000000 is an unknown value
R8 =0x00000000000000ff is an unknown value
R9 =0x0000000000000000 is an unknown value
R10=0x0000000080001000 is an unknown value
R11=0x00000000252f8e60 is an unknown value
R12=0x0000000000000040 is an unknown value
R13=0x0000000000000040 is an unknown value
R14=0x0000000000000000 is an unknown value
R15=0x000000001dfca420 is an unknown value


Stack: [0x00000000201e0000,0x00000000202e0000],  sp=0x00000000202dca00,  free space=1010k
Native frames: (J=compiled Java code, j=interpreted, Vv=VM code, C=native code)
C  [libarcsoft_face.dll+0xe0e5]
C  [libarcsoft_face.dll+0xc5f2]
C  [libarcsoft_face.dll+0xbf04]
C  [libarcsoft_face.dll+0x9049]
C  [libarcsoft_face.dll+0x89bc]
C  [libarcsoft_face.dll+0x7d0a]
C  [libarcsoft_face.dll+0x3c88]
C  [libarcsoft_face_engine.dll+0x58ca]
C  [libarcsoft_face_engine_jni.dll+0x18f6]
C  0x0000000002da8c67

Java frames: (J=compiled Java code, j=interpreted, Vv=VM code)
j  com.arcsoft.face.FaceEngine.detectFaces(J[BIIII[Lcom/arcsoft/face/FaceInfo;)I+0
j  com.arcsoft.face.FaceEngine.detectFaces([BIILcom/arcsoft/face/enums/ImageFormat;Lcom/arcsoft/face/enums/DetectModel;Ljava/util/List;)I+107
j  com.arcsoft.face.FaceEngine.detectFaces([BIILcom/arcsoft/face/enums/ImageFormat;Ljava/util/List;)I+11
j  com.tangcheng.face_corn.service.impl.faceServiceImpl.facesearch(Ljava/io/InputStream;Ljava/util/List;)Ljava/lang/String;+45
j  com.tangcheng.face_corn.controller.faceController.facesearch(Ljava/lang/String;Ljava/util/List;)Lresult/Result;+22
j  sun.reflect.GeneratedMethodAccessor65.invoke(Ljava/lang/Object;[Ljava/lang/Object;)Ljava/lang/Object;+48
J 1627 C1 sun.reflect.DelegatingMethodAccessorImpl.invoke(Ljava/lang/Object;[Ljava/lang/Object;)Ljava/lang/Object; (10 bytes) @ 0x0000000003100e64 [0x0000000003100e20+0x44]
J 1626 C1 java.lang.reflect.Method.invoke(Ljava/lang/Object;[Ljava/lang/Object;)Ljava/lang/Object; (62 bytes) @ 0x0000000003100a94 [0x00000000031009a0+0xf4]
j  org.springframework.web.method.support.InvocableHandlerMethod.doInvoke([Ljava/lang/Object;)Ljava/lang/Object;+32
j  org.springframework.web.method.support.InvocableHandlerMethod.invokeForRequest(Lorg/springframework/web/context/request/NativeWebRequest;Lorg/springframework/web/method/support/ModelAndViewContainer;[Ljava/lang/Object;)Ljava/lang/Object;+54
j  org.springframework.web.servlet.mvc.method.annotation.ServletInvocableHandlerMethod.invokeAndHandle(Lorg/springframework/web/context/request/ServletWebRequest;Lorg/springframework/web/method/support/ModelAndViewContainer;[Ljava/lang/Object;)V+4
j  org.springframework.web.servlet.mvc.method.annotation.RequestMappingHandlerAdapter.invokeHandlerMethod(Ljavax/servlet/http/HttpServletRequest;Ljavax/servlet/http/HttpServletResponse;Lorg/springframework/web/method/HandlerMethod;)Lorg/springframework/web/servlet/ModelAndView;+244
j  org.springframework.web.servlet.mvc.method.annotation.RequestMappingHandlerAdapter.handleInternal(Ljavax/servlet/http/HttpServletRequest;Ljavax/servlet/http/HttpServletResponse;Lorg/springframework/web/method/HandlerMethod;)Lorg/springframework/web/servlet/ModelAndView;+81
j  org.springframework.web.servlet.mvc.method.AbstractHandlerMethodAdapter.handle(Ljavax/servlet/http/HttpServletRequest;Ljavax/servlet/http/HttpServletResponse;Ljava/lang/Object;)Lorg/springframework/web/servlet/ModelAndView;+7
j  org.springframework.web.servlet.DispatcherServlet.doDispatch(Ljavax/servlet/http/HttpServletRequest;Ljavax/servlet/http/HttpServletResponse;)V+259
j  org.springframework.web.servlet.DispatcherServlet.doService(Ljavax/servlet/http/HttpServletRequest;Ljavax/servlet/http/HttpServletResponse;)V+241
j  org.springframework.web.servlet.FrameworkServlet.processRequest(Ljavax/servlet/http/HttpServletRequest;Ljavax/servlet/http/HttpServletResponse;)V+71
j  org.springframework.web.servlet.FrameworkServlet.doPost(Ljavax/servlet/http/HttpServletRequest;Ljavax/servlet/http/HttpServletResponse;)V+3
j  javax.servlet.http.HttpServlet.service(Ljavax/servlet/http/HttpServletRequest;Ljavax/servlet/http/HttpServletResponse;)V+149
j  org.springframework.web.servlet.FrameworkServlet.service(Ljavax/servlet/http/HttpServletRequest;Ljavax/servlet/http/HttpServletResponse;)V+33
j  javax.servlet.http.HttpServlet.service(Ljavax/servlet/ServletRequest;Ljavax/servlet/ServletResponse;)V+36
J 5515 C1 org.apache.catalina.core.ApplicationFilterChain.internalDoFilter(Ljavax/servlet/ServletRequest;Ljavax/servlet/ServletResponse;)V (388 bytes) @ 0x0000000003774e14 [0x0000000003774c00+0x214]
J 5514 C1 org.apache.catalina.core.ApplicationFilterChain.doFilter(Ljavax/servlet/ServletRequest;Ljavax/servlet/ServletResponse;)V (103 bytes) @ 0x00000000037747d4 [0x00000000037747a0+0x34]
j  org.apache.tomcat.websocket.server.WsFilter.doFilter(Ljavax/servlet/ServletRequest;Ljavax/servlet/ServletResponse;Ljavax/servlet/FilterChain;)V+21
J 5515 C1 org.apache.catalina.core.ApplicationFilterChain.internalDoFilter(Ljavax/servlet/ServletRequest;Ljavax/servlet/ServletResponse;)V (388 bytes) @ 0x0000000003775034 [0x0000000003774c00+0x434]
J 5514 C1 org.apache.catalina.core.ApplicationFilterChain.doFilter(Ljavax/servlet/ServletRequest;Ljavax/servlet/ServletResponse;)V (103 bytes) @ 0x00000000037747d4 [0x00000000037747a0+0x34]
j  org.springframework.web.filter.RequestContextFilter.doFilterInternal(Ljavax/servlet/http/HttpServletRequest;Ljavax/servlet/http/HttpServletResponse;Ljavax/servlet/FilterChain;)V+21
J 5777 C1 org.springframework.web.filter.OncePerRequestFilter.doFilter(Ljavax/servlet/ServletRequest;Ljavax/servlet/ServletResponse;Ljavax/servlet/FilterChain;)V (175 bytes) @ 0x00000000037d0754 [0x00000000037d0400+0x354]
J 5515 C1 org.apache.catalina.core.ApplicationFilterChain.internalDoFilter(Ljavax/servlet/ServletRequest;Ljavax/servlet/ServletResponse;)V (388 bytes) @ 0x0000000003775034 [0x0000000003774c00+0x434]
J 5514 C1 org.apache.catalina.core.ApplicationFilterChain.doFilter(Ljavax/servlet/ServletRequest;Ljavax/servlet/ServletResponse;)V (103 bytes) @ 0x00000000037747d4 [0x00000000037747a0+0x34]
j  org.springframework.web.filter.FormContentFilter.doFilterInternal(Ljavax/servlet/http/HttpServletRequest;Ljavax/servlet/http/HttpServletResponse;Ljavax/servlet/FilterChain;)V+38
J 5777 C1 org.springframework.web.filter.OncePerRequestFilter.doFilter(Ljavax/servlet/ServletRequest;Ljavax/servlet/ServletResponse;Ljavax/servlet/FilterChain;)V (175 bytes) @ 0x00000000037d0754 [0x00000000037d0400+0x354]
J 5515 C1 org.apache.catalina.core.ApplicationFilterChain.internalDoFilter(Ljavax/servlet/ServletRequest;Ljavax/servlet/ServletResponse;)V (388 bytes) @ 0x0000000003775034 [0x0000000003774c00+0x434]
J 5514 C1 org.apache.catalina.core.ApplicationFilterChain.doFilter(Ljavax/servlet/ServletRequest;Ljavax/servlet/ServletResponse;)V (103 bytes) @ 0x00000000037747d4 [0x00000000037747a0+0x34]
j  org.springframework.web.filter.CharacterEncodingFilter.doFilterInternal(Ljavax/servlet/http/HttpServletRequest;Ljavax/servlet/http/HttpServletResponse;Ljavax/servlet/FilterChain;)V+53
J 5777 C1 org.springframework.web.filter.OncePerRequestFilter.doFilter(Ljavax/servlet/ServletRequest;Ljavax/servlet/ServletResponse;Ljavax/servlet/FilterChain;)V (175 bytes) @ 0x00000000037d0754 [0x00000000037d0400+0x354]
J 5515 C1 org.apache.catalina.core.ApplicationFilterChain.internalDoFilter(Ljavax/servlet/ServletRequest;Ljavax/servlet/ServletResponse;)V (388 bytes) @ 0x0000000003775034 [0x0000000003774c00+0x434]
J 5514 C1 org.apache.catalina.core.ApplicationFilterChain.doFilter(Ljavax/servlet/ServletRequest;Ljavax/servlet/ServletResponse;)V (103 bytes) @ 0x00000000037747d4 [0x00000000037747a0+0x34]
j  org.apache.catalina.core.StandardWrapperValve.invoke(Lorg/apache/catalina/connector/Request;Lorg/apache/catalina/connector/Response;)V+694
j  org.apache.catalina.core.StandardContextValve.invoke(Lorg/apache/catalina/connector/Request;Lorg/apache/catalina/connector/Response;)V+169
j  org.apache.catalina.authenticator.AuthenticatorBase.invoke(Lorg/apache/catalina/connector/Request;Lorg/apache/catalina/connector/Response;)V+260
j  org.apache.catalina.core.StandardHostValve.invoke(Lorg/apache/catalina/connector/Request;Lorg/apache/catalina/connector/Response;)V+128
j  org.apache.catalina.valves.ErrorReportValve.invoke(Lorg/apache/catalina/connector/Request;Lorg/apache/catalina/connector/Response;)V+6
j  org.apache.catalina.core.StandardEngineValve.invoke(Lorg/apache/catalina/connector/Request;Lorg/apache/catalina/connector/Response;)V+59
j  org.apache.catalina.connector.CoyoteAdapter.service(Lorg/apache/coyote/Request;Lorg/apache/coyote/Response;)V+199
j  org.apache.coyote.http11.Http11Processor.service(Lorg/apache/tomcat/util/net/SocketWrapperBase;)Lorg/apache/tomcat/util/net/AbstractEndpoint$Handler$SocketState;+737
j  org.apache.coyote.AbstractProcessorLight.process(Lorg/apache/tomcat/util/net/SocketWrapperBase;Lorg/apache/tomcat/util/net/SocketEvent;)Lorg/apache/tomcat/util/net/AbstractEndpoint$Handler$SocketState;+170
j  org.apache.coyote.AbstractProtocol$ConnectionHandler.process(Lorg/apache/tomcat/util/net/SocketWrapperBase;Lorg/apache/tomcat/util/net/SocketEvent;)Lorg/apache/tomcat/util/net/AbstractEndpoint$Handler$SocketState;+505
j  org.apache.tomcat.util.net.NioEndpoint$SocketProcessor.doRun()V+216
j  org.apache.tomcat.util.net.SocketProcessorBase.run()V+21
j  java.util.concurrent.ThreadPoolExecutor.runWorker(Ljava/util/concurrent/ThreadPoolExecutor$Worker;)V+95
j  java.util.concurrent.ThreadPoolExecutor$Worker.run()V+5
j  org.apache.tomcat.util.threads.TaskThread$WrappingRunnable.run()V+4
j  java.lang.Thread.run()V+11
v  ~StubRoutines::call_stub

---------------  P R O C E S S  ---------------

Java Threads: ( => current thread )
  0x000000001df50000 JavaThread "lettuce-eventExecutorLoop-1-8" daemon [_thread_blocked, id=3848, stack(0x00000000009a0000,0x0000000000aa0000)]
  0x000000001df4e000 JavaThread "DiscoveryClient-HeartbeatExecutor-0" daemon [_thread_blocked, id=13340, stack(0x00000000404d0000,0x00000000405d0000)]
  0x000000001df51000 JavaThread "DiscoveryClient-CacheRefreshExecutor-0" daemon [_thread_blocked, id=17348, stack(0x00000000403d0000,0x00000000404d0000)]
  0x000000001df4f800 JavaThread "lettuce-eventExecutorLoop-1-7" daemon [_thread_blocked, id=15408, stack(0x000000003fe90000,0x000000003ff90000)]
  0x000000001df4d000 JavaThread "lettuce-eventExecutorLoop-1-6" daemon [_thread_blocked, id=16528, stack(0x000000003fd90000,0x000000003fe90000)]
  0x000000001dcbf800 JavaThread "lettuce-eventExecutorLoop-1-5" daemon [_thread_blocked, id=16696, stack(0x000000003fc90000,0x000000003fd90000)]
  0x000000001dcc5000 JavaThread "lettuce-eventExecutorLoop-1-4" daemon [_thread_blocked, id=16100, stack(0x000000003fb90000,0x000000003fc90000)]
  0x000000001dcc4000 JavaThread "lettuce-eventExecutorLoop-1-3" daemon [_thread_blocked, id=17228, stack(0x000000003fa90000,0x000000003fb90000)]
  0x000000001dcc3800 JavaThread "Java2D Disposer" daemon [_thread_blocked, id=16276, stack(0x000000003f990000,0x000000003fa90000)]
  0x000000001dcc2000 JavaThread "idle_connection_reaper" daemon [_thread_blocked, id=2592, stack(0x000000003f690000,0x000000003f790000)]
  0x000000001dcc2800 JavaThread "lettuce-eventExecutorLoop-1-2" daemon [_thread_blocked, id=12296, stack(0x000000003f590000,0x000000003f690000)]
  0x000000001dcc1000 JavaThread "lettuce-eventExecutorLoop-1-1" daemon [_thread_blocked, id=16188, stack(0x00000000223f0000,0x00000000224f0000)]
  0x000000001dcc0800 JavaThread "lettuce-nioEventLoop-4-1" daemon [_thread_in_native, id=16536, stack(0x0000000020fe0000,0x00000000210e0000)]
  0x000000001dcc6800 JavaThread "DestroyJavaVM" [_thread_blocked, id=8220, stack(0x0000000002a80000,0x0000000002b80000)]
  0x000000001dcc5800 JavaThread "http-nio-8081-Acceptor" daemon [_thread_in_native, id=3176, stack(0x0000000020ae0000,0x0000000020be0000)]
  0x000000001dcb9800 JavaThread "http-nio-8081-ClientPoller" daemon [_thread_in_native, id=14908, stack(0x00000000209e0000,0x0000000020ae0000)]
  0x000000001dcbf000 JavaThread "http-nio-8081-exec-10" daemon [_thread_in_native, id=16736, stack(0x00000000208e0000,0x00000000209e0000)]
  0x000000001dcb7800 JavaThread "http-nio-8081-exec-9" daemon [_thread_blocked, id=8668, stack(0x00000000207e0000,0x00000000208e0000)]
  0x000000001dcbc800 JavaThread "http-nio-8081-exec-8" daemon [_thread_blocked, id=9288, stack(0x00000000206e0000,0x00000000207e0000)]
  0x000000001dcbd800 JavaThread "http-nio-8081-exec-7" daemon [_thread_blocked, id=13868, stack(0x00000000205e0000,0x00000000206e0000)]
  0x000000001dcbc000 JavaThread "http-nio-8081-exec-6" daemon [_thread_in_native, id=17168, stack(0x00000000204e0000,0x00000000205e0000)]
  0x000000001dcb8000 JavaThread "http-nio-8081-exec-5" daemon [_thread_in_native, id=3368, stack(0x00000000203e0000,0x00000000204e0000)]
  0x000000001dcb9000 JavaThread "http-nio-8081-exec-4" daemon [_thread_in_native, id=14432, stack(0x00000000202e0000,0x00000000203e0000)]
=>0x000000001dcba800 JavaThread "http-nio-8081-exec-3" daemon [_thread_in_native, id=6196, stack(0x00000000201e0000,0x00000000202e0000)]
  0x000000001dcbe000 JavaThread "http-nio-8081-exec-2" daemon [_thread_blocked, id=7728, stack(0x00000000200e0000,0x00000000201e0000)]
  0x000000001dcbb000 JavaThread "http-nio-8081-exec-1" daemon [_thread_blocked, id=16048, stack(0x000000001ffe0000,0x00000000200e0000)]
  0x000000001bd89800 JavaThread "http-nio-8081-BlockPoller" daemon [_thread_in_native, id=9848, stack(0x000000001fee0000,0x000000001ffe0000)]
  0x000000001bd86800 JavaThread "DiscoveryClient-InstanceInfoReplicator-0" daemon [_thread_blocked, id=5184, stack(0x000000001fde0000,0x000000001fee0000)]
  0x000000001bd8c800 JavaThread "DiscoveryClient-1" daemon [_thread_blocked, id=4308, stack(0x000000001fce0000,0x000000001fde0000)]
  0x000000001bd8b800 JavaThread "DiscoveryClient-0" daemon [_thread_blocked, id=7220, stack(0x000000001fae0000,0x000000001fbe0000)]
  0x000000001bd8b000 JavaThread "AsyncResolver-bootstrap-0" daemon [_thread_blocked, id=11640, stack(0x000000001f5e0000,0x000000001f6e0000)]
  0x000000001bd85800 JavaThread "spring.cloud.inetutils" daemon [_thread_blocked, id=7380, stack(0x000000001f2e0000,0x000000001f3e0000)]
  0x000000001bd87000 JavaThread "lettuce-timer-3-1" daemon [_thread_blocked, id=13476, stack(0x000000001ebe0000,0x000000001ece0000)]
  0x000000001bd88000 JavaThread "container-0" [_thread_blocked, id=7696, stack(0x000000001e8e0000,0x000000001e9e0000)]
  0x000000001c2ac800 JavaThread "Catalina-utility-2" [_thread_blocked, id=14884, stack(0x000000001e7e0000,0x000000001e8e0000)]
  0x000000001c2ab800 JavaThread "Catalina-utility-1" [_thread_blocked, id=524, stack(0x000000001c710000,0x000000001c810000)]
  0x000000001a7a7000 JavaThread "Service Thread" daemon [_thread_blocked, id=5632, stack(0x000000001b090000,0x000000001b190000)]
  0x000000001a71a000 JavaThread "C1 CompilerThread3" daemon [_thread_blocked, id=8184, stack(0x000000001af90000,0x000000001b090000)]
  0x000000001a70e000 JavaThread "C2 CompilerThread2" daemon [_thread_blocked, id=3800, stack(0x000000001ae90000,0x000000001af90000)]
  0x000000001a709000 JavaThread "C2 CompilerThread1" daemon [_thread_blocked, id=16888, stack(0x000000001ad90000,0x000000001ae90000)]
  0x000000001a6fb000 JavaThread "C2 CompilerThread0" daemon [_thread_blocked, id=11928, stack(0x000000001ac90000,0x000000001ad90000)]
  0x000000001a584000 JavaThread "Monitor Ctrl-Break" daemon [_thread_in_native, id=11208, stack(0x000000001ab90000,0x000000001ac90000)]
  0x0000000019b73800 JavaThread "Attach Listener" daemon [_thread_blocked, id=2156, stack(0x000000001a290000,0x000000001a390000)]
  0x0000000019bcb000 JavaThread "Signal Dispatcher" daemon [_thread_blocked, id=6136, stack(0x000000001a190000,0x000000001a290000)]
  0x0000000019b50800 JavaThread "Finalizer" daemon [_thread_blocked, id=4492, stack(0x000000001a030000,0x000000001a130000)]
  0x0000000017d60000 JavaThread "Reference Handler" daemon [_thread_blocked, id=7128, stack(0x0000000019f30000,0x000000001a030000)]

Other Threads:
  0x0000000017d58000 VMThread [stack: 0x0000000019a30000,0x0000000019b30000] [id=8356]
  0x000000001a7ab800 WatcherThread [stack: 0x000000001b190000,0x000000001b290000] [id=16852]

VM state:not at safepoint (normal execution)

VM Mutex/Monitor currently owned by a thread: None

heap address: 0x0000000081200000, size: 2030 MB, Compressed Oops mode: 32-bit
Narrow klass base: 0x0000000000000000, Narrow klass shift: 3
Compressed class space size: 1073741824 Address: 0x0000000100000000

Heap:
 PSYoungGen      total 412672K, used 349631K [0x00000000d5b80000, 0x00000000f0800000, 0x0000000100000000)
  eden space 395776K, 84% used [0x00000000d5b80000,0x00000000ea072c08,0x00000000ede00000)
  from space 16896K, 99% used [0x00000000ef600000,0x00000000f067d020,0x00000000f0680000)
  to   space 21504K, 0% used [0x00000000ede00000,0x00000000ede00000,0x00000000ef300000)
 ParOldGen       total 76288K, used 37027K [0x0000000081200000, 0x0000000085c80000, 0x00000000d5b80000)
  object space 76288K, 48% used [0x0000000081200000,0x0000000083628f18,0x0000000085c80000)
 Metaspace       used 54589K, capacity 58288K, committed 58584K, reserved 1099776K
  class space    used 7453K, capacity 8108K, committed 8192K, reserved 1048576K

Card table byte_map: [0x0000000012150000,0x0000000012550000] byte_map_base: 0x0000000011d47000

Marking Bits: (ParMarkBitMap*) 0x000000005d9a4ce0
 Begin Bits: [0x0000000013000000, 0x0000000014fb8000)
 End Bits:   [0x0000000014fb8000, 0x0000000016f70000)

Polling page: 0x0000000000d90000

CodeCache: size=245760Kb used=11182Kb max_used=11182Kb free=234577Kb
 bounds [0x0000000002d90000, 0x0000000003880000, 0x0000000011d90000]
 total_blobs=6706 nmethods=6109 adapters=508
 compilation: enabled

Compilation events (10 events):
Event: 123.184 Thread 0x000000001a71a000 6221       1       java.awt.image.Raster::createInterleavedRaster (138 bytes)
Event: 123.184 Thread 0x000000001a71a000 nmethod 6221 0x0000000003870810 code [0x0000000003870a00, 0x0000000003871178]
Event: 123.190 Thread 0x000000001a71a000 6222       1       java.awt.image.BufferedImage::<init> (926 bytes)
Event: 123.192 Thread 0x000000001a71a000 nmethod 6222 0x0000000003871710 code [0x0000000003871ac0, 0x0000000003873678]
Event: 123.192 Thread 0x000000001a71a000 6223       1       java.awt.image.Raster::createInterleavedRaster (110 bytes)
Event: 123.192 Thread 0x000000001a71a000 nmethod 6223 0x0000000003874750 code [0x0000000003874920, 0x0000000003875048]
Event: 123.192 Thread 0x000000001a71a000 6224       1       java.awt.image.Raster::getDataBuffer (5 bytes)
Event: 123.192 Thread 0x000000001a71a000 nmethod 6224 0x0000000003875550 code [0x00000000038756a0, 0x00000000038757b0]
Event: 123.192 Thread 0x000000001a71a000 6225       1       com.arcsoft.face.enums.DetectModel::getValue (5 bytes)
Event: 123.192 Thread 0x000000001a71a000 nmethod 6225 0x0000000003875810 code [0x0000000003875960, 0x0000000003875a70]

GC Heap History (10 events):
Event: 4.153 GC heap before
{Heap before GC invocations=10 (full 1):
 PSYoungGen      total 230400K, used 34494K [0x00000000d5b80000, 0x00000000e4d80000, 0x0000000100000000)
  eden space 218112K, 10% used [0x00000000d5b80000,0x00000000d71371c8,0x00000000e3080000)
  from space 12288K, 99% used [0x00000000e4180000,0x00000000e4d788a0,0x00000000e4d80000)
  to   space 13824K, 0% used [0x00000000e3280000,0x00000000e3280000,0x00000000e4000000)
 ParOldGen       total 56320K, used 10403K [0x0000000081200000, 0x0000000084900000, 0x00000000d5b80000)
  object space 56320K, 18% used [0x0000000081200000,0x0000000081c28f80,0x0000000084900000)
 Metaspace       used 33193K, capacity 35340K, committed 35416K, reserved 1079296K
  class space    used 4560K, capacity 4962K, committed 4992K, reserved 1048576K
Event: 4.160 GC heap after
Heap after GC invocations=10 (full 1):
 PSYoungGen      total 233984K, used 9129K [0x00000000d5b80000, 0x00000000ea800000, 0x0000000100000000)
  eden space 220160K, 0% used [0x00000000d5b80000,0x00000000d5b80000,0x00000000e3280000)
  from space 13824K, 66% used [0x00000000e3280000,0x00000000e3b6a658,0x00000000e4000000)
  to   space 13824K, 0% used [0x00000000e9a80000,0x00000000e9a80000,0x00000000ea800000)
 ParOldGen       total 56320K, used 10411K [0x0000000081200000, 0x0000000084900000, 0x00000000d5b80000)
  object space 56320K, 18% used [0x0000000081200000,0x0000000081c2af80,0x0000000084900000)
 Metaspace       used 33193K, capacity 35340K, committed 35416K, reserved 1079296K
  class space    used 4560K, capacity 4962K, committed 4992K, reserved 1048576K
}
Event: 4.160 GC heap before
{Heap before GC invocations=11 (full 2):
 PSYoungGen      total 233984K, used 9129K [0x00000000d5b80000, 0x00000000ea800000, 0x0000000100000000)
  eden space 220160K, 0% used [0x00000000d5b80000,0x00000000d5b80000,0x00000000e3280000)
  from space 13824K, 66% used [0x00000000e3280000,0x00000000e3b6a658,0x00000000e4000000)
  to   space 13824K, 0% used [0x00000000e9a80000,0x00000000e9a80000,0x00000000ea800000)
 ParOldGen       total 56320K, used 10411K [0x0000000081200000, 0x0000000084900000, 0x00000000d5b80000)
  object space 56320K, 18% used [0x0000000081200000,0x0000000081c2af80,0x0000000084900000)
 Metaspace       used 33193K, capacity 35340K, committed 35416K, reserved 1079296K
  class space    used 4560K, capacity 4962K, committed 4992K, reserved 1048576K
Event: 4.192 GC heap after
Heap after GC invocations=11 (full 2):
 PSYoungGen      total 233984K, used 0K [0x00000000d5b80000, 0x00000000ea800000, 0x0000000100000000)
  eden space 220160K, 0% used [0x00000000d5b80000,0x00000000d5b80000,0x00000000e3280000)
  from space 13824K, 0% used [0x00000000e3280000,0x00000000e3280000,0x00000000e4000000)
  to   space 13824K, 0% used [0x00000000e9a80000,0x00000000e9a80000,0x00000000ea800000)
 ParOldGen       total 76288K, used 15189K [0x0000000081200000, 0x0000000085c80000, 0x00000000d5b80000)
  object space 76288K, 19% used [0x0000000081200000,0x00000000820d5448,0x0000000085c80000)
 Metaspace       used 33193K, capacity 35340K, committed 35416K, reserved 1079296K
  class space    used 4560K, capacity 4962K, committed 4992K, reserved 1048576K
}
Event: 7.613 GC heap before
{Heap before GC invocations=12 (full 2):
 PSYoungGen      total 233984K, used 220160K [0x00000000d5b80000, 0x00000000ea800000, 0x0000000100000000)
  eden space 220160K, 100% used [0x00000000d5b80000,0x00000000e3280000,0x00000000e3280000)
  from space 13824K, 0% used [0x00000000e3280000,0x00000000e3280000,0x00000000e4000000)
  to   space 13824K, 0% used [0x00000000e9a80000,0x00000000e9a80000,0x00000000ea800000)
 ParOldGen       total 76288K, used 15189K [0x0000000081200000, 0x0000000085c80000, 0x00000000d5b80000)
  object space 76288K, 19% used [0x0000000081200000,0x00000000820d5448,0x0000000085c80000)
 Metaspace       used 47067K, capacity 50276K, committed 50392K, reserved 1093632K
  class space    used 6548K, capacity 7122K, committed 7168K, reserved 1048576K
Event: 7.629 GC heap after
Heap after GC invocations=12 (full 2):
 PSYoungGen      total 316416K, used 13811K [0x00000000d5b80000, 0x00000000ea800000, 0x0000000100000000)
  eden space 302592K, 0% used [0x00000000d5b80000,0x00000000d5b80000,0x00000000e8300000)
  from space 13824K, 99% used [0x00000000e9a80000,0x00000000ea7fcd60,0x00000000ea800000)
  to   space 16896K, 0% used [0x00000000e8700000,0x00000000e8700000,0x00000000e9780000)
 ParOldGen       total 76288K, used 20266K [0x0000000081200000, 0x0000000085c80000, 0x00000000d5b80000)
  object space 76288K, 26% used [0x0000000081200000,0x00000000825cabf8,0x0000000085c80000)
 Metaspace       used 47067K, capacity 50276K, committed 50392K, reserved 1093632K
  class space    used 6548K, capacity 7122K, committed 7168K, reserved 1048576K
}
Event: 36.587 GC heap before
{Heap before GC invocations=13 (full 2):
 PSYoungGen      total 316416K, used 316403K [0x00000000d5b80000, 0x00000000ea800000, 0x0000000100000000)
  eden space 302592K, 100% used [0x00000000d5b80000,0x00000000e8300000,0x00000000e8300000)
  from space 13824K, 99% used [0x00000000e9a80000,0x00000000ea7fcd60,0x00000000ea800000)
  to   space 16896K, 0% used [0x00000000e8700000,0x00000000e8700000,0x00000000e9780000)
 ParOldGen       total 76288K, used 20266K [0x0000000081200000, 0x0000000085c80000, 0x00000000d5b80000)
  object space 76288K, 26% used [0x0000000081200000,0x00000000825cabf8,0x0000000085c80000)
 Metaspace       used 54210K, capacity 57760K, committed 57944K, reserved 1099776K
  class space    used 7395K, capacity 8028K, committed 8064K, reserved 1048576K
Event: 36.600 GC heap after
Heap after GC invocations=13 (full 2):
 PSYoungGen      total 323584K, used 10105K [0x00000000d5b80000, 0x00000000f0680000, 0x0000000100000000)
  eden space 306688K, 0% used [0x00000000d5b80000,0x00000000d5b80000,0x00000000e8700000)
  from space 16896K, 59% used [0x00000000e8700000,0x00000000e90de420,0x00000000e9780000)
  to   space 16896K, 0% used [0x00000000ef600000,0x00000000ef600000,0x00000000f0680000)
 ParOldGen       total 76288K, used 29482K [0x0000000081200000, 0x0000000085c80000, 0x00000000d5b80000)
  object space 76288K, 38% used [0x0000000081200000,0x0000000082ecab48,0x0000000085c80000)
 Metaspace       used 54210K, capacity 57760K, committed 57944K, reserved 1099776K
  class space    used 7395K, capacity 8028K, committed 8064K, reserved 1048576K
}
Event: 103.896 GC heap before
{Heap before GC invocations=14 (full 2):
 PSYoungGen      total 323584K, used 316793K [0x00000000d5b80000, 0x00000000f0680000, 0x0000000100000000)
  eden space 306688K, 100% used [0x00000000d5b80000,0x00000000e8700000,0x00000000e8700000)
  from space 16896K, 59% used [0x00000000e8700000,0x00000000e90de420,0x00000000e9780000)
  to   space 16896K, 0% used [0x00000000ef600000,0x00000000ef600000,0x00000000f0680000)
 ParOldGen       total 76288K, used 29482K [0x0000000081200000, 0x0000000085c80000, 0x00000000d5b80000)
  object space 76288K, 38% used [0x0000000081200000,0x0000000082ecab48,0x0000000085c80000)
 Metaspace       used 54313K, capacity 57948K, committed 58200K, reserved 1099776K
  class space    used 7411K, capacity 8040K, committed 8064K, reserved 1048576K
Event: 103.903 GC heap after
Heap after GC invocations=14 (full 2):
 PSYoungGen      total 412672K, used 16884K [0x00000000d5b80000, 0x00000000f0800000, 0x0000000100000000)
  eden space 395776K, 0% used [0x00000000d5b80000,0x00000000d5b80000,0x00000000ede00000)
  from space 16896K, 99% used [0x00000000ef600000,0x00000000f067d020,0x00000000f0680000)
  to   space 21504K, 0% used [0x00000000ede00000,0x00000000ede00000,0x00000000ef300000)
 ParOldGen       total 76288K, used 37027K [0x0000000081200000, 0x0000000085c80000, 0x00000000d5b80000)
  object space 76288K, 48% used [0x0000000081200000,0x0000000083628f18,0x0000000085c80000)
 Metaspace       used 54313K, capacity 57948K, committed 58200K, reserved 1099776K
  class space    used 7411K, capacity 8040K, committed 8064K, reserved 1048576K
}

Deoptimization events (0 events):
No events

Classes redefined (0 events):
No events

Internal exceptions (10 events):
Event: 98.256 Thread 0x000000001dcbd800 Exception <a 'java/io/IOException'> (0x00000000e61342f8) thrown at [C:\re\workspace\8-2-build-windows-amd64-cygwin\jdk8u201\12322\hotspot\src\share\vm\prims\jni.cpp, line 709]
Event: 98.257 Thread 0x000000001dcbc800 Exception <a 'java/io/IOException'> (0x00000000e65f8218) thrown at [C:\re\workspace\8-2-build-windows-amd64-cygwin\jdk8u201\12322\hotspot\src\share\vm\prims\jni.cpp, line 709]
Event: 102.290 Thread 0x000000001dcbe000 Exception <a 'java/io/IOException'> (0x00000000e7787250) thrown at [C:\re\workspace\8-2-build-windows-amd64-cygwin\jdk8u201\12322\hotspot\src\share\vm\prims\jni.cpp, line 709]
Event: 102.291 Thread 0x000000001dcb9000 Exception <a 'java/io/IOException'> (0x00000000e7978490) thrown at [C:\re\workspace\8-2-build-windows-amd64-cygwin\jdk8u201\12322\hotspot\src\share\vm\prims\jni.cpp, line 709]
Event: 102.291 Thread 0x000000001dcbc000 Exception <a 'java/io/IOException'> (0x00000000e7f04db8) thrown at [C:\re\workspace\8-2-build-windows-amd64-cygwin\jdk8u201\12322\hotspot\src\share\vm\prims\jni.cpp, line 709]
Event: 104.346 Thread 0x000000001dcba800 Exception <a 'java/lang/ArrayIndexOutOfBoundsException'> (0x00000000d8fb90a0) thrown at [C:\re\workspace\8-2-build-windows-amd64-cygwin\jdk8u201\12322\hotspot\src\share\vm\runtime\sharedRuntime.cpp, line 605]
Event: 104.346 Thread 0x000000001dcbf000 Exception <a 'java/lang/ArrayIndexOutOfBoundsException'> (0x00000000d8d5e268) thrown at [C:\re\workspace\8-2-build-windows-amd64-cygwin\jdk8u201\12322\hotspot\src\share\vm\runtime\sharedRuntime.cpp, line 605]
Event: 104.346 Thread 0x000000001dcb7800 Exception <a 'java/lang/ArrayIndexOutOfBoundsException'> (0x00000000d8e05700) thrown at [C:\re\workspace\8-2-build-windows-amd64-cygwin\jdk8u201\12322\hotspot\src\share\vm\runtime\sharedRuntime.cpp, line 605]
Event: 104.620 Thread 0x000000001dcb9000 Exception <a 'java/io/IOException'> (0x00000000d84b8be0) thrown at [C:\re\workspace\8-2-build-windows-amd64-cygwin\jdk8u201\12322\hotspot\src\share\vm\prims\jni.cpp, line 709]
Event: 110.226 Thread 0x000000001dcbe000 Exception <a 'java/io/IOException'> (0x00000000dc2c1130) thrown at [C:\re\workspace\8-2-build-windows-amd64-cygwin\jdk8u201\12322\hotspot\src\share\vm\prims\jni.cpp, line 709]

Events (10 events):
Event: 110.923 loading class sun/reflect/GeneratedMethodAccessor65
Event: 110.923 loading class sun/reflect/GeneratedMethodAccessor65 done
Event: 112.452 Executing VM operation: RevokeBias
Event: 112.452 Executing VM operation: RevokeBias done
Event: 112.819 loading class java/io/EOFException
Event: 112.819 loading class java/io/EOFException done
Event: 117.996 Executing VM operation: RevokeBias
Event: 117.996 Executing VM operation: RevokeBias done
Event: 118.049 Executing VM operation: RevokeBias
Event: 118.049 Executing VM operation: RevokeBias done


Dynamic libraries:
0x00007ff6748f0000 - 0x00007ff674927000 	C:\Program Files\Java\jdk1.8.0_201\bin\java.exe
0x00007ffb96d10000 - 0x00007ffb96f05000 	C:\WINDOWS\SYSTEM32\ntdll.dll
0x00007ffb957f0000 - 0x00007ffb958ae000 	C:\WINDOWS\System32\KERNEL32.DLL
0x00007ffb94930000 - 0x00007ffb94bf9000 	C:\WINDOWS\System32\KERNELBASE.dll
0x00007ffb95a50000 - 0x00007ffb95afc000 	C:\WINDOWS\System32\ADVAPI32.dll
0x00007ffb956c0000 - 0x00007ffb9575e000 	C:\WINDOWS\System32\msvcrt.dll
0x00007ffb94d90000 - 0x00007ffb94e2b000 	C:\WINDOWS\System32\sechost.dll
0x00007ffb95d40000 - 0x00007ffb95e6a000 	C:\WINDOWS\System32\RPCRT4.dll
0x00007ffb96b20000 - 0x00007ffb96cc1000 	C:\WINDOWS\System32\USER32.dll
0x00007ffb94710000 - 0x00007ffb94732000 	C:\WINDOWS\System32\win32u.dll
0x00007ffb96af0000 - 0x00007ffb96b1b000 	C:\WINDOWS\System32\GDI32.dll
0x00007ffb94c50000 - 0x00007ffb94d5b000 	C:\WINDOWS\System32\gdi32full.dll
0x00007ffb94530000 - 0x00007ffb945cd000 	C:\WINDOWS\System32\msvcp_win.dll
0x00007ffb94430000 - 0x00007ffb94530000 	C:\WINDOWS\System32\ucrtbase.dll
0x00007ffb85b50000 - 0x00007ffb85dea000 	C:\WINDOWS\WinSxS\amd64_microsoft.windows.common-controls_6595b64144ccf1df_6.0.19041.1110_none_60b5254171f9507e\COMCTL32.dll
0x00007ffb94d60000 - 0x00007ffb94d90000 	C:\WINDOWS\System32\IMM32.DLL
0x000000005e860000 - 0x000000005e931000 	C:\Program Files\Java\jdk1.8.0_201\jre\bin\msvcr100.dll
0x000000005d180000 - 0x000000005da24000 	C:\Program Files\Java\jdk1.8.0_201\jre\bin\server\jvm.dll
0x00007ffb968e0000 - 0x00007ffb968e8000 	C:\WINDOWS\System32\PSAPI.DLL
0x00007ffb87350000 - 0x00007ffb87377000 	C:\WINDOWS\SYSTEM32\WINMM.dll
0x00007ffb83fb0000 - 0x00007ffb83fb9000 	C:\WINDOWS\SYSTEM32\WSOCK32.dll
0x00007ffb967e0000 - 0x00007ffb9684b000 	C:\WINDOWS\System32\WS2_32.dll
0x00007ffb8b3f0000 - 0x00007ffb8b3fa000 	C:\WINDOWS\SYSTEM32\VERSION.dll
0x00007ffb8e260000 - 0x00007ffb8e26f000 	C:\Program Files\Java\jdk1.8.0_201\jre\bin\verify.dll
0x00007ffb8db00000 - 0x00007ffb8db29000 	C:\Program Files\Java\jdk1.8.0_201\jre\bin\java.dll
0x00007ffb737c0000 - 0x00007ffb737e3000 	C:\Program Files\Java\jdk1.8.0_201\jre\bin\instrument.dll
0x00007ffb8ca70000 - 0x00007ffb8ca86000 	C:\Program Files\Java\jdk1.8.0_201\jre\bin\zip.dll
0x00007ffb95e70000 - 0x00007ffb965af000 	C:\WINDOWS\System32\SHELL32.dll
0x00007ffb92170000 - 0x00007ffb92900000 	C:\WINDOWS\SYSTEM32\windows.storage.dll
0x00007ffb952b0000 - 0x00007ffb95605000 	C:\WINDOWS\System32\combase.dll
0x00007ffb93e80000 - 0x00007ffb93eac000 	C:\WINDOWS\SYSTEM32\Wldp.dll
0x00007ffb95610000 - 0x00007ffb956bd000 	C:\WINDOWS\System32\SHCORE.dll
0x00007ffb958b0000 - 0x00007ffb95905000 	C:\WINDOWS\System32\shlwapi.dll
0x00007ffb94370000 - 0x00007ffb9438f000 	C:\WINDOWS\SYSTEM32\profapi.dll
0x00007ffb73220000 - 0x00007ffb7323a000 	F:\subject\IDEA 2018_sssam.com\IntelliJ IDEA 2018.2.4\bin\breakgen64.dll
0x00007ffb8c040000 - 0x00007ffb8c05a000 	C:\Program Files\Java\jdk1.8.0_201\jre\bin\net.dll
0x00007ffb82500000 - 0x00007ffb826eb000 	C:\WINDOWS\SYSTEM32\urlmon.dll
0x00007ffb82a60000 - 0x00007ffb82d10000 	C:\WINDOWS\SYSTEM32\iertutil.dll
0x00007ffb824d0000 - 0x00007ffb824f8000 	C:\WINDOWS\SYSTEM32\srvcli.dll
0x00007ffb93a30000 - 0x00007ffb93a3c000 	C:\WINDOWS\SYSTEM32\netutils.dll
0x00007ffb93be0000 - 0x00007ffb93c4a000 	C:\WINDOWS\system32\mswsock.dll
0x00007ffb93880000 - 0x00007ffb938bb000 	C:\WINDOWS\SYSTEM32\IPHLPAPI.DLL
0x00007ffb95a40000 - 0x00007ffb95a48000 	C:\WINDOWS\System32\NSI.dll
0x00007ffb89750000 - 0x00007ffb89767000 	C:\WINDOWS\SYSTEM32\dhcpcsvc6.DLL
0x00007ffb8b230000 - 0x00007ffb8b24d000 	C:\WINDOWS\SYSTEM32\dhcpcsvc.DLL
0x00007ffb938c0000 - 0x00007ffb9398c000 	C:\WINDOWS\SYSTEM32\DNSAPI.dll
0x00007ffb8b560000 - 0x00007ffb8b56a000 	C:\Windows\System32\rasadhlp.dll
0x00007ffb82e60000 - 0x00007ffb82edf000 	C:\WINDOWS\System32\fwpuclnt.dll
0x00007ffb94630000 - 0x00007ffb94657000 	C:\WINDOWS\System32\bcrypt.dll
0x00007ffb8c3e0000 - 0x00007ffb8c3ed000 	C:\Program Files\Java\jdk1.8.0_201\jre\bin\management.dll
0x00007ffb76820000 - 0x00007ffb76837000 	C:\WINDOWS\system32\napinsp.dll
0x00007ffb76710000 - 0x00007ffb7672b000 	C:\WINDOWS\system32\pnrpnsp.dll
0x00007ffb8e7d0000 - 0x00007ffb8e7e5000 	C:\WINDOWS\system32\wshbth.dll
0x00007ffb8f180000 - 0x00007ffb8f19d000 	C:\WINDOWS\system32\NLAapi.dll
0x00007ffb766f0000 - 0x00007ffb76702000 	C:\WINDOWS\System32\winrnr.dll
0x00007ffb830f0000 - 0x00007ffb83101000 	C:\Program Files\Java\jdk1.8.0_201\jre\bin\nio.dll
0x00007ffb93dd0000 - 0x00007ffb93de8000 	C:\WINDOWS\SYSTEM32\CRYPTSP.dll
0x00007ffb934f0000 - 0x00007ffb93524000 	C:\WINDOWS\system32\rsaenh.dll
0x00007ffb94330000 - 0x00007ffb9435e000 	C:\WINDOWS\SYSTEM32\USERENV.dll
0x00007ffb94740000 - 0x00007ffb947c3000 	C:\WINDOWS\System32\bcryptprimitives.dll
0x00007ffb93df0000 - 0x00007ffb93dfc000 	C:\WINDOWS\SYSTEM32\CRYPTBASE.dll
0x00007ffb67180000 - 0x00007ffb671a4000 	C:\Program Files\Java\jdk1.8.0_201\jre\bin\sunec.dll
0x00007ffb43e40000 - 0x00007ffb46c7d000 	C:\Users\lenovo\Desktop\人脸识别\Face-recognition-main\ArcSoft_ArcFace_Java_Windows_x64_V3.0\libs\WIN64\libarcsoft_face.dll
0x00007ffb7a340000 - 0x00007ffb7a3e6000 	C:\WINDOWS\SYSTEM32\MSVCP120.dll
0x00007ffb7a250000 - 0x00007ffb7a33f000 	C:\WINDOWS\SYSTEM32\MSVCR120.dll
0x00007ffb74a70000 - 0x00007ffb74aef000 	C:\Users\lenovo\Desktop\人脸识别\Face-recognition-main\ArcSoft_ArcFace_Java_Windows_x64_V3.0\libs\WIN64\libarcsoft_face_engine.dll
0x00007ffb95c30000 - 0x00007ffb95c86000 	C:\WINDOWS\System32\WLDAP32.dll
0x00007ffb8dc50000 - 0x00007ffb8dc75000 	C:\Users\lenovo\Desktop\人脸识别\Face-recognition-main\ArcSoft_ArcFace_Java_Windows_x64_V3.0\libs\WIN64\libarcsoft_face_engine_jni.dll
0x00007ffb748d0000 - 0x00007ffb74a69000 	C:\Program Files\Java\jdk1.8.0_201\jre\bin\awt.dll
0x00007ffb95b00000 - 0x00007ffb95bcd000 	C:\WINDOWS\System32\OLEAUT32.dll
0x00007ffb90a90000 - 0x00007ffb90b20000 	C:\WINDOWS\SYSTEM32\apphelp.dll
0x00007ffb89770000 - 0x00007ffb897a1000 	C:\Program Files\Java\jdk1.8.0_201\jre\bin\jpeg.dll
0x00007ffb658e0000 - 0x00007ffb6591e000 	C:\Program Files\Java\jdk1.8.0_201\jre\bin\lcms.dll
0x00007ffb929d0000 - 0x00007ffb92bb4000 	C:\WINDOWS\SYSTEM32\dbghelp.dll

VM Arguments:
jvm_args: -XX:CompileCommand=exclude,org/hibernate/cfg/annotations/SimpleValueBinder.setType -XX:TieredStopAtLevel=1 -Xverify:none -Dspring.output.ansi.enabled=always -D -D -D -javaagent:F:\subject\IDEA 2018_sssam.com\IntelliJ IDEA 2018.2.4\lib\idea_rt.jar=61894:F:\subject\IDEA 2018_sssam.com\IntelliJ IDEA 2018.2.4\bin -Dfile.encoding=UTF-8 
java_command: com.tangcheng.face_corn.FaceCornApplication
java_class_path (initial): C:\Program Files\Java\jdk1.8.0_201\jre\lib\charsets.jar;C:\Program Files\Java\jdk1.8.0_201\jre\lib\deploy.jar;C:\Program Files\Java\jdk1.8.0_201\jre\lib\ext\access-bridge-64.jar;C:\Program Files\Java\jdk1.8.0_201\jre\lib\ext\cldrdata.jar;C:\Program Files\Java\jdk1.8.0_201\jre\lib\ext\dnsns.jar;C:\Program Files\Java\jdk1.8.0_201\jre\lib\ext\jaccess.jar;C:\Program Files\Java\jdk1.8.0_201\jre\lib\ext\jfxrt.jar;C:\Program Files\Java\jdk1.8.0_201\jre\lib\ext\localedata.jar;C:\Program Files\Java\jdk1.8.0_201\jre\lib\ext\nashorn.jar;C:\Program Files\Java\jdk1.8.0_201\jre\lib\ext\sunec.jar;C:\Program Files\Java\jdk1.8.0_201\jre\lib\ext\sunjce_provider.jar;C:\Program Files\Java\jdk1.8.0_201\jre\lib\ext\sunmscapi.jar;C:\Program Files\Java\jdk1.8.0_201\jre\lib\ext\sunpkcs11.jar;C:\Program Files\Java\jdk1.8.0_201\jre\lib\ext\zipfs.jar;C:\Program Files\Java\jdk1.8.0_201\jre\lib\javaws.jar;C:\Program Files\Java\jdk1.8.0_201\jre\lib\jce.jar;C:\Program Files\Java\jdk1.8.0_201\jre\lib\jfr.jar;C:\Program Files\Java\jdk1.8.0_201\jre\lib\jfxswt.jar;C:\Program Files\Java\jdk1.8.0_201\jre\lib\jsse.jar;C:\Program Files\Java\jdk1.8.0_201\jre\lib\management-agent.jar;C:\Program Files\Java\jdk1.8.0_201\jre\lib\plugin.jar;C:\Program Files\Java\jdk1.8.0_201\jre\lib\resources.jar;C:\Program Files\Java\jdk1.8.0_201\jre\lib\rt.jar;C:\Users\lenovo\Desktop\人脸识别\Face-recognition-main\facesystem\face_corn\target\classes;C:\Users\lenovo\Desktop\人脸识别\Face-recognition-main\facesystem\common\target\classes;F:\subject\JavaWeb\maven-l\com\auth0\java-jwt\3.4.0\java-jwt-3.4.0.jar;F:\subject\JavaWeb\maven-l\commons-codec\commons-codec\1.15\commons-codec-1.15.jar;F:\subject\JavaWeb\maven-l\com\aliyun\oss\aliyun-sdk-oss\3.12.0\aliyun-sdk-oss-3.12.0.jar;F:\subject\JavaWeb\maven-l\org\apache\httpcomponents\httpclient\4.5.13\httpclient-4.5.13.jar;F:\subject\JavaWeb\maven-l\org\apache\httpcomponents\httpcore\4.4.14\httpcore-4.4.14.jar;F:\subject\JavaWeb\maven-l\org\jdom\jdom2\2.
Launcher Type: SUN_STANDARD

Environment Variables:
JAVA_HOME=C:\Program Files\Java\jdk1.8.0_201
CLASSPATH=.;C:\Program Files\Java\jdk1.8.0_201\lib\dt.jar,C:\Program Files\Java\jdk1.8.0_201\lib\tools.jar;F:\subject\JavaWeb\apache-tomcat-8.5.45\lib\servlet-api.jar
PATH=C:\Program Files (x86)\Common Files\Oracle\Java\javapath;C:\WINDOWS\system32;C:\WINDOWS;C:\WINDOWS\System32\Wbem;C:\WINDOWS\System32\WindowsPowerShell\v1.0\;C:\WINDOWS\System32\OpenSSH\;F:\subject\JavaWeb\apache-tomcat-8.5.45\bin;F:\subject\JavaWeb\apache-tomcat-8.5.45\lib;C:\Program Files\NVIDIA Corporation\NVIDIA NvDLISR;F:\subject\JavaWeb\apache-maven-3.3.9\bin;F:\subject\JavaWeb\Gradle\gradle-6.9.1\bin;F:\subject\JavaWeb\nodejs;C:\Program Files\Java\jdk1.8.0_201\bin;C:\Program Files\MySQL\MySQL Server 8.0\bin;F:\subject\JavaWeb\env\MongoDB\bin;C:\Users\lenovo\AppData\Local\Microsoft\WindowsApps;F:\subject\PyCharm\PyCharm Community Edition 2020.3.3\bin;;F:\subject\JavaWeb\Microsoft VS Code\bin;F:\subject\JavaWeb\nodejs\node_global;
USERNAME=lenovo
OS=Windows_NT
PROCESSOR_IDENTIFIER=Intel64 Family 6 Model 158 Stepping 10, GenuineIntel



---------------  S Y S T E M  ---------------

OS: Windows 10.0 , 64 bit Build 19041 (10.0.19041.1202)

CPU:total 8 (initial active 8) (4 cores per cpu, 2 threads per core) family 6 model 158 stepping 10, cmov, cx8, fxsr, mmx, sse, sse2, sse3, ssse3, sse4.1, sse4.2, popcnt, avx, avx2, aes, clmul, erms, 3dnowpref, lzcnt, ht, tsc, tscinvbit, bmi1, bmi2, adx

Memory: 4k page, physical 8306932k(738476k free), swap 18792692k(5110160k free)

vm_info: Java HotSpot(TM) 64-Bit Server VM (25.201-b09) for windows-amd64 JRE (1.8.0_201-b09), built on Dec 15 2018 18:36:39 by "java_re" with MS VC++ 10.0 (VS2010)

time: Sun Oct 31 00:25:37 2021
timezone: 中国标准时间
elapsed time: 123 seconds (0d 0h 2m 3s)

