#
# A fatal error has been detected by the Java Runtime Environment:
#
#  EXCEPTION_ACCESS_VIOLATION (0xc0000005) at pc=0x00007ffb9e55e0e5, pid=23628, tid=0x00000000000047b0
#
# JRE version: Java(TM) SE Runtime Environment (8.0_201-b09) (build 1.8.0_201-b09)
# Java VM: Java HotSpot(TM) 64-Bit Server VM (25.201-b09 mixed mode windows-amd64 compressed oops)
# Problematic frame:
# C  [libarcsoft_face.dll+0xe0e5]
#
# Failed to write core dump. Minidumps are not enabled by default on client versions of Windows
#
# If you would like to submit a bug report, please visit:
#   http://bugreport.java.com/bugreport/crash.jsp
# The crash happened outside the Java Virtual Machine in native code.
# See problematic frame for where to report the bug.
#

---------------  T H R E A D  ---------------

Current thread (0x000000001eee9800):  JavaThread "http-nio-8081-exec-6" daemon [_thread_in_native, id=18352, stack(0x0000000021ac0000,0x0000000021bc0000)]

siginfo: ExceptionCode=0xc0000005, writing address 0xfffffffe26cf3e60

Registers:
RAX=0x000000000000008e, RBX=0x0000000080002000, RCX=0x00000000000000a4, RDX=0xffffffff80000000
RSP=0x0000000021bbc970, RBP=0x0000000080000000, RSI=0x0000000000000140, RDI=0x0000000080000000
R8 =0x00000000000000ff, R9 =0x0000000000000000, R10=0x0000000080001000, R11=0x0000000026cf3e60
R12=0x0000000000000040, R13=0x0000000000000040, R14=0x0000000000000000, R15=0x000000001f4d1d10
RIP=0x00007ffb9e55e0e5, EFLAGS=0x0000000000010206

Top of Stack: (sp=0x0000000021bbc970)
0x0000000021bbc970:   0000000000000000 0000000000002000
0x0000000021bbc980:   0000000000000010 0000000000000040
0x0000000021bbc990:   0000000000000000 0000000026d00780
0x0000000021bbc9a0:   0000000021bbcab0 00007ffb9e55c5f2
0x0000000021bbc9b0:   0000000000000000 00007ffb9e5617a3
0x0000000021bbc9c0:   0000000026d5b6f0 0000000026d5b660
0x0000000021bbc9d0:   0000000080000000 00000000000000a4
0x0000000021bbc9e0:   000000000000008e 00000000000000a7
0x0000000021bbc9f0:   0000000000000000 0000000000000000
0x0000000021bbca00:   0000000000000040 00000000000003c0
0x0000000021bbca10:   0000000000000000 0000000000000000
0x0000000021bbca20:   0000000000000040 0000000021bbcb48
0x0000000021bbca30:   0000000000000000 0000000000000040
0x0000000021bbca40:   0000000000000040 0000000026cf3e60
0x0000000021bbca50:   0000000021bbcdf0 00007ffb9e55bf04
0x0000000021bbca60:   0000000080000000 00007ffb000000f0 

Instructions: (pc=0x00007ffb9e55e0e5)
0x00007ffb9e55e0c5:   0f 4f c8 45 33 c9 85 c9 41 0f 48 c9 41 3b c0 41
0x00007ffb9e55e0d5:   0f 4f c0 85 c0 41 0f 48 c1 66 0f 6e c1 0f 5b c0
0x00007ffb9e55e0e5:   f3 41 0f 11 04 93 66 0f 6e c0 49 63 c2 0f 5b c0
0x00007ffb9e55e0f5:   f3 41 0f 11 04 83 8b 44 24 78 eb 51 83 f9 01 75 


Register to memory mapping:

RAX=0x000000000000008e is an unknown value
RBX=0x0000000080002000 is an unknown value
RCX=0x00000000000000a4 is an unknown value
RDX=0xffffffff80000000 is an unknown value
RSP=0x0000000021bbc970 is pointing into the stack for thread: 0x000000001eee9800
RBP=0x0000000080000000 is an unknown value
RSI=0x0000000000000140 is an unknown value
RDI=0x0000000080000000 is an unknown value
R8 =0x00000000000000ff is an unknown value
R9 =0x0000000000000000 is an unknown value
R10=0x0000000080001000 is an unknown value
R11=0x0000000026cf3e60 is an unknown value
R12=0x0000000000000040 is an unknown value
R13=0x0000000000000040 is an unknown value
R14=0x0000000000000000 is an unknown value
R15=0x000000001f4d1d10 is an unknown value


Stack: [0x0000000021ac0000,0x0000000021bc0000],  sp=0x0000000021bbc970,  free space=1010k
Native frames: (J=compiled Java code, j=interpreted, Vv=VM code, C=native code)
C  [libarcsoft_face.dll+0xe0e5]
C  [libarcsoft_face.dll+0xc5f2]
C  [libarcsoft_face.dll+0xbf04]
C  [libarcsoft_face.dll+0x9049]
C  [libarcsoft_face.dll+0x89bc]
C  [libarcsoft_face.dll+0x7d0a]
C  [libarcsoft_face.dll+0x3c88]
C  [libarcsoft_face_engine.dll+0x58ca]
C  [libarcsoft_face_engine_jni.dll+0x18f6]
C  0x0000000003928c67

Java frames: (J=compiled Java code, j=interpreted, Vv=VM code)
j  com.arcsoft.face.FaceEngine.detectFaces(J[BIIII[Lcom/arcsoft/face/FaceInfo;)I+0
j  com.arcsoft.face.FaceEngine.detectFaces([BIILcom/arcsoft/face/enums/ImageFormat;Lcom/arcsoft/face/enums/DetectModel;Ljava/util/List;)I+107
j  com.arcsoft.face.FaceEngine.detectFaces([BIILcom/arcsoft/face/enums/ImageFormat;Ljava/util/List;)I+11
j  com.tangcheng.face_corn.service.impl.faceServiceImpl.facesearch(Ljava/io/InputStream;Ljava/util/List;)Ljava/lang/String;+45
j  com.tangcheng.face_corn.controller.faceController.facesearch(Ljava/lang/String;Ljava/util/List;)Lresult/Result;+22
j  sun.reflect.GeneratedMethodAccessor71.invoke(Ljava/lang/Object;[Ljava/lang/Object;)Ljava/lang/Object;+48
J 2070 C1 sun.reflect.DelegatingMethodAccessorImpl.invoke(Ljava/lang/Object;[Ljava/lang/Object;)Ljava/lang/Object; (10 bytes) @ 0x0000000003d40f64 [0x0000000003d40f20+0x44]
J 1825 C1 java.lang.reflect.Method.invoke(Ljava/lang/Object;[Ljava/lang/Object;)Ljava/lang/Object; (62 bytes) @ 0x0000000003cc8214 [0x0000000003cc8120+0xf4]
j  org.springframework.web.method.support.InvocableHandlerMethod.doInvoke([Ljava/lang/Object;)Ljava/lang/Object;+32
j  org.springframework.web.method.support.InvocableHandlerMethod.invokeForRequest(Lorg/springframework/web/context/request/NativeWebRequest;Lorg/springframework/web/method/support/ModelAndViewContainer;[Ljava/lang/Object;)Ljava/lang/Object;+54
j  org.springframework.web.servlet.mvc.method.annotation.ServletInvocableHandlerMethod.invokeAndHandle(Lorg/springframework/web/context/request/ServletWebRequest;Lorg/springframework/web/method/support/ModelAndViewContainer;[Ljava/lang/Object;)V+4
j  org.springframework.web.servlet.mvc.method.annotation.RequestMappingHandlerAdapter.invokeHandlerMethod(Ljavax/servlet/http/HttpServletRequest;Ljavax/servlet/http/HttpServletResponse;Lorg/springframework/web/method/HandlerMethod;)Lorg/springframework/web/servlet/ModelAndView;+244
j  org.springframework.web.servlet.mvc.method.annotation.RequestMappingHandlerAdapter.handleInternal(Ljavax/servlet/http/HttpServletRequest;Ljavax/servlet/http/HttpServletResponse;Lorg/springframework/web/method/HandlerMethod;)Lorg/springframework/web/servlet/ModelAndView;+81
j  org.springframework.web.servlet.mvc.method.AbstractHandlerMethodAdapter.handle(Ljavax/servlet/http/HttpServletRequest;Ljavax/servlet/http/HttpServletResponse;Ljava/lang/Object;)Lorg/springframework/web/servlet/ModelAndView;+7
j  org.springframework.web.servlet.DispatcherServlet.doDispatch(Ljavax/servlet/http/HttpServletRequest;Ljavax/servlet/http/HttpServletResponse;)V+259
j  org.springframework.web.servlet.DispatcherServlet.doService(Ljavax/servlet/http/HttpServletRequest;Ljavax/servlet/http/HttpServletResponse;)V+241
j  org.springframework.web.servlet.FrameworkServlet.processRequest(Ljavax/servlet/http/HttpServletRequest;Ljavax/servlet/http/HttpServletResponse;)V+71
j  org.springframework.web.servlet.FrameworkServlet.doPost(Ljavax/servlet/http/HttpServletRequest;Ljavax/servlet/http/HttpServletResponse;)V+3
j  javax.servlet.http.HttpServlet.service(Ljavax/servlet/http/HttpServletRequest;Ljavax/servlet/http/HttpServletResponse;)V+149
j  org.springframework.web.servlet.FrameworkServlet.service(Ljavax/servlet/http/HttpServletRequest;Ljavax/servlet/http/HttpServletResponse;)V+33
j  javax.servlet.http.HttpServlet.service(Ljavax/servlet/ServletRequest;Ljavax/servlet/ServletResponse;)V+36
j  org.apache.catalina.core.ApplicationFilterChain.internalDoFilter(Ljavax/servlet/ServletRequest;Ljavax/servlet/ServletResponse;)V+304
j  org.apache.catalina.core.ApplicationFilterChain.doFilter(Ljavax/servlet/ServletRequest;Ljavax/servlet/ServletResponse;)V+99
j  org.apache.tomcat.websocket.server.WsFilter.doFilter(Ljavax/servlet/ServletRequest;Ljavax/servlet/ServletResponse;Ljavax/servlet/FilterChain;)V+21
j  org.apache.catalina.core.ApplicationFilterChain.internalDoFilter(Ljavax/servlet/ServletRequest;Ljavax/servlet/ServletResponse;)V+135
j  org.apache.catalina.core.ApplicationFilterChain.doFilter(Ljavax/servlet/ServletRequest;Ljavax/servlet/ServletResponse;)V+99
j  org.springframework.web.filter.RequestContextFilter.doFilterInternal(Ljavax/servlet/http/HttpServletRequest;Ljavax/servlet/http/HttpServletResponse;Ljavax/servlet/FilterChain;)V+21
j  org.springframework.web.filter.OncePerRequestFilter.doFilter(Ljavax/servlet/ServletRequest;Ljavax/servlet/ServletResponse;Ljavax/servlet/FilterChain;)V+147
j  org.apache.catalina.core.ApplicationFilterChain.internalDoFilter(Ljavax/servlet/ServletRequest;Ljavax/servlet/ServletResponse;)V+135
j  org.apache.catalina.core.ApplicationFilterChain.doFilter(Ljavax/servlet/ServletRequest;Ljavax/servlet/ServletResponse;)V+99
j  org.springframework.web.filter.FormContentFilter.doFilterInternal(Ljavax/servlet/http/HttpServletRequest;Ljavax/servlet/http/HttpServletResponse;Ljavax/servlet/FilterChain;)V+38
j  org.springframework.web.filter.OncePerRequestFilter.doFilter(Ljavax/servlet/ServletRequest;Ljavax/servlet/ServletResponse;Ljavax/servlet/FilterChain;)V+147
j  org.apache.catalina.core.ApplicationFilterChain.internalDoFilter(Ljavax/servlet/ServletRequest;Ljavax/servlet/ServletResponse;)V+135
j  org.apache.catalina.core.ApplicationFilterChain.doFilter(Ljavax/servlet/ServletRequest;Ljavax/servlet/ServletResponse;)V+99
j  org.springframework.web.filter.CharacterEncodingFilter.doFilterInternal(Ljavax/servlet/http/HttpServletRequest;Ljavax/servlet/http/HttpServletResponse;Ljavax/servlet/FilterChain;)V+53
j  org.springframework.web.filter.OncePerRequestFilter.doFilter(Ljavax/servlet/ServletRequest;Ljavax/servlet/ServletResponse;Ljavax/servlet/FilterChain;)V+147
j  org.apache.catalina.core.ApplicationFilterChain.internalDoFilter(Ljavax/servlet/ServletRequest;Ljavax/servlet/ServletResponse;)V+135
j  org.apache.catalina.core.ApplicationFilterChain.doFilter(Ljavax/servlet/ServletRequest;Ljavax/servlet/ServletResponse;)V+99
j  org.apache.catalina.core.StandardWrapperValve.invoke(Lorg/apache/catalina/connector/Request;Lorg/apache/catalina/connector/Response;)V+694
j  org.apache.catalina.core.StandardContextValve.invoke(Lorg/apache/catalina/connector/Request;Lorg/apache/catalina/connector/Response;)V+169
j  org.apache.catalina.authenticator.AuthenticatorBase.invoke(Lorg/apache/catalina/connector/Request;Lorg/apache/catalina/connector/Response;)V+260
j  org.apache.catalina.core.StandardHostValve.invoke(Lorg/apache/catalina/connector/Request;Lorg/apache/catalina/connector/Response;)V+128
j  org.apache.catalina.valves.ErrorReportValve.invoke(Lorg/apache/catalina/connector/Request;Lorg/apache/catalina/connector/Response;)V+6
j  org.apache.catalina.core.StandardEngineValve.invoke(Lorg/apache/catalina/connector/Request;Lorg/apache/catalina/connector/Response;)V+59
j  org.apache.catalina.connector.CoyoteAdapter.service(Lorg/apache/coyote/Request;Lorg/apache/coyote/Response;)V+199
j  org.apache.coyote.http11.Http11Processor.service(Lorg/apache/tomcat/util/net/SocketWrapperBase;)Lorg/apache/tomcat/util/net/AbstractEndpoint$Handler$SocketState;+737
j  org.apache.coyote.AbstractProcessorLight.process(Lorg/apache/tomcat/util/net/SocketWrapperBase;Lorg/apache/tomcat/util/net/SocketEvent;)Lorg/apache/tomcat/util/net/AbstractEndpoint$Handler$SocketState;+170
j  org.apache.coyote.AbstractProtocol$ConnectionHandler.process(Lorg/apache/tomcat/util/net/SocketWrapperBase;Lorg/apache/tomcat/util/net/SocketEvent;)Lorg/apache/tomcat/util/net/AbstractEndpoint$Handler$SocketState;+505
j  org.apache.tomcat.util.net.NioEndpoint$SocketProcessor.doRun()V+216
j  org.apache.tomcat.util.net.SocketProcessorBase.run()V+21
j  java.util.concurrent.ThreadPoolExecutor.runWorker(Ljava/util/concurrent/ThreadPoolExecutor$Worker;)V+95
j  java.util.concurrent.ThreadPoolExecutor$Worker.run()V+5
j  org.apache.tomcat.util.threads.TaskThread$WrappingRunnable.run()V+4
j  java.lang.Thread.run()V+11
v  ~StubRoutines::call_stub

---------------  P R O C E S S  ---------------

Java Threads: ( => current thread )
  0x000000001f1c7800 JavaThread "lettuce-eventExecutorLoop-1-8" daemon [_thread_blocked, id=22044, stack(0x0000000041a80000,0x0000000041b80000)]
  0x000000001f1cc800 JavaThread "lettuce-eventExecutorLoop-1-7" daemon [_thread_blocked, id=22740, stack(0x0000000041980000,0x0000000041a80000)]
  0x000000001f1ce000 JavaThread "lettuce-eventExecutorLoop-1-6" daemon [_thread_blocked, id=24324, stack(0x00000000015c0000,0x00000000016c0000)]
  0x000000001f1cc000 JavaThread "lettuce-eventExecutorLoop-1-5" daemon [_thread_blocked, id=24420, stack(0x0000000041880000,0x0000000041980000)]
  0x000000001f1c4800 JavaThread "lettuce-eventExecutorLoop-1-4" daemon [_thread_blocked, id=26504, stack(0x0000000041780000,0x0000000041880000)]
  0x000000001f1c6800 JavaThread "lettuce-eventExecutorLoop-1-3" daemon [_thread_blocked, id=23168, stack(0x0000000041680000,0x0000000041780000)]
  0x000000001f1ca800 JavaThread "Java2D Disposer" daemon [_thread_blocked, id=22364, stack(0x0000000041580000,0x0000000041680000)]
  0x000000001f1c6000 JavaThread "idle_connection_reaper" daemon [_thread_blocked, id=23676, stack(0x0000000041280000,0x0000000041380000)]
  0x000000001f1c5000 JavaThread "lettuce-eventExecutorLoop-1-2" daemon [_thread_blocked, id=24896, stack(0x0000000040f80000,0x0000000041080000)]
  0x000000001f1c9000 JavaThread "lettuce-eventExecutorLoop-1-1" daemon [_thread_blocked, id=24124, stack(0x0000000023ed0000,0x0000000023fd0000)]
  0x000000001eef6800 JavaThread "lettuce-nioEventLoop-4-1" daemon [_thread_in_native, id=16568, stack(0x0000000022cc0000,0x0000000022dc0000)]
  0x000000001eef5800 JavaThread "DiscoveryClient-CacheRefreshExecutor-0" daemon [_thread_blocked, id=18756, stack(0x00000000228c0000,0x00000000229c0000)]
  0x000000001eef4000 JavaThread "DiscoveryClient-HeartbeatExecutor-0" daemon [_thread_blocked, id=14720, stack(0x00000000227c0000,0x00000000228c0000)]
  0x000000001eef5000 JavaThread "RMI TCP Connection(idle)" daemon [_thread_blocked, id=25748, stack(0x00000000223c0000,0x00000000224c0000)]
  0x000000001eef7000 JavaThread "RMI TCP Connection(idle)" daemon [_thread_blocked, id=25216, stack(0x00000000221c0000,0x00000000222c0000)]
  0x000000001eef3800 JavaThread "DestroyJavaVM" [_thread_blocked, id=26572, stack(0x00000000035d0000,0x00000000036d0000)]
  0x000000001eef2800 JavaThread "http-nio-8081-Acceptor" daemon [_thread_in_native, id=25872, stack(0x00000000220c0000,0x00000000221c0000)]
  0x000000001eef8000 JavaThread "http-nio-8081-ClientPoller" daemon [_thread_in_native, id=25696, stack(0x0000000021fc0000,0x00000000220c0000)]
  0x000000001eeeb000 JavaThread "http-nio-8081-exec-10" daemon [_thread_blocked, id=24616, stack(0x0000000021ec0000,0x0000000021fc0000)]
  0x000000001eef2000 JavaThread "http-nio-8081-exec-9" daemon [_thread_blocked, id=22252, stack(0x0000000021dc0000,0x0000000021ec0000)]
  0x000000001eef1000 JavaThread "http-nio-8081-exec-8" daemon [_thread_blocked, id=15132, stack(0x0000000021cc0000,0x0000000021dc0000)]
  0x000000001eeec000 JavaThread "http-nio-8081-exec-7" daemon [_thread_in_native, id=16752, stack(0x0000000021bc0000,0x0000000021cc0000)]
=>0x000000001eee9800 JavaThread "http-nio-8081-exec-6" daemon [_thread_in_native, id=18352, stack(0x0000000021ac0000,0x0000000021bc0000)]
  0x000000001eef0800 JavaThread "http-nio-8081-exec-5" daemon [_thread_in_native, id=22048, stack(0x00000000219c0000,0x0000000021ac0000)]
  0x000000001eeef000 JavaThread "http-nio-8081-exec-4" daemon [_thread_in_native, id=26604, stack(0x00000000218c0000,0x00000000219c0000)]
  0x000000001eeee000 JavaThread "http-nio-8081-exec-3" daemon [_thread_in_native, id=24176, stack(0x00000000217c0000,0x00000000218c0000)]
  0x000000001eee9000 JavaThread "http-nio-8081-exec-2" daemon [_thread_in_native, id=24456, stack(0x00000000216c0000,0x00000000217c0000)]
  0x000000001eeed800 JavaThread "http-nio-8081-exec-1" daemon [_thread_blocked, id=19692, stack(0x00000000215c0000,0x00000000216c0000)]
  0x000000001eeef800 JavaThread "http-nio-8081-BlockPoller" daemon [_thread_in_native, id=252, stack(0x00000000214c0000,0x00000000215c0000)]
  0x000000001eeec800 JavaThread "DiscoveryClient-InstanceInfoReplicator-0" daemon [_thread_blocked, id=24084, stack(0x00000000211c0000,0x00000000212c0000)]
  0x000000001eeea800 JavaThread "DiscoveryClient-1" daemon [_thread_blocked, id=14668, stack(0x00000000210c0000,0x00000000211c0000)]
  0x000000001cf6c000 JavaThread "DiscoveryClient-0" daemon [_thread_blocked, id=25312, stack(0x0000000020fc0000,0x00000000210c0000)]
  0x000000001cf6b800 JavaThread "AsyncResolver-bootstrap-0" daemon [_thread_blocked, id=16984, stack(0x0000000020ac0000,0x0000000020bc0000)]
  0x000000001cf72000 JavaThread "spring.cloud.inetutils" daemon [_thread_blocked, id=20948, stack(0x00000000209c0000,0x0000000020ac0000)]
  0x000000001cf6d000 JavaThread "RMI TCP Connection(idle)" daemon [_thread_blocked, id=16072, stack(0x00000000204c0000,0x00000000205c0000)]
  0x000000001cf6f000 JavaThread "lettuce-timer-3-1" daemon [_thread_blocked, id=23952, stack(0x00000000201c0000,0x00000000202c0000)]
  0x000000001cf70000 JavaThread "container-0" [_thread_blocked, id=24936, stack(0x000000001fec0000,0x000000001ffc0000)]
  0x000000001cf6d800 JavaThread "Catalina-utility-2" [_thread_blocked, id=24796, stack(0x000000001fdc0000,0x000000001fec0000)]
  0x000000001cf71800 JavaThread "Catalina-utility-1" [_thread_blocked, id=24652, stack(0x000000001fcc0000,0x000000001fdc0000)]
  0x000000001cf6e800 JavaThread "RMI TCP Connection(idle)" daemon [_thread_blocked, id=25200, stack(0x000000001d6f0000,0x000000001d7f0000)]
  0x000000001c36b800 JavaThread "RMI Scheduler(0)" daemon [_thread_blocked, id=23388, stack(0x000000001d5f0000,0x000000001d6f0000)]
  0x000000001c364800 JavaThread "RMI TCP Connection(idle)" daemon [_thread_blocked, id=25948, stack(0x000000001d4f0000,0x000000001d5f0000)]
  0x000000001c350800 JavaThread "RMI TCP Connection(idle)" daemon [_thread_blocked, id=21984, stack(0x000000001d3f0000,0x000000001d4f0000)]
  0x000000001b5a4000 JavaThread "RMI TCP Accept-0" daemon [_thread_in_native, id=23992, stack(0x000000001bf70000,0x000000001c070000)]
  0x000000001b5a1800 JavaThread "RMI TCP Accept-56592" daemon [_thread_in_native, id=20620, stack(0x000000001be70000,0x000000001bf70000)]
  0x000000001b590800 JavaThread "RMI TCP Accept-0" daemon [_thread_in_native, id=22080, stack(0x000000001bd70000,0x000000001be70000)]
  0x000000001b2de000 JavaThread "Service Thread" daemon [_thread_blocked, id=21736, stack(0x000000001bc50000,0x000000001bd50000)]
  0x000000001b2c1800 JavaThread "C1 CompilerThread3" daemon [_thread_blocked, id=26608, stack(0x000000001bb50000,0x000000001bc50000)]
  0x000000001b2be800 JavaThread "C2 CompilerThread2" daemon [_thread_blocked, id=24168, stack(0x000000001ba50000,0x000000001bb50000)]
  0x000000001b2be000 JavaThread "C2 CompilerThread1" daemon [_thread_blocked, id=19136, stack(0x000000001b950000,0x000000001ba50000)]
  0x000000001b2b9000 JavaThread "C2 CompilerThread0" daemon [_thread_blocked, id=21248, stack(0x000000001b850000,0x000000001b950000)]
  0x000000001b292000 JavaThread "Monitor Ctrl-Break" daemon [_thread_in_native, id=24484, stack(0x000000001b750000,0x000000001b850000)]
  0x000000001a71f800 JavaThread "Attach Listener" daemon [_thread_blocked, id=19792, stack(0x000000001ae40000,0x000000001af40000)]
  0x000000001a77b800 JavaThread "Signal Dispatcher" daemon [_thread_blocked, id=25952, stack(0x000000001ad40000,0x000000001ae40000)]
  0x0000000018916800 JavaThread "Finalizer" daemon [_thread_blocked, id=16316, stack(0x000000001abe0000,0x000000001ace0000)]
  0x000000001890f800 JavaThread "Reference Handler" daemon [_thread_blocked, id=23920, stack(0x000000001aae0000,0x000000001abe0000)]

Other Threads:
  0x0000000018907800 VMThread [stack: 0x000000001a5e0000,0x000000001a6e0000] [id=26612]
  0x000000001b5ab000 WatcherThread [stack: 0x000000001c070000,0x000000001c170000] [id=24980]

VM state:not at safepoint (normal execution)

VM Mutex/Monitor currently owned by a thread: None

heap address: 0x0000000081200000, size: 2030 MB, Compressed Oops mode: 32-bit
Narrow klass base: 0x0000000000000000, Narrow klass shift: 3
Compressed class space size: 1073741824 Address: 0x0000000100000000

Heap:
 PSYoungGen      total 214528K, used 119411K [0x00000000d5b80000, 0x00000000e7180000, 0x0000000100000000)
  eden space 196608K, 60% used [0x00000000d5b80000,0x00000000dd01cfb0,0x00000000e1b80000)
  from space 17920K, 0% used [0x00000000e1b80000,0x00000000e1b80000,0x00000000e2d00000)
  to   space 17920K, 0% used [0x00000000e6000000,0x00000000e6000000,0x00000000e7180000)
 ParOldGen       total 117760K, used 27264K [0x0000000081200000, 0x0000000088500000, 0x00000000d5b80000)
  object space 117760K, 23% used [0x0000000081200000,0x0000000082ca0118,0x0000000088500000)
 Metaspace       used 55531K, capacity 59218K, committed 59480K, reserved 1099776K
  class space    used 7593K, capacity 8242K, committed 8320K, reserved 1048576K

Card table byte_map: [0x0000000012cd0000,0x00000000130d0000] byte_map_base: 0x00000000128c7000

Marking Bits: (ParMarkBitMap*) 0x000000005dde4ce0
 Begin Bits: [0x0000000013b80000, 0x0000000015b38000)
 End Bits:   [0x0000000015b38000, 0x0000000017af0000)

Polling page: 0x0000000001880000

CodeCache: size=245760Kb used=9852Kb max_used=9852Kb free=235908Kb
 bounds [0x0000000003910000, 0x00000000042c0000, 0x0000000012910000]
 total_blobs=5733 nmethods=5134 adapters=511
 compilation: enabled

Compilation events (10 events):
Event: 62.850 Thread 0x000000001b2c1800 5260       1       java.nio.DirectByteBuffer::get (126 bytes)
Event: 62.850 Thread 0x000000001b2c1800 nmethod 5260 0x00000000042ad490 code [0x00000000042ad620, 0x00000000042ad968]
Event: 62.850 Thread 0x000000001b2c1800 5261       1       org.apache.coyote.Request::decodedURI (5 bytes)
Event: 62.850 Thread 0x000000001b2c1800 nmethod 5261 0x00000000042adb90 code [0x00000000042adce0, 0x00000000042addf0]
Event: 62.851 Thread 0x000000001b2c1800 5262   !   1       org.apache.coyote.http11.Http11InputBuffer::fill (440 bytes)
Event: 62.853 Thread 0x000000001b2c1800 nmethod 5262 0x00000000042ade50 code [0x00000000042ae260, 0x00000000042af268]
Event: 62.853 Thread 0x000000001b2c1800 5263       1       org.apache.tomcat.util.net.NioEndpoint$NioSocketWrapper::read (185 bytes)
Event: 62.854 Thread 0x000000001b2c1800 nmethod 5263 0x00000000042b0390 code [0x00000000042b0640, 0x00000000042b0fb8]
Event: 62.855 Thread 0x000000001b2c1800 5264       1       org.apache.tomcat.util.http.ValuesEnumerator::hasMoreElements (13 bytes)
Event: 62.855 Thread 0x000000001b2c1800 nmethod 5264 0x00000000042b1950 code [0x00000000042b1aa0, 0x00000000042b1bd0]

GC Heap History (10 events):
Event: 5.070 GC heap before
{Heap before GC invocations=12 (full 2):
 PSYoungGen      total 167424K, used 8283K [0x00000000d5b80000, 0x00000000e0900000, 0x0000000100000000)
  eden space 157184K, 0% used [0x00000000d5b80000,0x00000000d5b80000,0x00000000df500000)
  from space 10240K, 80% used [0x00000000dff00000,0x00000000e0716fb8,0x00000000e0900000)
  to   space 10240K, 0% used [0x00000000df500000,0x00000000df500000,0x00000000dff00000)
 ParOldGen       total 52224K, used 13344K [0x0000000081200000, 0x0000000084500000, 0x00000000d5b80000)
  object space 52224K, 25% used [0x0000000081200000,0x0000000081f08138,0x0000000084500000)
 Metaspace       used 33248K, capacity 35330K, committed 35416K, reserved 1079296K
  class space    used 4580K, capacity 4959K, committed 4992K, reserved 1048576K
Event: 5.114 GC heap after
Heap after GC invocations=12 (full 2):
 PSYoungGen      total 167424K, used 0K [0x00000000d5b80000, 0x00000000e0900000, 0x0000000100000000)
  eden space 157184K, 0% used [0x00000000d5b80000,0x00000000d5b80000,0x00000000df500000)
  from space 10240K, 0% used [0x00000000dff00000,0x00000000dff00000,0x00000000e0900000)
  to   space 10240K, 0% used [0x00000000df500000,0x00000000df500000,0x00000000dff00000)
 ParOldGen       total 82944K, used 16543K [0x0000000081200000, 0x0000000086300000, 0x00000000d5b80000)
  object space 82944K, 19% used [0x0000000081200000,0x0000000082227cc0,0x0000000086300000)
 Metaspace       used 33248K, capacity 35330K, committed 35416K, reserved 1079296K
  class space    used 4580K, capacity 4959K, committed 4992K, reserved 1048576K
}
Event: 7.205 GC heap before
{Heap before GC invocations=13 (full 2):
 PSYoungGen      total 167424K, used 157184K [0x00000000d5b80000, 0x00000000e0900000, 0x0000000100000000)
  eden space 157184K, 100% used [0x00000000d5b80000,0x00000000df500000,0x00000000df500000)
  from space 10240K, 0% used [0x00000000dff00000,0x00000000dff00000,0x00000000e0900000)
  to   space 10240K, 0% used [0x00000000df500000,0x00000000df500000,0x00000000dff00000)
 ParOldGen       total 82944K, used 16543K [0x0000000081200000, 0x0000000086300000, 0x00000000d5b80000)
  object space 82944K, 19% used [0x0000000081200000,0x0000000082227cc0,0x0000000086300000)
 Metaspace       used 41590K, capacity 44460K, committed 44632K, reserved 1087488K
  class space    used 5750K, capacity 6271K, committed 6272K, reserved 1048576K
Event: 7.215 GC heap after
Heap after GC invocations=13 (full 2):
 PSYoungGen      total 167424K, used 10214K [0x00000000d5b80000, 0x00000000e3a00000, 0x0000000100000000)
  eden space 157184K, 0% used [0x00000000d5b80000,0x00000000d5b80000,0x00000000df500000)
  from space 10240K, 99% used [0x00000000df500000,0x00000000dfef98a8,0x00000000dff00000)
  to   space 12288K, 0% used [0x00000000e2e00000,0x00000000e2e00000,0x00000000e3a00000)
 ParOldGen       total 82944K, used 19851K [0x0000000081200000, 0x0000000086300000, 0x00000000d5b80000)
  object space 82944K, 23% used [0x0000000081200000,0x0000000082562ef0,0x0000000086300000)
 Metaspace       used 41590K, capacity 44460K, committed 44632K, reserved 1087488K
  class space    used 5750K, capacity 6271K, committed 6272K, reserved 1048576K
}
Event: 45.252 GC heap before
{Heap before GC invocations=14 (full 2):
 PSYoungGen      total 167424K, used 167398K [0x00000000d5b80000, 0x00000000e3a00000, 0x0000000100000000)
  eden space 157184K, 100% used [0x00000000d5b80000,0x00000000df500000,0x00000000df500000)
  from space 10240K, 99% used [0x00000000df500000,0x00000000dfef98a8,0x00000000dff00000)
  to   space 12288K, 0% used [0x00000000e2e00000,0x00000000e2e00000,0x00000000e3a00000)
 ParOldGen       total 82944K, used 19851K [0x0000000081200000, 0x0000000086300000, 0x00000000d5b80000)
  object space 82944K, 23% used [0x0000000081200000,0x0000000082562ef0,0x0000000086300000)
 Metaspace       used 53897K, capacity 57498K, committed 57688K, reserved 1099776K
  class space    used 7381K, capacity 8036K, committed 8064K, reserved 1048576K
Event: 45.267 GC heap after
Heap after GC invocations=14 (full 2):
 PSYoungGen      total 208896K, used 12266K [0x00000000d5b80000, 0x00000000e3e80000, 0x0000000100000000)
  eden space 196608K, 0% used [0x00000000d5b80000,0x00000000d5b80000,0x00000000e1b80000)
  from space 12288K, 99% used [0x00000000e2e00000,0x00000000e39fa9a0,0x00000000e3a00000)
  to   space 17920K, 0% used [0x00000000e1b80000,0x00000000e1b80000,0x00000000e2d00000)
 ParOldGen       total 82944K, used 30700K [0x0000000081200000, 0x0000000086300000, 0x00000000d5b80000)
  object space 82944K, 37% used [0x0000000081200000,0x0000000082ffb070,0x0000000086300000)
 Metaspace       used 53897K, capacity 57498K, committed 57688K, reserved 1099776K
  class space    used 7381K, capacity 8036K, committed 8064K, reserved 1048576K
}
Event: 45.616 GC heap before
{Heap before GC invocations=15 (full 2):
 PSYoungGen      total 208896K, used 26808K [0x00000000d5b80000, 0x00000000e3e80000, 0x0000000100000000)
  eden space 196608K, 7% used [0x00000000d5b80000,0x00000000d69b3668,0x00000000e1b80000)
  from space 12288K, 99% used [0x00000000e2e00000,0x00000000e39fa9a0,0x00000000e3a00000)
  to   space 17920K, 0% used [0x00000000e1b80000,0x00000000e1b80000,0x00000000e2d00000)
 ParOldGen       total 82944K, used 30700K [0x0000000081200000, 0x0000000086300000, 0x00000000d5b80000)
  object space 82944K, 37% used [0x0000000081200000,0x0000000082ffb070,0x0000000086300000)
 Metaspace       used 55085K, capacity 58756K, committed 58968K, reserved 1099776K
  class space    used 7534K, capacity 8199K, committed 8320K, reserved 1048576K
Event: 45.623 GC heap after
Heap after GC invocations=15 (full 2):
 PSYoungGen      total 214528K, used 1964K [0x00000000d5b80000, 0x00000000e7180000, 0x0000000100000000)
  eden space 196608K, 0% used [0x00000000d5b80000,0x00000000d5b80000,0x00000000e1b80000)
  from space 17920K, 10% used [0x00000000e1b80000,0x00000000e1d6b268,0x00000000e2d00000)
  to   space 17920K, 0% used [0x00000000e6000000,0x00000000e6000000,0x00000000e7180000)
 ParOldGen       total 82944K, used 39929K [0x0000000081200000, 0x0000000086300000, 0x00000000d5b80000)
  object space 82944K, 48% used [0x0000000081200000,0x00000000838fe6e0,0x0000000086300000)
 Metaspace       used 55085K, capacity 58756K, committed 58968K, reserved 1099776K
  class space    used 7534K, capacity 8199K, committed 8320K, reserved 1048576K
}
Event: 45.623 GC heap before
{Heap before GC invocations=16 (full 3):
 PSYoungGen      total 214528K, used 1964K [0x00000000d5b80000, 0x00000000e7180000, 0x0000000100000000)
  eden space 196608K, 0% used [0x00000000d5b80000,0x00000000d5b80000,0x00000000e1b80000)
  from space 17920K, 10% used [0x00000000e1b80000,0x00000000e1d6b268,0x00000000e2d00000)
  to   space 17920K, 0% used [0x00000000e6000000,0x00000000e6000000,0x00000000e7180000)
 ParOldGen       total 82944K, used 39929K [0x0000000081200000, 0x0000000086300000, 0x00000000d5b80000)
  object space 82944K, 48% used [0x0000000081200000,0x00000000838fe6e0,0x0000000086300000)
 Metaspace       used 55085K, capacity 58756K, committed 58968K, reserved 1099776K
  class space    used 7534K, capacity 8199K, committed 8320K, reserved 1048576K
Event: 45.739 GC heap after
Heap after GC invocations=16 (full 3):
 PSYoungGen      total 214528K, used 0K [0x00000000d5b80000, 0x00000000e7180000, 0x0000000100000000)
  eden space 196608K, 0% used [0x00000000d5b80000,0x00000000d5b80000,0x00000000e1b80000)
  from space 17920K, 0% used [0x00000000e1b80000,0x00000000e1b80000,0x00000000e2d00000)
  to   space 17920K, 0% used [0x00000000e6000000,0x00000000e6000000,0x00000000e7180000)
 ParOldGen       total 117760K, used 27264K [0x0000000081200000, 0x0000000088500000, 0x00000000d5b80000)
  object space 117760K, 23% used [0x0000000081200000,0x0000000082ca0118,0x0000000088500000)
 Metaspace       used 55085K, capacity 58756K, committed 58968K, reserved 1099776K
  class space    used 7534K, capacity 8199K, committed 8320K, reserved 1048576K
}

Deoptimization events (0 events):
No events

Classes redefined (0 events):
No events

Internal exceptions (10 events):
Event: 39.235 Thread 0x000000001eee9000 Exception <a 'java/lang/ArrayIndexOutOfBoundsException'> (0x00000000decbb4f8) thrown at [C:\re\workspace\8-2-build-windows-amd64-cygwin\jdk8u201\12322\hotspot\src\share\vm\runtime\sharedRuntime.cpp, line 605]
Event: 39.235 Thread 0x000000001eee9000 Exception <a 'java/lang/ArrayIndexOutOfBoundsException'> (0x00000000decbccd0) thrown at [C:\re\workspace\8-2-build-windows-amd64-cygwin\jdk8u201\12322\hotspot\src\share\vm\runtime\sharedRuntime.cpp, line 605]
Event: 45.218 Thread 0x000000001eee9800 Exception <a 'java/lang/ArrayIndexOutOfBoundsException'> (0x00000000df0b45d0) thrown at [C:\re\workspace\8-2-build-windows-amd64-cygwin\jdk8u201\12322\hotspot\src\share\vm\runtime\sharedRuntime.cpp, line 605]
Event: 45.582 Thread 0x000000001eee9800 Exception <a 'java/io/FileNotFoundException'> (0x00000000d685aff8) thrown at [C:\re\workspace\8-2-build-windows-amd64-cygwin\jdk8u201\12322\hotspot\src\share\vm\prims\jni.cpp, line 709]
Event: 61.469 Thread 0x000000001eef2000 Exception <a 'java/lang/ArrayIndexOutOfBoundsException'> (0x00000000d67dee58) thrown at [C:\re\workspace\8-2-build-windows-amd64-cygwin\jdk8u201\12322\hotspot\src\share\vm\runtime\sharedRuntime.cpp, line 605]
Event: 61.600 Thread 0x000000001eef2000 Exception <a 'java/lang/NoSuchMethodError': java.lang.Object.lambda$invoke$0()Ljava/lang/Object;> (0x00000000d6c4c6a0) thrown at [C:\re\workspace\8-2-build-windows-amd64-cygwin\jdk8u201\12322\hotspot\src\share\vm\interpreter\linkResolver.cpp, line 620]
Event: 61.606 Thread 0x000000001eef2000 Exception <a 'java/lang/ArrayIndexOutOfBoundsException'> (0x00000000d7450c10) thrown at [C:\re\workspace\8-2-build-windows-amd64-cygwin\jdk8u201\12322\hotspot\src\share\vm\runtime\sharedRuntime.cpp, line 605]
Event: 61.606 Thread 0x000000001eef2000 Exception <a 'java/lang/ArrayIndexOutOfBoundsException'> (0x00000000d7452988) thrown at [C:\re\workspace\8-2-build-windows-amd64-cygwin\jdk8u201\12322\hotspot\src\share\vm\runtime\sharedRuntime.cpp, line 605]
Event: 61.606 Thread 0x000000001eef2000 Exception <a 'java/lang/ArrayIndexOutOfBoundsException'> (0x00000000d7453dd0) thrown at [C:\re\workspace\8-2-build-windows-amd64-cygwin\jdk8u201\12322\hotspot\src\share\vm\runtime\sharedRuntime.cpp, line 605]
Event: 61.607 Thread 0x000000001eef2000 Exception <a 'java/lang/ArrayIndexOutOfBoundsException'> (0x00000000d7459b80) thrown at [C:\re\workspace\8-2-build-windows-amd64-cygwin\jdk8u201\12322\hotspot\src\share\vm\runtime\sharedRuntime.cpp, line 605]

Events (10 events):
Event: 62.807 Executing VM operation: BulkRevokeBias done
Event: 62.808 Executing VM operation: RevokeBias
Event: 62.808 Executing VM operation: RevokeBias done
Event: 62.809 Executing VM operation: RevokeBias
Event: 62.809 Executing VM operation: RevokeBias done
Event: 62.809 Executing VM operation: RevokeBias
Event: 62.809 Executing VM operation: RevokeBias done
Event: 62.850 Executing VM operation: RevokeBias
Event: 62.850 Executing VM operation: RevokeBias done
Event: 62.855 Thread 0x000000001b2c1800 flushing nmethod 0x0000000003f30850


Dynamic libraries:
0x00007ff6f4dc0000 - 0x00007ff6f4df7000 	C:\Program Files\Java\jdk1.8.0_201\bin\java.exe
0x00007ffbf5db0000 - 0x00007ffbf5fa5000 	C:\WINDOWS\SYSTEM32\ntdll.dll
0x00007ffbf55f0000 - 0x00007ffbf56ae000 	C:\WINDOWS\System32\KERNEL32.DLL
0x00007ffbf3720000 - 0x00007ffbf39e9000 	C:\WINDOWS\System32\KERNELBASE.dll
0x00007ffbf4410000 - 0x00007ffbf44bc000 	C:\WINDOWS\System32\ADVAPI32.dll
0x00007ffbf4d00000 - 0x00007ffbf4d9e000 	C:\WINDOWS\System32\msvcrt.dll
0x00007ffbf4c60000 - 0x00007ffbf4cfb000 	C:\WINDOWS\System32\sechost.dll
0x00007ffbf4150000 - 0x00007ffbf427a000 	C:\WINDOWS\System32\RPCRT4.dll
0x00007ffbf4da0000 - 0x00007ffbf4f41000 	C:\WINDOWS\System32\USER32.dll
0x00007ffbf3dd0000 - 0x00007ffbf3df2000 	C:\WINDOWS\System32\win32u.dll
0x00007ffbf3e00000 - 0x00007ffbf3e2b000 	C:\WINDOWS\System32\GDI32.dll
0x00007ffbf3ad0000 - 0x00007ffbf3bdb000 	C:\WINDOWS\System32\gdi32full.dll
0x00007ffbf3680000 - 0x00007ffbf371d000 	C:\WINDOWS\System32\msvcp_win.dll
0x00007ffbf34d0000 - 0x00007ffbf35d0000 	C:\WINDOWS\System32\ucrtbase.dll
0x00007ffbe4850000 - 0x00007ffbe4aea000 	C:\WINDOWS\WinSxS\amd64_microsoft.windows.common-controls_6595b64144ccf1df_6.0.19041.1110_none_60b5254171f9507e\COMCTL32.dll
0x00007ffbf5030000 - 0x00007ffbf5060000 	C:\WINDOWS\System32\IMM32.DLL
0x000000005e9c0000 - 0x000000005ea91000 	C:\Program Files\Java\jdk1.8.0_201\jre\bin\msvcr100.dll
0x000000005d5c0000 - 0x000000005de64000 	C:\Program Files\Java\jdk1.8.0_201\jre\bin\server\jvm.dll
0x00007ffbf5c50000 - 0x00007ffbf5c58000 	C:\WINDOWS\System32\PSAPI.DLL
0x00007ffbee370000 - 0x00007ffbee379000 	C:\WINDOWS\SYSTEM32\WSOCK32.dll
0x00007ffbe6240000 - 0x00007ffbe6267000 	C:\WINDOWS\SYSTEM32\WINMM.dll
0x00007ffbf53c0000 - 0x00007ffbf542b000 	C:\WINDOWS\System32\WS2_32.dll
0x00007ffbea430000 - 0x00007ffbea43a000 	C:\WINDOWS\SYSTEM32\VERSION.dll
0x00007ffbecce0000 - 0x00007ffbeccef000 	C:\Program Files\Java\jdk1.8.0_201\jre\bin\verify.dll
0x00007ffbd4000000 - 0x00007ffbd4029000 	C:\Program Files\Java\jdk1.8.0_201\jre\bin\java.dll
0x00007ffbc7ce0000 - 0x00007ffbc7d03000 	C:\Program Files\Java\jdk1.8.0_201\jre\bin\instrument.dll
0x00007ffbd6880000 - 0x00007ffbd6896000 	C:\Program Files\Java\jdk1.8.0_201\jre\bin\zip.dll
0x00007ffbf4520000 - 0x00007ffbf4c5f000 	C:\WINDOWS\System32\SHELL32.dll
0x00007ffbf1210000 - 0x00007ffbf19a0000 	C:\WINDOWS\SYSTEM32\windows.storage.dll
0x00007ffbf5060000 - 0x00007ffbf53b5000 	C:\WINDOWS\System32\combase.dll
0x00007ffbf2f20000 - 0x00007ffbf2f4c000 	C:\WINDOWS\SYSTEM32\Wldp.dll
0x00007ffbf3e30000 - 0x00007ffbf3edd000 	C:\WINDOWS\System32\SHCORE.dll
0x00007ffbf3fb0000 - 0x00007ffbf4005000 	C:\WINDOWS\System32\shlwapi.dll
0x00007ffbf3410000 - 0x00007ffbf342f000 	C:\WINDOWS\SYSTEM32\profapi.dll
0x00007ffbd6980000 - 0x00007ffbd699a000 	F:\subject\IDEA 2018_sssam.com\IntelliJ IDEA 2018.2.4\bin\breakgen64.dll
0x00007ffbd3fe0000 - 0x00007ffbd3ffa000 	C:\Program Files\Java\jdk1.8.0_201\jre\bin\net.dll
0x00007ffbe15a0000 - 0x00007ffbe178b000 	C:\WINDOWS\SYSTEM32\urlmon.dll
0x00007ffbe6580000 - 0x00007ffbe6830000 	C:\WINDOWS\SYSTEM32\iertutil.dll
0x00007ffbe1570000 - 0x00007ffbe1598000 	C:\WINDOWS\SYSTEM32\srvcli.dll
0x00007ffbf2a30000 - 0x00007ffbf2a3c000 	C:\WINDOWS\SYSTEM32\netutils.dll
0x00007ffbf2c80000 - 0x00007ffbf2cea000 	C:\WINDOWS\system32\mswsock.dll
0x00007ffbecc90000 - 0x00007ffbecc9d000 	C:\Program Files\Java\jdk1.8.0_201\jre\bin\management.dll
0x00007ffbd3fc0000 - 0x00007ffbd3fd1000 	C:\Program Files\Java\jdk1.8.0_201\jre\bin\nio.dll
0x00007ffbd5c90000 - 0x00007ffbd5ca7000 	C:\WINDOWS\system32\napinsp.dll
0x00007ffbd5c70000 - 0x00007ffbd5c8b000 	C:\WINDOWS\system32\pnrpnsp.dll
0x00007ffbed800000 - 0x00007ffbed815000 	C:\WINDOWS\system32\wshbth.dll
0x00007ffbee220000 - 0x00007ffbee23d000 	C:\WINDOWS\system32\NLAapi.dll
0x00007ffbf2920000 - 0x00007ffbf295b000 	C:\WINDOWS\SYSTEM32\IPHLPAPI.DLL
0x00007ffbf2960000 - 0x00007ffbf2a2c000 	C:\WINDOWS\SYSTEM32\DNSAPI.dll
0x00007ffbf55e0000 - 0x00007ffbf55e8000 	C:\WINDOWS\System32\NSI.dll
0x00007ffbd5b80000 - 0x00007ffbd5b92000 	C:\WINDOWS\System32\winrnr.dll
0x00007ffbea670000 - 0x00007ffbea67a000 	C:\Windows\System32\rasadhlp.dll
0x00007ffbe2000000 - 0x00007ffbe207f000 	C:\WINDOWS\System32\fwpuclnt.dll
0x00007ffbf39f0000 - 0x00007ffbf3a17000 	C:\WINDOWS\System32\bcrypt.dll
0x00007ffbf2e70000 - 0x00007ffbf2e88000 	C:\WINDOWS\SYSTEM32\CRYPTSP.dll
0x00007ffbf2590000 - 0x00007ffbf25c4000 	C:\WINDOWS\system32\rsaenh.dll
0x00007ffbf3390000 - 0x00007ffbf33be000 	C:\WINDOWS\SYSTEM32\USERENV.dll
0x00007ffbf3be0000 - 0x00007ffbf3c63000 	C:\WINDOWS\System32\bcryptprimitives.dll
0x00007ffbf2e90000 - 0x00007ffbf2e9c000 	C:\WINDOWS\SYSTEM32\CRYPTBASE.dll
0x00007ffbe9060000 - 0x00007ffbe9077000 	C:\WINDOWS\SYSTEM32\dhcpcsvc6.DLL
0x00007ffbea1e0000 - 0x00007ffbea1fd000 	C:\WINDOWS\SYSTEM32\dhcpcsvc.DLL
0x00007ffbc7c80000 - 0x00007ffbc7ca4000 	C:\Program Files\Java\jdk1.8.0_201\jre\bin\sunec.dll
0x00007ffb9e550000 - 0x00007ffba138d000 	C:\Users\lenovo\Desktop\人脸识别\Face-recognition-main\ArcSoft_ArcFace_Java_Windows_x64_V3.0\libs\WIN64\libarcsoft_face.dll
0x00007ffbd24c0000 - 0x00007ffbd2566000 	C:\WINDOWS\SYSTEM32\MSVCP120.dll
0x00007ffbd2570000 - 0x00007ffbd265f000 	C:\WINDOWS\SYSTEM32\MSVCR120.dll
0x00007ffbad8a0000 - 0x00007ffbad91f000 	C:\Users\lenovo\Desktop\人脸识别\Face-recognition-main\ArcSoft_ArcFace_Java_Windows_x64_V3.0\libs\WIN64\libarcsoft_face_engine.dll
0x00007ffbf44c0000 - 0x00007ffbf4516000 	C:\WINDOWS\System32\WLDAP32.dll
0x00007ffbc7c50000 - 0x00007ffbc7c75000 	C:\Users\lenovo\Desktop\人脸识别\Face-recognition-main\ArcSoft_ArcFace_Java_Windows_x64_V3.0\libs\WIN64\libarcsoft_face_engine_jni.dll
0x00007ffbac470000 - 0x00007ffbac609000 	C:\Program Files\Java\jdk1.8.0_201\jre\bin\awt.dll
0x00007ffbf3ee0000 - 0x00007ffbf3fad000 	C:\WINDOWS\System32\OLEAUT32.dll
0x00007ffbefb30000 - 0x00007ffbefbc0000 	C:\WINDOWS\SYSTEM32\apphelp.dll
0x00007ffbb0220000 - 0x00007ffbb0251000 	C:\Program Files\Java\jdk1.8.0_201\jre\bin\jpeg.dll
0x00007ffbaf140000 - 0x00007ffbaf17e000 	C:\Program Files\Java\jdk1.8.0_201\jre\bin\lcms.dll
0x00007ffbf1a70000 - 0x00007ffbf1c54000 	C:\WINDOWS\SYSTEM32\dbghelp.dll

VM Arguments:
jvm_args: -XX:TieredStopAtLevel=1 -Xverify:none -Dspring.output.ansi.enabled=always -Dcom.sun.management.jmxremote -Dcom.sun.management.jmxremote.port=56592 -Dcom.sun.management.jmxremote.authenticate=false -Dcom.sun.management.jmxremote.ssl=false -Djava.rmi.server.hostname=localhost -Dspring.liveBeansView.mbeanDomain -Dspring.application.admin.enabled=true -javaagent:F:\subject\IDEA 2018_sssam.com\IntelliJ IDEA 2018.2.4\lib\idea_rt.jar=56593:F:\subject\IDEA 2018_sssam.com\IntelliJ IDEA 2018.2.4\bin -Dfile.encoding=UTF-8 
java_command: com.tangcheng.face_corn.FaceCornApplication
java_class_path (initial): C:\Program Files\Java\jdk1.8.0_201\jre\lib\charsets.jar;C:\Program Files\Java\jdk1.8.0_201\jre\lib\deploy.jar;C:\Program Files\Java\jdk1.8.0_201\jre\lib\ext\access-bridge-64.jar;C:\Program Files\Java\jdk1.8.0_201\jre\lib\ext\cldrdata.jar;C:\Program Files\Java\jdk1.8.0_201\jre\lib\ext\dnsns.jar;C:\Program Files\Java\jdk1.8.0_201\jre\lib\ext\jaccess.jar;C:\Program Files\Java\jdk1.8.0_201\jre\lib\ext\jfxrt.jar;C:\Program Files\Java\jdk1.8.0_201\jre\lib\ext\localedata.jar;C:\Program Files\Java\jdk1.8.0_201\jre\lib\ext\nashorn.jar;C:\Program Files\Java\jdk1.8.0_201\jre\lib\ext\sunec.jar;C:\Program Files\Java\jdk1.8.0_201\jre\lib\ext\sunjce_provider.jar;C:\Program Files\Java\jdk1.8.0_201\jre\lib\ext\sunmscapi.jar;C:\Program Files\Java\jdk1.8.0_201\jre\lib\ext\sunpkcs11.jar;C:\Program Files\Java\jdk1.8.0_201\jre\lib\ext\zipfs.jar;C:\Program Files\Java\jdk1.8.0_201\jre\lib\javaws.jar;C:\Program Files\Java\jdk1.8.0_201\jre\lib\jce.jar;C:\Program Files\Java\jdk1.8.0_201\jre\lib\jfr.jar;C:\Program Files\Java\jdk1.8.0_201\jre\lib\jfxswt.jar;C:\Program Files\Java\jdk1.8.0_201\jre\lib\jsse.jar;C:\Program Files\Java\jdk1.8.0_201\jre\lib\management-agent.jar;C:\Program Files\Java\jdk1.8.0_201\jre\lib\plugin.jar;C:\Program Files\Java\jdk1.8.0_201\jre\lib\resources.jar;C:\Program Files\Java\jdk1.8.0_201\jre\lib\rt.jar;C:\Users\lenovo\Desktop\人脸识别\Face-recognition-main\facesystem\face_corn\target\classes;C:\Users\lenovo\Desktop\人脸识别\Face-recognition-main\facesystem\common\target\classes;F:\subject\JavaWeb\maven-l\com\auth0\java-jwt\3.4.0\java-jwt-3.4.0.jar;F:\subject\JavaWeb\maven-l\commons-codec\commons-codec\1.15\commons-codec-1.15.jar;F:\subject\JavaWeb\maven-l\com\aliyun\oss\aliyun-sdk-oss\3.12.0\aliyun-sdk-oss-3.12.0.jar;F:\subject\JavaWeb\maven-l\org\apache\httpcomponents\httpclient\4.5.13\httpclient-4.5.13.jar;F:\subject\JavaWeb\maven-l\org\apache\httpcomponents\httpcore\4.4.14\httpcore-4.4.14.jar;F:\subject\JavaWeb\maven-l\org\jdom\jdom2\2.
Launcher Type: SUN_STANDARD

Environment Variables:
JAVA_HOME=C:\Program Files\Java\jdk1.8.0_201
CLASSPATH=.;C:\Program Files\Java\jdk1.8.0_201\lib\dt.jar,C:\Program Files\Java\jdk1.8.0_201\lib\tools.jar;F:\subject\JavaWeb\apache-tomcat-8.5.45\lib\servlet-api.jar
PATH=C:\Program Files (x86)\Common Files\Oracle\Java\javapath;C:\WINDOWS\system32;C:\WINDOWS;C:\WINDOWS\System32\Wbem;C:\WINDOWS\System32\WindowsPowerShell\v1.0\;C:\WINDOWS\System32\OpenSSH\;F:\subject\JavaWeb\apache-tomcat-8.5.45\bin;F:\subject\JavaWeb\apache-tomcat-8.5.45\lib;C:\Program Files\NVIDIA Corporation\NVIDIA NvDLISR;F:\subject\JavaWeb\apache-maven-3.3.9\bin;F:\subject\JavaWeb\Gradle\gradle-6.9.1\bin;F:\subject\JavaWeb\nodejs;C:\Program Files\Java\jdk1.8.0_201\bin;C:\Program Files\MySQL\MySQL Server 8.0\bin;F:\subject\JavaWeb\env\MongoDB\bin;C:\Users\lenovo\AppData\Local\Microsoft\WindowsApps;F:\subject\PyCharm\PyCharm Community Edition 2020.3.3\bin;;F:\subject\JavaWeb\Microsoft VS Code\bin;F:\subject\JavaWeb\nodejs\node_global;
USERNAME=lenovo
OS=Windows_NT
PROCESSOR_IDENTIFIER=Intel64 Family 6 Model 158 Stepping 10, GenuineIntel



---------------  S Y S T E M  ---------------

OS: Windows 10.0 , 64 bit Build 19041 (10.0.19041.1202)

CPU:total 8 (initial active 8) (4 cores per cpu, 2 threads per core) family 6 model 158 stepping 10, cmov, cx8, fxsr, mmx, sse, sse2, sse3, ssse3, sse4.1, sse4.2, popcnt, avx, avx2, aes, clmul, erms, 3dnowpref, lzcnt, ht, tsc, tscinvbit, bmi1, bmi2, adx

Memory: 4k page, physical 8306932k(415832k free), swap 18792692k(3261512k free)

vm_info: Java HotSpot(TM) 64-Bit Server VM (25.201-b09) for windows-amd64 JRE (1.8.0_201-b09), built on Dec 15 2018 18:36:39 by "java_re" with MS VC++ 10.0 (VS2010)

time: Wed Oct 27 16:58:41 2021
timezone: 中国标准时间
elapsed time: 63 seconds (0d 0h 1m 3s)

