#
# A fatal error has been detected by the Java Runtime Environment:
#
#  EXCEPTION_ACCESS_VIOLATION (0xc0000005) at pc=0x00007ff82b69efd8, pid=21056, tid=0x0000000000001cc8
#
# JRE version: Java(TM) SE Runtime Environment (8.0_201-b09) (build 1.8.0_201-b09)
# Java VM: Java HotSpot(TM) 64-Bit Server VM (25.201-b09 mixed mode windows-amd64 compressed oops)
# Problematic frame:
# C  [libarcsoft_face.dll+0xefd8]
#
# Failed to write core dump. Minidumps are not enabled by default on client versions of Windows
#
# If you would like to submit a bug report, please visit:
#   http://bugreport.java.com/bugreport/crash.jsp
# The crash happened outside the Java Virtual Machine in native code.
# See problematic frame for where to report the bug.
#

---------------  T H R E A D  ---------------

Current thread (0x000000001e6df800):  JavaThread "http-nio-8081-exec-2" daemon [_thread_in_native, id=7368, stack(0x0000000020a80000,0x0000000020b80000)]

siginfo: ExceptionCode=0xc0000005, reading address 0xffffffffffffffff

Registers:
RAX=0x4238000042380000, RBX=0x0000000025c8fd70, RCX=0x0000000025c8fe20, RDX=0x0000000025c9be70
RSP=0x0000000020b7d3b0, RBP=0x0000000000000001, RSI=0x0000000025c8fd70, RDI=0x0000000000000000
R8 =0x0000000025c8fe20, R9 =0x0000000000000000, R10=0x0000000000000001, R11=0x0000000000000001
R12=0x0000000000000000, R13=0x0000000000000000, R14=0x0000000025c8fd80, R15=0x0000000022f99040
RIP=0x00007ff82b69efd8, EFLAGS=0x0000000000010202

Top of Stack: (sp=0x0000000020b7d3b0)
0x0000000020b7d3b0:   0000000025c8fe60 00000000000000f0
0x0000000020b7d3c0:   42b0000000000040 42f0000100000040
0x0000000020b7d3d0:   0000000020d7d5d0 0000000025c8fd80
0x0000000020b7d3e0:   0000000000000000 00007ff82b69b949
0x0000000020b7d3f0:   0000000025c8fd70 0000000000000001
0x0000000020b7d400:   0000000025c8fd70 0000000000000000
0x0000000020b7d410:   0000000000000001 00007ff82b699092
0x0000000020b7d420:   0000000000000000 0000000000000001
0x0000000020b7d430:   0000000000000040 0000000020b7d4d0
0x0000000020b7d440:   000000003f200000 000000003ebbbbbc
0x0000000020b7d450:   000000003f39999a 000000003f000001
0x0000000020b7d460:   0000000000000000 0000000000000000
0x0000000020b7d470:   0000000020d7d5d0 0000000100000000
0x0000000020b7d480:   00000000245e6940 0000000000000001
0x0000000020b7d490:   0000000022f99160 0000000022f99040
0x0000000020b7d4a0:   0000000025c8fd70 3ebbbbbc3f200000 

Instructions: (pc=0x00007ff82b69efd8)
0x00007ff82b69efb8:   24 10 48 89 74 24 18 48 89 7c 24 20 41 54 41 56
0x00007ff82b69efc8:   41 57 48 83 ec 20 48 8b 42 20 4c 8b f9 49 8b c8
0x00007ff82b69efd8:   4c 8b 60 18 44 8b 70 14 41 8b e9 49 8b d8 48 8b
0x00007ff82b69efe8:   f2 e8 02 d2 01 00 4c 8b 16 8b f8 41 83 7a 18 00 


Register to memory mapping:

RAX=0x4238000042380000 is an unknown value
RBX=0x0000000025c8fd70 is an unknown value
RCX=0x0000000025c8fe20 is an unknown value
RDX=0x0000000025c9be70 is an unknown value
RSP=0x0000000020b7d3b0 is pointing into the stack for thread: 0x000000001e6df800
RBP=0x0000000000000001 is an unknown value
RSI=0x0000000025c8fd70 is an unknown value
RDI=0x0000000000000000 is an unknown value
R8 =0x0000000025c8fe20 is an unknown value
R9 =0x0000000000000000 is an unknown value
R10=0x0000000000000001 is an unknown value
R11=0x0000000000000001 is an unknown value
R12=0x0000000000000000 is an unknown value
R13=0x0000000000000000 is an unknown value
R14=0x0000000025c8fd80 is an unknown value
R15=0x0000000022f99040 is an unknown value


Stack: [0x0000000020a80000,0x0000000020b80000],  sp=0x0000000020b7d3b0,  free space=1012k
Native frames: (J=compiled Java code, j=interpreted, Vv=VM code, C=native code)
C  [libarcsoft_face.dll+0xefd8]
C  [libarcsoft_face.dll+0xb949]
C  [libarcsoft_face.dll+0x9092]
C  [libarcsoft_face.dll+0x89bc]
C  [libarcsoft_face.dll+0x7d0a]
C  [libarcsoft_face.dll+0x3c88]
C  [libarcsoft_face_engine.dll+0x58ca]
C  [libarcsoft_face_engine_jni.dll+0x18f6]
C  0x00000000037a8c67

Java frames: (J=compiled Java code, j=interpreted, Vv=VM code)
j  com.arcsoft.face.FaceEngine.detectFaces(J[BIIII[Lcom/arcsoft/face/FaceInfo;)I+0
j  com.arcsoft.face.FaceEngine.detectFaces([BIILcom/arcsoft/face/enums/ImageFormat;Lcom/arcsoft/face/enums/DetectModel;Ljava/util/List;)I+107
j  com.arcsoft.face.FaceEngine.detectFaces([BIILcom/arcsoft/face/enums/ImageFormat;Ljava/util/List;)I+11
j  com.tangcheng.face_corn.service.impl.faceServiceImpl.facesearch(Ljava/io/InputStream;Ljava/util/List;)Ljava/lang/String;+45
j  com.tangcheng.face_corn.controller.faceController.facesearch(Ljava/lang/String;Ljava/util/List;)Lresult/Result;+22
j  sun.reflect.GeneratedMethodAccessor65.invoke(Ljava/lang/Object;[Ljava/lang/Object;)Ljava/lang/Object;+48
J 1662 C1 sun.reflect.DelegatingMethodAccessorImpl.invoke(Ljava/lang/Object;[Ljava/lang/Object;)Ljava/lang/Object; (10 bytes) @ 0x0000000003b0d8e4 [0x0000000003b0d8a0+0x44]
J 1661 C1 java.lang.reflect.Method.invoke(Ljava/lang/Object;[Ljava/lang/Object;)Ljava/lang/Object; (62 bytes) @ 0x0000000003b0d514 [0x0000000003b0d420+0xf4]
j  org.springframework.web.method.support.InvocableHandlerMethod.doInvoke([Ljava/lang/Object;)Ljava/lang/Object;+32
j  org.springframework.web.method.support.InvocableHandlerMethod.invokeForRequest(Lorg/springframework/web/context/request/NativeWebRequest;Lorg/springframework/web/method/support/ModelAndViewContainer;[Ljava/lang/Object;)Ljava/lang/Object;+54
j  org.springframework.web.servlet.mvc.method.annotation.ServletInvocableHandlerMethod.invokeAndHandle(Lorg/springframework/web/context/request/ServletWebRequest;Lorg/springframework/web/method/support/ModelAndViewContainer;[Ljava/lang/Object;)V+4
j  org.springframework.web.servlet.mvc.method.annotation.RequestMappingHandlerAdapter.invokeHandlerMethod(Ljavax/servlet/http/HttpServletRequest;Ljavax/servlet/http/HttpServletResponse;Lorg/springframework/web/method/HandlerMethod;)Lorg/springframework/web/servlet/ModelAndView;+244
j  org.springframework.web.servlet.mvc.method.annotation.RequestMappingHandlerAdapter.handleInternal(Ljavax/servlet/http/HttpServletRequest;Ljavax/servlet/http/HttpServletResponse;Lorg/springframework/web/method/HandlerMethod;)Lorg/springframework/web/servlet/ModelAndView;+81
j  org.springframework.web.servlet.mvc.method.AbstractHandlerMethodAdapter.handle(Ljavax/servlet/http/HttpServletRequest;Ljavax/servlet/http/HttpServletResponse;Ljava/lang/Object;)Lorg/springframework/web/servlet/ModelAndView;+7
j  org.springframework.web.servlet.DispatcherServlet.doDispatch(Ljavax/servlet/http/HttpServletRequest;Ljavax/servlet/http/HttpServletResponse;)V+259
j  org.springframework.web.servlet.DispatcherServlet.doService(Ljavax/servlet/http/HttpServletRequest;Ljavax/servlet/http/HttpServletResponse;)V+241
j  org.springframework.web.servlet.FrameworkServlet.processRequest(Ljavax/servlet/http/HttpServletRequest;Ljavax/servlet/http/HttpServletResponse;)V+71
j  org.springframework.web.servlet.FrameworkServlet.doPost(Ljavax/servlet/http/HttpServletRequest;Ljavax/servlet/http/HttpServletResponse;)V+3
j  javax.servlet.http.HttpServlet.service(Ljavax/servlet/http/HttpServletRequest;Ljavax/servlet/http/HttpServletResponse;)V+149
j  org.springframework.web.servlet.FrameworkServlet.service(Ljavax/servlet/http/HttpServletRequest;Ljavax/servlet/http/HttpServletResponse;)V+33
j  javax.servlet.http.HttpServlet.service(Ljavax/servlet/ServletRequest;Ljavax/servlet/ServletResponse;)V+36
j  org.apache.catalina.core.ApplicationFilterChain.internalDoFilter(Ljavax/servlet/ServletRequest;Ljavax/servlet/ServletResponse;)V+304
j  org.apache.catalina.core.ApplicationFilterChain.doFilter(Ljavax/servlet/ServletRequest;Ljavax/servlet/ServletResponse;)V+99
j  org.apache.tomcat.websocket.server.WsFilter.doFilter(Ljavax/servlet/ServletRequest;Ljavax/servlet/ServletResponse;Ljavax/servlet/FilterChain;)V+21
j  org.apache.catalina.core.ApplicationFilterChain.internalDoFilter(Ljavax/servlet/ServletRequest;Ljavax/servlet/ServletResponse;)V+135
j  org.apache.catalina.core.ApplicationFilterChain.doFilter(Ljavax/servlet/ServletRequest;Ljavax/servlet/ServletResponse;)V+99
j  org.springframework.web.filter.RequestContextFilter.doFilterInternal(Ljavax/servlet/http/HttpServletRequest;Ljavax/servlet/http/HttpServletResponse;Ljavax/servlet/FilterChain;)V+21
j  org.springframework.web.filter.OncePerRequestFilter.doFilter(Ljavax/servlet/ServletRequest;Ljavax/servlet/ServletResponse;Ljavax/servlet/FilterChain;)V+147
j  org.apache.catalina.core.ApplicationFilterChain.internalDoFilter(Ljavax/servlet/ServletRequest;Ljavax/servlet/ServletResponse;)V+135
j  org.apache.catalina.core.ApplicationFilterChain.doFilter(Ljavax/servlet/ServletRequest;Ljavax/servlet/ServletResponse;)V+99
j  org.springframework.web.filter.FormContentFilter.doFilterInternal(Ljavax/servlet/http/HttpServletRequest;Ljavax/servlet/http/HttpServletResponse;Ljavax/servlet/FilterChain;)V+38
j  org.springframework.web.filter.OncePerRequestFilter.doFilter(Ljavax/servlet/ServletRequest;Ljavax/servlet/ServletResponse;Ljavax/servlet/FilterChain;)V+147
j  org.apache.catalina.core.ApplicationFilterChain.internalDoFilter(Ljavax/servlet/ServletRequest;Ljavax/servlet/ServletResponse;)V+135
j  org.apache.catalina.core.ApplicationFilterChain.doFilter(Ljavax/servlet/ServletRequest;Ljavax/servlet/ServletResponse;)V+99
j  org.springframework.web.filter.CharacterEncodingFilter.doFilterInternal(Ljavax/servlet/http/HttpServletRequest;Ljavax/servlet/http/HttpServletResponse;Ljavax/servlet/FilterChain;)V+53
j  org.springframework.web.filter.OncePerRequestFilter.doFilter(Ljavax/servlet/ServletRequest;Ljavax/servlet/ServletResponse;Ljavax/servlet/FilterChain;)V+147
j  org.apache.catalina.core.ApplicationFilterChain.internalDoFilter(Ljavax/servlet/ServletRequest;Ljavax/servlet/ServletResponse;)V+135
j  org.apache.catalina.core.ApplicationFilterChain.doFilter(Ljavax/servlet/ServletRequest;Ljavax/servlet/ServletResponse;)V+99
j  org.apache.catalina.core.StandardWrapperValve.invoke(Lorg/apache/catalina/connector/Request;Lorg/apache/catalina/connector/Response;)V+694
j  org.apache.catalina.core.StandardContextValve.invoke(Lorg/apache/catalina/connector/Request;Lorg/apache/catalina/connector/Response;)V+169
j  org.apache.catalina.authenticator.AuthenticatorBase.invoke(Lorg/apache/catalina/connector/Request;Lorg/apache/catalina/connector/Response;)V+260
j  org.apache.catalina.core.StandardHostValve.invoke(Lorg/apache/catalina/connector/Request;Lorg/apache/catalina/connector/Response;)V+128
j  org.apache.catalina.valves.ErrorReportValve.invoke(Lorg/apache/catalina/connector/Request;Lorg/apache/catalina/connector/Response;)V+6
j  org.apache.catalina.core.StandardEngineValve.invoke(Lorg/apache/catalina/connector/Request;Lorg/apache/catalina/connector/Response;)V+59
j  org.apache.catalina.connector.CoyoteAdapter.service(Lorg/apache/coyote/Request;Lorg/apache/coyote/Response;)V+199
j  org.apache.coyote.http11.Http11Processor.service(Lorg/apache/tomcat/util/net/SocketWrapperBase;)Lorg/apache/tomcat/util/net/AbstractEndpoint$Handler$SocketState;+737
j  org.apache.coyote.AbstractProcessorLight.process(Lorg/apache/tomcat/util/net/SocketWrapperBase;Lorg/apache/tomcat/util/net/SocketEvent;)Lorg/apache/tomcat/util/net/AbstractEndpoint$Handler$SocketState;+170
j  org.apache.coyote.AbstractProtocol$ConnectionHandler.process(Lorg/apache/tomcat/util/net/SocketWrapperBase;Lorg/apache/tomcat/util/net/SocketEvent;)Lorg/apache/tomcat/util/net/AbstractEndpoint$Handler$SocketState;+505
j  org.apache.tomcat.util.net.NioEndpoint$SocketProcessor.doRun()V+216
j  org.apache.tomcat.util.net.SocketProcessorBase.run()V+21
j  java.util.concurrent.ThreadPoolExecutor.runWorker(Ljava/util/concurrent/ThreadPoolExecutor$Worker;)V+95
j  java.util.concurrent.ThreadPoolExecutor$Worker.run()V+5
j  org.apache.tomcat.util.threads.TaskThread$WrappingRunnable.run()V+4
j  java.lang.Thread.run()V+11
v  ~StubRoutines::call_stub

---------------  P R O C E S S  ---------------

Java Threads: ( => current thread )
  0x000000001eb78800 JavaThread "lettuce-eventExecutorLoop-1-8" daemon [_thread_blocked, id=15344, stack(0x0000000040f60000,0x0000000041060000)]
  0x000000001e94f800 JavaThread "DiscoveryClient-HeartbeatExecutor-0" daemon [_thread_blocked, id=6844, stack(0x0000000040e60000,0x0000000040f60000)]
  0x000000001e94f000 JavaThread "DiscoveryClient-CacheRefreshExecutor-0" daemon [_thread_blocked, id=2568, stack(0x0000000040b20000,0x0000000040c20000)]
  0x000000001e951000 JavaThread "lettuce-eventExecutorLoop-1-7" daemon [_thread_blocked, id=10024, stack(0x0000000040a20000,0x0000000040b20000)]
  0x000000001e955800 JavaThread "lettuce-eventExecutorLoop-1-6" daemon [_thread_blocked, id=12748, stack(0x0000000040920000,0x0000000040a20000)]
  0x000000001e954000 JavaThread "lettuce-eventExecutorLoop-1-5" daemon [_thread_blocked, id=20836, stack(0x0000000040820000,0x0000000040920000)]
  0x000000001e952000 JavaThread "lettuce-eventExecutorLoop-1-4" daemon [_thread_blocked, id=6152, stack(0x0000000040720000,0x0000000040820000)]
  0x000000001e953800 JavaThread "lettuce-eventExecutorLoop-1-3" daemon [_thread_blocked, id=19372, stack(0x0000000040620000,0x0000000040720000)]
  0x000000001e952800 JavaThread "Java2D Disposer" daemon [_thread_blocked, id=21280, stack(0x0000000040320000,0x0000000040420000)]
  0x000000001e950800 JavaThread "idle_connection_reaper" daemon [_thread_blocked, id=16992, stack(0x0000000040020000,0x0000000040120000)]
  0x000000001e955000 JavaThread "lettuce-eventExecutorLoop-1-2" daemon [_thread_blocked, id=20352, stack(0x000000003ff20000,0x0000000040020000)]
  0x000000001e947800 JavaThread "lettuce-eventExecutorLoop-1-1" daemon [_thread_blocked, id=9416, stack(0x0000000022d90000,0x0000000022e90000)]
  0x000000001e94e000 JavaThread "lettuce-nioEventLoop-4-1" daemon [_thread_in_native, id=19868, stack(0x0000000021980000,0x0000000021a80000)]
  0x000000001e946800 JavaThread "DestroyJavaVM" [_thread_blocked, id=18268, stack(0x00000000033d0000,0x00000000034d0000)]
  0x000000001e94c800 JavaThread "http-nio-8081-Acceptor" daemon [_thread_in_native, id=4016, stack(0x0000000021480000,0x0000000021580000)]
  0x000000001e949800 JavaThread "http-nio-8081-ClientPoller" daemon [_thread_in_native, id=8812, stack(0x0000000021380000,0x0000000021480000)]
  0x000000001e94d800 JavaThread "http-nio-8081-exec-10" daemon [_thread_in_native, id=10384, stack(0x0000000021280000,0x0000000021380000)]
  0x000000001e94c000 JavaThread "http-nio-8081-exec-9" daemon [_thread_in_native, id=19016, stack(0x0000000021180000,0x0000000021280000)]
  0x000000001e948000 JavaThread "http-nio-8081-exec-8" daemon [_thread_blocked, id=16528, stack(0x0000000021080000,0x0000000021180000)]
  0x000000001e94a800 JavaThread "http-nio-8081-exec-7" daemon [_thread_in_native, id=9976, stack(0x0000000020f80000,0x0000000021080000)]
  0x000000001e949000 JavaThread "http-nio-8081-exec-6" daemon [_thread_blocked, id=8116, stack(0x0000000020e80000,0x0000000020f80000)]
  0x000000001e94b000 JavaThread "http-nio-8081-exec-5" daemon [_thread_blocked, id=11956, stack(0x0000000020d80000,0x0000000020e80000)]
  0x000000001e6e0800 JavaThread "http-nio-8081-exec-4" daemon [_thread_in_native, id=18708, stack(0x0000000020c80000,0x0000000020d80000)]
  0x000000001e6dc000 JavaThread "http-nio-8081-exec-3" daemon [_thread_in_native, id=19900, stack(0x0000000020b80000,0x0000000020c80000)]
=>0x000000001e6df800 JavaThread "http-nio-8081-exec-2" daemon [_thread_in_native, id=7368, stack(0x0000000020a80000,0x0000000020b80000)]
  0x000000001e6db000 JavaThread "http-nio-8081-exec-1" daemon [_thread_blocked, id=5436, stack(0x0000000020980000,0x0000000020a80000)]
  0x000000001e6dd800 JavaThread "http-nio-8081-BlockPoller" daemon [_thread_in_native, id=14904, stack(0x0000000020880000,0x0000000020980000)]
  0x000000001e6dc800 JavaThread "DiscoveryClient-InstanceInfoReplicator-0" daemon [_thread_blocked, id=12932, stack(0x0000000020780000,0x0000000020880000)]
  0x000000001e6df000 JavaThread "DiscoveryClient-1" daemon [_thread_blocked, id=12940, stack(0x0000000020680000,0x0000000020780000)]
  0x000000001e6da800 JavaThread "DiscoveryClient-0" daemon [_thread_blocked, id=4084, stack(0x0000000020480000,0x0000000020580000)]
  0x000000001e6e1000 JavaThread "AsyncResolver-bootstrap-0" daemon [_thread_blocked, id=16816, stack(0x000000001ff80000,0x0000000020080000)]
  0x000000001e6de000 JavaThread "spring.cloud.inetutils" daemon [_thread_blocked, id=18056, stack(0x000000001fc80000,0x000000001fd80000)]
  0x000000001e206000 JavaThread "lettuce-timer-3-1" daemon [_thread_blocked, id=436, stack(0x000000001f580000,0x000000001f680000)]
  0x000000001e1f2800 JavaThread "container-0" [_thread_blocked, id=16588, stack(0x000000001f280000,0x000000001f380000)]
  0x000000001cc88800 JavaThread "Catalina-utility-2" [_thread_blocked, id=21256, stack(0x000000001f180000,0x000000001f280000)]
  0x000000001cc88000 JavaThread "Catalina-utility-1" [_thread_blocked, id=21028, stack(0x000000001d0b0000,0x000000001d1b0000)]
  0x000000001b144800 JavaThread "Service Thread" daemon [_thread_blocked, id=20412, stack(0x000000001ba30000,0x000000001bb30000)]
  0x000000001b0b1000 JavaThread "C1 CompilerThread3" daemon [_thread_blocked, id=17040, stack(0x000000001b930000,0x000000001ba30000)]
  0x000000001b0ad000 JavaThread "C2 CompilerThread2" daemon [_thread_blocked, id=17716, stack(0x000000001b830000,0x000000001b930000)]
  0x000000001b0ac800 JavaThread "C2 CompilerThread1" daemon [_thread_blocked, id=17672, stack(0x000000001b730000,0x000000001b830000)]
  0x000000001b0a7800 JavaThread "C2 CompilerThread0" daemon [_thread_blocked, id=20712, stack(0x000000001b630000,0x000000001b730000)]
  0x000000001b09d800 JavaThread "Monitor Ctrl-Break" daemon [_thread_in_native, id=10464, stack(0x000000001b530000,0x000000001b630000)]
  0x000000001a573800 JavaThread "Attach Listener" daemon [_thread_blocked, id=16716, stack(0x000000001ac30000,0x000000001ad30000)]
  0x000000001a5cb000 JavaThread "Signal Dispatcher" daemon [_thread_blocked, id=15532, stack(0x000000001ab30000,0x000000001ac30000)]
  0x0000000018763800 JavaThread "Finalizer" daemon [_thread_blocked, id=20720, stack(0x000000001aa30000,0x000000001ab30000)]
  0x000000001a550800 JavaThread "Reference Handler" daemon [_thread_blocked, id=17464, stack(0x000000001a930000,0x000000001aa30000)]

Other Threads:
  0x0000000018756800 VMThread [stack: 0x000000001a430000,0x000000001a530000] [id=6740]
  0x000000001b159000 WatcherThread [stack: 0x000000001bb30000,0x000000001bc30000] [id=14776]

VM state:not at safepoint (normal execution)

VM Mutex/Monitor currently owned by a thread: None

heap address: 0x0000000081200000, size: 2030 MB, Compressed Oops mode: 32-bit
Narrow klass base: 0x0000000000000000, Narrow klass shift: 3
Compressed class space size: 1073741824 Address: 0x0000000100000000

Heap:
 PSYoungGen      total 318464K, used 182572K [0x00000000d5b80000, 0x00000000ed680000, 0x0000000100000000)
  eden space 301056K, 56% used [0x00000000d5b80000,0x00000000e02fc300,0x00000000e8180000)
  from space 17408K, 63% used [0x00000000e8180000,0x00000000e8c4ee38,0x00000000e9280000)
  to   space 16896K, 0% used [0x00000000ec600000,0x00000000ec600000,0x00000000ed680000)
 ParOldGen       total 81920K, used 29318K [0x0000000081200000, 0x0000000086200000, 0x00000000d5b80000)
  object space 81920K, 35% used [0x0000000081200000,0x0000000082ea19d8,0x0000000086200000)
 Metaspace       used 54500K, capacity 58188K, committed 58328K, reserved 1099776K
  class space    used 7447K, capacity 8102K, committed 8192K, reserved 1048576K

Card table byte_map: [0x0000000012b50000,0x0000000012f50000] byte_map_base: 0x0000000012747000

Marking Bits: (ParMarkBitMap*) 0x00000000606e4ce0
 Begin Bits: [0x0000000013a00000, 0x00000000159b8000)
 End Bits:   [0x00000000159b8000, 0x0000000017970000)

Polling page: 0x00000000016b0000

CodeCache: size=245760Kb used=9776Kb max_used=9776Kb free=235983Kb
 bounds [0x0000000003790000, 0x0000000004120000, 0x0000000012790000]
 total_blobs=5736 nmethods=5140 adapters=508
 compilation: enabled

Compilation events (10 events):
Event: 56.137 Thread 0x000000001b0b1000 5275       1       java.awt.geom.Rectangle2D::<init> (5 bytes)
Event: 56.137 Thread 0x000000001b0b1000 nmethod 5275 0x000000000411d7d0 code [0x000000000411d920, 0x000000000411da30]
Event: 56.211 Thread 0x000000001b0b1000 5276       1       org.apache.tomcat.util.descriptor.web.FilterDef::getFilterName (5 bytes)
Event: 56.212 Thread 0x000000001b0b1000 nmethod 5276 0x000000000411da90 code [0x000000000411dbe0, 0x000000000411dcf0]
Event: 56.213 Thread 0x000000001b0b1000 5277   !   1       org.springframework.core.$Proxy6::hashCode (32 bytes)
Event: 56.214 Thread 0x000000001b0b1000 nmethod 5277 0x000000000411dd50 code [0x000000000411dec0, 0x000000000411e0f8]
Event: 56.214 Thread 0x000000001b0b1000 5278       1       org.springframework.core.convert.support.GenericConversionService$NoOpConverter::convert (2 bytes)
Event: 56.214 Thread 0x000000001b0b1000 nmethod 5278 0x000000000411e290 code [0x000000000411e3e0, 0x000000000411e4f0]
Event: 56.228 Thread 0x000000001b0b1000 5279  s!   1       java.io.FileDescriptor::closeAll (215 bytes)
Event: 56.229 Thread 0x000000001b0b1000 nmethod 5279 0x000000000411e550 code [0x000000000411e760, 0x000000000411ef98]

GC Heap History (10 events):
Event: 4.625 GC heap before
{Heap before GC invocations=9 (full 1):
 PSYoungGen      total 142848K, used 142843K [0x00000000d5b80000, 0x00000000e4e00000, 0x0000000100000000)
  eden space 132608K, 100% used [0x00000000d5b80000,0x00000000ddd00000,0x00000000ddd00000)
  from space 10240K, 99% used [0x00000000ddd00000,0x00000000de6fed00,0x00000000de700000)
  to   space 12288K, 0% used [0x00000000e4200000,0x00000000e4200000,0x00000000e4e00000)
 ParOldGen       total 57344K, used 10729K [0x0000000081200000, 0x0000000084a00000, 0x00000000d5b80000)
  object space 57344K, 18% used [0x0000000081200000,0x0000000081c7a5b8,0x0000000084a00000)
 Metaspace       used 31498K, capacity 33534K, committed 33664K, reserved 1079296K
  class space    used 4335K, capacity 4709K, committed 4736K, reserved 1048576K
Event: 4.634 GC heap after
Heap after GC invocations=9 (full 1):
 PSYoungGen      total 229888K, used 12265K [0x00000000d5b80000, 0x00000000e4e00000, 0x0000000100000000)
  eden space 217600K, 0% used [0x00000000d5b80000,0x00000000d5b80000,0x00000000e3000000)
  from space 12288K, 99% used [0x00000000e4200000,0x00000000e4dfa6e8,0x00000000e4e00000)
  to   space 13824K, 0% used [0x00000000e3300000,0x00000000e3300000,0x00000000e4080000)
 ParOldGen       total 57344K, used 10888K [0x0000000081200000, 0x0000000084a00000, 0x00000000d5b80000)
  object space 57344K, 18% used [0x0000000081200000,0x0000000081ca2328,0x0000000084a00000)
 Metaspace       used 31498K, capacity 33534K, committed 33664K, reserved 1079296K
  class space    used 4335K, capacity 4709K, committed 4736K, reserved 1048576K
}
Event: 4.780 GC heap before
{Heap before GC invocations=10 (full 1):
 PSYoungGen      total 229888K, used 34420K [0x00000000d5b80000, 0x00000000e4e00000, 0x0000000100000000)
  eden space 217600K, 10% used [0x00000000d5b80000,0x00000000d7122928,0x00000000e3000000)
  from space 12288K, 99% used [0x00000000e4200000,0x00000000e4dfa6e8,0x00000000e4e00000)
  to   space 13824K, 0% used [0x00000000e3300000,0x00000000e3300000,0x00000000e4080000)
 ParOldGen       total 57344K, used 10888K [0x0000000081200000, 0x0000000084a00000, 0x00000000d5b80000)
  object space 57344K, 18% used [0x0000000081200000,0x0000000081ca2328,0x0000000084a00000)
 Metaspace       used 33191K, capacity 35336K, committed 35416K, reserved 1079296K
  class space    used 4568K, capacity 4962K, committed 4992K, reserved 1048576K
Event: 4.787 GC heap after
Heap after GC invocations=10 (full 1):
 PSYoungGen      total 234496K, used 9215K [0x00000000d5b80000, 0x00000000ea380000, 0x0000000100000000)
  eden space 220672K, 0% used [0x00000000d5b80000,0x00000000d5b80000,0x00000000e3300000)
  from space 13824K, 66% used [0x00000000e3300000,0x00000000e3bffd18,0x00000000e4080000)
  to   space 13824K, 0% used [0x00000000e9600000,0x00000000e9600000,0x00000000ea380000)
 ParOldGen       total 57344K, used 10896K [0x0000000081200000, 0x0000000084a00000, 0x00000000d5b80000)
  object space 57344K, 19% used [0x0000000081200000,0x0000000081ca4328,0x0000000084a00000)
 Metaspace       used 33191K, capacity 35336K, committed 35416K, reserved 1079296K
  class space    used 4568K, capacity 4962K, committed 4992K, reserved 1048576K
}
Event: 4.787 GC heap before
{Heap before GC invocations=11 (full 2):
 PSYoungGen      total 234496K, used 9215K [0x00000000d5b80000, 0x00000000ea380000, 0x0000000100000000)
  eden space 220672K, 0% used [0x00000000d5b80000,0x00000000d5b80000,0x00000000e3300000)
  from space 13824K, 66% used [0x00000000e3300000,0x00000000e3bffd18,0x00000000e4080000)
  to   space 13824K, 0% used [0x00000000e9600000,0x00000000e9600000,0x00000000ea380000)
 ParOldGen       total 57344K, used 10896K [0x0000000081200000, 0x0000000084a00000, 0x00000000d5b80000)
  object space 57344K, 19% used [0x0000000081200000,0x0000000081ca4328,0x0000000084a00000)
 Metaspace       used 33191K, capacity 35336K, committed 35416K, reserved 1079296K
  class space    used 4568K, capacity 4962K, committed 4992K, reserved 1048576K
Event: 4.863 GC heap after
Heap after GC invocations=11 (full 2):
 PSYoungGen      total 234496K, used 0K [0x00000000d5b80000, 0x00000000ea380000, 0x0000000100000000)
  eden space 220672K, 0% used [0x00000000d5b80000,0x00000000d5b80000,0x00000000e3300000)
  from space 13824K, 0% used [0x00000000e3300000,0x00000000e3300000,0x00000000e4080000)
  to   space 13824K, 0% used [0x00000000e9600000,0x00000000e9600000,0x00000000ea380000)
 ParOldGen       total 81920K, used 15021K [0x0000000081200000, 0x0000000086200000, 0x00000000d5b80000)
  object space 81920K, 18% used [0x0000000081200000,0x00000000820ab4e8,0x0000000086200000)
 Metaspace       used 33191K, capacity 35336K, committed 35416K, reserved 1079296K
  class space    used 4568K, capacity 4962K, committed 4992K, reserved 1048576K
}
Event: 8.528 GC heap before
{Heap before GC invocations=12 (full 2):
 PSYoungGen      total 234496K, used 220672K [0x00000000d5b80000, 0x00000000ea380000, 0x0000000100000000)
  eden space 220672K, 100% used [0x00000000d5b80000,0x00000000e3300000,0x00000000e3300000)
  from space 13824K, 0% used [0x00000000e3300000,0x00000000e3300000,0x00000000e4080000)
  to   space 13824K, 0% used [0x00000000e9600000,0x00000000e9600000,0x00000000ea380000)
 ParOldGen       total 81920K, used 15021K [0x0000000081200000, 0x0000000086200000, 0x00000000d5b80000)
  object space 81920K, 18% used [0x0000000081200000,0x00000000820ab4e8,0x0000000086200000)
 Metaspace       used 47053K, capacity 50308K, committed 50392K, reserved 1093632K
  class space    used 6553K, capacity 7154K, committed 7168K, reserved 1048576K
Event: 8.543 GC heap after
Heap after GC invocations=12 (full 2):
 PSYoungGen      total 297984K, used 13821K [0x00000000d5b80000, 0x00000000ea380000, 0x0000000100000000)
  eden space 284160K, 0% used [0x00000000d5b80000,0x00000000d5b80000,0x00000000e7100000)
  from space 13824K, 99% used [0x00000000e9600000,0x00000000ea37f4b8,0x00000000ea380000)
  to   space 17408K, 0% used [0x00000000e8180000,0x00000000e8180000,0x00000000e9280000)
 ParOldGen       total 81920K, used 20106K [0x0000000081200000, 0x0000000086200000, 0x00000000d5b80000)
  object space 81920K, 24% used [0x0000000081200000,0x00000000825a2a40,0x0000000086200000)
 Metaspace       used 47053K, capacity 50308K, committed 50392K, reserved 1093632K
  class space    used 6553K, capacity 7154K, committed 7168K, reserved 1048576K
}
Event: 32.314 GC heap before
{Heap before GC invocations=13 (full 2):
 PSYoungGen      total 297984K, used 297981K [0x00000000d5b80000, 0x00000000ea380000, 0x0000000100000000)
  eden space 284160K, 100% used [0x00000000d5b80000,0x00000000e7100000,0x00000000e7100000)
  from space 13824K, 99% used [0x00000000e9600000,0x00000000ea37f4b8,0x00000000ea380000)
  to   space 17408K, 0% used [0x00000000e8180000,0x00000000e8180000,0x00000000e9280000)
 ParOldGen       total 81920K, used 20106K [0x0000000081200000, 0x0000000086200000, 0x00000000d5b80000)
  object space 81920K, 24% used [0x0000000081200000,0x00000000825a2a40,0x0000000086200000)
 Metaspace       used 54174K, capacity 57760K, committed 57944K, reserved 1099776K
  class space    used 7393K, capacity 8028K, committed 8064K, reserved 1048576K
Event: 32.328 GC heap after
Heap after GC invocations=13 (full 2):
 PSYoungGen      total 318464K, used 11067K [0x00000000d5b80000, 0x00000000ed680000, 0x0000000100000000)
  eden space 301056K, 0% used [0x00000000d5b80000,0x00000000d5b80000,0x00000000e8180000)
  from space 17408K, 63% used [0x00000000e8180000,0x00000000e8c4ee38,0x00000000e9280000)
  to   space 16896K, 0% used [0x00000000ec600000,0x00000000ec600000,0x00000000ed680000)
 ParOldGen       total 81920K, used 29318K [0x0000000081200000, 0x0000000086200000, 0x00000000d5b80000)
  object space 81920K, 35% used [0x0000000081200000,0x0000000082ea19d8,0x0000000086200000)
 Metaspace       used 54174K, capacity 57760K, committed 57944K, reserved 1099776K
  class space    used 7393K, capacity 8028K, committed 8064K, reserved 1048576K
}

Deoptimization events (0 events):
No events

Classes redefined (0 events):
No events

Internal exceptions (10 events):
Event: 55.127 Thread 0x000000001e94a800 Exception <a 'java/lang/reflect/InvocationTargetException'> (0x00000000db5bb000) thrown at [C:\re\workspace\8-2-build-windows-amd64-cygwin\jdk8u201\12322\hotspot\src\share\vm\runtime\reflection.cpp, line 1092]
Event: 55.139 Thread 0x000000001e94c000 Exception <a 'java/lang/reflect/InvocationTargetException'> (0x00000000dbb12b90) thrown at [C:\re\workspace\8-2-build-windows-amd64-cygwin\jdk8u201\12322\hotspot\src\share\vm\runtime\reflection.cpp, line 1092]
Event: 55.142 Thread 0x000000001e949000 Exception <a 'java/lang/ArrayIndexOutOfBoundsException'> (0x00000000dc129a70) thrown at [C:\re\workspace\8-2-build-windows-amd64-cygwin\jdk8u201\12322\hotspot\src\share\vm\runtime\sharedRuntime.cpp, line 605]
Event: 55.142 Thread 0x000000001e94a800 Exception <a 'java/lang/ArrayIndexOutOfBoundsException'> (0x00000000db65ef70) thrown at [C:\re\workspace\8-2-build-windows-amd64-cygwin\jdk8u201\12322\hotspot\src\share\vm\runtime\sharedRuntime.cpp, line 605]
Event: 55.249 Thread 0x000000001e94d800 Exception <a 'java/lang/reflect/InvocationTargetException'> (0x00000000dbff5940) thrown at [C:\re\workspace\8-2-build-windows-amd64-cygwin\jdk8u201\12322\hotspot\src\share\vm\runtime\reflection.cpp, line 1092]
Event: 55.293 Thread 0x000000001e6dc000 Exception <a 'java/lang/reflect/InvocationTargetException'> (0x00000000dc80d630) thrown at [C:\re\workspace\8-2-build-windows-amd64-cygwin\jdk8u201\12322\hotspot\src\share\vm\runtime\reflection.cpp, line 1092]
Event: 56.067 Thread 0x000000001e948000 Exception <a 'java/io/IOException'> (0x00000000ddfbb300) thrown at [C:\re\workspace\8-2-build-windows-amd64-cygwin\jdk8u201\12322\hotspot\src\share\vm\prims\jni.cpp, line 709]
Event: 56.068 Thread 0x000000001e94b000 Exception <a 'java/io/IOException'> (0x00000000dd7bb9e0) thrown at [C:\re\workspace\8-2-build-windows-amd64-cygwin\jdk8u201\12322\hotspot\src\share\vm\prims\jni.cpp, line 709]
Event: 56.068 Thread 0x000000001e6db000 Exception <a 'java/io/IOException'> (0x00000000dda331b0) thrown at [C:\re\workspace\8-2-build-windows-amd64-cygwin\jdk8u201\12322\hotspot\src\share\vm\prims\jni.cpp, line 709]
Event: 56.069 Thread 0x000000001e949000 Exception <a 'java/io/IOException'> (0x00000000de66abf8) thrown at [C:\re\workspace\8-2-build-windows-amd64-cygwin\jdk8u201\12322\hotspot\src\share\vm\prims\jni.cpp, line 709]

Events (10 events):
Event: 55.916 Executing VM operation: BulkRevokeBias
Event: 55.917 Executing VM operation: BulkRevokeBias done
Event: 56.063 Executing VM operation: RevokeBias
Event: 56.063 Executing VM operation: RevokeBias done
Event: 56.063 Executing VM operation: RevokeBias
Event: 56.063 Executing VM operation: RevokeBias done
Event: 56.113 Executing VM operation: RevokeBias
Event: 56.113 Executing VM operation: RevokeBias done
Event: 56.121 Executing VM operation: RevokeBias
Event: 56.121 Executing VM operation: RevokeBias done


Dynamic libraries:
0x00007ff713090000 - 0x00007ff7130c7000 	C:\Program Files\Java\jdk1.8.0_201\bin\java.exe
0x00007ff887a10000 - 0x00007ff887c05000 	C:\WINDOWS\SYSTEM32\ntdll.dll
0x00007ff8864c0000 - 0x00007ff88657e000 	C:\WINDOWS\System32\KERNEL32.DLL
0x00007ff885450000 - 0x00007ff885719000 	C:\WINDOWS\System32\KERNELBASE.dll
0x00007ff886580000 - 0x00007ff88662c000 	C:\WINDOWS\System32\ADVAPI32.dll
0x00007ff885ea0000 - 0x00007ff885f3e000 	C:\WINDOWS\System32\msvcrt.dll
0x00007ff885d10000 - 0x00007ff885dab000 	C:\WINDOWS\System32\sechost.dll
0x00007ff8871f0000 - 0x00007ff88731a000 	C:\WINDOWS\System32\RPCRT4.dll
0x00007ff8876c0000 - 0x00007ff887861000 	C:\WINDOWS\System32\USER32.dll
0x00007ff885130000 - 0x00007ff885152000 	C:\WINDOWS\System32\win32u.dll
0x00007ff885a60000 - 0x00007ff885a8b000 	C:\WINDOWS\System32\GDI32.dll
0x00007ff885850000 - 0x00007ff88595b000 	C:\WINDOWS\System32\gdi32full.dll
0x00007ff8857b0000 - 0x00007ff88584d000 	C:\WINDOWS\System32\msvcp_win.dll
0x00007ff885960000 - 0x00007ff885a60000 	C:\WINDOWS\System32\ucrtbase.dll
0x00007ff876790000 - 0x00007ff876a2a000 	C:\WINDOWS\WinSxS\amd64_microsoft.windows.common-controls_6595b64144ccf1df_6.0.19041.1110_none_60b5254171f9507e\COMCTL32.dll
0x00007ff8879a0000 - 0x00007ff8879d0000 	C:\WINDOWS\System32\IMM32.DLL
0x0000000061560000 - 0x0000000061631000 	C:\Program Files\Java\jdk1.8.0_201\jre\bin\msvcr100.dll
0x000000005fec0000 - 0x0000000060764000 	C:\Program Files\Java\jdk1.8.0_201\jre\bin\server\jvm.dll
0x00007ff8864b0000 - 0x00007ff8864b8000 	C:\WINDOWS\System32\PSAPI.DLL
0x00007ff87ff20000 - 0x00007ff87ff29000 	C:\WINDOWS\SYSTEM32\WSOCK32.dll
0x00007ff879f90000 - 0x00007ff879fb7000 	C:\WINDOWS\SYSTEM32\WINMM.dll
0x00007ff886440000 - 0x00007ff8864ab000 	C:\WINDOWS\System32\WS2_32.dll
0x00007ff87c200000 - 0x00007ff87c20a000 	C:\WINDOWS\SYSTEM32\VERSION.dll
0x00007ff87e8a0000 - 0x00007ff87e8af000 	C:\Program Files\Java\jdk1.8.0_201\jre\bin\verify.dll
0x00007ff865350000 - 0x00007ff865379000 	C:\Program Files\Java\jdk1.8.0_201\jre\bin\java.dll
0x00007ff864180000 - 0x00007ff8641a3000 	C:\Program Files\Java\jdk1.8.0_201\jre\bin\instrument.dll
0x00007ff86c2c0000 - 0x00007ff86c2d6000 	C:\Program Files\Java\jdk1.8.0_201\jre\bin\zip.dll
0x00007ff886630000 - 0x00007ff886d6f000 	C:\WINDOWS\System32\SHELL32.dll
0x00007ff882e70000 - 0x00007ff883600000 	C:\WINDOWS\SYSTEM32\windows.storage.dll
0x00007ff885f40000 - 0x00007ff886295000 	C:\WINDOWS\System32\combase.dll
0x00007ff884b80000 - 0x00007ff884bac000 	C:\WINDOWS\SYSTEM32\Wldp.dll
0x00007ff886330000 - 0x00007ff8863dd000 	C:\WINDOWS\System32\SHCORE.dll
0x00007ff8862c0000 - 0x00007ff886315000 	C:\WINDOWS\System32\shlwapi.dll
0x00007ff885070000 - 0x00007ff88508f000 	C:\WINDOWS\SYSTEM32\profapi.dll
0x00007ff863f50000 - 0x00007ff863f6a000 	F:\subject\IDEA 2018_sssam.com\IntelliJ IDEA 2018.2.4\bin\breakgen64.dll
0x00007ff864910000 - 0x00007ff86492a000 	C:\Program Files\Java\jdk1.8.0_201\jre\bin\net.dll
0x00007ff8731d0000 - 0x00007ff8733bb000 	C:\WINDOWS\SYSTEM32\urlmon.dll
0x00007ff8731a0000 - 0x00007ff8731c8000 	C:\WINDOWS\SYSTEM32\srvcli.dll
0x00007ff8845c0000 - 0x00007ff8845cc000 	C:\WINDOWS\SYSTEM32\netutils.dll
0x00007ff873750000 - 0x00007ff873a00000 	C:\WINDOWS\SYSTEM32\iertutil.dll
0x00007ff8848e0000 - 0x00007ff88494a000 	C:\WINDOWS\system32\mswsock.dll
0x00007ff884580000 - 0x00007ff8845bb000 	C:\WINDOWS\SYSTEM32\IPHLPAPI.DLL
0x00007ff885e90000 - 0x00007ff885e98000 	C:\WINDOWS\System32\NSI.dll
0x00007ff87a5b0000 - 0x00007ff87a5c7000 	C:\WINDOWS\SYSTEM32\dhcpcsvc6.DLL
0x00007ff87aee0000 - 0x00007ff87aefd000 	C:\WINDOWS\SYSTEM32\dhcpcsvc.DLL
0x00007ff8845d0000 - 0x00007ff88469c000 	C:\WINDOWS\SYSTEM32\DNSAPI.dll
0x00007ff87c210000 - 0x00007ff87c21a000 	C:\Windows\System32\rasadhlp.dll
0x00007ff873d50000 - 0x00007ff873dcf000 	C:\WINDOWS\System32\fwpuclnt.dll
0x00007ff885210000 - 0x00007ff885237000 	C:\WINDOWS\System32\bcrypt.dll
0x00007ff87e770000 - 0x00007ff87e77d000 	C:\Program Files\Java\jdk1.8.0_201\jre\bin\management.dll
0x00007ff867c90000 - 0x00007ff867ca7000 	C:\WINDOWS\system32\napinsp.dll
0x00007ff867c70000 - 0x00007ff867c8b000 	C:\WINDOWS\system32\pnrpnsp.dll
0x00007ff87f450000 - 0x00007ff87f465000 	C:\WINDOWS\system32\wshbth.dll
0x00007ff87fe80000 - 0x00007ff87fe9d000 	C:\WINDOWS\system32\NLAapi.dll
0x00007ff867bd0000 - 0x00007ff867be2000 	C:\WINDOWS\System32\winrnr.dll
0x00007ff8648f0000 - 0x00007ff864901000 	C:\Program Files\Java\jdk1.8.0_201\jre\bin\nio.dll
0x00007ff884ad0000 - 0x00007ff884ae8000 	C:\WINDOWS\SYSTEM32\CRYPTSP.dll
0x00007ff8841f0000 - 0x00007ff884224000 	C:\WINDOWS\system32\rsaenh.dll
0x00007ff885030000 - 0x00007ff88505e000 	C:\WINDOWS\SYSTEM32\USERENV.dll
0x00007ff885720000 - 0x00007ff8857a3000 	C:\WINDOWS\System32\bcryptprimitives.dll
0x00007ff884af0000 - 0x00007ff884afc000 	C:\WINDOWS\SYSTEM32\CRYPTBASE.dll
0x00007ff859940000 - 0x00007ff859964000 	C:\Program Files\Java\jdk1.8.0_201\jre\bin\sunec.dll
0x00007ff82b690000 - 0x00007ff82e4cd000 	C:\Users\lenovo\Desktop\人脸识别\Face-recognition-main\ArcSoft_ArcFace_Java_Windows_x64_V3.0\libs\WIN64\libarcsoft_face.dll
0x00007ff86b150000 - 0x00007ff86b23f000 	C:\WINDOWS\SYSTEM32\MSVCR120.dll
0x00007ff86b240000 - 0x00007ff86b2e6000 	C:\WINDOWS\SYSTEM32\MSVCP120.dll
0x00007ff83f030000 - 0x00007ff83f0af000 	C:\Users\lenovo\Desktop\人脸识别\Face-recognition-main\ArcSoft_ArcFace_Java_Windows_x64_V3.0\libs\WIN64\libarcsoft_face_engine.dll
0x00007ff8863e0000 - 0x00007ff886436000 	C:\WINDOWS\System32\WLDAP32.dll
0x00007ff8568a0000 - 0x00007ff8568c5000 	C:\Users\lenovo\Desktop\人脸识别\Face-recognition-main\ArcSoft_ArcFace_Java_Windows_x64_V3.0\libs\WIN64\libarcsoft_face_engine_jni.dll
0x00007ff836950000 - 0x00007ff836ae9000 	C:\Program Files\Java\jdk1.8.0_201\jre\bin\awt.dll
0x00007ff887320000 - 0x00007ff8873ed000 	C:\WINDOWS\System32\OLEAUT32.dll
0x00007ff881790000 - 0x00007ff881820000 	C:\WINDOWS\SYSTEM32\apphelp.dll
0x00007ff852ef0000 - 0x00007ff852f21000 	C:\Program Files\Java\jdk1.8.0_201\jre\bin\jpeg.dll
0x00007ff8412c0000 - 0x00007ff8412fe000 	C:\Program Files\Java\jdk1.8.0_201\jre\bin\lcms.dll
0x00007ff8836d0000 - 0x00007ff8838b4000 	C:\WINDOWS\SYSTEM32\dbghelp.dll

VM Arguments:
jvm_args: -XX:CompileCommand=exclude,org/hibernate/cfg/annotations/SimpleValueBinder.setType -XX:TieredStopAtLevel=1 -Xverify:none -Dspring.output.ansi.enabled=always -javaagent:F:\subject\IDEA 2018_sssam.com\IntelliJ IDEA 2018.2.4\lib\idea_rt.jar=64372:F:\subject\IDEA 2018_sssam.com\IntelliJ IDEA 2018.2.4\bin -Dfile.encoding=UTF-8 
java_command: com.tangcheng.face_corn.FaceCornApplication
java_class_path (initial): C:\Program Files\Java\jdk1.8.0_201\jre\lib\charsets.jar;C:\Program Files\Java\jdk1.8.0_201\jre\lib\deploy.jar;C:\Program Files\Java\jdk1.8.0_201\jre\lib\ext\access-bridge-64.jar;C:\Program Files\Java\jdk1.8.0_201\jre\lib\ext\cldrdata.jar;C:\Program Files\Java\jdk1.8.0_201\jre\lib\ext\dnsns.jar;C:\Program Files\Java\jdk1.8.0_201\jre\lib\ext\jaccess.jar;C:\Program Files\Java\jdk1.8.0_201\jre\lib\ext\jfxrt.jar;C:\Program Files\Java\jdk1.8.0_201\jre\lib\ext\localedata.jar;C:\Program Files\Java\jdk1.8.0_201\jre\lib\ext\nashorn.jar;C:\Program Files\Java\jdk1.8.0_201\jre\lib\ext\sunec.jar;C:\Program Files\Java\jdk1.8.0_201\jre\lib\ext\sunjce_provider.jar;C:\Program Files\Java\jdk1.8.0_201\jre\lib\ext\sunmscapi.jar;C:\Program Files\Java\jdk1.8.0_201\jre\lib\ext\sunpkcs11.jar;C:\Program Files\Java\jdk1.8.0_201\jre\lib\ext\zipfs.jar;C:\Program Files\Java\jdk1.8.0_201\jre\lib\javaws.jar;C:\Program Files\Java\jdk1.8.0_201\jre\lib\jce.jar;C:\Program Files\Java\jdk1.8.0_201\jre\lib\jfr.jar;C:\Program Files\Java\jdk1.8.0_201\jre\lib\jfxswt.jar;C:\Program Files\Java\jdk1.8.0_201\jre\lib\jsse.jar;C:\Program Files\Java\jdk1.8.0_201\jre\lib\management-agent.jar;C:\Program Files\Java\jdk1.8.0_201\jre\lib\plugin.jar;C:\Program Files\Java\jdk1.8.0_201\jre\lib\resources.jar;C:\Program Files\Java\jdk1.8.0_201\jre\lib\rt.jar;C:\Users\lenovo\Desktop\人脸识别\Face-recognition-main\facesystem\face_corn\target\classes;C:\Users\lenovo\Desktop\人脸识别\Face-recognition-main\facesystem\common\target\classes;F:\subject\JavaWeb\maven-l\com\auth0\java-jwt\3.4.0\java-jwt-3.4.0.jar;F:\subject\JavaWeb\maven-l\commons-codec\commons-codec\1.15\commons-codec-1.15.jar;F:\subject\JavaWeb\maven-l\com\aliyun\oss\aliyun-sdk-oss\3.12.0\aliyun-sdk-oss-3.12.0.jar;F:\subject\JavaWeb\maven-l\org\apache\httpcomponents\httpclient\4.5.13\httpclient-4.5.13.jar;F:\subject\JavaWeb\maven-l\org\apache\httpcomponents\httpcore\4.4.14\httpcore-4.4.14.jar;F:\subject\JavaWeb\maven-l\org\jdom\jdom2\2.
Launcher Type: SUN_STANDARD

Environment Variables:
JAVA_HOME=C:\Program Files\Java\jdk1.8.0_201
CLASSPATH=.;C:\Program Files\Java\jdk1.8.0_201\lib\dt.jar,C:\Program Files\Java\jdk1.8.0_201\lib\tools.jar;F:\subject\JavaWeb\apache-tomcat-8.5.45\lib\servlet-api.jar
PATH=C:\Program Files (x86)\Common Files\Oracle\Java\javapath;C:\WINDOWS\system32;C:\WINDOWS;C:\WINDOWS\System32\Wbem;C:\WINDOWS\System32\WindowsPowerShell\v1.0\;C:\WINDOWS\System32\OpenSSH\;F:\subject\JavaWeb\apache-tomcat-8.5.45\bin;F:\subject\JavaWeb\apache-tomcat-8.5.45\lib;C:\Program Files\NVIDIA Corporation\NVIDIA NvDLISR;F:\subject\JavaWeb\apache-maven-3.3.9\bin;F:\subject\JavaWeb\Gradle\gradle-6.9.1\bin;F:\subject\JavaWeb\nodejs;C:\Program Files\Java\jdk1.8.0_201\bin;C:\Program Files\MySQL\MySQL Server 8.0\bin;F:\subject\JavaWeb\env\MongoDB\bin;C:\Users\lenovo\AppData\Local\Microsoft\WindowsApps;F:\subject\PyCharm\PyCharm Community Edition 2020.3.3\bin;;F:\subject\JavaWeb\Microsoft VS Code\bin;F:\subject\JavaWeb\nodejs\node_global;
USERNAME=lenovo
OS=Windows_NT
PROCESSOR_IDENTIFIER=Intel64 Family 6 Model 158 Stepping 10, GenuineIntel



---------------  S Y S T E M  ---------------

OS: Windows 10.0 , 64 bit Build 19041 (10.0.19041.1202)

CPU:total 8 (initial active 8) (4 cores per cpu, 2 threads per core) family 6 model 158 stepping 10, cmov, cx8, fxsr, mmx, sse, sse2, sse3, ssse3, sse4.1, sse4.2, popcnt, avx, avx2, aes, clmul, erms, 3dnowpref, lzcnt, ht, tsc, tscinvbit, bmi1, bmi2, adx

Memory: 4k page, physical 8306932k(577920k free), swap 18792692k(3205724k free)

vm_info: Java HotSpot(TM) 64-Bit Server VM (25.201-b09) for windows-amd64 JRE (1.8.0_201-b09), built on Dec 15 2018 18:36:39 by "java_re" with MS VC++ 10.0 (VS2010)

time: Sun Oct 31 20:24:29 2021
timezone: 中国标准时间
elapsed time: 56 seconds (0d 0h 0m 56s)

