#
# A fatal error has been detected by the Java Runtime Environment:
#
#  EXCEPTION_ACCESS_VIOLATION (0xc0000005) at pc=0x00007ffbbb3aefd8, pid=11704, tid=0x0000000000003ac8
#
# JRE version: Java(TM) SE Runtime Environment (8.0_201-b09) (build 1.8.0_201-b09)
# Java VM: Java HotSpot(TM) 64-Bit Server VM (25.201-b09 mixed mode windows-amd64 compressed oops)
# Problematic frame:
# C  [libarcsoft_face.dll+0xefd8]
#
# Failed to write core dump. Minidumps are not enabled by default on client versions of Windows
#
# If you would like to submit a bug report, please visit:
#   http://bugreport.java.com/bugreport/crash.jsp
# The crash happened outside the Java Virtual Machine in native code.
# See problematic frame for where to report the bug.
#

---------------  T H R E A D  ---------------

Current thread (0x000000001e6cf000):  JavaThread "http-nio-8081-exec-6" daemon [_thread_in_native, id=15048, stack(0x0000000020ff0000,0x00000000210f0000)]

siginfo: ExceptionCode=0xc0000005, reading address 0xffffffffffffffff

Registers:
RAX=0x4040000040400000, RBX=0x0000000025e02d70, RCX=0x0000000025e02e20, RDX=0x0000000025e0ee70
RSP=0x00000000210ecc20, RBP=0x0000000000000001, RSI=0x0000000025e02d70, RDI=0x0000000000000000
R8 =0x0000000025e02e20, R9 =0x0000000000000000, R10=0x0000000000000001, R11=0x0000000000000001
R12=0x0000000000000000, R13=0x0000000000000000, R14=0x0000000025e02d80, R15=0x000000002310c040
RIP=0x00007ffbbb3aefd8, EFLAGS=0x0000000000010202

Top of Stack: (sp=0x00000000210ecc20)
0x00000000210ecc20:   0000000025e02e60 00000000000000f0
0x00000000210ecc30:   490a1a8600000040 490a1a8600000040
0x00000000210ecc40:   0000000020ded200 0000000025e02d80
0x00000000210ecc50:   0000000000000000 00007ffbbb3ab949
0x00000000210ecc60:   0000000025e02d70 0000000000000001
0x00000000210ecc70:   0000000025e02d70 0000000000000000
0x00000000210ecc80:   0000000000000001 00007ffbbb3a9092
0x00000000210ecc90:   0000000000000000 0000000000000001
0x00000000210ecca0:   0000000000000040 00000000210ecd40
0x00000000210eccb0:   00000000ffc00000 0000000045134f7e
0x00000000210eccc0:   00000000ffc00000 0000000045134f7e
0x00000000210eccd0:   0000000000000000 0000000000000000
0x00000000210ecce0:   0000000020ded200 0000000100000000
0x00000000210eccf0:   0000000024759940 0000000000000001
0x00000000210ecd00:   000000002310c160 000000002310c040
0x00000000210ecd10:   0000000025e02d70 45134f7effc00000 

Instructions: (pc=0x00007ffbbb3aefd8)
0x00007ffbbb3aefb8:   24 10 48 89 74 24 18 48 89 7c 24 20 41 54 41 56
0x00007ffbbb3aefc8:   41 57 48 83 ec 20 48 8b 42 20 4c 8b f9 49 8b c8
0x00007ffbbb3aefd8:   4c 8b 60 18 44 8b 70 14 41 8b e9 49 8b d8 48 8b
0x00007ffbbb3aefe8:   f2 e8 02 d2 01 00 4c 8b 16 8b f8 41 83 7a 18 00 


Register to memory mapping:

RAX=0x4040000040400000 is an unknown value
RBX=0x0000000025e02d70 is an unknown value
RCX=0x0000000025e02e20 is an unknown value
RDX=0x0000000025e0ee70 is an unknown value
RSP=0x00000000210ecc20 is pointing into the stack for thread: 0x000000001e6cf000
RBP=0x0000000000000001 is an unknown value
RSI=0x0000000025e02d70 is an unknown value
RDI=0x0000000000000000 is an unknown value
R8 =0x0000000025e02e20 is an unknown value
R9 =0x0000000000000000 is an unknown value
R10=0x0000000000000001 is an unknown value
R11=0x0000000000000001 is an unknown value
R12=0x0000000000000000 is an unknown value
R13=0x0000000000000000 is an unknown value
R14=0x0000000025e02d80 is an unknown value
R15=0x000000002310c040 is an unknown value


Stack: [0x0000000020ff0000,0x00000000210f0000],  sp=0x00000000210ecc20,  free space=1011k
Native frames: (J=compiled Java code, j=interpreted, Vv=VM code, C=native code)
C  [libarcsoft_face.dll+0xefd8]
C  [libarcsoft_face.dll+0xb949]
C  [libarcsoft_face.dll+0x9092]
C  [libarcsoft_face.dll+0x89bc]
C  [libarcsoft_face.dll+0x7d0a]
C  [libarcsoft_face.dll+0x3c88]
C  [libarcsoft_face_engine.dll+0x58ca]
C  [libarcsoft_face_engine_jni.dll+0x18f6]
C  0x0000000003118c67

Java frames: (J=compiled Java code, j=interpreted, Vv=VM code)
j  com.arcsoft.face.FaceEngine.detectFaces(J[BIIII[Lcom/arcsoft/face/FaceInfo;)I+0
j  com.arcsoft.face.FaceEngine.detectFaces([BIILcom/arcsoft/face/enums/ImageFormat;Lcom/arcsoft/face/enums/DetectModel;Ljava/util/List;)I+107
j  com.arcsoft.face.FaceEngine.detectFaces([BIILcom/arcsoft/face/enums/ImageFormat;Ljava/util/List;)I+11
j  com.tangcheng.face_corn.service.impl.faceServiceImpl.facesearch(Ljava/io/InputStream;Ljava/util/List;)Ljava/lang/String;+45
j  com.tangcheng.face_corn.controller.faceController.facesearch(Ljava/lang/String;Ljava/util/List;)Lresult/Result;+22
j  sun.reflect.GeneratedMethodAccessor67.invoke(Ljava/lang/Object;[Ljava/lang/Object;)Ljava/lang/Object;+48
J 2036 C1 sun.reflect.DelegatingMethodAccessorImpl.invoke(Ljava/lang/Object;[Ljava/lang/Object;)Ljava/lang/Object; (10 bytes) @ 0x0000000003522f64 [0x0000000003522f20+0x44]
J 1786 C1 java.lang.reflect.Method.invoke(Ljava/lang/Object;[Ljava/lang/Object;)Ljava/lang/Object; (62 bytes) @ 0x00000000034aded4 [0x00000000034adde0+0xf4]
j  org.springframework.web.method.support.InvocableHandlerMethod.doInvoke([Ljava/lang/Object;)Ljava/lang/Object;+32
j  org.springframework.web.method.support.InvocableHandlerMethod.invokeForRequest(Lorg/springframework/web/context/request/NativeWebRequest;Lorg/springframework/web/method/support/ModelAndViewContainer;[Ljava/lang/Object;)Ljava/lang/Object;+54
j  org.springframework.web.servlet.mvc.method.annotation.ServletInvocableHandlerMethod.invokeAndHandle(Lorg/springframework/web/context/request/ServletWebRequest;Lorg/springframework/web/method/support/ModelAndViewContainer;[Ljava/lang/Object;)V+4
j  org.springframework.web.servlet.mvc.method.annotation.RequestMappingHandlerAdapter.invokeHandlerMethod(Ljavax/servlet/http/HttpServletRequest;Ljavax/servlet/http/HttpServletResponse;Lorg/springframework/web/method/HandlerMethod;)Lorg/springframework/web/servlet/ModelAndView;+244
j  org.springframework.web.servlet.mvc.method.annotation.RequestMappingHandlerAdapter.handleInternal(Ljavax/servlet/http/HttpServletRequest;Ljavax/servlet/http/HttpServletResponse;Lorg/springframework/web/method/HandlerMethod;)Lorg/springframework/web/servlet/ModelAndView;+81
j  org.springframework.web.servlet.mvc.method.AbstractHandlerMethodAdapter.handle(Ljavax/servlet/http/HttpServletRequest;Ljavax/servlet/http/HttpServletResponse;Ljava/lang/Object;)Lorg/springframework/web/servlet/ModelAndView;+7
j  org.springframework.web.servlet.DispatcherServlet.doDispatch(Ljavax/servlet/http/HttpServletRequest;Ljavax/servlet/http/HttpServletResponse;)V+259
j  org.springframework.web.servlet.DispatcherServlet.doService(Ljavax/servlet/http/HttpServletRequest;Ljavax/servlet/http/HttpServletResponse;)V+241
j  org.springframework.web.servlet.FrameworkServlet.processRequest(Ljavax/servlet/http/HttpServletRequest;Ljavax/servlet/http/HttpServletResponse;)V+71
j  org.springframework.web.servlet.FrameworkServlet.doPost(Ljavax/servlet/http/HttpServletRequest;Ljavax/servlet/http/HttpServletResponse;)V+3
j  javax.servlet.http.HttpServlet.service(Ljavax/servlet/http/HttpServletRequest;Ljavax/servlet/http/HttpServletResponse;)V+149
j  org.springframework.web.servlet.FrameworkServlet.service(Ljavax/servlet/http/HttpServletRequest;Ljavax/servlet/http/HttpServletResponse;)V+33
j  javax.servlet.http.HttpServlet.service(Ljavax/servlet/ServletRequest;Ljavax/servlet/ServletResponse;)V+36
J 5533 C1 org.apache.catalina.core.ApplicationFilterChain.internalDoFilter(Ljavax/servlet/ServletRequest;Ljavax/servlet/ServletResponse;)V (388 bytes) @ 0x0000000003af8814 [0x0000000003af8600+0x214]
J 5532 C1 org.apache.catalina.core.ApplicationFilterChain.doFilter(Ljavax/servlet/ServletRequest;Ljavax/servlet/ServletResponse;)V (103 bytes) @ 0x0000000003af81d4 [0x0000000003af81a0+0x34]
j  org.apache.tomcat.websocket.server.WsFilter.doFilter(Ljavax/servlet/ServletRequest;Ljavax/servlet/ServletResponse;Ljavax/servlet/FilterChain;)V+21
J 5533 C1 org.apache.catalina.core.ApplicationFilterChain.internalDoFilter(Ljavax/servlet/ServletRequest;Ljavax/servlet/ServletResponse;)V (388 bytes) @ 0x0000000003af8a34 [0x0000000003af8600+0x434]
J 5532 C1 org.apache.catalina.core.ApplicationFilterChain.doFilter(Ljavax/servlet/ServletRequest;Ljavax/servlet/ServletResponse;)V (103 bytes) @ 0x0000000003af81d4 [0x0000000003af81a0+0x34]
j  org.springframework.web.filter.RequestContextFilter.doFilterInternal(Ljavax/servlet/http/HttpServletRequest;Ljavax/servlet/http/HttpServletResponse;Ljavax/servlet/FilterChain;)V+21
J 5874 C1 org.springframework.web.filter.OncePerRequestFilter.doFilter(Ljavax/servlet/ServletRequest;Ljavax/servlet/ServletResponse;Ljavax/servlet/FilterChain;)V (175 bytes) @ 0x0000000003b7c314 [0x0000000003b7bfc0+0x354]
J 5533 C1 org.apache.catalina.core.ApplicationFilterChain.internalDoFilter(Ljavax/servlet/ServletRequest;Ljavax/servlet/ServletResponse;)V (388 bytes) @ 0x0000000003af8a34 [0x0000000003af8600+0x434]
J 5532 C1 org.apache.catalina.core.ApplicationFilterChain.doFilter(Ljavax/servlet/ServletRequest;Ljavax/servlet/ServletResponse;)V (103 bytes) @ 0x0000000003af81d4 [0x0000000003af81a0+0x34]
j  org.springframework.web.filter.FormContentFilter.doFilterInternal(Ljavax/servlet/http/HttpServletRequest;Ljavax/servlet/http/HttpServletResponse;Ljavax/servlet/FilterChain;)V+38
J 5874 C1 org.springframework.web.filter.OncePerRequestFilter.doFilter(Ljavax/servlet/ServletRequest;Ljavax/servlet/ServletResponse;Ljavax/servlet/FilterChain;)V (175 bytes) @ 0x0000000003b7c314 [0x0000000003b7bfc0+0x354]
J 5533 C1 org.apache.catalina.core.ApplicationFilterChain.internalDoFilter(Ljavax/servlet/ServletRequest;Ljavax/servlet/ServletResponse;)V (388 bytes) @ 0x0000000003af8a34 [0x0000000003af8600+0x434]
J 5532 C1 org.apache.catalina.core.ApplicationFilterChain.doFilter(Ljavax/servlet/ServletRequest;Ljavax/servlet/ServletResponse;)V (103 bytes) @ 0x0000000003af81d4 [0x0000000003af81a0+0x34]
j  org.springframework.web.filter.CharacterEncodingFilter.doFilterInternal(Ljavax/servlet/http/HttpServletRequest;Ljavax/servlet/http/HttpServletResponse;Ljavax/servlet/FilterChain;)V+53
J 5874 C1 org.springframework.web.filter.OncePerRequestFilter.doFilter(Ljavax/servlet/ServletRequest;Ljavax/servlet/ServletResponse;Ljavax/servlet/FilterChain;)V (175 bytes) @ 0x0000000003b7c314 [0x0000000003b7bfc0+0x354]
J 5533 C1 org.apache.catalina.core.ApplicationFilterChain.internalDoFilter(Ljavax/servlet/ServletRequest;Ljavax/servlet/ServletResponse;)V (388 bytes) @ 0x0000000003af8a34 [0x0000000003af8600+0x434]
J 5532 C1 org.apache.catalina.core.ApplicationFilterChain.doFilter(Ljavax/servlet/ServletRequest;Ljavax/servlet/ServletResponse;)V (103 bytes) @ 0x0000000003af81d4 [0x0000000003af81a0+0x34]
j  org.apache.catalina.core.StandardWrapperValve.invoke(Lorg/apache/catalina/connector/Request;Lorg/apache/catalina/connector/Response;)V+694
j  org.apache.catalina.core.StandardContextValve.invoke(Lorg/apache/catalina/connector/Request;Lorg/apache/catalina/connector/Response;)V+169
j  org.apache.catalina.authenticator.AuthenticatorBase.invoke(Lorg/apache/catalina/connector/Request;Lorg/apache/catalina/connector/Response;)V+260
j  org.apache.catalina.core.StandardHostValve.invoke(Lorg/apache/catalina/connector/Request;Lorg/apache/catalina/connector/Response;)V+128
j  org.apache.catalina.valves.ErrorReportValve.invoke(Lorg/apache/catalina/connector/Request;Lorg/apache/catalina/connector/Response;)V+6
j  org.apache.catalina.core.StandardEngineValve.invoke(Lorg/apache/catalina/connector/Request;Lorg/apache/catalina/connector/Response;)V+59
j  org.apache.catalina.connector.CoyoteAdapter.service(Lorg/apache/coyote/Request;Lorg/apache/coyote/Response;)V+199
j  org.apache.coyote.http11.Http11Processor.service(Lorg/apache/tomcat/util/net/SocketWrapperBase;)Lorg/apache/tomcat/util/net/AbstractEndpoint$Handler$SocketState;+737
j  org.apache.coyote.AbstractProcessorLight.process(Lorg/apache/tomcat/util/net/SocketWrapperBase;Lorg/apache/tomcat/util/net/SocketEvent;)Lorg/apache/tomcat/util/net/AbstractEndpoint$Handler$SocketState;+170
j  org.apache.coyote.AbstractProtocol$ConnectionHandler.process(Lorg/apache/tomcat/util/net/SocketWrapperBase;Lorg/apache/tomcat/util/net/SocketEvent;)Lorg/apache/tomcat/util/net/AbstractEndpoint$Handler$SocketState;+505
j  org.apache.tomcat.util.net.NioEndpoint$SocketProcessor.doRun()V+216
j  org.apache.tomcat.util.net.SocketProcessorBase.run()V+21
j  java.util.concurrent.ThreadPoolExecutor.runWorker(Ljava/util/concurrent/ThreadPoolExecutor$Worker;)V+95
j  java.util.concurrent.ThreadPoolExecutor$Worker.run()V+5
j  org.apache.tomcat.util.threads.TaskThread$WrappingRunnable.run()V+4
j  java.lang.Thread.run()V+11
v  ~StubRoutines::call_stub

---------------  P R O C E S S  ---------------

Java Threads: ( => current thread )
  0x000000001ea51000 JavaThread "lettuce-eventExecutorLoop-1-8" daemon [_thread_blocked, id=18252, stack(0x00000000410e0000,0x00000000411e0000)]
  0x000000001ea56000 JavaThread "DiscoveryClient-HeartbeatExecutor-0" daemon [_thread_blocked, id=2804, stack(0x0000000040fe0000,0x00000000410e0000)]
  0x000000001ea53000 JavaThread "DiscoveryClient-CacheRefreshExecutor-0" daemon [_thread_blocked, id=3624, stack(0x0000000040ee0000,0x0000000040fe0000)]
  0x000000001ea55800 JavaThread "lettuce-eventExecutorLoop-1-7" daemon [_thread_blocked, id=7540, stack(0x00000000409a0000,0x0000000040aa0000)]
  0x000000001ea52800 JavaThread "lettuce-eventExecutorLoop-1-6" daemon [_thread_blocked, id=11380, stack(0x00000000408a0000,0x00000000409a0000)]
  0x000000001ea54800 JavaThread "lettuce-eventExecutorLoop-1-5" daemon [_thread_blocked, id=14632, stack(0x00000000407a0000,0x00000000408a0000)]
  0x000000001ea54000 JavaThread "lettuce-eventExecutorLoop-1-4" daemon [_thread_blocked, id=17396, stack(0x00000000406a0000,0x00000000407a0000)]
  0x000000001ea51800 JavaThread "lettuce-eventExecutorLoop-1-3" daemon [_thread_blocked, id=10108, stack(0x00000000405a0000,0x00000000406a0000)]
  0x000000001e6d8000 JavaThread "Java2D Disposer" daemon [_thread_blocked, id=10360, stack(0x00000000404a0000,0x00000000405a0000)]
  0x000000001e6d7800 JavaThread "idle_connection_reaper" daemon [_thread_blocked, id=12912, stack(0x00000000403a0000,0x00000000404a0000)]
  0x000000001e6d6800 JavaThread "lettuce-eventExecutorLoop-1-2" daemon [_thread_blocked, id=8516, stack(0x00000000400a0000,0x00000000401a0000)]
  0x000000001e6d6000 JavaThread "lettuce-eventExecutorLoop-1-1" daemon [_thread_blocked, id=3908, stack(0x0000000023000000,0x0000000023100000)]
  0x000000001e6dc000 JavaThread "lettuce-nioEventLoop-4-1" daemon [_thread_in_native, id=15300, stack(0x0000000021df0000,0x0000000021ef0000)]
  0x000000001e6db000 JavaThread "DestroyJavaVM" [_thread_blocked, id=2592, stack(0x0000000002d30000,0x0000000002e30000)]
  0x000000001e6d9800 JavaThread "http-nio-8081-Acceptor" daemon [_thread_in_native, id=7308, stack(0x00000000215f0000,0x00000000216f0000)]
  0x000000001e6d9000 JavaThread "http-nio-8081-ClientPoller" daemon [_thread_in_native, id=1732, stack(0x00000000214f0000,0x00000000215f0000)]
  0x000000001e6cd800 JavaThread "http-nio-8081-exec-10" daemon [_thread_blocked, id=13832, stack(0x00000000213f0000,0x00000000214f0000)]
  0x000000001e6d4800 JavaThread "http-nio-8081-exec-9" daemon [_thread_blocked, id=10568, stack(0x00000000212f0000,0x00000000213f0000)]
  0x000000001e6cd000 JavaThread "http-nio-8081-exec-8" daemon [_thread_blocked, id=17960, stack(0x00000000211f0000,0x00000000212f0000)]
  0x000000001e6d3800 JavaThread "http-nio-8081-exec-7" daemon [_thread_blocked, id=13412, stack(0x00000000210f0000,0x00000000211f0000)]
=>0x000000001e6cf000 JavaThread "http-nio-8081-exec-6" daemon [_thread_in_native, id=15048, stack(0x0000000020ff0000,0x00000000210f0000)]
  0x000000001e6ce800 JavaThread "http-nio-8081-exec-5" daemon [_thread_in_native, id=14164, stack(0x0000000020ef0000,0x0000000020ff0000)]
  0x000000001e6d0800 JavaThread "http-nio-8081-exec-4" daemon [_thread_in_native, id=14400, stack(0x0000000020df0000,0x0000000020ef0000)]
  0x000000001e6d2000 JavaThread "http-nio-8081-exec-3" daemon [_thread_in_native, id=15992, stack(0x0000000020cf0000,0x0000000020df0000)]
  0x000000001e6d0000 JavaThread "http-nio-8081-exec-2" daemon [_thread_in_native, id=18420, stack(0x0000000020bf0000,0x0000000020cf0000)]
  0x000000001e6d3000 JavaThread "http-nio-8081-exec-1" daemon [_thread_in_native, id=5124, stack(0x0000000020af0000,0x0000000020bf0000)]
  0x000000001e6d1800 JavaThread "http-nio-8081-BlockPoller" daemon [_thread_in_native, id=17672, stack(0x00000000209f0000,0x0000000020af0000)]
  0x000000001c911800 JavaThread "DiscoveryClient-InstanceInfoReplicator-0" daemon [_thread_blocked, id=10728, stack(0x00000000206f0000,0x00000000207f0000)]
  0x000000001c910000 JavaThread "DiscoveryClient-1" daemon [_thread_blocked, id=13532, stack(0x00000000205f0000,0x00000000206f0000)]
  0x000000001c90e800 JavaThread "DiscoveryClient-0" daemon [_thread_blocked, id=15684, stack(0x00000000204f0000,0x00000000205f0000)]
  0x000000001c90e000 JavaThread "AsyncResolver-bootstrap-0" daemon [_thread_blocked, id=6772, stack(0x000000001fff0000,0x00000000200f0000)]
  0x000000001c914800 JavaThread "spring.cloud.inetutils" daemon [_thread_blocked, id=6620, stack(0x000000001fef0000,0x000000001fff0000)]
  0x000000001c914000 JavaThread "lettuce-timer-3-1" daemon [_thread_blocked, id=1488, stack(0x000000001f7f0000,0x000000001f8f0000)]
  0x000000001c90f800 JavaThread "container-0" [_thread_blocked, id=2952, stack(0x000000001f4f0000,0x000000001f5f0000)]
  0x000000001c911000 JavaThread "Catalina-utility-2" [_thread_blocked, id=14428, stack(0x000000001f3f0000,0x000000001f4f0000)]
  0x000000001c912800 JavaThread "Catalina-utility-1" [_thread_blocked, id=12244, stack(0x000000001d020000,0x000000001d120000)]
  0x000000001badf000 JavaThread "RMI Scheduler(0)" daemon [_thread_blocked, id=14892, stack(0x000000001ce20000,0x000000001cf20000)]
  0x000000001acff800 JavaThread "RMI TCP Accept-0" daemon [_thread_in_native, id=15912, stack(0x000000001b6a0000,0x000000001b7a0000)]
  0x000000001acf6800 JavaThread "RMI TCP Accept-55488" daemon [_thread_in_native, id=7176, stack(0x000000001b5a0000,0x000000001b6a0000)]
  0x000000001aceb800 JavaThread "RMI TCP Accept-0" daemon [_thread_in_native, id=14444, stack(0x000000001b4a0000,0x000000001b5a0000)]
  0x000000001aab0000 JavaThread "Service Thread" daemon [_thread_blocked, id=12576, stack(0x000000001b3a0000,0x000000001b4a0000)]
  0x000000001aa1e000 JavaThread "C1 CompilerThread3" daemon [_thread_blocked, id=13296, stack(0x000000001b2a0000,0x000000001b3a0000)]
  0x000000001aa1d800 JavaThread "C2 CompilerThread2" daemon [_thread_blocked, id=18028, stack(0x000000001b1a0000,0x000000001b2a0000)]
  0x000000001aa1c800 JavaThread "C2 CompilerThread1" daemon [_thread_blocked, id=18216, stack(0x000000001b0a0000,0x000000001b1a0000)]
  0x000000001aa16000 JavaThread "C2 CompilerThread0" daemon [_thread_blocked, id=4736, stack(0x000000001afa0000,0x000000001b0a0000)]
  0x000000001a956800 JavaThread "Monitor Ctrl-Break" daemon [_thread_in_native, id=8764, stack(0x000000001aea0000,0x000000001afa0000)]
  0x0000000019edf000 JavaThread "Attach Listener" daemon [_thread_blocked, id=17788, stack(0x000000001a5a0000,0x000000001a6a0000)]
  0x0000000019f3b000 JavaThread "Signal Dispatcher" daemon [_thread_blocked, id=17684, stack(0x000000001a4a0000,0x000000001a5a0000)]
  0x00000000180d4000 JavaThread "Finalizer" daemon [_thread_blocked, id=11716, stack(0x000000001a3a0000,0x000000001a4a0000)]
  0x0000000019ec0800 JavaThread "Reference Handler" daemon [_thread_blocked, id=5080, stack(0x000000001a2a0000,0x000000001a3a0000)]

Other Threads:
  0x00000000180c6800 VMThread [stack: 0x0000000019da0000,0x0000000019ea0000] [id=11600]
  0x000000001ad0c800 WatcherThread [stack: 0x000000001b7a0000,0x000000001b8a0000] [id=14024]

VM state:not at safepoint (normal execution)

VM Mutex/Monitor currently owned by a thread: None

heap address: 0x0000000081200000, size: 2030 MB, Compressed Oops mode: 32-bit
Narrow klass base: 0x0000000000000000, Narrow klass shift: 3
Compressed class space size: 1073741824 Address: 0x0000000100000000

Heap:
 PSYoungGen      total 401408K, used 346083K [0x00000000d5b80000, 0x00000000f0a00000, 0x0000000100000000)
  eden space 388608K, 87% used [0x00000000d5b80000,0x00000000ea86eb38,0x00000000ed700000)
  from space 12800K, 40% used [0x00000000efd80000,0x00000000f028a1b0,0x00000000f0a00000)
  to   space 26112K, 0% used [0x00000000ed700000,0x00000000ed700000,0x00000000ef080000)
 ParOldGen       total 115200K, used 65395K [0x0000000081200000, 0x0000000088280000, 0x00000000d5b80000)
  object space 115200K, 56% used [0x0000000081200000,0x00000000851dce88,0x0000000088280000)
 Metaspace       used 55903K, capacity 59614K, committed 59736K, reserved 1101824K
  class space    used 7630K, capacity 8278K, committed 8320K, reserved 1048576K

Card table byte_map: [0x00000000124c0000,0x00000000128c0000] byte_map_base: 0x00000000120b7000

Marking Bits: (ParMarkBitMap*) 0x0000000060af4ce0
 Begin Bits: [0x0000000013370000, 0x0000000015328000)
 End Bits:   [0x0000000015328000, 0x00000000172e0000)

Polling page: 0x0000000002920000

CodeCache: size=245760Kb used=12001Kb max_used=12001Kb free=233758Kb
 bounds [0x0000000003100000, 0x0000000003cc0000, 0x0000000012100000]
 total_blobs=7126 nmethods=6526 adapters=511
 compilation: enabled

Compilation events (10 events):
Event: 101.533 Thread 0x000000001aa1e000 6653       1       ch.qos.logback.classic.spi.PackagingDataCalculator::computeBySTEP (81 bytes)
Event: 101.534 Thread 0x000000001aa1e000 nmethod 6653 0x0000000003cb9750 code [0x0000000003cb9900, 0x0000000003cb9c68]
Event: 101.545 Thread 0x000000001aa1e000 6654       1       org.springframework.web.servlet.mvc.condition.ProducesRequestCondition::getContent (5 bytes)
Event: 101.545 Thread 0x000000001aa1e000 nmethod 6654 0x0000000003cb9f10 code [0x0000000003cba060, 0x0000000003cba170]
Event: 101.545 Thread 0x000000001aa1e000 6655       1       org.apache.catalina.core.ApplicationHttpRequest::getSpecial (32 bytes)
Event: 101.545 Thread 0x000000001aa1e000 nmethod 6655 0x0000000003cba1d0 code [0x0000000003cba340, 0x0000000003cba4e8]
Event: 101.557 Thread 0x000000001aa1e000 6656       1       org.springframework.http.HttpHeaders::<init> (16 bytes)
Event: 101.558 Thread 0x000000001aa1e000 nmethod 6656 0x0000000003cba5d0 code [0x0000000003cba740, 0x0000000003cba928]
Event: 101.558 Thread 0x000000001aa1e000 6657       1       org.springframework.util.MultiValueMapAdapter::set (30 bytes)
Event: 101.558 Thread 0x000000001aa1e000 nmethod 6657 0x0000000003cbaa10 code [0x0000000003cbaba0, 0x0000000003cbaea8]

GC Heap History (10 events):
Event: 21.228 GC heap before
{Heap before GC invocations=13 (full 2):
 PSYoungGen      total 265728K, used 162764K [0x00000000d5b80000, 0x00000000e8380000, 0x0000000100000000)
  eden space 253440K, 59% used [0x00000000d5b80000,0x00000000dee78cd8,0x00000000e5300000)
  from space 12288K, 99% used [0x00000000e7780000,0x00000000e837a4e0,0x00000000e8380000)
  to   space 15360K, 0% used [0x00000000e6580000,0x00000000e6580000,0x00000000e7480000)
 ParOldGen       total 77312K, used 19234K [0x0000000081200000, 0x0000000085d80000, 0x00000000d5b80000)
  object space 77312K, 24% used [0x0000000081200000,0x00000000824c8930,0x0000000085d80000)
 Metaspace       used 55074K, capacity 58740K, committed 58968K, reserved 1099776K
  class space    used 7523K, capacity 8193K, committed 8320K, reserved 1048576K
Event: 21.245 GC heap after
Heap after GC invocations=13 (full 2):
 PSYoungGen      total 287744K, used 14172K [0x00000000d5b80000, 0x00000000ebe00000, 0x0000000100000000)
  eden space 272384K, 0% used [0x00000000d5b80000,0x00000000d5b80000,0x00000000e6580000)
  from space 15360K, 92% used [0x00000000e6580000,0x00000000e7357210,0x00000000e7480000)
  to   space 16896K, 0% used [0x00000000ead80000,0x00000000ead80000,0x00000000ebe00000)
 ParOldGen       total 77312K, used 27446K [0x0000000081200000, 0x0000000085d80000, 0x00000000d5b80000)
  object space 77312K, 35% used [0x0000000081200000,0x0000000082ccd9d8,0x0000000085d80000)
 Metaspace       used 55074K, capacity 58740K, committed 58968K, reserved 1099776K
  class space    used 7523K, capacity 8193K, committed 8320K, reserved 1048576K
}
Event: 21.245 GC heap before
{Heap before GC invocations=14 (full 3):
 PSYoungGen      total 287744K, used 14172K [0x00000000d5b80000, 0x00000000ebe00000, 0x0000000100000000)
  eden space 272384K, 0% used [0x00000000d5b80000,0x00000000d5b80000,0x00000000e6580000)
  from space 15360K, 92% used [0x00000000e6580000,0x00000000e7357210,0x00000000e7480000)
  to   space 16896K, 0% used [0x00000000ead80000,0x00000000ead80000,0x00000000ebe00000)
 ParOldGen       total 77312K, used 27446K [0x0000000081200000, 0x0000000085d80000, 0x00000000d5b80000)
  object space 77312K, 35% used [0x0000000081200000,0x0000000082ccd9d8,0x0000000085d80000)
 Metaspace       used 55074K, capacity 58740K, committed 58968K, reserved 1099776K
  class space    used 7523K, capacity 8193K, committed 8320K, reserved 1048576K
Event: 21.366 GC heap after
Heap after GC invocations=14 (full 3):
 PSYoungGen      total 287744K, used 0K [0x00000000d5b80000, 0x00000000ebe00000, 0x0000000100000000)
  eden space 272384K, 0% used [0x00000000d5b80000,0x00000000d5b80000,0x00000000e6580000)
  from space 15360K, 0% used [0x00000000e6580000,0x00000000e6580000,0x00000000e7480000)
  to   space 16896K, 0% used [0x00000000ead80000,0x00000000ead80000,0x00000000ebe00000)
 ParOldGen       total 115200K, used 33285K [0x0000000081200000, 0x0000000088280000, 0x00000000d5b80000)
  object space 115200K, 28% used [0x0000000081200000,0x0000000083281508,0x0000000088280000)
 Metaspace       used 55074K, capacity 58740K, committed 58968K, reserved 1099776K
  class space    used 7523K, capacity 8193K, committed 8320K, reserved 1048576K
}
Event: 57.651 GC heap before
{Heap before GC invocations=15 (full 3):
 PSYoungGen      total 287744K, used 272384K [0x00000000d5b80000, 0x00000000ebe00000, 0x0000000100000000)
  eden space 272384K, 100% used [0x00000000d5b80000,0x00000000e6580000,0x00000000e6580000)
  from space 15360K, 0% used [0x00000000e6580000,0x00000000e6580000,0x00000000e7480000)
  to   space 16896K, 0% used [0x00000000ead80000,0x00000000ead80000,0x00000000ebe00000)
 ParOldGen       total 115200K, used 33285K [0x0000000081200000, 0x0000000088280000, 0x00000000d5b80000)
  object space 115200K, 28% used [0x0000000081200000,0x0000000083281508,0x0000000088280000)
 Metaspace       used 55540K, capacity 59268K, committed 59480K, reserved 1099776K
  class space    used 7592K, capacity 8237K, committed 8320K, reserved 1048576K
Event: 57.673 GC heap after
Heap after GC invocations=15 (full 3):
 PSYoungGen      total 336896K, used 16866K [0x00000000d5b80000, 0x00000000ee700000, 0x0000000100000000)
  eden space 320000K, 0% used [0x00000000d5b80000,0x00000000d5b80000,0x00000000e9400000)
  from space 16896K, 99% used [0x00000000ead80000,0x00000000ebdf8a70,0x00000000ebe00000)
  to   space 26112K, 0% used [0x00000000e9400000,0x00000000e9400000,0x00000000ead80000)
 ParOldGen       total 115200K, used 53113K [0x0000000081200000, 0x0000000088280000, 0x00000000d5b80000)
  object space 115200K, 46% used [0x0000000081200000,0x00000000845de7e0,0x0000000088280000)
 Metaspace       used 55540K, capacity 59268K, committed 59480K, reserved 1099776K
  class space    used 7592K, capacity 8237K, committed 8320K, reserved 1048576K
}
Event: 71.482 GC heap before
{Heap before GC invocations=16 (full 3):
 PSYoungGen      total 336896K, used 336645K [0x00000000d5b80000, 0x00000000ee700000, 0x0000000100000000)
  eden space 320000K, 99% used [0x00000000d5b80000,0x00000000e93c8bb8,0x00000000e9400000)
  from space 16896K, 99% used [0x00000000ead80000,0x00000000ebdf8a70,0x00000000ebe00000)
  to   space 26112K, 0% used [0x00000000e9400000,0x00000000e9400000,0x00000000ead80000)
 ParOldGen       total 115200K, used 53113K [0x0000000081200000, 0x0000000088280000, 0x00000000d5b80000)
  object space 115200K, 46% used [0x0000000081200000,0x00000000845de7e0,0x0000000088280000)
 Metaspace       used 55581K, capacity 59298K, committed 59480K, reserved 1099776K
  class space    used 7596K, capacity 8242K, committed 8320K, reserved 1048576K
Event: 71.493 GC heap after
Heap after GC invocations=16 (full 3):
 PSYoungGen      total 346112K, used 3295K [0x00000000d5b80000, 0x00000000f1780000, 0x0000000100000000)
  eden space 320000K, 0% used [0x00000000d5b80000,0x00000000d5b80000,0x00000000e9400000)
  from space 26112K, 12% used [0x00000000e9400000,0x00000000e9737d50,0x00000000ead80000)
  to   space 26624K, 0% used [0x00000000efd80000,0x00000000efd80000,0x00000000f1780000)
 ParOldGen       total 115200K, used 65387K [0x0000000081200000, 0x0000000088280000, 0x00000000d5b80000)
  object space 115200K, 56% used [0x0000000081200000,0x00000000851dae88,0x0000000088280000)
 Metaspace       used 55581K, capacity 59298K, committed 59480K, reserved 1099776K
  class space    used 7596K, capacity 8242K, committed 8320K, reserved 1048576K
}
Event: 87.052 GC heap before
{Heap before GC invocations=17 (full 3):
 PSYoungGen      total 346112K, used 323295K [0x00000000d5b80000, 0x00000000f1780000, 0x0000000100000000)
  eden space 320000K, 100% used [0x00000000d5b80000,0x00000000e9400000,0x00000000e9400000)
  from space 26112K, 12% used [0x00000000e9400000,0x00000000e9737d50,0x00000000ead80000)
  to   space 26624K, 0% used [0x00000000efd80000,0x00000000efd80000,0x00000000f1780000)
 ParOldGen       total 115200K, used 65387K [0x0000000081200000, 0x0000000088280000, 0x00000000d5b80000)
  object space 115200K, 56% used [0x0000000081200000,0x00000000851dae88,0x0000000088280000)
 Metaspace       used 55608K, capacity 59298K, committed 59480K, reserved 1099776K
  class space    used 7597K, capacity 8242K, committed 8320K, reserved 1048576K
Event: 87.055 GC heap after
Heap after GC invocations=17 (full 3):
 PSYoungGen      total 401408K, used 5160K [0x00000000d5b80000, 0x00000000f0a00000, 0x0000000100000000)
  eden space 388608K, 0% used [0x00000000d5b80000,0x00000000d5b80000,0x00000000ed700000)
  from space 12800K, 40% used [0x00000000efd80000,0x00000000f028a1b0,0x00000000f0a00000)
  to   space 26112K, 0% used [0x00000000ed700000,0x00000000ed700000,0x00000000ef080000)
 ParOldGen       total 115200K, used 65395K [0x0000000081200000, 0x0000000088280000, 0x00000000d5b80000)
  object space 115200K, 56% used [0x0000000081200000,0x00000000851dce88,0x0000000088280000)
 Metaspace       used 55608K, capacity 59298K, committed 59480K, reserved 1099776K
  class space    used 7597K, capacity 8242K, committed 8320K, reserved 1048576K
}

Deoptimization events (0 events):
No events

Classes redefined (0 events):
No events

Internal exceptions (10 events):
Event: 58.542 Thread 0x000000001e6cd000 Exception <a 'java/io/IOException'> (0x00000000d601a868) thrown at [C:\re\workspace\8-2-build-windows-amd64-cygwin\jdk8u201\12322\hotspot\src\share\vm\prims\jni.cpp, line 709]
Event: 65.043 Thread 0x000000001e6cd000 Exception <a 'java/io/IOException'> (0x00000000e0e22c48) thrown at [C:\re\workspace\8-2-build-windows-amd64-cygwin\jdk8u201\12322\hotspot\src\share\vm\prims\jni.cpp, line 709]
Event: 66.085 Thread 0x000000001ea53000 Exception <a 'java/net/SocketTimeoutException': Read timed out> (0x00000000e23bbb10) thrown at [C:\re\workspace\8-2-build-windows-amd64-cygwin\jdk8u201\12322\hotspot\src\share\vm\prims\jni.cpp, line 735]
Event: 66.101 Thread 0x000000001ea56000 Exception <a 'java/net/SocketTimeoutException': Read timed out> (0x00000000e25254b0) thrown at [C:\re\workspace\8-2-build-windows-amd64-cygwin\jdk8u201\12322\hotspot\src\share\vm\prims\jni.cpp, line 735]
Event: 96.061 Thread 0x000000001e6cd800 Exception <a 'java/io/IOException'> (0x00000000e0e95868) thrown at [C:\re\workspace\8-2-build-windows-amd64-cygwin\jdk8u201\12322\hotspot\src\share\vm\prims\jni.cpp, line 709]
Event: 96.128 Thread 0x000000001ea53000 Exception <a 'java/net/SocketTimeoutException': Read timed out> (0x00000000e1150b38) thrown at [C:\re\workspace\8-2-build-windows-amd64-cygwin\jdk8u201\12322\hotspot\src\share\vm\prims\jni.cpp, line 735]
Event: 96.128 Thread 0x000000001ea56000 Exception <a 'java/net/SocketTimeoutException': Read timed out> (0x00000000e1188260) thrown at [C:\re\workspace\8-2-build-windows-amd64-cygwin\jdk8u201\12322\hotspot\src\share\vm\prims\jni.cpp, line 735]
Event: 101.211 Thread 0x000000001e6ce800 Exception <a 'java/lang/ArrayIndexOutOfBoundsException'> (0x00000000e79893e8) thrown at [C:\re\workspace\8-2-build-windows-amd64-cygwin\jdk8u201\12322\hotspot\src\share\vm\runtime\sharedRuntime.cpp, line 605]
Event: 101.211 Thread 0x000000001e6cf000 Exception <a 'java/lang/ArrayIndexOutOfBoundsException'> (0x00000000e7ceabb0) thrown at [C:\re\workspace\8-2-build-windows-amd64-cygwin\jdk8u201\12322\hotspot\src\share\vm\runtime\sharedRuntime.cpp, line 605]
Event: 101.310 Thread 0x000000001e6d2000 Exception <a 'java/lang/reflect/InvocationTargetException'> (0x00000000e83b8170) thrown at [C:\re\workspace\8-2-build-windows-amd64-cygwin\jdk8u201\12322\hotspot\src\share\vm\runtime\reflection.cpp, line 1092]

Events (10 events):
Event: 101.438 Executing VM operation: RevokeBias
Event: 101.438 Executing VM operation: RevokeBias done
Event: 101.438 Executing VM operation: RevokeBias
Event: 101.438 Executing VM operation: RevokeBias done
Event: 101.529 loading class sun/reflect/GeneratedMethodAccessor67
Event: 101.529 loading class sun/reflect/GeneratedMethodAccessor67 done
Event: 101.530 loading class sun/reflect/GeneratedMethodAccessor67
Event: 101.530 loading class sun/reflect/GeneratedMethodAccessor67 done
Event: 101.532 loading class sun/reflect/GeneratedMethodAccessor67
Event: 101.532 loading class sun/reflect/GeneratedMethodAccessor67 done


Dynamic libraries:
0x00007ff6b01c0000 - 0x00007ff6b01f7000 	C:\Program Files\Java\jdk1.8.0_201\bin\java.exe
0x00007ffc111b0000 - 0x00007ffc113a5000 	C:\WINDOWS\SYSTEM32\ntdll.dll
0x00007ffc110a0000 - 0x00007ffc1115e000 	C:\WINDOWS\System32\KERNEL32.DLL
0x00007ffc0eae0000 - 0x00007ffc0eda9000 	C:\WINDOWS\System32\KERNELBASE.dll
0x00007ffc10270000 - 0x00007ffc1031c000 	C:\WINDOWS\System32\ADVAPI32.dll
0x00007ffc0f5a0000 - 0x00007ffc0f63e000 	C:\WINDOWS\System32\msvcrt.dll
0x00007ffc0f980000 - 0x00007ffc0fa1b000 	C:\WINDOWS\System32\sechost.dll
0x00007ffc0fea0000 - 0x00007ffc0ffca000 	C:\WINDOWS\System32\RPCRT4.dll
0x00007ffc0ffe0000 - 0x00007ffc10181000 	C:\WINDOWS\System32\USER32.dll
0x00007ffc0eab0000 - 0x00007ffc0ead2000 	C:\WINDOWS\System32\win32u.dll
0x00007ffc0f200000 - 0x00007ffc0f22b000 	C:\WINDOWS\System32\GDI32.dll
0x00007ffc0ee00000 - 0x00007ffc0ef0b000 	C:\WINDOWS\System32\gdi32full.dll
0x00007ffc0e8d0000 - 0x00007ffc0e96d000 	C:\WINDOWS\System32\msvcp_win.dll
0x00007ffc0ef70000 - 0x00007ffc0f070000 	C:\WINDOWS\System32\ucrtbase.dll
0x00007ffc000a0000 - 0x00007ffc0033a000 	C:\WINDOWS\WinSxS\amd64_microsoft.windows.common-controls_6595b64144ccf1df_6.0.19041.1110_none_60b5254171f9507e\COMCTL32.dll
0x00007ffc0f460000 - 0x00007ffc0f490000 	C:\WINDOWS\System32\IMM32.DLL
0x00000000619b0000 - 0x0000000061a81000 	C:\Program Files\Java\jdk1.8.0_201\jre\bin\msvcr100.dll
0x00000000602d0000 - 0x0000000060b74000 	C:\Program Files\Java\jdk1.8.0_201\jre\bin\server\jvm.dll
0x00007ffc11160000 - 0x00007ffc11168000 	C:\WINDOWS\System32\PSAPI.DLL
0x00007ffc01840000 - 0x00007ffc01867000 	C:\WINDOWS\SYSTEM32\WINMM.dll
0x00007ffc08230000 - 0x00007ffc08239000 	C:\WINDOWS\SYSTEM32\WSOCK32.dll
0x00007ffc05240000 - 0x00007ffc0524a000 	C:\WINDOWS\SYSTEM32\VERSION.dll
0x00007ffc0f870000 - 0x00007ffc0f8db000 	C:\WINDOWS\System32\WS2_32.dll
0x00007ffc06670000 - 0x00007ffc0667f000 	C:\Program Files\Java\jdk1.8.0_201\jre\bin\verify.dll
0x00007ffc05e00000 - 0x00007ffc05e29000 	C:\Program Files\Java\jdk1.8.0_201\jre\bin\java.dll
0x00007ffbf2600000 - 0x00007ffbf2623000 	C:\Program Files\Java\jdk1.8.0_201\jre\bin\instrument.dll
0x00007ffbf2590000 - 0x00007ffbf25a6000 	C:\Program Files\Java\jdk1.8.0_201\jre\bin\zip.dll
0x00007ffc104d0000 - 0x00007ffc10c0f000 	C:\WINDOWS\System32\SHELL32.dll
0x00007ffc0c610000 - 0x00007ffc0cda0000 	C:\WINDOWS\SYSTEM32\windows.storage.dll
0x00007ffc10c70000 - 0x00007ffc10fc5000 	C:\WINDOWS\System32\combase.dll
0x00007ffc0e320000 - 0x00007ffc0e34c000 	C:\WINDOWS\SYSTEM32\Wldp.dll
0x00007ffc0f4f0000 - 0x00007ffc0f59d000 	C:\WINDOWS\System32\SHCORE.dll
0x00007ffc10c10000 - 0x00007ffc10c65000 	C:\WINDOWS\System32\shlwapi.dll
0x00007ffc0e810000 - 0x00007ffc0e82f000 	C:\WINDOWS\SYSTEM32\profapi.dll
0x00007ffbf25e0000 - 0x00007ffbf25fa000 	F:\subject\IDEA 2018_sssam.com\IntelliJ IDEA 2018.2.4\bin\breakgen64.dll
0x00007ffbf2570000 - 0x00007ffbf258a000 	C:\Program Files\Java\jdk1.8.0_201\jre\bin\net.dll
0x00007ffbfc9a0000 - 0x00007ffbfcb8b000 	C:\WINDOWS\SYSTEM32\urlmon.dll
0x00007ffbfcf00000 - 0x00007ffbfd1b0000 	C:\WINDOWS\SYSTEM32\iertutil.dll
0x00007ffbfc970000 - 0x00007ffbfc998000 	C:\WINDOWS\SYSTEM32\srvcli.dll
0x00007ffc0dd60000 - 0x00007ffc0dd6c000 	C:\WINDOWS\SYSTEM32\netutils.dll
0x00007ffc0e080000 - 0x00007ffc0e0ea000 	C:\WINDOWS\system32\mswsock.dll
0x00007ffc061e0000 - 0x00007ffc061ed000 	C:\Program Files\Java\jdk1.8.0_201\jre\bin\management.dll
0x00007ffbf2550000 - 0x00007ffbf2561000 	C:\Program Files\Java\jdk1.8.0_201\jre\bin\nio.dll
0x00007ffbf1ce0000 - 0x00007ffbf1cf7000 	C:\WINDOWS\system32\napinsp.dll
0x00007ffbf1cc0000 - 0x00007ffbf1cdb000 	C:\WINDOWS\system32\pnrpnsp.dll
0x00007ffc08c40000 - 0x00007ffc08c55000 	C:\WINDOWS\system32\wshbth.dll
0x00007ffc09620000 - 0x00007ffc0963d000 	C:\WINDOWS\system32\NLAapi.dll
0x00007ffc0dd20000 - 0x00007ffc0dd5b000 	C:\WINDOWS\SYSTEM32\IPHLPAPI.DLL
0x00007ffc0dd70000 - 0x00007ffc0de3c000 	C:\WINDOWS\SYSTEM32\DNSAPI.dll
0x00007ffc0f970000 - 0x00007ffc0f978000 	C:\WINDOWS\System32\NSI.dll
0x00007ffbf1990000 - 0x00007ffbf19a2000 	C:\WINDOWS\System32\winrnr.dll
0x00007ffc05a00000 - 0x00007ffc05a0a000 	C:\Windows\System32\rasadhlp.dll
0x00007ffbfd8a0000 - 0x00007ffbfd91f000 	C:\WINDOWS\System32\fwpuclnt.dll
0x00007ffc0f070000 - 0x00007ffc0f097000 	C:\WINDOWS\System32\bcrypt.dll
0x00007ffc0e270000 - 0x00007ffc0e288000 	C:\WINDOWS\SYSTEM32\CRYPTSP.dll
0x00007ffc0d990000 - 0x00007ffc0d9c4000 	C:\WINDOWS\system32\rsaenh.dll
0x00007ffc0e7d0000 - 0x00007ffc0e7fe000 	C:\WINDOWS\SYSTEM32\USERENV.dll
0x00007ffc0e970000 - 0x00007ffc0e9f3000 	C:\WINDOWS\System32\bcryptprimitives.dll
0x00007ffc0e290000 - 0x00007ffc0e29c000 	C:\WINDOWS\SYSTEM32\CRYPTBASE.dll
0x00007ffc03c60000 - 0x00007ffc03c77000 	C:\WINDOWS\SYSTEM32\dhcpcsvc6.DLL
0x00007ffc04fd0000 - 0x00007ffc04fed000 	C:\WINDOWS\SYSTEM32\dhcpcsvc.DLL
0x00007ffbf10f0000 - 0x00007ffbf1114000 	C:\Program Files\Java\jdk1.8.0_201\jre\bin\sunec.dll
0x00007ffbbb3a0000 - 0x00007ffbbe1dd000 	C:\Users\lenovo\Desktop\人脸识别\Face-recognition-main\ArcSoft_ArcFace_Java_Windows_x64_V3.0\libs\WIN64\libarcsoft_face.dll
0x00007ffbf4f00000 - 0x00007ffbf4fa6000 	C:\WINDOWS\SYSTEM32\MSVCP120.dll
0x00007ffbf4650000 - 0x00007ffbf473f000 	C:\WINDOWS\SYSTEM32\MSVCR120.dll
0x00007ffbf1050000 - 0x00007ffbf10cf000 	C:\Users\lenovo\Desktop\人脸识别\Face-recognition-main\ArcSoft_ArcFace_Java_Windows_x64_V3.0\libs\WIN64\libarcsoft_face_engine.dll
0x00007ffc0f810000 - 0x00007ffc0f866000 	C:\WINDOWS\System32\WLDAP32.dll
0x00007ffbf1020000 - 0x00007ffbf1045000 	C:\Users\lenovo\Desktop\人脸识别\Face-recognition-main\ArcSoft_ArcFace_Java_Windows_x64_V3.0\libs\WIN64\libarcsoft_face_engine_jni.dll
0x00007ffbc8130000 - 0x00007ffbc82c9000 	C:\Program Files\Java\jdk1.8.0_201\jre\bin\awt.dll
0x00007ffc10fd0000 - 0x00007ffc1109d000 	C:\WINDOWS\System32\OLEAUT32.dll
0x00007ffc0af30000 - 0x00007ffc0afc0000 	C:\WINDOWS\SYSTEM32\apphelp.dll
0x00007ffbea220000 - 0x00007ffbea251000 	C:\Program Files\Java\jdk1.8.0_201\jre\bin\jpeg.dll
0x00007ffbe4b20000 - 0x00007ffbe4b5e000 	C:\Program Files\Java\jdk1.8.0_201\jre\bin\lcms.dll
0x00007ffc0ce70000 - 0x00007ffc0d054000 	C:\WINDOWS\SYSTEM32\dbghelp.dll

VM Arguments:
jvm_args: -XX:TieredStopAtLevel=1 -Xverify:none -Dspring.output.ansi.enabled=always -Dcom.sun.management.jmxremote -Dcom.sun.management.jmxremote.port=55488 -Dcom.sun.management.jmxremote.authenticate=false -Dcom.sun.management.jmxremote.ssl=false -Djava.rmi.server.hostname=localhost -Dspring.liveBeansView.mbeanDomain -Dspring.application.admin.enabled=true -javaagent:F:\subject\IDEA 2018_sssam.com\IntelliJ IDEA 2018.2.4\lib\idea_rt.jar=55489:F:\subject\IDEA 2018_sssam.com\IntelliJ IDEA 2018.2.4\bin -Dfile.encoding=UTF-8 
java_command: com.tangcheng.face_corn.FaceCornApplication
java_class_path (initial): C:\Program Files\Java\jdk1.8.0_201\jre\lib\charsets.jar;C:\Program Files\Java\jdk1.8.0_201\jre\lib\deploy.jar;C:\Program Files\Java\jdk1.8.0_201\jre\lib\ext\access-bridge-64.jar;C:\Program Files\Java\jdk1.8.0_201\jre\lib\ext\cldrdata.jar;C:\Program Files\Java\jdk1.8.0_201\jre\lib\ext\dnsns.jar;C:\Program Files\Java\jdk1.8.0_201\jre\lib\ext\jaccess.jar;C:\Program Files\Java\jdk1.8.0_201\jre\lib\ext\jfxrt.jar;C:\Program Files\Java\jdk1.8.0_201\jre\lib\ext\localedata.jar;C:\Program Files\Java\jdk1.8.0_201\jre\lib\ext\nashorn.jar;C:\Program Files\Java\jdk1.8.0_201\jre\lib\ext\sunec.jar;C:\Program Files\Java\jdk1.8.0_201\jre\lib\ext\sunjce_provider.jar;C:\Program Files\Java\jdk1.8.0_201\jre\lib\ext\sunmscapi.jar;C:\Program Files\Java\jdk1.8.0_201\jre\lib\ext\sunpkcs11.jar;C:\Program Files\Java\jdk1.8.0_201\jre\lib\ext\zipfs.jar;C:\Program Files\Java\jdk1.8.0_201\jre\lib\javaws.jar;C:\Program Files\Java\jdk1.8.0_201\jre\lib\jce.jar;C:\Program Files\Java\jdk1.8.0_201\jre\lib\jfr.jar;C:\Program Files\Java\jdk1.8.0_201\jre\lib\jfxswt.jar;C:\Program Files\Java\jdk1.8.0_201\jre\lib\jsse.jar;C:\Program Files\Java\jdk1.8.0_201\jre\lib\management-agent.jar;C:\Program Files\Java\jdk1.8.0_201\jre\lib\plugin.jar;C:\Program Files\Java\jdk1.8.0_201\jre\lib\resources.jar;C:\Program Files\Java\jdk1.8.0_201\jre\lib\rt.jar;C:\Users\lenovo\Desktop\人脸识别\Face-recognition-main\facesystem\face_corn\target\classes;C:\Users\lenovo\Desktop\人脸识别\Face-recognition-main\facesystem\common\target\classes;F:\subject\JavaWeb\maven-l\com\auth0\java-jwt\3.4.0\java-jwt-3.4.0.jar;F:\subject\JavaWeb\maven-l\commons-codec\commons-codec\1.15\commons-codec-1.15.jar;F:\subject\JavaWeb\maven-l\com\aliyun\oss\aliyun-sdk-oss\3.12.0\aliyun-sdk-oss-3.12.0.jar;F:\subject\JavaWeb\maven-l\org\apache\httpcomponents\httpclient\4.5.13\httpclient-4.5.13.jar;F:\subject\JavaWeb\maven-l\org\apache\httpcomponents\httpcore\4.4.14\httpcore-4.4.14.jar;F:\subject\JavaWeb\maven-l\org\jdom\jdom2\2.
Launcher Type: SUN_STANDARD

Environment Variables:
JAVA_HOME=C:\Program Files\Java\jdk1.8.0_201
CLASSPATH=.;C:\Program Files\Java\jdk1.8.0_201\lib\dt.jar,C:\Program Files\Java\jdk1.8.0_201\lib\tools.jar;F:\subject\JavaWeb\apache-tomcat-8.5.45\lib\servlet-api.jar
PATH=C:\Program Files (x86)\Common Files\Oracle\Java\javapath;C:\WINDOWS\system32;C:\WINDOWS;C:\WINDOWS\System32\Wbem;C:\WINDOWS\System32\WindowsPowerShell\v1.0\;C:\WINDOWS\System32\OpenSSH\;F:\subject\JavaWeb\apache-tomcat-8.5.45\bin;F:\subject\JavaWeb\apache-tomcat-8.5.45\lib;C:\Program Files\NVIDIA Corporation\NVIDIA NvDLISR;F:\subject\JavaWeb\apache-maven-3.3.9\bin;F:\subject\JavaWeb\Gradle\gradle-6.9.1\bin;F:\subject\JavaWeb\nodejs;C:\Program Files\Java\jdk1.8.0_201\bin;C:\Program Files\MySQL\MySQL Server 8.0\bin;F:\subject\JavaWeb\env\MongoDB\bin;C:\Users\lenovo\AppData\Local\Microsoft\WindowsApps;F:\subject\PyCharm\PyCharm Community Edition 2020.3.3\bin;;F:\subject\JavaWeb\Microsoft VS Code\bin;F:\subject\JavaWeb\nodejs\node_global;
USERNAME=lenovo
OS=Windows_NT
PROCESSOR_IDENTIFIER=Intel64 Family 6 Model 158 Stepping 10, GenuineIntel



---------------  S Y S T E M  ---------------

OS: Windows 10.0 , 64 bit Build 19041 (10.0.19041.1202)

CPU:total 8 (initial active 8) (4 cores per cpu, 2 threads per core) family 6 model 158 stepping 10, cmov, cx8, fxsr, mmx, sse, sse2, sse3, ssse3, sse4.1, sse4.2, popcnt, avx, avx2, aes, clmul, erms, 3dnowpref, lzcnt, ht, tsc, tscinvbit, bmi1, bmi2, adx

Memory: 4k page, physical 8306932k(468632k free), swap 18792692k(4816100k free)

vm_info: Java HotSpot(TM) 64-Bit Server VM (25.201-b09) for windows-amd64 JRE (1.8.0_201-b09), built on Dec 15 2018 18:36:39 by "java_re" with MS VC++ 10.0 (VS2010)

time: Fri Oct 29 19:52:07 2021
timezone: 中国标准时间
elapsed time: 101 seconds (0d 0h 1m 41s)

