#
# A fatal error has been detected by the Java Runtime Environment:
#
#  EXCEPTION_ACCESS_VIOLATION (0xc0000005) at pc=0x00007ff92a89efd8, pid=1904, tid=0x00000000000066e8
#
# JRE version: Java(TM) SE Runtime Environment (8.0_201-b09) (build 1.8.0_201-b09)
# Java VM: Java HotSpot(TM) 64-Bit Server VM (25.201-b09 mixed mode windows-amd64 compressed oops)
# Problematic frame:
# C  [libarcsoft_face.dll+0xefd8]
#
# Failed to write core dump. Minidumps are not enabled by default on client versions of Windows
#
# If you would like to submit a bug report, please visit:
#   http://bugreport.java.com/bugreport/crash.jsp
# The crash happened outside the Java Virtual Machine in native code.
# See problematic frame for where to report the bug.
#

---------------  T H R E A D  ---------------

Current thread (0x000000001ebd4800):  JavaThread "http-nio-8081-exec-1" daemon [_thread_in_native, id=26344, stack(0x0000000021190000,0x0000000021390000)]

siginfo: ExceptionCode=0xc0000005, reading address 0xffffffffffffffff

Registers:
RAX=0x4228000042280000, RBX=0x00000000278bed70, RCX=0x00000000278bee20, RDX=0x00000000278cae70
RSP=0x000000002138d220, RBP=0x0000000000000001, RSI=0x00000000278bed70, RDI=0x0000000000000000
R8 =0x00000000278bee20, R9 =0x0000000000000000, R10=0x0000000000000001, R11=0x0000000000000001
R12=0x0000000000000000, R13=0x0000000000000000, R14=0x00000000278bed80, R15=0x0000000024bc8040
RIP=0x00007ff92a89efd8, EFLAGS=0x0000000000010202

Top of Stack: (sp=0x000000002138d220)
0x000000002138d220:   00000000278bee60 00000000000000f0
0x000000002138d230:   c0b112f000000040 420b0d9600000040
0x000000002138d240:   000000002258d490 00000000278bed80
0x000000002138d250:   0000000000000000 00007ff92a89b949
0x000000002138d260:   00000000278bed70 0000000000000001
0x000000002138d270:   00000000278bed70 0000000000000000
0x000000002138d280:   0000000000000001 00007ff92a899092
0x000000002138d290:   0000000000000000 0000000000000001
0x000000002138d2a0:   0000000000000040 000000002138d340
0x000000002138d2b0:   000000003edc89a5 00000000bf21a886
0x000000002138d2c0:   000000003fbc11ed 000000003f40d62f
0x000000002138d2d0:   0000000000000000 0000000000000000
0x000000002138d2e0:   000000002258d490 0000000100000000
0x000000002138d2f0:   0000000026215940 0000000000000001
0x000000002138d300:   0000000024bc8160 0000000024bc8040
0x000000002138d310:   00000000278bed70 bf21a8863edc89a5 

Instructions: (pc=0x00007ff92a89efd8)
0x00007ff92a89efb8:   24 10 48 89 74 24 18 48 89 7c 24 20 41 54 41 56
0x00007ff92a89efc8:   41 57 48 83 ec 20 48 8b 42 20 4c 8b f9 49 8b c8
0x00007ff92a89efd8:   4c 8b 60 18 44 8b 70 14 41 8b e9 49 8b d8 48 8b
0x00007ff92a89efe8:   f2 e8 02 d2 01 00 4c 8b 16 8b f8 41 83 7a 18 00 


Register to memory mapping:

RAX=0x4228000042280000 is an unknown value
RBX=0x00000000278bed70 is an unknown value
RCX=0x00000000278bee20 is an unknown value
RDX=0x00000000278cae70 is an unknown value
RSP=0x000000002138d220 is pointing into the stack for thread: 0x000000001ebd4800
RBP=0x0000000000000001 is an unknown value
RSI=0x00000000278bed70 is an unknown value
RDI=0x0000000000000000 is an unknown value
R8 =0x00000000278bee20 is an unknown value
R9 =0x0000000000000000 is an unknown value
R10=0x0000000000000001 is an unknown value
R11=0x0000000000000001 is an unknown value
R12=0x0000000000000000 is an unknown value
R13=0x0000000000000000 is an unknown value
R14=0x00000000278bed80 is an unknown value
R15=0x0000000024bc8040 is an unknown value


Stack: [0x0000000021190000,0x0000000021390000],  sp=0x000000002138d220,  free space=2036k
Native frames: (J=compiled Java code, j=interpreted, Vv=VM code, C=native code)
C  [libarcsoft_face.dll+0xefd8]
C  [libarcsoft_face.dll+0xb949]
C  [libarcsoft_face.dll+0x9092]
C  [libarcsoft_face.dll+0x89bc]
C  [libarcsoft_face.dll+0x7d0a]
C  [libarcsoft_face.dll+0x3c88]
C  [libarcsoft_face_engine.dll+0x58ca]
C  [libarcsoft_face_engine_jni.dll+0x18f6]
C  0x0000000002e68c67

Java frames: (J=compiled Java code, j=interpreted, Vv=VM code)
j  com.arcsoft.face.FaceEngine.detectFaces(J[BIIII[Lcom/arcsoft/face/FaceInfo;)I+0
j  com.arcsoft.face.FaceEngine.detectFaces([BIILcom/arcsoft/face/enums/ImageFormat;Lcom/arcsoft/face/enums/DetectModel;Ljava/util/List;)I+107
j  com.arcsoft.face.FaceEngine.detectFaces([BIILcom/arcsoft/face/enums/ImageFormat;Ljava/util/List;)I+11
j  com.tangcheng.face_corn.service.impl.faceServiceImpl.facesearch(Ljava/io/InputStream;Ljava/util/List;)Ljava/lang/String;+45
j  com.tangcheng.face_corn.controller.faceController.facesearch(Ljava/lang/String;Ljava/util/List;)Lresult/Result;+22
j  sun.reflect.GeneratedMethodAccessor67.invoke(Ljava/lang/Object;[Ljava/lang/Object;)Ljava/lang/Object;+48
J 1652 C1 sun.reflect.DelegatingMethodAccessorImpl.invoke(Ljava/lang/Object;[Ljava/lang/Object;)Ljava/lang/Object; (10 bytes) @ 0x00000000031ca964 [0x00000000031ca920+0x44]
J 1651 C1 java.lang.reflect.Method.invoke(Ljava/lang/Object;[Ljava/lang/Object;)Ljava/lang/Object; (62 bytes) @ 0x00000000031ca594 [0x00000000031ca4a0+0xf4]
j  org.springframework.web.method.support.InvocableHandlerMethod.doInvoke([Ljava/lang/Object;)Ljava/lang/Object;+32
j  org.springframework.web.method.support.InvocableHandlerMethod.invokeForRequest(Lorg/springframework/web/context/request/NativeWebRequest;Lorg/springframework/web/method/support/ModelAndViewContainer;[Ljava/lang/Object;)Ljava/lang/Object;+54
j  org.springframework.web.servlet.mvc.method.annotation.ServletInvocableHandlerMethod.invokeAndHandle(Lorg/springframework/web/context/request/ServletWebRequest;Lorg/springframework/web/method/support/ModelAndViewContainer;[Ljava/lang/Object;)V+4
j  org.springframework.web.servlet.mvc.method.annotation.RequestMappingHandlerAdapter.invokeHandlerMethod(Ljavax/servlet/http/HttpServletRequest;Ljavax/servlet/http/HttpServletResponse;Lorg/springframework/web/method/HandlerMethod;)Lorg/springframework/web/servlet/ModelAndView;+244
j  org.springframework.web.servlet.mvc.method.annotation.RequestMappingHandlerAdapter.handleInternal(Ljavax/servlet/http/HttpServletRequest;Ljavax/servlet/http/HttpServletResponse;Lorg/springframework/web/method/HandlerMethod;)Lorg/springframework/web/servlet/ModelAndView;+81
j  org.springframework.web.servlet.mvc.method.AbstractHandlerMethodAdapter.handle(Ljavax/servlet/http/HttpServletRequest;Ljavax/servlet/http/HttpServletResponse;Ljava/lang/Object;)Lorg/springframework/web/servlet/ModelAndView;+7
j  org.springframework.web.servlet.DispatcherServlet.doDispatch(Ljavax/servlet/http/HttpServletRequest;Ljavax/servlet/http/HttpServletResponse;)V+259
j  org.springframework.web.servlet.DispatcherServlet.doService(Ljavax/servlet/http/HttpServletRequest;Ljavax/servlet/http/HttpServletResponse;)V+241
j  org.springframework.web.servlet.FrameworkServlet.processRequest(Ljavax/servlet/http/HttpServletRequest;Ljavax/servlet/http/HttpServletResponse;)V+71
j  org.springframework.web.servlet.FrameworkServlet.doPost(Ljavax/servlet/http/HttpServletRequest;Ljavax/servlet/http/HttpServletResponse;)V+3
j  javax.servlet.http.HttpServlet.service(Ljavax/servlet/http/HttpServletRequest;Ljavax/servlet/http/HttpServletResponse;)V+149
j  org.springframework.web.servlet.FrameworkServlet.service(Ljavax/servlet/http/HttpServletRequest;Ljavax/servlet/http/HttpServletResponse;)V+33
j  javax.servlet.http.HttpServlet.service(Ljavax/servlet/ServletRequest;Ljavax/servlet/ServletResponse;)V+36
j  org.apache.catalina.core.ApplicationFilterChain.internalDoFilter(Ljavax/servlet/ServletRequest;Ljavax/servlet/ServletResponse;)V+304
j  org.apache.catalina.core.ApplicationFilterChain.doFilter(Ljavax/servlet/ServletRequest;Ljavax/servlet/ServletResponse;)V+99
j  org.apache.tomcat.websocket.server.WsFilter.doFilter(Ljavax/servlet/ServletRequest;Ljavax/servlet/ServletResponse;Ljavax/servlet/FilterChain;)V+21
j  org.apache.catalina.core.ApplicationFilterChain.internalDoFilter(Ljavax/servlet/ServletRequest;Ljavax/servlet/ServletResponse;)V+135
j  org.apache.catalina.core.ApplicationFilterChain.doFilter(Ljavax/servlet/ServletRequest;Ljavax/servlet/ServletResponse;)V+99
j  org.springframework.web.filter.RequestContextFilter.doFilterInternal(Ljavax/servlet/http/HttpServletRequest;Ljavax/servlet/http/HttpServletResponse;Ljavax/servlet/FilterChain;)V+21
j  org.springframework.web.filter.OncePerRequestFilter.doFilter(Ljavax/servlet/ServletRequest;Ljavax/servlet/ServletResponse;Ljavax/servlet/FilterChain;)V+147
j  org.apache.catalina.core.ApplicationFilterChain.internalDoFilter(Ljavax/servlet/ServletRequest;Ljavax/servlet/ServletResponse;)V+135
j  org.apache.catalina.core.ApplicationFilterChain.doFilter(Ljavax/servlet/ServletRequest;Ljavax/servlet/ServletResponse;)V+99
j  org.springframework.web.filter.FormContentFilter.doFilterInternal(Ljavax/servlet/http/HttpServletRequest;Ljavax/servlet/http/HttpServletResponse;Ljavax/servlet/FilterChain;)V+38
j  org.springframework.web.filter.OncePerRequestFilter.doFilter(Ljavax/servlet/ServletRequest;Ljavax/servlet/ServletResponse;Ljavax/servlet/FilterChain;)V+147
j  org.apache.catalina.core.ApplicationFilterChain.internalDoFilter(Ljavax/servlet/ServletRequest;Ljavax/servlet/ServletResponse;)V+135
j  org.apache.catalina.core.ApplicationFilterChain.doFilter(Ljavax/servlet/ServletRequest;Ljavax/servlet/ServletResponse;)V+99
j  org.springframework.web.filter.CharacterEncodingFilter.doFilterInternal(Ljavax/servlet/http/HttpServletRequest;Ljavax/servlet/http/HttpServletResponse;Ljavax/servlet/FilterChain;)V+53
j  org.springframework.web.filter.OncePerRequestFilter.doFilter(Ljavax/servlet/ServletRequest;Ljavax/servlet/ServletResponse;Ljavax/servlet/FilterChain;)V+147
j  org.apache.catalina.core.ApplicationFilterChain.internalDoFilter(Ljavax/servlet/ServletRequest;Ljavax/servlet/ServletResponse;)V+135
j  org.apache.catalina.core.ApplicationFilterChain.doFilter(Ljavax/servlet/ServletRequest;Ljavax/servlet/ServletResponse;)V+99
j  org.apache.catalina.core.StandardWrapperValve.invoke(Lorg/apache/catalina/connector/Request;Lorg/apache/catalina/connector/Response;)V+694
j  org.apache.catalina.core.StandardContextValve.invoke(Lorg/apache/catalina/connector/Request;Lorg/apache/catalina/connector/Response;)V+169
j  org.apache.catalina.authenticator.AuthenticatorBase.invoke(Lorg/apache/catalina/connector/Request;Lorg/apache/catalina/connector/Response;)V+260
j  org.apache.catalina.core.StandardHostValve.invoke(Lorg/apache/catalina/connector/Request;Lorg/apache/catalina/connector/Response;)V+128
j  org.apache.catalina.valves.ErrorReportValve.invoke(Lorg/apache/catalina/connector/Request;Lorg/apache/catalina/connector/Response;)V+6
j  org.apache.catalina.core.StandardEngineValve.invoke(Lorg/apache/catalina/connector/Request;Lorg/apache/catalina/connector/Response;)V+59
j  org.apache.catalina.connector.CoyoteAdapter.service(Lorg/apache/coyote/Request;Lorg/apache/coyote/Response;)V+199
j  org.apache.coyote.http11.Http11Processor.service(Lorg/apache/tomcat/util/net/SocketWrapperBase;)Lorg/apache/tomcat/util/net/AbstractEndpoint$Handler$SocketState;+737
j  org.apache.coyote.AbstractProcessorLight.process(Lorg/apache/tomcat/util/net/SocketWrapperBase;Lorg/apache/tomcat/util/net/SocketEvent;)Lorg/apache/tomcat/util/net/AbstractEndpoint$Handler$SocketState;+170
j  org.apache.coyote.AbstractProtocol$ConnectionHandler.process(Lorg/apache/tomcat/util/net/SocketWrapperBase;Lorg/apache/tomcat/util/net/SocketEvent;)Lorg/apache/tomcat/util/net/AbstractEndpoint$Handler$SocketState;+505
j  org.apache.tomcat.util.net.NioEndpoint$SocketProcessor.doRun()V+216
j  org.apache.tomcat.util.net.SocketProcessorBase.run()V+21
j  java.util.concurrent.ThreadPoolExecutor.runWorker(Ljava/util/concurrent/ThreadPoolExecutor$Worker;)V+95
j  java.util.concurrent.ThreadPoolExecutor$Worker.run()V+5
j  org.apache.tomcat.util.threads.TaskThread$WrappingRunnable.run()V+4
j  java.lang.Thread.run()V+11
v  ~StubRoutines::call_stub

---------------  P R O C E S S  ---------------

Java Threads: ( => current thread )
  0x000000001f36b000 JavaThread "lettuce-eventExecutorLoop-1-8" daemon [_thread_blocked, id=26652, stack(0x0000000042f90000,0x0000000043190000)]
  0x000000001f1fb000 JavaThread "lettuce-eventExecutorLoop-1-7" daemon [_thread_blocked, id=21236, stack(0x0000000042d90000,0x0000000042f90000)]
  0x000000001f1fa000 JavaThread "lettuce-eventExecutorLoop-1-6" daemon [_thread_blocked, id=16132, stack(0x0000000042b90000,0x0000000042d90000)]
  0x000000001f1f9800 JavaThread "lettuce-eventExecutorLoop-1-5" daemon [_thread_blocked, id=23808, stack(0x0000000042740000,0x0000000042940000)]
  0x000000001f1f8800 JavaThread "lettuce-eventExecutorLoop-1-4" daemon [_thread_blocked, id=25636, stack(0x0000000042540000,0x0000000042740000)]
  0x000000001f1f8000 JavaThread "lettuce-eventExecutorLoop-1-3" daemon [_thread_blocked, id=25204, stack(0x0000000042340000,0x0000000042540000)]
  0x000000001f1f0800 JavaThread "Java2D Disposer" daemon [_thread_blocked, id=7360, stack(0x0000000042140000,0x0000000042340000)]
  0x000000001f1f5800 JavaThread "idle_connection_reaper" daemon [_thread_blocked, id=10384, stack(0x0000000041d40000,0x0000000041f40000)]
  0x000000001f1f6800 JavaThread "lettuce-eventExecutorLoop-1-2" daemon [_thread_blocked, id=28240, stack(0x0000000041b40000,0x0000000041d40000)]
  0x000000001f1f7000 JavaThread "lettuce-eventExecutorLoop-1-1" daemon [_thread_blocked, id=20996, stack(0x00000000248a0000,0x0000000024aa0000)]
  0x000000001f1f5000 JavaThread "lettuce-nioEventLoop-4-1" daemon [_thread_in_native, id=16300, stack(0x0000000023390000,0x0000000023590000)]
  0x000000001f1f4000 JavaThread "DiscoveryClient-HeartbeatExecutor-0" daemon [_thread_blocked, id=13148, stack(0x0000000022f90000,0x0000000023190000)]
  0x000000001f1ef800 JavaThread "DiscoveryClient-CacheRefreshExecutor-0" daemon [_thread_blocked, id=27484, stack(0x0000000022d90000,0x0000000022f90000)]
  0x000000001f1f3800 JavaThread "DestroyJavaVM" [_thread_blocked, id=13132, stack(0x0000000002b50000,0x0000000002d50000)]
  0x000000001f1ec000 JavaThread "http-nio-8081-Acceptor" daemon [_thread_in_native, id=26688, stack(0x0000000022790000,0x0000000022990000)]
  0x000000001f1f1000 JavaThread "http-nio-8081-ClientPoller" daemon [_thread_in_native, id=27144, stack(0x0000000022590000,0x0000000022790000)]
  0x000000001f1ef000 JavaThread "http-nio-8081-exec-10" daemon [_thread_in_native, id=28352, stack(0x0000000022390000,0x0000000022590000)]
  0x000000001f1ed800 JavaThread "http-nio-8081-exec-9" daemon [_thread_blocked, id=24352, stack(0x0000000022190000,0x0000000022390000)]
  0x000000001f1ee000 JavaThread "http-nio-8081-exec-8" daemon [_thread_in_native, id=26568, stack(0x0000000021f90000,0x0000000022190000)]
  0x000000001f1ec800 JavaThread "http-nio-8081-exec-7" daemon [_thread_in_native, id=4476, stack(0x0000000021d90000,0x0000000021f90000)]
  0x000000001f1f2800 JavaThread "http-nio-8081-exec-6" daemon [_thread_blocked, id=8668, stack(0x0000000021b90000,0x0000000021d90000)]
  0x000000001f1f2000 JavaThread "http-nio-8081-exec-5" daemon [_thread_in_native, id=23196, stack(0x0000000021990000,0x0000000021b90000)]
  0x000000001ebd3800 JavaThread "http-nio-8081-exec-4" daemon [_thread_blocked, id=432, stack(0x0000000021790000,0x0000000021990000)]
  0x000000001ebd3000 JavaThread "http-nio-8081-exec-3" daemon [_thread_blocked, id=26424, stack(0x0000000021590000,0x0000000021790000)]
  0x000000001ebd2000 JavaThread "http-nio-8081-exec-2" daemon [_thread_blocked, id=28440, stack(0x0000000021390000,0x0000000021590000)]
=>0x000000001ebd4800 JavaThread "http-nio-8081-exec-1" daemon [_thread_in_native, id=26344, stack(0x0000000021190000,0x0000000021390000)]
  0x000000001ebd1800 JavaThread "http-nio-8081-BlockPoller" daemon [_thread_in_native, id=25640, stack(0x0000000020f90000,0x0000000021190000)]
  0x000000001ebd8000 JavaThread "DiscoveryClient-InstanceInfoReplicator-0" daemon [_thread_blocked, id=25564, stack(0x0000000020d90000,0x0000000020f90000)]
  0x000000001ebd7800 JavaThread "DiscoveryClient-1" daemon [_thread_blocked, id=25420, stack(0x0000000020b90000,0x0000000020d90000)]
  0x000000001ebd6800 JavaThread "DiscoveryClient-0" daemon [_thread_blocked, id=25832, stack(0x0000000020890000,0x0000000020a90000)]
  0x000000001ebd6000 JavaThread "AsyncResolver-bootstrap-0" daemon [_thread_blocked, id=14540, stack(0x0000000020290000,0x0000000020490000)]
  0x000000001ebd5000 JavaThread "spring.cloud.inetutils" daemon [_thread_blocked, id=6836, stack(0x000000001fe90000,0x0000000020090000)]
  0x000000001ae2c800 JavaThread "lettuce-timer-3-1" daemon [_thread_blocked, id=25664, stack(0x000000001e6c0000,0x000000001e8c0000)]
  0x000000001ae65800 JavaThread "container-0" [_thread_blocked, id=16076, stack(0x000000001e4c0000,0x000000001e6c0000)]
  0x000000001adec800 JavaThread "Catalina-utility-2" [_thread_blocked, id=21292, stack(0x000000001e0c0000,0x000000001e2c0000)]
  0x000000001adeb800 JavaThread "Catalina-utility-1" [_thread_blocked, id=7736, stack(0x000000001dec0000,0x000000001e0c0000)]
  0x000000001ad70000 JavaThread "Service Thread" daemon [_thread_blocked, id=17336, stack(0x000000001b740000,0x000000001b940000)]
  0x000000001acc8800 JavaThread "C1 CompilerThread3" daemon [_thread_blocked, id=17324, stack(0x000000001b640000,0x000000001b740000)]
  0x000000001acc4800 JavaThread "C2 CompilerThread2" daemon [_thread_blocked, id=17328, stack(0x000000001b540000,0x000000001b640000)]
  0x000000001acc4000 JavaThread "C2 CompilerThread1" daemon [_thread_blocked, id=17320, stack(0x000000001b440000,0x000000001b540000)]
  0x000000001acbf000 JavaThread "C2 CompilerThread0" daemon [_thread_blocked, id=17316, stack(0x000000001b340000,0x000000001b440000)]
  0x000000001acbd000 JavaThread "Monitor Ctrl-Break" daemon [_thread_in_native, id=14908, stack(0x000000001b140000,0x000000001b340000)]
  0x0000000019d78000 JavaThread "Attach Listener" daemon [_thread_blocked, id=4340, stack(0x000000001a740000,0x000000001a940000)]
  0x0000000019d77800 JavaThread "Signal Dispatcher" daemon [_thread_blocked, id=13736, stack(0x000000001a540000,0x000000001a740000)]
  0x0000000017ef4800 JavaThread "Finalizer" daemon [_thread_blocked, id=6536, stack(0x000000001a2e0000,0x000000001a4e0000)]
  0x0000000019d00800 JavaThread "Reference Handler" daemon [_thread_blocked, id=14340, stack(0x000000001a0e0000,0x000000001a2e0000)]

Other Threads:
  0x0000000017ee7800 VMThread [stack: 0x0000000019be0000,0x0000000019ce0000] [id=16160]
  0x000000001ad71000 WatcherThread [stack: 0x000000001b940000,0x000000001ba40000] [id=3812]

VM state:not at safepoint (normal execution)

VM Mutex/Monitor currently owned by a thread: None

heap address: 0x0000000080000000, size: 2048 MB, Compressed Oops mode: 32-bit
Narrow klass base: 0x0000000000000000, Narrow klass shift: 3
Compressed class space size: 1073741824 Address: 0x0000000100000000

Heap:
 PSYoungGen      total 269824K, used 117854K [0x00000000d5580000, 0x00000000f1a80000, 0x0000000100000000)
  eden space 248832K, 39% used [0x00000000d5580000,0x00000000db44ade8,0x00000000e4880000)
  from space 20992K, 99% used [0x00000000f0600000,0x00000000f1a4cce8,0x00000000f1a80000)
  to   space 28672K, 0% used [0x00000000ee280000,0x00000000ee280000,0x00000000efe80000)
 ParOldGen       total 87552K, used 34593K [0x0000000080000000, 0x0000000085580000, 0x00000000d5580000)
  object space 87552K, 39% used [0x0000000080000000,0x00000000821c86c8,0x0000000085580000)
 Metaspace       used 54683K, capacity 58342K, committed 58624K, reserved 1099776K
  class space    used 7450K, capacity 8105K, committed 8192K, reserved 1048576K

Card table byte_map: [0x0000000012210000,0x0000000012620000] byte_map_base: 0x0000000011e10000

Marking Bits: (ParMarkBitMap*) 0x0000000062244ce0
 Begin Bits: [0x00000000130d0000, 0x00000000150d0000)
 End Bits:   [0x00000000150d0000, 0x00000000170d0000)

Polling page: 0x0000000000d90000

CodeCache: size=245760Kb used=9660Kb max_used=9660Kb free=236099Kb
 bounds [0x0000000002e50000, 0x00000000037d0000, 0x0000000011e50000]
 total_blobs=5643 nmethods=5047 adapters=508
 compilation: enabled

Compilation events (10 events):
Event: 69.191 Thread 0x000000001acc8800 5185       1       org.apache.tomcat.util.net.AbstractEndpoint::isPaused (5 bytes)
Event: 69.191 Thread 0x000000001acc8800 nmethod 5185 0x00000000037bdd50 code [0x00000000037bdea0, 0x00000000037bdfb0]
Event: 69.194 Thread 0x000000001acc8800 5186   !   1       org.apache.coyote.http11.Http11InputBuffer::fill (440 bytes)
Event: 69.198 Thread 0x000000001acc8800 nmethod 5186 0x00000000037be010 code [0x00000000037be420, 0x00000000037bf468]
Event: 69.198 Thread 0x000000001acc8800 5187       1       org.apache.tomcat.util.net.NioEndpoint$NioSocketWrapper::read (185 bytes)
Event: 69.199 Thread 0x000000001acc8800 nmethod 5187 0x00000000037c05d0 code [0x00000000037c0880, 0x00000000037c11f8]
Event: 69.199 Thread 0x000000001acc8800 5188       1       org.springframework.beans.PropertyEditorRegistrySupport::getConversionService (5 bytes)
Event: 69.199 Thread 0x000000001acc8800 nmethod 5188 0x00000000037c1b90 code [0x00000000037c1ce0, 0x00000000037c1df0]
Event: 69.203 Thread 0x000000001acc8800 5189       1       javax.imageio.stream.ImageInputStreamImpl::seek (34 bytes)
Event: 69.203 Thread 0x000000001acc8800 nmethod 5189 0x00000000037c1e50 code [0x00000000037c1fc0, 0x00000000037c2238]

GC Heap History (10 events):
Event: 3.299 GC heap before
{Heap before GC invocations=6 (full 0):
 PSYoungGen      total 71680K, used 71650K [0x00000000d5580000, 0x00000000deb80000, 0x0000000100000000)
  eden space 66560K, 100% used [0x00000000d5580000,0x00000000d9680000,0x00000000d9680000)
  from space 5120K, 99% used [0x00000000d9680000,0x00000000d9b78978,0x00000000d9b80000)
  to   space 10240K, 0% used [0x00000000de180000,0x00000000de180000,0x00000000deb80000)
 ParOldGen       total 87552K, used 7630K [0x0000000080000000, 0x0000000085580000, 0x00000000d5580000)
  object space 87552K, 8% used [0x0000000080000000,0x00000000807738a0,0x0000000085580000)
 Metaspace       used 21694K, capacity 22748K, committed 23040K, reserved 1069056K
  class space    used 2967K, capacity 3212K, committed 3328K, reserved 1048576K
Event: 3.312 GC heap after
Heap after GC invocations=6 (full 0):
 PSYoungGen      total 141312K, used 10219K [0x00000000d5580000, 0x00000000def80000, 0x0000000100000000)
  eden space 131072K, 0% used [0x00000000d5580000,0x00000000d5580000,0x00000000dd580000)
  from space 10240K, 99% used [0x00000000de180000,0x00000000deb7ad20,0x00000000deb80000)
  to   space 12288K, 0% used [0x00000000dd580000,0x00000000dd580000,0x00000000de180000)
 ParOldGen       total 87552K, used 8773K [0x0000000080000000, 0x0000000085580000, 0x00000000d5580000)
  object space 87552K, 10% used [0x0000000080000000,0x00000000808917a8,0x0000000085580000)
 Metaspace       used 21694K, capacity 22748K, committed 23040K, reserved 1069056K
  class space    used 2967K, capacity 3212K, committed 3328K, reserved 1048576K
}
Event: 4.587 GC heap before
{Heap before GC invocations=7 (full 0):
 PSYoungGen      total 141312K, used 141291K [0x00000000d5580000, 0x00000000def80000, 0x0000000100000000)
  eden space 131072K, 100% used [0x00000000d5580000,0x00000000dd580000,0x00000000dd580000)
  from space 10240K, 99% used [0x00000000de180000,0x00000000deb7ad20,0x00000000deb80000)
  to   space 12288K, 0% used [0x00000000dd580000,0x00000000dd580000,0x00000000de180000)
 ParOldGen       total 87552K, used 8773K [0x0000000080000000, 0x0000000085580000, 0x00000000d5580000)
  object space 87552K, 10% used [0x0000000080000000,0x00000000808917a8,0x0000000085580000)
 Metaspace       used 27223K, capacity 28644K, committed 28928K, reserved 1075200K
  class space    used 3745K, capacity 4038K, committed 4096K, reserved 1048576K
Event: 4.602 GC heap after
Heap after GC invocations=7 (full 0):
 PSYoungGen      total 143360K, used 12267K [0x00000000d5580000, 0x00000000e7580000, 0x0000000100000000)
  eden space 131072K, 0% used [0x00000000d5580000,0x00000000d5580000,0x00000000dd580000)
  from space 12288K, 99% used [0x00000000dd580000,0x00000000de17acd8,0x00000000de180000)
  to   space 16384K, 0% used [0x00000000e6580000,0x00000000e6580000,0x00000000e7580000)
 ParOldGen       total 87552K, used 13111K [0x0000000080000000, 0x0000000085580000, 0x00000000d5580000)
  object space 87552K, 14% used [0x0000000080000000,0x0000000080ccde80,0x0000000085580000)
 Metaspace       used 27223K, capacity 28644K, committed 28928K, reserved 1075200K
  class space    used 3745K, capacity 4038K, committed 4096K, reserved 1048576K
}
Event: 6.646 GC heap before
{Heap before GC invocations=8 (full 0):
 PSYoungGen      total 143360K, used 143339K [0x00000000d5580000, 0x00000000e7580000, 0x0000000100000000)
  eden space 131072K, 100% used [0x00000000d5580000,0x00000000dd580000,0x00000000dd580000)
  from space 12288K, 99% used [0x00000000dd580000,0x00000000de17acd8,0x00000000de180000)
  to   space 16384K, 0% used [0x00000000e6580000,0x00000000e6580000,0x00000000e7580000)
 ParOldGen       total 87552K, used 13111K [0x0000000080000000, 0x0000000085580000, 0x00000000d5580000)
  object space 87552K, 14% used [0x0000000080000000,0x0000000080ccde80,0x0000000085580000)
 Metaspace       used 34656K, capacity 36928K, committed 36992K, reserved 1081344K
  class space    used 4773K, capacity 5218K, committed 5248K, reserved 1048576K
Event: 6.662 GC heap after
Heap after GC invocations=8 (full 0):
 PSYoungGen      total 276480K, used 15713K [0x00000000d5580000, 0x00000000e7980000, 0x0000000100000000)
  eden space 260096K, 0% used [0x00000000d5580000,0x00000000d5580000,0x00000000e5380000)
  from space 16384K, 95% used [0x00000000e6580000,0x00000000e74d8400,0x00000000e7580000)
  to   space 18432K, 0% used [0x00000000e5380000,0x00000000e5380000,0x00000000e6580000)
 ParOldGen       total 87552K, used 14350K [0x0000000080000000, 0x0000000085580000, 0x00000000d5580000)
  object space 87552K, 16% used [0x0000000080000000,0x0000000080e039a8,0x0000000085580000)
 Metaspace       used 34656K, capacity 36928K, committed 36992K, reserved 1081344K
  class space    used 4773K, capacity 5218K, committed 5248K, reserved 1048576K
}
Event: 41.643 GC heap before
{Heap before GC invocations=9 (full 0):
 PSYoungGen      total 276480K, used 275809K [0x00000000d5580000, 0x00000000e7980000, 0x0000000100000000)
  eden space 260096K, 100% used [0x00000000d5580000,0x00000000e5380000,0x00000000e5380000)
  from space 16384K, 95% used [0x00000000e6580000,0x00000000e74d8400,0x00000000e7580000)
  to   space 18432K, 0% used [0x00000000e5380000,0x00000000e5380000,0x00000000e6580000)
 ParOldGen       total 87552K, used 14350K [0x0000000080000000, 0x0000000085580000, 0x00000000d5580000)
  object space 87552K, 16% used [0x0000000080000000,0x0000000080e039a8,0x0000000085580000)
 Metaspace       used 51772K, capacity 55198K, committed 55424K, reserved 1097728K
  class space    used 7088K, capacity 7703K, committed 7808K, reserved 1048576K
Event: 41.666 GC heap after
Heap after GC invocations=9 (full 0):
 PSYoungGen      total 278528K, used 18400K [0x00000000d5580000, 0x00000000f2000000, 0x0000000100000000)
  eden space 260096K, 0% used [0x00000000d5580000,0x00000000d5580000,0x00000000e5380000)
  from space 18432K, 99% used [0x00000000e5380000,0x00000000e65780e0,0x00000000e6580000)
  to   space 26624K, 0% used [0x00000000f0600000,0x00000000f0600000,0x00000000f2000000)
 ParOldGen       total 87552K, used 28193K [0x0000000080000000, 0x0000000085580000, 0x00000000d5580000)
  object space 87552K, 32% used [0x0000000080000000,0x0000000081b885f8,0x0000000085580000)
 Metaspace       used 51772K, capacity 55198K, committed 55424K, reserved 1097728K
  class space    used 7088K, capacity 7703K, committed 7808K, reserved 1048576K
}
Event: 56.493 GC heap before
{Heap before GC invocations=10 (full 0):
 PSYoungGen      total 278528K, used 278405K [0x00000000d5580000, 0x00000000f2000000, 0x0000000100000000)
  eden space 260096K, 99% used [0x00000000d5580000,0x00000000e53693a8,0x00000000e5380000)
  from space 18432K, 99% used [0x00000000e5380000,0x00000000e65780e0,0x00000000e6580000)
  to   space 26624K, 0% used [0x00000000f0600000,0x00000000f0600000,0x00000000f2000000)
 ParOldGen       total 87552K, used 28193K [0x0000000080000000, 0x0000000085580000, 0x00000000d5580000)
  object space 87552K, 32% used [0x0000000080000000,0x0000000081b885f8,0x0000000085580000)
 Metaspace       used 54529K, capacity 58158K, committed 58368K, reserved 1099776K
  class space    used 7430K, capacity 8069K, committed 8192K, reserved 1048576K
Event: 56.521 GC heap after
Heap after GC invocations=10 (full 0):
 PSYoungGen      total 269824K, used 20787K [0x00000000d5580000, 0x00000000f1a80000, 0x0000000100000000)
  eden space 248832K, 0% used [0x00000000d5580000,0x00000000d5580000,0x00000000e4880000)
  from space 20992K, 99% used [0x00000000f0600000,0x00000000f1a4cce8,0x00000000f1a80000)
  to   space 28672K, 0% used [0x00000000ee280000,0x00000000ee280000,0x00000000efe80000)
 ParOldGen       total 87552K, used 34593K [0x0000000080000000, 0x0000000085580000, 0x00000000d5580000)
  object space 87552K, 39% used [0x0000000080000000,0x00000000821c86c8,0x0000000085580000)
 Metaspace       used 54529K, capacity 58158K, committed 58368K, reserved 1099776K
  class space    used 7430K, capacity 8069K, committed 8192K, reserved 1048576K
}

Deoptimization events (0 events):
No events

Classes redefined (0 events):
No events

Internal exceptions (10 events):
Event: 56.439 Thread 0x000000001f1ef000 Exception <a 'java/lang/reflect/InvocationTargetException'> (0x00000000e4f8de78) thrown at [C:\re\workspace\8-2-build-windows-amd64-cygwin\jdk8u201\12322\hotspot\src\share\vm\runtime\reflection.cpp, line 1092]
Event: 56.441 Thread 0x000000001f1ed800 Exception <a 'java/lang/reflect/InvocationTargetException'> (0x00000000e51b3938) thrown at [C:\re\workspace\8-2-build-windows-amd64-cygwin\jdk8u201\12322\hotspot\src\share\vm\runtime\reflection.cpp, line 1092]
Event: 56.447 Thread 0x000000001ebd4800 Exception <a 'java/lang/NoSuchMethodError': java.lang.Object.lambda$invoke$0()Ljava/lang/Object;> (0x00000000e4b70c28) thrown at [C:\re\workspace\8-2-build-windows-amd64-cygwin\jdk8u201\12322\hotspot\src\share\vm\interpreter\linkResolver.cpp, line 620]
Event: 56.468 Thread 0x000000001ebd4800 Exception <a 'java/lang/ArrayIndexOutOfBoundsException'> (0x00000000e4ba3950) thrown at [C:\re\workspace\8-2-build-windows-amd64-cygwin\jdk8u201\12322\hotspot\src\share\vm\runtime\sharedRuntime.cpp, line 605]
Event: 56.472 Thread 0x000000001ebd4800 Exception <a 'java/lang/ArrayIndexOutOfBoundsException'> (0x00000000e4ba5678) thrown at [C:\re\workspace\8-2-build-windows-amd64-cygwin\jdk8u201\12322\hotspot\src\share\vm\runtime\sharedRuntime.cpp, line 605]
Event: 56.472 Thread 0x000000001ebd4800 Exception <a 'java/lang/ArrayIndexOutOfBoundsException'> (0x00000000e4ba6ac0) thrown at [C:\re\workspace\8-2-build-windows-amd64-cygwin\jdk8u201\12322\hotspot\src\share\vm\runtime\sharedRuntime.cpp, line 605]
Event: 56.474 Thread 0x000000001ebd4800 Exception <a 'java/lang/ArrayIndexOutOfBoundsException'> (0x00000000e4bac870) thrown at [C:\re\workspace\8-2-build-windows-amd64-cygwin\jdk8u201\12322\hotspot\src\share\vm\runtime\sharedRuntime.cpp, line 605]
Event: 56.548 Thread 0x000000001f1ed800 Exception <a 'java/lang/ArrayIndexOutOfBoundsException'> (0x00000000d57369e8) thrown at [C:\re\workspace\8-2-build-windows-amd64-cygwin\jdk8u201\12322\hotspot\src\share\vm\runtime\sharedRuntime.cpp, line 605]
Event: 56.548 Thread 0x000000001f1ef000 Exception <a 'java/lang/ArrayIndexOutOfBoundsException'> (0x00000000d566f210) thrown at [C:\re\workspace\8-2-build-windows-amd64-cygwin\jdk8u201\12322\hotspot\src\share\vm\runtime\sharedRuntime.cpp, line 605]
Event: 63.786 Thread 0x000000001f1f2000 Exception <a 'java/lang/reflect/InvocationTargetException'> (0x00000000d71104d0) thrown at [C:\re\workspace\8-2-build-windows-amd64-cygwin\jdk8u201\12322\hotspot\src\share\vm\runtime\reflection.cpp, line 1092]

Events (10 events):
Event: 65.617 Executing VM operation: RevokeBias
Event: 65.617 Executing VM operation: RevokeBias done
Event: 66.110 loading class org/apache/catalina/Session
Event: 66.110 loading class org/apache/catalina/Session done
Event: 68.466 Executing VM operation: RevokeBias
Event: 68.466 Executing VM operation: RevokeBias done
Event: 68.531 Executing VM operation: RevokeBias
Event: 68.532 Executing VM operation: RevokeBias done
Event: 68.532 Executing VM operation: BulkRevokeBias
Event: 68.533 Executing VM operation: BulkRevokeBias done


Dynamic libraries:
0x00007ff7616e0000 - 0x00007ff761717000 	C:\Program Files\Java\jdk1.8.0_201\bin\java.exe
0x00007ff98abf0000 - 0x00007ff98ade5000 	C:\WINDOWS\SYSTEM32\ntdll.dll
0x00007ff989f30000 - 0x00007ff989fee000 	C:\WINDOWS\System32\KERNEL32.DLL
0x00007ff9886b0000 - 0x00007ff988979000 	C:\WINDOWS\System32\KERNELBASE.dll
0x00007ff988ea0000 - 0x00007ff988f4c000 	C:\WINDOWS\System32\ADVAPI32.dll
0x00007ff98a020000 - 0x00007ff98a0be000 	C:\WINDOWS\System32\msvcrt.dll
0x00007ff9897e0000 - 0x00007ff98987b000 	C:\WINDOWS\System32\sechost.dll
0x00007ff98a890000 - 0x00007ff98a9ba000 	C:\WINDOWS\System32\RPCRT4.dll
0x00007ff98a4e0000 - 0x00007ff98a681000 	C:\WINDOWS\System32\USER32.dll
0x00007ff988680000 - 0x00007ff9886a2000 	C:\WINDOWS\System32\win32u.dll
0x00007ff989ff0000 - 0x00007ff98a01b000 	C:\WINDOWS\System32\GDI32.dll
0x00007ff988470000 - 0x00007ff98857b000 	C:\WINDOWS\System32\gdi32full.dll
0x00007ff988980000 - 0x00007ff988a1d000 	C:\WINDOWS\System32\msvcp_win.dll
0x00007ff988370000 - 0x00007ff988470000 	C:\WINDOWS\System32\ucrtbase.dll
0x00007ff97a810000 - 0x00007ff97aaaa000 	C:\WINDOWS\WinSxS\amd64_microsoft.windows.common-controls_6595b64144ccf1df_6.0.19041.1110_none_60b5254171f9507e\COMCTL32.dll
0x00007ff9897b0000 - 0x00007ff9897e0000 	C:\WINDOWS\System32\IMM32.DLL
0x0000000063100000 - 0x00000000631d1000 	C:\Program Files\Java\jdk1.8.0_201\jre\bin\msvcr100.dll
0x0000000061a20000 - 0x00000000622c4000 	C:\Program Files\Java\jdk1.8.0_201\jre\bin\server\jvm.dll
0x00007ff988da0000 - 0x00007ff988da8000 	C:\WINDOWS\System32\PSAPI.DLL
0x00007ff966d50000 - 0x00007ff966d59000 	C:\WINDOWS\SYSTEM32\WSOCK32.dll
0x00007ff97f260000 - 0x00007ff97f26a000 	C:\WINDOWS\SYSTEM32\VERSION.dll
0x00007ff97c330000 - 0x00007ff97c357000 	C:\WINDOWS\SYSTEM32\WINMM.dll
0x00007ff989a40000 - 0x00007ff989aab000 	C:\WINDOWS\System32\WS2_32.dll
0x00007ff981d40000 - 0x00007ff981d4f000 	C:\Program Files\Java\jdk1.8.0_201\jre\bin\verify.dll
0x00007ff981b60000 - 0x00007ff981b89000 	C:\Program Files\Java\jdk1.8.0_201\jre\bin\java.dll
0x00007ff96e070000 - 0x00007ff96e093000 	C:\Program Files\Java\jdk1.8.0_201\jre\bin\instrument.dll
0x00007ff981d20000 - 0x00007ff981d36000 	C:\Program Files\Java\jdk1.8.0_201\jre\bin\zip.dll
0x00007ff989070000 - 0x00007ff9897af000 	C:\WINDOWS\System32\SHELL32.dll
0x00007ff986050000 - 0x00007ff9867e0000 	C:\WINDOWS\SYSTEM32\windows.storage.dll
0x00007ff98a120000 - 0x00007ff98a475000 	C:\WINDOWS\System32\combase.dll
0x00007ff987d60000 - 0x00007ff987d8c000 	C:\WINDOWS\SYSTEM32\Wldp.dll
0x00007ff98a690000 - 0x00007ff98a73d000 	C:\WINDOWS\System32\SHCORE.dll
0x00007ff98a9c0000 - 0x00007ff98aa15000 	C:\WINDOWS\System32\shlwapi.dll
0x00007ff988250000 - 0x00007ff98826f000 	C:\WINDOWS\SYSTEM32\profapi.dll
0x00007ff969460000 - 0x00007ff96947a000 	F:\subject\IDEA 2018_sssam.com\IntelliJ IDEA 2018.2.4\bin\breakgen64.dll
0x00007ff9680b0000 - 0x00007ff9680ca000 	C:\Program Files\Java\jdk1.8.0_201\jre\bin\net.dll
0x00007ff9763e0000 - 0x00007ff9765cb000 	C:\WINDOWS\SYSTEM32\urlmon.dll
0x00007ff976910000 - 0x00007ff976bc0000 	C:\WINDOWS\SYSTEM32\iertutil.dll
0x00007ff9763b0000 - 0x00007ff9763d8000 	C:\WINDOWS\SYSTEM32\srvcli.dll
0x00007ff987910000 - 0x00007ff98791c000 	C:\WINDOWS\SYSTEM32\netutils.dll
0x00007ff987ac0000 - 0x00007ff987b2a000 	C:\WINDOWS\system32\mswsock.dll
0x00007ff987760000 - 0x00007ff98779b000 	C:\WINDOWS\SYSTEM32\IPHLPAPI.DLL
0x00007ff988e90000 - 0x00007ff988e98000 	C:\WINDOWS\System32\NSI.dll
0x00007ff97d810000 - 0x00007ff97d827000 	C:\WINDOWS\SYSTEM32\dhcpcsvc6.DLL
0x00007ff97e0f0000 - 0x00007ff97e10d000 	C:\WINDOWS\SYSTEM32\dhcpcsvc.DLL
0x00007ff9877a0000 - 0x00007ff98786c000 	C:\WINDOWS\SYSTEM32\DNSAPI.dll
0x00007ff97fd70000 - 0x00007ff97fd7a000 	C:\Windows\System32\rasadhlp.dll
0x00007ff9783b0000 - 0x00007ff97842f000 	C:\WINDOWS\System32\fwpuclnt.dll
0x00007ff988a20000 - 0x00007ff988a47000 	C:\WINDOWS\System32\bcrypt.dll
0x00007ff983170000 - 0x00007ff98317d000 	C:\Program Files\Java\jdk1.8.0_201\jre\bin\management.dll
0x00007ff96aae0000 - 0x00007ff96aaf7000 	C:\WINDOWS\system32\napinsp.dll
0x00007ff96aac0000 - 0x00007ff96aadb000 	C:\WINDOWS\system32\pnrpnsp.dll
0x00007ff9823c0000 - 0x00007ff9823d5000 	C:\WINDOWS\system32\wshbth.dll
0x00007ff983060000 - 0x00007ff98307d000 	C:\WINDOWS\system32\NLAapi.dll
0x00007ff96aaa0000 - 0x00007ff96aab2000 	C:\WINDOWS\System32\winrnr.dll
0x00007ff968090000 - 0x00007ff9680a1000 	C:\Program Files\Java\jdk1.8.0_201\jre\bin\nio.dll
0x00007ff987cb0000 - 0x00007ff987cc8000 	C:\WINDOWS\SYSTEM32\CRYPTSP.dll
0x00007ff9873d0000 - 0x00007ff987404000 	C:\WINDOWS\system32\rsaenh.dll
0x00007ff988210000 - 0x00007ff98823e000 	C:\WINDOWS\SYSTEM32\USERENV.dll
0x00007ff988a50000 - 0x00007ff988ad3000 	C:\WINDOWS\System32\bcryptprimitives.dll
0x00007ff987cd0000 - 0x00007ff987cdc000 	C:\WINDOWS\SYSTEM32\CRYPTBASE.dll
0x00007ff9686b0000 - 0x00007ff9686d4000 	C:\Program Files\Java\jdk1.8.0_201\jre\bin\sunec.dll
0x00007ff92a890000 - 0x00007ff92d6cd000 	C:\Users\lenovo\Desktop\Face-recognition-main\ArcSoft_ArcFace_Java_Windows_x64_V3.0\libs\WIN64\libarcsoft_face.dll
0x00007ff96d390000 - 0x00007ff96d436000 	C:\WINDOWS\SYSTEM32\MSVCP120.dll
0x00007ff96d2a0000 - 0x00007ff96d38f000 	C:\WINDOWS\SYSTEM32\MSVCR120.dll
0x00007ff968630000 - 0x00007ff9686af000 	C:\Users\lenovo\Desktop\Face-recognition-main\ArcSoft_ArcFace_Java_Windows_x64_V3.0\libs\WIN64\libarcsoft_face_engine.dll
0x00007ff98aaa0000 - 0x00007ff98aaf6000 	C:\WINDOWS\System32\WLDAP32.dll
0x00007ff969570000 - 0x00007ff969595000 	C:\Users\lenovo\Desktop\Face-recognition-main\ArcSoft_ArcFace_Java_Windows_x64_V3.0\libs\WIN64\libarcsoft_face_engine_jni.dll
0x00007ff944330000 - 0x00007ff9444c9000 	C:\Program Files\Java\jdk1.8.0_201\jre\bin\awt.dll
0x00007ff988c40000 - 0x00007ff988d0d000 	C:\WINDOWS\System32\OLEAUT32.dll
0x00007ff984970000 - 0x00007ff984a00000 	C:\WINDOWS\SYSTEM32\apphelp.dll
0x00007ff9685f0000 - 0x00007ff968621000 	C:\Program Files\Java\jdk1.8.0_201\jre\bin\jpeg.dll
0x00007ff95cd80000 - 0x00007ff95cdbe000 	C:\Program Files\Java\jdk1.8.0_201\jre\bin\lcms.dll
0x00007ff9868b0000 - 0x00007ff986a94000 	C:\WINDOWS\SYSTEM32\dbghelp.dll

VM Arguments:
jvm_args: -Xmx2048m -XX:MetaspaceSize=512m -XX:MaxMetaspaceSize=768m -Xss2m -XX:TieredStopAtLevel=1 -Xverify:none -Dspring.output.ansi.enabled=always -javaagent:F:\subject\IDEA 2018_sssam.com\IntelliJ IDEA 2018.2.4\lib\idea_rt.jar=51839:F:\subject\IDEA 2018_sssam.com\IntelliJ IDEA 2018.2.4\bin -Dfile.encoding=UTF-8 
java_command: com.tangcheng.face_corn.FaceCornApplication
java_class_path (initial): C:\Program Files\Java\jdk1.8.0_201\jre\lib\charsets.jar;C:\Program Files\Java\jdk1.8.0_201\jre\lib\deploy.jar;C:\Program Files\Java\jdk1.8.0_201\jre\lib\ext\access-bridge-64.jar;C:\Program Files\Java\jdk1.8.0_201\jre\lib\ext\cldrdata.jar;C:\Program Files\Java\jdk1.8.0_201\jre\lib\ext\dnsns.jar;C:\Program Files\Java\jdk1.8.0_201\jre\lib\ext\jaccess.jar;C:\Program Files\Java\jdk1.8.0_201\jre\lib\ext\jfxrt.jar;C:\Program Files\Java\jdk1.8.0_201\jre\lib\ext\localedata.jar;C:\Program Files\Java\jdk1.8.0_201\jre\lib\ext\nashorn.jar;C:\Program Files\Java\jdk1.8.0_201\jre\lib\ext\sunec.jar;C:\Program Files\Java\jdk1.8.0_201\jre\lib\ext\sunjce_provider.jar;C:\Program Files\Java\jdk1.8.0_201\jre\lib\ext\sunmscapi.jar;C:\Program Files\Java\jdk1.8.0_201\jre\lib\ext\sunpkcs11.jar;C:\Program Files\Java\jdk1.8.0_201\jre\lib\ext\zipfs.jar;C:\Program Files\Java\jdk1.8.0_201\jre\lib\javaws.jar;C:\Program Files\Java\jdk1.8.0_201\jre\lib\jce.jar;C:\Program Files\Java\jdk1.8.0_201\jre\lib\jfr.jar;C:\Program Files\Java\jdk1.8.0_201\jre\lib\jfxswt.jar;C:\Program Files\Java\jdk1.8.0_201\jre\lib\jsse.jar;C:\Program Files\Java\jdk1.8.0_201\jre\lib\management-agent.jar;C:\Program Files\Java\jdk1.8.0_201\jre\lib\plugin.jar;C:\Program Files\Java\jdk1.8.0_201\jre\lib\resources.jar;C:\Program Files\Java\jdk1.8.0_201\jre\lib\rt.jar;C:\Users\lenovo\Desktop\Face-recognition-main\facesystem\face_corn\target\classes;C:\Users\lenovo\Desktop\Face-recognition-main\facesystem\common\target\classes;F:\subject\JavaWeb\maven-l\com\auth0\java-jwt\3.4.0\java-jwt-3.4.0.jar;F:\subject\JavaWeb\maven-l\commons-codec\commons-codec\1.15\commons-codec-1.15.jar;F:\subject\JavaWeb\maven-l\com\aliyun\oss\aliyun-sdk-oss\3.12.0\aliyun-sdk-oss-3.12.0.jar;F:\subject\JavaWeb\maven-l\org\apache\httpcomponents\httpclient\4.5.13\httpclient-4.5.13.jar;F:\subject\JavaWeb\maven-l\org\apache\httpcomponents\httpcore\4.4.14\httpcore-4.4.14.jar;F:\subject\JavaWeb\maven-l\org\jdom\jdom2\2.0.6\jdom2-2.0.6.ja
Launcher Type: SUN_STANDARD

Environment Variables:
JAVA_HOME=C:\Program Files\Java\jdk1.8.0_201
CLASSPATH=.;C:\Program Files\Java\jdk1.8.0_201\lib\dt.jar,C:\Program Files\Java\jdk1.8.0_201\lib\tools.jar;F:\subject\JavaWeb\apache-tomcat-8.5.45\lib\servlet-api.jar
PATH=C:\Program Files (x86)\Common Files\Oracle\Java\javapath;C:\WINDOWS\system32;C:\WINDOWS;C:\WINDOWS\System32\Wbem;C:\WINDOWS\System32\WindowsPowerShell\v1.0\;C:\WINDOWS\System32\OpenSSH\;F:\subject\JavaWeb\apache-tomcat-8.5.45\bin;F:\subject\JavaWeb\apache-tomcat-8.5.45\lib;C:\Program Files\NVIDIA Corporation\NVIDIA NvDLISR;F:\subject\JavaWeb\apache-maven-3.3.9\bin;F:\subject\JavaWeb\Gradle\gradle-6.9.1\bin;F:\subject\JavaWeb\nodejs;C:\Program Files\Java\jdk1.8.0_201\bin;C:\Program Files\MySQL\MySQL Server 8.0\bin;F:\subject\JavaWeb\env\MongoDB\bin;C:\Users\lenovo\AppData\Local\Microsoft\WindowsApps;F:\subject\PyCharm\PyCharm Community Edition 2020.3.3\bin;;F:\subject\JavaWeb\Microsoft VS Code\bin;F:\subject\JavaWeb\nodejs\node_global;
USERNAME=lenovo
OS=Windows_NT
PROCESSOR_IDENTIFIER=Intel64 Family 6 Model 158 Stepping 10, GenuineIntel



---------------  S Y S T E M  ---------------

OS: Windows 10.0 , 64 bit Build 19041 (10.0.19041.1202)

CPU:total 8 (initial active 8) (4 cores per cpu, 2 threads per core) family 6 model 158 stepping 10, cmov, cx8, fxsr, mmx, sse, sse2, sse3, ssse3, sse4.1, sse4.2, popcnt, avx, avx2, aes, clmul, erms, 3dnowpref, lzcnt, ht, tsc, tscinvbit, bmi1, bmi2, adx

Memory: 4k page, physical 8306932k(437252k free), swap 19857044k(2293600k free)

vm_info: Java HotSpot(TM) 64-Bit Server VM (25.201-b09) for windows-amd64 JRE (1.8.0_201-b09), built on Dec 15 2018 18:36:39 by "java_re" with MS VC++ 10.0 (VS2010)

time: Fri Nov 05 00:52:48 2021
timezone: 中国标准时间
elapsed time: 69 seconds (0d 0h 1m 9s)

