#
# A fatal error has been detected by the Java Runtime Environment:
#
#  EXCEPTION_ACCESS_VIOLATION (0xc0000005) at pc=0x00007ff92154e0e5, pid=11772, tid=0x0000000000003ad8
#
# JRE version: Java(TM) SE Runtime Environment (8.0_201-b09) (build 1.8.0_201-b09)
# Java VM: Java HotSpot(TM) 64-Bit Server VM (25.201-b09 mixed mode windows-amd64 compressed oops)
# Problematic frame:
# C  [libarcsoft_face.dll+0xe0e5]
#
# Failed to write core dump. Minidumps are not enabled by default on client versions of Windows
#
# If you would like to submit a bug report, please visit:
#   http://bugreport.java.com/bugreport/crash.jsp
# The crash happened outside the Java Virtual Machine in native code.
# See problematic frame for where to report the bug.
#

---------------  T H R E A D  ---------------

Current thread (0x000000001e091000):  JavaThread "http-nio-8081-exec-8" daemon [_thread_in_native, id=15064, stack(0x0000000020c80000,0x0000000020d80000)]

siginfo: ExceptionCode=0xc0000005, writing address 0xfffffffe25ab4e60

Registers:
RAX=0x00000000000000df, RBX=0x0000000080002000, RCX=0x00000000000000de, RDX=0xffffffff80000000
RSP=0x0000000020d7cfd0, RBP=0x0000000080000000, RSI=0x0000000000000140, RDI=0x0000000080000000
R8 =0x00000000000000ff, R9 =0x0000000000000000, R10=0x0000000080001000, R11=0x0000000025ab4e60
R12=0x0000000000000040, R13=0x0000000000000040, R14=0x0000000000000000, R15=0x000000001e52bea0
RIP=0x00007ff92154e0e5, EFLAGS=0x0000000000010202

Top of Stack: (sp=0x0000000020d7cfd0)
0x0000000020d7cfd0:   0000000000000000 0000000000002000
0x0000000020d7cfe0:   0000000000000010 0000000000000040
0x0000000020d7cff0:   0000000000000000 0000000025ac1780
0x0000000020d7d000:   0000000020d7d110 00007ff92154c5f2
0x0000000020d7d010:   0000000000000000 00007ff9215517a3
0x0000000020d7d020:   0000000025b1c6f0 0000000025b1c660
0x0000000020d7d030:   0000000080000000 00000000000000de
0x0000000020d7d040:   00000000000000df 00000000000000d6
0x0000000020d7d050:   0000000000000000 0000000000000000
0x0000000020d7d060:   0000000000000040 00000000000003c0
0x0000000020d7d070:   0000000000000000 0000000000000000
0x0000000020d7d080:   0000000000000040 0000000020d7d1a8
0x0000000020d7d090:   0000000000000000 0000000000000040
0x0000000020d7d0a0:   0000000000000040 0000000025ab4e60
0x0000000020d7d0b0:   0000000020f7d290 00007ff92154bf04
0x0000000020d7d0c0:   0000000080000000 00007ff9000000f0 

Instructions: (pc=0x00007ff92154e0e5)
0x00007ff92154e0c5:   0f 4f c8 45 33 c9 85 c9 41 0f 48 c9 41 3b c0 41
0x00007ff92154e0d5:   0f 4f c0 85 c0 41 0f 48 c1 66 0f 6e c1 0f 5b c0
0x00007ff92154e0e5:   f3 41 0f 11 04 93 66 0f 6e c0 49 63 c2 0f 5b c0
0x00007ff92154e0f5:   f3 41 0f 11 04 83 8b 44 24 78 eb 51 83 f9 01 75 


Register to memory mapping:

RAX=0x00000000000000df is an unknown value
RBX=0x0000000080002000 is an unknown value
RCX=0x00000000000000de is an unknown value
RDX=0xffffffff80000000 is an unknown value
RSP=0x0000000020d7cfd0 is pointing into the stack for thread: 0x000000001e091000
RBP=0x0000000080000000 is an unknown value
RSI=0x0000000000000140 is an unknown value
RDI=0x0000000080000000 is an unknown value
R8 =0x00000000000000ff is an unknown value
R9 =0x0000000000000000 is an unknown value
R10=0x0000000080001000 is an unknown value
R11=0x0000000025ab4e60 is an unknown value
R12=0x0000000000000040 is an unknown value
R13=0x0000000000000040 is an unknown value
R14=0x0000000000000000 is an unknown value
R15=0x000000001e52bea0 is an unknown value


Stack: [0x0000000020c80000,0x0000000020d80000],  sp=0x0000000020d7cfd0,  free space=1011k
Native frames: (J=compiled Java code, j=interpreted, Vv=VM code, C=native code)
C  [libarcsoft_face.dll+0xe0e5]
C  [libarcsoft_face.dll+0xc5f2]
C  [libarcsoft_face.dll+0xbf04]
C  [libarcsoft_face.dll+0x9049]
C  [libarcsoft_face.dll+0x89bc]
C  [libarcsoft_face.dll+0x7d0a]
C  [libarcsoft_face.dll+0x3c88]
C  [libarcsoft_face_engine.dll+0x58ca]
C  [libarcsoft_face_engine_jni.dll+0x18f6]
C  0x0000000002a28c67

Java frames: (J=compiled Java code, j=interpreted, Vv=VM code)
j  com.arcsoft.face.FaceEngine.detectFaces(J[BIIII[Lcom/arcsoft/face/FaceInfo;)I+0
j  com.arcsoft.face.FaceEngine.detectFaces([BIILcom/arcsoft/face/enums/ImageFormat;Lcom/arcsoft/face/enums/DetectModel;Ljava/util/List;)I+107
j  com.arcsoft.face.FaceEngine.detectFaces([BIILcom/arcsoft/face/enums/ImageFormat;Ljava/util/List;)I+11
j  com.tangcheng.face_corn.service.impl.faceServiceImpl.facesearch(Ljava/io/InputStream;Ljava/util/List;)Ljava/lang/String;+45
j  com.tangcheng.face_corn.controller.faceController.facesearch(Ljava/lang/String;Ljava/util/List;)Lresult/Result;+22
j  sun.reflect.GeneratedMethodAccessor71.invoke(Ljava/lang/Object;[Ljava/lang/Object;)Ljava/lang/Object;+48
J 2051 C1 sun.reflect.DelegatingMethodAccessorImpl.invoke(Ljava/lang/Object;[Ljava/lang/Object;)Ljava/lang/Object; (10 bytes) @ 0x0000000002e3f1a4 [0x0000000002e3f160+0x44]
J 1812 C1 java.lang.reflect.Method.invoke(Ljava/lang/Object;[Ljava/lang/Object;)Ljava/lang/Object; (62 bytes) @ 0x0000000002dc9394 [0x0000000002dc92a0+0xf4]
j  org.springframework.web.method.support.InvocableHandlerMethod.doInvoke([Ljava/lang/Object;)Ljava/lang/Object;+32
j  org.springframework.web.method.support.InvocableHandlerMethod.invokeForRequest(Lorg/springframework/web/context/request/NativeWebRequest;Lorg/springframework/web/method/support/ModelAndViewContainer;[Ljava/lang/Object;)Ljava/lang/Object;+54
j  org.springframework.web.servlet.mvc.method.annotation.ServletInvocableHandlerMethod.invokeAndHandle(Lorg/springframework/web/context/request/ServletWebRequest;Lorg/springframework/web/method/support/ModelAndViewContainer;[Ljava/lang/Object;)V+4
j  org.springframework.web.servlet.mvc.method.annotation.RequestMappingHandlerAdapter.invokeHandlerMethod(Ljavax/servlet/http/HttpServletRequest;Ljavax/servlet/http/HttpServletResponse;Lorg/springframework/web/method/HandlerMethod;)Lorg/springframework/web/servlet/ModelAndView;+244
j  org.springframework.web.servlet.mvc.method.annotation.RequestMappingHandlerAdapter.handleInternal(Ljavax/servlet/http/HttpServletRequest;Ljavax/servlet/http/HttpServletResponse;Lorg/springframework/web/method/HandlerMethod;)Lorg/springframework/web/servlet/ModelAndView;+81
j  org.springframework.web.servlet.mvc.method.AbstractHandlerMethodAdapter.handle(Ljavax/servlet/http/HttpServletRequest;Ljavax/servlet/http/HttpServletResponse;Ljava/lang/Object;)Lorg/springframework/web/servlet/ModelAndView;+7
j  org.springframework.web.servlet.DispatcherServlet.doDispatch(Ljavax/servlet/http/HttpServletRequest;Ljavax/servlet/http/HttpServletResponse;)V+259
j  org.springframework.web.servlet.DispatcherServlet.doService(Ljavax/servlet/http/HttpServletRequest;Ljavax/servlet/http/HttpServletResponse;)V+241
j  org.springframework.web.servlet.FrameworkServlet.processRequest(Ljavax/servlet/http/HttpServletRequest;Ljavax/servlet/http/HttpServletResponse;)V+71
j  org.springframework.web.servlet.FrameworkServlet.doPost(Ljavax/servlet/http/HttpServletRequest;Ljavax/servlet/http/HttpServletResponse;)V+3
j  javax.servlet.http.HttpServlet.service(Ljavax/servlet/http/HttpServletRequest;Ljavax/servlet/http/HttpServletResponse;)V+149
j  org.springframework.web.servlet.FrameworkServlet.service(Ljavax/servlet/http/HttpServletRequest;Ljavax/servlet/http/HttpServletResponse;)V+33
j  javax.servlet.http.HttpServlet.service(Ljavax/servlet/ServletRequest;Ljavax/servlet/ServletResponse;)V+36
J 5534 C1 org.apache.catalina.core.ApplicationFilterChain.internalDoFilter(Ljavax/servlet/ServletRequest;Ljavax/servlet/ServletResponse;)V (388 bytes) @ 0x00000000034147d4 [0x00000000034145c0+0x214]
J 5533 C1 org.apache.catalina.core.ApplicationFilterChain.doFilter(Ljavax/servlet/ServletRequest;Ljavax/servlet/ServletResponse;)V (103 bytes) @ 0x0000000003413d14 [0x0000000003413ce0+0x34]
j  org.apache.tomcat.websocket.server.WsFilter.doFilter(Ljavax/servlet/ServletRequest;Ljavax/servlet/ServletResponse;Ljavax/servlet/FilterChain;)V+21
J 5534 C1 org.apache.catalina.core.ApplicationFilterChain.internalDoFilter(Ljavax/servlet/ServletRequest;Ljavax/servlet/ServletResponse;)V (388 bytes) @ 0x00000000034149f4 [0x00000000034145c0+0x434]
J 5533 C1 org.apache.catalina.core.ApplicationFilterChain.doFilter(Ljavax/servlet/ServletRequest;Ljavax/servlet/ServletResponse;)V (103 bytes) @ 0x0000000003413d14 [0x0000000003413ce0+0x34]
j  org.springframework.web.filter.RequestContextFilter.doFilterInternal(Ljavax/servlet/http/HttpServletRequest;Ljavax/servlet/http/HttpServletResponse;Ljavax/servlet/FilterChain;)V+21
j  org.springframework.web.filter.OncePerRequestFilter.doFilter(Ljavax/servlet/ServletRequest;Ljavax/servlet/ServletResponse;Ljavax/servlet/FilterChain;)V+147
J 5534 C1 org.apache.catalina.core.ApplicationFilterChain.internalDoFilter(Ljavax/servlet/ServletRequest;Ljavax/servlet/ServletResponse;)V (388 bytes) @ 0x00000000034149f4 [0x00000000034145c0+0x434]
J 5533 C1 org.apache.catalina.core.ApplicationFilterChain.doFilter(Ljavax/servlet/ServletRequest;Ljavax/servlet/ServletResponse;)V (103 bytes) @ 0x0000000003413d14 [0x0000000003413ce0+0x34]
j  org.springframework.web.filter.FormContentFilter.doFilterInternal(Ljavax/servlet/http/HttpServletRequest;Ljavax/servlet/http/HttpServletResponse;Ljavax/servlet/FilterChain;)V+38
j  org.springframework.web.filter.OncePerRequestFilter.doFilter(Ljavax/servlet/ServletRequest;Ljavax/servlet/ServletResponse;Ljavax/servlet/FilterChain;)V+147
J 5534 C1 org.apache.catalina.core.ApplicationFilterChain.internalDoFilter(Ljavax/servlet/ServletRequest;Ljavax/servlet/ServletResponse;)V (388 bytes) @ 0x00000000034149f4 [0x00000000034145c0+0x434]
J 5533 C1 org.apache.catalina.core.ApplicationFilterChain.doFilter(Ljavax/servlet/ServletRequest;Ljavax/servlet/ServletResponse;)V (103 bytes) @ 0x0000000003413d14 [0x0000000003413ce0+0x34]
j  org.springframework.web.filter.CharacterEncodingFilter.doFilterInternal(Ljavax/servlet/http/HttpServletRequest;Ljavax/servlet/http/HttpServletResponse;Ljavax/servlet/FilterChain;)V+53
j  org.springframework.web.filter.OncePerRequestFilter.doFilter(Ljavax/servlet/ServletRequest;Ljavax/servlet/ServletResponse;Ljavax/servlet/FilterChain;)V+147
J 5534 C1 org.apache.catalina.core.ApplicationFilterChain.internalDoFilter(Ljavax/servlet/ServletRequest;Ljavax/servlet/ServletResponse;)V (388 bytes) @ 0x00000000034149f4 [0x00000000034145c0+0x434]
J 5533 C1 org.apache.catalina.core.ApplicationFilterChain.doFilter(Ljavax/servlet/ServletRequest;Ljavax/servlet/ServletResponse;)V (103 bytes) @ 0x0000000003413d14 [0x0000000003413ce0+0x34]
j  org.apache.catalina.core.StandardWrapperValve.invoke(Lorg/apache/catalina/connector/Request;Lorg/apache/catalina/connector/Response;)V+694
j  org.apache.catalina.core.StandardContextValve.invoke(Lorg/apache/catalina/connector/Request;Lorg/apache/catalina/connector/Response;)V+169
j  org.apache.catalina.authenticator.AuthenticatorBase.invoke(Lorg/apache/catalina/connector/Request;Lorg/apache/catalina/connector/Response;)V+260
j  org.apache.catalina.core.StandardHostValve.invoke(Lorg/apache/catalina/connector/Request;Lorg/apache/catalina/connector/Response;)V+128
j  org.apache.catalina.valves.ErrorReportValve.invoke(Lorg/apache/catalina/connector/Request;Lorg/apache/catalina/connector/Response;)V+6
j  org.apache.catalina.core.StandardEngineValve.invoke(Lorg/apache/catalina/connector/Request;Lorg/apache/catalina/connector/Response;)V+59
j  org.apache.catalina.connector.CoyoteAdapter.service(Lorg/apache/coyote/Request;Lorg/apache/coyote/Response;)V+199
j  org.apache.coyote.http11.Http11Processor.service(Lorg/apache/tomcat/util/net/SocketWrapperBase;)Lorg/apache/tomcat/util/net/AbstractEndpoint$Handler$SocketState;+737
j  org.apache.coyote.AbstractProcessorLight.process(Lorg/apache/tomcat/util/net/SocketWrapperBase;Lorg/apache/tomcat/util/net/SocketEvent;)Lorg/apache/tomcat/util/net/AbstractEndpoint$Handler$SocketState;+170
j  org.apache.coyote.AbstractProtocol$ConnectionHandler.process(Lorg/apache/tomcat/util/net/SocketWrapperBase;Lorg/apache/tomcat/util/net/SocketEvent;)Lorg/apache/tomcat/util/net/AbstractEndpoint$Handler$SocketState;+505
j  org.apache.tomcat.util.net.NioEndpoint$SocketProcessor.doRun()V+216
j  org.apache.tomcat.util.net.SocketProcessorBase.run()V+21
j  java.util.concurrent.ThreadPoolExecutor.runWorker(Ljava/util/concurrent/ThreadPoolExecutor$Worker;)V+95
j  java.util.concurrent.ThreadPoolExecutor$Worker.run()V+5
j  org.apache.tomcat.util.threads.TaskThread$WrappingRunnable.run()V+4
j  java.lang.Thread.run()V+11
v  ~StubRoutines::call_stub

---------------  P R O C E S S  ---------------

Java Threads: ( => current thread )
  0x000000001dbf5800 JavaThread "lettuce-eventExecutorLoop-1-8" daemon [_thread_blocked, id=21076, stack(0x0000000040940000,0x0000000040a40000)]
  0x000000001dbf5000 JavaThread "lettuce-eventExecutorLoop-1-7" daemon [_thread_blocked, id=22464, stack(0x0000000040840000,0x0000000040940000)]
  0x000000001dbfb800 JavaThread "lettuce-eventExecutorLoop-1-6" daemon [_thread_blocked, id=18136, stack(0x0000000040740000,0x0000000040840000)]
  0x000000001dbf8800 JavaThread "lettuce-eventExecutorLoop-1-5" daemon [_thread_blocked, id=18736, stack(0x0000000040640000,0x0000000040740000)]
  0x000000001dbfb000 JavaThread "lettuce-eventExecutorLoop-1-4" daemon [_thread_blocked, id=10452, stack(0x0000000040540000,0x0000000040640000)]
  0x000000001dbf8000 JavaThread "lettuce-eventExecutorLoop-1-3" daemon [_thread_blocked, id=22024, stack(0x0000000040440000,0x0000000040540000)]
  0x000000001dbf3800 JavaThread "Java2D Disposer" daemon [_thread_blocked, id=3556, stack(0x0000000040340000,0x0000000040440000)]
  0x000000001dbfa000 JavaThread "idle_connection_reaper" daemon [_thread_blocked, id=3752, stack(0x0000000040240000,0x0000000040340000)]
  0x000000001dbf4000 JavaThread "DiscoveryClient-CacheRefreshExecutor-0" daemon [_thread_blocked, id=8212, stack(0x000000003ff40000,0x0000000040040000)]
  0x000000001e091800 JavaThread "DiscoveryClient-HeartbeatExecutor-0" daemon [_thread_blocked, id=22516, stack(0x000000003fe40000,0x000000003ff40000)]
  0x000000001e092800 JavaThread "lettuce-eventExecutorLoop-1-2" daemon [_thread_blocked, id=16728, stack(0x000000003fd40000,0x000000003fe40000)]
  0x000000001e094000 JavaThread "lettuce-eventExecutorLoop-1-1" daemon [_thread_blocked, id=19464, stack(0x0000000022c90000,0x0000000022d90000)]
  0x000000001e093000 JavaThread "lettuce-nioEventLoop-4-1" daemon [_thread_in_native, id=17844, stack(0x0000000021a80000,0x0000000021b80000)]
  0x000000001e097800 JavaThread "RMI TCP Connection(idle)" daemon [_thread_blocked, id=21624, stack(0x0000000021480000,0x0000000021580000)]
  0x000000001e097000 JavaThread "RMI TCP Connection(idle)" daemon [_thread_blocked, id=11804, stack(0x0000000021280000,0x0000000021380000)]
  0x000000001e096000 JavaThread "DestroyJavaVM" [_thread_blocked, id=3216, stack(0x0000000002670000,0x0000000002770000)]
  0x000000001e098800 JavaThread "http-nio-8081-Acceptor" daemon [_thread_in_native, id=2788, stack(0x0000000021080000,0x0000000021180000)]
  0x000000001e094800 JavaThread "http-nio-8081-ClientPoller" daemon [_thread_in_native, id=19716, stack(0x0000000020f80000,0x0000000021080000)]
  0x000000001e095800 JavaThread "http-nio-8081-exec-10" daemon [_thread_in_native, id=18308, stack(0x0000000020e80000,0x0000000020f80000)]
  0x000000001e08a000 JavaThread "http-nio-8081-exec-9" daemon [_thread_in_native, id=21808, stack(0x0000000020d80000,0x0000000020e80000)]
=>0x000000001e091000 JavaThread "http-nio-8081-exec-8" daemon [_thread_in_native, id=15064, stack(0x0000000020c80000,0x0000000020d80000)]
  0x000000001e08f800 JavaThread "http-nio-8081-exec-7" daemon [_thread_blocked, id=21300, stack(0x0000000020b80000,0x0000000020c80000)]
  0x000000001e089800 JavaThread "http-nio-8081-exec-6" daemon [_thread_in_native, id=22372, stack(0x0000000020a80000,0x0000000020b80000)]
  0x000000001e08e800 JavaThread "http-nio-8081-exec-5" daemon [_thread_blocked, id=22164, stack(0x0000000020980000,0x0000000020a80000)]
  0x000000001e08e000 JavaThread "http-nio-8081-exec-4" daemon [_thread_blocked, id=18152, stack(0x0000000020880000,0x0000000020980000)]
  0x000000001e090000 JavaThread "http-nio-8081-exec-3" daemon [_thread_blocked, id=19724, stack(0x0000000020780000,0x0000000020880000)]
  0x000000001e08b800 JavaThread "http-nio-8081-exec-2" daemon [_thread_blocked, id=20364, stack(0x0000000020680000,0x0000000020780000)]
  0x000000001e08c800 JavaThread "http-nio-8081-exec-1" daemon [_thread_in_native, id=2588, stack(0x0000000020580000,0x0000000020680000)]
  0x000000001e08b000 JavaThread "http-nio-8081-BlockPoller" daemon [_thread_in_native, id=18384, stack(0x0000000020480000,0x0000000020580000)]
  0x000000001e08d000 JavaThread "DiscoveryClient-InstanceInfoReplicator-0" daemon [_thread_blocked, id=14952, stack(0x0000000020180000,0x0000000020280000)]
  0x000000001dc9a800 JavaThread "DiscoveryClient-1" daemon [_thread_blocked, id=21332, stack(0x0000000020080000,0x0000000020180000)]
  0x000000001dc9d000 JavaThread "DiscoveryClient-0" daemon [_thread_blocked, id=18324, stack(0x000000001ff80000,0x0000000020080000)]
  0x000000001dc9a000 JavaThread "RMI TCP Connection(idle)" daemon [_thread_blocked, id=13192, stack(0x000000001fc80000,0x000000001fd80000)]
  0x000000001dc99000 JavaThread "AsyncResolver-bootstrap-0" daemon [_thread_blocked, id=12412, stack(0x000000001f980000,0x000000001fa80000)]
  0x000000001dc96000 JavaThread "spring.cloud.inetutils" daemon [_thread_blocked, id=21448, stack(0x000000001f880000,0x000000001f980000)]
  0x000000001dc98800 JavaThread "lettuce-timer-3-1" daemon [_thread_blocked, id=17632, stack(0x000000001f180000,0x000000001f280000)]
  0x000000001dc9c000 JavaThread "container-0" [_thread_blocked, id=15996, stack(0x000000001ee80000,0x000000001ef80000)]
  0x000000001dc97800 JavaThread "Catalina-utility-2" [_thread_blocked, id=22492, stack(0x000000001ed80000,0x000000001ee80000)]
  0x000000001dc97000 JavaThread "Catalina-utility-1" [_thread_blocked, id=18260, stack(0x000000001c7b0000,0x000000001c8b0000)]
  0x000000001b633800 JavaThread "RMI TCP Connection(idle)" daemon [_thread_blocked, id=20060, stack(0x000000001c6b0000,0x000000001c7b0000)]
  0x000000001b633000 JavaThread "RMI Scheduler(0)" daemon [_thread_blocked, id=16932, stack(0x000000001c5b0000,0x000000001c6b0000)]
  0x000000001b631800 JavaThread "RMI TCP Connection(idle)" daemon [_thread_blocked, id=18380, stack(0x000000001c4b0000,0x000000001c5b0000)]
  0x000000001a66a000 JavaThread "RMI TCP Accept-0" daemon [_thread_in_native, id=15604, stack(0x000000001b030000,0x000000001b130000)]
  0x000000001a663800 JavaThread "RMI TCP Accept-50497" daemon [_thread_in_native, id=19540, stack(0x000000001af30000,0x000000001b030000)]
  0x000000001a65c000 JavaThread "RMI TCP Accept-0" daemon [_thread_in_native, id=14368, stack(0x000000001ae30000,0x000000001af30000)]
  0x000000001a410000 JavaThread "Service Thread" daemon [_thread_blocked, id=22420, stack(0x000000001ad10000,0x000000001ae10000)]
  0x000000001a394800 JavaThread "C1 CompilerThread3" daemon [_thread_blocked, id=17192, stack(0x000000001ac10000,0x000000001ad10000)]
  0x000000001a393800 JavaThread "C2 CompilerThread2" daemon [_thread_blocked, id=19496, stack(0x000000001ab10000,0x000000001ac10000)]
  0x000000001a393000 JavaThread "C2 CompilerThread1" daemon [_thread_blocked, id=20484, stack(0x000000001aa10000,0x000000001ab10000)]
  0x000000001a38e000 JavaThread "C2 CompilerThread0" daemon [_thread_blocked, id=4288, stack(0x000000001a910000,0x000000001aa10000)]
  0x000000001a38d800 JavaThread "Monitor Ctrl-Break" daemon [_thread_in_native, id=18120, stack(0x000000001a810000,0x000000001a910000)]
  0x0000000019849000 JavaThread "Attach Listener" daemon [_thread_blocked, id=9736, stack(0x0000000019f10000,0x000000001a010000)]
  0x0000000019848800 JavaThread "Signal Dispatcher" daemon [_thread_blocked, id=17688, stack(0x0000000019e10000,0x0000000019f10000)]
  0x00000000197d0800 JavaThread "Finalizer" daemon [_thread_blocked, id=21576, stack(0x0000000019cb0000,0x0000000019db0000)]
  0x00000000179e0800 JavaThread "Reference Handler" daemon [_thread_blocked, id=19016, stack(0x0000000019bb0000,0x0000000019cb0000)]

Other Threads:
  0x00000000179d6800 VMThread [stack: 0x00000000196b0000,0x00000000197b0000] [id=19912]
  0x000000001a671000 WatcherThread [stack: 0x000000001b130000,0x000000001b230000] [id=11868]

VM state:not at safepoint (normal execution)

VM Mutex/Monitor currently owned by a thread: None

heap address: 0x0000000081200000, size: 2030 MB, Compressed Oops mode: 32-bit
Narrow klass base: 0x0000000000000000, Narrow klass shift: 3
Compressed class space size: 1073741824 Address: 0x0000000100000000

Heap:
 PSYoungGen      total 290816K, used 76283K [0x00000000d5b80000, 0x00000000e9200000, 0x0000000100000000)
  eden space 275456K, 22% used [0x00000000d5b80000,0x00000000d974cf68,0x00000000e6880000)
  from space 15360K, 97% used [0x00000000e8300000,0x00000000e91b2020,0x00000000e9200000)
  to   space 20992K, 0% used [0x00000000e6900000,0x00000000e6900000,0x00000000e7d80000)
 ParOldGen       total 114688K, used 47019K [0x0000000081200000, 0x0000000088200000, 0x00000000d5b80000)
  object space 114688K, 40% used [0x0000000081200000,0x0000000083fead18,0x0000000088200000)
 Metaspace       used 55711K, capacity 59488K, committed 59736K, reserved 1101824K
  class space    used 7629K, capacity 8281K, committed 8320K, reserved 1048576K

Card table byte_map: [0x0000000011dd0000,0x00000000121d0000] byte_map_base: 0x00000000119c7000

Marking Bits: (ParMarkBitMap*) 0x0000000061284ce0
 Begin Bits: [0x0000000012c80000, 0x0000000014c38000)
 End Bits:   [0x0000000014c38000, 0x0000000016bf0000)

Polling page: 0x00000000005c0000

CodeCache: size=245760Kb used=10446Kb max_used=10446Kb free=235313Kb
 bounds [0x0000000002a10000, 0x0000000003450000, 0x0000000011a10000]
 total_blobs=6135 nmethods=5536 adapters=511
 compilation: enabled

Compilation events (10 events):
Event: 58.383 Thread 0x000000001a394800 5656       1       org.apache.catalina.core.StandardPipeline::getFirst (17 bytes)
Event: 58.383 Thread 0x000000001a394800 nmethod 5656 0x000000000343eb10 code [0x000000000343ec60, 0x000000000343ed90]
Event: 58.384 Thread 0x000000001a394800 5657       1       org.apache.tomcat.util.http.Parameters::addParameter (117 bytes)
Event: 58.384 Thread 0x000000001a394800 nmethod 5657 0x000000000343ee10 code [0x000000000343efe0, 0x000000000343f5f8]
Event: 58.384 Thread 0x000000001a394800 5658       1       org.springframework.core.convert.support.GenericConversionService::canConvert (29 bytes)
Event: 58.385 Thread 0x000000001a394800 nmethod 5658 0x000000000343f9d0 code [0x000000000343fb40, 0x000000000343fd58]
Event: 58.385 Thread 0x000000001a394800 5659   !   1       sun.reflect.GeneratedMethodAccessor69::invoke (70 bytes)
Event: 58.385 Thread 0x000000001a394800 nmethod 5659 0x000000000343fe90 code [0x0000000003440060, 0x0000000003440518]
Event: 58.411 Thread 0x000000001a394800 5660       1       org.apache.http.pool.PoolEntry::getConnection (5 bytes)
Event: 58.411 Thread 0x000000001a394800 nmethod 5660 0x00000000034408d0 code [0x0000000003440a20, 0x0000000003440b30]

GC Heap History (10 events):
Event: 6.635 GC heap before
{Heap before GC invocations=13 (full 2):
 PSYoungGen      total 182784K, used 172544K [0x00000000d5b80000, 0x00000000e1900000, 0x0000000100000000)
  eden space 172544K, 100% used [0x00000000d5b80000,0x00000000e0400000,0x00000000e0400000)
  from space 10240K, 0% used [0x00000000e0f00000,0x00000000e0f00000,0x00000000e1900000)
  to   space 10752K, 0% used [0x00000000e0400000,0x00000000e0400000,0x00000000e0e80000)
 ParOldGen       total 76800K, used 16179K [0x0000000081200000, 0x0000000085d00000, 0x00000000d5b80000)
  object space 76800K, 21% used [0x0000000081200000,0x00000000821ccde0,0x0000000085d00000)
 Metaspace       used 42199K, capacity 45090K, committed 45272K, reserved 1087488K
  class space    used 5849K, capacity 6372K, committed 6400K, reserved 1048576K
Event: 6.646 GC heap after
Heap after GC invocations=13 (full 2):
 PSYoungGen      total 183296K, used 10731K [0x00000000d5b80000, 0x00000000e5300000, 0x0000000100000000)
  eden space 172544K, 0% used [0x00000000d5b80000,0x00000000d5b80000,0x00000000e0400000)
  from space 10752K, 99% used [0x00000000e0400000,0x00000000e0e7ad98,0x00000000e0e80000)
  to   space 12800K, 0% used [0x00000000e4680000,0x00000000e4680000,0x00000000e5300000)
 ParOldGen       total 76800K, used 19808K [0x0000000081200000, 0x0000000085d00000, 0x00000000d5b80000)
  object space 76800K, 25% used [0x0000000081200000,0x0000000082558108,0x0000000085d00000)
 Metaspace       used 42199K, capacity 45090K, committed 45272K, reserved 1087488K
  class space    used 5849K, capacity 6372K, committed 6400K, reserved 1048576K
}
Event: 38.649 GC heap before
{Heap before GC invocations=14 (full 2):
 PSYoungGen      total 183296K, used 173744K [0x00000000d5b80000, 0x00000000e5300000, 0x0000000100000000)
  eden space 172544K, 94% used [0x00000000d5b80000,0x00000000dfab1630,0x00000000e0400000)
  from space 10752K, 99% used [0x00000000e0400000,0x00000000e0e7ad98,0x00000000e0e80000)
  to   space 12800K, 0% used [0x00000000e4680000,0x00000000e4680000,0x00000000e5300000)
 ParOldGen       total 76800K, used 19808K [0x0000000081200000, 0x0000000085d00000, 0x00000000d5b80000)
  object space 76800K, 25% used [0x0000000081200000,0x0000000082558108,0x0000000085d00000)
 Metaspace       used 55148K, capacity 58822K, committed 58968K, reserved 1099776K
  class space    used 7533K, capacity 8198K, committed 8320K, reserved 1048576K
Event: 38.666 GC heap after
Heap after GC invocations=14 (full 2):
 PSYoungGen      total 233472K, used 12772K [0x00000000d5b80000, 0x00000000e5600000, 0x0000000100000000)
  eden space 220672K, 0% used [0x00000000d5b80000,0x00000000d5b80000,0x00000000e3300000)
  from space 12800K, 99% used [0x00000000e4680000,0x00000000e52f90b8,0x00000000e5300000)
  to   space 17920K, 0% used [0x00000000e3300000,0x00000000e3300000,0x00000000e4480000)
 ParOldGen       total 76800K, used 30350K [0x0000000081200000, 0x0000000085d00000, 0x00000000d5b80000)
  object space 76800K, 39% used [0x0000000081200000,0x0000000082fa3910,0x0000000085d00000)
 Metaspace       used 55148K, capacity 58822K, committed 58968K, reserved 1099776K
  class space    used 7533K, capacity 8198K, committed 8320K, reserved 1048576K
}
Event: 38.666 GC heap before
{Heap before GC invocations=15 (full 3):
 PSYoungGen      total 233472K, used 12772K [0x00000000d5b80000, 0x00000000e5600000, 0x0000000100000000)
  eden space 220672K, 0% used [0x00000000d5b80000,0x00000000d5b80000,0x00000000e3300000)
  from space 12800K, 99% used [0x00000000e4680000,0x00000000e52f90b8,0x00000000e5300000)
  to   space 17920K, 0% used [0x00000000e3300000,0x00000000e3300000,0x00000000e4480000)
 ParOldGen       total 76800K, used 30350K [0x0000000081200000, 0x0000000085d00000, 0x00000000d5b80000)
  object space 76800K, 39% used [0x0000000081200000,0x0000000082fa3910,0x0000000085d00000)
 Metaspace       used 55148K, capacity 58822K, committed 58968K, reserved 1099776K
  class space    used 7533K, capacity 8198K, committed 8320K, reserved 1048576K
Event: 38.806 GC heap after
Heap after GC invocations=15 (full 3):
 PSYoungGen      total 233472K, used 0K [0x00000000d5b80000, 0x00000000e5600000, 0x0000000100000000)
  eden space 220672K, 0% used [0x00000000d5b80000,0x00000000d5b80000,0x00000000e3300000)
  from space 12800K, 0% used [0x00000000e4680000,0x00000000e4680000,0x00000000e5300000)
  to   space 17920K, 0% used [0x00000000e3300000,0x00000000e3300000,0x00000000e4480000)
 ParOldGen       total 114688K, used 34218K [0x0000000081200000, 0x0000000088200000, 0x00000000d5b80000)
  object space 114688K, 29% used [0x0000000081200000,0x000000008336a8e8,0x0000000088200000)
 Metaspace       used 55148K, capacity 58822K, committed 58968K, reserved 1099776K
  class space    used 7533K, capacity 8198K, committed 8320K, reserved 1048576K
}
Event: 54.500 GC heap before
{Heap before GC invocations=16 (full 3):
 PSYoungGen      total 233472K, used 220672K [0x00000000d5b80000, 0x00000000e5600000, 0x0000000100000000)
  eden space 220672K, 100% used [0x00000000d5b80000,0x00000000e3300000,0x00000000e3300000)
  from space 12800K, 0% used [0x00000000e4680000,0x00000000e4680000,0x00000000e5300000)
  to   space 17920K, 0% used [0x00000000e3300000,0x00000000e3300000,0x00000000e4480000)
 ParOldGen       total 114688K, used 34218K [0x0000000081200000, 0x0000000088200000, 0x00000000d5b80000)
  object space 114688K, 29% used [0x0000000081200000,0x000000008336a8e8,0x0000000088200000)
 Metaspace       used 55510K, capacity 59210K, committed 59480K, reserved 1099776K
  class space    used 7587K, capacity 8238K, committed 8320K, reserved 1048576K
Event: 54.514 GC heap after
Heap after GC invocations=16 (full 3):
 PSYoungGen      total 238592K, used 17131K [0x00000000d5b80000, 0x00000000e9680000, 0x0000000100000000)
  eden space 220672K, 0% used [0x00000000d5b80000,0x00000000d5b80000,0x00000000e3300000)
  from space 17920K, 95% used [0x00000000e3300000,0x00000000e43bae48,0x00000000e4480000)
  to   space 19968K, 0% used [0x00000000e8300000,0x00000000e8300000,0x00000000e9680000)
 ParOldGen       total 114688K, used 47011K [0x0000000081200000, 0x0000000088200000, 0x00000000d5b80000)
  object space 114688K, 40% used [0x0000000081200000,0x0000000083fe8d18,0x0000000088200000)
 Metaspace       used 55510K, capacity 59210K, committed 59480K, reserved 1099776K
  class space    used 7587K, capacity 8238K, committed 8320K, reserved 1048576K
}
Event: 57.780 GC heap before
{Heap before GC invocations=17 (full 3):
 PSYoungGen      total 238592K, used 237803K [0x00000000d5b80000, 0x00000000e9680000, 0x0000000100000000)
  eden space 220672K, 100% used [0x00000000d5b80000,0x00000000e3300000,0x00000000e3300000)
  from space 17920K, 95% used [0x00000000e3300000,0x00000000e43bae48,0x00000000e4480000)
  to   space 19968K, 0% used [0x00000000e8300000,0x00000000e8300000,0x00000000e9680000)
 ParOldGen       total 114688K, used 47011K [0x0000000081200000, 0x0000000088200000, 0x00000000d5b80000)
  object space 114688K, 40% used [0x0000000081200000,0x0000000083fe8d18,0x0000000088200000)
 Metaspace       used 55711K, capacity 59488K, committed 59736K, reserved 1101824K
  class space    used 7629K, capacity 8281K, committed 8320K, reserved 1048576K
Event: 57.788 GC heap after
Heap after GC invocations=17 (full 3):
 PSYoungGen      total 290816K, used 15048K [0x00000000d5b80000, 0x00000000e9200000, 0x0000000100000000)
  eden space 275456K, 0% used [0x00000000d5b80000,0x00000000d5b80000,0x00000000e6880000)
  from space 15360K, 97% used [0x00000000e8300000,0x00000000e91b2020,0x00000000e9200000)
  to   space 20992K, 0% used [0x00000000e6900000,0x00000000e6900000,0x00000000e7d80000)
 ParOldGen       total 114688K, used 47019K [0x0000000081200000, 0x0000000088200000, 0x00000000d5b80000)
  object space 114688K, 40% used [0x0000000081200000,0x0000000083fead18,0x0000000088200000)
 Metaspace       used 55711K, capacity 59488K, committed 59736K, reserved 1101824K
  class space    used 7629K, capacity 8281K, committed 8320K, reserved 1048576K
}

Deoptimization events (0 events):
No events

Classes redefined (0 events):
No events

Internal exceptions (10 events):
Event: 54.637 Thread 0x000000001e08a000 Exception <a 'java/lang/ArrayIndexOutOfBoundsException'> (0x00000000d69c6150) thrown at [C:\re\workspace\8-2-build-windows-amd64-cygwin\jdk8u201\12322\hotspot\src\share\vm\runtime\sharedRuntime.cpp, line 605]
Event: 54.637 Thread 0x000000001e08c800 Exception <a 'java/lang/ArrayIndexOutOfBoundsException'> (0x00000000d6a0c1d8) thrown at [C:\re\workspace\8-2-build-windows-amd64-cygwin\jdk8u201\12322\hotspot\src\share\vm\runtime\sharedRuntime.cpp, line 605]
Event: 54.645 Thread 0x000000001e08e000 Exception <a 'java/lang/reflect/InvocationTargetException'> (0x00000000d658d740) thrown at [C:\re\workspace\8-2-build-windows-amd64-cygwin\jdk8u201\12322\hotspot\src\share\vm\runtime\reflection.cpp, line 1092]
Event: 54.811 Thread 0x000000001e08e800 Exception <a 'java/lang/NoSuchMethodError': java.lang.Object.lambda$invoke$0()Ljava/lang/Object;> (0x00000000d71618d8) thrown at [C:\re\workspace\8-2-build-windows-amd64-cygwin\jdk8u201\12322\hotspot\src\share\vm\interpreter\linkResolver.cpp, line 620]
Event: 54.820 Thread 0x000000001e08e800 Exception <a 'java/lang/ArrayIndexOutOfBoundsException'> (0x00000000d773fa38) thrown at [C:\re\workspace\8-2-build-windows-amd64-cygwin\jdk8u201\12322\hotspot\src\share\vm\runtime\sharedRuntime.cpp, line 605]
Event: 54.821 Thread 0x000000001e08e800 Exception <a 'java/lang/ArrayIndexOutOfBoundsException'> (0x00000000d7741768) thrown at [C:\re\workspace\8-2-build-windows-amd64-cygwin\jdk8u201\12322\hotspot\src\share\vm\runtime\sharedRuntime.cpp, line 605]
Event: 54.822 Thread 0x000000001e08e800 Exception <a 'java/lang/ArrayIndexOutOfBoundsException'> (0x00000000d7747370) thrown at [C:\re\workspace\8-2-build-windows-amd64-cygwin\jdk8u201\12322\hotspot\src\share\vm\runtime\sharedRuntime.cpp, line 605]
Event: 56.459 Thread 0x000000001e090000 Exception <a 'java/io/IOException'> (0x00000000dc4d2468) thrown at [C:\re\workspace\8-2-build-windows-amd64-cygwin\jdk8u201\12322\hotspot\src\share\vm\prims\jni.cpp, line 709]
Event: 56.462 Thread 0x000000001e089800 Exception <a 'java/io/IOException'> (0x00000000da92c670) thrown at [C:\re\workspace\8-2-build-windows-amd64-cygwin\jdk8u201\12322\hotspot\src\share\vm\prims\jni.cpp, line 709]
Event: 57.296 Thread 0x000000001e089800 Exception <a 'java/io/IOException'> (0x00000000df19d2a0) thrown at [C:\re\workspace\8-2-build-windows-amd64-cygwin\jdk8u201\12322\hotspot\src\share\vm\prims\jni.cpp, line 709]

Events (10 events):
Event: 58.286 Executing VM operation: RevokeBias
Event: 58.286 Executing VM operation: RevokeBias done
Event: 58.373 Executing VM operation: RevokeBias
Event: 58.373 Executing VM operation: RevokeBias done
Event: 58.380 Executing VM operation: RevokeBias
Event: 58.380 Executing VM operation: RevokeBias done
Event: 58.380 Executing VM operation: RevokeBias
Event: 58.381 Executing VM operation: RevokeBias done
Event: 58.428 Executing VM operation: RevokeBias
Event: 58.429 Executing VM operation: RevokeBias done


Dynamic libraries:
0x00007ff789740000 - 0x00007ff789777000 	C:\Program Files\Java\jdk1.8.0_201\bin\java.exe
0x00007ff972170000 - 0x00007ff972365000 	C:\WINDOWS\SYSTEM32\ntdll.dll
0x00007ff971800000 - 0x00007ff9718be000 	C:\WINDOWS\System32\KERNEL32.DLL
0x00007ff96fb60000 - 0x00007ff96fe29000 	C:\WINDOWS\System32\KERNELBASE.dll
0x00007ff970960000 - 0x00007ff970a0c000 	C:\WINDOWS\System32\ADVAPI32.dll
0x00007ff970b40000 - 0x00007ff970bde000 	C:\WINDOWS\System32\msvcrt.dll
0x00007ff970c90000 - 0x00007ff970d2b000 	C:\WINDOWS\System32\sechost.dll
0x00007ff970a10000 - 0x00007ff970b3a000 	C:\WINDOWS\System32\RPCRT4.dll
0x00007ff971650000 - 0x00007ff9717f1000 	C:\WINDOWS\System32\USER32.dll
0x00007ff96fe30000 - 0x00007ff96fe52000 	C:\WINDOWS\System32\win32u.dll
0x00007ff970be0000 - 0x00007ff970c0b000 	C:\WINDOWS\System32\GDI32.dll
0x00007ff96ffc0000 - 0x00007ff9700cb000 	C:\WINDOWS\System32\gdi32full.dll
0x00007ff970120000 - 0x00007ff9701bd000 	C:\WINDOWS\System32\msvcp_win.dll
0x00007ff96fe60000 - 0x00007ff96ff60000 	C:\WINDOWS\System32\ucrtbase.dll
0x00007ff961ca0000 - 0x00007ff961f3a000 	C:\WINDOWS\WinSxS\amd64_microsoft.windows.common-controls_6595b64144ccf1df_6.0.19041.1110_none_60b5254171f9507e\COMCTL32.dll
0x00007ff9714c0000 - 0x00007ff9714f0000 	C:\WINDOWS\System32\IMM32.DLL
0x0000000062140000 - 0x0000000062211000 	C:\Program Files\Java\jdk1.8.0_201\jre\bin\msvcr100.dll
0x0000000060a60000 - 0x0000000061304000 	C:\Program Files\Java\jdk1.8.0_201\jre\bin\server\jvm.dll
0x00007ff970f60000 - 0x00007ff970f68000 	C:\WINDOWS\System32\PSAPI.DLL
0x00007ff967300000 - 0x00007ff967309000 	C:\WINDOWS\SYSTEM32\WSOCK32.dll
0x00007ff964b00000 - 0x00007ff964b27000 	C:\WINDOWS\SYSTEM32\WINMM.dll
0x00007ff966860000 - 0x00007ff96686a000 	C:\WINDOWS\SYSTEM32\VERSION.dll
0x00007ff9718c0000 - 0x00007ff97192b000 	C:\WINDOWS\System32\WS2_32.dll
0x00007ff96a720000 - 0x00007ff96a72f000 	C:\Program Files\Java\jdk1.8.0_201\jre\bin\verify.dll
0x00007ff969620000 - 0x00007ff969649000 	C:\Program Files\Java\jdk1.8.0_201\jre\bin\java.dll
0x00007ff9692c0000 - 0x00007ff9692e3000 	C:\Program Files\Java\jdk1.8.0_201\jre\bin\instrument.dll
0x00007ff969460000 - 0x00007ff969476000 	C:\Program Files\Java\jdk1.8.0_201\jre\bin\zip.dll
0x00007ff971930000 - 0x00007ff97206f000 	C:\WINDOWS\System32\SHELL32.dll
0x00007ff96d880000 - 0x00007ff96e010000 	C:\WINDOWS\SYSTEM32\windows.storage.dll
0x00007ff971040000 - 0x00007ff971395000 	C:\WINDOWS\System32\combase.dll
0x00007ff96f2e0000 - 0x00007ff96f30c000 	C:\WINDOWS\SYSTEM32\Wldp.dll
0x00007ff970220000 - 0x00007ff9702cd000 	C:\WINDOWS\System32\SHCORE.dll
0x00007ff970f80000 - 0x00007ff970fd5000 	C:\WINDOWS\System32\shlwapi.dll
0x00007ff96f7d0000 - 0x00007ff96f7ef000 	C:\WINDOWS\SYSTEM32\profapi.dll
0x00007ff969230000 - 0x00007ff96924a000 	F:\subject\IDEA 2018_sssam.com\IntelliJ IDEA 2018.2.4\bin\breakgen64.dll
0x00007ff969210000 - 0x00007ff96922a000 	C:\Program Files\Java\jdk1.8.0_201\jre\bin\net.dll
0x00007ff95d320000 - 0x00007ff95d50b000 	C:\WINDOWS\SYSTEM32\urlmon.dll
0x00007ff95da10000 - 0x00007ff95dcc0000 	C:\WINDOWS\SYSTEM32\iertutil.dll
0x00007ff95d2f0000 - 0x00007ff95d318000 	C:\WINDOWS\SYSTEM32\srvcli.dll
0x00007ff96edf0000 - 0x00007ff96edfc000 	C:\WINDOWS\SYSTEM32\netutils.dll
0x00007ff96f040000 - 0x00007ff96f0aa000 	C:\WINDOWS\system32\mswsock.dll
0x00007ff96a630000 - 0x00007ff96a63d000 	C:\Program Files\Java\jdk1.8.0_201\jre\bin\management.dll
0x00007ff967fe0000 - 0x00007ff967ff1000 	C:\Program Files\Java\jdk1.8.0_201\jre\bin\nio.dll
0x00007ff951950000 - 0x00007ff951967000 	C:\WINDOWS\system32\napinsp.dll
0x00007ff951930000 - 0x00007ff95194b000 	C:\WINDOWS\system32\pnrpnsp.dll
0x00007ff969bc0000 - 0x00007ff969bd5000 	C:\WINDOWS\system32\wshbth.dll
0x00007ff96a5e0000 - 0x00007ff96a5fd000 	C:\WINDOWS\system32\NLAapi.dll
0x00007ff96ece0000 - 0x00007ff96ed1b000 	C:\WINDOWS\SYSTEM32\IPHLPAPI.DLL
0x00007ff96ed20000 - 0x00007ff96edec000 	C:\WINDOWS\SYSTEM32\DNSAPI.dll
0x00007ff972070000 - 0x00007ff972078000 	C:\WINDOWS\System32\NSI.dll
0x00007ff951910000 - 0x00007ff951922000 	C:\WINDOWS\System32\winrnr.dll
0x00007ff967530000 - 0x00007ff96753a000 	C:\Windows\System32\rasadhlp.dll
0x00007ff9606d0000 - 0x00007ff96074f000 	C:\WINDOWS\System32\fwpuclnt.dll
0x00007ff96fb30000 - 0x00007ff96fb57000 	C:\WINDOWS\System32\bcrypt.dll
0x00007ff96f230000 - 0x00007ff96f248000 	C:\WINDOWS\SYSTEM32\CRYPTSP.dll
0x00007ff96e950000 - 0x00007ff96e984000 	C:\WINDOWS\system32\rsaenh.dll
0x00007ff96f750000 - 0x00007ff96f77e000 	C:\WINDOWS\SYSTEM32\USERENV.dll
0x00007ff96f890000 - 0x00007ff96f913000 	C:\WINDOWS\System32\bcryptprimitives.dll
0x00007ff96f250000 - 0x00007ff96f25c000 	C:\WINDOWS\SYSTEM32\CRYPTBASE.dll
0x00007ff9660a0000 - 0x00007ff9660b7000 	C:\WINDOWS\SYSTEM32\dhcpcsvc6.DLL
0x00007ff966060000 - 0x00007ff96607d000 	C:\WINDOWS\SYSTEM32\dhcpcsvc.DLL
0x00007ff967350000 - 0x00007ff967374000 	C:\Program Files\Java\jdk1.8.0_201\jre\bin\sunec.dll
0x00007ff921540000 - 0x00007ff92437d000 	C:\Users\lenovo\Desktop\人脸识别\Face-recognition-main\ArcSoft_ArcFace_Java_Windows_x64_V3.0\libs\WIN64\libarcsoft_face.dll
0x00007ff9535f0000 - 0x00007ff953696000 	C:\WINDOWS\SYSTEM32\MSVCP120.dll
0x00007ff953500000 - 0x00007ff9535ef000 	C:\WINDOWS\SYSTEM32\MSVCR120.dll
0x00007ff94ec30000 - 0x00007ff94ecaf000 	C:\Users\lenovo\Desktop\人脸识别\Face-recognition-main\ArcSoft_ArcFace_Java_Windows_x64_V3.0\libs\WIN64\libarcsoft_face_engine.dll
0x00007ff970fe0000 - 0x00007ff971036000 	C:\WINDOWS\System32\WLDAP32.dll
0x00007ff94f190000 - 0x00007ff94f1b5000 	C:\Users\lenovo\Desktop\人脸识别\Face-recognition-main\ArcSoft_ArcFace_Java_Windows_x64_V3.0\libs\WIN64\libarcsoft_face_engine_jni.dll
0x00007ff94e570000 - 0x00007ff94e709000 	C:\Program Files\Java\jdk1.8.0_201\jre\bin\awt.dll
0x00007ff971580000 - 0x00007ff97164d000 	C:\WINDOWS\System32\OLEAUT32.dll
0x00007ff96bef0000 - 0x00007ff96bf80000 	C:\WINDOWS\SYSTEM32\apphelp.dll
0x00007ff94f060000 - 0x00007ff94f091000 	C:\Program Files\Java\jdk1.8.0_201\jre\bin\jpeg.dll
0x00007ff94e810000 - 0x00007ff94e84e000 	C:\Program Files\Java\jdk1.8.0_201\jre\bin\lcms.dll
0x00007ff96d690000 - 0x00007ff96d874000 	C:\WINDOWS\SYSTEM32\dbghelp.dll

VM Arguments:
jvm_args: -XX:TieredStopAtLevel=1 -Xverify:none -Dspring.output.ansi.enabled=always -Dcom.sun.management.jmxremote -Dcom.sun.management.jmxremote.port=50497 -Dcom.sun.management.jmxremote.authenticate=false -Dcom.sun.management.jmxremote.ssl=false -Djava.rmi.server.hostname=localhost -Dspring.liveBeansView.mbeanDomain -Dspring.application.admin.enabled=true -javaagent:F:\subject\IDEA 2018_sssam.com\IntelliJ IDEA 2018.2.4\lib\idea_rt.jar=50498:F:\subject\IDEA 2018_sssam.com\IntelliJ IDEA 2018.2.4\bin -Dfile.encoding=UTF-8 
java_command: com.tangcheng.face_corn.FaceCornApplication
java_class_path (initial): C:\Program Files\Java\jdk1.8.0_201\jre\lib\charsets.jar;C:\Program Files\Java\jdk1.8.0_201\jre\lib\deploy.jar;C:\Program Files\Java\jdk1.8.0_201\jre\lib\ext\access-bridge-64.jar;C:\Program Files\Java\jdk1.8.0_201\jre\lib\ext\cldrdata.jar;C:\Program Files\Java\jdk1.8.0_201\jre\lib\ext\dnsns.jar;C:\Program Files\Java\jdk1.8.0_201\jre\lib\ext\jaccess.jar;C:\Program Files\Java\jdk1.8.0_201\jre\lib\ext\jfxrt.jar;C:\Program Files\Java\jdk1.8.0_201\jre\lib\ext\localedata.jar;C:\Program Files\Java\jdk1.8.0_201\jre\lib\ext\nashorn.jar;C:\Program Files\Java\jdk1.8.0_201\jre\lib\ext\sunec.jar;C:\Program Files\Java\jdk1.8.0_201\jre\lib\ext\sunjce_provider.jar;C:\Program Files\Java\jdk1.8.0_201\jre\lib\ext\sunmscapi.jar;C:\Program Files\Java\jdk1.8.0_201\jre\lib\ext\sunpkcs11.jar;C:\Program Files\Java\jdk1.8.0_201\jre\lib\ext\zipfs.jar;C:\Program Files\Java\jdk1.8.0_201\jre\lib\javaws.jar;C:\Program Files\Java\jdk1.8.0_201\jre\lib\jce.jar;C:\Program Files\Java\jdk1.8.0_201\jre\lib\jfr.jar;C:\Program Files\Java\jdk1.8.0_201\jre\lib\jfxswt.jar;C:\Program Files\Java\jdk1.8.0_201\jre\lib\jsse.jar;C:\Program Files\Java\jdk1.8.0_201\jre\lib\management-agent.jar;C:\Program Files\Java\jdk1.8.0_201\jre\lib\plugin.jar;C:\Program Files\Java\jdk1.8.0_201\jre\lib\resources.jar;C:\Program Files\Java\jdk1.8.0_201\jre\lib\rt.jar;C:\Users\lenovo\Desktop\人脸识别\Face-recognition-main\facesystem\face_corn\target\classes;C:\Users\lenovo\Desktop\人脸识别\Face-recognition-main\facesystem\common\target\classes;F:\subject\JavaWeb\maven-l\com\auth0\java-jwt\3.4.0\java-jwt-3.4.0.jar;F:\subject\JavaWeb\maven-l\commons-codec\commons-codec\1.15\commons-codec-1.15.jar;F:\subject\JavaWeb\maven-l\com\aliyun\oss\aliyun-sdk-oss\3.12.0\aliyun-sdk-oss-3.12.0.jar;F:\subject\JavaWeb\maven-l\org\apache\httpcomponents\httpclient\4.5.13\httpclient-4.5.13.jar;F:\subject\JavaWeb\maven-l\org\apache\httpcomponents\httpcore\4.4.14\httpcore-4.4.14.jar;F:\subject\JavaWeb\maven-l\org\jdom\jdom2\2.
Launcher Type: SUN_STANDARD

Environment Variables:
JAVA_HOME=C:\Program Files\Java\jdk1.8.0_201
CLASSPATH=.;C:\Program Files\Java\jdk1.8.0_201\lib\dt.jar,C:\Program Files\Java\jdk1.8.0_201\lib\tools.jar;F:\subject\JavaWeb\apache-tomcat-8.5.45\lib\servlet-api.jar
PATH=C:\Program Files (x86)\Common Files\Oracle\Java\javapath;C:\WINDOWS\system32;C:\WINDOWS;C:\WINDOWS\System32\Wbem;C:\WINDOWS\System32\WindowsPowerShell\v1.0\;C:\WINDOWS\System32\OpenSSH\;F:\subject\JavaWeb\apache-tomcat-8.5.45\bin;F:\subject\JavaWeb\apache-tomcat-8.5.45\lib;C:\Program Files\NVIDIA Corporation\NVIDIA NvDLISR;F:\subject\JavaWeb\apache-maven-3.3.9\bin;F:\subject\JavaWeb\Gradle\gradle-6.9.1\bin;F:\subject\JavaWeb\nodejs;C:\Program Files\Java\jdk1.8.0_201\bin;C:\Program Files\MySQL\MySQL Server 8.0\bin;F:\subject\JavaWeb\env\MongoDB\bin;C:\Users\lenovo\AppData\Local\Microsoft\WindowsApps;F:\subject\PyCharm\PyCharm Community Edition 2020.3.3\bin;;F:\subject\JavaWeb\Microsoft VS Code\bin;F:\subject\JavaWeb\nodejs\node_global;
USERNAME=lenovo
OS=Windows_NT
PROCESSOR_IDENTIFIER=Intel64 Family 6 Model 158 Stepping 10, GenuineIntel



---------------  S Y S T E M  ---------------

OS: Windows 10.0 , 64 bit Build 19041 (10.0.19041.1202)

CPU:total 8 (initial active 8) (4 cores per cpu, 2 threads per core) family 6 model 158 stepping 10, cmov, cx8, fxsr, mmx, sse, sse2, sse3, ssse3, sse4.1, sse4.2, popcnt, avx, avx2, aes, clmul, erms, 3dnowpref, lzcnt, ht, tsc, tscinvbit, bmi1, bmi2, adx

Memory: 4k page, physical 8306932k(1073772k free), swap 18792692k(2887176k free)

vm_info: Java HotSpot(TM) 64-Bit Server VM (25.201-b09) for windows-amd64 JRE (1.8.0_201-b09), built on Dec 15 2018 18:36:39 by "java_re" with MS VC++ 10.0 (VS2010)

time: Thu Oct 28 18:21:43 2021
timezone: 中国标准时间
elapsed time: 58 seconds (0d 0h 0m 58s)

