#
# A fatal error has been detected by the Java Runtime Environment:
#
#  EXCEPTION_ACCESS_VIOLATION (0xc0000005) at pc=0x00007ffe4f61e0e5, pid=19604, tid=0x0000000000003620
#
# JRE version: Java(TM) SE Runtime Environment (8.0_201-b09) (build 1.8.0_201-b09)
# Java VM: Java HotSpot(TM) 64-Bit Server VM (25.201-b09 mixed mode windows-amd64 compressed oops)
# Problematic frame:
# C  [libarcsoft_face.dll+0xe0e5]
#
# Failed to write core dump. Minidumps are not enabled by default on client versions of Windows
#
# If you would like to submit a bug report, please visit:
#   http://bugreport.java.com/bugreport/crash.jsp
# The crash happened outside the Java Virtual Machine in native code.
# See problematic frame for where to report the bug.
#

---------------  T H R E A D  ---------------

Current thread (0x000000001efb0000):  JavaThread "http-nio-8081-exec-8" daemon [_thread_in_native, id=13856, stack(0x00000000227b0000,0x00000000229b0000)]

siginfo: ExceptionCode=0xc0000005, writing address 0xfffffffe27fb7e60

Registers:
RAX=0x0000000000000061, RBX=0x0000000080002000, RCX=0x0000000000000049, RDX=0xffffffff80000000
RSP=0x00000000229aca20, RBP=0x0000000080000000, RSI=0x0000000000000140, RDI=0x0000000080000000
R8 =0x00000000000000ff, R9 =0x0000000000000000, R10=0x0000000080001000, R11=0x0000000027fb7e60
R12=0x0000000000000040, R13=0x0000000000000040, R14=0x0000000000000000, R15=0x000000001f202a40
RIP=0x00007ffe4f61e0e5, EFLAGS=0x0000000000010202

Top of Stack: (sp=0x00000000229aca20)
0x00000000229aca20:   0000000000000000 0000000000002000
0x00000000229aca30:   0000000000000010 0000000000000040
0x00000000229aca40:   0000000000000000 0000000027fc4780
0x00000000229aca50:   00000000229acb60 00007ffe4f61c5f2
0x00000000229aca60:   0000000000000000 00007ffe4f6217a3
0x00000000229aca70:   000000002801f6f0 000000002801f660
0x00000000229aca80:   0000000080000000 0000000000000049
0x00000000229aca90:   0000000000000061 000000000000006d
0x00000000229acaa0:   0000000000000000 0000000000000000
0x00000000229acab0:   0000000000000040 00000000000003c0
0x00000000229acac0:   0000000000000000 0000000000000000
0x00000000229acad0:   0000000000000040 00000000229acbf8
0x00000000229acae0:   0000000000000000 0000000000000040
0x00000000229acaf0:   0000000000000040 0000000027fb7e60
0x00000000229acb00:   0000000022bacd60 00007ffe4f61bf04
0x00000000229acb10:   0000000080000000 00007ffe000000f0 

Instructions: (pc=0x00007ffe4f61e0e5)
0x00007ffe4f61e0c5:   0f 4f c8 45 33 c9 85 c9 41 0f 48 c9 41 3b c0 41
0x00007ffe4f61e0d5:   0f 4f c0 85 c0 41 0f 48 c1 66 0f 6e c1 0f 5b c0
0x00007ffe4f61e0e5:   f3 41 0f 11 04 93 66 0f 6e c0 49 63 c2 0f 5b c0
0x00007ffe4f61e0f5:   f3 41 0f 11 04 83 8b 44 24 78 eb 51 83 f9 01 75 


Register to memory mapping:

RAX=0x0000000000000061 is an unknown value
RBX=0x0000000080002000 is an oop
java.lang.String 
 - klass: 'java/lang/String'
RCX=0x0000000000000049 is an unknown value
RDX=0xffffffff80000000 is an unknown value
RSP=0x00000000229aca20 is pointing into the stack for thread: 0x000000001efb0000
RBP=0x0000000080000000 is an oop
java.lang.String 
 - klass: 'java/lang/String'
RSI=0x0000000000000140 is an unknown value
RDI=0x0000000080000000 is an oop
java.lang.String 
 - klass: 'java/lang/String'
R8 =0x00000000000000ff is an unknown value
R9 =0x0000000000000000 is an unknown value
R10=0x0000000080001000 is pointing into object: 0x0000000080000f98
java.lang.Class 
 - klass: 'java/lang/Class'
R11=0x0000000027fb7e60 is an unknown value
R12=0x0000000000000040 is an unknown value
R13=0x0000000000000040 is an unknown value
R14=0x0000000000000000 is an unknown value
R15=0x000000001f202a40 is an unknown value


Stack: [0x00000000227b0000,0x00000000229b0000],  sp=0x00000000229aca20,  free space=2034k
Native frames: (J=compiled Java code, j=interpreted, Vv=VM code, C=native code)
C  [libarcsoft_face.dll+0xe0e5]
C  [libarcsoft_face.dll+0xc5f2]
C  [libarcsoft_face.dll+0xbf04]
C  [libarcsoft_face.dll+0x9049]
C  [libarcsoft_face.dll+0x89bc]
C  [libarcsoft_face.dll+0x7d0a]
C  [libarcsoft_face.dll+0x3c88]
C  [libarcsoft_face_engine.dll+0x58ca]
C  [libarcsoft_face_engine_jni.dll+0x18f6]
C  0x00000000036c8c67

Java frames: (J=compiled Java code, j=interpreted, Vv=VM code)
j  com.arcsoft.face.FaceEngine.detectFaces(J[BIIII[Lcom/arcsoft/face/FaceInfo;)I+0
j  com.arcsoft.face.FaceEngine.detectFaces([BIILcom/arcsoft/face/enums/ImageFormat;Lcom/arcsoft/face/enums/DetectModel;Ljava/util/List;)I+107
j  com.arcsoft.face.FaceEngine.detectFaces([BIILcom/arcsoft/face/enums/ImageFormat;Ljava/util/List;)I+11
j  com.tangcheng.face_corn.service.impl.faceServiceImpl.facesearch(Ljava/io/InputStream;Ljava/util/List;)Ljava/lang/String;+45
j  com.tangcheng.face_corn.controller.faceController.facesearch(Ljava/lang/String;Ljava/util/List;)Lresult/Result;+22
v  ~StubRoutines::call_stub
J 1729  sun.reflect.NativeMethodAccessorImpl.invoke0(Ljava/lang/reflect/Method;Ljava/lang/Object;[Ljava/lang/Object;)Ljava/lang/Object; (0 bytes) @ 0x0000000003a517ff [0x0000000003a51780+0x7f]
J 1728 C1 sun.reflect.NativeMethodAccessorImpl.invoke(Ljava/lang/Object;[Ljava/lang/Object;)Ljava/lang/Object; (104 bytes) @ 0x0000000003a5305c [0x0000000003a52ce0+0x37c]
J 1635 C1 sun.reflect.DelegatingMethodAccessorImpl.invoke(Ljava/lang/Object;[Ljava/lang/Object;)Ljava/lang/Object; (10 bytes) @ 0x0000000003a277a4 [0x0000000003a27760+0x44]
J 1634 C1 java.lang.reflect.Method.invoke(Ljava/lang/Object;[Ljava/lang/Object;)Ljava/lang/Object; (62 bytes) @ 0x0000000003a273d4 [0x0000000003a272e0+0xf4]
j  org.springframework.web.method.support.InvocableHandlerMethod.doInvoke([Ljava/lang/Object;)Ljava/lang/Object;+32
j  org.springframework.web.method.support.InvocableHandlerMethod.invokeForRequest(Lorg/springframework/web/context/request/NativeWebRequest;Lorg/springframework/web/method/support/ModelAndViewContainer;[Ljava/lang/Object;)Ljava/lang/Object;+54
j  org.springframework.web.servlet.mvc.method.annotation.ServletInvocableHandlerMethod.invokeAndHandle(Lorg/springframework/web/context/request/ServletWebRequest;Lorg/springframework/web/method/support/ModelAndViewContainer;[Ljava/lang/Object;)V+4
j  org.springframework.web.servlet.mvc.method.annotation.RequestMappingHandlerAdapter.invokeHandlerMethod(Ljavax/servlet/http/HttpServletRequest;Ljavax/servlet/http/HttpServletResponse;Lorg/springframework/web/method/HandlerMethod;)Lorg/springframework/web/servlet/ModelAndView;+244
j  org.springframework.web.servlet.mvc.method.annotation.RequestMappingHandlerAdapter.handleInternal(Ljavax/servlet/http/HttpServletRequest;Ljavax/servlet/http/HttpServletResponse;Lorg/springframework/web/method/HandlerMethod;)Lorg/springframework/web/servlet/ModelAndView;+81
j  org.springframework.web.servlet.mvc.method.AbstractHandlerMethodAdapter.handle(Ljavax/servlet/http/HttpServletRequest;Ljavax/servlet/http/HttpServletResponse;Ljava/lang/Object;)Lorg/springframework/web/servlet/ModelAndView;+7
j  org.springframework.web.servlet.DispatcherServlet.doDispatch(Ljavax/servlet/http/HttpServletRequest;Ljavax/servlet/http/HttpServletResponse;)V+259
j  org.springframework.web.servlet.DispatcherServlet.doService(Ljavax/servlet/http/HttpServletRequest;Ljavax/servlet/http/HttpServletResponse;)V+241
j  org.springframework.web.servlet.FrameworkServlet.processRequest(Ljavax/servlet/http/HttpServletRequest;Ljavax/servlet/http/HttpServletResponse;)V+71
j  org.springframework.web.servlet.FrameworkServlet.doPost(Ljavax/servlet/http/HttpServletRequest;Ljavax/servlet/http/HttpServletResponse;)V+3
j  javax.servlet.http.HttpServlet.service(Ljavax/servlet/http/HttpServletRequest;Ljavax/servlet/http/HttpServletResponse;)V+149
j  org.springframework.web.servlet.FrameworkServlet.service(Ljavax/servlet/http/HttpServletRequest;Ljavax/servlet/http/HttpServletResponse;)V+33
j  javax.servlet.http.HttpServlet.service(Ljavax/servlet/ServletRequest;Ljavax/servlet/ServletResponse;)V+36
j  org.apache.catalina.core.ApplicationFilterChain.internalDoFilter(Ljavax/servlet/ServletRequest;Ljavax/servlet/ServletResponse;)V+304
j  org.apache.catalina.core.ApplicationFilterChain.doFilter(Ljavax/servlet/ServletRequest;Ljavax/servlet/ServletResponse;)V+99
j  org.apache.tomcat.websocket.server.WsFilter.doFilter(Ljavax/servlet/ServletRequest;Ljavax/servlet/ServletResponse;Ljavax/servlet/FilterChain;)V+21
j  org.apache.catalina.core.ApplicationFilterChain.internalDoFilter(Ljavax/servlet/ServletRequest;Ljavax/servlet/ServletResponse;)V+135
j  org.apache.catalina.core.ApplicationFilterChain.doFilter(Ljavax/servlet/ServletRequest;Ljavax/servlet/ServletResponse;)V+99
j  org.springframework.web.filter.RequestContextFilter.doFilterInternal(Ljavax/servlet/http/HttpServletRequest;Ljavax/servlet/http/HttpServletResponse;Ljavax/servlet/FilterChain;)V+21
j  org.springframework.web.filter.OncePerRequestFilter.doFilter(Ljavax/servlet/ServletRequest;Ljavax/servlet/ServletResponse;Ljavax/servlet/FilterChain;)V+147
j  org.apache.catalina.core.ApplicationFilterChain.internalDoFilter(Ljavax/servlet/ServletRequest;Ljavax/servlet/ServletResponse;)V+135
j  org.apache.catalina.core.ApplicationFilterChain.doFilter(Ljavax/servlet/ServletRequest;Ljavax/servlet/ServletResponse;)V+99
j  org.springframework.web.filter.FormContentFilter.doFilterInternal(Ljavax/servlet/http/HttpServletRequest;Ljavax/servlet/http/HttpServletResponse;Ljavax/servlet/FilterChain;)V+38
j  org.springframework.web.filter.OncePerRequestFilter.doFilter(Ljavax/servlet/ServletRequest;Ljavax/servlet/ServletResponse;Ljavax/servlet/FilterChain;)V+147
j  org.apache.catalina.core.ApplicationFilterChain.internalDoFilter(Ljavax/servlet/ServletRequest;Ljavax/servlet/ServletResponse;)V+135
j  org.apache.catalina.core.ApplicationFilterChain.doFilter(Ljavax/servlet/ServletRequest;Ljavax/servlet/ServletResponse;)V+99
j  org.springframework.web.filter.CharacterEncodingFilter.doFilterInternal(Ljavax/servlet/http/HttpServletRequest;Ljavax/servlet/http/HttpServletResponse;Ljavax/servlet/FilterChain;)V+53
j  org.springframework.web.filter.OncePerRequestFilter.doFilter(Ljavax/servlet/ServletRequest;Ljavax/servlet/ServletResponse;Ljavax/servlet/FilterChain;)V+147
j  org.apache.catalina.core.ApplicationFilterChain.internalDoFilter(Ljavax/servlet/ServletRequest;Ljavax/servlet/ServletResponse;)V+135
j  org.apache.catalina.core.ApplicationFilterChain.doFilter(Ljavax/servlet/ServletRequest;Ljavax/servlet/ServletResponse;)V+99
j  org.apache.catalina.core.StandardWrapperValve.invoke(Lorg/apache/catalina/connector/Request;Lorg/apache/catalina/connector/Response;)V+694
j  org.apache.catalina.core.StandardContextValve.invoke(Lorg/apache/catalina/connector/Request;Lorg/apache/catalina/connector/Response;)V+169
j  org.apache.catalina.authenticator.AuthenticatorBase.invoke(Lorg/apache/catalina/connector/Request;Lorg/apache/catalina/connector/Response;)V+260
j  org.apache.catalina.core.StandardHostValve.invoke(Lorg/apache/catalina/connector/Request;Lorg/apache/catalina/connector/Response;)V+128
j  org.apache.catalina.valves.ErrorReportValve.invoke(Lorg/apache/catalina/connector/Request;Lorg/apache/catalina/connector/Response;)V+6
j  org.apache.catalina.core.StandardEngineValve.invoke(Lorg/apache/catalina/connector/Request;Lorg/apache/catalina/connector/Response;)V+59
j  org.apache.catalina.connector.CoyoteAdapter.service(Lorg/apache/coyote/Request;Lorg/apache/coyote/Response;)V+199
j  org.apache.coyote.http11.Http11Processor.service(Lorg/apache/tomcat/util/net/SocketWrapperBase;)Lorg/apache/tomcat/util/net/AbstractEndpoint$Handler$SocketState;+737
j  org.apache.coyote.AbstractProcessorLight.process(Lorg/apache/tomcat/util/net/SocketWrapperBase;Lorg/apache/tomcat/util/net/SocketEvent;)Lorg/apache/tomcat/util/net/AbstractEndpoint$Handler$SocketState;+170
j  org.apache.coyote.AbstractProtocol$ConnectionHandler.process(Lorg/apache/tomcat/util/net/SocketWrapperBase;Lorg/apache/tomcat/util/net/SocketEvent;)Lorg/apache/tomcat/util/net/AbstractEndpoint$Handler$SocketState;+505
j  org.apache.tomcat.util.net.NioEndpoint$SocketProcessor.doRun()V+216
j  org.apache.tomcat.util.net.SocketProcessorBase.run()V+21
j  java.util.concurrent.ThreadPoolExecutor.runWorker(Ljava/util/concurrent/ThreadPoolExecutor$Worker;)V+95
j  java.util.concurrent.ThreadPoolExecutor$Worker.run()V+5
j  org.apache.tomcat.util.threads.TaskThread$WrappingRunnable.run()V+4
j  java.lang.Thread.run()V+11
v  ~StubRoutines::call_stub

---------------  P R O C E S S  ---------------

Java Threads: ( => current thread )
  0x000000001efbb000 JavaThread "Java2D Disposer" daemon [_thread_blocked, id=22892, stack(0x0000000042540000,0x0000000042740000)]
  0x000000001efbc000 JavaThread "lettuce-eventExecutorLoop-1-2" daemon [_thread_blocked, id=17668, stack(0x0000000042340000,0x0000000042540000)]
  0x000000001efb6800 JavaThread "lettuce-eventExecutorLoop-1-1" daemon [_thread_blocked, id=23112, stack(0x00000000250c0000,0x00000000252c0000)]
  0x000000001efb1800 JavaThread "lettuce-nioEventLoop-4-1" daemon [_thread_in_native, id=19416, stack(0x0000000023bb0000,0x0000000023db0000)]
  0x000000001efb6000 JavaThread "DiscoveryClient-HeartbeatExecutor-0" daemon [_thread_blocked, id=21944, stack(0x00000000237b0000,0x00000000239b0000)]
  0x000000001efb5000 JavaThread "DiscoveryClient-CacheRefreshExecutor-0" daemon [_thread_blocked, id=22100, stack(0x00000000235b0000,0x00000000237b0000)]
  0x000000001efb8000 JavaThread "DestroyJavaVM" [_thread_blocked, id=19208, stack(0x0000000003370000,0x0000000003570000)]
  0x000000001efad800 JavaThread "http-nio-8081-Acceptor" daemon [_thread_in_native, id=19804, stack(0x0000000022fb0000,0x00000000231b0000)]
  0x000000001efb0800 JavaThread "http-nio-8081-ClientPoller" daemon [_thread_in_native, id=23964, stack(0x0000000022db0000,0x0000000022fb0000)]
  0x000000001efb3800 JavaThread "http-nio-8081-exec-10" daemon [_thread_blocked, id=25392, stack(0x0000000022bb0000,0x0000000022db0000)]
  0x000000001efb2000 JavaThread "http-nio-8081-exec-9" daemon [_thread_in_native, id=25084, stack(0x00000000229b0000,0x0000000022bb0000)]
=>0x000000001efb0000 JavaThread "http-nio-8081-exec-8" daemon [_thread_in_native, id=13856, stack(0x00000000227b0000,0x00000000229b0000)]
  0x000000001efaf000 JavaThread "http-nio-8081-exec-7" daemon [_thread_in_native, id=18696, stack(0x00000000225b0000,0x00000000227b0000)]
  0x000000001efae800 JavaThread "http-nio-8081-exec-6" daemon [_thread_in_native, id=24652, stack(0x00000000223b0000,0x00000000225b0000)]
  0x000000001efb4800 JavaThread "http-nio-8081-exec-5" daemon [_thread_blocked, id=24872, stack(0x00000000221b0000,0x00000000223b0000)]
  0x000000001efb3000 JavaThread "http-nio-8081-exec-4" daemon [_thread_blocked, id=20236, stack(0x0000000021fb0000,0x00000000221b0000)]
  0x000000001cddf800 JavaThread "http-nio-8081-exec-3" daemon [_thread_blocked, id=24924, stack(0x0000000021db0000,0x0000000021fb0000)]
  0x000000001cdde800 JavaThread "http-nio-8081-exec-2" daemon [_thread_blocked, id=19828, stack(0x0000000021bb0000,0x0000000021db0000)]
  0x000000001cdda000 JavaThread "http-nio-8081-exec-1" daemon [_thread_blocked, id=17444, stack(0x00000000219b0000,0x0000000021bb0000)]
  0x000000001cddb000 JavaThread "http-nio-8081-BlockPoller" daemon [_thread_in_native, id=25568, stack(0x00000000217b0000,0x00000000219b0000)]
  0x000000001cdde000 JavaThread "DiscoveryClient-InstanceInfoReplicator-0" daemon [_thread_blocked, id=24864, stack(0x00000000215b0000,0x00000000217b0000)]
  0x000000001cde0000 JavaThread "DiscoveryClient-1" daemon [_thread_blocked, id=25596, stack(0x00000000213b0000,0x00000000215b0000)]
  0x000000001cddd000 JavaThread "DiscoveryClient-0" daemon [_thread_blocked, id=24732, stack(0x00000000210b0000,0x00000000212b0000)]
  0x000000001cddc800 JavaThread "AsyncResolver-bootstrap-0" daemon [_thread_blocked, id=24736, stack(0x0000000020ab0000,0x0000000020cb0000)]
  0x000000001cde1000 JavaThread "spring.cloud.inetutils" daemon [_thread_blocked, id=24712, stack(0x00000000206b0000,0x00000000208b0000)]
  0x000000001e791800 JavaThread "lettuce-timer-3-1" daemon [_thread_blocked, id=20384, stack(0x000000001feb0000,0x00000000200b0000)]
  0x000000001d2d9000 JavaThread "container-0" [_thread_blocked, id=18740, stack(0x000000001fab0000,0x000000001fcb0000)]
  0x000000001d2b1000 JavaThread "Catalina-utility-2" [_thread_blocked, id=23364, stack(0x000000001f8b0000,0x000000001fab0000)]
  0x000000001e737800 JavaThread "Catalina-utility-1" [_thread_blocked, id=15280, stack(0x000000001f6b0000,0x000000001f8b0000)]
  0x000000001b571800 JavaThread "Service Thread" daemon [_thread_blocked, id=24944, stack(0x000000001bf60000,0x000000001c160000)]
  0x000000001b433800 JavaThread "C1 CompilerThread3" daemon [_thread_blocked, id=15928, stack(0x000000001be60000,0x000000001bf60000)]
  0x000000001b433000 JavaThread "C2 CompilerThread2" daemon [_thread_blocked, id=25580, stack(0x000000001bd60000,0x000000001be60000)]
  0x000000001b4d7000 JavaThread "C2 CompilerThread1" daemon [_thread_blocked, id=25576, stack(0x000000001bc60000,0x000000001bd60000)]
  0x000000001b430000 JavaThread "C2 CompilerThread0" daemon [_thread_blocked, id=24252, stack(0x000000001bb60000,0x000000001bc60000)]
  0x000000001b424800 JavaThread "Monitor Ctrl-Break" daemon [_thread_in_native, id=6528, stack(0x000000001b960000,0x000000001bb60000)]
  0x000000001a59c000 JavaThread "Attach Listener" daemon [_thread_blocked, id=16656, stack(0x000000001af60000,0x000000001b160000)]
  0x000000001a541800 JavaThread "Signal Dispatcher" daemon [_thread_blocked, id=16064, stack(0x000000001ad60000,0x000000001af60000)]
  0x0000000018723800 JavaThread "Finalizer" daemon [_thread_blocked, id=21684, stack(0x000000001ab00000,0x000000001ad00000)]
  0x000000001a520800 JavaThread "Reference Handler" daemon [_thread_blocked, id=23184, stack(0x000000001a900000,0x000000001ab00000)]

Other Threads:
  0x0000000018716800 VMThread [stack: 0x000000001a400000,0x000000001a500000] [id=10232]
  0x000000001b582800 WatcherThread [stack: 0x000000001c160000,0x000000001c260000] [id=16868]

VM state:not at safepoint (normal execution)

VM Mutex/Monitor currently owned by a thread: None

heap address: 0x0000000080000000, size: 2048 MB, Compressed Oops mode: 32-bit
Narrow klass base: 0x0000000000000000, Narrow klass shift: 3
Compressed class space size: 1073741824 Address: 0x0000000100000000

Heap:
 PSYoungGen      total 277504K, used 71328K [0x00000000d5580000, 0x00000000f1e80000, 0x0000000100000000)
  eden space 259072K, 20% used [0x00000000d5580000,0x00000000d89302e8,0x00000000e5280000)
  from space 18432K, 99% used [0x00000000e5280000,0x00000000e64780e0,0x00000000e6480000)
  to   space 26624K, 0% used [0x00000000f0480000,0x00000000f0480000,0x00000000f1e80000)
 ParOldGen       total 87552K, used 28413K [0x0000000080000000, 0x0000000085580000, 0x00000000d5580000)
  object space 87552K, 32% used [0x0000000080000000,0x0000000081bbf648,0x0000000085580000)
 Metaspace       used 53282K, capacity 56886K, committed 57088K, reserved 1097728K
  class space    used 7282K, capacity 7929K, committed 7936K, reserved 1048576K

Card table byte_map: [0x0000000012a70000,0x0000000012e80000] byte_map_base: 0x0000000012670000

Marking Bits: (ParMarkBitMap*) 0x000000005aa64ce0
 Begin Bits: [0x0000000013930000, 0x0000000015930000)
 End Bits:   [0x0000000015930000, 0x0000000017930000)

Polling page: 0x0000000002d30000

CodeCache: size=245760Kb used=9129Kb max_used=9129Kb free=236630Kb
 bounds [0x00000000036b0000, 0x0000000003fa0000, 0x00000000126b0000]
 total_blobs=5212 nmethods=4621 adapters=503
 compilation: enabled

Compilation events (10 events):
Event: 62.456 Thread 0x000000001b433800 4743       1       java.awt.image.ComponentColorModel::getDataElements (3206 bytes)
Event: 62.460 Thread 0x000000001b433800 nmethod 4743 0x0000000003f93cd0 code [0x0000000003f94700, 0x0000000003f97ac8]
Event: 62.461 Thread 0x000000001b433800 4742       1       sun.java2d.StateTrackableDelegate::markDirty (6 bytes)
Event: 62.461 Thread 0x000000001b433800 nmethod 4742 0x0000000003f9be50 code [0x0000000003f9bfa0, 0x0000000003f9c0d0]
Event: 62.464 Thread 0x000000001b433800 4745 %     1       java.awt.image.BufferedImage::setRGB @ 26 (86 bytes)
Event: 62.464 Thread 0x000000001b433800 nmethod 4745% 0x0000000003f9c110 code [0x0000000003f9c2a0, 0x0000000003f9c698]
Event: 62.465 Thread 0x000000001b433800 4746       1       java.awt.image.BufferedImage::setRGB (86 bytes)
Event: 62.465 Thread 0x000000001b433800 nmethod 4746 0x0000000003f9c8d0 code [0x0000000003f9ca40, 0x0000000003f9ccd8]
Event: 62.466 Thread 0x000000001b433800 4747       1       java.awt.image.SampleModel::getNumBands (5 bytes)
Event: 62.466 Thread 0x000000001b433800 nmethod 4747 0x0000000003f9ced0 code [0x0000000003f9d020, 0x0000000003f9d130]

GC Heap History (10 events):
Event: 2.430 GC heap before
{Heap before GC invocations=5 (full 0):
 PSYoungGen      total 71680K, used 71648K [0x00000000d5580000, 0x00000000da080000, 0x0000000100000000)
  eden space 66560K, 100% used [0x00000000d5580000,0x00000000d9680000,0x00000000d9680000)
  from space 5120K, 99% used [0x00000000d9b80000,0x00000000da078338,0x00000000da080000)
  to   space 5120K, 0% used [0x00000000d9680000,0x00000000d9680000,0x00000000d9b80000)
 ParOldGen       total 87552K, used 2921K [0x0000000080000000, 0x0000000085580000, 0x00000000d5580000)
  object space 87552K, 3% used [0x0000000080000000,0x00000000802da580,0x0000000085580000)
 Metaspace       used 19131K, capacity 20048K, committed 20352K, reserved 1067008K
  class space    used 2638K, capacity 2874K, committed 2944K, reserved 1048576K
Event: 2.442 GC heap after
Heap after GC invocations=5 (full 0):
 PSYoungGen      total 71680K, used 5094K [0x00000000d5580000, 0x00000000dea80000, 0x0000000100000000)
  eden space 66560K, 0% used [0x00000000d5580000,0x00000000d5580000,0x00000000d9680000)
  from space 5120K, 99% used [0x00000000d9680000,0x00000000d9b79a58,0x00000000d9b80000)
  to   space 9728K, 0% used [0x00000000de100000,0x00000000de100000,0x00000000dea80000)
 ParOldGen       total 87552K, used 7613K [0x0000000080000000, 0x0000000085580000, 0x00000000d5580000)
  object space 87552K, 8% used [0x0000000080000000,0x000000008076f530,0x0000000085580000)
 Metaspace       used 19131K, capacity 20048K, committed 20352K, reserved 1067008K
  class space    used 2638K, capacity 2874K, committed 2944K, reserved 1048576K
}
Event: 2.798 GC heap before
{Heap before GC invocations=6 (full 0):
 PSYoungGen      total 71680K, used 71654K [0x00000000d5580000, 0x00000000dea80000, 0x0000000100000000)
  eden space 66560K, 100% used [0x00000000d5580000,0x00000000d9680000,0x00000000d9680000)
  from space 5120K, 99% used [0x00000000d9680000,0x00000000d9b79a58,0x00000000d9b80000)
  to   space 9728K, 0% used [0x00000000de100000,0x00000000de100000,0x00000000dea80000)
 ParOldGen       total 87552K, used 7613K [0x0000000080000000, 0x0000000085580000, 0x00000000d5580000)
  object space 87552K, 8% used [0x0000000080000000,0x000000008076f530,0x0000000085580000)
 Metaspace       used 21673K, capacity 22752K, committed 23040K, reserved 1069056K
  class space    used 2956K, capacity 3212K, committed 3328K, reserved 1048576K
Event: 2.808 GC heap after
Heap after GC invocations=6 (full 0):
 PSYoungGen      total 140288K, used 9719K [0x00000000d5580000, 0x00000000def80000, 0x0000000100000000)
  eden space 130560K, 0% used [0x00000000d5580000,0x00000000d5580000,0x00000000dd500000)
  from space 9728K, 99% used [0x00000000de100000,0x00000000dea7dcc0,0x00000000dea80000)
  to   space 12288K, 0% used [0x00000000dd500000,0x00000000dd500000,0x00000000de100000)
 ParOldGen       total 87552K, used 9176K [0x0000000080000000, 0x0000000085580000, 0x00000000d5580000)
  object space 87552K, 10% used [0x0000000080000000,0x00000000808f60b8,0x0000000085580000)
 Metaspace       used 21673K, capacity 22752K, committed 23040K, reserved 1069056K
  class space    used 2956K, capacity 3212K, committed 3328K, reserved 1048576K
}
Event: 3.773 GC heap before
{Heap before GC invocations=7 (full 0):
 PSYoungGen      total 140288K, used 140279K [0x00000000d5580000, 0x00000000def80000, 0x0000000100000000)
  eden space 130560K, 100% used [0x00000000d5580000,0x00000000dd500000,0x00000000dd500000)
  from space 9728K, 99% used [0x00000000de100000,0x00000000dea7dcc0,0x00000000dea80000)
  to   space 12288K, 0% used [0x00000000dd500000,0x00000000dd500000,0x00000000de100000)
 ParOldGen       total 87552K, used 9176K [0x0000000080000000, 0x0000000085580000, 0x00000000d5580000)
  object space 87552K, 10% used [0x0000000080000000,0x00000000808f60b8,0x0000000085580000)
 Metaspace       used 27201K, capacity 28644K, committed 28928K, reserved 1075200K
  class space    used 3740K, capacity 4038K, committed 4096K, reserved 1048576K
Event: 3.786 GC heap after
Heap after GC invocations=7 (full 0):
 PSYoungGen      total 142848K, used 12274K [0x00000000d5580000, 0x00000000e7480000, 0x0000000100000000)
  eden space 130560K, 0% used [0x00000000d5580000,0x00000000d5580000,0x00000000dd500000)
  from space 12288K, 99% used [0x00000000dd500000,0x00000000de0fcbd8,0x00000000de100000)
  to   space 16384K, 0% used [0x00000000e6480000,0x00000000e6480000,0x00000000e7480000)
 ParOldGen       total 87552K, used 13505K [0x0000000080000000, 0x0000000085580000, 0x00000000d5580000)
  object space 87552K, 15% used [0x0000000080000000,0x0000000080d306a8,0x0000000085580000)
 Metaspace       used 27201K, capacity 28644K, committed 28928K, reserved 1075200K
  class space    used 3740K, capacity 4038K, committed 4096K, reserved 1048576K
}
Event: 5.265 GC heap before
{Heap before GC invocations=8 (full 0):
 PSYoungGen      total 142848K, used 142834K [0x00000000d5580000, 0x00000000e7480000, 0x0000000100000000)
  eden space 130560K, 100% used [0x00000000d5580000,0x00000000dd500000,0x00000000dd500000)
  from space 12288K, 99% used [0x00000000dd500000,0x00000000de0fcbd8,0x00000000de100000)
  to   space 16384K, 0% used [0x00000000e6480000,0x00000000e6480000,0x00000000e7480000)
 ParOldGen       total 87552K, used 13505K [0x0000000080000000, 0x0000000085580000, 0x00000000d5580000)
  object space 87552K, 15% used [0x0000000080000000,0x0000000080d306a8,0x0000000085580000)
 Metaspace       used 34615K, capacity 36896K, committed 36992K, reserved 1081344K
  class space    used 4760K, capacity 5186K, committed 5248K, reserved 1048576K
Event: 5.279 GC heap after
Heap after GC invocations=8 (full 0):
 PSYoungGen      total 275456K, used 15537K [0x00000000d5580000, 0x00000000e7880000, 0x0000000100000000)
  eden space 259072K, 0% used [0x00000000d5580000,0x00000000d5580000,0x00000000e5280000)
  from space 16384K, 94% used [0x00000000e6480000,0x00000000e73ac778,0x00000000e7480000)
  to   space 18432K, 0% used [0x00000000e5280000,0x00000000e5280000,0x00000000e6480000)
 ParOldGen       total 87552K, used 14712K [0x0000000080000000, 0x0000000085580000, 0x00000000d5580000)
  object space 87552K, 16% used [0x0000000080000000,0x0000000080e5e1d0,0x0000000085580000)
 Metaspace       used 34615K, capacity 36896K, committed 36992K, reserved 1081344K
  class space    used 4760K, capacity 5186K, committed 5248K, reserved 1048576K
}
Event: 43.238 GC heap before
{Heap before GC invocations=9 (full 0):
 PSYoungGen      total 275456K, used 274609K [0x00000000d5580000, 0x00000000e7880000, 0x0000000100000000)
  eden space 259072K, 100% used [0x00000000d5580000,0x00000000e5280000,0x00000000e5280000)
  from space 16384K, 94% used [0x00000000e6480000,0x00000000e73ac778,0x00000000e7480000)
  to   space 18432K, 0% used [0x00000000e5280000,0x00000000e5280000,0x00000000e6480000)
 ParOldGen       total 87552K, used 14712K [0x0000000080000000, 0x0000000085580000, 0x00000000d5580000)
  object space 87552K, 16% used [0x0000000080000000,0x0000000080e5e1d0,0x0000000085580000)
 Metaspace       used 51634K, capacity 55088K, committed 55424K, reserved 1097728K
  class space    used 7058K, capacity 7682K, committed 7808K, reserved 1048576K
Event: 43.257 GC heap after
Heap after GC invocations=9 (full 0):
 PSYoungGen      total 277504K, used 18400K [0x00000000d5580000, 0x00000000f1e80000, 0x0000000100000000)
  eden space 259072K, 0% used [0x00000000d5580000,0x00000000d5580000,0x00000000e5280000)
  from space 18432K, 99% used [0x00000000e5280000,0x00000000e64780e0,0x00000000e6480000)
  to   space 26624K, 0% used [0x00000000f0480000,0x00000000f0480000,0x00000000f1e80000)
 ParOldGen       total 87552K, used 28413K [0x0000000080000000, 0x0000000085580000, 0x00000000d5580000)
  object space 87552K, 32% used [0x0000000080000000,0x0000000081bbf648,0x0000000085580000)
 Metaspace       used 51634K, capacity 55088K, committed 55424K, reserved 1097728K
  class space    used 7058K, capacity 7682K, committed 7808K, reserved 1048576K
}

Deoptimization events (0 events):
No events

Classes redefined (0 events):
No events

Internal exceptions (10 events):
Event: 38.178 Thread 0x000000001efb6000 Exception <a 'java/net/SocketTimeoutException': Read timed out> (0x00000000e2181668) thrown at [C:\re\workspace\8-2-build-windows-amd64-cygwin\jdk8u201\12322\hotspot\src\share\vm\prims\jni.cpp, line 735]
Event: 38.178 Thread 0x000000001efb5000 Exception <a 'java/net/SocketTimeoutException': Read timed out> (0x00000000e1f122e8) thrown at [C:\re\workspace\8-2-build-windows-amd64-cygwin\jdk8u201\12322\hotspot\src\share\vm\prims\jni.cpp, line 735]
Event: 43.213 Thread 0x000000001efb1800 Exception <a 'java/lang/ArrayIndexOutOfBoundsException'> (0x00000000e4edd1e0) thrown at [C:\re\workspace\8-2-build-windows-amd64-cygwin\jdk8u201\12322\hotspot\src\share\vm\runtime\sharedRuntime.cpp, line 605]
Event: 43.213 Thread 0x000000001efb1800 Exception <a 'java/lang/ArrayIndexOutOfBoundsException'> (0x00000000e4ede0d0) thrown at [C:\re\workspace\8-2-build-windows-amd64-cygwin\jdk8u201\12322\hotspot\src\share\vm\runtime\sharedRuntime.cpp, line 605]
Event: 43.299 Thread 0x000000001efb3000 Exception <a 'java/lang/ArrayIndexOutOfBoundsException'> (0x00000000d5ebe5b0) thrown at [C:\re\workspace\8-2-build-windows-amd64-cygwin\jdk8u201\12322\hotspot\src\share\vm\runtime\sharedRuntime.cpp, line 605]
Event: 43.299 Thread 0x000000001efb3000 Exception <a 'java/lang/ArrayIndexOutOfBoundsException'> (0x00000000d5ec0580) thrown at [C:\re\workspace\8-2-build-windows-amd64-cygwin\jdk8u201\12322\hotspot\src\share\vm\runtime\sharedRuntime.cpp, line 605]
Event: 43.299 Thread 0x000000001efb3000 Exception <a 'java/lang/ArrayIndexOutOfBoundsException'> (0x00000000d5ec2058) thrown at [C:\re\workspace\8-2-build-windows-amd64-cygwin\jdk8u201\12322\hotspot\src\share\vm\runtime\sharedRuntime.cpp, line 605]
Event: 43.299 Thread 0x000000001efb3000 Exception <a 'java/lang/ArrayIndexOutOfBoundsException'> (0x00000000d5ec3830) thrown at [C:\re\workspace\8-2-build-windows-amd64-cygwin\jdk8u201\12322\hotspot\src\share\vm\runtime\sharedRuntime.cpp, line 605]
Event: 62.386 Thread 0x000000001efae800 Exception <a 'java/lang/ArrayIndexOutOfBoundsException'> (0x00000000d6cb2b98) thrown at [C:\re\workspace\8-2-build-windows-amd64-cygwin\jdk8u201\12322\hotspot\src\share\vm\runtime\sharedRuntime.cpp, line 605]
Event: 62.413 Thread 0x000000001efb0000 Exception <a 'java/io/FileNotFoundException'> (0x00000000d75ffc90) thrown at [C:\re\workspace\8-2-build-windows-amd64-cygwin\jdk8u201\12322\hotspot\src\share\vm\prims\jni.cpp, line 709]

Events (10 events):
Event: 62.444 Executing VM operation: RevokeBias
Event: 62.444 Executing VM operation: RevokeBias done
Event: 62.466 loading class com/arcsoft/face/enums/ImageFormat
Event: 62.466 loading class com/arcsoft/face/enums/ImageFormat done
Event: 62.466 loading class com/arcsoft/face/enums/DetectModel
Event: 62.466 loading class com/arcsoft/face/enums/DetectModel done
Event: 62.467 loading class com/arcsoft/face/FaceEngine$1
Event: 62.467 loading class com/arcsoft/face/FaceEngine$1 done
Event: 62.467 loading class com/arcsoft/face/FaceInfo
Event: 62.467 loading class com/arcsoft/face/FaceInfo done


Dynamic libraries:
0x00007ff76d310000 - 0x00007ff76d347000 	C:\Program Files\Java\jdk1.8.0_201\bin\java.exe
0x00007ffeaa510000 - 0x00007ffeaa705000 	C:\WINDOWS\SYSTEM32\ntdll.dll
0x00007ffea9080000 - 0x00007ffea913e000 	C:\WINDOWS\System32\KERNEL32.DLL
0x00007ffea8150000 - 0x00007ffea8419000 	C:\WINDOWS\System32\KERNELBASE.dll
0x00007ffea9140000 - 0x00007ffea91ec000 	C:\WINDOWS\System32\ADVAPI32.dll
0x00007ffea9ca0000 - 0x00007ffea9d3e000 	C:\WINDOWS\System32\msvcrt.dll
0x00007ffeaa430000 - 0x00007ffeaa4cb000 	C:\WINDOWS\System32\sechost.dll
0x00007ffea8680000 - 0x00007ffea87aa000 	C:\WINDOWS\System32\RPCRT4.dll
0x00007ffea87d0000 - 0x00007ffea8971000 	C:\WINDOWS\System32\USER32.dll
0x00007ffea7c30000 - 0x00007ffea7c52000 	C:\WINDOWS\System32\win32u.dll
0x00007ffea9c70000 - 0x00007ffea9c9b000 	C:\WINDOWS\System32\GDI32.dll
0x00007ffea7ce0000 - 0x00007ffea7deb000 	C:\WINDOWS\System32\gdi32full.dll
0x00007ffea80b0000 - 0x00007ffea814d000 	C:\WINDOWS\System32\msvcp_win.dll
0x00007ffea7df0000 - 0x00007ffea7ef0000 	C:\WINDOWS\System32\ucrtbase.dll
0x00007ffe991a0000 - 0x00007ffe9943a000 	C:\WINDOWS\WinSxS\amd64_microsoft.windows.common-controls_6595b64144ccf1df_6.0.19041.1110_none_60b5254171f9507e\COMCTL32.dll
0x00007ffea9f80000 - 0x00007ffea9fb0000 	C:\WINDOWS\System32\IMM32.DLL
0x000000005b920000 - 0x000000005b9f1000 	C:\Program Files\Java\jdk1.8.0_201\jre\bin\msvcr100.dll
0x000000005a240000 - 0x000000005aae4000 	C:\Program Files\Java\jdk1.8.0_201\jre\bin\server\jvm.dll
0x00007ffea8f30000 - 0x00007ffea8f38000 	C:\WINDOWS\System32\PSAPI.DLL
0x00007ffea2ab0000 - 0x00007ffea2ab9000 	C:\WINDOWS\SYSTEM32\WSOCK32.dll
0x00007ffe9a750000 - 0x00007ffe9a777000 	C:\WINDOWS\SYSTEM32\WINMM.dll
0x00007ffe9e540000 - 0x00007ffe9e54a000 	C:\WINDOWS\SYSTEM32\VERSION.dll
0x00007ffea9b20000 - 0x00007ffea9b8b000 	C:\WINDOWS\System32\WS2_32.dll
0x00007ffea1420000 - 0x00007ffea142f000 	C:\Program Files\Java\jdk1.8.0_201\jre\bin\verify.dll
0x00007ffe8aef0000 - 0x00007ffe8af19000 	C:\Program Files\Java\jdk1.8.0_201\jre\bin\java.dll
0x00007ffe6e620000 - 0x00007ffe6e643000 	C:\Program Files\Java\jdk1.8.0_201\jre\bin\instrument.dll
0x00007ffe878e0000 - 0x00007ffe878f6000 	C:\Program Files\Java\jdk1.8.0_201\jre\bin\zip.dll
0x00007ffea92a0000 - 0x00007ffea99df000 	C:\WINDOWS\System32\SHELL32.dll
0x00007ffea5970000 - 0x00007ffea6100000 	C:\WINDOWS\SYSTEM32\windows.storage.dll
0x00007ffea8bc0000 - 0x00007ffea8f15000 	C:\WINDOWS\System32\combase.dll
0x00007ffea7680000 - 0x00007ffea76ac000 	C:\WINDOWS\SYSTEM32\Wldp.dll
0x00007ffea91f0000 - 0x00007ffea929d000 	C:\WINDOWS\System32\SHCORE.dll
0x00007ffea9b90000 - 0x00007ffea9be5000 	C:\WINDOWS\System32\shlwapi.dll
0x00007ffea7b70000 - 0x00007ffea7b8f000 	C:\WINDOWS\SYSTEM32\profapi.dll
0x00007ffe860a0000 - 0x00007ffe860ba000 	F:\subject\IDEA 2018_sssam.com\IntelliJ IDEA 2018.2.4\bin\breakgen64.dll
0x00007ffe87850000 - 0x00007ffe8786a000 	C:\Program Files\Java\jdk1.8.0_201\jre\bin\net.dll
0x00007ffe95f00000 - 0x00007ffe960eb000 	C:\WINDOWS\SYSTEM32\urlmon.dll
0x00007ffe9ade0000 - 0x00007ffe9b090000 	C:\WINDOWS\SYSTEM32\iertutil.dll
0x00007ffe95ed0000 - 0x00007ffe95ef8000 	C:\WINDOWS\SYSTEM32\srvcli.dll
0x00007ffea70c0000 - 0x00007ffea70cc000 	C:\WINDOWS\SYSTEM32\netutils.dll
0x00007ffea73e0000 - 0x00007ffea744a000 	C:\WINDOWS\system32\mswsock.dll
0x00007ffea7080000 - 0x00007ffea70bb000 	C:\WINDOWS\SYSTEM32\IPHLPAPI.DLL
0x00007ffea8f20000 - 0x00007ffea8f28000 	C:\WINDOWS\System32\NSI.dll
0x00007ffe9dec0000 - 0x00007ffe9ded7000 	C:\WINDOWS\SYSTEM32\dhcpcsvc6.DLL
0x00007ffe9e1d0000 - 0x00007ffe9e1ed000 	C:\WINDOWS\SYSTEM32\dhcpcsvc.DLL
0x00007ffea70d0000 - 0x00007ffea719c000 	C:\WINDOWS\SYSTEM32\DNSAPI.dll
0x00007ffe9ee50000 - 0x00007ffe9ee5a000 	C:\Windows\System32\rasadhlp.dll
0x00007ffe96290000 - 0x00007ffe9630f000 	C:\WINDOWS\System32\fwpuclnt.dll
0x00007ffea7cb0000 - 0x00007ffea7cd7000 	C:\WINDOWS\System32\bcrypt.dll
0x00007ffe975c0000 - 0x00007ffe975cd000 	C:\Program Files\Java\jdk1.8.0_201\jre\bin\management.dll
0x00007ffe8ab20000 - 0x00007ffe8ab37000 	C:\WINDOWS\system32\napinsp.dll
0x00007ffe8a3c0000 - 0x00007ffe8a3db000 	C:\WINDOWS\system32\pnrpnsp.dll
0x00007ffea1f20000 - 0x00007ffea1f35000 	C:\WINDOWS\system32\wshbth.dll
0x00007ffea2980000 - 0x00007ffea299d000 	C:\WINDOWS\system32\NLAapi.dll
0x00007ffe8ab00000 - 0x00007ffe8ab12000 	C:\WINDOWS\System32\winrnr.dll
0x00007ffe867f0000 - 0x00007ffe86801000 	C:\Program Files\Java\jdk1.8.0_201\jre\bin\nio.dll
0x00007ffea75e0000 - 0x00007ffea75f8000 	C:\WINDOWS\SYSTEM32\CRYPTSP.dll
0x00007ffea6cf0000 - 0x00007ffea6d24000 	C:\WINDOWS\system32\rsaenh.dll
0x00007ffea7af0000 - 0x00007ffea7b1e000 	C:\WINDOWS\SYSTEM32\USERENV.dll
0x00007ffea84d0000 - 0x00007ffea8553000 	C:\WINDOWS\System32\bcryptprimitives.dll
0x00007ffea75d0000 - 0x00007ffea75dc000 	C:\WINDOWS\SYSTEM32\CRYPTBASE.dll
0x00007ffe6e5f0000 - 0x00007ffe6e614000 	C:\Program Files\Java\jdk1.8.0_201\jre\bin\sunec.dll
0x00007ffe4f610000 - 0x00007ffe5244d000 	C:\Users\lenovo\Desktop\Face-recognition-main\ArcSoft_ArcFace_Java_Windows_x64_V3.0\libs\WIN64\libarcsoft_face.dll
0x00007ffe8cb20000 - 0x00007ffe8cc0f000 	C:\WINDOWS\SYSTEM32\MSVCR120.dll
0x00007ffe8cc10000 - 0x00007ffe8ccb6000 	C:\WINDOWS\SYSTEM32\MSVCP120.dll
0x00007ffe62240000 - 0x00007ffe622bf000 	C:\Users\lenovo\Desktop\Face-recognition-main\ArcSoft_ArcFace_Java_Windows_x64_V3.0\libs\WIN64\libarcsoft_face_engine.dll
0x00007ffea99f0000 - 0x00007ffea9a46000 	C:\WINDOWS\System32\WLDAP32.dll
0x00007ffe6df00000 - 0x00007ffe6df25000 	C:\Users\lenovo\Desktop\Face-recognition-main\ArcSoft_ArcFace_Java_Windows_x64_V3.0\libs\WIN64\libarcsoft_face_engine_jni.dll
0x00007ffe5f150000 - 0x00007ffe5f2e9000 	C:\Program Files\Java\jdk1.8.0_201\jre\bin\awt.dll
0x00007ffea9a50000 - 0x00007ffea9b1d000 	C:\WINDOWS\System32\OLEAUT32.dll
0x00007ffea4290000 - 0x00007ffea4320000 	C:\WINDOWS\SYSTEM32\apphelp.dll
0x00007ffe63740000 - 0x00007ffe63771000 	C:\Program Files\Java\jdk1.8.0_201\jre\bin\jpeg.dll
0x00007ffea61d0000 - 0x00007ffea63b4000 	C:\WINDOWS\SYSTEM32\dbghelp.dll

VM Arguments:
jvm_args: -Xmx2048m -XX:MetaspaceSize=512m -XX:MaxMetaspaceSize=768m -Xss2m -XX:TieredStopAtLevel=1 -Xverify:none -Dspring.output.ansi.enabled=always -javaagent:F:\subject\IDEA 2018_sssam.com\IntelliJ IDEA 2018.2.4\lib\idea_rt.jar=55906:F:\subject\IDEA 2018_sssam.com\IntelliJ IDEA 2018.2.4\bin -Dfile.encoding=UTF-8 
java_command: com.tangcheng.face_corn.FaceCornApplication
java_class_path (initial): C:\Program Files\Java\jdk1.8.0_201\jre\lib\charsets.jar;C:\Program Files\Java\jdk1.8.0_201\jre\lib\deploy.jar;C:\Program Files\Java\jdk1.8.0_201\jre\lib\ext\access-bridge-64.jar;C:\Program Files\Java\jdk1.8.0_201\jre\lib\ext\cldrdata.jar;C:\Program Files\Java\jdk1.8.0_201\jre\lib\ext\dnsns.jar;C:\Program Files\Java\jdk1.8.0_201\jre\lib\ext\jaccess.jar;C:\Program Files\Java\jdk1.8.0_201\jre\lib\ext\jfxrt.jar;C:\Program Files\Java\jdk1.8.0_201\jre\lib\ext\localedata.jar;C:\Program Files\Java\jdk1.8.0_201\jre\lib\ext\nashorn.jar;C:\Program Files\Java\jdk1.8.0_201\jre\lib\ext\sunec.jar;C:\Program Files\Java\jdk1.8.0_201\jre\lib\ext\sunjce_provider.jar;C:\Program Files\Java\jdk1.8.0_201\jre\lib\ext\sunmscapi.jar;C:\Program Files\Java\jdk1.8.0_201\jre\lib\ext\sunpkcs11.jar;C:\Program Files\Java\jdk1.8.0_201\jre\lib\ext\zipfs.jar;C:\Program Files\Java\jdk1.8.0_201\jre\lib\javaws.jar;C:\Program Files\Java\jdk1.8.0_201\jre\lib\jce.jar;C:\Program Files\Java\jdk1.8.0_201\jre\lib\jfr.jar;C:\Program Files\Java\jdk1.8.0_201\jre\lib\jfxswt.jar;C:\Program Files\Java\jdk1.8.0_201\jre\lib\jsse.jar;C:\Program Files\Java\jdk1.8.0_201\jre\lib\management-agent.jar;C:\Program Files\Java\jdk1.8.0_201\jre\lib\plugin.jar;C:\Program Files\Java\jdk1.8.0_201\jre\lib\resources.jar;C:\Program Files\Java\jdk1.8.0_201\jre\lib\rt.jar;C:\Users\lenovo\Desktop\Face-recognition-main\facesystem\face_corn\target\classes;C:\Users\lenovo\Desktop\Face-recognition-main\facesystem\common\target\classes;F:\subject\JavaWeb\maven-l\com\auth0\java-jwt\3.4.0\java-jwt-3.4.0.jar;F:\subject\JavaWeb\maven-l\commons-codec\commons-codec\1.15\commons-codec-1.15.jar;F:\subject\JavaWeb\maven-l\com\aliyun\oss\aliyun-sdk-oss\3.12.0\aliyun-sdk-oss-3.12.0.jar;F:\subject\JavaWeb\maven-l\org\apache\httpcomponents\httpclient\4.5.13\httpclient-4.5.13.jar;F:\subject\JavaWeb\maven-l\org\apache\httpcomponents\httpcore\4.4.14\httpcore-4.4.14.jar;F:\subject\JavaWeb\maven-l\org\jdom\jdom2\2.0.6\jdom2-2.0.6.ja
Launcher Type: SUN_STANDARD

Environment Variables:
JAVA_HOME=C:\Program Files\Java\jdk1.8.0_201
CLASSPATH=.;C:\Program Files\Java\jdk1.8.0_201\lib\dt.jar,C:\Program Files\Java\jdk1.8.0_201\lib\tools.jar;F:\subject\JavaWeb\apache-tomcat-8.5.45\lib\servlet-api.jar
PATH=C:\Program Files (x86)\Common Files\Oracle\Java\javapath;C:\WINDOWS\system32;C:\WINDOWS;C:\WINDOWS\System32\Wbem;C:\WINDOWS\System32\WindowsPowerShell\v1.0\;C:\WINDOWS\System32\OpenSSH\;F:\subject\JavaWeb\apache-tomcat-8.5.45\bin;F:\subject\JavaWeb\apache-tomcat-8.5.45\lib;C:\Program Files\NVIDIA Corporation\NVIDIA NvDLISR;F:\subject\JavaWeb\apache-maven-3.3.9\bin;F:\subject\JavaWeb\Gradle\gradle-6.9.1\bin;F:\subject\JavaWeb\nodejs;C:\Program Files\Java\jdk1.8.0_201\bin;C:\Program Files\MySQL\MySQL Server 8.0\bin;F:\subject\JavaWeb\env\MongoDB\bin;C:\Users\lenovo\AppData\Local\Microsoft\WindowsApps;F:\subject\PyCharm\PyCharm Community Edition 2020.3.3\bin;;F:\subject\JavaWeb\Microsoft VS Code\bin;F:\subject\JavaWeb\nodejs\node_global;
USERNAME=lenovo
OS=Windows_NT
PROCESSOR_IDENTIFIER=Intel64 Family 6 Model 158 Stepping 10, GenuineIntel



---------------  S Y S T E M  ---------------

OS: Windows 10.0 , 64 bit Build 19041 (10.0.19041.1202)

CPU:total 8 (initial active 8) (4 cores per cpu, 2 threads per core) family 6 model 158 stepping 10, cmov, cx8, fxsr, mmx, sse, sse2, sse3, ssse3, sse4.1, sse4.2, popcnt, avx, avx2, aes, clmul, erms, 3dnowpref, lzcnt, ht, tsc, tscinvbit, bmi1, bmi2, adx

Memory: 4k page, physical 8306932k(1285056k free), swap 18792692k(2971624k free)

vm_info: Java HotSpot(TM) 64-Bit Server VM (25.201-b09) for windows-amd64 JRE (1.8.0_201-b09), built on Dec 15 2018 18:36:39 by "java_re" with MS VC++ 10.0 (VS2010)

time: Tue Nov 02 01:40:55 2021
timezone: 中国标准时间
elapsed time: 62 seconds (0d 0h 1m 2s)

