#
# A fatal error has been detected by the Java Runtime Environment:
#
#  EXCEPTION_ACCESS_VIOLATION (0xc0000005) at pc=0x00007ff82b69efd8, pid=9888, tid=0x000000000000494c
#
# JRE version: Java(TM) SE Runtime Environment (8.0_201-b09) (build 1.8.0_201-b09)
# Java VM: Java HotSpot(TM) 64-Bit Server VM (25.201-b09 mixed mode windows-amd64 compressed oops)
# Problematic frame:
# C  [libarcsoft_face.dll+0xefd8]
#
# Failed to write core dump. Minidumps are not enabled by default on client versions of Windows
#
# If you would like to submit a bug report, please visit:
#   http://bugreport.java.com/bugreport/crash.jsp
# The crash happened outside the Java Virtual Machine in native code.
# See problematic frame for where to report the bug.
#

---------------  T H R E A D  ---------------

Current thread (0x000000001a690000):  JavaThread "http-nio-8081-exec-1" daemon [_thread_in_native, id=18764, stack(0x0000000020060000,0x0000000020160000)]

siginfo: ExceptionCode=0xc0000005, reading address 0xffffffffffffffff

Registers:
RAX=0x42c8000042c80000, RBX=0x0000000025375d70, RCX=0x0000000025375e20, RDX=0x0000000025381e70
RSP=0x000000002015cab0, RBP=0x0000000000000001, RSI=0x0000000025375d70, RDI=0x0000000000000000
R8 =0x0000000025375e20, R9 =0x0000000000000000, R10=0x0000000000000001, R11=0x0000000000000001
R12=0x0000000000000000, R13=0x0000000000000000, R14=0x0000000025375d80, R15=0x000000002267f040
RIP=0x00007ff82b69efd8, EFLAGS=0x0000000000010202

Top of Stack: (sp=0x000000002015cab0)
0x000000002015cab0:   0000000025375e60 00000000000000f0
0x000000002015cac0:   c2ab243000000040 c2ab242e00000040
0x000000002015cad0:   000000002055ce90 0000000025375d80
0x000000002015cae0:   0000000000000000 00007ff82b69b949
0x000000002015caf0:   0000000025375d70 0000000000000001
0x000000002015cb00:   0000000025375d70 0000000000000000
0x000000002015cb10:   0000000000000001 00007ff82b699092
0x000000002015cb20:   0000000000000000 0000000000000001
0x000000002015cb30:   0000000000000040 000000002015cbd0
0x000000002015cb40:   00000000ffc00000 00000000beb68d00
0x000000002015cb50:   00000000ffc00000 00000000beb68cfe
0x000000002015cb60:   0000000000000000 0000000000000000
0x000000002015cb70:   000000002055ce90 0000000100000000
0x000000002015cb80:   0000000023ccc940 0000000000000001
0x000000002015cb90:   000000002267f160 000000002267f040
0x000000002015cba0:   0000000025375d70 beb68d00ffc00000 

Instructions: (pc=0x00007ff82b69efd8)
0x00007ff82b69efb8:   24 10 48 89 74 24 18 48 89 7c 24 20 41 54 41 56
0x00007ff82b69efc8:   41 57 48 83 ec 20 48 8b 42 20 4c 8b f9 49 8b c8
0x00007ff82b69efd8:   4c 8b 60 18 44 8b 70 14 41 8b e9 49 8b d8 48 8b
0x00007ff82b69efe8:   f2 e8 02 d2 01 00 4c 8b 16 8b f8 41 83 7a 18 00 


Register to memory mapping:

RAX=0x42c8000042c80000 is an unknown value
RBX=0x0000000025375d70 is an unknown value
RCX=0x0000000025375e20 is an unknown value
RDX=0x0000000025381e70 is an unknown value
RSP=0x000000002015cab0 is pointing into the stack for thread: 0x000000001a690000
RBP=0x0000000000000001 is an unknown value
RSI=0x0000000025375d70 is an unknown value
RDI=0x0000000000000000 is an unknown value
R8 =0x0000000025375e20 is an unknown value
R9 =0x0000000000000000 is an unknown value
R10=0x0000000000000001 is an unknown value
R11=0x0000000000000001 is an unknown value
R12=0x0000000000000000 is an unknown value
R13=0x0000000000000000 is an unknown value
R14=0x0000000025375d80 is an unknown value
R15=0x000000002267f040 is an unknown value


Stack: [0x0000000020060000,0x0000000020160000],  sp=0x000000002015cab0,  free space=1010k
Native frames: (J=compiled Java code, j=interpreted, Vv=VM code, C=native code)
C  [libarcsoft_face.dll+0xefd8]
C  [libarcsoft_face.dll+0xb949]
C  [libarcsoft_face.dll+0x9092]
C  [libarcsoft_face.dll+0x89bc]
C  [libarcsoft_face.dll+0x7d0a]
C  [libarcsoft_face.dll+0x3c88]
C  [libarcsoft_face_engine.dll+0x58ca]
C  [libarcsoft_face_engine_jni.dll+0x18f6]
C  0x0000000002cc8c67

Java frames: (J=compiled Java code, j=interpreted, Vv=VM code)
j  com.arcsoft.face.FaceEngine.detectFaces(J[BIIII[Lcom/arcsoft/face/FaceInfo;)I+0
j  com.arcsoft.face.FaceEngine.detectFaces([BIILcom/arcsoft/face/enums/ImageFormat;Lcom/arcsoft/face/enums/DetectModel;Ljava/util/List;)I+107
j  com.arcsoft.face.FaceEngine.detectFaces([BIILcom/arcsoft/face/enums/ImageFormat;Ljava/util/List;)I+11
j  com.tangcheng.face_corn.service.impl.faceServiceImpl.facesearch(Ljava/io/InputStream;Ljava/util/List;)Ljava/lang/String;+45
j  com.tangcheng.face_corn.controller.faceController.facesearch(Ljava/lang/String;Ljava/util/List;)Lresult/Result;+22
v  ~StubRoutines::call_stub
J 2077  sun.reflect.NativeMethodAccessorImpl.invoke0(Ljava/lang/reflect/Method;Ljava/lang/Object;[Ljava/lang/Object;)Ljava/lang/Object; (0 bytes) @ 0x00000000030fe2ff [0x00000000030fe280+0x7f]
J 1713 C1 sun.reflect.NativeMethodAccessorImpl.invoke(Ljava/lang/Object;[Ljava/lang/Object;)Ljava/lang/Object; (104 bytes) @ 0x000000000304d39c [0x000000000304d020+0x37c]
J 1646 C1 sun.reflect.DelegatingMethodAccessorImpl.invoke(Ljava/lang/Object;[Ljava/lang/Object;)Ljava/lang/Object; (10 bytes) @ 0x0000000003028ee4 [0x0000000003028ea0+0x44]
J 1645 C1 java.lang.reflect.Method.invoke(Ljava/lang/Object;[Ljava/lang/Object;)Ljava/lang/Object; (62 bytes) @ 0x0000000003028b14 [0x0000000003028a20+0xf4]
j  org.springframework.web.method.support.InvocableHandlerMethod.doInvoke([Ljava/lang/Object;)Ljava/lang/Object;+32
j  org.springframework.web.method.support.InvocableHandlerMethod.invokeForRequest(Lorg/springframework/web/context/request/NativeWebRequest;Lorg/springframework/web/method/support/ModelAndViewContainer;[Ljava/lang/Object;)Ljava/lang/Object;+54
j  org.springframework.web.servlet.mvc.method.annotation.ServletInvocableHandlerMethod.invokeAndHandle(Lorg/springframework/web/context/request/ServletWebRequest;Lorg/springframework/web/method/support/ModelAndViewContainer;[Ljava/lang/Object;)V+4
j  org.springframework.web.servlet.mvc.method.annotation.RequestMappingHandlerAdapter.invokeHandlerMethod(Ljavax/servlet/http/HttpServletRequest;Ljavax/servlet/http/HttpServletResponse;Lorg/springframework/web/method/HandlerMethod;)Lorg/springframework/web/servlet/ModelAndView;+244
j  org.springframework.web.servlet.mvc.method.annotation.RequestMappingHandlerAdapter.handleInternal(Ljavax/servlet/http/HttpServletRequest;Ljavax/servlet/http/HttpServletResponse;Lorg/springframework/web/method/HandlerMethod;)Lorg/springframework/web/servlet/ModelAndView;+81
j  org.springframework.web.servlet.mvc.method.AbstractHandlerMethodAdapter.handle(Ljavax/servlet/http/HttpServletRequest;Ljavax/servlet/http/HttpServletResponse;Ljava/lang/Object;)Lorg/springframework/web/servlet/ModelAndView;+7
j  org.springframework.web.servlet.DispatcherServlet.doDispatch(Ljavax/servlet/http/HttpServletRequest;Ljavax/servlet/http/HttpServletResponse;)V+259
j  org.springframework.web.servlet.DispatcherServlet.doService(Ljavax/servlet/http/HttpServletRequest;Ljavax/servlet/http/HttpServletResponse;)V+241
j  org.springframework.web.servlet.FrameworkServlet.processRequest(Ljavax/servlet/http/HttpServletRequest;Ljavax/servlet/http/HttpServletResponse;)V+71
j  org.springframework.web.servlet.FrameworkServlet.doPost(Ljavax/servlet/http/HttpServletRequest;Ljavax/servlet/http/HttpServletResponse;)V+3
j  javax.servlet.http.HttpServlet.service(Ljavax/servlet/http/HttpServletRequest;Ljavax/servlet/http/HttpServletResponse;)V+149
j  org.springframework.web.servlet.FrameworkServlet.service(Ljavax/servlet/http/HttpServletRequest;Ljavax/servlet/http/HttpServletResponse;)V+33
j  javax.servlet.http.HttpServlet.service(Ljavax/servlet/ServletRequest;Ljavax/servlet/ServletResponse;)V+36
j  org.apache.catalina.core.ApplicationFilterChain.internalDoFilter(Ljavax/servlet/ServletRequest;Ljavax/servlet/ServletResponse;)V+304
j  org.apache.catalina.core.ApplicationFilterChain.doFilter(Ljavax/servlet/ServletRequest;Ljavax/servlet/ServletResponse;)V+99
j  org.apache.tomcat.websocket.server.WsFilter.doFilter(Ljavax/servlet/ServletRequest;Ljavax/servlet/ServletResponse;Ljavax/servlet/FilterChain;)V+21
j  org.apache.catalina.core.ApplicationFilterChain.internalDoFilter(Ljavax/servlet/ServletRequest;Ljavax/servlet/ServletResponse;)V+135
j  org.apache.catalina.core.ApplicationFilterChain.doFilter(Ljavax/servlet/ServletRequest;Ljavax/servlet/ServletResponse;)V+99
j  org.springframework.web.filter.RequestContextFilter.doFilterInternal(Ljavax/servlet/http/HttpServletRequest;Ljavax/servlet/http/HttpServletResponse;Ljavax/servlet/FilterChain;)V+21
j  org.springframework.web.filter.OncePerRequestFilter.doFilter(Ljavax/servlet/ServletRequest;Ljavax/servlet/ServletResponse;Ljavax/servlet/FilterChain;)V+147
j  org.apache.catalina.core.ApplicationFilterChain.internalDoFilter(Ljavax/servlet/ServletRequest;Ljavax/servlet/ServletResponse;)V+135
j  org.apache.catalina.core.ApplicationFilterChain.doFilter(Ljavax/servlet/ServletRequest;Ljavax/servlet/ServletResponse;)V+99
j  org.springframework.web.filter.FormContentFilter.doFilterInternal(Ljavax/servlet/http/HttpServletRequest;Ljavax/servlet/http/HttpServletResponse;Ljavax/servlet/FilterChain;)V+38
j  org.springframework.web.filter.OncePerRequestFilter.doFilter(Ljavax/servlet/ServletRequest;Ljavax/servlet/ServletResponse;Ljavax/servlet/FilterChain;)V+147
j  org.apache.catalina.core.ApplicationFilterChain.internalDoFilter(Ljavax/servlet/ServletRequest;Ljavax/servlet/ServletResponse;)V+135
j  org.apache.catalina.core.ApplicationFilterChain.doFilter(Ljavax/servlet/ServletRequest;Ljavax/servlet/ServletResponse;)V+99
j  org.springframework.web.filter.CharacterEncodingFilter.doFilterInternal(Ljavax/servlet/http/HttpServletRequest;Ljavax/servlet/http/HttpServletResponse;Ljavax/servlet/FilterChain;)V+53
j  org.springframework.web.filter.OncePerRequestFilter.doFilter(Ljavax/servlet/ServletRequest;Ljavax/servlet/ServletResponse;Ljavax/servlet/FilterChain;)V+147
j  org.apache.catalina.core.ApplicationFilterChain.internalDoFilter(Ljavax/servlet/ServletRequest;Ljavax/servlet/ServletResponse;)V+135
j  org.apache.catalina.core.ApplicationFilterChain.doFilter(Ljavax/servlet/ServletRequest;Ljavax/servlet/ServletResponse;)V+99
j  org.apache.catalina.core.StandardWrapperValve.invoke(Lorg/apache/catalina/connector/Request;Lorg/apache/catalina/connector/Response;)V+694
j  org.apache.catalina.core.StandardContextValve.invoke(Lorg/apache/catalina/connector/Request;Lorg/apache/catalina/connector/Response;)V+169
j  org.apache.catalina.authenticator.AuthenticatorBase.invoke(Lorg/apache/catalina/connector/Request;Lorg/apache/catalina/connector/Response;)V+260
j  org.apache.catalina.core.StandardHostValve.invoke(Lorg/apache/catalina/connector/Request;Lorg/apache/catalina/connector/Response;)V+128
j  org.apache.catalina.valves.ErrorReportValve.invoke(Lorg/apache/catalina/connector/Request;Lorg/apache/catalina/connector/Response;)V+6
j  org.apache.catalina.core.StandardEngineValve.invoke(Lorg/apache/catalina/connector/Request;Lorg/apache/catalina/connector/Response;)V+59
j  org.apache.catalina.connector.CoyoteAdapter.service(Lorg/apache/coyote/Request;Lorg/apache/coyote/Response;)V+199
j  org.apache.coyote.http11.Http11Processor.service(Lorg/apache/tomcat/util/net/SocketWrapperBase;)Lorg/apache/tomcat/util/net/AbstractEndpoint$Handler$SocketState;+737
j  org.apache.coyote.AbstractProcessorLight.process(Lorg/apache/tomcat/util/net/SocketWrapperBase;Lorg/apache/tomcat/util/net/SocketEvent;)Lorg/apache/tomcat/util/net/AbstractEndpoint$Handler$SocketState;+170
j  org.apache.coyote.AbstractProtocol$ConnectionHandler.process(Lorg/apache/tomcat/util/net/SocketWrapperBase;Lorg/apache/tomcat/util/net/SocketEvent;)Lorg/apache/tomcat/util/net/AbstractEndpoint$Handler$SocketState;+505
j  org.apache.tomcat.util.net.NioEndpoint$SocketProcessor.doRun()V+216
j  org.apache.tomcat.util.net.SocketProcessorBase.run()V+21
j  java.util.concurrent.ThreadPoolExecutor.runWorker(Ljava/util/concurrent/ThreadPoolExecutor$Worker;)V+95
j  java.util.concurrent.ThreadPoolExecutor$Worker.run()V+5
j  org.apache.tomcat.util.threads.TaskThread$WrappingRunnable.run()V+4
j  java.lang.Thread.run()V+11
v  ~StubRoutines::call_stub

---------------  P R O C E S S  ---------------

Java Threads: ( => current thread )
  0x000000001e24c800 JavaThread "lettuce-eventExecutorLoop-1-8" daemon [_thread_blocked, id=7896, stack(0x0000000040000000,0x0000000040100000)]
  0x000000001e24d000 JavaThread "lettuce-eventExecutorLoop-1-7" daemon [_thread_blocked, id=3284, stack(0x000000003ff00000,0x0000000040000000)]
  0x000000001e24f800 JavaThread "lettuce-eventExecutorLoop-1-6" daemon [_thread_blocked, id=16088, stack(0x000000003fe00000,0x000000003ff00000)]
  0x000000001e253800 JavaThread "lettuce-eventExecutorLoop-1-5" daemon [_thread_blocked, id=9380, stack(0x000000003fd00000,0x000000003fe00000)]
  0x000000001e24f000 JavaThread "lettuce-eventExecutorLoop-1-4" daemon [_thread_blocked, id=13456, stack(0x000000003fc00000,0x000000003fd00000)]
  0x000000001e24e000 JavaThread "lettuce-eventExecutorLoop-1-3" daemon [_thread_blocked, id=4916, stack(0x000000003fb00000,0x000000003fc00000)]
  0x000000001e252800 JavaThread "Java2D Disposer" daemon [_thread_blocked, id=19928, stack(0x000000003f800000,0x000000003f900000)]
  0x000000001e252000 JavaThread "idle_connection_reaper" daemon [_thread_blocked, id=680, stack(0x000000003f700000,0x000000003f800000)]
  0x000000001e251000 JavaThread "lettuce-eventExecutorLoop-1-2" daemon [_thread_blocked, id=2132, stack(0x000000003f600000,0x000000003f700000)]
  0x000000001e250800 JavaThread "lettuce-eventExecutorLoop-1-1" daemon [_thread_blocked, id=8648, stack(0x0000000022570000,0x0000000022670000)]
  0x000000001e245800 JavaThread "lettuce-nioEventLoop-4-1" daemon [_thread_in_native, id=20120, stack(0x0000000021160000,0x0000000021260000)]
  0x000000001e24a000 JavaThread "DestroyJavaVM" [_thread_blocked, id=13588, stack(0x0000000002940000,0x0000000002a40000)]
  0x000000001e245000 JavaThread "http-nio-8081-Acceptor" daemon [_thread_in_native, id=19964, stack(0x0000000020b60000,0x0000000020c60000)]
  0x000000001e24b800 JavaThread "http-nio-8081-ClientPoller" daemon [_thread_in_native, id=20292, stack(0x0000000020a60000,0x0000000020b60000)]
  0x000000001e244000 JavaThread "http-nio-8081-exec-10" daemon [_thread_in_native, id=20412, stack(0x0000000020960000,0x0000000020a60000)]
  0x000000001e249800 JavaThread "http-nio-8081-exec-9" daemon [_thread_blocked, id=14244, stack(0x0000000020860000,0x0000000020960000)]
  0x000000001e248800 JavaThread "http-nio-8081-exec-8" daemon [_thread_in_native, id=16396, stack(0x0000000020760000,0x0000000020860000)]
  0x000000001e246800 JavaThread "http-nio-8081-exec-7" daemon [_thread_blocked, id=5396, stack(0x0000000020660000,0x0000000020760000)]
  0x000000001e24b000 JavaThread "http-nio-8081-exec-6" daemon [_thread_blocked, id=5532, stack(0x0000000020560000,0x0000000020660000)]
  0x000000001e248000 JavaThread "http-nio-8081-exec-5" daemon [_thread_in_native, id=20296, stack(0x0000000020460000,0x0000000020560000)]
  0x000000001e247000 JavaThread "http-nio-8081-exec-4" daemon [_thread_blocked, id=16284, stack(0x0000000020360000,0x0000000020460000)]
  0x000000001a68f800 JavaThread "http-nio-8081-exec-3" daemon [_thread_in_Java, id=16816, stack(0x0000000020260000,0x0000000020360000)]
  0x000000001a691000 JavaThread "http-nio-8081-exec-2" daemon [_thread_in_native, id=20284, stack(0x0000000020160000,0x0000000020260000)]
=>0x000000001a690000 JavaThread "http-nio-8081-exec-1" daemon [_thread_in_native, id=18764, stack(0x0000000020060000,0x0000000020160000)]
  0x000000001a692000 JavaThread "http-nio-8081-BlockPoller" daemon [_thread_in_native, id=16336, stack(0x000000001ff60000,0x0000000020060000)]
  0x000000001a68e000 JavaThread "DiscoveryClient-InstanceInfoReplicator-0" daemon [_thread_blocked, id=19764, stack(0x000000001fe60000,0x000000001ff60000)]
  0x000000001a68d000 JavaThread "DiscoveryClient-1" daemon [_thread_blocked, id=17936, stack(0x000000001fd60000,0x000000001fe60000)]
  0x000000001a68c800 JavaThread "DiscoveryClient-0" daemon [_thread_blocked, id=19512, stack(0x000000001fb60000,0x000000001fc60000)]
  0x000000001a68e800 JavaThread "AsyncResolver-bootstrap-0" daemon [_thread_blocked, id=13888, stack(0x000000001f660000,0x000000001f760000)]
  0x000000001a692800 JavaThread "spring.cloud.inetutils" daemon [_thread_blocked, id=15716, stack(0x000000001f360000,0x000000001f460000)]
  0x000000001c28a800 JavaThread "lettuce-timer-3-1" daemon [_thread_blocked, id=17992, stack(0x000000001ec60000,0x000000001ed60000)]
  0x000000001c27e000 JavaThread "container-0" [_thread_blocked, id=2944, stack(0x000000001d990000,0x000000001da90000)]
  0x000000001c257000 JavaThread "Catalina-utility-2" [_thread_blocked, id=3164, stack(0x000000001d890000,0x000000001d990000)]
  0x000000001c256800 JavaThread "Catalina-utility-1" [_thread_blocked, id=20212, stack(0x000000001d790000,0x000000001d890000)]
  0x000000001a727800 JavaThread "Service Thread" daemon [_thread_blocked, id=14012, stack(0x000000001b010000,0x000000001b110000)]
  0x000000001a693800 JavaThread "C1 CompilerThread3" daemon [_thread_blocked, id=444, stack(0x000000001af10000,0x000000001b010000)]
  0x000000001a68a800 JavaThread "C2 CompilerThread2" daemon [_thread_blocked, id=16992, stack(0x000000001ae10000,0x000000001af10000)]
  0x000000001a680000 JavaThread "C2 CompilerThread1" daemon [_thread_blocked, id=15632, stack(0x000000001ad10000,0x000000001ae10000)]
  0x000000001a677000 JavaThread "C2 CompilerThread0" daemon [_thread_blocked, id=12036, stack(0x000000001ac10000,0x000000001ad10000)]
  0x000000001a676800 JavaThread "Monitor Ctrl-Break" daemon [_thread_in_native, id=19276, stack(0x000000001ab10000,0x000000001ac10000)]
  0x0000000019ad2800 JavaThread "Attach Listener" daemon [_thread_blocked, id=8436, stack(0x000000001a200000,0x000000001a300000)]
  0x0000000019b2b000 JavaThread "Signal Dispatcher" daemon [_thread_blocked, id=17360, stack(0x000000001a100000,0x000000001a200000)]
  0x0000000019ab1000 JavaThread "Finalizer" daemon [_thread_blocked, id=2444, stack(0x0000000019f90000,0x000000001a090000)]
  0x0000000019ab0800 JavaThread "Reference Handler" daemon [_thread_blocked, id=11956, stack(0x0000000019e90000,0x0000000019f90000)]

Other Threads:
  0x0000000017ca8800 VMThread [stack: 0x0000000019990000,0x0000000019a90000] [id=19252]
  0x000000001a72c000 WatcherThread [stack: 0x000000001b110000,0x000000001b210000] [id=608]

VM state:not at safepoint (normal execution)

VM Mutex/Monitor currently owned by a thread: None

heap address: 0x0000000081200000, size: 2030 MB, Compressed Oops mode: 32-bit
Narrow klass base: 0x0000000000000000, Narrow klass shift: 3
Compressed class space size: 1073741824 Address: 0x0000000100000000

Heap:
 PSYoungGen      total 339968K, used 105027K [0x00000000d5b80000, 0x00000000ef100000, 0x0000000100000000)
  eden space 322048K, 29% used [0x00000000d5b80000,0x00000000db970de8,0x00000000e9600000)
  from space 17920K, 49% used [0x00000000e9600000,0x00000000e9e9fe38,0x00000000ea780000)
  to   space 17408K, 0% used [0x00000000ee000000,0x00000000ee000000,0x00000000ef100000)
 ParOldGen       total 77312K, used 34056K [0x0000000081200000, 0x0000000085d80000, 0x00000000d5b80000)
  object space 77312K, 44% used [0x0000000081200000,0x00000000833423d0,0x0000000085d80000)
 Metaspace       used 54460K, capacity 58060K, committed 58368K, reserved 1099776K
  class space    used 7443K, capacity 8100K, committed 8192K, reserved 1048576K

Card table byte_map: [0x0000000012070000,0x0000000012470000] byte_map_base: 0x0000000011c67000

Marking Bits: (ParMarkBitMap*) 0x00000000606e4ce0
 Begin Bits: [0x0000000012f20000, 0x0000000014ed8000)
 End Bits:   [0x0000000014ed8000, 0x0000000016e90000)

Polling page: 0x0000000002560000

CodeCache: size=245760Kb used=9447Kb max_used=9447Kb free=236312Kb
 bounds [0x0000000002cb0000, 0x00000000035f0000, 0x0000000011cb0000]
 total_blobs=5505 nmethods=4909 adapters=508
 compilation: enabled

Compilation events (10 events):
Event: 27.957 Thread 0x000000001a693800 5026       1       java.awt.image.DataBuffer::getOffset (5 bytes)
Event: 27.958 Thread 0x000000001a693800 nmethod 5026 0x00000000035e6310 code [0x00000000035e6460, 0x00000000035e6570]
Event: 27.972 Thread 0x000000001a693800 5027       1       org.apache.catalina.valves.ValveBase::isAsyncSupported (5 bytes)
Event: 27.973 Thread 0x000000001a693800 nmethod 5027 0x00000000035e65d0 code [0x00000000035e6720, 0x00000000035e6830]
Event: 28.050 Thread 0x000000001a693800 5028       1       org.apache.coyote.http11.Http11InputBuffer::parseHeader (1005 bytes)
Event: 28.053 Thread 0x000000001a693800 nmethod 5028 0x00000000035e6890 code [0x00000000035e6c40, 0x00000000035e7c78]
Event: 28.053 Thread 0x000000001a693800 5029   !   1       java.nio.charset.Charset::decode (31 bytes)
Event: 28.054 Thread 0x000000001a693800 nmethod 5029 0x00000000035e8b10 code [0x00000000035e8ca0, 0x00000000035e8f78]
Event: 28.054 Thread 0x000000001a693800 5030       1       org.springframework.core.MethodParameter::initParameterNameDiscovery (6 bytes)
Event: 28.054 Thread 0x000000001a693800 nmethod 5030 0x00000000035e9210 code [0x00000000035e9360, 0x00000000035e9490]

GC Heap History (10 events):
Event: 5.033 GC heap before
{Heap before GC invocations=9 (full 1):
 PSYoungGen      total 142848K, used 142844K [0x00000000d5b80000, 0x00000000e5580000, 0x0000000100000000)
  eden space 132608K, 100% used [0x00000000d5b80000,0x00000000ddd00000,0x00000000ddd00000)
  from space 10240K, 99% used [0x00000000ddd00000,0x00000000de6ff158,0x00000000de700000)
  to   space 12288K, 0% used [0x00000000e4980000,0x00000000e4980000,0x00000000e5580000)
 ParOldGen       total 54272K, used 9980K [0x0000000081200000, 0x0000000084700000, 0x00000000d5b80000)
  object space 54272K, 18% used [0x0000000081200000,0x0000000081bbf0d8,0x0000000084700000)
 Metaspace       used 31406K, capacity 33482K, committed 33664K, reserved 1079296K
  class space    used 4321K, capacity 4709K, committed 4736K, reserved 1048576K
Event: 5.044 GC heap after
Heap after GC invocations=9 (full 1):
 PSYoungGen      total 239616K, used 12284K [0x00000000d5b80000, 0x00000000e5580000, 0x0000000100000000)
  eden space 227328K, 0% used [0x00000000d5b80000,0x00000000d5b80000,0x00000000e3980000)
  from space 12288K, 99% used [0x00000000e4980000,0x00000000e557f138,0x00000000e5580000)
  to   space 13824K, 0% used [0x00000000e3a80000,0x00000000e3a80000,0x00000000e4800000)
 ParOldGen       total 54272K, used 10175K [0x0000000081200000, 0x0000000084700000, 0x00000000d5b80000)
  object space 54272K, 18% used [0x0000000081200000,0x0000000081befd20,0x0000000084700000)
 Metaspace       used 31406K, capacity 33482K, committed 33664K, reserved 1079296K
  class space    used 4321K, capacity 4709K, committed 4736K, reserved 1048576K
}
Event: 5.182 GC heap before
{Heap before GC invocations=10 (full 1):
 PSYoungGen      total 239616K, used 39041K [0x00000000d5b80000, 0x00000000e5580000, 0x0000000100000000)
  eden space 227328K, 11% used [0x00000000d5b80000,0x00000000d75a15d8,0x00000000e3980000)
  from space 12288K, 99% used [0x00000000e4980000,0x00000000e557f138,0x00000000e5580000)
  to   space 13824K, 0% used [0x00000000e3a80000,0x00000000e3a80000,0x00000000e4800000)
 ParOldGen       total 54272K, used 10175K [0x0000000081200000, 0x0000000084700000, 0x00000000d5b80000)
  object space 54272K, 18% used [0x0000000081200000,0x0000000081befd20,0x0000000084700000)
 Metaspace       used 33247K, capacity 35360K, committed 35416K, reserved 1079296K
  class space    used 4573K, capacity 4964K, committed 4992K, reserved 1048576K
Event: 5.188 GC heap after
Heap after GC invocations=10 (full 1):
 PSYoungGen      total 242176K, used 9358K [0x00000000d5b80000, 0x00000000eb900000, 0x0000000100000000)
  eden space 228352K, 0% used [0x00000000d5b80000,0x00000000d5b80000,0x00000000e3a80000)
  from space 13824K, 67% used [0x00000000e3a80000,0x00000000e43a3858,0x00000000e4800000)
  to   space 13824K, 0% used [0x00000000eab80000,0x00000000eab80000,0x00000000eb900000)
 ParOldGen       total 54272K, used 10183K [0x0000000081200000, 0x0000000084700000, 0x00000000d5b80000)
  object space 54272K, 18% used [0x0000000081200000,0x0000000081bf1d20,0x0000000084700000)
 Metaspace       used 33247K, capacity 35360K, committed 35416K, reserved 1079296K
  class space    used 4573K, capacity 4964K, committed 4992K, reserved 1048576K
}
Event: 5.189 GC heap before
{Heap before GC invocations=11 (full 2):
 PSYoungGen      total 242176K, used 9358K [0x00000000d5b80000, 0x00000000eb900000, 0x0000000100000000)
  eden space 228352K, 0% used [0x00000000d5b80000,0x00000000d5b80000,0x00000000e3a80000)
  from space 13824K, 67% used [0x00000000e3a80000,0x00000000e43a3858,0x00000000e4800000)
  to   space 13824K, 0% used [0x00000000eab80000,0x00000000eab80000,0x00000000eb900000)
 ParOldGen       total 54272K, used 10183K [0x0000000081200000, 0x0000000084700000, 0x00000000d5b80000)
  object space 54272K, 18% used [0x0000000081200000,0x0000000081bf1d20,0x0000000084700000)
 Metaspace       used 33247K, capacity 35360K, committed 35416K, reserved 1079296K
  class space    used 4573K, capacity 4964K, committed 4992K, reserved 1048576K
Event: 5.249 GC heap after
Heap after GC invocations=11 (full 2):
 PSYoungGen      total 242176K, used 0K [0x00000000d5b80000, 0x00000000eb900000, 0x0000000100000000)
  eden space 228352K, 0% used [0x00000000d5b80000,0x00000000d5b80000,0x00000000e3a80000)
  from space 13824K, 0% used [0x00000000e3a80000,0x00000000e3a80000,0x00000000e4800000)
  to   space 13824K, 0% used [0x00000000eab80000,0x00000000eab80000,0x00000000eb900000)
 ParOldGen       total 77312K, used 15245K [0x0000000081200000, 0x0000000085d80000, 0x00000000d5b80000)
  object space 77312K, 19% used [0x0000000081200000,0x00000000820e35c8,0x0000000085d80000)
 Metaspace       used 33247K, capacity 35360K, committed 35416K, reserved 1079296K
  class space    used 4573K, capacity 4964K, committed 4992K, reserved 1048576K
}
Event: 10.103 GC heap before
{Heap before GC invocations=12 (full 2):
 PSYoungGen      total 242176K, used 228352K [0x00000000d5b80000, 0x00000000eb900000, 0x0000000100000000)
  eden space 228352K, 100% used [0x00000000d5b80000,0x00000000e3a80000,0x00000000e3a80000)
  from space 13824K, 0% used [0x00000000e3a80000,0x00000000e3a80000,0x00000000e4800000)
  to   space 13824K, 0% used [0x00000000eab80000,0x00000000eab80000,0x00000000eb900000)
 ParOldGen       total 77312K, used 15245K [0x0000000081200000, 0x0000000085d80000, 0x00000000d5b80000)
  object space 77312K, 19% used [0x0000000081200000,0x00000000820e35c8,0x0000000085d80000)
 Metaspace       used 47626K, capacity 50892K, committed 51072K, reserved 1093632K
  class space    used 6611K, capacity 7218K, committed 7296K, reserved 1048576K
Event: 10.119 GC heap after
Heap after GC invocations=12 (full 2):
 PSYoungGen      total 313344K, used 13814K [0x00000000d5b80000, 0x00000000eb900000, 0x0000000100000000)
  eden space 299520K, 0% used [0x00000000d5b80000,0x00000000d5b80000,0x00000000e8000000)
  from space 13824K, 99% used [0x00000000eab80000,0x00000000eb8fda88,0x00000000eb900000)
  to   space 17920K, 0% used [0x00000000e9600000,0x00000000e9600000,0x00000000ea780000)
 ParOldGen       total 77312K, used 22716K [0x0000000081200000, 0x0000000085d80000, 0x00000000d5b80000)
  object space 77312K, 29% used [0x0000000081200000,0x000000008282f3f0,0x0000000085d80000)
 Metaspace       used 47626K, capacity 50892K, committed 51072K, reserved 1093632K
  class space    used 6611K, capacity 7218K, committed 7296K, reserved 1048576K
}
Event: 26.064 GC heap before
{Heap before GC invocations=13 (full 2):
 PSYoungGen      total 313344K, used 313334K [0x00000000d5b80000, 0x00000000eb900000, 0x0000000100000000)
  eden space 299520K, 100% used [0x00000000d5b80000,0x00000000e8000000,0x00000000e8000000)
  from space 13824K, 99% used [0x00000000eab80000,0x00000000eb8fda88,0x00000000eb900000)
  to   space 17920K, 0% used [0x00000000e9600000,0x00000000e9600000,0x00000000ea780000)
 ParOldGen       total 77312K, used 22716K [0x0000000081200000, 0x0000000085d80000, 0x00000000d5b80000)
  object space 77312K, 29% used [0x0000000081200000,0x000000008282f3f0,0x0000000085d80000)
 Metaspace       used 54431K, capacity 58044K, committed 58368K, reserved 1099776K
  class space    used 7436K, capacity 8096K, committed 8192K, reserved 1048576K
Event: 26.080 GC heap after
Heap after GC invocations=13 (full 2):
 PSYoungGen      total 339968K, used 8831K [0x00000000d5b80000, 0x00000000ef100000, 0x0000000100000000)
  eden space 322048K, 0% used [0x00000000d5b80000,0x00000000d5b80000,0x00000000e9600000)
  from space 17920K, 49% used [0x00000000e9600000,0x00000000e9e9fe38,0x00000000ea780000)
  to   space 17408K, 0% used [0x00000000ee000000,0x00000000ee000000,0x00000000ef100000)
 ParOldGen       total 77312K, used 34056K [0x0000000081200000, 0x0000000085d80000, 0x00000000d5b80000)
  object space 77312K, 44% used [0x0000000081200000,0x00000000833423d0,0x0000000085d80000)
 Metaspace       used 54431K, capacity 58044K, committed 58368K, reserved 1099776K
  class space    used 7436K, capacity 8096K, committed 8192K, reserved 1048576K
}

Deoptimization events (0 events):
No events

Classes redefined (0 events):
No events

Internal exceptions (10 events):
Event: 25.748 Thread 0x000000001e248800 Exception <a 'java/lang/reflect/InvocationTargetException'> (0x00000000e7a08ac8) thrown at [C:\re\workspace\8-2-build-windows-amd64-cygwin\jdk8u201\12322\hotspot\src\share\vm\runtime\reflection.cpp, line 1092]
Event: 25.784 Thread 0x000000001e248800 Exception <a 'java/lang/ArrayIndexOutOfBoundsException'> (0x00000000e7c93ba0) thrown at [C:\re\workspace\8-2-build-windows-amd64-cygwin\jdk8u201\12322\hotspot\src\share\vm\runtime\sharedRuntime.cpp, line 605]
Event: 25.788 Thread 0x000000001e248800 Exception <a 'java/lang/ArrayIndexOutOfBoundsException'> (0x00000000e7cc1938) thrown at [C:\re\workspace\8-2-build-windows-amd64-cygwin\jdk8u201\12322\hotspot\src\share\vm\runtime\sharedRuntime.cpp, line 605]
Event: 26.228 Thread 0x000000001e249800 Exception <a 'java/lang/NoSuchMethodError': java.lang.Object.lambda$invoke$0()Ljava/lang/Object;> (0x00000000d6320a88) thrown at [C:\re\workspace\8-2-build-windows-amd64-cygwin\jdk8u201\12322\hotspot\src\share\vm\interpreter\linkResolver.cpp, line 620]
Event: 26.299 Thread 0x000000001e244000 Exception <a 'java/lang/ArrayIndexOutOfBoundsException'> (0x00000000d6b4c808) thrown at [C:\re\workspace\8-2-build-windows-amd64-cygwin\jdk8u201\12322\hotspot\src\share\vm\runtime\sharedRuntime.cpp, line 605]
Event: 26.299 Thread 0x000000001e244000 Exception <a 'java/lang/ArrayIndexOutOfBoundsException'> (0x00000000d6b4e538) thrown at [C:\re\workspace\8-2-build-windows-amd64-cygwin\jdk8u201\12322\hotspot\src\share\vm\runtime\sharedRuntime.cpp, line 605]
Event: 26.299 Thread 0x000000001e249800 Exception <a 'java/lang/ArrayIndexOutOfBoundsException'> (0x00000000d6e7ae40) thrown at [C:\re\workspace\8-2-build-windows-amd64-cygwin\jdk8u201\12322\hotspot\src\share\vm\runtime\sharedRuntime.cpp, line 605]
Event: 26.300 Thread 0x000000001e249800 Exception <a 'java/lang/ArrayIndexOutOfBoundsException'> (0x00000000d6e80bd8) thrown at [C:\re\workspace\8-2-build-windows-amd64-cygwin\jdk8u201\12322\hotspot\src\share\vm\runtime\sharedRuntime.cpp, line 605]
Event: 26.300 Thread 0x000000001e244000 Exception <a 'java/lang/ArrayIndexOutOfBoundsException'> (0x00000000d6b53dd8) thrown at [C:\re\workspace\8-2-build-windows-amd64-cygwin\jdk8u201\12322\hotspot\src\share\vm\runtime\sharedRuntime.cpp, line 605]
Event: 27.896 Thread 0x000000001e247000 Exception <a 'java/io/IOException'> (0x00000000d9aec808) thrown at [C:\re\workspace\8-2-build-windows-amd64-cygwin\jdk8u201\12322\hotspot\src\share\vm\prims\jni.cpp, line 709]

Events (10 events):
Event: 27.933 Executing VM operation: RevokeBias
Event: 27.934 Executing VM operation: RevokeBias done
Event: 27.943 Executing VM operation: RevokeBias
Event: 27.943 Executing VM operation: RevokeBias done
Event: 27.944 Executing VM operation: RevokeBias
Event: 27.944 Executing VM operation: RevokeBias done
Event: 27.944 Executing VM operation: RevokeBias
Event: 27.944 Executing VM operation: RevokeBias done
Event: 27.946 loading class java/util/concurrent/locks/ReentrantReadWriteLock$Sync$HoldCounter
Event: 27.946 loading class java/util/concurrent/locks/ReentrantReadWriteLock$Sync$HoldCounter done


Dynamic libraries:
0x00007ff713090000 - 0x00007ff7130c7000 	C:\Program Files\Java\jdk1.8.0_201\bin\java.exe
0x00007ff887a10000 - 0x00007ff887c05000 	C:\WINDOWS\SYSTEM32\ntdll.dll
0x00007ff8864c0000 - 0x00007ff88657e000 	C:\WINDOWS\System32\KERNEL32.DLL
0x00007ff885450000 - 0x00007ff885719000 	C:\WINDOWS\System32\KERNELBASE.dll
0x00007ff886580000 - 0x00007ff88662c000 	C:\WINDOWS\System32\ADVAPI32.dll
0x00007ff885ea0000 - 0x00007ff885f3e000 	C:\WINDOWS\System32\msvcrt.dll
0x00007ff885d10000 - 0x00007ff885dab000 	C:\WINDOWS\System32\sechost.dll
0x00007ff8871f0000 - 0x00007ff88731a000 	C:\WINDOWS\System32\RPCRT4.dll
0x00007ff8876c0000 - 0x00007ff887861000 	C:\WINDOWS\System32\USER32.dll
0x00007ff885130000 - 0x00007ff885152000 	C:\WINDOWS\System32\win32u.dll
0x00007ff885a60000 - 0x00007ff885a8b000 	C:\WINDOWS\System32\GDI32.dll
0x00007ff885850000 - 0x00007ff88595b000 	C:\WINDOWS\System32\gdi32full.dll
0x00007ff8857b0000 - 0x00007ff88584d000 	C:\WINDOWS\System32\msvcp_win.dll
0x00007ff885960000 - 0x00007ff885a60000 	C:\WINDOWS\System32\ucrtbase.dll
0x00007ff876790000 - 0x00007ff876a2a000 	C:\WINDOWS\WinSxS\amd64_microsoft.windows.common-controls_6595b64144ccf1df_6.0.19041.1110_none_60b5254171f9507e\COMCTL32.dll
0x00007ff8879a0000 - 0x00007ff8879d0000 	C:\WINDOWS\System32\IMM32.DLL
0x00000000614b0000 - 0x0000000061581000 	C:\Program Files\Java\jdk1.8.0_201\jre\bin\msvcr100.dll
0x000000005fec0000 - 0x0000000060764000 	C:\Program Files\Java\jdk1.8.0_201\jre\bin\server\jvm.dll
0x00007ff8864b0000 - 0x00007ff8864b8000 	C:\WINDOWS\System32\PSAPI.DLL
0x00007ff87f200000 - 0x00007ff87f209000 	C:\WINDOWS\SYSTEM32\WSOCK32.dll
0x00007ff886440000 - 0x00007ff8864ab000 	C:\WINDOWS\System32\WS2_32.dll
0x00007ff87c200000 - 0x00007ff87c20a000 	C:\WINDOWS\SYSTEM32\VERSION.dll
0x00007ff879f90000 - 0x00007ff879fb7000 	C:\WINDOWS\SYSTEM32\WINMM.dll
0x00007ff87d590000 - 0x00007ff87d59f000 	C:\Program Files\Java\jdk1.8.0_201\jre\bin\verify.dll
0x00007ff863e10000 - 0x00007ff863e39000 	C:\Program Files\Java\jdk1.8.0_201\jre\bin\java.dll
0x00007ff87fee0000 - 0x00007ff87ff03000 	C:\Program Files\Java\jdk1.8.0_201\jre\bin\instrument.dll
0x00007ff87bab0000 - 0x00007ff87bac6000 	C:\Program Files\Java\jdk1.8.0_201\jre\bin\zip.dll
0x00007ff886630000 - 0x00007ff886d6f000 	C:\WINDOWS\System32\SHELL32.dll
0x00007ff882e70000 - 0x00007ff883600000 	C:\WINDOWS\SYSTEM32\windows.storage.dll
0x00007ff885f40000 - 0x00007ff886295000 	C:\WINDOWS\System32\combase.dll
0x00007ff884b80000 - 0x00007ff884bac000 	C:\WINDOWS\SYSTEM32\Wldp.dll
0x00007ff886330000 - 0x00007ff8863dd000 	C:\WINDOWS\System32\SHCORE.dll
0x00007ff8862c0000 - 0x00007ff886315000 	C:\WINDOWS\System32\shlwapi.dll
0x00007ff885070000 - 0x00007ff88508f000 	C:\WINDOWS\SYSTEM32\profapi.dll
0x00007ff87eb60000 - 0x00007ff87eb7a000 	F:\subject\IDEA 2018_sssam.com\IntelliJ IDEA 2018.2.4\bin\breakgen64.dll
0x00007ff859900000 - 0x00007ff85991a000 	C:\Program Files\Java\jdk1.8.0_201\jre\bin\net.dll
0x00007ff8731d0000 - 0x00007ff8733bb000 	C:\WINDOWS\SYSTEM32\urlmon.dll
0x00007ff873750000 - 0x00007ff873a00000 	C:\WINDOWS\SYSTEM32\iertutil.dll
0x00007ff8845c0000 - 0x00007ff8845cc000 	C:\WINDOWS\SYSTEM32\netutils.dll
0x00007ff8731a0000 - 0x00007ff8731c8000 	C:\WINDOWS\SYSTEM32\srvcli.dll
0x00007ff8848e0000 - 0x00007ff88494a000 	C:\WINDOWS\system32\mswsock.dll
0x00007ff884580000 - 0x00007ff8845bb000 	C:\WINDOWS\SYSTEM32\IPHLPAPI.DLL
0x00007ff885e90000 - 0x00007ff885e98000 	C:\WINDOWS\System32\NSI.dll
0x00007ff87a5b0000 - 0x00007ff87a5c7000 	C:\WINDOWS\SYSTEM32\dhcpcsvc6.DLL
0x00007ff87aee0000 - 0x00007ff87aefd000 	C:\WINDOWS\SYSTEM32\dhcpcsvc.DLL
0x00007ff8845d0000 - 0x00007ff88469c000 	C:\WINDOWS\SYSTEM32\DNSAPI.dll
0x00007ff87c210000 - 0x00007ff87c21a000 	C:\Windows\System32\rasadhlp.dll
0x00007ff873d50000 - 0x00007ff873dcf000 	C:\WINDOWS\System32\fwpuclnt.dll
0x00007ff885210000 - 0x00007ff885237000 	C:\WINDOWS\System32\bcrypt.dll
0x00007ff87fed0000 - 0x00007ff87fedd000 	C:\Program Files\Java\jdk1.8.0_201\jre\bin\management.dll
0x00007ff867c90000 - 0x00007ff867ca7000 	C:\WINDOWS\system32\napinsp.dll
0x00007ff867c70000 - 0x00007ff867c8b000 	C:\WINDOWS\system32\pnrpnsp.dll
0x00007ff87f450000 - 0x00007ff87f465000 	C:\WINDOWS\system32\wshbth.dll
0x00007ff87fe80000 - 0x00007ff87fe9d000 	C:\WINDOWS\system32\NLAapi.dll
0x00007ff867bd0000 - 0x00007ff867be2000 	C:\WINDOWS\System32\winrnr.dll
0x00007ff84b670000 - 0x00007ff84b681000 	C:\Program Files\Java\jdk1.8.0_201\jre\bin\nio.dll
0x00007ff884ad0000 - 0x00007ff884ae8000 	C:\WINDOWS\SYSTEM32\CRYPTSP.dll
0x00007ff8841f0000 - 0x00007ff884224000 	C:\WINDOWS\system32\rsaenh.dll
0x00007ff885030000 - 0x00007ff88505e000 	C:\WINDOWS\SYSTEM32\USERENV.dll
0x00007ff885720000 - 0x00007ff8857a3000 	C:\WINDOWS\System32\bcryptprimitives.dll
0x00007ff884af0000 - 0x00007ff884afc000 	C:\WINDOWS\SYSTEM32\CRYPTBASE.dll
0x00007ff864b50000 - 0x00007ff864b74000 	C:\Program Files\Java\jdk1.8.0_201\jre\bin\sunec.dll
0x00007ff82b690000 - 0x00007ff82e4cd000 	C:\Users\lenovo\Desktop\人脸识别\Face-recognition-main\ArcSoft_ArcFace_Java_Windows_x64_V3.0\libs\WIN64\libarcsoft_face.dll
0x00007ff86b240000 - 0x00007ff86b2e6000 	C:\WINDOWS\SYSTEM32\MSVCP120.dll
0x00007ff86b150000 - 0x00007ff86b23f000 	C:\WINDOWS\SYSTEM32\MSVCR120.dll
0x00007ff83f0e0000 - 0x00007ff83f15f000 	C:\Users\lenovo\Desktop\人脸识别\Face-recognition-main\ArcSoft_ArcFace_Java_Windows_x64_V3.0\libs\WIN64\libarcsoft_face_engine.dll
0x00007ff8863e0000 - 0x00007ff886436000 	C:\WINDOWS\System32\WLDAP32.dll
0x00007ff865350000 - 0x00007ff865375000 	C:\Users\lenovo\Desktop\人脸识别\Face-recognition-main\ArcSoft_ArcFace_Java_Windows_x64_V3.0\libs\WIN64\libarcsoft_face_engine_jni.dll
0x00007ff8349c0000 - 0x00007ff834b59000 	C:\Program Files\Java\jdk1.8.0_201\jre\bin\awt.dll
0x00007ff887320000 - 0x00007ff8873ed000 	C:\WINDOWS\System32\OLEAUT32.dll
0x00007ff881790000 - 0x00007ff881820000 	C:\WINDOWS\SYSTEM32\apphelp.dll
0x00007ff8647e0000 - 0x00007ff864811000 	C:\Program Files\Java\jdk1.8.0_201\jre\bin\jpeg.dll
0x00007ff859a50000 - 0x00007ff859a8e000 	C:\Program Files\Java\jdk1.8.0_201\jre\bin\lcms.dll
0x00007ff8836d0000 - 0x00007ff8838b4000 	C:\WINDOWS\SYSTEM32\dbghelp.dll

VM Arguments:
jvm_args: -XX:CompileCommand=exclude,org/hibernate/cfg/annotations/SimpleValueBinder.setType -XX:TieredStopAtLevel=1 -Xverify:none -Dspring.output.ansi.enabled=always -javaagent:F:\subject\IDEA 2018_sssam.com\IntelliJ IDEA 2018.2.4\lib\idea_rt.jar=51474:F:\subject\IDEA 2018_sssam.com\IntelliJ IDEA 2018.2.4\bin -Dfile.encoding=UTF-8 
java_command: com.tangcheng.face_corn.FaceCornApplication
java_class_path (initial): C:\Program Files\Java\jdk1.8.0_201\jre\lib\charsets.jar;C:\Program Files\Java\jdk1.8.0_201\jre\lib\deploy.jar;C:\Program Files\Java\jdk1.8.0_201\jre\lib\ext\access-bridge-64.jar;C:\Program Files\Java\jdk1.8.0_201\jre\lib\ext\cldrdata.jar;C:\Program Files\Java\jdk1.8.0_201\jre\lib\ext\dnsns.jar;C:\Program Files\Java\jdk1.8.0_201\jre\lib\ext\jaccess.jar;C:\Program Files\Java\jdk1.8.0_201\jre\lib\ext\jfxrt.jar;C:\Program Files\Java\jdk1.8.0_201\jre\lib\ext\localedata.jar;C:\Program Files\Java\jdk1.8.0_201\jre\lib\ext\nashorn.jar;C:\Program Files\Java\jdk1.8.0_201\jre\lib\ext\sunec.jar;C:\Program Files\Java\jdk1.8.0_201\jre\lib\ext\sunjce_provider.jar;C:\Program Files\Java\jdk1.8.0_201\jre\lib\ext\sunmscapi.jar;C:\Program Files\Java\jdk1.8.0_201\jre\lib\ext\sunpkcs11.jar;C:\Program Files\Java\jdk1.8.0_201\jre\lib\ext\zipfs.jar;C:\Program Files\Java\jdk1.8.0_201\jre\lib\javaws.jar;C:\Program Files\Java\jdk1.8.0_201\jre\lib\jce.jar;C:\Program Files\Java\jdk1.8.0_201\jre\lib\jfr.jar;C:\Program Files\Java\jdk1.8.0_201\jre\lib\jfxswt.jar;C:\Program Files\Java\jdk1.8.0_201\jre\lib\jsse.jar;C:\Program Files\Java\jdk1.8.0_201\jre\lib\management-agent.jar;C:\Program Files\Java\jdk1.8.0_201\jre\lib\plugin.jar;C:\Program Files\Java\jdk1.8.0_201\jre\lib\resources.jar;C:\Program Files\Java\jdk1.8.0_201\jre\lib\rt.jar;C:\Users\lenovo\Desktop\人脸识别\Face-recognition-main\facesystem\face_corn\target\classes;C:\Users\lenovo\Desktop\人脸识别\Face-recognition-main\facesystem\common\target\classes;F:\subject\JavaWeb\maven-l\com\auth0\java-jwt\3.4.0\java-jwt-3.4.0.jar;F:\subject\JavaWeb\maven-l\commons-codec\commons-codec\1.15\commons-codec-1.15.jar;F:\subject\JavaWeb\maven-l\com\aliyun\oss\aliyun-sdk-oss\3.12.0\aliyun-sdk-oss-3.12.0.jar;F:\subject\JavaWeb\maven-l\org\apache\httpcomponents\httpclient\4.5.13\httpclient-4.5.13.jar;F:\subject\JavaWeb\maven-l\org\apache\httpcomponents\httpcore\4.4.14\httpcore-4.4.14.jar;F:\subject\JavaWeb\maven-l\org\jdom\jdom2\2.
Launcher Type: SUN_STANDARD

Environment Variables:
JAVA_HOME=C:\Program Files\Java\jdk1.8.0_201
CLASSPATH=.;C:\Program Files\Java\jdk1.8.0_201\lib\dt.jar,C:\Program Files\Java\jdk1.8.0_201\lib\tools.jar;F:\subject\JavaWeb\apache-tomcat-8.5.45\lib\servlet-api.jar
PATH=C:\Program Files (x86)\Common Files\Oracle\Java\javapath;C:\WINDOWS\system32;C:\WINDOWS;C:\WINDOWS\System32\Wbem;C:\WINDOWS\System32\WindowsPowerShell\v1.0\;C:\WINDOWS\System32\OpenSSH\;F:\subject\JavaWeb\apache-tomcat-8.5.45\bin;F:\subject\JavaWeb\apache-tomcat-8.5.45\lib;C:\Program Files\NVIDIA Corporation\NVIDIA NvDLISR;F:\subject\JavaWeb\apache-maven-3.3.9\bin;F:\subject\JavaWeb\Gradle\gradle-6.9.1\bin;F:\subject\JavaWeb\nodejs;C:\Program Files\Java\jdk1.8.0_201\bin;C:\Program Files\MySQL\MySQL Server 8.0\bin;F:\subject\JavaWeb\env\MongoDB\bin;C:\Users\lenovo\AppData\Local\Microsoft\WindowsApps;F:\subject\PyCharm\PyCharm Community Edition 2020.3.3\bin;;F:\subject\JavaWeb\Microsoft VS Code\bin;F:\subject\JavaWeb\nodejs\node_global;
USERNAME=lenovo
OS=Windows_NT
PROCESSOR_IDENTIFIER=Intel64 Family 6 Model 158 Stepping 10, GenuineIntel



---------------  S Y S T E M  ---------------

OS: Windows 10.0 , 64 bit Build 19041 (10.0.19041.1202)

CPU:total 8 (initial active 8) (4 cores per cpu, 2 threads per core) family 6 model 158 stepping 10, cmov, cx8, fxsr, mmx, sse, sse2, sse3, ssse3, sse4.1, sse4.2, popcnt, avx, avx2, aes, clmul, erms, 3dnowpref, lzcnt, ht, tsc, tscinvbit, bmi1, bmi2, adx

Memory: 4k page, physical 8306932k(1526900k free), swap 18792692k(4313388k free)

vm_info: Java HotSpot(TM) 64-Bit Server VM (25.201-b09) for windows-amd64 JRE (1.8.0_201-b09), built on Dec 15 2018 18:36:39 by "java_re" with MS VC++ 10.0 (VS2010)

time: Sun Oct 31 19:55:03 2021
timezone: 中国标准时间
elapsed time: 28 seconds (0d 0h 0m 28s)

