#
# A fatal error has been detected by the Java Runtime Environment:
#
#  EXCEPTION_ACCESS_VIOLATION (0xc0000005) at pc=0x00007ffb1e39efd8, pid=47388, tid=0x000000000000c52c
#
# JRE version: Java(TM) SE Runtime Environment (8.0_201-b09) (build 1.8.0_201-b09)
# Java VM: Java HotSpot(TM) 64-Bit Server VM (25.201-b09 mixed mode windows-amd64 compressed oops)
# Problematic frame:
# C  [libarcsoft_face.dll+0xefd8]
#
# Failed to write core dump. Minidumps are not enabled by default on client versions of Windows
#
# If you would like to submit a bug report, please visit:
#   http://bugreport.java.com/bugreport/crash.jsp
# The crash happened outside the Java Virtual Machine in native code.
# See problematic frame for where to report the bug.
#

---------------  T H R E A D  ---------------

Current thread (0x000000001ec46800):  JavaThread "http-nio-8081-exec-4" daemon [_thread_in_native, id=50476, stack(0x0000000021850000,0x0000000021a50000)]

siginfo: ExceptionCode=0xc0000005, reading address 0xffffffffffffffff

Registers:
RAX=0x4228000042280000, RBX=0x000000002c29ad70, RCX=0x000000002c29ae20, RDX=0x000000002c2a6e70
RSP=0x0000000021a4d3f0, RBP=0x0000000000000001, RSI=0x000000002c29ad70, RDI=0x0000000000000000
R8 =0x000000002c29ae20, R9 =0x0000000000000000, R10=0x0000000000000001, R11=0x0000000000000001
R12=0x0000000000000000, R13=0x0000000000000000, R14=0x000000002c29ad80, R15=0x00000000295a4040
RIP=0x00007ffb1e39efd8, EFLAGS=0x0000000000010206

Top of Stack: (sp=0x0000000021a4d3f0)
0x0000000021a4d3f0:   000000002c29ae60 00000000000000f0
0x0000000021a4d400:   ffc0000000000040 ffc0000000000040
0x0000000021a4d410:   0000000021a4d760 000000002c29ad80
0x0000000021a4d420:   0000000000000000 00007ffb1e39b949
0x0000000021a4d430:   000000002c29ad70 0000000000000001
0x0000000021a4d440:   000000002c29ad70 0000000000000000
0x0000000021a4d450:   0000000000000001 00007ffb1e399092
0x0000000021a4d460:   0000000000000000 0000000000000001
0x0000000021a4d470:   0000000000000040 0000000021a4d510
0x0000000021a4d480:   00000000ffc00000 00000000ffc00000
0x0000000021a4d490:   00000000ffc00000 00000000ffc00000
0x0000000021a4d4a0:   0000000000000000 0000000000000000
0x0000000021a4d4b0:   0000000021a4d760 0000000100000000
0x0000000021a4d4c0:   000000002abf1940 0000000000000001
0x0000000021a4d4d0:   00000000295a4160 00000000295a4040
0x0000000021a4d4e0:   000000002c29ad70 ffc00000ffc00000 

Instructions: (pc=0x00007ffb1e39efd8)
0x00007ffb1e39efb8:   24 10 48 89 74 24 18 48 89 7c 24 20 41 54 41 56
0x00007ffb1e39efc8:   41 57 48 83 ec 20 48 8b 42 20 4c 8b f9 49 8b c8
0x00007ffb1e39efd8:   4c 8b 60 18 44 8b 70 14 41 8b e9 49 8b d8 48 8b
0x00007ffb1e39efe8:   f2 e8 02 d2 01 00 4c 8b 16 8b f8 41 83 7a 18 00 


Register to memory mapping:

RAX=0x4228000042280000 is an unknown value
RBX=0x000000002c29ad70 is an unknown value
RCX=0x000000002c29ae20 is an unknown value
RDX=0x000000002c2a6e70 is an unknown value
RSP=0x0000000021a4d3f0 is pointing into the stack for thread: 0x000000001ec46800
RBP=0x0000000000000001 is an unknown value
RSI=0x000000002c29ad70 is an unknown value
RDI=0x0000000000000000 is an unknown value
R8 =0x000000002c29ae20 is an unknown value
R9 =0x0000000000000000 is an unknown value
R10=0x0000000000000001 is an unknown value
R11=0x0000000000000001 is an unknown value
R12=0x0000000000000000 is an unknown value
R13=0x0000000000000000 is an unknown value
R14=0x000000002c29ad80 is an unknown value
R15=0x00000000295a4040 is an unknown value


Stack: [0x0000000021850000,0x0000000021a50000],  sp=0x0000000021a4d3f0,  free space=2036k
Native frames: (J=compiled Java code, j=interpreted, Vv=VM code, C=native code)
C  [libarcsoft_face.dll+0xefd8]
C  [libarcsoft_face.dll+0xb949]
C  [libarcsoft_face.dll+0x9092]
C  [libarcsoft_face.dll+0x89bc]
C  [libarcsoft_face.dll+0x7d0a]
C  [libarcsoft_face.dll+0x3c88]
C  [libarcsoft_face_engine.dll+0x58ca]
C  [libarcsoft_face_engine_jni.dll+0x18f6]
C  0x0000000002f68c67

Java frames: (J=compiled Java code, j=interpreted, Vv=VM code)
j  com.arcsoft.face.FaceEngine.detectFaces(J[BIIII[Lcom/arcsoft/face/FaceInfo;)I+0
j  com.arcsoft.face.FaceEngine.detectFaces([BIILcom/arcsoft/face/enums/ImageFormat;Lcom/arcsoft/face/enums/DetectModel;Ljava/util/List;)I+107
j  com.arcsoft.face.FaceEngine.detectFaces([BIILcom/arcsoft/face/enums/ImageFormat;Ljava/util/List;)I+11
j  com.tangcheng.face_corn.service.impl.faceServiceImpl.facesearch(Ljava/io/InputStream;Ljava/util/List;)Ljava/lang/String;+45
j  com.tangcheng.face_corn.controller.faceController.facesearch(Ljava/lang/String;Ljava/util/List;)Lresult/Result;+22
j  sun.reflect.GeneratedMethodAccessor63.invoke(Ljava/lang/Object;[Ljava/lang/Object;)Ljava/lang/Object;+48
J 1635 C1 sun.reflect.DelegatingMethodAccessorImpl.invoke(Ljava/lang/Object;[Ljava/lang/Object;)Ljava/lang/Object; (10 bytes) @ 0x00000000032c73a4 [0x00000000032c7360+0x44]
J 1634 C1 java.lang.reflect.Method.invoke(Ljava/lang/Object;[Ljava/lang/Object;)Ljava/lang/Object; (62 bytes) @ 0x00000000032c6fd4 [0x00000000032c6ee0+0xf4]
j  org.springframework.web.method.support.InvocableHandlerMethod.doInvoke([Ljava/lang/Object;)Ljava/lang/Object;+32
j  org.springframework.web.method.support.InvocableHandlerMethod.invokeForRequest(Lorg/springframework/web/context/request/NativeWebRequest;Lorg/springframework/web/method/support/ModelAndViewContainer;[Ljava/lang/Object;)Ljava/lang/Object;+54
j  org.springframework.web.servlet.mvc.method.annotation.ServletInvocableHandlerMethod.invokeAndHandle(Lorg/springframework/web/context/request/ServletWebRequest;Lorg/springframework/web/method/support/ModelAndViewContainer;[Ljava/lang/Object;)V+4
j  org.springframework.web.servlet.mvc.method.annotation.RequestMappingHandlerAdapter.invokeHandlerMethod(Ljavax/servlet/http/HttpServletRequest;Ljavax/servlet/http/HttpServletResponse;Lorg/springframework/web/method/HandlerMethod;)Lorg/springframework/web/servlet/ModelAndView;+244
j  org.springframework.web.servlet.mvc.method.annotation.RequestMappingHandlerAdapter.handleInternal(Ljavax/servlet/http/HttpServletRequest;Ljavax/servlet/http/HttpServletResponse;Lorg/springframework/web/method/HandlerMethod;)Lorg/springframework/web/servlet/ModelAndView;+81
j  org.springframework.web.servlet.mvc.method.AbstractHandlerMethodAdapter.handle(Ljavax/servlet/http/HttpServletRequest;Ljavax/servlet/http/HttpServletResponse;Ljava/lang/Object;)Lorg/springframework/web/servlet/ModelAndView;+7
j  org.springframework.web.servlet.DispatcherServlet.doDispatch(Ljavax/servlet/http/HttpServletRequest;Ljavax/servlet/http/HttpServletResponse;)V+259
j  org.springframework.web.servlet.DispatcherServlet.doService(Ljavax/servlet/http/HttpServletRequest;Ljavax/servlet/http/HttpServletResponse;)V+241
j  org.springframework.web.servlet.FrameworkServlet.processRequest(Ljavax/servlet/http/HttpServletRequest;Ljavax/servlet/http/HttpServletResponse;)V+71
j  org.springframework.web.servlet.FrameworkServlet.doPost(Ljavax/servlet/http/HttpServletRequest;Ljavax/servlet/http/HttpServletResponse;)V+3
j  javax.servlet.http.HttpServlet.service(Ljavax/servlet/http/HttpServletRequest;Ljavax/servlet/http/HttpServletResponse;)V+149
j  org.springframework.web.servlet.FrameworkServlet.service(Ljavax/servlet/http/HttpServletRequest;Ljavax/servlet/http/HttpServletResponse;)V+33
j  javax.servlet.http.HttpServlet.service(Ljavax/servlet/ServletRequest;Ljavax/servlet/ServletResponse;)V+36
j  org.apache.catalina.core.ApplicationFilterChain.internalDoFilter(Ljavax/servlet/ServletRequest;Ljavax/servlet/ServletResponse;)V+304
j  org.apache.catalina.core.ApplicationFilterChain.doFilter(Ljavax/servlet/ServletRequest;Ljavax/servlet/ServletResponse;)V+99
j  org.apache.tomcat.websocket.server.WsFilter.doFilter(Ljavax/servlet/ServletRequest;Ljavax/servlet/ServletResponse;Ljavax/servlet/FilterChain;)V+21
j  org.apache.catalina.core.ApplicationFilterChain.internalDoFilter(Ljavax/servlet/ServletRequest;Ljavax/servlet/ServletResponse;)V+135
j  org.apache.catalina.core.ApplicationFilterChain.doFilter(Ljavax/servlet/ServletRequest;Ljavax/servlet/ServletResponse;)V+99
j  org.springframework.web.filter.RequestContextFilter.doFilterInternal(Ljavax/servlet/http/HttpServletRequest;Ljavax/servlet/http/HttpServletResponse;Ljavax/servlet/FilterChain;)V+21
j  org.springframework.web.filter.OncePerRequestFilter.doFilter(Ljavax/servlet/ServletRequest;Ljavax/servlet/ServletResponse;Ljavax/servlet/FilterChain;)V+147
j  org.apache.catalina.core.ApplicationFilterChain.internalDoFilter(Ljavax/servlet/ServletRequest;Ljavax/servlet/ServletResponse;)V+135
j  org.apache.catalina.core.ApplicationFilterChain.doFilter(Ljavax/servlet/ServletRequest;Ljavax/servlet/ServletResponse;)V+99
j  org.springframework.web.filter.FormContentFilter.doFilterInternal(Ljavax/servlet/http/HttpServletRequest;Ljavax/servlet/http/HttpServletResponse;Ljavax/servlet/FilterChain;)V+38
j  org.springframework.web.filter.OncePerRequestFilter.doFilter(Ljavax/servlet/ServletRequest;Ljavax/servlet/ServletResponse;Ljavax/servlet/FilterChain;)V+147
j  org.apache.catalina.core.ApplicationFilterChain.internalDoFilter(Ljavax/servlet/ServletRequest;Ljavax/servlet/ServletResponse;)V+135
j  org.apache.catalina.core.ApplicationFilterChain.doFilter(Ljavax/servlet/ServletRequest;Ljavax/servlet/ServletResponse;)V+99
j  org.springframework.web.filter.CharacterEncodingFilter.doFilterInternal(Ljavax/servlet/http/HttpServletRequest;Ljavax/servlet/http/HttpServletResponse;Ljavax/servlet/FilterChain;)V+53
j  org.springframework.web.filter.OncePerRequestFilter.doFilter(Ljavax/servlet/ServletRequest;Ljavax/servlet/ServletResponse;Ljavax/servlet/FilterChain;)V+147
j  org.apache.catalina.core.ApplicationFilterChain.internalDoFilter(Ljavax/servlet/ServletRequest;Ljavax/servlet/ServletResponse;)V+135
j  org.apache.catalina.core.ApplicationFilterChain.doFilter(Ljavax/servlet/ServletRequest;Ljavax/servlet/ServletResponse;)V+99
j  org.apache.catalina.core.StandardWrapperValve.invoke(Lorg/apache/catalina/connector/Request;Lorg/apache/catalina/connector/Response;)V+694
j  org.apache.catalina.core.StandardContextValve.invoke(Lorg/apache/catalina/connector/Request;Lorg/apache/catalina/connector/Response;)V+169
j  org.apache.catalina.authenticator.AuthenticatorBase.invoke(Lorg/apache/catalina/connector/Request;Lorg/apache/catalina/connector/Response;)V+260
j  org.apache.catalina.core.StandardHostValve.invoke(Lorg/apache/catalina/connector/Request;Lorg/apache/catalina/connector/Response;)V+128
j  org.apache.catalina.valves.ErrorReportValve.invoke(Lorg/apache/catalina/connector/Request;Lorg/apache/catalina/connector/Response;)V+6
j  org.apache.catalina.core.StandardEngineValve.invoke(Lorg/apache/catalina/connector/Request;Lorg/apache/catalina/connector/Response;)V+59
j  org.apache.catalina.connector.CoyoteAdapter.service(Lorg/apache/coyote/Request;Lorg/apache/coyote/Response;)V+199
j  org.apache.coyote.http11.Http11Processor.service(Lorg/apache/tomcat/util/net/SocketWrapperBase;)Lorg/apache/tomcat/util/net/AbstractEndpoint$Handler$SocketState;+737
j  org.apache.coyote.AbstractProcessorLight.process(Lorg/apache/tomcat/util/net/SocketWrapperBase;Lorg/apache/tomcat/util/net/SocketEvent;)Lorg/apache/tomcat/util/net/AbstractEndpoint$Handler$SocketState;+170
j  org.apache.coyote.AbstractProtocol$ConnectionHandler.process(Lorg/apache/tomcat/util/net/SocketWrapperBase;Lorg/apache/tomcat/util/net/SocketEvent;)Lorg/apache/tomcat/util/net/AbstractEndpoint$Handler$SocketState;+505
j  org.apache.tomcat.util.net.NioEndpoint$SocketProcessor.doRun()V+216
j  org.apache.tomcat.util.net.SocketProcessorBase.run()V+21
j  java.util.concurrent.ThreadPoolExecutor.runWorker(Ljava/util/concurrent/ThreadPoolExecutor$Worker;)V+95
j  java.util.concurrent.ThreadPoolExecutor$Worker.run()V+5
j  org.apache.tomcat.util.threads.TaskThread$WrappingRunnable.run()V+4
j  java.lang.Thread.run()V+11
v  ~StubRoutines::call_stub

---------------  P R O C E S S  ---------------

Java Threads: ( => current thread )
  0x000000001f177000 JavaThread "lettuce-eventExecutorLoop-1-8" daemon [_thread_blocked, id=53236, stack(0x0000000047930000,0x0000000047b30000)]
  0x000000001f174000 JavaThread "lettuce-eventExecutorLoop-1-7" daemon [_thread_blocked, id=53228, stack(0x0000000047320000,0x0000000047520000)]
  0x000000001f172800 JavaThread "Java2D Disposer" daemon [_thread_blocked, id=53188, stack(0x0000000046d20000,0x0000000046f20000)]
  0x000000001f175000 JavaThread "lettuce-eventExecutorLoop-1-6" daemon [_thread_blocked, id=52952, stack(0x0000000046b20000,0x0000000046d20000)]
  0x000000001ea71800 JavaThread "lettuce-eventExecutorLoop-1-5" daemon [_thread_blocked, id=52440, stack(0x0000000046920000,0x0000000046b20000)]
  0x000000001ea77800 JavaThread "lettuce-eventExecutorLoop-1-4" daemon [_thread_blocked, id=52216, stack(0x0000000046720000,0x0000000046920000)]
  0x000000001ea76800 JavaThread "lettuce-eventExecutorLoop-1-3" daemon [_thread_blocked, id=39668, stack(0x0000000046520000,0x0000000046720000)]
  0x000000001ea76000 JavaThread "lettuce-eventExecutorLoop-1-2" daemon [_thread_blocked, id=44240, stack(0x00000000290a0000,0x00000000292a0000)]
  0x000000001ea73000 JavaThread "lettuce-nioEventLoop-4-5" daemon [_thread_in_native, id=44512, stack(0x0000000027e90000,0x0000000028090000)]
  0x000000001ea78000 JavaThread "lettuce-eventExecutorLoop-1-1" daemon [_thread_blocked, id=51488, stack(0x0000000027c90000,0x0000000027e90000)]
  0x000000001ea73800 JavaThread "lettuce-nioEventLoop-4-4" daemon [_thread_in_native, id=51120, stack(0x0000000026a80000,0x0000000026c80000)]
  0x000000001ea74800 JavaThread "lettuce-nioEventLoop-4-3" daemon [_thread_in_native, id=51344, stack(0x0000000025870000,0x0000000025a70000)]
  0x000000001ea72000 JavaThread "lettuce-nioEventLoop-4-2" daemon [_thread_in_native, id=51740, stack(0x0000000024660000,0x0000000024860000)]
  0x000000001ea75000 JavaThread "lettuce-nioEventLoop-4-1" daemon [_thread_in_native, id=52188, stack(0x0000000023250000,0x0000000023450000)]
  0x000000001ea6a000 JavaThread "DiscoveryClient-CacheRefreshExecutor-0" daemon [_thread_blocked, id=51696, stack(0x0000000023050000,0x0000000023250000)]
  0x000000001ea6b800 JavaThread "DiscoveryClient-HeartbeatExecutor-0" daemon [_thread_blocked, id=51460, stack(0x0000000022e50000,0x0000000023050000)]
  0x000000001ea70800 JavaThread "DestroyJavaVM" [_thread_blocked, id=43408, stack(0x0000000002c50000,0x0000000002e50000)]
  0x000000001ea6a800 JavaThread "http-nio-8081-Acceptor" daemon [_thread_in_native, id=50776, stack(0x0000000022850000,0x0000000022a50000)]
  0x000000001ea70000 JavaThread "http-nio-8081-ClientPoller" daemon [_thread_in_native, id=50592, stack(0x0000000022650000,0x0000000022850000)]
  0x000000001ea6e800 JavaThread "http-nio-8081-exec-10" daemon [_thread_in_native, id=50604, stack(0x0000000022450000,0x0000000022650000)]
  0x000000001ea6c000 JavaThread "http-nio-8081-exec-9" daemon [_thread_blocked, id=50596, stack(0x0000000022250000,0x0000000022450000)]
  0x000000001ea6d800 JavaThread "http-nio-8081-exec-8" daemon [_thread_in_native, id=50600, stack(0x0000000022050000,0x0000000022250000)]
  0x000000001ea69000 JavaThread "http-nio-8081-exec-7" daemon [_thread_in_native, id=50472, stack(0x0000000021e50000,0x0000000022050000)]
  0x000000001ea6d000 JavaThread "http-nio-8081-exec-6" daemon [_thread_in_native, id=50480, stack(0x0000000021c50000,0x0000000021e50000)]
  0x000000001ea6f000 JavaThread "http-nio-8081-exec-5" daemon [_thread_in_native, id=50484, stack(0x0000000021a50000,0x0000000021c50000)]
=>0x000000001ec46800 JavaThread "http-nio-8081-exec-4" daemon [_thread_in_native, id=50476, stack(0x0000000021850000,0x0000000021a50000)]
  0x000000001ec45800 JavaThread "http-nio-8081-exec-3" daemon [_thread_blocked, id=50160, stack(0x0000000021650000,0x0000000021850000)]
  0x000000001ec45000 JavaThread "http-nio-8081-exec-2" daemon [_thread_blocked, id=50368, stack(0x0000000021450000,0x0000000021650000)]
  0x000000001ec44000 JavaThread "http-nio-8081-exec-1" daemon [_thread_blocked, id=46412, stack(0x0000000021250000,0x0000000021450000)]
  0x000000001ec43800 JavaThread "http-nio-8081-BlockPoller" daemon [_thread_in_native, id=48184, stack(0x0000000021050000,0x0000000021250000)]
  0x000000001ec42800 JavaThread "DiscoveryClient-InstanceInfoReplicator-0" daemon [_thread_blocked, id=48680, stack(0x0000000020e50000,0x0000000021050000)]
  0x000000001ec47000 JavaThread "DiscoveryClient-1" daemon [_thread_blocked, id=49080, stack(0x0000000020c50000,0x0000000020e50000)]
  0x000000001ec40800 JavaThread "DiscoveryClient-0" daemon [_thread_blocked, id=50440, stack(0x0000000020950000,0x0000000020b50000)]
  0x000000001ec42000 JavaThread "AsyncResolver-bootstrap-0" daemon [_thread_blocked, id=48440, stack(0x0000000020350000,0x0000000020550000)]
  0x000000001ec41000 JavaThread "spring.cloud.inetutils" daemon [_thread_blocked, id=47596, stack(0x000000001ff50000,0x0000000020150000)]
  0x000000001cb4d800 JavaThread "lettuce-timer-3-1" daemon [_thread_blocked, id=51112, stack(0x000000001e780000,0x000000001e980000)]
  0x000000001ca9c000 JavaThread "container-0" [_thread_blocked, id=51096, stack(0x000000001e580000,0x000000001e780000)]
  0x000000001c22b800 JavaThread "Catalina-utility-2" [_thread_blocked, id=51092, stack(0x000000001e180000,0x000000001e380000)]
  0x000000001c22a800 JavaThread "Catalina-utility-1" [_thread_blocked, id=51088, stack(0x000000001df80000,0x000000001e180000)]
  0x000000001ae19800 JavaThread "Service Thread" daemon [_thread_blocked, id=39004, stack(0x000000001b800000,0x000000001ba00000)]
  0x000000001ad84800 JavaThread "C1 CompilerThread3" daemon [_thread_blocked, id=47212, stack(0x000000001b700000,0x000000001b800000)]
  0x000000001ad78800 JavaThread "C2 CompilerThread2" daemon [_thread_blocked, id=39884, stack(0x000000001b600000,0x000000001b700000)]
  0x000000001ad78000 JavaThread "C2 CompilerThread1" daemon [_thread_blocked, id=43400, stack(0x000000001b500000,0x000000001b600000)]
  0x000000001ad73000 JavaThread "C2 CompilerThread0" daemon [_thread_blocked, id=50012, stack(0x000000001b400000,0x000000001b500000)]
  0x000000001abf4000 JavaThread "Monitor Ctrl-Break" daemon [_thread_in_native, id=3012, stack(0x000000001b200000,0x000000001b400000)]
  0x0000000019e3a800 JavaThread "Attach Listener" daemon [_thread_blocked, id=47992, stack(0x000000001a800000,0x000000001aa00000)]
  0x0000000019de1000 JavaThread "Signal Dispatcher" daemon [_thread_blocked, id=39588, stack(0x000000001a600000,0x000000001a800000)]
  0x0000000017fc6800 JavaThread "Finalizer" daemon [_thread_blocked, id=43368, stack(0x000000001a3a0000,0x000000001a5a0000)]
  0x0000000017fbf800 JavaThread "Reference Handler" daemon [_thread_blocked, id=44996, stack(0x000000001a1a0000,0x000000001a3a0000)]

Other Threads:
  0x0000000017fb7800 VMThread [stack: 0x0000000019ca0000,0x0000000019da0000] [id=47980]
  0x000000001ae2a000 WatcherThread [stack: 0x000000001ba00000,0x000000001bb00000] [id=49944]

VM state:not at safepoint (normal execution)

VM Mutex/Monitor currently owned by a thread: None

heap address: 0x0000000080000000, size: 2048 MB, Compressed Oops mode: 32-bit
Narrow klass base: 0x0000000000000000, Narrow klass shift: 3
Compressed class space size: 1073741824 Address: 0x0000000100000000

Heap:
 PSYoungGen      total 277504K, used 160809K [0x00000000d5580000, 0x00000000f1d80000, 0x0000000100000000)
  eden space 259072K, 54% used [0x00000000d5580000,0x00000000de092570,0x00000000e5280000)
  from space 18432K, 99% used [0x00000000e5280000,0x00000000e64780e0,0x00000000e6480000)
  to   space 26112K, 0% used [0x00000000f0400000,0x00000000f0400000,0x00000000f1d80000)
 ParOldGen       total 87552K, used 27990K [0x0000000080000000, 0x0000000085580000, 0x00000000d5580000)
  object space 87552K, 31% used [0x0000000080000000,0x0000000081b55908,0x0000000085580000)
 Metaspace       used 53672K, capacity 57286K, committed 57472K, reserved 1099776K
  class space    used 7347K, capacity 8011K, committed 8064K, reserved 1048576K

Card table byte_map: [0x0000000012310000,0x0000000012720000] byte_map_base: 0x0000000011f10000

Marking Bits: (ParMarkBitMap*) 0x0000000058cd4ce0
 Begin Bits: [0x00000000131d0000, 0x00000000151d0000)
 End Bits:   [0x00000000151d0000, 0x00000000171d0000)

Polling page: 0x0000000000e30000

CodeCache: size=245760Kb used=9619Kb max_used=9619Kb free=236140Kb
 bounds [0x0000000002f50000, 0x00000000038c0000, 0x0000000011f50000]
 total_blobs=5609 nmethods=5018 adapters=503
 compilation: enabled

Compilation events (10 events):
Event: 173.464 Thread 0x000000001ad84800 5147 %     1       java.util.regex.Pattern$BnM::match @ 20 (161 bytes)
Event: 173.466 Thread 0x000000001ad84800 nmethod 5147% 0x00000000038b4e10 code [0x00000000038b4fc0, 0x00000000038b5458]
Event: 173.467 Thread 0x000000001ad84800 5148       1       java.awt.image.DataBuffer::getOffset (5 bytes)
Event: 173.467 Thread 0x000000001ad84800 nmethod 5148 0x00000000038b5950 code [0x00000000038b5aa0, 0x00000000038b5bb0]
Event: 173.467 Thread 0x000000001ad84800 5149       1       java.awt.image.ComponentSampleModel::getPixelStride (5 bytes)
Event: 173.467 Thread 0x000000001ad84800 nmethod 5149 0x00000000038b5c10 code [0x00000000038b5d60, 0x00000000038b5e70]
Event: 173.467 Thread 0x000000001ad84800 5150       1       java.awt.image.ComponentSampleModel::getScanlineStride (5 bytes)
Event: 173.467 Thread 0x000000001ad84800 nmethod 5150 0x00000000038b5ed0 code [0x00000000038b6020, 0x00000000038b6130]
Event: 173.472 Thread 0x000000001ad84800 5151   !   1       com.sun.imageio.plugins.jpeg.JPEGImageReader::readInputData (43 bytes)
Event: 173.473 Thread 0x000000001ad84800 nmethod 5151 0x00000000038b6190 code [0x00000000038b6300, 0x00000000038b64e8]

GC Heap History (10 events):
Event: 3.385 GC heap before
{Heap before GC invocations=5 (full 0):
 PSYoungGen      total 71680K, used 71660K [0x00000000d5580000, 0x00000000da080000, 0x0000000100000000)
  eden space 66560K, 100% used [0x00000000d5580000,0x00000000d9680000,0x00000000d9680000)
  from space 5120K, 99% used [0x00000000d9b80000,0x00000000da07b008,0x00000000da080000)
  to   space 5120K, 0% used [0x00000000d9680000,0x00000000d9680000,0x00000000d9b80000)
 ParOldGen       total 87552K, used 2986K [0x0000000080000000, 0x0000000085580000, 0x00000000d5580000)
  object space 87552K, 3% used [0x0000000080000000,0x00000000802eab38,0x0000000085580000)
 Metaspace       used 18939K, capacity 19888K, committed 20096K, reserved 1067008K
  class space    used 2623K, capacity 2842K, committed 2944K, reserved 1048576K
Event: 3.398 GC heap after
Heap after GC invocations=5 (full 0):
 PSYoungGen      total 71680K, used 5094K [0x00000000d5580000, 0x00000000dea80000, 0x0000000100000000)
  eden space 66560K, 0% used [0x00000000d5580000,0x00000000d5580000,0x00000000d9680000)
  from space 5120K, 99% used [0x00000000d9680000,0x00000000d9b79af0,0x00000000d9b80000)
  to   space 9728K, 0% used [0x00000000de100000,0x00000000de100000,0x00000000dea80000)
 ParOldGen       total 87552K, used 7542K [0x0000000080000000, 0x0000000085580000, 0x00000000d5580000)
  object space 87552K, 8% used [0x0000000080000000,0x000000008075d940,0x0000000085580000)
 Metaspace       used 18939K, capacity 19888K, committed 20096K, reserved 1067008K
  class space    used 2623K, capacity 2842K, committed 2944K, reserved 1048576K
}
Event: 3.931 GC heap before
{Heap before GC invocations=6 (full 0):
 PSYoungGen      total 71680K, used 71654K [0x00000000d5580000, 0x00000000dea80000, 0x0000000100000000)
  eden space 66560K, 100% used [0x00000000d5580000,0x00000000d9680000,0x00000000d9680000)
  from space 5120K, 99% used [0x00000000d9680000,0x00000000d9b79af0,0x00000000d9b80000)
  to   space 9728K, 0% used [0x00000000de100000,0x00000000de100000,0x00000000dea80000)
 ParOldGen       total 87552K, used 7542K [0x0000000080000000, 0x0000000085580000, 0x00000000d5580000)
  object space 87552K, 8% used [0x0000000080000000,0x000000008075d940,0x0000000085580000)
 Metaspace       used 21662K, capacity 22688K, committed 23040K, reserved 1069056K
  class space    used 2953K, capacity 3212K, committed 3328K, reserved 1048576K
Event: 3.939 GC heap after
Heap after GC invocations=6 (full 0):
 PSYoungGen      total 140288K, used 9696K [0x00000000d5580000, 0x00000000def80000, 0x0000000100000000)
  eden space 130560K, 0% used [0x00000000d5580000,0x00000000d5580000,0x00000000dd500000)
  from space 9728K, 99% used [0x00000000de100000,0x00000000dea782c0,0x00000000dea80000)
  to   space 12288K, 0% used [0x00000000dd500000,0x00000000dd500000,0x00000000de100000)
 ParOldGen       total 87552K, used 9293K [0x0000000080000000, 0x0000000085580000, 0x00000000d5580000)
  object space 87552K, 10% used [0x0000000080000000,0x0000000080913418,0x0000000085580000)
 Metaspace       used 21662K, capacity 22688K, committed 23040K, reserved 1069056K
  class space    used 2953K, capacity 3212K, committed 3328K, reserved 1048576K
}
Event: 5.553 GC heap before
{Heap before GC invocations=7 (full 0):
 PSYoungGen      total 140288K, used 140256K [0x00000000d5580000, 0x00000000def80000, 0x0000000100000000)
  eden space 130560K, 100% used [0x00000000d5580000,0x00000000dd500000,0x00000000dd500000)
  from space 9728K, 99% used [0x00000000de100000,0x00000000dea782c0,0x00000000dea80000)
  to   space 12288K, 0% used [0x00000000dd500000,0x00000000dd500000,0x00000000de100000)
 ParOldGen       total 87552K, used 9293K [0x0000000080000000, 0x0000000085580000, 0x00000000d5580000)
  object space 87552K, 10% used [0x0000000080000000,0x0000000080913418,0x0000000085580000)
 Metaspace       used 27173K, capacity 28584K, committed 28672K, reserved 1073152K
  class space    used 3730K, capacity 4038K, committed 4096K, reserved 1048576K
Event: 5.571 GC heap after
Heap after GC invocations=7 (full 0):
 PSYoungGen      total 142848K, used 12265K [0x00000000d5580000, 0x00000000e7480000, 0x0000000100000000)
  eden space 130560K, 0% used [0x00000000d5580000,0x00000000d5580000,0x00000000dd500000)
  from space 12288K, 99% used [0x00000000dd500000,0x00000000de0fa7b8,0x00000000de100000)
  to   space 16384K, 0% used [0x00000000e6480000,0x00000000e6480000,0x00000000e7480000)
 ParOldGen       total 87552K, used 13523K [0x0000000080000000, 0x0000000085580000, 0x00000000d5580000)
  object space 87552K, 15% used [0x0000000080000000,0x0000000080d34d90,0x0000000085580000)
 Metaspace       used 27173K, capacity 28584K, committed 28672K, reserved 1073152K
  class space    used 3730K, capacity 4038K, committed 4096K, reserved 1048576K
}
Event: 8.677 GC heap before
{Heap before GC invocations=8 (full 0):
 PSYoungGen      total 142848K, used 142825K [0x00000000d5580000, 0x00000000e7480000, 0x0000000100000000)
  eden space 130560K, 100% used [0x00000000d5580000,0x00000000dd500000,0x00000000dd500000)
  from space 12288K, 99% used [0x00000000dd500000,0x00000000de0fa7b8,0x00000000de100000)
  to   space 16384K, 0% used [0x00000000e6480000,0x00000000e6480000,0x00000000e7480000)
 ParOldGen       total 87552K, used 13523K [0x0000000080000000, 0x0000000085580000, 0x00000000d5580000)
  object space 87552K, 15% used [0x0000000080000000,0x0000000080d34d90,0x0000000085580000)
 Metaspace       used 34600K, capacity 36836K, committed 36992K, reserved 1081344K
  class space    used 4756K, capacity 5186K, committed 5248K, reserved 1048576K
Event: 8.690 GC heap after
Heap after GC invocations=8 (full 0):
 PSYoungGen      total 275456K, used 15545K [0x00000000d5580000, 0x00000000e7880000, 0x0000000100000000)
  eden space 259072K, 0% used [0x00000000d5580000,0x00000000d5580000,0x00000000e5280000)
  from space 16384K, 94% used [0x00000000e6480000,0x00000000e73ae5e0,0x00000000e7480000)
  to   space 18432K, 0% used [0x00000000e5280000,0x00000000e5280000,0x00000000e6480000)
 ParOldGen       total 87552K, used 14727K [0x0000000080000000, 0x0000000085580000, 0x00000000d5580000)
  object space 87552K, 16% used [0x0000000080000000,0x0000000080e61ef8,0x0000000085580000)
 Metaspace       used 34600K, capacity 36836K, committed 36992K, reserved 1081344K
  class space    used 4756K, capacity 5186K, committed 5248K, reserved 1048576K
}
Event: 89.018 GC heap before
{Heap before GC invocations=9 (full 0):
 PSYoungGen      total 275456K, used 274617K [0x00000000d5580000, 0x00000000e7880000, 0x0000000100000000)
  eden space 259072K, 100% used [0x00000000d5580000,0x00000000e5280000,0x00000000e5280000)
  from space 16384K, 94% used [0x00000000e6480000,0x00000000e73ae5e0,0x00000000e7480000)
  to   space 18432K, 0% used [0x00000000e5280000,0x00000000e5280000,0x00000000e6480000)
 ParOldGen       total 87552K, used 14727K [0x0000000080000000, 0x0000000085580000, 0x00000000d5580000)
  object space 87552K, 16% used [0x0000000080000000,0x0000000080e61ef8,0x0000000085580000)
 Metaspace       used 51395K, capacity 54814K, committed 55040K, reserved 1097728K
  class space    used 7013K, capacity 7615K, committed 7680K, reserved 1048576K
Event: 89.040 GC heap after
Heap after GC invocations=9 (full 0):
 PSYoungGen      total 277504K, used 18400K [0x00000000d5580000, 0x00000000f1d80000, 0x0000000100000000)
  eden space 259072K, 0% used [0x00000000d5580000,0x00000000d5580000,0x00000000e5280000)
  from space 18432K, 99% used [0x00000000e5280000,0x00000000e64780e0,0x00000000e6480000)
  to   space 26112K, 0% used [0x00000000f0400000,0x00000000f0400000,0x00000000f1d80000)
 ParOldGen       total 87552K, used 27990K [0x0000000080000000, 0x0000000085580000, 0x00000000d5580000)
  object space 87552K, 31% used [0x0000000080000000,0x0000000081b55908,0x0000000085580000)
 Metaspace       used 51395K, capacity 54814K, committed 55040K, reserved 1097728K
  class space    used 7013K, capacity 7615K, committed 7680K, reserved 1048576K
}

Deoptimization events (0 events):
No events

Classes redefined (0 events):
No events

Internal exceptions (10 events):
Event: 172.135 Thread 0x000000001ea6f000 Exception <a 'java/lang/ArrayIndexOutOfBoundsException'> (0x00000000d9f73e60) thrown at [C:\re\workspace\8-2-build-windows-amd64-cygwin\jdk8u201\12322\hotspot\src\share\vm\runtime\sharedRuntime.cpp, line 605]
Event: 172.137 Thread 0x000000001ec46800 Exception <a 'java/lang/ArrayIndexOutOfBoundsException'> (0x00000000d9abfca0) thrown at [C:\re\workspace\8-2-build-windows-amd64-cygwin\jdk8u201\12322\hotspot\src\share\vm\runtime\sharedRuntime.cpp, line 605]
Event: 172.137 Thread 0x000000001ea6f000 Exception <a 'java/lang/ArrayIndexOutOfBoundsException'> (0x00000000d9f798e0) thrown at [C:\re\workspace\8-2-build-windows-amd64-cygwin\jdk8u201\12322\hotspot\src\share\vm\runtime\sharedRuntime.cpp, line 605]
Event: 172.142 Thread 0x000000001ea6d800 Exception <a 'java/lang/reflect/InvocationTargetException'> (0x00000000da728fa8) thrown at [C:\re\workspace\8-2-build-windows-amd64-cygwin\jdk8u201\12322\hotspot\src\share\vm\runtime\reflection.cpp, line 1092]
Event: 172.142 Thread 0x000000001ea6d000 Exception <a 'java/lang/reflect/InvocationTargetException'> (0x00000000da0bd068) thrown at [C:\re\workspace\8-2-build-windows-amd64-cygwin\jdk8u201\12322\hotspot\src\share\vm\runtime\reflection.cpp, line 1092]
Event: 173.350 Thread 0x000000001ec45000 Exception <a 'java/io/IOException'> (0x00000000db5e3ce0) thrown at [C:\re\workspace\8-2-build-windows-amd64-cygwin\jdk8u201\12322\hotspot\src\share\vm\prims\jni.cpp, line 709]
Event: 173.351 Thread 0x000000001ec44000 Exception <a 'java/io/IOException'> (0x00000000db8b0270) thrown at [C:\re\workspace\8-2-build-windows-amd64-cygwin\jdk8u201\12322\hotspot\src\share\vm\prims\jni.cpp, line 709]
Event: 173.351 Thread 0x000000001ec46800 Exception <a 'java/io/IOException'> (0x00000000dc29bfe0) thrown at [C:\re\workspace\8-2-build-windows-amd64-cygwin\jdk8u201\12322\hotspot\src\share\vm\prims\jni.cpp, line 709]
Event: 173.351 Thread 0x000000001ec45800 Exception <a 'java/io/IOException'> (0x00000000db17cf60) thrown at [C:\re\workspace\8-2-build-windows-amd64-cygwin\jdk8u201\12322\hotspot\src\share\vm\prims\jni.cpp, line 709]
Event: 173.352 Thread 0x000000001ea6f000 Exception <a 'java/io/IOException'> (0x00000000dbd9ba90) thrown at [C:\re\workspace\8-2-build-windows-amd64-cygwin\jdk8u201\12322\hotspot\src\share\vm\prims\jni.cpp, line 709]

Events (10 events):
Event: 173.340 Executing VM operation: RevokeBias
Event: 173.341 Executing VM operation: RevokeBias done
Event: 173.348 loading class java/io/EOFException
Event: 173.351 Executing VM operation: RevokeBias
Event: 173.351 loading class java/io/EOFException done
Event: 173.352 Executing VM operation: RevokeBias done
Event: 173.353 Executing VM operation: RevokeBias
Event: 173.353 Executing VM operation: RevokeBias done
Event: 173.354 Executing VM operation: RevokeBias
Event: 173.354 Executing VM operation: RevokeBias done


Dynamic libraries:
0x00007ff715d60000 - 0x00007ff715d97000 	C:\Program Files\Java\jdk1.8.0_201\bin\java.exe
0x00007ffb7d150000 - 0x00007ffb7d345000 	C:\WINDOWS\SYSTEM32\ntdll.dll
0x00007ffb7c140000 - 0x00007ffb7c1fe000 	C:\WINDOWS\System32\KERNEL32.DLL
0x00007ffb7ac70000 - 0x00007ffb7af39000 	C:\WINDOWS\System32\KERNELBASE.dll
0x00007ffb7c560000 - 0x00007ffb7c60c000 	C:\WINDOWS\System32\ADVAPI32.dll
0x00007ffb7b790000 - 0x00007ffb7b82e000 	C:\WINDOWS\System32\msvcrt.dll
0x00007ffb7b830000 - 0x00007ffb7b8cb000 	C:\WINDOWS\System32\sechost.dll
0x00007ffb7c610000 - 0x00007ffb7c73a000 	C:\WINDOWS\System32\RPCRT4.dll
0x00007ffb7c3b0000 - 0x00007ffb7c551000 	C:\WINDOWS\System32\USER32.dll
0x00007ffb7a950000 - 0x00007ffb7a972000 	C:\WINDOWS\System32\win32u.dll
0x00007ffb7c0e0000 - 0x00007ffb7c10b000 	C:\WINDOWS\System32\GDI32.dll
0x00007ffb7af40000 - 0x00007ffb7b04b000 	C:\WINDOWS\System32\gdi32full.dll
0x00007ffb7b0b0000 - 0x00007ffb7b14d000 	C:\WINDOWS\System32\msvcp_win.dll
0x00007ffb7a980000 - 0x00007ffb7aa80000 	C:\WINDOWS\System32\ucrtbase.dll
0x00007ffb6c960000 - 0x00007ffb6cbfa000 	C:\WINDOWS\WinSxS\amd64_microsoft.windows.common-controls_6595b64144ccf1df_6.0.19041.1110_none_60b5254171f9507e\COMCTL32.dll
0x00007ffb7c110000 - 0x00007ffb7c140000 	C:\WINDOWS\System32\IMM32.DLL
0x0000000059aa0000 - 0x0000000059b71000 	C:\Program Files\Java\jdk1.8.0_201\jre\bin\msvcr100.dll
0x00000000584b0000 - 0x0000000058d54000 	C:\Program Files\Java\jdk1.8.0_201\jre\bin\server\jvm.dll
0x00007ffb7d100000 - 0x00007ffb7d108000 	C:\WINDOWS\System32\PSAPI.DLL
0x00007ffb716c0000 - 0x00007ffb716ca000 	C:\WINDOWS\SYSTEM32\VERSION.dll
0x00007ffb74230000 - 0x00007ffb74239000 	C:\WINDOWS\SYSTEM32\WSOCK32.dll
0x00007ffb6eae0000 - 0x00007ffb6eb07000 	C:\WINDOWS\SYSTEM32\WINMM.dll
0x00007ffb7c340000 - 0x00007ffb7c3ab000 	C:\WINDOWS\System32\WS2_32.dll
0x00007ffb75640000 - 0x00007ffb7564f000 	C:\Program Files\Java\jdk1.8.0_201\jre\bin\verify.dll
0x00007ffb5dc10000 - 0x00007ffb5dc39000 	C:\Program Files\Java\jdk1.8.0_201\jre\bin\java.dll
0x00007ffb5a1d0000 - 0x00007ffb5a1f3000 	C:\Program Files\Java\jdk1.8.0_201\jre\bin\instrument.dll
0x00007ffb611a0000 - 0x00007ffb611b6000 	C:\Program Files\Java\jdk1.8.0_201\jre\bin\zip.dll
0x00007ffb7c8a0000 - 0x00007ffb7cfdf000 	C:\WINDOWS\System32\SHELL32.dll
0x00007ffb78860000 - 0x00007ffb78ff0000 	C:\WINDOWS\SYSTEM32\windows.storage.dll
0x00007ffb7bd80000 - 0x00007ffb7c0d5000 	C:\WINDOWS\System32\combase.dll
0x00007ffb7a2c0000 - 0x00007ffb7a2ec000 	C:\WINDOWS\SYSTEM32\Wldp.dll
0x00007ffb7c7f0000 - 0x00007ffb7c89d000 	C:\WINDOWS\System32\SHCORE.dll
0x00007ffb7d040000 - 0x00007ffb7d095000 	C:\WINDOWS\System32\shlwapi.dll
0x00007ffb7a7b0000 - 0x00007ffb7a7cf000 	C:\WINDOWS\SYSTEM32\profapi.dll
0x00007ffb5d9f0000 - 0x00007ffb5da0a000 	F:\subject\IDEA 2018_sssam.com\IntelliJ IDEA 2018.2.4\bin\breakgen64.dll
0x00007ffb602e0000 - 0x00007ffb602fa000 	C:\Program Files\Java\jdk1.8.0_201\jre\bin\net.dll
0x00007ffb6ef80000 - 0x00007ffb6f16b000 	C:\WINDOWS\SYSTEM32\urlmon.dll
0x00007ffb68780000 - 0x00007ffb68a30000 	C:\WINDOWS\SYSTEM32\iertutil.dll
0x00007ffb6ef50000 - 0x00007ffb6ef78000 	C:\WINDOWS\SYSTEM32\srvcli.dll
0x00007ffb79dd0000 - 0x00007ffb79ddc000 	C:\WINDOWS\SYSTEM32\netutils.dll
0x00007ffb7a020000 - 0x00007ffb7a08a000 	C:\WINDOWS\system32\mswsock.dll
0x00007ffb79cc0000 - 0x00007ffb79cfb000 	C:\WINDOWS\SYSTEM32\IPHLPAPI.DLL
0x00007ffb7b700000 - 0x00007ffb7b708000 	C:\WINDOWS\System32\NSI.dll
0x00007ffb6fb20000 - 0x00007ffb6fb37000 	C:\WINDOWS\SYSTEM32\dhcpcsvc6.DLL
0x00007ffb70d70000 - 0x00007ffb70d8d000 	C:\WINDOWS\SYSTEM32\dhcpcsvc.DLL
0x00007ffb79d00000 - 0x00007ffb79dcc000 	C:\WINDOWS\SYSTEM32\DNSAPI.dll
0x00007ffb71a60000 - 0x00007ffb71a6a000 	C:\Windows\System32\rasadhlp.dll
0x00007ffb6ad70000 - 0x00007ffb6adef000 	C:\WINDOWS\System32\fwpuclnt.dll
0x00007ffb7a920000 - 0x00007ffb7a947000 	C:\WINDOWS\System32\bcrypt.dll
0x00007ffb61210000 - 0x00007ffb6121d000 	C:\Program Files\Java\jdk1.8.0_201\jre\bin\management.dll
0x00007ffb5c7e0000 - 0x00007ffb5c7f7000 	C:\WINDOWS\system32\napinsp.dll
0x00007ffb5c7c0000 - 0x00007ffb5c7db000 	C:\WINDOWS\system32\pnrpnsp.dll
0x00007ffb74a80000 - 0x00007ffb74a95000 	C:\WINDOWS\system32\wshbth.dll
0x00007ffb755c0000 - 0x00007ffb755dd000 	C:\WINDOWS\system32\NLAapi.dll
0x00007ffb5c7a0000 - 0x00007ffb5c7b2000 	C:\WINDOWS\System32\winrnr.dll
0x00007ffb5dbf0000 - 0x00007ffb5dc01000 	C:\Program Files\Java\jdk1.8.0_201\jre\bin\nio.dll
0x00007ffb7a210000 - 0x00007ffb7a228000 	C:\WINDOWS\SYSTEM32\CRYPTSP.dll
0x00007ffb79930000 - 0x00007ffb79964000 	C:\WINDOWS\system32\rsaenh.dll
0x00007ffb7a730000 - 0x00007ffb7a75e000 	C:\WINDOWS\SYSTEM32\USERENV.dll
0x00007ffb7aa80000 - 0x00007ffb7ab03000 	C:\WINDOWS\System32\bcryptprimitives.dll
0x00007ffb7a230000 - 0x00007ffb7a23c000 	C:\WINDOWS\SYSTEM32\CRYPTBASE.dll
0x00007ffb5a1a0000 - 0x00007ffb5a1c4000 	C:\Program Files\Java\jdk1.8.0_201\jre\bin\sunec.dll
0x00007ffb1e390000 - 0x00007ffb211cd000 	C:\Users\lenovo\Desktop\Face-recognition-main\ArcSoft_ArcFace_Java_Windows_x64_V3.0\libs\WIN64\libarcsoft_face.dll
0x00007ffb5f7d0000 - 0x00007ffb5f876000 	C:\WINDOWS\SYSTEM32\MSVCP120.dll
0x00007ffb5f880000 - 0x00007ffb5f96f000 	C:\WINDOWS\SYSTEM32\MSVCR120.dll
0x00007ffb34710000 - 0x00007ffb3478f000 	C:\Users\lenovo\Desktop\Face-recognition-main\ArcSoft_ArcFace_Java_Windows_x64_V3.0\libs\WIN64\libarcsoft_face_engine.dll
0x00007ffb7cfe0000 - 0x00007ffb7d036000 	C:\WINDOWS\System32\WLDAP32.dll
0x00007ffb54e40000 - 0x00007ffb54e65000 	C:\Users\lenovo\Desktop\Face-recognition-main\ArcSoft_ArcFace_Java_Windows_x64_V3.0\libs\WIN64\libarcsoft_face_engine_jni.dll
0x00007ffb1d300000 - 0x00007ffb1d499000 	C:\Program Files\Java\jdk1.8.0_201\jre\bin\awt.dll
0x00007ffb7c210000 - 0x00007ffb7c2dd000 	C:\WINDOWS\System32\OLEAUT32.dll
0x00007ffb76ed0000 - 0x00007ffb76f60000 	C:\WINDOWS\SYSTEM32\apphelp.dll
0x00007ffb39740000 - 0x00007ffb39771000 	C:\Program Files\Java\jdk1.8.0_201\jre\bin\jpeg.dll
0x00007ffb78670000 - 0x00007ffb78854000 	C:\WINDOWS\SYSTEM32\dbghelp.dll

VM Arguments:
jvm_args: -Xmx2048m -XX:MetaspaceSize=512m -XX:MaxMetaspaceSize=768m -Xss2m -XX:TieredStopAtLevel=1 -Xverify:none -Dspring.output.ansi.enabled=always -javaagent:F:\subject\IDEA 2018_sssam.com\IntelliJ IDEA 2018.2.4\lib\idea_rt.jar=59351:F:\subject\IDEA 2018_sssam.com\IntelliJ IDEA 2018.2.4\bin -Dfile.encoding=UTF-8 
java_command: com.tangcheng.face_corn.FaceCornApplication
java_class_path (initial): C:\Program Files\Java\jdk1.8.0_201\jre\lib\charsets.jar;C:\Program Files\Java\jdk1.8.0_201\jre\lib\deploy.jar;C:\Program Files\Java\jdk1.8.0_201\jre\lib\ext\access-bridge-64.jar;C:\Program Files\Java\jdk1.8.0_201\jre\lib\ext\cldrdata.jar;C:\Program Files\Java\jdk1.8.0_201\jre\lib\ext\dnsns.jar;C:\Program Files\Java\jdk1.8.0_201\jre\lib\ext\jaccess.jar;C:\Program Files\Java\jdk1.8.0_201\jre\lib\ext\jfxrt.jar;C:\Program Files\Java\jdk1.8.0_201\jre\lib\ext\localedata.jar;C:\Program Files\Java\jdk1.8.0_201\jre\lib\ext\nashorn.jar;C:\Program Files\Java\jdk1.8.0_201\jre\lib\ext\sunec.jar;C:\Program Files\Java\jdk1.8.0_201\jre\lib\ext\sunjce_provider.jar;C:\Program Files\Java\jdk1.8.0_201\jre\lib\ext\sunmscapi.jar;C:\Program Files\Java\jdk1.8.0_201\jre\lib\ext\sunpkcs11.jar;C:\Program Files\Java\jdk1.8.0_201\jre\lib\ext\zipfs.jar;C:\Program Files\Java\jdk1.8.0_201\jre\lib\javaws.jar;C:\Program Files\Java\jdk1.8.0_201\jre\lib\jce.jar;C:\Program Files\Java\jdk1.8.0_201\jre\lib\jfr.jar;C:\Program Files\Java\jdk1.8.0_201\jre\lib\jfxswt.jar;C:\Program Files\Java\jdk1.8.0_201\jre\lib\jsse.jar;C:\Program Files\Java\jdk1.8.0_201\jre\lib\management-agent.jar;C:\Program Files\Java\jdk1.8.0_201\jre\lib\plugin.jar;C:\Program Files\Java\jdk1.8.0_201\jre\lib\resources.jar;C:\Program Files\Java\jdk1.8.0_201\jre\lib\rt.jar;C:\Users\lenovo\Desktop\Face-recognition-main\facesystem\face_corn\target\classes;C:\Users\lenovo\Desktop\Face-recognition-main\facesystem\common\target\classes;F:\subject\JavaWeb\maven-l\com\auth0\java-jwt\3.4.0\java-jwt-3.4.0.jar;F:\subject\JavaWeb\maven-l\commons-codec\commons-codec\1.15\commons-codec-1.15.jar;F:\subject\JavaWeb\maven-l\com\aliyun\oss\aliyun-sdk-oss\3.12.0\aliyun-sdk-oss-3.12.0.jar;F:\subject\JavaWeb\maven-l\org\apache\httpcomponents\httpclient\4.5.13\httpclient-4.5.13.jar;F:\subject\JavaWeb\maven-l\org\apache\httpcomponents\httpcore\4.4.14\httpcore-4.4.14.jar;F:\subject\JavaWeb\maven-l\org\jdom\jdom2\2.0.6\jdom2-2.0.6.ja
Launcher Type: SUN_STANDARD

Environment Variables:
JAVA_HOME=C:\Program Files\Java\jdk1.8.0_201
CLASSPATH=.;C:\Program Files\Java\jdk1.8.0_201\lib\dt.jar,C:\Program Files\Java\jdk1.8.0_201\lib\tools.jar;F:\subject\JavaWeb\apache-tomcat-8.5.45\lib\servlet-api.jar
PATH=C:\Program Files (x86)\Common Files\Oracle\Java\javapath;C:\WINDOWS\system32;C:\WINDOWS;C:\WINDOWS\System32\Wbem;C:\WINDOWS\System32\WindowsPowerShell\v1.0\;C:\WINDOWS\System32\OpenSSH\;F:\subject\JavaWeb\apache-tomcat-8.5.45\bin;F:\subject\JavaWeb\apache-tomcat-8.5.45\lib;C:\Program Files\NVIDIA Corporation\NVIDIA NvDLISR;F:\subject\JavaWeb\apache-maven-3.3.9\bin;F:\subject\JavaWeb\Gradle\gradle-6.9.1\bin;F:\subject\JavaWeb\nodejs;C:\Program Files\Java\jdk1.8.0_201\bin;C:\Program Files\MySQL\MySQL Server 8.0\bin;F:\subject\JavaWeb\env\MongoDB\bin;C:\Users\lenovo\AppData\Local\Microsoft\WindowsApps;F:\subject\PyCharm\PyCharm Community Edition 2020.3.3\bin;;F:\subject\JavaWeb\Microsoft VS Code\bin;F:\subject\JavaWeb\nodejs\node_global;
USERNAME=lenovo
OS=Windows_NT
PROCESSOR_IDENTIFIER=Intel64 Family 6 Model 158 Stepping 10, GenuineIntel



---------------  S Y S T E M  ---------------

OS: Windows 10.0 , 64 bit Build 19041 (10.0.19041.1202)

CPU:total 8 (initial active 8) (4 cores per cpu, 2 threads per core) family 6 model 158 stepping 10, cmov, cx8, fxsr, mmx, sse, sse2, sse3, ssse3, sse4.1, sse4.2, popcnt, avx, avx2, aes, clmul, erms, 3dnowpref, lzcnt, ht, tsc, tscinvbit, bmi1, bmi2, adx

Memory: 4k page, physical 8306932k(392996k free), swap 20374268k(2331256k free)

vm_info: Java HotSpot(TM) 64-Bit Server VM (25.201-b09) for windows-amd64 JRE (1.8.0_201-b09), built on Dec 15 2018 18:36:39 by "java_re" with MS VC++ 10.0 (VS2010)

time: Wed Nov 10 02:10:51 2021
timezone: 中国标准时间
elapsed time: 173 seconds (0d 0h 2m 53s)

