#
# A fatal error has been detected by the Java Runtime Environment:
#
#  EXCEPTION_ACCESS_VIOLATION (0xc0000005) at pc=0x00007ff87391e0e5, pid=28280, tid=0x0000000000007170
#
# JRE version: Java(TM) SE Runtime Environment (8.0_201-b09) (build 1.8.0_201-b09)
# Java VM: Java HotSpot(TM) 64-Bit Server VM (25.201-b09 mixed mode windows-amd64 compressed oops)
# Problematic frame:
# C  [libarcsoft_face.dll+0xe0e5]
#
# Failed to write core dump. Minidumps are not enabled by default on client versions of Windows
#
# If you would like to submit a bug report, please visit:
#   http://bugreport.java.com/bugreport/crash.jsp
# The crash happened outside the Java Virtual Machine in native code.
# See problematic frame for where to report the bug.
#

---------------  T H R E A D  ---------------

Current thread (0x000000001f194800):  JavaThread "http-nio-8081-exec-9" daemon [_thread_in_native, id=29040, stack(0x0000000022e40000,0x0000000023040000)]

siginfo: ExceptionCode=0xc0000005, writing address 0xfffffffe2854be60

Registers:
RAX=0x00000000000000e9, RBX=0x0000000080002000, RCX=0x00000000000000de, RDX=0xffffffff80000000
RSP=0x000000002303c2b0, RBP=0x0000000080000000, RSI=0x0000000000000208, RDI=0x0000000080000000
R8 =0x00000000000000ff, R9 =0x0000000000000000, R10=0x0000000080001000, R11=0x000000002854be60
R12=0x0000000000000040, R13=0x0000000000000040, R14=0x0000000000000000, R15=0x000000001f5c36a0
RIP=0x00007ff87391e0e5, EFLAGS=0x0000000000010202

Top of Stack: (sp=0x000000002303c2b0)
0x000000002303c2b0:   0000000000000000 0000000000002000
0x000000002303c2c0:   0000000000000010 0000000000000040
0x000000002303c2d0:   0000000000000000 0000000028558780
0x000000002303c2e0:   000000002303c3f0 00007ff87391c5f2
0x000000002303c2f0:   0000000000000000 00007ff8739217a3
0x000000002303c300:   00000000285b36f0 00000000285b3660
0x000000002303c310:   0000000080000000 00000000000000de
0x000000002303c320:   00000000000000e9 00000000000000cf
0x000000002303c330:   0000000000000000 0000000000000000
0x000000002303c340:   0000000000000040 0000000000000618
0x000000002303c350:   0000000000000000 0000000000000000
0x000000002303c360:   0000000000000040 000000002303c488
0x000000002303c370:   0000000000000000 0000000000000040
0x000000002303c380:   0000000000000040 000000002854be60
0x000000002303c390:   000000002283c340 00007ff87391bf04
0x000000002303c3a0:   0000000080000000 00007ff8000001b8 

Instructions: (pc=0x00007ff87391e0e5)
0x00007ff87391e0c5:   0f 4f c8 45 33 c9 85 c9 41 0f 48 c9 41 3b c0 41
0x00007ff87391e0d5:   0f 4f c0 85 c0 41 0f 48 c1 66 0f 6e c1 0f 5b c0
0x00007ff87391e0e5:   f3 41 0f 11 04 93 66 0f 6e c0 49 63 c2 0f 5b c0
0x00007ff87391e0f5:   f3 41 0f 11 04 83 8b 44 24 78 eb 51 83 f9 01 75 


Register to memory mapping:

RAX=0x00000000000000e9 is an unknown value
RBX=0x0000000080002000 is an oop
java.lang.String 
 - klass: 'java/lang/String'
RCX=0x00000000000000de is an unknown value
RDX=0xffffffff80000000 is an unknown value
RSP=0x000000002303c2b0 is pointing into the stack for thread: 0x000000001f194800
RBP=0x0000000080000000 is an oop
java.lang.String 
 - klass: 'java/lang/String'
RSI=0x0000000000000208 is an unknown value
RDI=0x0000000080000000 is an oop
java.lang.String 
 - klass: 'java/lang/String'
R8 =0x00000000000000ff is an unknown value
R9 =0x0000000000000000 is an unknown value
R10=0x0000000080001000 is pointing into object: 0x0000000080000fc8
java.lang.Class 
 - klass: 'java/lang/Class'
R11=0x000000002854be60 is an unknown value
R12=0x0000000000000040 is an unknown value
R13=0x0000000000000040 is an unknown value
R14=0x0000000000000000 is an unknown value
R15=0x000000001f5c36a0 is an unknown value


Stack: [0x0000000022e40000,0x0000000023040000],  sp=0x000000002303c2b0,  free space=2032k
Native frames: (J=compiled Java code, j=interpreted, Vv=VM code, C=native code)
C  [libarcsoft_face.dll+0xe0e5]
C  [libarcsoft_face.dll+0xc5f2]
C  [libarcsoft_face.dll+0xbf04]
C  [libarcsoft_face.dll+0x9049]
C  [libarcsoft_face.dll+0x89bc]
C  [libarcsoft_face.dll+0x7d0a]
C  [libarcsoft_face.dll+0x3c88]
C  [libarcsoft_face_engine.dll+0x58ca]
C  [libarcsoft_face_engine_jni.dll+0x18f6]
C  0x000000000486bf86

Java frames: (J=compiled Java code, j=interpreted, Vv=VM code)
J 6959  com.arcsoft.face.FaceEngine.detectFaces(J[BIIII[Lcom/arcsoft/face/FaceInfo;)I (0 bytes) @ 0x000000000486bf00 [0x000000000486be80+0x80]
J 6956 C1 com.arcsoft.face.FaceEngine.detectFaces([BIILcom/arcsoft/face/enums/ImageFormat;Lcom/arcsoft/face/enums/DetectModel;Ljava/util/List;)I (172 bytes) @ 0x000000000486abbc [0x000000000486aa00+0x1bc]
J 6951 C1 com.tangcheng.face_corn.service.impl.faceServiceImpl.facesearch(Ljava/io/InputStream;Ljava/util/List;)Ljava/lang/String; (230 bytes) @ 0x000000000486799c [0x00000000048677e0+0x1bc]
J 6950 C1 com.tangcheng.face_corn.controller.faceController.facesearch(Ljava/lang/String;Ljava/util/List;)Lresult/Result; (40 bytes) @ 0x000000000486719c [0x00000000048670a0+0xfc]
J 6970 C1 sun.reflect.GeneratedMethodAccessor66.invoke(Ljava/lang/Object;[Ljava/lang/Object;)Ljava/lang/Object; (73 bytes) @ 0x0000000004879bf4 [0x0000000004879ae0+0x114]
J 1634 C1 sun.reflect.DelegatingMethodAccessorImpl.invoke(Ljava/lang/Object;[Ljava/lang/Object;)Ljava/lang/Object; (10 bytes) @ 0x0000000003fc60a4 [0x0000000003fc6060+0x44]
J 1633 C1 java.lang.reflect.Method.invoke(Ljava/lang/Object;[Ljava/lang/Object;)Ljava/lang/Object; (62 bytes) @ 0x0000000003fc5cd4 [0x0000000003fc5be0+0xf4]
J 7111 C1 org.springframework.web.method.support.InvocableHandlerMethod.doInvoke([Ljava/lang/Object;)Ljava/lang/Object; (147 bytes) @ 0x00000000048dd4d4 [0x00000000048dd420+0xb4]
J 7776 C1 org.springframework.web.method.support.InvocableHandlerMethod.invokeForRequest(Lorg/springframework/web/context/request/NativeWebRequest;Lorg/springframework/web/method/support/ModelAndViewContainer;[Ljava/lang/Object;)Ljava/lang/Object; (58 bytes) @ 0x0000000004a8a104 [0x0000000004a89ee0+0x224]
J 7277 C1 org.springframework.web.servlet.mvc.method.annotation.ServletInvocableHandlerMethod.invokeAndHandle(Lorg/springframework/web/context/request/ServletWebRequest;Lorg/springframework/web/method/support/ModelAndViewContainer;[Ljava/lang/Object;)V (143 bytes) @ 0x000000000492d964 [0x000000000492d900+0x64]
J 7666 C1 org.springframework.web.servlet.mvc.method.annotation.RequestMappingHandlerAdapter.invokeHandlerMethod(Ljavax/servlet/http/HttpServletRequest;Ljavax/servlet/http/HttpServletResponse;Lorg/springframework/web/method/HandlerMethod;)Lorg/springframework/web/servlet/ModelAndView; (296 bytes) @ 0x0000000004a4a1fc [0x0000000004a49900+0x8fc]
J 7664 C1 org.springframework.web.servlet.mvc.method.annotation.RequestMappingHandlerAdapter.handleInternal(Ljavax/servlet/http/HttpServletRequest;Ljavax/servlet/http/HttpServletResponse;Lorg/springframework/web/method/HandlerMethod;)Lorg/springframework/web/servlet/ModelAndView; (128 bytes) @ 0x0000000004a4851c [0x0000000004a482a0+0x27c]
J 7663 C1 org.springframework.web.servlet.mvc.method.AbstractHandlerMethodAdapter.handle(Ljavax/servlet/http/HttpServletRequest;Ljavax/servlet/http/HttpServletResponse;Ljava/lang/Object;)Lorg/springframework/web/servlet/ModelAndView; (11 bytes) @ 0x0000000004a47eec [0x0000000004a47e80+0x6c]
J 7515 C1 org.springframework.web.servlet.DispatcherServlet.doDispatch(Ljavax/servlet/http/HttpServletRequest;Ljavax/servlet/http/HttpServletResponse;)V (543 bytes) @ 0x00000000049cc46c [0x00000000049cbe60+0x60c]
J 7506 C1 org.springframework.web.servlet.DispatcherServlet.doService(Ljavax/servlet/http/HttpServletRequest;Ljavax/servlet/http/HttpServletResponse;)V (319 bytes) @ 0x00000000049c7f3c [0x00000000049c76c0+0x87c]
J 7397 C1 org.springframework.web.servlet.FrameworkServlet.processRequest(Ljavax/servlet/http/HttpServletRequest;Ljavax/servlet/http/HttpServletResponse;)V (186 bytes) @ 0x000000000498fcc4 [0x000000000498f800+0x4c4]
J 6851 C1 org.springframework.web.servlet.FrameworkServlet.doPost(Ljavax/servlet/http/HttpServletRequest;Ljavax/servlet/http/HttpServletResponse;)V (7 bytes) @ 0x000000000483b994 [0x000000000483b960+0x34]
J 7275 C1 javax.servlet.http.HttpServlet.service(Ljavax/servlet/http/HttpServletRequest;Ljavax/servlet/http/HttpServletResponse;)V (269 bytes) @ 0x000000000492b074 [0x000000000492aac0+0x5b4]
J 7395 C1 org.springframework.web.servlet.FrameworkServlet.service(Ljavax/servlet/http/HttpServletRequest;Ljavax/servlet/http/HttpServletResponse;)V (37 bytes) @ 0x000000000498ecc4 [0x000000000498eb40+0x184]
J 7394 C1 javax.servlet.http.HttpServlet.service(Ljavax/servlet/ServletRequest;Ljavax/servlet/ServletResponse;)V (40 bytes) @ 0x000000000498e5ec [0x000000000498e520+0xcc]
J 5637 C1 org.apache.catalina.core.ApplicationFilterChain.internalDoFilter(Ljavax/servlet/ServletRequest;Ljavax/servlet/ServletResponse;)V (388 bytes) @ 0x00000000046685d4 [0x00000000046683c0+0x214]
J 5636 C1 org.apache.catalina.core.ApplicationFilterChain.doFilter(Ljavax/servlet/ServletRequest;Ljavax/servlet/ServletResponse;)V (103 bytes) @ 0x0000000004667f94 [0x0000000004667f60+0x34]
J 7619 C1 org.apache.tomcat.websocket.server.WsFilter.doFilter(Ljavax/servlet/ServletRequest;Ljavax/servlet/ServletResponse;Ljavax/servlet/FilterChain;)V (139 bytes) @ 0x0000000004a2fb24 [0x0000000004a2f7c0+0x364]
J 5637 C1 org.apache.catalina.core.ApplicationFilterChain.internalDoFilter(Ljavax/servlet/ServletRequest;Ljavax/servlet/ServletResponse;)V (388 bytes) @ 0x00000000046687f4 [0x00000000046683c0+0x434]
J 5636 C1 org.apache.catalina.core.ApplicationFilterChain.doFilter(Ljavax/servlet/ServletRequest;Ljavax/servlet/ServletResponse;)V (103 bytes) @ 0x0000000004667f94 [0x0000000004667f60+0x34]
J 7388 C1 org.springframework.web.filter.RequestContextFilter.doFilterInternal(Ljavax/servlet/http/HttpServletRequest;Ljavax/servlet/http/HttpServletResponse;Ljavax/servlet/FilterChain;)V (133 bytes) @ 0x000000000498a7c4 [0x000000000498a520+0x2a4]
J 5938 C1 org.springframework.web.filter.OncePerRequestFilter.doFilter(Ljavax/servlet/ServletRequest;Ljavax/servlet/ServletResponse;Ljavax/servlet/FilterChain;)V (175 bytes) @ 0x00000000046cd4d4 [0x00000000046cd180+0x354]
J 5637 C1 org.apache.catalina.core.ApplicationFilterChain.internalDoFilter(Ljavax/servlet/ServletRequest;Ljavax/servlet/ServletResponse;)V (388 bytes) @ 0x00000000046687f4 [0x00000000046683c0+0x434]
J 5636 C1 org.apache.catalina.core.ApplicationFilterChain.doFilter(Ljavax/servlet/ServletRequest;Ljavax/servlet/ServletResponse;)V (103 bytes) @ 0x0000000004667f94 [0x0000000004667f60+0x34]
J 7615 C1 org.springframework.web.filter.FormContentFilter.doFilterInternal(Ljavax/servlet/http/HttpServletRequest;Ljavax/servlet/http/HttpServletResponse;Ljavax/servlet/FilterChain;)V (44 bytes) @ 0x0000000004a2d5e4 [0x0000000004a2d3e0+0x204]
J 5938 C1 org.springframework.web.filter.OncePerRequestFilter.doFilter(Ljavax/servlet/ServletRequest;Ljavax/servlet/ServletResponse;Ljavax/servlet/FilterChain;)V (175 bytes) @ 0x00000000046cd4d4 [0x00000000046cd180+0x354]
J 5637 C1 org.apache.catalina.core.ApplicationFilterChain.internalDoFilter(Ljavax/servlet/ServletRequest;Ljavax/servlet/ServletResponse;)V (388 bytes) @ 0x00000000046687f4 [0x00000000046683c0+0x434]
J 5636 C1 org.apache.catalina.core.ApplicationFilterChain.doFilter(Ljavax/servlet/ServletRequest;Ljavax/servlet/ServletResponse;)V (103 bytes) @ 0x0000000004667f94 [0x0000000004667f60+0x34]
J 7611 C1 org.springframework.web.filter.CharacterEncodingFilter.doFilterInternal(Ljavax/servlet/http/HttpServletRequest;Ljavax/servlet/http/HttpServletResponse;Ljavax/servlet/FilterChain;)V (59 bytes) @ 0x0000000004a2c25c [0x0000000004a2c120+0x13c]
J 5938 C1 org.springframework.web.filter.OncePerRequestFilter.doFilter(Ljavax/servlet/ServletRequest;Ljavax/servlet/ServletResponse;Ljavax/servlet/FilterChain;)V (175 bytes) @ 0x00000000046cd4d4 [0x00000000046cd180+0x354]
J 5637 C1 org.apache.catalina.core.ApplicationFilterChain.internalDoFilter(Ljavax/servlet/ServletRequest;Ljavax/servlet/ServletResponse;)V (388 bytes) @ 0x00000000046687f4 [0x00000000046683c0+0x434]
J 5636 C1 org.apache.catalina.core.ApplicationFilterChain.doFilter(Ljavax/servlet/ServletRequest;Ljavax/servlet/ServletResponse;)V (103 bytes) @ 0x0000000004667f94 [0x0000000004667f60+0x34]
J 7609 C1 org.apache.catalina.core.StandardWrapperValve.invoke(Lorg/apache/catalina/connector/Request;Lorg/apache/catalina/connector/Response;)V (2665 bytes) @ 0x0000000004a1423c [0x0000000004a12a00+0x183c]
J 7606 C1 org.apache.catalina.core.StandardContextValve.invoke(Lorg/apache/catalina/connector/Request;Lorg/apache/catalina/connector/Response;)V (175 bytes) @ 0x0000000004a1033c [0x0000000004a0fe80+0x4bc]
J 7602 C1 org.apache.catalina.authenticator.AuthenticatorBase.invoke(Lorg/apache/catalina/connector/Request;Lorg/apache/catalina/connector/Response;)V (873 bytes) @ 0x0000000004a04834 [0x0000000004a03340+0x14f4]
J 7538 C1 org.apache.catalina.core.StandardHostValve.invoke(Lorg/apache/catalina/connector/Request;Lorg/apache/catalina/connector/Response;)V (396 bytes) @ 0x00000000049de45c [0x00000000049de120+0x33c]
J 7537 C1 org.apache.catalina.valves.ErrorReportValve.invoke(Lorg/apache/catalina/connector/Request;Lorg/apache/catalina/connector/Response;)V (153 bytes) @ 0x00000000049dca4c [0x00000000049dc9e0+0x6c]
J 7536 C1 org.apache.catalina.core.StandardEngineValve.invoke(Lorg/apache/catalina/connector/Request;Lorg/apache/catalina/connector/Response;)V (65 bytes) @ 0x00000000049dc274 [0x00000000049dc080+0x1f4]
J 7306 C1 org.apache.catalina.connector.CoyoteAdapter.service(Lorg/apache/coyote/Request;Lorg/apache/coyote/Response;)V (892 bytes) @ 0x000000000495c88c [0x000000000495c160+0x72c]
J 7297 C1 org.apache.coyote.http11.Http11Processor.service(Lorg/apache/tomcat/util/net/SocketWrapperBase;)Lorg/apache/tomcat/util/net/AbstractEndpoint$Handler$SocketState; (1189 bytes) @ 0x000000000494bebc [0x000000000494b240+0xc7c]
J 7296 C1 org.apache.coyote.AbstractProcessorLight.process(Lorg/apache/tomcat/util/net/SocketWrapperBase;Lorg/apache/tomcat/util/net/SocketEvent;)Lorg/apache/tomcat/util/net/AbstractEndpoint$Handler$SocketState; (367 bytes) @ 0x000000000495129c [0x0000000004950d00+0x59c]
J 7293 C1 org.apache.coyote.AbstractProtocol$ConnectionHandler.process(Lorg/apache/tomcat/util/net/SocketWrapperBase;Lorg/apache/tomcat/util/net/SocketEvent;)Lorg/apache/tomcat/util/net/AbstractEndpoint$Handler$SocketState; (1315 bytes) @ 0x000000000493a8a4 [0x00000000049397c0+0x10e4]
J 7292 C1 org.apache.tomcat.util.net.NioEndpoint$SocketProcessor.doRun()V (637 bytes) @ 0x00000000049360cc [0x0000000004935d80+0x34c]
J 6840 C1 org.apache.tomcat.util.net.SocketProcessorBase.run()V (35 bytes) @ 0x0000000004838ff4 [0x0000000004838e80+0x174]
j  java.util.concurrent.ThreadPoolExecutor.runWorker(Ljava/util/concurrent/ThreadPoolExecutor$Worker;)V+95
j  java.util.concurrent.ThreadPoolExecutor$Worker.run()V+5
j  org.apache.tomcat.util.threads.TaskThread$WrappingRunnable.run()V+4
j  java.lang.Thread.run()V+11
v  ~StubRoutines::call_stub

---------------  P R O C E S S  ---------------

Java Threads: ( => current thread )
  0x000000001f43a800 JavaThread "AsyncResolver-bootstrap-executor-0" daemon [_thread_blocked, id=29856, stack(0x0000000025450000,0x0000000025650000)]
  0x000000001f43d000 JavaThread "lettuce-eventExecutorLoop-1-8" daemon [_thread_blocked, id=28940, stack(0x0000000043a10000,0x0000000043c10000)]
  0x000000001f19a800 JavaThread "lettuce-eventExecutorLoop-1-7" daemon [_thread_blocked, id=25204, stack(0x00000000433d0000,0x00000000435d0000)]
  0x000000001f19e000 JavaThread "lettuce-eventExecutorLoop-1-6" daemon [_thread_blocked, id=23384, stack(0x00000000431d0000,0x00000000433d0000)]
  0x000000001f196000 JavaThread "lettuce-eventExecutorLoop-1-5" daemon [_thread_blocked, id=26700, stack(0x0000000042fd0000,0x00000000431d0000)]
  0x000000001f197800 JavaThread "lettuce-eventExecutorLoop-1-4" daemon [_thread_blocked, id=29344, stack(0x0000000043810000,0x0000000043a10000)]
  0x000000001f199000 JavaThread "lettuce-eventExecutorLoop-1-3" daemon [_thread_blocked, id=26268, stack(0x0000000043610000,0x0000000043810000)]
  0x000000001f19d000 JavaThread "idle_connection_reaper" daemon [_thread_blocked, id=29660, stack(0x0000000042bd0000,0x0000000042dd0000)]
  0x000000001f19a000 JavaThread "lettuce-eventExecutorLoop-1-2" daemon [_thread_blocked, id=24476, stack(0x00000000427d0000,0x00000000429d0000)]
  0x000000001f19b800 JavaThread "lettuce-eventExecutorLoop-1-1" daemon [_thread_blocked, id=29188, stack(0x0000000025250000,0x0000000025450000)]
  0x000000001f195800 JavaThread "lettuce-nioEventLoop-4-1" daemon [_thread_in_native, id=13836, stack(0x0000000024040000,0x0000000024240000)]
  0x000000001f198800 JavaThread "Java2D Disposer" daemon [_thread_blocked, id=26132, stack(0x00000000016b0000,0x00000000018b0000)]
  0x000000001f197000 JavaThread "DiscoveryClient-CacheRefreshExecutor-0" daemon [_thread_blocked, id=28172, stack(0x0000000023c40000,0x0000000023e40000)]
  0x000000001f19c000 JavaThread "DiscoveryClient-HeartbeatExecutor-0" daemon [_thread_blocked, id=23692, stack(0x0000000023a40000,0x0000000023c40000)]
  0x000000001f18e800 JavaThread "DestroyJavaVM" [_thread_blocked, id=18464, stack(0x0000000003850000,0x0000000003a50000)]
  0x000000001f191000 JavaThread "http-nio-8081-Acceptor" daemon [_thread_in_native, id=29060, stack(0x0000000023440000,0x0000000023640000)]
  0x000000001f190000 JavaThread "http-nio-8081-ClientPoller" daemon [_thread_in_native, id=29056, stack(0x0000000023240000,0x0000000023440000)]
  0x000000001f18f800 JavaThread "http-nio-8081-exec-10" daemon [_thread_in_native, id=29044, stack(0x0000000023040000,0x0000000023240000)]
=>0x000000001f194800 JavaThread "http-nio-8081-exec-9" daemon [_thread_in_native, id=29040, stack(0x0000000022e40000,0x0000000023040000)]
  0x000000001f191800 JavaThread "http-nio-8081-exec-8" daemon [_thread_blocked, id=29036, stack(0x0000000022c40000,0x0000000022e40000)]
  0x000000001f194000 JavaThread "http-nio-8081-exec-7" daemon [_thread_in_vm, id=29032, stack(0x0000000022a40000,0x0000000022c40000)]
  0x000000001f192800 JavaThread "http-nio-8081-exec-6" daemon [_thread_blocked, id=29028, stack(0x0000000022840000,0x0000000022a40000)]
  0x000000001f193000 JavaThread "http-nio-8081-exec-5" daemon [_thread_in_native, id=29024, stack(0x0000000022640000,0x0000000022840000)]
  0x000000001ee17800 JavaThread "http-nio-8081-exec-4" daemon [_thread_blocked, id=29020, stack(0x0000000022440000,0x0000000022640000)]
  0x000000001ee16800 JavaThread "http-nio-8081-exec-3" daemon [_thread_blocked, id=29016, stack(0x0000000022240000,0x0000000022440000)]
  0x000000001ee1b000 JavaThread "http-nio-8081-exec-2" daemon [_thread_blocked, id=29012, stack(0x0000000022040000,0x0000000022240000)]
  0x000000001ee1c800 JavaThread "http-nio-8081-exec-1" daemon [_thread_blocked, id=29008, stack(0x0000000021e40000,0x0000000022040000)]
  0x000000001ee1a800 JavaThread "http-nio-8081-BlockPoller" daemon [_thread_in_native, id=29004, stack(0x0000000021c40000,0x0000000021e40000)]
  0x000000001ee19000 JavaThread "DiscoveryClient-InstanceInfoReplicator-0" daemon [_thread_blocked, id=29000, stack(0x0000000021a40000,0x0000000021c40000)]
  0x000000001ee16000 JavaThread "DiscoveryClient-1" daemon [_thread_blocked, id=28996, stack(0x0000000021840000,0x0000000021a40000)]
  0x000000001ee1c000 JavaThread "DiscoveryClient-0" daemon [_thread_blocked, id=28992, stack(0x0000000021540000,0x0000000021740000)]
  0x000000001ee18000 JavaThread "AsyncResolver-bootstrap-0" daemon [_thread_blocked, id=28964, stack(0x0000000020f40000,0x0000000021140000)]
  0x000000001ee19800 JavaThread "spring.cloud.inetutils" daemon [_thread_blocked, id=28920, stack(0x0000000020b40000,0x0000000020d40000)]
  0x000000001bd19800 JavaThread "lettuce-timer-3-1" daemon [_thread_blocked, id=20412, stack(0x0000000020340000,0x0000000020540000)]
  0x000000001d71b800 JavaThread "container-0" [_thread_blocked, id=25132, stack(0x0000000020140000,0x0000000020340000)]
  0x000000001d71a800 JavaThread "Catalina-utility-2" [_thread_blocked, id=2544, stack(0x000000001ff40000,0x0000000020140000)]
  0x000000001d718000 JavaThread "Catalina-utility-1" [_thread_blocked, id=28164, stack(0x000000001fb40000,0x000000001fd40000)]
  0x000000001ba9b000 JavaThread "Service Thread" daemon [_thread_blocked, id=28152, stack(0x000000001c4a0000,0x000000001c6a0000)]
  0x000000001ba16000 JavaThread "C1 CompilerThread3" daemon [_thread_blocked, id=24636, stack(0x000000001c3a0000,0x000000001c4a0000)]
  0x000000001ba14000 JavaThread "C2 CompilerThread2" daemon [_thread_blocked, id=22956, stack(0x000000001c2a0000,0x000000001c3a0000)]
  0x000000001ba13800 JavaThread "C2 CompilerThread1" daemon [_thread_blocked, id=24288, stack(0x000000001c1a0000,0x000000001c2a0000)]
  0x000000001ba0c800 JavaThread "C2 CompilerThread0" daemon [_thread_blocked, id=21112, stack(0x000000001c0a0000,0x000000001c1a0000)]
  0x000000001ba0b000 JavaThread "Monitor Ctrl-Break" daemon [_thread_in_native, id=24048, stack(0x000000001bea0000,0x000000001c0a0000)]
  0x000000001ab38000 JavaThread "Attach Listener" daemon [_thread_blocked, id=17744, stack(0x000000001b4a0000,0x000000001b6a0000)]
  0x000000001aae1800 JavaThread "Signal Dispatcher" daemon [_thread_blocked, id=23444, stack(0x000000001b2a0000,0x000000001b4a0000)]
  0x0000000018cc3800 JavaThread "Finalizer" daemon [_thread_blocked, id=11328, stack(0x000000001b0a0000,0x000000001b2a0000)]
  0x000000001aac0800 JavaThread "Reference Handler" daemon [_thread_blocked, id=6736, stack(0x000000001aea0000,0x000000001b0a0000)]

Other Threads:
  0x0000000018cb6800 VMThread [stack: 0x000000001a9a0000,0x000000001aaa0000] [id=28244]
  0x000000001babe800 WatcherThread [stack: 0x000000001c6a0000,0x000000001c7a0000] [id=24876]

VM state:not at safepoint (normal execution)

VM Mutex/Monitor currently owned by a thread: None

heap address: 0x0000000080000000, size: 2048 MB, Compressed Oops mode: 32-bit
Narrow klass base: 0x0000000000000000, Narrow klass shift: 3
Compressed class space size: 1073741824 Address: 0x0000000100000000

Heap:
 PSYoungGen      total 53248K, used 10933K [0x00000000d5580000, 0x00000000d9600000, 0x0000000100000000)
  eden space 41472K, 16% used [0x00000000d5580000,0x00000000d5c09310,0x00000000d7e00000)
  from space 11776K, 36% used [0x00000000d8a80000,0x00000000d8ea4378,0x00000000d9600000)
  to   space 12288K, 0% used [0x00000000d7e00000,0x00000000d7e00000,0x00000000d8a00000)
 ParOldGen       total 80896K, used 56458K [0x0000000080000000, 0x0000000084f00000, 0x00000000d5580000)
  object space 80896K, 69% used [0x0000000080000000,0x00000000837229f0,0x0000000084f00000)
 Metaspace       used 54983K, capacity 58496K, committed 59136K, reserved 1099776K
  class space    used 7430K, capacity 8058K, committed 8192K, reserved 1048576K

Card table byte_map: [0x0000000013010000,0x0000000013420000] byte_map_base: 0x0000000012c10000

Marking Bits: (ParMarkBitMap*) 0x0000000068fb4ce0
 Begin Bits: [0x0000000013ed0000, 0x0000000015ed0000)
 End Bits:   [0x0000000015ed0000, 0x0000000017ed0000)

Polling page: 0x0000000001960000

CodeCache: size=245760Kb used=15782Kb max_used=15782Kb free=229977Kb
 bounds [0x0000000003c50000, 0x0000000004bc0000, 0x0000000012c50000]
 total_blobs=9017 nmethods=8420 adapters=508
 compilation: enabled

Compilation events (10 events):
Event: 4214.910 Thread 0x000000001ba16000 8562       1       java.net.InetSocketAddress::<init> (33 bytes)
Event: 4214.910 Thread 0x000000001ba16000 nmethod 8562 0x0000000004bbc5d0 code [0x0000000004bbc740, 0x0000000004bbc978]
Event: 4215.067 Thread 0x000000001ba16000 8563       1       org.apache.tomcat.util.buf.ByteChunk::<init> (15 bytes)
Event: 4215.068 Thread 0x000000001ba16000 nmethod 8563 0x0000000004bbca50 code [0x0000000004bbcba0, 0x0000000004bbccf0]
Event: 4215.101 Thread 0x000000001ba16000 8564       1       java.text.DecimalFormatSymbols::getGroupingSeparator (5 bytes)
Event: 4215.101 Thread 0x000000001ba16000 nmethod 8564 0x0000000004bbcd50 code [0x0000000004bbcea0, 0x0000000004bbcfb0]
Event: 4215.102 Thread 0x000000001ba16000 8565       1       java.text.DecimalFormatSymbols::getDecimalSeparator (5 bytes)
Event: 4215.102 Thread 0x000000001ba16000 nmethod 8565 0x0000000004bbd010 code [0x0000000004bbd160, 0x0000000004bbd270]
Event: 4215.410 Thread 0x000000001ba16000 8566       1       ch.qos.logback.classic.Logger::getLoggerContext (5 bytes)
Event: 4215.410 Thread 0x000000001ba16000 nmethod 8566 0x0000000004bbd2d0 code [0x0000000004bbd420, 0x0000000004bbd530]

GC Heap History (10 events):
Event: 4214.707 GC heap before
{Heap before GC invocations=3540 (full 9):
 PSYoungGen      total 32768K, used 25088K [0x00000000d5580000, 0x00000000d8000000, 0x0000000100000000)
  eden space 25088K, 100% used [0x00000000d5580000,0x00000000d6e00000,0x00000000d6e00000)
  from space 7680K, 0% used [0x00000000d7680000,0x00000000d7680000,0x00000000d7e00000)
  to   space 8704K, 0% used [0x00000000d6e00000,0x00000000d6e00000,0x00000000d7680000)
 ParOldGen       total 80896K, used 36317K [0x0000000080000000, 0x0000000084f00000, 0x00000000d5580000)
  object space 80896K, 44% used [0x0000000080000000,0x0000000082377748,0x0000000084f00000)
 Metaspace       used 54983K, capacity 58496K, committed 59136K, reserved 1099776K
  class space    used 7430K, capacity 8058K, committed 8192K, reserved 1048576K
Event: 4214.711 GC heap after
Heap after GC invocations=3540 (full 9):
 PSYoungGen      total 33792K, used 4376K [0x00000000d5580000, 0x00000000d8280000, 0x0000000100000000)
  eden space 25088K, 0% used [0x00000000d5580000,0x00000000d5580000,0x00000000d6e00000)
  from space 8704K, 50% used [0x00000000d6e00000,0x00000000d72463d8,0x00000000d7680000)
  to   space 8192K, 0% used [0x00000000d7a80000,0x00000000d7a80000,0x00000000d8280000)
 ParOldGen       total 80896K, used 36317K [0x0000000080000000, 0x0000000084f00000, 0x00000000d5580000)
  object space 80896K, 44% used [0x0000000080000000,0x0000000082377748,0x0000000084f00000)
 Metaspace       used 54983K, capacity 58496K, committed 59136K, reserved 1099776K
  class space    used 7430K, capacity 8058K, committed 8192K, reserved 1048576K
}
Event: 4214.932 GC heap before
{Heap before GC invocations=3541 (full 9):
 PSYoungGen      total 33792K, used 29464K [0x00000000d5580000, 0x00000000d8280000, 0x0000000100000000)
  eden space 25088K, 100% used [0x00000000d5580000,0x00000000d6e00000,0x00000000d6e00000)
  from space 8704K, 50% used [0x00000000d6e00000,0x00000000d72463d8,0x00000000d7680000)
  to   space 8192K, 0% used [0x00000000d7a80000,0x00000000d7a80000,0x00000000d8280000)
 ParOldGen       total 80896K, used 36317K [0x0000000080000000, 0x0000000084f00000, 0x00000000d5580000)
  object space 80896K, 44% used [0x0000000080000000,0x0000000082377768,0x0000000084f00000)
 Metaspace       used 54983K, capacity 58496K, committed 59136K, reserved 1099776K
  class space    used 7430K, capacity 8058K, committed 8192K, reserved 1048576K
Event: 4214.939 GC heap after
Heap after GC invocations=3541 (full 9):
 PSYoungGen      total 36864K, used 7555K [0x00000000d5580000, 0x00000000d8500000, 0x0000000100000000)
  eden space 28672K, 0% used [0x00000000d5580000,0x00000000d5580000,0x00000000d7180000)
  from space 8192K, 92% used [0x00000000d7a80000,0x00000000d81e0cb0,0x00000000d8280000)
  to   space 9216K, 0% used [0x00000000d7180000,0x00000000d7180000,0x00000000d7a80000)
 ParOldGen       total 80896K, used 36769K [0x0000000080000000, 0x0000000084f00000, 0x00000000d5580000)
  object space 80896K, 45% used [0x0000000080000000,0x00000000823e85a0,0x0000000084f00000)
 Metaspace       used 54983K, capacity 58496K, committed 59136K, reserved 1099776K
  class space    used 7430K, capacity 8058K, committed 8192K, reserved 1048576K
}
Event: 4214.992 GC heap before
{Heap before GC invocations=3542 (full 9):
 PSYoungGen      total 36864K, used 36227K [0x00000000d5580000, 0x00000000d8500000, 0x0000000100000000)
  eden space 28672K, 100% used [0x00000000d5580000,0x00000000d7180000,0x00000000d7180000)
  from space 8192K, 92% used [0x00000000d7a80000,0x00000000d81e0cb0,0x00000000d8280000)
  to   space 9216K, 0% used [0x00000000d7180000,0x00000000d7180000,0x00000000d7a80000)
 ParOldGen       total 80896K, used 36771K [0x0000000080000000, 0x0000000084f00000, 0x00000000d5580000)
  object space 80896K, 45% used [0x0000000080000000,0x00000000823e8d80,0x0000000084f00000)
 Metaspace       used 54983K, capacity 58496K, committed 59136K, reserved 1099776K
  class space    used 7430K, capacity 8058K, committed 8192K, reserved 1048576K
Event: 4214.999 GC heap after
Heap after GC invocations=3542 (full 9):
 PSYoungGen      total 37888K, used 9065K [0x00000000d5580000, 0x00000000d8c80000, 0x0000000100000000)
  eden space 28672K, 0% used [0x00000000d5580000,0x00000000d5580000,0x00000000d7180000)
  from space 9216K, 98% used [0x00000000d7180000,0x00000000d7a5a6a8,0x00000000d7a80000)
  to   space 10752K, 0% used [0x00000000d8200000,0x00000000d8200000,0x00000000d8c80000)
 ParOldGen       total 80896K, used 43356K [0x0000000080000000, 0x0000000084f00000, 0x00000000d5580000)
  object space 80896K, 53% used [0x0000000080000000,0x0000000082a573d0,0x0000000084f00000)
 Metaspace       used 54983K, capacity 58496K, committed 59136K, reserved 1099776K
  class space    used 7430K, capacity 8058K, committed 8192K, reserved 1048576K
}
Event: 4215.114 GC heap before
{Heap before GC invocations=3543 (full 9):
 PSYoungGen      total 37888K, used 37737K [0x00000000d5580000, 0x00000000d8c80000, 0x0000000100000000)
  eden space 28672K, 100% used [0x00000000d5580000,0x00000000d7180000,0x00000000d7180000)
  from space 9216K, 98% used [0x00000000d7180000,0x00000000d7a5a6a8,0x00000000d7a80000)
  to   space 10752K, 0% used [0x00000000d8200000,0x00000000d8200000,0x00000000d8c80000)
 ParOldGen       total 80896K, used 43356K [0x0000000080000000, 0x0000000084f00000, 0x00000000d5580000)
  object space 80896K, 53% used [0x0000000080000000,0x0000000082a573d0,0x0000000084f00000)
 Metaspace       used 54983K, capacity 58496K, committed 59136K, reserved 1099776K
  class space    used 7430K, capacity 8058K, committed 8192K, reserved 1048576K
Event: 4215.121 GC heap after
Heap after GC invocations=3543 (full 9):
 PSYoungGen      total 45056K, used 7222K [0x00000000d5580000, 0x00000000d8d80000, 0x0000000100000000)
  eden space 34304K, 0% used [0x00000000d5580000,0x00000000d5580000,0x00000000d7700000)
  from space 10752K, 67% used [0x00000000d8200000,0x00000000d890d950,0x00000000d8c80000)
  to   space 11264K, 0% used [0x00000000d7700000,0x00000000d7700000,0x00000000d8200000)
 ParOldGen       total 80896K, used 46849K [0x0000000080000000, 0x0000000084f00000, 0x00000000d5580000)
  object space 80896K, 57% used [0x0000000080000000,0x0000000082dc06f0,0x0000000084f00000)
 Metaspace       used 54983K, capacity 58496K, committed 59136K, reserved 1099776K
  class space    used 7430K, capacity 8058K, committed 8192K, reserved 1048576K
}
Event: 4215.326 GC heap before
{Heap before GC invocations=3544 (full 9):
 PSYoungGen      total 45056K, used 41526K [0x00000000d5580000, 0x00000000d8d80000, 0x0000000100000000)
  eden space 34304K, 100% used [0x00000000d5580000,0x00000000d7700000,0x00000000d7700000)
  from space 10752K, 67% used [0x00000000d8200000,0x00000000d890d950,0x00000000d8c80000)
  to   space 11264K, 0% used [0x00000000d7700000,0x00000000d7700000,0x00000000d8200000)
 ParOldGen       total 80896K, used 46849K [0x0000000080000000, 0x0000000084f00000, 0x00000000d5580000)
  object space 80896K, 57% used [0x0000000080000000,0x0000000082dc06f0,0x0000000084f00000)
 Metaspace       used 54983K, capacity 58496K, committed 59136K, reserved 1099776K
  class space    used 7430K, capacity 8058K, committed 8192K, reserved 1048576K
Event: 4215.332 GC heap after
Heap after GC invocations=3544 (full 9):
 PSYoungGen      total 45568K, used 11043K [0x00000000d5580000, 0x00000000d9700000, 0x0000000100000000)
  eden space 34304K, 0% used [0x00000000d5580000,0x00000000d5580000,0x00000000d7700000)
  from space 11264K, 98% used [0x00000000d7700000,0x00000000d81c8f60,0x00000000d8200000)
  to   space 12800K, 0% used [0x00000000d8a80000,0x00000000d8a80000,0x00000000d9700000)
 ParOldGen       total 80896K, used 53006K [0x0000000080000000, 0x0000000084f00000, 0x00000000d5580000)
  object space 80896K, 65% used [0x0000000080000000,0x00000000833c3a70,0x0000000084f00000)
 Metaspace       used 54983K, capacity 58496K, committed 59136K, reserved 1099776K
  class space    used 7430K, capacity 8058K, committed 8192K, reserved 1048576K
}

Deoptimization events (0 events):
No events

Classes redefined (0 events):
No events

Internal exceptions (10 events):
Event: 4124.413 Thread 0x000000001f19c000 Exception <a 'java/net/SocketTimeoutException': Read timed out> (0x00000000d6206338) thrown at [C:\re\workspace\8-2-build-windows-amd64-cygwin\jdk8u201\12322\hotspot\src\share\vm\prims\jni.cpp, line 735]
Event: 4154.445 Thread 0x000000001f197000 Exception <a 'java/net/SocketTimeoutException': Read timed out> (0x00000000d617c308) thrown at [C:\re\workspace\8-2-build-windows-amd64-cygwin\jdk8u201\12322\hotspot\src\share\vm\prims\jni.cpp, line 735]
Event: 4154.445 Thread 0x000000001f19c000 Exception <a 'java/net/SocketTimeoutException': Read timed out> (0x00000000d617f300) thrown at [C:\re\workspace\8-2-build-windows-amd64-cygwin\jdk8u201\12322\hotspot\src\share\vm\prims\jni.cpp, line 735]
Event: 4184.460 Thread 0x000000001f19c000 Exception <a 'java/lang/ArrayIndexOutOfBoundsException'> (0x00000000d59c5508) thrown at [C:\re\workspace\8-2-build-windows-amd64-cygwin\jdk8u201\12322\hotspot\src\share\vm\runtime\sharedRuntime.cpp, line 605]
Event: 4184.462 Thread 0x000000001f19c000 Exception <a 'java/lang/ArrayIndexOutOfBoundsException'> (0x00000000d5a1b488) thrown at [C:\re\workspace\8-2-build-windows-amd64-cygwin\jdk8u201\12322\hotspot\src\share\vm\runtime\sharedRuntime.cpp, line 605]
Event: 4184.469 Thread 0x000000001f197000 Exception <a 'java/net/SocketTimeoutException': Read timed out> (0x00000000d57a4108) thrown at [C:\re\workspace\8-2-build-windows-amd64-cygwin\jdk8u201\12322\hotspot\src\share\vm\prims\jni.cpp, line 735]
Event: 4204.049 Thread 0x000000001ee1b000 Exception <a 'java/io/IOException'> (0x00000000d5745588) thrown at [C:\re\workspace\8-2-build-windows-amd64-cygwin\jdk8u201\12322\hotspot\src\share\vm\prims\jni.cpp, line 709]
Event: 4204.235 Thread 0x000000001ee1b000 Exception <a 'java/io/IOException'> (0x00000000d5896a20) thrown at [C:\re\workspace\8-2-build-windows-amd64-cygwin\jdk8u201\12322\hotspot\src\share\vm\prims\jni.cpp, line 709]
Event: 4214.488 Thread 0x000000001f19c000 Exception <a 'java/net/SocketTimeoutException': Read timed out> (0x00000000d5e263a8) thrown at [C:\re\workspace\8-2-build-windows-amd64-cygwin\jdk8u201\12322\hotspot\src\share\vm\prims\jni.cpp, line 735]
Event: 4214.488 Thread 0x000000001f197000 Exception <a 'java/net/SocketTimeoutException': Read timed out> (0x00000000d5e25770) thrown at [C:\re\workspace\8-2-build-windows-amd64-cygwin\jdk8u201\12322\hotspot\src\share\vm\prims\jni.cpp, line 735]

Events (10 events):
Event: 4215.326 Executing VM operation: ParallelGCFailedAllocation
Event: 4215.332 Executing VM operation: ParallelGCFailedAllocation done
Event: 4215.408 Executing VM operation: RevokeBias
Event: 4215.409 Executing VM operation: RevokeBias done
Event: 4215.410 loading class sun/reflect/GeneratedMethodAccessor66
Event: 4215.410 loading class sun/reflect/GeneratedMethodAccessor66 done
Event: 4215.411 loading class sun/reflect/GeneratedMethodAccessor66
Event: 4215.411 loading class sun/reflect/GeneratedMethodAccessor66 done
Event: 4215.412 loading class sun/reflect/GeneratedMethodAccessor66
Event: 4215.413 loading class sun/reflect/GeneratedMethodAccessor66 done


Dynamic libraries:
0x00007ff78bf50000 - 0x00007ff78bf87000 	C:\Program Files\Java\jdk1.8.0_201\bin\java.exe
0x00007ff8d3f70000 - 0x00007ff8d4165000 	C:\WINDOWS\SYSTEM32\ntdll.dll
0x00007ff8d2700000 - 0x00007ff8d27be000 	C:\WINDOWS\System32\KERNEL32.DLL
0x00007ff8d19f0000 - 0x00007ff8d1cb8000 	C:\WINDOWS\System32\KERNELBASE.dll
0x00007ff8d3e80000 - 0x00007ff8d3f2c000 	C:\WINDOWS\System32\ADVAPI32.dll
0x00007ff8d2660000 - 0x00007ff8d26fe000 	C:\WINDOWS\System32\msvcrt.dll
0x00007ff8d3dd0000 - 0x00007ff8d3e6b000 	C:\WINDOWS\System32\sechost.dll
0x00007ff8d3ca0000 - 0x00007ff8d3dca000 	C:\WINDOWS\System32\RPCRT4.dll
0x00007ff8d3af0000 - 0x00007ff8d3c91000 	C:\WINDOWS\System32\USER32.dll
0x00007ff8d1da0000 - 0x00007ff8d1dc2000 	C:\WINDOWS\System32\win32u.dll
0x00007ff8d2fb0000 - 0x00007ff8d2fdb000 	C:\WINDOWS\System32\GDI32.dll
0x00007ff8d16f0000 - 0x00007ff8d17fb000 	C:\WINDOWS\System32\gdi32full.dll
0x00007ff8d1dd0000 - 0x00007ff8d1e6d000 	C:\WINDOWS\System32\msvcp_win.dll
0x00007ff8d1ec0000 - 0x00007ff8d1fc0000 	C:\WINDOWS\System32\ucrtbase.dll
0x00007ff8c2b70000 - 0x00007ff8c2e0a000 	C:\WINDOWS\WinSxS\amd64_microsoft.windows.common-controls_6595b64144ccf1df_6.0.19041.1110_none_60b5254171f9507e\COMCTL32.dll
0x00007ff8d1fc0000 - 0x00007ff8d1ff0000 	C:\WINDOWS\System32\IMM32.DLL
0x0000000069e30000 - 0x0000000069f01000 	C:\Program Files\Java\jdk1.8.0_201\jre\bin\msvcr100.dll
0x0000000068790000 - 0x0000000069034000 	C:\Program Files\Java\jdk1.8.0_201\jre\bin\server\jvm.dll
0x00007ff8d3e70000 - 0x00007ff8d3e78000 	C:\WINDOWS\System32\PSAPI.DLL
0x00007ff8c60c0000 - 0x00007ff8c60c9000 	C:\WINDOWS\SYSTEM32\WSOCK32.dll
0x00007ff8c4350000 - 0x00007ff8c4377000 	C:\WINDOWS\SYSTEM32\WINMM.dll
0x00007ff8c8420000 - 0x00007ff8c842a000 	C:\WINDOWS\SYSTEM32\VERSION.dll
0x00007ff8d2820000 - 0x00007ff8d288b000 	C:\WINDOWS\System32\WS2_32.dll
0x00007ff8c3540000 - 0x00007ff8c354f000 	C:\Program Files\Java\jdk1.8.0_201\jre\bin\verify.dll
0x00007ff892af0000 - 0x00007ff892b19000 	C:\Program Files\Java\jdk1.8.0_201\jre\bin\java.dll
0x00007ff88a7b0000 - 0x00007ff88a7d3000 	C:\Program Files\Java\jdk1.8.0_201\jre\bin\instrument.dll
0x00007ff89f4f0000 - 0x00007ff89f506000 	C:\Program Files\Java\jdk1.8.0_201\jre\bin\zip.dll
0x00007ff8d32b0000 - 0x00007ff8d39ef000 	C:\WINDOWS\System32\SHELL32.dll
0x00007ff8cf3d0000 - 0x00007ff8cfb60000 	C:\WINDOWS\SYSTEM32\windows.storage.dll
0x00007ff8d1ff0000 - 0x00007ff8d2345000 	C:\WINDOWS\System32\combase.dll
0x00007ff8d10e0000 - 0x00007ff8d110e000 	C:\WINDOWS\SYSTEM32\Wldp.dll
0x00007ff8d2fe0000 - 0x00007ff8d308d000 	C:\WINDOWS\System32\SHCORE.dll
0x00007ff8d2600000 - 0x00007ff8d2655000 	C:\WINDOWS\System32\shlwapi.dll
0x00007ff8d15d0000 - 0x00007ff8d15ef000 	C:\WINDOWS\SYSTEM32\profapi.dll
0x00007ff898bd0000 - 0x00007ff898bea000 	F:\subject\IDEA 2018_sssam.com\IntelliJ IDEA 2018.2.4\bin\breakgen64.dll
0x00007ff89e270000 - 0x00007ff89e28a000 	C:\Program Files\Java\jdk1.8.0_201\jre\bin\net.dll
0x00007ff8bf760000 - 0x00007ff8bf94b000 	C:\WINDOWS\SYSTEM32\urlmon.dll
0x00007ff8c47a0000 - 0x00007ff8c4a50000 	C:\WINDOWS\SYSTEM32\iertutil.dll
0x00007ff8bf730000 - 0x00007ff8bf758000 	C:\WINDOWS\SYSTEM32\srvcli.dll
0x00007ff8d0b20000 - 0x00007ff8d0b2c000 	C:\WINDOWS\SYSTEM32\netutils.dll
0x00007ff8d0e40000 - 0x00007ff8d0eaa000 	C:\WINDOWS\system32\mswsock.dll
0x00007ff8d0ae0000 - 0x00007ff8d0b1b000 	C:\WINDOWS\SYSTEM32\IPHLPAPI.DLL
0x00007ff8d2f20000 - 0x00007ff8d2f28000 	C:\WINDOWS\System32\NSI.dll
0x00007ff8c6920000 - 0x00007ff8c6937000 	C:\WINDOWS\SYSTEM32\dhcpcsvc6.DLL
0x00007ff8c7d20000 - 0x00007ff8c7d3d000 	C:\WINDOWS\SYSTEM32\dhcpcsvc.DLL
0x00007ff8d0b30000 - 0x00007ff8d0bfb000 	C:\WINDOWS\SYSTEM32\DNSAPI.dll
0x00007ff8c87c0000 - 0x00007ff8c87ca000 	C:\Windows\System32\rasadhlp.dll
0x00007ff8bfd90000 - 0x00007ff8bfe0f000 	C:\WINDOWS\System32\fwpuclnt.dll
0x00007ff8d1d70000 - 0x00007ff8d1d97000 	C:\WINDOWS\System32\bcrypt.dll
0x00007ff8c2ec0000 - 0x00007ff8c2ecd000 	C:\Program Files\Java\jdk1.8.0_201\jre\bin\management.dll
0x00007ff8b53f0000 - 0x00007ff8b5407000 	C:\WINDOWS\system32\napinsp.dll
0x00007ff8b53d0000 - 0x00007ff8b53eb000 	C:\WINDOWS\system32\pnrpnsp.dll
0x00007ff8cb9c0000 - 0x00007ff8cb9d5000 	C:\WINDOWS\system32\wshbth.dll
0x00007ff8cc3e0000 - 0x00007ff8cc3fd000 	C:\WINDOWS\system32\NLAapi.dll
0x00007ff8b53b0000 - 0x00007ff8b53c2000 	C:\WINDOWS\System32\winrnr.dll
0x00007ff89c020000 - 0x00007ff89c031000 	C:\Program Files\Java\jdk1.8.0_201\jre\bin\nio.dll
0x00007ff8d1040000 - 0x00007ff8d1058000 	C:\WINDOWS\SYSTEM32\CRYPTSP.dll
0x00007ff8d0750000 - 0x00007ff8d0784000 	C:\WINDOWS\system32\rsaenh.dll
0x00007ff8d1590000 - 0x00007ff8d15be000 	C:\WINDOWS\SYSTEM32\USERENV.dll
0x00007ff8d1960000 - 0x00007ff8d19e3000 	C:\WINDOWS\System32\bcryptprimitives.dll
0x00007ff8d1030000 - 0x00007ff8d103c000 	C:\WINDOWS\SYSTEM32\CRYPTBASE.dll
0x00007ff889d70000 - 0x00007ff889d94000 	C:\Program Files\Java\jdk1.8.0_201\jre\bin\sunec.dll
0x00007ff88aa80000 - 0x00007ff88ac19000 	C:\Program Files\Java\jdk1.8.0_201\jre\bin\awt.dll
0x00007ff8d31e0000 - 0x00007ff8d32ad000 	C:\WINDOWS\System32\OLEAUT32.dll
0x00007ff8cdcf0000 - 0x00007ff8cdd80000 	C:\WINDOWS\SYSTEM32\apphelp.dll
0x00007ff898cd0000 - 0x00007ff898d01000 	C:\Program Files\Java\jdk1.8.0_201\jre\bin\jpeg.dll
0x00007ff873910000 - 0x00007ff87674d000 	C:\Users\lenovo\Desktop\Face-recognition-main\ArcSoft_ArcFace_Java_Windows_x64_V3.0\libs\WIN64\libarcsoft_face.dll
0x00007ff8b7170000 - 0x00007ff8b7216000 	C:\WINDOWS\SYSTEM32\MSVCP120.dll
0x00007ff8b7080000 - 0x00007ff8b716f000 	C:\WINDOWS\SYSTEM32\MSVCR120.dll
0x00007ff888e60000 - 0x00007ff888edf000 	C:\Users\lenovo\Desktop\Face-recognition-main\ArcSoft_ArcFace_Java_Windows_x64_V3.0\libs\WIN64\libarcsoft_face_engine.dll
0x00007ff8d2ec0000 - 0x00007ff8d2f16000 	C:\WINDOWS\System32\WLDAP32.dll
0x00007ff898ca0000 - 0x00007ff898cc5000 	C:\Users\lenovo\Desktop\Face-recognition-main\ArcSoft_ArcFace_Java_Windows_x64_V3.0\libs\WIN64\libarcsoft_face_engine_jni.dll
0x00007ff88aa40000 - 0x00007ff88aa7e000 	C:\Program Files\Java\jdk1.8.0_201\jre\bin\lcms.dll
0x00007ff8cfc30000 - 0x00007ff8cfe14000 	C:\WINDOWS\SYSTEM32\dbghelp.dll

VM Arguments:
jvm_args: -Xmx2048m -XX:MetaspaceSize=512m -XX:MaxMetaspaceSize=768m -Xss2m -XX:TieredStopAtLevel=1 -Xverify:none -Dspring.output.ansi.enabled=always -javaagent:F:\subject\IDEA 2018_sssam.com\IntelliJ IDEA 2018.2.4\lib\idea_rt.jar=59010:F:\subject\IDEA 2018_sssam.com\IntelliJ IDEA 2018.2.4\bin -Dfile.encoding=UTF-8 
java_command: com.tangcheng.face_corn.FaceCornApplication
java_class_path (initial): C:\Program Files\Java\jdk1.8.0_201\jre\lib\charsets.jar;C:\Program Files\Java\jdk1.8.0_201\jre\lib\deploy.jar;C:\Program Files\Java\jdk1.8.0_201\jre\lib\ext\access-bridge-64.jar;C:\Program Files\Java\jdk1.8.0_201\jre\lib\ext\cldrdata.jar;C:\Program Files\Java\jdk1.8.0_201\jre\lib\ext\dnsns.jar;C:\Program Files\Java\jdk1.8.0_201\jre\lib\ext\jaccess.jar;C:\Program Files\Java\jdk1.8.0_201\jre\lib\ext\jfxrt.jar;C:\Program Files\Java\jdk1.8.0_201\jre\lib\ext\localedata.jar;C:\Program Files\Java\jdk1.8.0_201\jre\lib\ext\nashorn.jar;C:\Program Files\Java\jdk1.8.0_201\jre\lib\ext\sunec.jar;C:\Program Files\Java\jdk1.8.0_201\jre\lib\ext\sunjce_provider.jar;C:\Program Files\Java\jdk1.8.0_201\jre\lib\ext\sunmscapi.jar;C:\Program Files\Java\jdk1.8.0_201\jre\lib\ext\sunpkcs11.jar;C:\Program Files\Java\jdk1.8.0_201\jre\lib\ext\zipfs.jar;C:\Program Files\Java\jdk1.8.0_201\jre\lib\javaws.jar;C:\Program Files\Java\jdk1.8.0_201\jre\lib\jce.jar;C:\Program Files\Java\jdk1.8.0_201\jre\lib\jfr.jar;C:\Program Files\Java\jdk1.8.0_201\jre\lib\jfxswt.jar;C:\Program Files\Java\jdk1.8.0_201\jre\lib\jsse.jar;C:\Program Files\Java\jdk1.8.0_201\jre\lib\management-agent.jar;C:\Program Files\Java\jdk1.8.0_201\jre\lib\plugin.jar;C:\Program Files\Java\jdk1.8.0_201\jre\lib\resources.jar;C:\Program Files\Java\jdk1.8.0_201\jre\lib\rt.jar;C:\Users\lenovo\Desktop\Face-recognition-main\facesystem\face_corn\target\classes;C:\Users\lenovo\Desktop\Face-recognition-main\facesystem\common\target\classes;F:\subject\JavaWeb\maven-l\com\auth0\java-jwt\3.4.0\java-jwt-3.4.0.jar;F:\subject\JavaWeb\maven-l\commons-codec\commons-codec\1.15\commons-codec-1.15.jar;F:\subject\JavaWeb\maven-l\com\aliyun\oss\aliyun-sdk-oss\3.12.0\aliyun-sdk-oss-3.12.0.jar;F:\subject\JavaWeb\maven-l\org\apache\httpcomponents\httpclient\4.5.13\httpclient-4.5.13.jar;F:\subject\JavaWeb\maven-l\org\apache\httpcomponents\httpcore\4.4.14\httpcore-4.4.14.jar;F:\subject\JavaWeb\maven-l\org\jdom\jdom2\2.0.6\jdom2-2.0.6.ja
Launcher Type: SUN_STANDARD

Environment Variables:
JAVA_HOME=C:\Program Files\Java\jdk1.8.0_201
CLASSPATH=.;C:\Program Files\Java\jdk1.8.0_201\lib\dt.jar,C:\Program Files\Java\jdk1.8.0_201\lib\tools.jar;F:\subject\JavaWeb\apache-tomcat-8.5.45\lib\servlet-api.jar
PATH=C:\Program Files (x86)\Common Files\Oracle\Java\javapath;C:\WINDOWS\system32;C:\WINDOWS;C:\WINDOWS\System32\Wbem;C:\WINDOWS\System32\WindowsPowerShell\v1.0\;C:\WINDOWS\System32\OpenSSH\;F:\subject\JavaWeb\apache-tomcat-8.5.45\bin;F:\subject\JavaWeb\apache-tomcat-8.5.45\lib;C:\Program Files\NVIDIA Corporation\NVIDIA NvDLISR;F:\subject\JavaWeb\apache-maven-3.3.9\bin;F:\subject\JavaWeb\Gradle\gradle-6.9.1\bin;F:\subject\JavaWeb\nodejs;C:\Program Files\Java\jdk1.8.0_201\bin;C:\Program Files\MySQL\MySQL Server 8.0\bin;F:\subject\JavaWeb\env\MongoDB\bin;C:\Users\lenovo\AppData\Local\Microsoft\WindowsApps;F:\subject\PyCharm\PyCharm Community Edition 2020.3.3\bin;;F:\subject\JavaWeb\Microsoft VS Code\bin;F:\subject\JavaWeb\nodejs\node_global;
USERNAME=lenovo
OS=Windows_NT
PROCESSOR_IDENTIFIER=Intel64 Family 6 Model 158 Stepping 10, GenuineIntel



---------------  S Y S T E M  ---------------

OS: Windows 10.0 , 64 bit Build 19041 (10.0.19041.1348)

CPU:total 8 (initial active 8) (4 cores per cpu, 2 threads per core) family 6 model 158 stepping 10, cmov, cx8, fxsr, mmx, sse, sse2, sse3, ssse3, sse4.1, sse4.2, popcnt, avx, avx2, aes, clmul, erms, 3dnowpref, lzcnt, ht, tsc, tscinvbit, bmi1, bmi2, adx

Memory: 4k page, physical 8306932k(861276k free), swap 23511284k(4578788k free)

vm_info: Java HotSpot(TM) 64-Bit Server VM (25.201-b09) for windows-amd64 JRE (1.8.0_201-b09), built on Dec 15 2018 18:36:39 by "java_re" with MS VC++ 10.0 (VS2010)

time: Fri Nov 12 22:07:11 2021
timezone: 中国标准时间
elapsed time: 4215 seconds (0d 1h 10m 15s)

