#
# A fatal error has been detected by the Java Runtime Environment:
#
#  EXCEPTION_ACCESS_VIOLATION (0xc0000005) at pc=0x00007ff82b69e0e5, pid=20896, tid=0x00000000000031e8
#
# JRE version: Java(TM) SE Runtime Environment (8.0_201-b09) (build 1.8.0_201-b09)
# Java VM: Java HotSpot(TM) 64-Bit Server VM (25.201-b09 mixed mode windows-amd64 compressed oops)
# Problematic frame:
# C  [libarcsoft_face.dll+0xe0e5]
#
# Failed to write core dump. Minidumps are not enabled by default on client versions of Windows
#
# If you would like to submit a bug report, please visit:
#   http://bugreport.java.com/bugreport/crash.jsp
# The crash happened outside the Java Virtual Machine in native code.
# See problematic frame for where to report the bug.
#

---------------  T H R E A D  ---------------

Current thread (0x000000001e2f5000):  JavaThread "http-nio-8081-exec-8" daemon [_thread_in_native, id=12776, stack(0x0000000020630000,0x0000000020730000)]

siginfo: ExceptionCode=0xc0000005, writing address 0xfffffffe25240e60

Registers:
RAX=0x0000000000000021, RBX=0x0000000080002000, RCX=0x0000000000000007, RDX=0xffffffff80000000
RSP=0x000000002072c8d0, RBP=0x0000000080000000, RSI=0x0000000000000140, RDI=0x0000000080000000
R8 =0x00000000000000ff, R9 =0x0000000000000000, R10=0x0000000080001000, R11=0x0000000025240e60
R12=0x0000000000000040, R13=0x0000000000000040, R14=0x0000000000000000, R15=0x000000001e49b3f0
RIP=0x00007ff82b69e0e5, EFLAGS=0x0000000000010206

Top of Stack: (sp=0x000000002072c8d0)
0x000000002072c8d0:   0000000000000000 0000000000002000
0x000000002072c8e0:   0000000000000010 0000000000000040
0x000000002072c8f0:   0000000000000000 000000002524d780
0x000000002072c900:   000000002072ca10 00007ff82b69c5f2
0x000000002072c910:   0000000000000000 00007ff82b6a17a3
0x000000002072c920:   00000000252a86f0 00000000252a8660
0x000000002072c930:   0000000080000000 0000000000000007
0x000000002072c940:   0000000000000021 000000000000002d
0x000000002072c950:   0000000000000000 0000000000000000
0x000000002072c960:   0000000000000040 00000000000003c0
0x000000002072c970:   0000000000000000 0000000000000000
0x000000002072c980:   0000000000000040 000000002072caa8
0x000000002072c990:   0000000000000000 0000000000000040
0x000000002072c9a0:   0000000000000040 0000000025240e60
0x000000002072c9b0:   000000002092cd40 00007ff82b69bf04
0x000000002072c9c0:   0000000080000000 00007ff8000000f0 

Instructions: (pc=0x00007ff82b69e0e5)
0x00007ff82b69e0c5:   0f 4f c8 45 33 c9 85 c9 41 0f 48 c9 41 3b c0 41
0x00007ff82b69e0d5:   0f 4f c0 85 c0 41 0f 48 c1 66 0f 6e c1 0f 5b c0
0x00007ff82b69e0e5:   f3 41 0f 11 04 93 66 0f 6e c0 49 63 c2 0f 5b c0
0x00007ff82b69e0f5:   f3 41 0f 11 04 83 8b 44 24 78 eb 51 83 f9 01 75 


Register to memory mapping:

RAX=0x0000000000000021 is an unknown value
RBX=0x0000000080002000 is an unknown value
RCX=0x0000000000000007 is an unknown value
RDX=0xffffffff80000000 is an unknown value
RSP=0x000000002072c8d0 is pointing into the stack for thread: 0x000000001e2f5000
RBP=0x0000000080000000 is an unknown value
RSI=0x0000000000000140 is an unknown value
RDI=0x0000000080000000 is an unknown value
R8 =0x00000000000000ff is an unknown value
R9 =0x0000000000000000 is an unknown value
R10=0x0000000080001000 is an unknown value
R11=0x0000000025240e60 is an unknown value
R12=0x0000000000000040 is an unknown value
R13=0x0000000000000040 is an unknown value
R14=0x0000000000000000 is an unknown value
R15=0x000000001e49b3f0 is an unknown value


Stack: [0x0000000020630000,0x0000000020730000],  sp=0x000000002072c8d0,  free space=1010k
Native frames: (J=compiled Java code, j=interpreted, Vv=VM code, C=native code)
C  [libarcsoft_face.dll+0xe0e5]
C  [libarcsoft_face.dll+0xc5f2]
C  [libarcsoft_face.dll+0xbf04]
C  [libarcsoft_face.dll+0x9049]
C  [libarcsoft_face.dll+0x89bc]
C  [libarcsoft_face.dll+0x7d0a]
C  [libarcsoft_face.dll+0x3c88]
C  [libarcsoft_face_engine.dll+0x58ca]
C  [libarcsoft_face_engine_jni.dll+0x18f6]
C  0x0000000002d58c67

Java frames: (J=compiled Java code, j=interpreted, Vv=VM code)
j  com.arcsoft.face.FaceEngine.detectFaces(J[BIIII[Lcom/arcsoft/face/FaceInfo;)I+0
j  com.arcsoft.face.FaceEngine.detectFaces([BIILcom/arcsoft/face/enums/ImageFormat;Lcom/arcsoft/face/enums/DetectModel;Ljava/util/List;)I+107
j  com.arcsoft.face.FaceEngine.detectFaces([BIILcom/arcsoft/face/enums/ImageFormat;Ljava/util/List;)I+11
j  com.tangcheng.face_corn.service.impl.faceServiceImpl.facesearch(Ljava/io/InputStream;Ljava/util/List;)Ljava/lang/String;+45
j  com.tangcheng.face_corn.controller.faceController.facesearch(Ljava/lang/String;Ljava/util/List;)Lresult/Result;+22
v  ~StubRoutines::call_stub
J 2088  sun.reflect.NativeMethodAccessorImpl.invoke0(Ljava/lang/reflect/Method;Ljava/lang/Object;[Ljava/lang/Object;)Ljava/lang/Object; (0 bytes) @ 0x000000000318d13f [0x000000000318d0c0+0x7f]
J 2087 C1 sun.reflect.NativeMethodAccessorImpl.invoke(Ljava/lang/Object;[Ljava/lang/Object;)Ljava/lang/Object; (104 bytes) @ 0x000000000318de5c [0x000000000318dae0+0x37c]
J 1654 C1 sun.reflect.DelegatingMethodAccessorImpl.invoke(Ljava/lang/Object;[Ljava/lang/Object;)Ljava/lang/Object; (10 bytes) @ 0x00000000030bb1a4 [0x00000000030bb160+0x44]
J 1653 C1 java.lang.reflect.Method.invoke(Ljava/lang/Object;[Ljava/lang/Object;)Ljava/lang/Object; (62 bytes) @ 0x00000000030badd4 [0x00000000030bace0+0xf4]
j  org.springframework.web.method.support.InvocableHandlerMethod.doInvoke([Ljava/lang/Object;)Ljava/lang/Object;+32
j  org.springframework.web.method.support.InvocableHandlerMethod.invokeForRequest(Lorg/springframework/web/context/request/NativeWebRequest;Lorg/springframework/web/method/support/ModelAndViewContainer;[Ljava/lang/Object;)Ljava/lang/Object;+54
j  org.springframework.web.servlet.mvc.method.annotation.ServletInvocableHandlerMethod.invokeAndHandle(Lorg/springframework/web/context/request/ServletWebRequest;Lorg/springframework/web/method/support/ModelAndViewContainer;[Ljava/lang/Object;)V+4
j  org.springframework.web.servlet.mvc.method.annotation.RequestMappingHandlerAdapter.invokeHandlerMethod(Ljavax/servlet/http/HttpServletRequest;Ljavax/servlet/http/HttpServletResponse;Lorg/springframework/web/method/HandlerMethod;)Lorg/springframework/web/servlet/ModelAndView;+244
j  org.springframework.web.servlet.mvc.method.annotation.RequestMappingHandlerAdapter.handleInternal(Ljavax/servlet/http/HttpServletRequest;Ljavax/servlet/http/HttpServletResponse;Lorg/springframework/web/method/HandlerMethod;)Lorg/springframework/web/servlet/ModelAndView;+81
j  org.springframework.web.servlet.mvc.method.AbstractHandlerMethodAdapter.handle(Ljavax/servlet/http/HttpServletRequest;Ljavax/servlet/http/HttpServletResponse;Ljava/lang/Object;)Lorg/springframework/web/servlet/ModelAndView;+7
j  org.springframework.web.servlet.DispatcherServlet.doDispatch(Ljavax/servlet/http/HttpServletRequest;Ljavax/servlet/http/HttpServletResponse;)V+259
j  org.springframework.web.servlet.DispatcherServlet.doService(Ljavax/servlet/http/HttpServletRequest;Ljavax/servlet/http/HttpServletResponse;)V+241
j  org.springframework.web.servlet.FrameworkServlet.processRequest(Ljavax/servlet/http/HttpServletRequest;Ljavax/servlet/http/HttpServletResponse;)V+71
j  org.springframework.web.servlet.FrameworkServlet.doPost(Ljavax/servlet/http/HttpServletRequest;Ljavax/servlet/http/HttpServletResponse;)V+3
j  javax.servlet.http.HttpServlet.service(Ljavax/servlet/http/HttpServletRequest;Ljavax/servlet/http/HttpServletResponse;)V+149
j  org.springframework.web.servlet.FrameworkServlet.service(Ljavax/servlet/http/HttpServletRequest;Ljavax/servlet/http/HttpServletResponse;)V+33
j  javax.servlet.http.HttpServlet.service(Ljavax/servlet/ServletRequest;Ljavax/servlet/ServletResponse;)V+36
j  org.apache.catalina.core.ApplicationFilterChain.internalDoFilter(Ljavax/servlet/ServletRequest;Ljavax/servlet/ServletResponse;)V+304
j  org.apache.catalina.core.ApplicationFilterChain.doFilter(Ljavax/servlet/ServletRequest;Ljavax/servlet/ServletResponse;)V+99
j  org.apache.tomcat.websocket.server.WsFilter.doFilter(Ljavax/servlet/ServletRequest;Ljavax/servlet/ServletResponse;Ljavax/servlet/FilterChain;)V+21
j  org.apache.catalina.core.ApplicationFilterChain.internalDoFilter(Ljavax/servlet/ServletRequest;Ljavax/servlet/ServletResponse;)V+135
j  org.apache.catalina.core.ApplicationFilterChain.doFilter(Ljavax/servlet/ServletRequest;Ljavax/servlet/ServletResponse;)V+99
j  org.springframework.web.filter.RequestContextFilter.doFilterInternal(Ljavax/servlet/http/HttpServletRequest;Ljavax/servlet/http/HttpServletResponse;Ljavax/servlet/FilterChain;)V+21
j  org.springframework.web.filter.OncePerRequestFilter.doFilter(Ljavax/servlet/ServletRequest;Ljavax/servlet/ServletResponse;Ljavax/servlet/FilterChain;)V+147
j  org.apache.catalina.core.ApplicationFilterChain.internalDoFilter(Ljavax/servlet/ServletRequest;Ljavax/servlet/ServletResponse;)V+135
j  org.apache.catalina.core.ApplicationFilterChain.doFilter(Ljavax/servlet/ServletRequest;Ljavax/servlet/ServletResponse;)V+99
j  org.springframework.web.filter.FormContentFilter.doFilterInternal(Ljavax/servlet/http/HttpServletRequest;Ljavax/servlet/http/HttpServletResponse;Ljavax/servlet/FilterChain;)V+38
j  org.springframework.web.filter.OncePerRequestFilter.doFilter(Ljavax/servlet/ServletRequest;Ljavax/servlet/ServletResponse;Ljavax/servlet/FilterChain;)V+147
j  org.apache.catalina.core.ApplicationFilterChain.internalDoFilter(Ljavax/servlet/ServletRequest;Ljavax/servlet/ServletResponse;)V+135
j  org.apache.catalina.core.ApplicationFilterChain.doFilter(Ljavax/servlet/ServletRequest;Ljavax/servlet/ServletResponse;)V+99
j  org.springframework.web.filter.CharacterEncodingFilter.doFilterInternal(Ljavax/servlet/http/HttpServletRequest;Ljavax/servlet/http/HttpServletResponse;Ljavax/servlet/FilterChain;)V+53
j  org.springframework.web.filter.OncePerRequestFilter.doFilter(Ljavax/servlet/ServletRequest;Ljavax/servlet/ServletResponse;Ljavax/servlet/FilterChain;)V+147
j  org.apache.catalina.core.ApplicationFilterChain.internalDoFilter(Ljavax/servlet/ServletRequest;Ljavax/servlet/ServletResponse;)V+135
j  org.apache.catalina.core.ApplicationFilterChain.doFilter(Ljavax/servlet/ServletRequest;Ljavax/servlet/ServletResponse;)V+99
j  org.apache.catalina.core.StandardWrapperValve.invoke(Lorg/apache/catalina/connector/Request;Lorg/apache/catalina/connector/Response;)V+694
j  org.apache.catalina.core.StandardContextValve.invoke(Lorg/apache/catalina/connector/Request;Lorg/apache/catalina/connector/Response;)V+169
j  org.apache.catalina.authenticator.AuthenticatorBase.invoke(Lorg/apache/catalina/connector/Request;Lorg/apache/catalina/connector/Response;)V+260
j  org.apache.catalina.core.StandardHostValve.invoke(Lorg/apache/catalina/connector/Request;Lorg/apache/catalina/connector/Response;)V+128
j  org.apache.catalina.valves.ErrorReportValve.invoke(Lorg/apache/catalina/connector/Request;Lorg/apache/catalina/connector/Response;)V+6
j  org.apache.catalina.core.StandardEngineValve.invoke(Lorg/apache/catalina/connector/Request;Lorg/apache/catalina/connector/Response;)V+59
j  org.apache.catalina.connector.CoyoteAdapter.service(Lorg/apache/coyote/Request;Lorg/apache/coyote/Response;)V+199
j  org.apache.coyote.http11.Http11Processor.service(Lorg/apache/tomcat/util/net/SocketWrapperBase;)Lorg/apache/tomcat/util/net/AbstractEndpoint$Handler$SocketState;+737
j  org.apache.coyote.AbstractProcessorLight.process(Lorg/apache/tomcat/util/net/SocketWrapperBase;Lorg/apache/tomcat/util/net/SocketEvent;)Lorg/apache/tomcat/util/net/AbstractEndpoint$Handler$SocketState;+170
j  org.apache.coyote.AbstractProtocol$ConnectionHandler.process(Lorg/apache/tomcat/util/net/SocketWrapperBase;Lorg/apache/tomcat/util/net/SocketEvent;)Lorg/apache/tomcat/util/net/AbstractEndpoint$Handler$SocketState;+505
j  org.apache.tomcat.util.net.NioEndpoint$SocketProcessor.doRun()V+216
j  org.apache.tomcat.util.net.SocketProcessorBase.run()V+21
j  java.util.concurrent.ThreadPoolExecutor.runWorker(Ljava/util/concurrent/ThreadPoolExecutor$Worker;)V+95
j  java.util.concurrent.ThreadPoolExecutor$Worker.run()V+5
j  org.apache.tomcat.util.threads.TaskThread$WrappingRunnable.run()V+4
j  java.lang.Thread.run()V+11
v  ~StubRoutines::call_stub

---------------  P R O C E S S  ---------------

Java Threads: ( => current thread )
  0x000000001ded6000 JavaThread "DiscoveryClient-HeartbeatExecutor-0" daemon [_thread_blocked, id=3852, stack(0x0000000040510000,0x0000000040610000)]
  0x000000001e2f9800 JavaThread "DiscoveryClient-CacheRefreshExecutor-0" daemon [_thread_blocked, id=11780, stack(0x0000000040410000,0x0000000040510000)]
  0x000000001e2fd800 JavaThread "lettuce-eventExecutorLoop-1-8" daemon [_thread_blocked, id=18984, stack(0x0000000040310000,0x0000000040410000)]
  0x000000001e2fe000 JavaThread "lettuce-eventExecutorLoop-1-7" daemon [_thread_blocked, id=15596, stack(0x000000003fdc0000,0x000000003fec0000)]
  0x000000001e2fc800 JavaThread "lettuce-eventExecutorLoop-1-6" daemon [_thread_blocked, id=14536, stack(0x000000003fcc0000,0x000000003fdc0000)]
  0x000000001e2fc000 JavaThread "lettuce-eventExecutorLoop-1-5" daemon [_thread_blocked, id=9380, stack(0x000000003fbc0000,0x000000003fcc0000)]
  0x000000001e300800 JavaThread "lettuce-eventExecutorLoop-1-4" daemon [_thread_blocked, id=19360, stack(0x000000003fac0000,0x000000003fbc0000)]
  0x000000001e2f9000 JavaThread "lettuce-eventExecutorLoop-1-3" daemon [_thread_blocked, id=8532, stack(0x000000003f9c0000,0x000000003fac0000)]
  0x000000001e2ff000 JavaThread "Java2D Disposer" daemon [_thread_blocked, id=21152, stack(0x000000003f8c0000,0x000000003f9c0000)]
  0x000000001e2fa800 JavaThread "idle_connection_reaper" daemon [_thread_blocked, id=14428, stack(0x000000003f5c0000,0x000000003f6c0000)]
  0x000000001e2ff800 JavaThread "lettuce-eventExecutorLoop-1-2" daemon [_thread_blocked, id=21000, stack(0x000000003f4c0000,0x000000003f5c0000)]
  0x000000001e2fb000 JavaThread "lettuce-eventExecutorLoop-1-1" daemon [_thread_blocked, id=20352, stack(0x0000000022340000,0x0000000022440000)]
  0x000000001e2f3000 JavaThread "lettuce-nioEventLoop-4-1" daemon [_thread_in_native, id=17696, stack(0x0000000020f30000,0x0000000021030000)]
  0x000000001e2f1800 JavaThread "DestroyJavaVM" [_thread_blocked, id=7328, stack(0x0000000002a40000,0x0000000002b40000)]
  0x000000001e2f6800 JavaThread "http-nio-8081-Acceptor" daemon [_thread_in_native, id=2436, stack(0x0000000020a30000,0x0000000020b30000)]
  0x000000001e2f8000 JavaThread "http-nio-8081-ClientPoller" daemon [_thread_in_native, id=19636, stack(0x0000000020930000,0x0000000020a30000)]
  0x000000001e2f7800 JavaThread "http-nio-8081-exec-10" daemon [_thread_in_native, id=15008, stack(0x0000000020830000,0x0000000020930000)]
  0x000000001e2f4800 JavaThread "http-nio-8081-exec-9" daemon [_thread_in_native, id=17636, stack(0x0000000020730000,0x0000000020830000)]
=>0x000000001e2f5000 JavaThread "http-nio-8081-exec-8" daemon [_thread_in_native, id=12776, stack(0x0000000020630000,0x0000000020730000)]
  0x000000001e2f3800 JavaThread "http-nio-8081-exec-7" daemon [_thread_blocked, id=11404, stack(0x0000000020530000,0x0000000020630000)]
  0x000000001e2f2000 JavaThread "http-nio-8081-exec-6" daemon [_thread_blocked, id=21196, stack(0x0000000020430000,0x0000000020530000)]
  0x000000001e2f6000 JavaThread "http-nio-8081-exec-5" daemon [_thread_blocked, id=14140, stack(0x0000000020330000,0x0000000020430000)]
  0x0000000019caa000 JavaThread "http-nio-8081-exec-4" daemon [_thread_blocked, id=21296, stack(0x0000000020230000,0x0000000020330000)]
  0x0000000019ca9800 JavaThread "http-nio-8081-exec-3" daemon [_thread_blocked, id=428, stack(0x0000000020130000,0x0000000020230000)]
  0x0000000019cae000 JavaThread "http-nio-8081-exec-2" daemon [_thread_in_native, id=11004, stack(0x0000000020030000,0x0000000020130000)]
  0x0000000019ca8000 JavaThread "http-nio-8081-exec-1" daemon [_thread_in_native, id=14172, stack(0x000000001ff30000,0x0000000020030000)]
  0x0000000019cad000 JavaThread "http-nio-8081-BlockPoller" daemon [_thread_in_native, id=2512, stack(0x000000001fe30000,0x000000001ff30000)]
  0x0000000019cac800 JavaThread "DiscoveryClient-InstanceInfoReplicator-0" daemon [_thread_blocked, id=18476, stack(0x000000001fd30000,0x000000001fe30000)]
  0x0000000019cae800 JavaThread "DiscoveryClient-1" daemon [_thread_blocked, id=20964, stack(0x000000001fc30000,0x000000001fd30000)]
  0x0000000019cab000 JavaThread "DiscoveryClient-0" daemon [_thread_blocked, id=14128, stack(0x000000001fa30000,0x000000001fb30000)]
  0x0000000019cab800 JavaThread "AsyncResolver-bootstrap-0" daemon [_thread_blocked, id=14676, stack(0x000000001f530000,0x000000001f630000)]
  0x0000000019ca8800 JavaThread "spring.cloud.inetutils" daemon [_thread_blocked, id=9628, stack(0x000000001f230000,0x000000001f330000)]
  0x000000001dbb8000 JavaThread "lettuce-timer-3-1" daemon [_thread_blocked, id=14840, stack(0x000000001eb30000,0x000000001ec30000)]
  0x000000001c1fd800 JavaThread "container-0" [_thread_blocked, id=20748, stack(0x000000001d860000,0x000000001d960000)]
  0x000000001c1e7000 JavaThread "Catalina-utility-2" [_thread_blocked, id=20992, stack(0x000000001d760000,0x000000001d860000)]
  0x000000001c1e6000 JavaThread "Catalina-utility-1" [_thread_blocked, id=17164, stack(0x000000001c660000,0x000000001c760000)]
  0x000000001a6f9000 JavaThread "Service Thread" daemon [_thread_blocked, id=8812, stack(0x000000001afe0000,0x000000001b0e0000)]
  0x000000001a65e000 JavaThread "C1 CompilerThread3" daemon [_thread_blocked, id=4084, stack(0x000000001aee0000,0x000000001afe0000)]
  0x000000001a54b800 JavaThread "C2 CompilerThread2" daemon [_thread_blocked, id=12940, stack(0x000000001ade0000,0x000000001aee0000)]
  0x000000001a54b000 JavaThread "C2 CompilerThread1" daemon [_thread_blocked, id=19300, stack(0x000000001ace0000,0x000000001ade0000)]
  0x000000001a54a000 JavaThread "C2 CompilerThread0" daemon [_thread_blocked, id=9416, stack(0x000000001abe0000,0x000000001ace0000)]
  0x000000001a548800 JavaThread "Monitor Ctrl-Break" daemon [_thread_in_native, id=14904, stack(0x000000001aae0000,0x000000001abe0000)]
  0x0000000019b1f800 JavaThread "Attach Listener" daemon [_thread_blocked, id=1588, stack(0x000000001a1e0000,0x000000001a2e0000)]
  0x0000000019b7b000 JavaThread "Signal Dispatcher" daemon [_thread_blocked, id=17248, stack(0x000000001a0e0000,0x000000001a1e0000)]
  0x0000000017d13800 JavaThread "Finalizer" daemon [_thread_blocked, id=17600, stack(0x0000000019fe0000,0x000000001a0e0000)]
  0x0000000019b00800 JavaThread "Reference Handler" daemon [_thread_blocked, id=21292, stack(0x0000000019ee0000,0x0000000019fe0000)]

Other Threads:
  0x0000000017d06800 VMThread [stack: 0x00000000199e0000,0x0000000019ae0000] [id=14080]
  0x000000001a6fe800 WatcherThread [stack: 0x000000001b0e0000,0x000000001b1e0000] [id=20972]

VM state:not at safepoint (normal execution)

VM Mutex/Monitor currently owned by a thread: None

heap address: 0x0000000081200000, size: 2030 MB, Compressed Oops mode: 32-bit
Narrow klass base: 0x0000000000000000, Narrow klass shift: 3
Compressed class space size: 1073741824 Address: 0x0000000100000000

Heap:
 PSYoungGen      total 236032K, used 74618K [0x00000000d5b80000, 0x00000000e9600000, 0x0000000100000000)
  eden space 199680K, 33% used [0x00000000d5b80000,0x00000000d9d72d58,0x00000000e1e80000)
  from space 36352K, 19% used [0x00000000e1e80000,0x00000000e256bdb8,0x00000000e4200000)
  to   space 35328K, 0% used [0x00000000e7380000,0x00000000e7380000,0x00000000e9600000)
 ParOldGen       total 153600K, used 53944K [0x0000000081200000, 0x000000008a800000, 0x00000000d5b80000)
  object space 153600K, 35% used [0x0000000081200000,0x00000000846ae368,0x000000008a800000)
 Metaspace       used 54203K, capacity 57802K, committed 57984K, reserved 1099776K
  class space    used 7410K, capacity 8035K, committed 8064K, reserved 1048576K

Card table byte_map: [0x0000000012100000,0x0000000012500000] byte_map_base: 0x0000000011cf7000

Marking Bits: (ParMarkBitMap*) 0x00000000606e4ce0
 Begin Bits: [0x0000000012fb0000, 0x0000000014f68000)
 End Bits:   [0x0000000014f68000, 0x0000000016f20000)

Polling page: 0x0000000000730000

CodeCache: size=245760Kb used=9431Kb max_used=9438Kb free=236328Kb
 bounds [0x0000000002d40000, 0x0000000003680000, 0x0000000011d40000]
 total_blobs=5554 nmethods=4957 adapters=508
 compilation: enabled

Compilation events (10 events):
Event: 38.734 Thread 0x000000001a65e000 nmethod 5071 0x0000000003673b50 code [0x0000000003673ca0, 0x0000000003673db0]
Event: 38.734 Thread 0x000000001a65e000 5072       1       java.awt.image.ComponentSampleModel::getPixelStride (5 bytes)
Event: 38.734 Thread 0x000000001a65e000 nmethod 5072 0x0000000003673e10 code [0x0000000003673f60, 0x0000000003674070]
Event: 38.734 Thread 0x000000001a65e000 5073       1       java.awt.image.DataBuffer::getOffset (5 bytes)
Event: 38.734 Thread 0x000000001a65e000 nmethod 5073 0x00000000036740d0 code [0x0000000003674220, 0x0000000003674330]
Event: 38.795 Thread 0x000000001a65e000 5074   !   1       sun.nio.ch.SelectorImpl::processDeregisterQueue (101 bytes)
Event: 38.796 Thread 0x000000001a65e000 nmethod 5074 0x0000000003674390 code [0x0000000003674580, 0x0000000003674a98]
Event: 38.797 Thread 0x000000001a65e000 5075   !   1       org.apache.tomcat.util.http.parser.HttpParser::isAbsolutePathRelaxed (10 bytes)
Event: 38.798 Thread 0x000000001a65e000 nmethod 5075 0x0000000003674f50 code [0x00000000036750a0, 0x0000000003675210]
Event: 38.798 Thread 0x000000001a65e000 5076       1       org.apache.catalina.connector.Request::getMethod (11 bytes)

GC Heap History (10 events):
Event: 5.690 GC heap before
{Heap before GC invocations=12 (full 2):
 PSYoungGen      total 178176K, used 10224K [0x00000000d5b80000, 0x00000000e2800000, 0x0000000100000000)
  eden space 167936K, 0% used [0x00000000d5b80000,0x00000000d5b80000,0x00000000dff80000)
  from space 10240K, 99% used [0x00000000e0b00000,0x00000000e14fc050,0x00000000e1500000)
  to   space 11776K, 0% used [0x00000000dff80000,0x00000000dff80000,0x00000000e0b00000)
 ParOldGen       total 52736K, used 13797K [0x0000000081200000, 0x0000000084580000, 0x00000000d5b80000)
  object space 52736K, 26% used [0x0000000081200000,0x0000000081f796d8,0x0000000084580000)
 Metaspace       used 33233K, capacity 35364K, committed 35416K, reserved 1079296K
  class space    used 4570K, capacity 4964K, committed 4992K, reserved 1048576K
Event: 5.731 GC heap after
Heap after GC invocations=12 (full 2):
 PSYoungGen      total 178176K, used 0K [0x00000000d5b80000, 0x00000000e2800000, 0x0000000100000000)
  eden space 167936K, 0% used [0x00000000d5b80000,0x00000000d5b80000,0x00000000dff80000)
  from space 10240K, 0% used [0x00000000e0b00000,0x00000000e0b00000,0x00000000e1500000)
  to   space 11776K, 0% used [0x00000000dff80000,0x00000000dff80000,0x00000000e0b00000)
 ParOldGen       total 79872K, used 18186K [0x0000000081200000, 0x0000000086000000, 0x00000000d5b80000)
  object space 79872K, 22% used [0x0000000081200000,0x00000000823c29d8,0x0000000086000000)
 Metaspace       used 33233K, capacity 35364K, committed 35416K, reserved 1079296K
  class space    used 4570K, capacity 4964K, committed 4992K, reserved 1048576K
}
Event: 7.956 GC heap before
{Heap before GC invocations=13 (full 2):
 PSYoungGen      total 178176K, used 167936K [0x00000000d5b80000, 0x00000000e2800000, 0x0000000100000000)
  eden space 167936K, 100% used [0x00000000d5b80000,0x00000000dff80000,0x00000000dff80000)
  from space 10240K, 0% used [0x00000000e0b00000,0x00000000e0b00000,0x00000000e1500000)
  to   space 11776K, 0% used [0x00000000dff80000,0x00000000dff80000,0x00000000e0b00000)
 ParOldGen       total 79872K, used 18186K [0x0000000081200000, 0x0000000086000000, 0x00000000d5b80000)
  object space 79872K, 22% used [0x0000000081200000,0x00000000823c29d8,0x0000000086000000)
 Metaspace       used 43168K, capacity 45986K, committed 46208K, reserved 1089536K
  class space    used 5951K, capacity 6471K, committed 6528K, reserved 1048576K
Event: 7.968 GC heap after
Heap after GC invocations=13 (full 2):
 PSYoungGen      total 179712K, used 11756K [0x00000000d5b80000, 0x00000000e5000000, 0x0000000100000000)
  eden space 167936K, 0% used [0x00000000d5b80000,0x00000000d5b80000,0x00000000dff80000)
  from space 11776K, 99% used [0x00000000dff80000,0x00000000e0afb068,0x00000000e0b00000)
  to   space 14336K, 0% used [0x00000000e4200000,0x00000000e4200000,0x00000000e5000000)
 ParOldGen       total 79872K, used 21888K [0x0000000081200000, 0x0000000086000000, 0x00000000d5b80000)
  object space 79872K, 27% used [0x0000000081200000,0x0000000082760238,0x0000000086000000)
 Metaspace       used 43168K, capacity 45986K, committed 46208K, reserved 1089536K
  class space    used 5951K, capacity 6471K, committed 6528K, reserved 1048576K
}
Event: 17.378 GC heap before
{Heap before GC invocations=14 (full 2):
 PSYoungGen      total 179712K, used 179692K [0x00000000d5b80000, 0x00000000e5000000, 0x0000000100000000)
  eden space 167936K, 100% used [0x00000000d5b80000,0x00000000dff80000,0x00000000dff80000)
  from space 11776K, 99% used [0x00000000dff80000,0x00000000e0afb068,0x00000000e0b00000)
  to   space 14336K, 0% used [0x00000000e4200000,0x00000000e4200000,0x00000000e5000000)
 ParOldGen       total 79872K, used 21888K [0x0000000081200000, 0x0000000086000000, 0x00000000d5b80000)
  object space 79872K, 27% used [0x0000000081200000,0x0000000082760238,0x0000000086000000)
 Metaspace       used 54029K, capacity 57690K, committed 57984K, reserved 1099776K
  class space    used 7369K, capacity 8023K, committed 8064K, reserved 1048576K
Event: 17.409 GC heap after
Heap after GC invocations=14 (full 2):
 PSYoungGen      total 214016K, used 14333K [0x00000000d5b80000, 0x00000000e7580000, 0x0000000100000000)
  eden space 199680K, 0% used [0x00000000d5b80000,0x00000000d5b80000,0x00000000e1e80000)
  from space 14336K, 99% used [0x00000000e4200000,0x00000000e4fff5c0,0x00000000e5000000)
  to   space 36352K, 0% used [0x00000000e1e80000,0x00000000e1e80000,0x00000000e4200000)
 ParOldGen       total 79872K, used 76979K [0x0000000081200000, 0x0000000086000000, 0x00000000d5b80000)
  object space 79872K, 96% used [0x0000000081200000,0x0000000085d2cf00,0x0000000086000000)
 Metaspace       used 54029K, capacity 57690K, committed 57984K, reserved 1099776K
  class space    used 7369K, capacity 8023K, committed 8064K, reserved 1048576K
}
Event: 17.409 GC heap before
{Heap before GC invocations=15 (full 3):
 PSYoungGen      total 214016K, used 14333K [0x00000000d5b80000, 0x00000000e7580000, 0x0000000100000000)
  eden space 199680K, 0% used [0x00000000d5b80000,0x00000000d5b80000,0x00000000e1e80000)
  from space 14336K, 99% used [0x00000000e4200000,0x00000000e4fff5c0,0x00000000e5000000)
  to   space 36352K, 0% used [0x00000000e1e80000,0x00000000e1e80000,0x00000000e4200000)
 ParOldGen       total 79872K, used 76979K [0x0000000081200000, 0x0000000086000000, 0x00000000d5b80000)
  object space 79872K, 96% used [0x0000000081200000,0x0000000085d2cf00,0x0000000086000000)
 Metaspace       used 54029K, capacity 57690K, committed 57984K, reserved 1099776K
  class space    used 7369K, capacity 8023K, committed 8064K, reserved 1048576K
Event: 17.530 GC heap after
Heap after GC invocations=15 (full 3):
 PSYoungGen      total 214016K, used 0K [0x00000000d5b80000, 0x00000000e7580000, 0x0000000100000000)
  eden space 199680K, 0% used [0x00000000d5b80000,0x00000000d5b80000,0x00000000e1e80000)
  from space 14336K, 0% used [0x00000000e4200000,0x00000000e4200000,0x00000000e5000000)
  to   space 36352K, 0% used [0x00000000e1e80000,0x00000000e1e80000,0x00000000e4200000)
 ParOldGen       total 153600K, used 53936K [0x0000000081200000, 0x000000008a800000, 0x00000000d5b80000)
  object space 153600K, 35% used [0x0000000081200000,0x00000000846ac368,0x000000008a800000)
 Metaspace       used 54029K, capacity 57690K, committed 57984K, reserved 1099776K
  class space    used 7369K, capacity 8023K, committed 8064K, reserved 1048576K
}
Event: 38.162 GC heap before
{Heap before GC invocations=16 (full 3):
 PSYoungGen      total 214016K, used 199680K [0x00000000d5b80000, 0x00000000e7580000, 0x0000000100000000)
  eden space 199680K, 100% used [0x00000000d5b80000,0x00000000e1e80000,0x00000000e1e80000)
  from space 14336K, 0% used [0x00000000e4200000,0x00000000e4200000,0x00000000e5000000)
  to   space 36352K, 0% used [0x00000000e1e80000,0x00000000e1e80000,0x00000000e4200000)
 ParOldGen       total 153600K, used 53936K [0x0000000081200000, 0x000000008a800000, 0x00000000d5b80000)
  object space 153600K, 35% used [0x0000000081200000,0x00000000846ac368,0x000000008a800000)
 Metaspace       used 54179K, capacity 57794K, committed 57984K, reserved 1099776K
  class space    used 7405K, capacity 8033K, committed 8064K, reserved 1048576K
Event: 38.165 GC heap after
Heap after GC invocations=16 (full 3):
 PSYoungGen      total 236032K, used 7087K [0x00000000d5b80000, 0x00000000e9600000, 0x0000000100000000)
  eden space 199680K, 0% used [0x00000000d5b80000,0x00000000d5b80000,0x00000000e1e80000)
  from space 36352K, 19% used [0x00000000e1e80000,0x00000000e256bdb8,0x00000000e4200000)
  to   space 35328K, 0% used [0x00000000e7380000,0x00000000e7380000,0x00000000e9600000)
 ParOldGen       total 153600K, used 53944K [0x0000000081200000, 0x000000008a800000, 0x00000000d5b80000)
  object space 153600K, 35% used [0x0000000081200000,0x00000000846ae368,0x000000008a800000)
 Metaspace       used 54179K, capacity 57794K, committed 57984K, reserved 1099776K
  class space    used 7405K, capacity 8033K, committed 8064K, reserved 1048576K
}

Deoptimization events (0 events):
No events

Classes redefined (0 events):
No events

Internal exceptions (10 events):
Event: 34.640 Thread 0x000000001e2f5000 Exception <a 'java/lang/ArrayIndexOutOfBoundsException'> (0x00000000e096dd58) thrown at [C:\re\workspace\8-2-build-windows-amd64-cygwin\jdk8u201\12322\hotspot\src\share\vm\runtime\sharedRuntime.cpp, line 605]
Event: 34.640 Thread 0x000000001e2f5000 Exception <a 'java/lang/ArrayIndexOutOfBoundsException'> (0x00000000e096fad0) thrown at [C:\re\workspace\8-2-build-windows-amd64-cygwin\jdk8u201\12322\hotspot\src\share\vm\runtime\sharedRuntime.cpp, line 605]
Event: 34.640 Thread 0x000000001e2f5000 Exception <a 'java/lang/ArrayIndexOutOfBoundsException'> (0x00000000e0970f18) thrown at [C:\re\workspace\8-2-build-windows-amd64-cygwin\jdk8u201\12322\hotspot\src\share\vm\runtime\sharedRuntime.cpp, line 605]
Event: 34.641 Thread 0x000000001e2f5000 Exception <a 'java/lang/ArrayIndexOutOfBoundsException'> (0x00000000e0976cc8) thrown at [C:\re\workspace\8-2-build-windows-amd64-cygwin\jdk8u201\12322\hotspot\src\share\vm\runtime\sharedRuntime.cpp, line 605]
Event: 38.177 Thread 0x000000001e2f9800 Exception <a 'java/net/SocketTimeoutException': Read timed out> (0x00000000d5c04b20) thrown at [C:\re\workspace\8-2-build-windows-amd64-cygwin\jdk8u201\12322\hotspot\src\share\vm\prims\jni.cpp, line 735]
Event: 38.182 Thread 0x000000001ded6000 Exception <a 'java/lang/ArrayIndexOutOfBoundsException'> (0x00000000d5ca73b8) thrown at [C:\re\workspace\8-2-build-windows-amd64-cygwin\jdk8u201\12322\hotspot\src\share\vm\runtime\sharedRuntime.cpp, line 605]
Event: 38.190 Thread 0x000000001ded6000 Exception <a 'java/lang/ArrayIndexOutOfBoundsException'> (0x00000000d642c3a0) thrown at [C:\re\workspace\8-2-build-windows-amd64-cygwin\jdk8u201\12322\hotspot\src\share\vm\runtime\sharedRuntime.cpp, line 605]
Event: 38.207 Thread 0x000000001ded6000 Exception <a 'java/net/SocketTimeoutException': Read timed out> (0x00000000d645a140) thrown at [C:\re\workspace\8-2-build-windows-amd64-cygwin\jdk8u201\12322\hotspot\src\share\vm\prims\jni.cpp, line 735]
Event: 38.640 Thread 0x0000000019ca8000 Exception <a 'java/io/IOException'> (0x00000000d6ffa890) thrown at [C:\re\workspace\8-2-build-windows-amd64-cygwin\jdk8u201\12322\hotspot\src\share\vm\prims\jni.cpp, line 709]
Event: 38.647 Thread 0x0000000019ca9800 Exception <a 'java/io/IOException'> (0x00000000d8429e48) thrown at [C:\re\workspace\8-2-build-windows-amd64-cygwin\jdk8u201\12322\hotspot\src\share\vm\prims\jni.cpp, line 709]

Events (10 events):
Event: 38.650 Executing VM operation: RevokeBias
Event: 38.650 Executing VM operation: RevokeBias done
Event: 38.652 Executing VM operation: RevokeBias
Event: 38.652 Executing VM operation: RevokeBias done
Event: 38.660 Executing VM operation: RevokeBias
Event: 38.661 Executing VM operation: RevokeBias done
Event: 38.685 Executing VM operation: RevokeBias
Event: 38.685 Executing VM operation: RevokeBias done
Event: 38.691 Executing VM operation: RevokeBias
Event: 38.691 Executing VM operation: RevokeBias done


Dynamic libraries:
0x00007ff713090000 - 0x00007ff7130c7000 	C:\Program Files\Java\jdk1.8.0_201\bin\java.exe
0x00007ff887a10000 - 0x00007ff887c05000 	C:\WINDOWS\SYSTEM32\ntdll.dll
0x00007ff8864c0000 - 0x00007ff88657e000 	C:\WINDOWS\System32\KERNEL32.DLL
0x00007ff885450000 - 0x00007ff885719000 	C:\WINDOWS\System32\KERNELBASE.dll
0x00007ff886580000 - 0x00007ff88662c000 	C:\WINDOWS\System32\ADVAPI32.dll
0x00007ff885ea0000 - 0x00007ff885f3e000 	C:\WINDOWS\System32\msvcrt.dll
0x00007ff885d10000 - 0x00007ff885dab000 	C:\WINDOWS\System32\sechost.dll
0x00007ff8871f0000 - 0x00007ff88731a000 	C:\WINDOWS\System32\RPCRT4.dll
0x00007ff8876c0000 - 0x00007ff887861000 	C:\WINDOWS\System32\USER32.dll
0x00007ff885130000 - 0x00007ff885152000 	C:\WINDOWS\System32\win32u.dll
0x00007ff885a60000 - 0x00007ff885a8b000 	C:\WINDOWS\System32\GDI32.dll
0x00007ff885850000 - 0x00007ff88595b000 	C:\WINDOWS\System32\gdi32full.dll
0x00007ff8857b0000 - 0x00007ff88584d000 	C:\WINDOWS\System32\msvcp_win.dll
0x00007ff885960000 - 0x00007ff885a60000 	C:\WINDOWS\System32\ucrtbase.dll
0x00007ff876790000 - 0x00007ff876a2a000 	C:\WINDOWS\WinSxS\amd64_microsoft.windows.common-controls_6595b64144ccf1df_6.0.19041.1110_none_60b5254171f9507e\COMCTL32.dll
0x00007ff8879a0000 - 0x00007ff8879d0000 	C:\WINDOWS\System32\IMM32.DLL
0x0000000061560000 - 0x0000000061631000 	C:\Program Files\Java\jdk1.8.0_201\jre\bin\msvcr100.dll
0x000000005fec0000 - 0x0000000060764000 	C:\Program Files\Java\jdk1.8.0_201\jre\bin\server\jvm.dll
0x00007ff8864b0000 - 0x00007ff8864b8000 	C:\WINDOWS\System32\PSAPI.DLL
0x00007ff879f90000 - 0x00007ff879fb7000 	C:\WINDOWS\SYSTEM32\WINMM.dll
0x00007ff87ff20000 - 0x00007ff87ff29000 	C:\WINDOWS\SYSTEM32\WSOCK32.dll
0x00007ff886440000 - 0x00007ff8864ab000 	C:\WINDOWS\System32\WS2_32.dll
0x00007ff87c200000 - 0x00007ff87c20a000 	C:\WINDOWS\SYSTEM32\VERSION.dll
0x00007ff87e8a0000 - 0x00007ff87e8af000 	C:\Program Files\Java\jdk1.8.0_201\jre\bin\verify.dll
0x00007ff865350000 - 0x00007ff865379000 	C:\Program Files\Java\jdk1.8.0_201\jre\bin\java.dll
0x00007ff864180000 - 0x00007ff8641a3000 	C:\Program Files\Java\jdk1.8.0_201\jre\bin\instrument.dll
0x00007ff86c2c0000 - 0x00007ff86c2d6000 	C:\Program Files\Java\jdk1.8.0_201\jre\bin\zip.dll
0x00007ff886630000 - 0x00007ff886d6f000 	C:\WINDOWS\System32\SHELL32.dll
0x00007ff882e70000 - 0x00007ff883600000 	C:\WINDOWS\SYSTEM32\windows.storage.dll
0x00007ff885f40000 - 0x00007ff886295000 	C:\WINDOWS\System32\combase.dll
0x00007ff884b80000 - 0x00007ff884bac000 	C:\WINDOWS\SYSTEM32\Wldp.dll
0x00007ff886330000 - 0x00007ff8863dd000 	C:\WINDOWS\System32\SHCORE.dll
0x00007ff8862c0000 - 0x00007ff886315000 	C:\WINDOWS\System32\shlwapi.dll
0x00007ff885070000 - 0x00007ff88508f000 	C:\WINDOWS\SYSTEM32\profapi.dll
0x00007ff863f50000 - 0x00007ff863f6a000 	F:\subject\IDEA 2018_sssam.com\IntelliJ IDEA 2018.2.4\bin\breakgen64.dll
0x00007ff864910000 - 0x00007ff86492a000 	C:\Program Files\Java\jdk1.8.0_201\jre\bin\net.dll
0x00007ff8731d0000 - 0x00007ff8733bb000 	C:\WINDOWS\SYSTEM32\urlmon.dll
0x00007ff8845c0000 - 0x00007ff8845cc000 	C:\WINDOWS\SYSTEM32\netutils.dll
0x00007ff873750000 - 0x00007ff873a00000 	C:\WINDOWS\SYSTEM32\iertutil.dll
0x00007ff8731a0000 - 0x00007ff8731c8000 	C:\WINDOWS\SYSTEM32\srvcli.dll
0x00007ff8848e0000 - 0x00007ff88494a000 	C:\WINDOWS\system32\mswsock.dll
0x00007ff884580000 - 0x00007ff8845bb000 	C:\WINDOWS\SYSTEM32\IPHLPAPI.DLL
0x00007ff885e90000 - 0x00007ff885e98000 	C:\WINDOWS\System32\NSI.dll
0x00007ff87a5b0000 - 0x00007ff87a5c7000 	C:\WINDOWS\SYSTEM32\dhcpcsvc6.DLL
0x00007ff87aee0000 - 0x00007ff87aefd000 	C:\WINDOWS\SYSTEM32\dhcpcsvc.DLL
0x00007ff8845d0000 - 0x00007ff88469c000 	C:\WINDOWS\SYSTEM32\DNSAPI.dll
0x00007ff87c210000 - 0x00007ff87c21a000 	C:\Windows\System32\rasadhlp.dll
0x00007ff873d50000 - 0x00007ff873dcf000 	C:\WINDOWS\System32\fwpuclnt.dll
0x00007ff885210000 - 0x00007ff885237000 	C:\WINDOWS\System32\bcrypt.dll
0x00007ff87e770000 - 0x00007ff87e77d000 	C:\Program Files\Java\jdk1.8.0_201\jre\bin\management.dll
0x00007ff867c90000 - 0x00007ff867ca7000 	C:\WINDOWS\system32\napinsp.dll
0x00007ff867c70000 - 0x00007ff867c8b000 	C:\WINDOWS\system32\pnrpnsp.dll
0x00007ff87f450000 - 0x00007ff87f465000 	C:\WINDOWS\system32\wshbth.dll
0x00007ff87fe80000 - 0x00007ff87fe9d000 	C:\WINDOWS\system32\NLAapi.dll
0x00007ff867bd0000 - 0x00007ff867be2000 	C:\WINDOWS\System32\winrnr.dll
0x00007ff8648f0000 - 0x00007ff864901000 	C:\Program Files\Java\jdk1.8.0_201\jre\bin\nio.dll
0x00007ff884ad0000 - 0x00007ff884ae8000 	C:\WINDOWS\SYSTEM32\CRYPTSP.dll
0x00007ff8841f0000 - 0x00007ff884224000 	C:\WINDOWS\system32\rsaenh.dll
0x00007ff885030000 - 0x00007ff88505e000 	C:\WINDOWS\SYSTEM32\USERENV.dll
0x00007ff885720000 - 0x00007ff8857a3000 	C:\WINDOWS\System32\bcryptprimitives.dll
0x00007ff884af0000 - 0x00007ff884afc000 	C:\WINDOWS\SYSTEM32\CRYPTBASE.dll
0x00007ff859940000 - 0x00007ff859964000 	C:\Program Files\Java\jdk1.8.0_201\jre\bin\sunec.dll
0x00007ff82b690000 - 0x00007ff82e4cd000 	C:\Users\lenovo\Desktop\人脸识别\Face-recognition-main\ArcSoft_ArcFace_Java_Windows_x64_V3.0\libs\WIN64\libarcsoft_face.dll
0x00007ff86b240000 - 0x00007ff86b2e6000 	C:\WINDOWS\SYSTEM32\MSVCP120.dll
0x00007ff86b150000 - 0x00007ff86b23f000 	C:\WINDOWS\SYSTEM32\MSVCR120.dll
0x00007ff83f030000 - 0x00007ff83f0af000 	C:\Users\lenovo\Desktop\人脸识别\Face-recognition-main\ArcSoft_ArcFace_Java_Windows_x64_V3.0\libs\WIN64\libarcsoft_face_engine.dll
0x00007ff8863e0000 - 0x00007ff886436000 	C:\WINDOWS\System32\WLDAP32.dll
0x00007ff852f00000 - 0x00007ff852f25000 	C:\Users\lenovo\Desktop\人脸识别\Face-recognition-main\ArcSoft_ArcFace_Java_Windows_x64_V3.0\libs\WIN64\libarcsoft_face_engine_jni.dll
0x00007ff8349d0000 - 0x00007ff834b69000 	C:\Program Files\Java\jdk1.8.0_201\jre\bin\awt.dll
0x00007ff887320000 - 0x00007ff8873ed000 	C:\WINDOWS\System32\OLEAUT32.dll
0x00007ff881790000 - 0x00007ff881820000 	C:\WINDOWS\SYSTEM32\apphelp.dll
0x00007ff8412c0000 - 0x00007ff8412f1000 	C:\Program Files\Java\jdk1.8.0_201\jre\bin\jpeg.dll
0x00007ff840e40000 - 0x00007ff840e7e000 	C:\Program Files\Java\jdk1.8.0_201\jre\bin\lcms.dll
0x00007ff8836d0000 - 0x00007ff8838b4000 	C:\WINDOWS\SYSTEM32\dbghelp.dll

VM Arguments:
jvm_args: -XX:CompileCommand=exclude,org/hibernate/cfg/annotations/SimpleValueBinder.setType -XX:TieredStopAtLevel=1 -Xverify:none -Dspring.output.ansi.enabled=always -javaagent:F:\subject\IDEA 2018_sssam.com\IntelliJ IDEA 2018.2.4\lib\idea_rt.jar=64670:F:\subject\IDEA 2018_sssam.com\IntelliJ IDEA 2018.2.4\bin -Dfile.encoding=UTF-8 
java_command: com.tangcheng.face_corn.FaceCornApplication
java_class_path (initial): C:\Program Files\Java\jdk1.8.0_201\jre\lib\charsets.jar;C:\Program Files\Java\jdk1.8.0_201\jre\lib\deploy.jar;C:\Program Files\Java\jdk1.8.0_201\jre\lib\ext\access-bridge-64.jar;C:\Program Files\Java\jdk1.8.0_201\jre\lib\ext\cldrdata.jar;C:\Program Files\Java\jdk1.8.0_201\jre\lib\ext\dnsns.jar;C:\Program Files\Java\jdk1.8.0_201\jre\lib\ext\jaccess.jar;C:\Program Files\Java\jdk1.8.0_201\jre\lib\ext\jfxrt.jar;C:\Program Files\Java\jdk1.8.0_201\jre\lib\ext\localedata.jar;C:\Program Files\Java\jdk1.8.0_201\jre\lib\ext\nashorn.jar;C:\Program Files\Java\jdk1.8.0_201\jre\lib\ext\sunec.jar;C:\Program Files\Java\jdk1.8.0_201\jre\lib\ext\sunjce_provider.jar;C:\Program Files\Java\jdk1.8.0_201\jre\lib\ext\sunmscapi.jar;C:\Program Files\Java\jdk1.8.0_201\jre\lib\ext\sunpkcs11.jar;C:\Program Files\Java\jdk1.8.0_201\jre\lib\ext\zipfs.jar;C:\Program Files\Java\jdk1.8.0_201\jre\lib\javaws.jar;C:\Program Files\Java\jdk1.8.0_201\jre\lib\jce.jar;C:\Program Files\Java\jdk1.8.0_201\jre\lib\jfr.jar;C:\Program Files\Java\jdk1.8.0_201\jre\lib\jfxswt.jar;C:\Program Files\Java\jdk1.8.0_201\jre\lib\jsse.jar;C:\Program Files\Java\jdk1.8.0_201\jre\lib\management-agent.jar;C:\Program Files\Java\jdk1.8.0_201\jre\lib\plugin.jar;C:\Program Files\Java\jdk1.8.0_201\jre\lib\resources.jar;C:\Program Files\Java\jdk1.8.0_201\jre\lib\rt.jar;C:\Users\lenovo\Desktop\人脸识别\Face-recognition-main\facesystem\face_corn\target\classes;C:\Users\lenovo\Desktop\人脸识别\Face-recognition-main\facesystem\common\target\classes;F:\subject\JavaWeb\maven-l\com\auth0\java-jwt\3.4.0\java-jwt-3.4.0.jar;F:\subject\JavaWeb\maven-l\commons-codec\commons-codec\1.15\commons-codec-1.15.jar;F:\subject\JavaWeb\maven-l\com\aliyun\oss\aliyun-sdk-oss\3.12.0\aliyun-sdk-oss-3.12.0.jar;F:\subject\JavaWeb\maven-l\org\apache\httpcomponents\httpclient\4.5.13\httpclient-4.5.13.jar;F:\subject\JavaWeb\maven-l\org\apache\httpcomponents\httpcore\4.4.14\httpcore-4.4.14.jar;F:\subject\JavaWeb\maven-l\org\jdom\jdom2\2.
Launcher Type: SUN_STANDARD

Environment Variables:
JAVA_HOME=C:\Program Files\Java\jdk1.8.0_201
CLASSPATH=.;C:\Program Files\Java\jdk1.8.0_201\lib\dt.jar,C:\Program Files\Java\jdk1.8.0_201\lib\tools.jar;F:\subject\JavaWeb\apache-tomcat-8.5.45\lib\servlet-api.jar
PATH=C:\Program Files (x86)\Common Files\Oracle\Java\javapath;C:\WINDOWS\system32;C:\WINDOWS;C:\WINDOWS\System32\Wbem;C:\WINDOWS\System32\WindowsPowerShell\v1.0\;C:\WINDOWS\System32\OpenSSH\;F:\subject\JavaWeb\apache-tomcat-8.5.45\bin;F:\subject\JavaWeb\apache-tomcat-8.5.45\lib;C:\Program Files\NVIDIA Corporation\NVIDIA NvDLISR;F:\subject\JavaWeb\apache-maven-3.3.9\bin;F:\subject\JavaWeb\Gradle\gradle-6.9.1\bin;F:\subject\JavaWeb\nodejs;C:\Program Files\Java\jdk1.8.0_201\bin;C:\Program Files\MySQL\MySQL Server 8.0\bin;F:\subject\JavaWeb\env\MongoDB\bin;C:\Users\lenovo\AppData\Local\Microsoft\WindowsApps;F:\subject\PyCharm\PyCharm Community Edition 2020.3.3\bin;;F:\subject\JavaWeb\Microsoft VS Code\bin;F:\subject\JavaWeb\nodejs\node_global;
USERNAME=lenovo
OS=Windows_NT
PROCESSOR_IDENTIFIER=Intel64 Family 6 Model 158 Stepping 10, GenuineIntel



---------------  S Y S T E M  ---------------

OS: Windows 10.0 , 64 bit Build 19041 (10.0.19041.1202)

CPU:total 8 (initial active 8) (4 cores per cpu, 2 threads per core) family 6 model 158 stepping 10, cmov, cx8, fxsr, mmx, sse, sse2, sse3, ssse3, sse4.1, sse4.2, popcnt, avx, avx2, aes, clmul, erms, 3dnowpref, lzcnt, ht, tsc, tscinvbit, bmi1, bmi2, adx

Memory: 4k page, physical 8306932k(498604k free), swap 18792692k(3070624k free)

vm_info: Java HotSpot(TM) 64-Bit Server VM (25.201-b09) for windows-amd64 JRE (1.8.0_201-b09), built on Dec 15 2018 18:36:39 by "java_re" with MS VC++ 10.0 (VS2010)

time: Sun Oct 31 20:25:41 2021
timezone: 中国标准时间
elapsed time: 38 seconds (0d 0h 0m 38s)

