#
# A fatal error has been detected by the Java Runtime Environment:
#
#  EXCEPTION_ACCESS_VIOLATION (0xc0000005) at pc=0x00007ffbba01e169, pid=16916, tid=0x0000000000003c4c
#
# JRE version: Java(TM) SE Runtime Environment (8.0_201-b09) (build 1.8.0_201-b09)
# Java VM: Java HotSpot(TM) 64-Bit Server VM (25.201-b09 mixed mode windows-amd64 compressed oops)
# Problematic frame:
# C  [libarcsoft_face.dll+0xe169]
#
# Failed to write core dump. Minidumps are not enabled by default on client versions of Windows
#
# If you would like to submit a bug report, please visit:
#   http://bugreport.java.com/bugreport/crash.jsp
# The crash happened outside the Java Virtual Machine in native code.
# See problematic frame for where to report the bug.
#

---------------  T H R E A D  ---------------

Current thread (0x000000001e284000):  JavaThread "http-nio-8081-exec-1" daemon [_thread_in_native, id=15436, stack(0x0000000020650000,0x0000000020750000)]

siginfo: ExceptionCode=0xc0000005, writing address 0x000000002678d000

Registers:
RAX=0x0000000000282868, RBX=0x0000000000282868, RCX=0x0000000000000028, RDX=0x0000000000280868
RSP=0x000000002074c5b0, RBP=0x000000008000a021, RSI=0x0000000000000140, RDI=0x0000000000000028
R8 =0x00000000000000ff, R9 =0x0000000000000000, R10=0x0000000000281868, R11=0x0000000025d82e60
R12=0x0000000000000040, R13=0x0000000000000040, R14=0x0000000000000000, R15=0x000000001e7b7560
RIP=0x00007ffbba01e169, EFLAGS=0x0000000000010206

Top of Stack: (sp=0x000000002074c5b0)
0x000000002074c5b0:   0000000000000000 0000000000002000
0x000000002074c5c0:   0000000000000010 0000000000000040
0x000000002074c5d0:   0000000000000000 0000000025d8f780
0x000000002074c5e0:   000000002074c6f0 00007ffbba01c5f2
0x000000002074c5f0:   0000000000000000 00007ffbba0217a3
0x000000002074c600:   0000000025dea6f0 0000000025dea660
0x000000002074c610:   000000008000a021 0000000000000028
0x000000002074c620:   0000000000000027 000000000000002b
0x000000002074c630:   0000000000000000 0000000000000000
0x000000002074c640:   0000000000000040 00000000000003c0
0x000000002074c650:   0000000000000000 0000000000000000
0x000000002074c660:   0000000000000040 000000002074c788
0x000000002074c670:   0000000000000000 0000000000000040
0x000000002074c680:   0000000000000040 0000000025d82e60
0x000000002074c690:   000000002074ca30 00007ffbba01bf04
0x000000002074c6a0:   0000000000000000 00007ffb000000f0 

Instructions: (pc=0x00007ffbba01e169)
0x00007ffbba01e149:   41 0f 11 04 83 8b 44 24 68 41 3b c0 41 0f 4f c0
0x00007ffbba01e159:   85 c0 41 0f 48 c1 66 0f 6e c0 48 63 c3 0f 5b c0
0x00007ffbba01e169:   f3 41 0f 11 04 83 48 83 c4 30 5b c3 cc cc cc cc
0x00007ffbba01e179:   cc cc cc cc cc cc cc 48 8b c4 48 89 58 18 55 56 


Register to memory mapping:

RAX=0x0000000000282868 is an unknown value
RBX=0x0000000000282868 is an unknown value
RCX=0x0000000000000028 is an unknown value
RDX=0x0000000000280868 is an unknown value
RSP=0x000000002074c5b0 is pointing into the stack for thread: 0x000000001e284000
RBP=0x000000008000a021 is an unknown value
RSI=0x0000000000000140 is an unknown value
RDI=0x0000000000000028 is an unknown value
R8 =0x00000000000000ff is an unknown value
R9 =0x0000000000000000 is an unknown value
R10=0x0000000000281868 is an unknown value
R11=0x0000000025d82e60 is an unknown value
R12=0x0000000000000040 is an unknown value
R13=0x0000000000000040 is an unknown value
R14=0x0000000000000000 is an unknown value
R15=0x000000001e7b7560 is an unknown value


Stack: [0x0000000020650000,0x0000000020750000],  sp=0x000000002074c5b0,  free space=1009k
Native frames: (J=compiled Java code, j=interpreted, Vv=VM code, C=native code)
C  [libarcsoft_face.dll+0xe169]
C  [libarcsoft_face.dll+0xc5f2]
C  [libarcsoft_face.dll+0xbf04]
C  [libarcsoft_face.dll+0x9049]
C  [libarcsoft_face.dll+0x89bc]
C  [libarcsoft_face.dll+0x7d0a]
C  [libarcsoft_face.dll+0x3c88]
C  [libarcsoft_face_engine.dll+0x58ca]
C  [libarcsoft_face_engine_jni.dll+0x18f6]
C  0x0000000002c28c67

Java frames: (J=compiled Java code, j=interpreted, Vv=VM code)
j  com.arcsoft.face.FaceEngine.detectFaces(J[BIIII[Lcom/arcsoft/face/FaceInfo;)I+0
j  com.arcsoft.face.FaceEngine.detectFaces([BIILcom/arcsoft/face/enums/ImageFormat;Lcom/arcsoft/face/enums/DetectModel;Ljava/util/List;)I+107
j  com.arcsoft.face.FaceEngine.detectFaces([BIILcom/arcsoft/face/enums/ImageFormat;Ljava/util/List;)I+11
j  com.tangcheng.face_corn.service.impl.faceServiceImpl.facesearch(Ljava/io/InputStream;Ljava/util/List;)Ljava/lang/String;+45
j  com.tangcheng.face_corn.controller.faceController.facesearch(Ljava/lang/String;Ljava/util/List;)Lresult/Result;+22
v  ~StubRoutines::call_stub
J 1822  sun.reflect.NativeMethodAccessorImpl.invoke0(Ljava/lang/reflect/Method;Ljava/lang/Object;[Ljava/lang/Object;)Ljava/lang/Object; (0 bytes) @ 0x0000000002fcb0bf [0x0000000002fcb040+0x7f]
J 1821 C1 sun.reflect.NativeMethodAccessorImpl.invoke(Ljava/lang/Object;[Ljava/lang/Object;)Ljava/lang/Object; (104 bytes) @ 0x0000000002fcbb1c [0x0000000002fcb7a0+0x37c]
J 2048 C1 sun.reflect.DelegatingMethodAccessorImpl.invoke(Ljava/lang/Object;[Ljava/lang/Object;)Ljava/lang/Object; (10 bytes) @ 0x000000000303b824 [0x000000000303b7e0+0x44]
J 1812 C1 java.lang.reflect.Method.invoke(Ljava/lang/Object;[Ljava/lang/Object;)Ljava/lang/Object; (62 bytes) @ 0x0000000002fc7f14 [0x0000000002fc7e20+0xf4]
j  org.springframework.web.method.support.InvocableHandlerMethod.doInvoke([Ljava/lang/Object;)Ljava/lang/Object;+32
j  org.springframework.web.method.support.InvocableHandlerMethod.invokeForRequest(Lorg/springframework/web/context/request/NativeWebRequest;Lorg/springframework/web/method/support/ModelAndViewContainer;[Ljava/lang/Object;)Ljava/lang/Object;+54
j  org.springframework.web.servlet.mvc.method.annotation.ServletInvocableHandlerMethod.invokeAndHandle(Lorg/springframework/web/context/request/ServletWebRequest;Lorg/springframework/web/method/support/ModelAndViewContainer;[Ljava/lang/Object;)V+4
j  org.springframework.web.servlet.mvc.method.annotation.RequestMappingHandlerAdapter.invokeHandlerMethod(Ljavax/servlet/http/HttpServletRequest;Ljavax/servlet/http/HttpServletResponse;Lorg/springframework/web/method/HandlerMethod;)Lorg/springframework/web/servlet/ModelAndView;+244
j  org.springframework.web.servlet.mvc.method.annotation.RequestMappingHandlerAdapter.handleInternal(Ljavax/servlet/http/HttpServletRequest;Ljavax/servlet/http/HttpServletResponse;Lorg/springframework/web/method/HandlerMethod;)Lorg/springframework/web/servlet/ModelAndView;+81
j  org.springframework.web.servlet.mvc.method.AbstractHandlerMethodAdapter.handle(Ljavax/servlet/http/HttpServletRequest;Ljavax/servlet/http/HttpServletResponse;Ljava/lang/Object;)Lorg/springframework/web/servlet/ModelAndView;+7
j  org.springframework.web.servlet.DispatcherServlet.doDispatch(Ljavax/servlet/http/HttpServletRequest;Ljavax/servlet/http/HttpServletResponse;)V+259
j  org.springframework.web.servlet.DispatcherServlet.doService(Ljavax/servlet/http/HttpServletRequest;Ljavax/servlet/http/HttpServletResponse;)V+241
j  org.springframework.web.servlet.FrameworkServlet.processRequest(Ljavax/servlet/http/HttpServletRequest;Ljavax/servlet/http/HttpServletResponse;)V+71
j  org.springframework.web.servlet.FrameworkServlet.doPost(Ljavax/servlet/http/HttpServletRequest;Ljavax/servlet/http/HttpServletResponse;)V+3
j  javax.servlet.http.HttpServlet.service(Ljavax/servlet/http/HttpServletRequest;Ljavax/servlet/http/HttpServletResponse;)V+149
j  org.springframework.web.servlet.FrameworkServlet.service(Ljavax/servlet/http/HttpServletRequest;Ljavax/servlet/http/HttpServletResponse;)V+33
j  javax.servlet.http.HttpServlet.service(Ljavax/servlet/ServletRequest;Ljavax/servlet/ServletResponse;)V+36
j  org.apache.catalina.core.ApplicationFilterChain.internalDoFilter(Ljavax/servlet/ServletRequest;Ljavax/servlet/ServletResponse;)V+304
j  org.apache.catalina.core.ApplicationFilterChain.doFilter(Ljavax/servlet/ServletRequest;Ljavax/servlet/ServletResponse;)V+99
j  org.apache.tomcat.websocket.server.WsFilter.doFilter(Ljavax/servlet/ServletRequest;Ljavax/servlet/ServletResponse;Ljavax/servlet/FilterChain;)V+21
j  org.apache.catalina.core.ApplicationFilterChain.internalDoFilter(Ljavax/servlet/ServletRequest;Ljavax/servlet/ServletResponse;)V+135
j  org.apache.catalina.core.ApplicationFilterChain.doFilter(Ljavax/servlet/ServletRequest;Ljavax/servlet/ServletResponse;)V+99
j  org.springframework.web.filter.RequestContextFilter.doFilterInternal(Ljavax/servlet/http/HttpServletRequest;Ljavax/servlet/http/HttpServletResponse;Ljavax/servlet/FilterChain;)V+21
j  org.springframework.web.filter.OncePerRequestFilter.doFilter(Ljavax/servlet/ServletRequest;Ljavax/servlet/ServletResponse;Ljavax/servlet/FilterChain;)V+147
j  org.apache.catalina.core.ApplicationFilterChain.internalDoFilter(Ljavax/servlet/ServletRequest;Ljavax/servlet/ServletResponse;)V+135
j  org.apache.catalina.core.ApplicationFilterChain.doFilter(Ljavax/servlet/ServletRequest;Ljavax/servlet/ServletResponse;)V+99
j  org.springframework.web.filter.FormContentFilter.doFilterInternal(Ljavax/servlet/http/HttpServletRequest;Ljavax/servlet/http/HttpServletResponse;Ljavax/servlet/FilterChain;)V+38
j  org.springframework.web.filter.OncePerRequestFilter.doFilter(Ljavax/servlet/ServletRequest;Ljavax/servlet/ServletResponse;Ljavax/servlet/FilterChain;)V+147
j  org.apache.catalina.core.ApplicationFilterChain.internalDoFilter(Ljavax/servlet/ServletRequest;Ljavax/servlet/ServletResponse;)V+135
j  org.apache.catalina.core.ApplicationFilterChain.doFilter(Ljavax/servlet/ServletRequest;Ljavax/servlet/ServletResponse;)V+99
j  org.springframework.web.filter.CharacterEncodingFilter.doFilterInternal(Ljavax/servlet/http/HttpServletRequest;Ljavax/servlet/http/HttpServletResponse;Ljavax/servlet/FilterChain;)V+53
j  org.springframework.web.filter.OncePerRequestFilter.doFilter(Ljavax/servlet/ServletRequest;Ljavax/servlet/ServletResponse;Ljavax/servlet/FilterChain;)V+147
j  org.apache.catalina.core.ApplicationFilterChain.internalDoFilter(Ljavax/servlet/ServletRequest;Ljavax/servlet/ServletResponse;)V+135
j  org.apache.catalina.core.ApplicationFilterChain.doFilter(Ljavax/servlet/ServletRequest;Ljavax/servlet/ServletResponse;)V+99
j  org.apache.catalina.core.StandardWrapperValve.invoke(Lorg/apache/catalina/connector/Request;Lorg/apache/catalina/connector/Response;)V+694
j  org.apache.catalina.core.StandardContextValve.invoke(Lorg/apache/catalina/connector/Request;Lorg/apache/catalina/connector/Response;)V+169
j  org.apache.catalina.authenticator.AuthenticatorBase.invoke(Lorg/apache/catalina/connector/Request;Lorg/apache/catalina/connector/Response;)V+260
j  org.apache.catalina.core.StandardHostValve.invoke(Lorg/apache/catalina/connector/Request;Lorg/apache/catalina/connector/Response;)V+128
j  org.apache.catalina.valves.ErrorReportValve.invoke(Lorg/apache/catalina/connector/Request;Lorg/apache/catalina/connector/Response;)V+6
j  org.apache.catalina.core.StandardEngineValve.invoke(Lorg/apache/catalina/connector/Request;Lorg/apache/catalina/connector/Response;)V+59
j  org.apache.catalina.connector.CoyoteAdapter.service(Lorg/apache/coyote/Request;Lorg/apache/coyote/Response;)V+199
j  org.apache.coyote.http11.Http11Processor.service(Lorg/apache/tomcat/util/net/SocketWrapperBase;)Lorg/apache/tomcat/util/net/AbstractEndpoint$Handler$SocketState;+737
j  org.apache.coyote.AbstractProcessorLight.process(Lorg/apache/tomcat/util/net/SocketWrapperBase;Lorg/apache/tomcat/util/net/SocketEvent;)Lorg/apache/tomcat/util/net/AbstractEndpoint$Handler$SocketState;+170
j  org.apache.coyote.AbstractProtocol$ConnectionHandler.process(Lorg/apache/tomcat/util/net/SocketWrapperBase;Lorg/apache/tomcat/util/net/SocketEvent;)Lorg/apache/tomcat/util/net/AbstractEndpoint$Handler$SocketState;+505
j  org.apache.tomcat.util.net.NioEndpoint$SocketProcessor.doRun()V+216
j  org.apache.tomcat.util.net.SocketProcessorBase.run()V+21
j  java.util.concurrent.ThreadPoolExecutor.runWorker(Ljava/util/concurrent/ThreadPoolExecutor$Worker;)V+95
j  java.util.concurrent.ThreadPoolExecutor$Worker.run()V+5
j  org.apache.tomcat.util.threads.TaskThread$WrappingRunnable.run()V+4
j  java.lang.Thread.run()V+11
v  ~StubRoutines::call_stub

---------------  P R O C E S S  ---------------

Java Threads: ( => current thread )
  0x000000001e207800 JavaThread "lettuce-eventExecutorLoop-1-7" daemon [_thread_blocked, id=16644, stack(0x0000000040900000,0x0000000040a00000)]
  0x000000001e1ff800 JavaThread "lettuce-eventExecutorLoop-1-6" daemon [_thread_blocked, id=1508, stack(0x0000000040800000,0x0000000040900000)]
  0x000000001e202800 JavaThread "lettuce-eventExecutorLoop-1-5" daemon [_thread_blocked, id=3196, stack(0x0000000040700000,0x0000000040800000)]
  0x000000001e201000 JavaThread "lettuce-eventExecutorLoop-1-4" daemon [_thread_blocked, id=17172, stack(0x0000000040600000,0x0000000040700000)]
  0x000000001e204000 JavaThread "lettuce-eventExecutorLoop-1-3" daemon [_thread_blocked, id=8160, stack(0x0000000040500000,0x0000000040600000)]
  0x000000001e200000 JavaThread "Java2D Disposer" daemon [_thread_blocked, id=10488, stack(0x0000000040400000,0x0000000040500000)]
  0x000000001e203000 JavaThread "idle_connection_reaper" daemon [_thread_blocked, id=16784, stack(0x0000000040300000,0x0000000040400000)]
  0x000000001e28b000 JavaThread "lettuce-eventExecutorLoop-1-2" daemon [_thread_blocked, id=12576, stack(0x0000000040000000,0x0000000040100000)]
  0x000000001e289800 JavaThread "lettuce-eventExecutorLoop-1-1" daemon [_thread_blocked, id=6796, stack(0x0000000022f60000,0x0000000023060000)]
  0x000000001e288000 JavaThread "lettuce-nioEventLoop-4-1" daemon [_thread_in_native, id=8620, stack(0x0000000021d50000,0x0000000021e50000)]
  0x000000001e286800 JavaThread "DiscoveryClient-HeartbeatExecutor-0" daemon [_thread_blocked, id=15888, stack(0x0000000021750000,0x0000000021850000)]
  0x000000001e28b800 JavaThread "DiscoveryClient-CacheRefreshExecutor-0" daemon [_thread_blocked, id=17240, stack(0x0000000021650000,0x0000000021750000)]
  0x000000001e28c800 JavaThread "DestroyJavaVM" [_thread_blocked, id=14708, stack(0x0000000002810000,0x0000000002910000)]
  0x000000001e288800 JavaThread "http-nio-8081-Acceptor" daemon [_thread_in_native, id=320, stack(0x0000000021150000,0x0000000021250000)]
  0x000000001e27f000 JavaThread "http-nio-8081-ClientPoller" daemon [_thread_in_native, id=15960, stack(0x0000000021050000,0x0000000021150000)]
  0x000000001e285800 JavaThread "http-nio-8081-exec-10" daemon [_thread_in_native, id=16212, stack(0x0000000020f50000,0x0000000021050000)]
  0x000000001e285000 JavaThread "http-nio-8081-exec-9" daemon [_thread_blocked, id=4368, stack(0x0000000020e50000,0x0000000020f50000)]
  0x000000001e283800 JavaThread "http-nio-8081-exec-8" daemon [_thread_in_native, id=15500, stack(0x0000000020d50000,0x0000000020e50000)]
  0x000000001e282800 JavaThread "http-nio-8081-exec-7" daemon [_thread_blocked, id=12600, stack(0x0000000020c50000,0x0000000020d50000)]
  0x000000001e27e000 JavaThread "http-nio-8081-exec-6" daemon [_thread_blocked, id=16308, stack(0x0000000020b50000,0x0000000020c50000)]
  0x000000001e282000 JavaThread "http-nio-8081-exec-5" daemon [_thread_blocked, id=5224, stack(0x0000000020a50000,0x0000000020b50000)]
  0x000000001e27d800 JavaThread "http-nio-8081-exec-4" daemon [_thread_in_native, id=13732, stack(0x0000000020950000,0x0000000020a50000)]
  0x000000001e280800 JavaThread "http-nio-8081-exec-3" daemon [_thread_blocked, id=2676, stack(0x0000000020850000,0x0000000020950000)]
  0x000000001e27f800 JavaThread "http-nio-8081-exec-2" daemon [_thread_in_native, id=15792, stack(0x0000000020750000,0x0000000020850000)]
=>0x000000001e284000 JavaThread "http-nio-8081-exec-1" daemon [_thread_in_native, id=15436, stack(0x0000000020650000,0x0000000020750000)]
  0x000000001e281000 JavaThread "http-nio-8081-BlockPoller" daemon [_thread_in_native, id=12216, stack(0x0000000020350000,0x0000000020450000)]
  0x000000001c63f800 JavaThread "DiscoveryClient-InstanceInfoReplicator-0" daemon [_thread_blocked, id=16716, stack(0x0000000020250000,0x0000000020350000)]
  0x000000001c63e000 JavaThread "DiscoveryClient-1" daemon [_thread_blocked, id=6936, stack(0x0000000020150000,0x0000000020250000)]
  0x000000001c63d800 JavaThread "DiscoveryClient-0" daemon [_thread_blocked, id=15368, stack(0x0000000020050000,0x0000000020150000)]
  0x000000001c63c800 JavaThread "AsyncResolver-bootstrap-0" daemon [_thread_blocked, id=12220, stack(0x000000001fb50000,0x000000001fc50000)]
  0x000000001c63f000 JavaThread "spring.cloud.inetutils" daemon [_thread_blocked, id=10324, stack(0x000000001fa50000,0x000000001fb50000)]
  0x000000001c640800 JavaThread "lettuce-timer-3-1" daemon [_thread_blocked, id=12792, stack(0x000000001f350000,0x000000001f450000)]
  0x000000001c63c000 JavaThread "container-0" [_thread_blocked, id=16072, stack(0x000000001f050000,0x000000001f150000)]
  0x000000001c641000 JavaThread "Catalina-utility-2" [_thread_blocked, id=15316, stack(0x000000001ef50000,0x000000001f050000)]
  0x000000001c63a800 JavaThread "Catalina-utility-1" [_thread_blocked, id=17124, stack(0x000000001c980000,0x000000001ca80000)]
  0x000000001b813800 JavaThread "RMI Scheduler(0)" daemon [_thread_blocked, id=16588, stack(0x000000001c780000,0x000000001c880000)]
  0x000000001a882800 JavaThread "RMI TCP Accept-0" daemon [_thread_in_native, id=15828, stack(0x000000001b200000,0x000000001b300000)]
  0x000000001a81d000 JavaThread "RMI TCP Accept-64590" daemon [_thread_in_native, id=15952, stack(0x000000001b100000,0x000000001b200000)]
  0x000000001a812000 JavaThread "RMI TCP Accept-0" daemon [_thread_in_native, id=13800, stack(0x000000001b000000,0x000000001b100000)]
  0x000000001a5b8800 JavaThread "Service Thread" daemon [_thread_blocked, id=14836, stack(0x000000001aee0000,0x000000001afe0000)]
  0x000000001a54f000 JavaThread "C1 CompilerThread3" daemon [_thread_blocked, id=17140, stack(0x000000001ade0000,0x000000001aee0000)]
  0x000000001a49f800 JavaThread "C2 CompilerThread2" daemon [_thread_blocked, id=10644, stack(0x000000001ace0000,0x000000001ade0000)]
  0x000000001a49e800 JavaThread "C2 CompilerThread1" daemon [_thread_blocked, id=15608, stack(0x000000001abe0000,0x000000001ace0000)]
  0x000000001a49c000 JavaThread "C2 CompilerThread0" daemon [_thread_blocked, id=5176, stack(0x000000001aae0000,0x000000001abe0000)]
  0x000000001a548800 JavaThread "Monitor Ctrl-Break" daemon [_thread_in_native, id=12864, stack(0x000000001a9e0000,0x000000001aae0000)]
  0x0000000019a0f000 JavaThread "Attach Listener" daemon [_thread_blocked, id=12196, stack(0x000000001a0d0000,0x000000001a1d0000)]
  0x0000000019a6b000 JavaThread "Signal Dispatcher" daemon [_thread_blocked, id=16500, stack(0x0000000019fd0000,0x000000001a0d0000)]
  0x0000000017be4000 JavaThread "Finalizer" daemon [_thread_blocked, id=16768, stack(0x0000000019ed0000,0x0000000019fd0000)]
  0x00000000199f0800 JavaThread "Reference Handler" daemon [_thread_blocked, id=14544, stack(0x0000000019dd0000,0x0000000019ed0000)]

Other Threads:
  0x0000000017bd6800 VMThread [stack: 0x00000000198d0000,0x00000000199d0000] [id=14648]
  0x000000001a829000 WatcherThread [stack: 0x000000001b300000,0x000000001b400000] [id=16932]

VM state:not at safepoint (normal execution)

VM Mutex/Monitor currently owned by a thread: None

heap address: 0x0000000081200000, size: 2030 MB, Compressed Oops mode: 32-bit
Narrow klass base: 0x0000000000000000, Narrow klass shift: 3
Compressed class space size: 1073741824 Address: 0x0000000100000000

Heap:
 PSYoungGen      total 240128K, used 32105K [0x00000000d5b80000, 0x00000000e9580000, 0x0000000100000000)
  eden space 221696K, 8% used [0x00000000d5b80000,0x00000000d6d56cd0,0x00000000e3400000)
  from space 18432K, 75% used [0x00000000e3400000,0x00000000e41839e0,0x00000000e4600000)
  to   space 18944K, 0% used [0x00000000e8300000,0x00000000e8300000,0x00000000e9580000)
 ParOldGen       total 115200K, used 46798K [0x0000000081200000, 0x0000000088280000, 0x00000000d5b80000)
  object space 115200K, 40% used [0x0000000081200000,0x0000000083fb3820,0x0000000088280000)
 Metaspace       used 55502K, capacity 59212K, committed 59480K, reserved 1099776K
  class space    used 7591K, capacity 8239K, committed 8320K, reserved 1048576K

Card table byte_map: [0x0000000011fd0000,0x00000000123d0000] byte_map_base: 0x0000000011bc7000

Marking Bits: (ParMarkBitMap*) 0x0000000060af4ce0
 Begin Bits: [0x0000000012e80000, 0x0000000014e38000)
 End Bits:   [0x0000000014e38000, 0x0000000016df0000)

Polling page: 0x0000000000ba0000

CodeCache: size=245760Kb used=9622Kb max_used=9622Kb free=236137Kb
 bounds [0x0000000002c10000, 0x0000000003580000, 0x0000000011c10000]
 total_blobs=5620 nmethods=5021 adapters=511
 compilation: enabled

Compilation events (10 events):
Event: 109.259 Thread 0x000000001a54f000 5138       1       org.springframework.core.annotation.SynthesizedMergedAnnotationInvocationHandler::invoke (107 bytes)
Event: 109.260 Thread 0x000000001a54f000 nmethod 5138 0x0000000003096610 code [0x0000000003096880, 0x0000000003097268]
Event: 109.261 Thread 0x000000001a54f000 5139   !   1       sun.misc.CharacterDecoder::decodeBuffer (149 bytes)
Event: 109.261 Thread 0x000000001a54f000 nmethod 5139 0x0000000002fb9a50 code [0x0000000002fb9c60, 0x0000000002fba098]
Event: 109.262 Thread 0x000000001a54f000 5140       1       java.lang.Math::abs (13 bytes)
Event: 109.262 Thread 0x000000001a54f000 nmethod 5140 0x0000000003028750 code [0x00000000030288a0, 0x00000000030289b0]
Event: 109.264 Thread 0x000000001a54f000 5141       1       java.awt.image.ComponentSampleModel::getNumDataElements (5 bytes)
Event: 109.265 Thread 0x000000001a54f000 nmethod 5141 0x0000000003096350 code [0x00000000030964a0, 0x00000000030965b0]
Event: 109.275 Thread 0x000000001a54f000 5142       1       java.awt.image.Raster::getNumDataElements (8 bytes)
Event: 109.275 Thread 0x000000001a54f000 nmethod 5142 0x0000000003095f90 code [0x00000000030960e0, 0x0000000003096228]

GC Heap History (10 events):
Event: 4.329 GC heap before
{Heap before GC invocations=12 (full 2):
 PSYoungGen      total 184832K, used 7608K [0x00000000d5b80000, 0x00000000e1b00000, 0x0000000100000000)
  eden space 174080K, 0% used [0x00000000d5b80000,0x00000000d5b80000,0x00000000e0580000)
  from space 10752K, 70% used [0x00000000e1000000,0x00000000e176e390,0x00000000e1a80000)
  to   space 10752K, 0% used [0x00000000e0580000,0x00000000e0580000,0x00000000e1000000)
 ParOldGen       total 49664K, used 14508K [0x0000000081200000, 0x0000000084280000, 0x00000000d5b80000)
  object space 49664K, 29% used [0x0000000081200000,0x000000008202b2b0,0x0000000084280000)
 Metaspace       used 33237K, capacity 35332K, committed 35416K, reserved 1079296K
  class space    used 4581K, capacity 4958K, committed 4992K, reserved 1048576K
Event: 4.371 GC heap after
Heap after GC invocations=12 (full 2):
 PSYoungGen      total 184832K, used 0K [0x00000000d5b80000, 0x00000000e1b00000, 0x0000000100000000)
  eden space 174080K, 0% used [0x00000000d5b80000,0x00000000d5b80000,0x00000000e0580000)
  from space 10752K, 0% used [0x00000000e1000000,0x00000000e1000000,0x00000000e1a80000)
  to   space 10752K, 0% used [0x00000000e0580000,0x00000000e0580000,0x00000000e1000000)
 ParOldGen       total 77312K, used 16031K [0x0000000081200000, 0x0000000085d80000, 0x00000000d5b80000)
  object space 77312K, 20% used [0x0000000081200000,0x00000000821a7cc0,0x0000000085d80000)
 Metaspace       used 33237K, capacity 35332K, committed 35416K, reserved 1079296K
  class space    used 4581K, capacity 4958K, committed 4992K, reserved 1048576K
}
Event: 6.704 GC heap before
{Heap before GC invocations=13 (full 2):
 PSYoungGen      total 184832K, used 174080K [0x00000000d5b80000, 0x00000000e1b00000, 0x0000000100000000)
  eden space 174080K, 100% used [0x00000000d5b80000,0x00000000e0580000,0x00000000e0580000)
  from space 10752K, 0% used [0x00000000e1000000,0x00000000e1000000,0x00000000e1a80000)
  to   space 10752K, 0% used [0x00000000e0580000,0x00000000e0580000,0x00000000e1000000)
 ParOldGen       total 77312K, used 16031K [0x0000000081200000, 0x0000000085d80000, 0x00000000d5b80000)
  object space 77312K, 20% used [0x0000000081200000,0x00000000821a7cc0,0x0000000085d80000)
 Metaspace       used 43463K, capacity 46338K, committed 46552K, reserved 1089536K
  class space    used 5987K, capacity 6532K, committed 6656K, reserved 1048576K
Event: 6.725 GC heap after
Heap after GC invocations=13 (full 2):
 PSYoungGen      total 184832K, used 10749K [0x00000000d5b80000, 0x00000000e5500000, 0x0000000100000000)
  eden space 174080K, 0% used [0x00000000d5b80000,0x00000000d5b80000,0x00000000e0580000)
  from space 10752K, 99% used [0x00000000e0580000,0x00000000e0fff788,0x00000000e1000000)
  to   space 13312K, 0% used [0x00000000e4800000,0x00000000e4800000,0x00000000e5500000)
 ParOldGen       total 77312K, used 20958K [0x0000000081200000, 0x0000000085d80000, 0x00000000d5b80000)
  object space 77312K, 27% used [0x0000000081200000,0x0000000082677bb8,0x0000000085d80000)
 Metaspace       used 43463K, capacity 46338K, committed 46552K, reserved 1089536K
  class space    used 5987K, capacity 6532K, committed 6656K, reserved 1048576K
}
Event: 46.390 GC heap before
{Heap before GC invocations=14 (full 2):
 PSYoungGen      total 184832K, used 170566K [0x00000000d5b80000, 0x00000000e5500000, 0x0000000100000000)
  eden space 174080K, 91% used [0x00000000d5b80000,0x00000000df792178,0x00000000e0580000)
  from space 10752K, 99% used [0x00000000e0580000,0x00000000e0fff788,0x00000000e1000000)
  to   space 13312K, 0% used [0x00000000e4800000,0x00000000e4800000,0x00000000e5500000)
 ParOldGen       total 77312K, used 20958K [0x0000000081200000, 0x0000000085d80000, 0x00000000d5b80000)
  object space 77312K, 27% used [0x0000000081200000,0x0000000082677bb8,0x0000000085d80000)
 Metaspace       used 55091K, capacity 58760K, committed 58968K, reserved 1099776K
  class space    used 7535K, capacity 8199K, committed 8320K, reserved 1048576K
Event: 46.407 GC heap after
Heap after GC invocations=14 (full 2):
 PSYoungGen      total 235008K, used 13308K [0x00000000d5b80000, 0x00000000e5800000, 0x0000000100000000)
  eden space 221696K, 0% used [0x00000000d5b80000,0x00000000d5b80000,0x00000000e3400000)
  from space 13312K, 99% used [0x00000000e4800000,0x00000000e54ff080,0x00000000e5500000)
  to   space 18432K, 0% used [0x00000000e3400000,0x00000000e3400000,0x00000000e4600000)
 ParOldGen       total 77312K, used 30745K [0x0000000081200000, 0x0000000085d80000, 0x00000000d5b80000)
  object space 77312K, 39% used [0x0000000081200000,0x0000000083006598,0x0000000085d80000)
 Metaspace       used 55091K, capacity 58760K, committed 58968K, reserved 1099776K
  class space    used 7535K, capacity 8199K, committed 8320K, reserved 1048576K
}
Event: 46.407 GC heap before
{Heap before GC invocations=15 (full 3):
 PSYoungGen      total 235008K, used 13308K [0x00000000d5b80000, 0x00000000e5800000, 0x0000000100000000)
  eden space 221696K, 0% used [0x00000000d5b80000,0x00000000d5b80000,0x00000000e3400000)
  from space 13312K, 99% used [0x00000000e4800000,0x00000000e54ff080,0x00000000e5500000)
  to   space 18432K, 0% used [0x00000000e3400000,0x00000000e3400000,0x00000000e4600000)
 ParOldGen       total 77312K, used 30745K [0x0000000081200000, 0x0000000085d80000, 0x00000000d5b80000)
  object space 77312K, 39% used [0x0000000081200000,0x0000000083006598,0x0000000085d80000)
 Metaspace       used 55091K, capacity 58760K, committed 58968K, reserved 1099776K
  class space    used 7535K, capacity 8199K, committed 8320K, reserved 1048576K
Event: 46.522 GC heap after
Heap after GC invocations=15 (full 3):
 PSYoungGen      total 235008K, used 0K [0x00000000d5b80000, 0x00000000e5800000, 0x0000000100000000)
  eden space 221696K, 0% used [0x00000000d5b80000,0x00000000d5b80000,0x00000000e3400000)
  from space 13312K, 0% used [0x00000000e4800000,0x00000000e4800000,0x00000000e5500000)
  to   space 18432K, 0% used [0x00000000e3400000,0x00000000e3400000,0x00000000e4600000)
 ParOldGen       total 115200K, used 34004K [0x0000000081200000, 0x0000000088280000, 0x00000000d5b80000)
  object space 115200K, 29% used [0x0000000081200000,0x00000000833353f0,0x0000000088280000)
 Metaspace       used 55091K, capacity 58760K, committed 58968K, reserved 1099776K
  class space    used 7535K, capacity 8199K, committed 8320K, reserved 1048576K
}
Event: 109.187 GC heap before
{Heap before GC invocations=16 (full 3):
 PSYoungGen      total 235008K, used 221696K [0x00000000d5b80000, 0x00000000e5800000, 0x0000000100000000)
  eden space 221696K, 100% used [0x00000000d5b80000,0x00000000e3400000,0x00000000e3400000)
  from space 13312K, 0% used [0x00000000e4800000,0x00000000e4800000,0x00000000e5500000)
  to   space 18432K, 0% used [0x00000000e3400000,0x00000000e3400000,0x00000000e4600000)
 ParOldGen       total 115200K, used 34004K [0x0000000081200000, 0x0000000088280000, 0x00000000d5b80000)
  object space 115200K, 29% used [0x0000000081200000,0x00000000833353f0,0x0000000088280000)
 Metaspace       used 55502K, capacity 59212K, committed 59480K, reserved 1099776K
  class space    used 7591K, capacity 8239K, committed 8320K, reserved 1048576K
Event: 109.208 GC heap after
Heap after GC invocations=16 (full 3):
 PSYoungGen      total 240128K, used 13838K [0x00000000d5b80000, 0x00000000e9580000, 0x0000000100000000)
  eden space 221696K, 0% used [0x00000000d5b80000,0x00000000d5b80000,0x00000000e3400000)
  from space 18432K, 75% used [0x00000000e3400000,0x00000000e41839e0,0x00000000e4600000)
  to   space 18944K, 0% used [0x00000000e8300000,0x00000000e8300000,0x00000000e9580000)
 ParOldGen       total 115200K, used 46798K [0x0000000081200000, 0x0000000088280000, 0x00000000d5b80000)
  object space 115200K, 40% used [0x0000000081200000,0x0000000083fb3820,0x0000000088280000)
 Metaspace       used 55502K, capacity 59212K, committed 59480K, reserved 1099776K
  class space    used 7591K, capacity 8239K, committed 8320K, reserved 1048576K
}

Deoptimization events (0 events):
No events

Classes redefined (0 events):
No events

Internal exceptions (10 events):
Event: 41.831 Thread 0x000000001e27f800 Exception <a 'java/lang/ArrayIndexOutOfBoundsException'> (0x00000000de275430) thrown at [C:\re\workspace\8-2-build-windows-amd64-cygwin\jdk8u201\12322\hotspot\src\share\vm\runtime\sharedRuntime.cpp, line 605]
Event: 41.831 Thread 0x000000001e27f800 Exception <a 'java/lang/ArrayIndexOutOfBoundsException'> (0x00000000de276f08) thrown at [C:\re\workspace\8-2-build-windows-amd64-cygwin\jdk8u201\12322\hotspot\src\share\vm\runtime\sharedRuntime.cpp, line 605]
Event: 41.832 Thread 0x000000001e27f800 Exception <a 'java/lang/ArrayIndexOutOfBoundsException'> (0x00000000de2786e0) thrown at [C:\re\workspace\8-2-build-windows-amd64-cygwin\jdk8u201\12322\hotspot\src\share\vm\runtime\sharedRuntime.cpp, line 605]
Event: 45.958 Thread 0x000000001e280800 Exception <a 'java/lang/ArrayIndexOutOfBoundsException'> (0x00000000de6d3d30) thrown at [C:\re\workspace\8-2-build-windows-amd64-cygwin\jdk8u201\12322\hotspot\src\share\vm\runtime\sharedRuntime.cpp, line 605]
Event: 46.344 Thread 0x000000001e280800 Exception <a 'java/io/FileNotFoundException'> (0x00000000df6b3d48) thrown at [C:\re\workspace\8-2-build-windows-amd64-cygwin\jdk8u201\12322\hotspot\src\share\vm\prims\jni.cpp, line 709]
Event: 67.528 Thread 0x000000001e28b800 Exception <a 'java/net/SocketTimeoutException': Read timed out> (0x00000000e2038f30) thrown at [C:\re\workspace\8-2-build-windows-amd64-cygwin\jdk8u201\12322\hotspot\src\share\vm\prims\jni.cpp, line 735]
Event: 67.543 Thread 0x000000001e286800 Exception <a 'java/net/SocketTimeoutException': Read timed out> (0x00000000e21190c0) thrown at [C:\re\workspace\8-2-build-windows-amd64-cygwin\jdk8u201\12322\hotspot\src\share\vm\prims\jni.cpp, line 735]
Event: 97.547 Thread 0x000000001e28b800 Exception <a 'java/net/SocketTimeoutException': Read timed out> (0x00000000e2044608) thrown at [C:\re\workspace\8-2-build-windows-amd64-cygwin\jdk8u201\12322\hotspot\src\share\vm\prims\jni.cpp, line 735]
Event: 97.563 Thread 0x000000001e286800 Exception <a 'java/net/SocketTimeoutException': Read timed out> (0x00000000e2121a28) thrown at [C:\re\workspace\8-2-build-windows-amd64-cygwin\jdk8u201\12322\hotspot\src\share\vm\prims\jni.cpp, line 735]
Event: 109.143 Thread 0x000000001e283800 Exception <a 'java/lang/ArrayIndexOutOfBoundsException'> (0x00000000e2311b28) thrown at [C:\re\workspace\8-2-build-windows-amd64-cygwin\jdk8u201\12322\hotspot\src\share\vm\runtime\sharedRuntime.cpp, line 605]

Events (10 events):
Event: 109.256 Executing VM operation: RevokeBias done
Event: 109.257 Executing VM operation: RevokeBias
Event: 109.257 Executing VM operation: RevokeBias done
Event: 109.257 Thread 0x000000001a54f000 flushing nmethod 0x0000000002e77110
Event: 109.257 Thread 0x000000001a54f000 flushing nmethod 0x0000000002e78810
Event: 109.257 Thread 0x000000001a54f000 flushing nmethod 0x0000000002e954d0
Event: 109.257 Thread 0x000000001a54f000 flushing nmethod 0x0000000002ecf810
Event: 109.258 Thread 0x000000001a54f000 flushing nmethod 0x0000000002fb9390
Event: 109.258 Thread 0x000000001a54f000 flushing nmethod 0x0000000003028750
Event: 109.260 Thread 0x000000001a54f000 flushing nmethod 0x000000000310fa10


Dynamic libraries:
0x00007ff6b01c0000 - 0x00007ff6b01f7000 	C:\Program Files\Java\jdk1.8.0_201\bin\java.exe
0x00007ffc111b0000 - 0x00007ffc113a5000 	C:\WINDOWS\SYSTEM32\ntdll.dll
0x00007ffc110a0000 - 0x00007ffc1115e000 	C:\WINDOWS\System32\KERNEL32.DLL
0x00007ffc0eae0000 - 0x00007ffc0eda9000 	C:\WINDOWS\System32\KERNELBASE.dll
0x00007ffc10270000 - 0x00007ffc1031c000 	C:\WINDOWS\System32\ADVAPI32.dll
0x00007ffc0f5a0000 - 0x00007ffc0f63e000 	C:\WINDOWS\System32\msvcrt.dll
0x00007ffc0f980000 - 0x00007ffc0fa1b000 	C:\WINDOWS\System32\sechost.dll
0x00007ffc0fea0000 - 0x00007ffc0ffca000 	C:\WINDOWS\System32\RPCRT4.dll
0x00007ffc0ffe0000 - 0x00007ffc10181000 	C:\WINDOWS\System32\USER32.dll
0x00007ffc0eab0000 - 0x00007ffc0ead2000 	C:\WINDOWS\System32\win32u.dll
0x00007ffc0f200000 - 0x00007ffc0f22b000 	C:\WINDOWS\System32\GDI32.dll
0x00007ffc0ee00000 - 0x00007ffc0ef0b000 	C:\WINDOWS\System32\gdi32full.dll
0x00007ffc0e8d0000 - 0x00007ffc0e96d000 	C:\WINDOWS\System32\msvcp_win.dll
0x00007ffc0ef70000 - 0x00007ffc0f070000 	C:\WINDOWS\System32\ucrtbase.dll
0x00007ffc000a0000 - 0x00007ffc0033a000 	C:\WINDOWS\WinSxS\amd64_microsoft.windows.common-controls_6595b64144ccf1df_6.0.19041.1110_none_60b5254171f9507e\COMCTL32.dll
0x00007ffc0f460000 - 0x00007ffc0f490000 	C:\WINDOWS\System32\IMM32.DLL
0x00000000619b0000 - 0x0000000061a81000 	C:\Program Files\Java\jdk1.8.0_201\jre\bin\msvcr100.dll
0x00000000602d0000 - 0x0000000060b74000 	C:\Program Files\Java\jdk1.8.0_201\jre\bin\server\jvm.dll
0x00007ffc11160000 - 0x00007ffc11168000 	C:\WINDOWS\System32\PSAPI.DLL
0x00007ffc01840000 - 0x00007ffc01867000 	C:\WINDOWS\SYSTEM32\WINMM.dll
0x00007ffc08230000 - 0x00007ffc08239000 	C:\WINDOWS\SYSTEM32\WSOCK32.dll
0x00007ffc05240000 - 0x00007ffc0524a000 	C:\WINDOWS\SYSTEM32\VERSION.dll
0x00007ffc0f870000 - 0x00007ffc0f8db000 	C:\WINDOWS\System32\WS2_32.dll
0x00007ffc07ef0000 - 0x00007ffc07eff000 	C:\Program Files\Java\jdk1.8.0_201\jre\bin\verify.dll
0x00007ffc07ec0000 - 0x00007ffc07ee9000 	C:\Program Files\Java\jdk1.8.0_201\jre\bin\java.dll
0x00007ffbe00c0000 - 0x00007ffbe00e3000 	C:\Program Files\Java\jdk1.8.0_201\jre\bin\instrument.dll
0x00007ffc07ea0000 - 0x00007ffc07eb6000 	C:\Program Files\Java\jdk1.8.0_201\jre\bin\zip.dll
0x00007ffc104d0000 - 0x00007ffc10c0f000 	C:\WINDOWS\System32\SHELL32.dll
0x00007ffc0c610000 - 0x00007ffc0cda0000 	C:\WINDOWS\SYSTEM32\windows.storage.dll
0x00007ffc10c70000 - 0x00007ffc10fc5000 	C:\WINDOWS\System32\combase.dll
0x00007ffc0e320000 - 0x00007ffc0e34c000 	C:\WINDOWS\SYSTEM32\Wldp.dll
0x00007ffc0f4f0000 - 0x00007ffc0f59d000 	C:\WINDOWS\System32\SHCORE.dll
0x00007ffc10c10000 - 0x00007ffc10c65000 	C:\WINDOWS\System32\shlwapi.dll
0x00007ffc0e810000 - 0x00007ffc0e82f000 	C:\WINDOWS\SYSTEM32\profapi.dll
0x00007ffbeedc0000 - 0x00007ffbeedda000 	F:\subject\IDEA 2018_sssam.com\IntelliJ IDEA 2018.2.4\bin\breakgen64.dll
0x00007ffc07e80000 - 0x00007ffc07e9a000 	C:\Program Files\Java\jdk1.8.0_201\jre\bin\net.dll
0x00007ffbfc9a0000 - 0x00007ffbfcb8b000 	C:\WINDOWS\SYSTEM32\urlmon.dll
0x00007ffbfc970000 - 0x00007ffbfc998000 	C:\WINDOWS\SYSTEM32\srvcli.dll
0x00007ffc0dd60000 - 0x00007ffc0dd6c000 	C:\WINDOWS\SYSTEM32\netutils.dll
0x00007ffbfcf00000 - 0x00007ffbfd1b0000 	C:\WINDOWS\SYSTEM32\iertutil.dll
0x00007ffc0e080000 - 0x00007ffc0e0ea000 	C:\WINDOWS\system32\mswsock.dll
0x00007ffc07e50000 - 0x00007ffc07e5d000 	C:\Program Files\Java\jdk1.8.0_201\jre\bin\management.dll
0x00007ffc07e60000 - 0x00007ffc07e71000 	C:\Program Files\Java\jdk1.8.0_201\jre\bin\nio.dll
0x00007ffbf1ce0000 - 0x00007ffbf1cf7000 	C:\WINDOWS\system32\napinsp.dll
0x00007ffbf1cc0000 - 0x00007ffbf1cdb000 	C:\WINDOWS\system32\pnrpnsp.dll
0x00007ffc08c40000 - 0x00007ffc08c55000 	C:\WINDOWS\system32\wshbth.dll
0x00007ffc09620000 - 0x00007ffc0963d000 	C:\WINDOWS\system32\NLAapi.dll
0x00007ffc0dd20000 - 0x00007ffc0dd5b000 	C:\WINDOWS\SYSTEM32\IPHLPAPI.DLL
0x00007ffc0dd70000 - 0x00007ffc0de3c000 	C:\WINDOWS\SYSTEM32\DNSAPI.dll
0x00007ffc0f970000 - 0x00007ffc0f978000 	C:\WINDOWS\System32\NSI.dll
0x00007ffbf1990000 - 0x00007ffbf19a2000 	C:\WINDOWS\System32\winrnr.dll
0x00007ffc05a00000 - 0x00007ffc05a0a000 	C:\Windows\System32\rasadhlp.dll
0x00007ffbfd8a0000 - 0x00007ffbfd91f000 	C:\WINDOWS\System32\fwpuclnt.dll
0x00007ffc0f070000 - 0x00007ffc0f097000 	C:\WINDOWS\System32\bcrypt.dll
0x00007ffc0e270000 - 0x00007ffc0e288000 	C:\WINDOWS\SYSTEM32\CRYPTSP.dll
0x00007ffc0d990000 - 0x00007ffc0d9c4000 	C:\WINDOWS\system32\rsaenh.dll
0x00007ffc0e7d0000 - 0x00007ffc0e7fe000 	C:\WINDOWS\SYSTEM32\USERENV.dll
0x00007ffc0e970000 - 0x00007ffc0e9f3000 	C:\WINDOWS\System32\bcryptprimitives.dll
0x00007ffc0e290000 - 0x00007ffc0e29c000 	C:\WINDOWS\SYSTEM32\CRYPTBASE.dll
0x00007ffc03c60000 - 0x00007ffc03c77000 	C:\WINDOWS\SYSTEM32\dhcpcsvc6.DLL
0x00007ffc04fd0000 - 0x00007ffc04fed000 	C:\WINDOWS\SYSTEM32\dhcpcsvc.DLL
0x00007ffc07790000 - 0x00007ffc077b4000 	C:\Program Files\Java\jdk1.8.0_201\jre\bin\sunec.dll
0x00007ffbba010000 - 0x00007ffbbce4d000 	C:\Users\lenovo\Desktop\人脸识别\Face-recognition-main\ArcSoft_ArcFace_Java_Windows_x64_V3.0\libs\WIN64\libarcsoft_face.dll
0x00007ffbf4650000 - 0x00007ffbf473f000 	C:\WINDOWS\SYSTEM32\MSVCR120.dll
0x00007ffbf4f00000 - 0x00007ffbf4fa6000 	C:\WINDOWS\SYSTEM32\MSVCP120.dll
0x00007ffbd57e0000 - 0x00007ffbd585f000 	C:\Users\lenovo\Desktop\人脸识别\Face-recognition-main\ArcSoft_ArcFace_Java_Windows_x64_V3.0\libs\WIN64\libarcsoft_face_engine.dll
0x00007ffc0f810000 - 0x00007ffc0f866000 	C:\WINDOWS\System32\WLDAP32.dll
0x00007ffbe3b00000 - 0x00007ffbe3b25000 	C:\Users\lenovo\Desktop\人脸识别\Face-recognition-main\ArcSoft_ArcFace_Java_Windows_x64_V3.0\libs\WIN64\libarcsoft_face_engine_jni.dll
0x00007ffbc3e40000 - 0x00007ffbc3fd9000 	C:\Program Files\Java\jdk1.8.0_201\jre\bin\awt.dll
0x00007ffc10fd0000 - 0x00007ffc1109d000 	C:\WINDOWS\System32\OLEAUT32.dll
0x00007ffc0af30000 - 0x00007ffc0afc0000 	C:\WINDOWS\SYSTEM32\apphelp.dll
0x00007ffbe3060000 - 0x00007ffbe3091000 	C:\Program Files\Java\jdk1.8.0_201\jre\bin\jpeg.dll
0x00007ffbdffd0000 - 0x00007ffbe000e000 	C:\Program Files\Java\jdk1.8.0_201\jre\bin\lcms.dll
0x00007ffc0ce70000 - 0x00007ffc0d054000 	C:\WINDOWS\SYSTEM32\dbghelp.dll

VM Arguments:
jvm_args: -XX:TieredStopAtLevel=1 -Xverify:none -Dspring.output.ansi.enabled=always -Dcom.sun.management.jmxremote -Dcom.sun.management.jmxremote.port=64590 -Dcom.sun.management.jmxremote.authenticate=false -Dcom.sun.management.jmxremote.ssl=false -Djava.rmi.server.hostname=localhost -Dspring.liveBeansView.mbeanDomain -Dspring.application.admin.enabled=true -javaagent:F:\subject\IDEA 2018_sssam.com\IntelliJ IDEA 2018.2.4\lib\idea_rt.jar=64591:F:\subject\IDEA 2018_sssam.com\IntelliJ IDEA 2018.2.4\bin -Dfile.encoding=UTF-8 
java_command: com.tangcheng.face_corn.FaceCornApplication
java_class_path (initial): C:\Program Files\Java\jdk1.8.0_201\jre\lib\charsets.jar;C:\Program Files\Java\jdk1.8.0_201\jre\lib\deploy.jar;C:\Program Files\Java\jdk1.8.0_201\jre\lib\ext\access-bridge-64.jar;C:\Program Files\Java\jdk1.8.0_201\jre\lib\ext\cldrdata.jar;C:\Program Files\Java\jdk1.8.0_201\jre\lib\ext\dnsns.jar;C:\Program Files\Java\jdk1.8.0_201\jre\lib\ext\jaccess.jar;C:\Program Files\Java\jdk1.8.0_201\jre\lib\ext\jfxrt.jar;C:\Program Files\Java\jdk1.8.0_201\jre\lib\ext\localedata.jar;C:\Program Files\Java\jdk1.8.0_201\jre\lib\ext\nashorn.jar;C:\Program Files\Java\jdk1.8.0_201\jre\lib\ext\sunec.jar;C:\Program Files\Java\jdk1.8.0_201\jre\lib\ext\sunjce_provider.jar;C:\Program Files\Java\jdk1.8.0_201\jre\lib\ext\sunmscapi.jar;C:\Program Files\Java\jdk1.8.0_201\jre\lib\ext\sunpkcs11.jar;C:\Program Files\Java\jdk1.8.0_201\jre\lib\ext\zipfs.jar;C:\Program Files\Java\jdk1.8.0_201\jre\lib\javaws.jar;C:\Program Files\Java\jdk1.8.0_201\jre\lib\jce.jar;C:\Program Files\Java\jdk1.8.0_201\jre\lib\jfr.jar;C:\Program Files\Java\jdk1.8.0_201\jre\lib\jfxswt.jar;C:\Program Files\Java\jdk1.8.0_201\jre\lib\jsse.jar;C:\Program Files\Java\jdk1.8.0_201\jre\lib\management-agent.jar;C:\Program Files\Java\jdk1.8.0_201\jre\lib\plugin.jar;C:\Program Files\Java\jdk1.8.0_201\jre\lib\resources.jar;C:\Program Files\Java\jdk1.8.0_201\jre\lib\rt.jar;C:\Users\lenovo\Desktop\人脸识别\Face-recognition-main\facesystem\face_corn\target\classes;C:\Users\lenovo\Desktop\人脸识别\Face-recognition-main\facesystem\common\target\classes;F:\subject\JavaWeb\maven-l\com\auth0\java-jwt\3.4.0\java-jwt-3.4.0.jar;F:\subject\JavaWeb\maven-l\commons-codec\commons-codec\1.15\commons-codec-1.15.jar;F:\subject\JavaWeb\maven-l\com\aliyun\oss\aliyun-sdk-oss\3.12.0\aliyun-sdk-oss-3.12.0.jar;F:\subject\JavaWeb\maven-l\org\apache\httpcomponents\httpclient\4.5.13\httpclient-4.5.13.jar;F:\subject\JavaWeb\maven-l\org\apache\httpcomponents\httpcore\4.4.14\httpcore-4.4.14.jar;F:\subject\JavaWeb\maven-l\org\jdom\jdom2\2.
Launcher Type: SUN_STANDARD

Environment Variables:
JAVA_HOME=C:\Program Files\Java\jdk1.8.0_201
CLASSPATH=.;C:\Program Files\Java\jdk1.8.0_201\lib\dt.jar,C:\Program Files\Java\jdk1.8.0_201\lib\tools.jar;F:\subject\JavaWeb\apache-tomcat-8.5.45\lib\servlet-api.jar
PATH=C:\Program Files (x86)\Common Files\Oracle\Java\javapath;C:\WINDOWS\system32;C:\WINDOWS;C:\WINDOWS\System32\Wbem;C:\WINDOWS\System32\WindowsPowerShell\v1.0\;C:\WINDOWS\System32\OpenSSH\;F:\subject\JavaWeb\apache-tomcat-8.5.45\bin;F:\subject\JavaWeb\apache-tomcat-8.5.45\lib;C:\Program Files\NVIDIA Corporation\NVIDIA NvDLISR;F:\subject\JavaWeb\apache-maven-3.3.9\bin;F:\subject\JavaWeb\Gradle\gradle-6.9.1\bin;F:\subject\JavaWeb\nodejs;C:\Program Files\Java\jdk1.8.0_201\bin;C:\Program Files\MySQL\MySQL Server 8.0\bin;F:\subject\JavaWeb\env\MongoDB\bin;C:\Users\lenovo\AppData\Local\Microsoft\WindowsApps;F:\subject\PyCharm\PyCharm Community Edition 2020.3.3\bin;;F:\subject\JavaWeb\Microsoft VS Code\bin;F:\subject\JavaWeb\nodejs\node_global;
USERNAME=lenovo
OS=Windows_NT
PROCESSOR_IDENTIFIER=Intel64 Family 6 Model 158 Stepping 10, GenuineIntel



---------------  S Y S T E M  ---------------

OS: Windows 10.0 , 64 bit Build 19041 (10.0.19041.1202)

CPU:total 8 (initial active 8) (4 cores per cpu, 2 threads per core) family 6 model 158 stepping 10, cmov, cx8, fxsr, mmx, sse, sse2, sse3, ssse3, sse4.1, sse4.2, popcnt, avx, avx2, aes, clmul, erms, 3dnowpref, lzcnt, ht, tsc, tscinvbit, bmi1, bmi2, adx

Memory: 4k page, physical 8306932k(729212k free), swap 18792692k(4913208k free)

vm_info: Java HotSpot(TM) 64-Bit Server VM (25.201-b09) for windows-amd64 JRE (1.8.0_201-b09), built on Dec 15 2018 18:36:39 by "java_re" with MS VC++ 10.0 (VS2010)

time: Fri Oct 29 19:10:28 2021
timezone: 中国标准时间
elapsed time: 109 seconds (0d 0h 1m 49s)

