#
# A fatal error has been detected by the Java Runtime Environment:
#
#  EXCEPTION_ACCESS_VIOLATION (0xc0000005) at pc=0x00007ffb414df0b6, pid=19084, tid=0x00000000000032ac
#
# JRE version: Java(TM) SE Runtime Environment (8.0_201-b09) (build 1.8.0_201-b09)
# Java VM: Java HotSpot(TM) 64-Bit Server VM (25.201-b09 mixed mode windows-amd64 compressed oops)
# Problematic frame:
# C  [libarcsoft_face.dll+0xf0b6]
#
# Failed to write core dump. Minidumps are not enabled by default on client versions of Windows
#
# If you would like to submit a bug report, please visit:
#   http://bugreport.java.com/bugreport/crash.jsp
# The crash happened outside the Java Virtual Machine in native code.
# See problematic frame for where to report the bug.
#

---------------  T H R E A D  ---------------

Current thread (0x000000001b64d800):  JavaThread "http-nio-8081-exec-5" daemon [_thread_in_native, id=12972, stack(0x00000000200b0000,0x00000000201b0000)]

siginfo: ExceptionCode=0xc0000005, reading address 0xffffffffffffffff

Registers:
RAX=0x0000000000000000, RBX=0x42900000429000e0, RCX=0x42900000429000e0, RDX=0x0000000000000100
RSP=0x00000000201ad2d0, RBP=0x0000000000000000, RSI=0x0000000024fcce70, RDI=0x0000000000000004
R8 =0x000000002500acf0, R9 =0x0000000000000100, R10=0x0000000000000008, R11=0x0000000000000800
R12=0x0000000024fcd8e0, R13=0x0000000000000000, R14=0x00000000000000e0, R15=0x00000000222ca040
RIP=0x00007ffb414df0b6, EFLAGS=0x0000000000010246

Top of Stack: (sp=0x00000000201ad2d0)
0x00000000201ad2d0:   0000000024fedc20 0000000024fe5c00
0x00000000201ad2e0:   0000000024fcce70 0000000000000000
0x00000000201ad2f0:   00000000204ad190 0000000024fc0d80
0x00000000201ad300:   0000000000000002 00007ffb414db949
0x00000000201ad310:   0000000024fc0d70 0000000000000001
0x00000000201ad320:   0000000024fc0d70 0000000000000002
0x00000000201ad330:   0000000000000001 00007ffb414d9092
0x00000000201ad340:   0000000000000000 0000000000000001
0x00000000201ad350:   0000000000000040 00000000201ad3f0
0x00000000201ad360:   000000003f5873bd 00000000bd1b7b13
0x00000000201ad370:   000000003f6de5aa 000000003d9701aa
0x00000000201ad380:   0000000000000000 0000000000000000
0x00000000201ad390:   00000000204ad190 0000000100000000
0x00000000201ad3a0:   0000000223917940 0000000000000001
0x00000000201ad3b0:   00000000222ca160 00000000222ca040
0x00000000201ad3c0:   0000000024fc0d70 bd1b7b133f5873bd 

Instructions: (pc=0x00007ffb414df0b6)
0x00007ffb414df096:   2d 44 8b f7 66 0f 1f 44 00 00 48 8b 1e 49 03 de
0x00007ffb414df0a6:   85 ed 74 09 48 8b d3 49 8b cf ff 53 28 48 8b cb
0x00007ffb414df0b6:   ff 53 30 ff c7 49 83 c6 38 3b 7e 08 7c dc 33 c0
0x00007ffb414df0c6:   48 8b 5c 24 40 48 8b 6c 24 48 48 8b 74 24 50 48 


Register to memory mapping:

RAX=0x0000000000000000 is an unknown value
RBX=0x42900000429000e0 is an unknown value
RCX=0x42900000429000e0 is an unknown value
RDX=0x0000000000000100 is an unknown value
RSP=0x00000000201ad2d0 is pointing into the stack for thread: 0x000000001b64d800
RBP=0x0000000000000000 is an unknown value
RSI=0x0000000024fcce70 is an unknown value
RDI=0x0000000000000004 is an unknown value
R8 =0x000000002500acf0 is an unknown value
R9 =0x0000000000000100 is an unknown value
R10=0x0000000000000008 is an unknown value
R11=0x0000000000000800 is an unknown value
R12=0x0000000024fcd8e0 is an unknown value
R13=0x0000000000000000 is an unknown value
R14=0x00000000000000e0 is an unknown value
R15=0x00000000222ca040 is an unknown value


Stack: [0x00000000200b0000,0x00000000201b0000],  sp=0x00000000201ad2d0,  free space=1012k
Native frames: (J=compiled Java code, j=interpreted, Vv=VM code, C=native code)

Java frames: (J=compiled Java code, j=interpreted, Vv=VM code)
j  com.arcsoft.face.FaceEngine.detectFaces(J[BIIII[Lcom/arcsoft/face/FaceInfo;)I+0
j  com.arcsoft.face.FaceEngine.detectFaces([BIILcom/arcsoft/face/enums/ImageFormat;Lcom/arcsoft/face/enums/DetectModel;Ljava/util/List;)I+107
j  com.arcsoft.face.FaceEngine.detectFaces([BIILcom/arcsoft/face/enums/ImageFormat;Ljava/util/List;)I+11
j  com.tangcheng.face_corn.service.impl.faceServiceImpl.facesearch(Ljava/io/InputStream;Ljava/util/List;)Ljava/lang/String;+45
j  com.tangcheng.face_corn.controller.faceController.facesearch(Ljava/lang/String;Ljava/util/List;)Lresult/Result;+22
j  sun.reflect.GeneratedMethodAccessor65.invoke(Ljava/lang/Object;[Ljava/lang/Object;)Ljava/lang/Object;+48
J 1657 C1 sun.reflect.DelegatingMethodAccessorImpl.invoke(Ljava/lang/Object;[Ljava/lang/Object;)Ljava/lang/Object; (10 bytes) @ 0x0000000002e3dce4 [0x0000000002e3dca0+0x44]
J 1656 C1 java.lang.reflect.Method.invoke(Ljava/lang/Object;[Ljava/lang/Object;)Ljava/lang/Object; (62 bytes) @ 0x0000000002e3d914 [0x0000000002e3d820+0xf4]
j  org.springframework.web.method.support.InvocableHandlerMethod.doInvoke([Ljava/lang/Object;)Ljava/lang/Object;+32
j  org.springframework.web.method.support.InvocableHandlerMethod.invokeForRequest(Lorg/springframework/web/context/request/NativeWebRequest;Lorg/springframework/web/method/support/ModelAndViewContainer;[Ljava/lang/Object;)Ljava/lang/Object;+54
j  org.springframework.web.servlet.mvc.method.annotation.ServletInvocableHandlerMethod.invokeAndHandle(Lorg/springframework/web/context/request/ServletWebRequest;Lorg/springframework/web/method/support/ModelAndViewContainer;[Ljava/lang/Object;)V+4
j  org.springframework.web.servlet.mvc.method.annotation.RequestMappingHandlerAdapter.invokeHandlerMethod(Ljavax/servlet/http/HttpServletRequest;Ljavax/servlet/http/HttpServletResponse;Lorg/springframework/web/method/HandlerMethod;)Lorg/springframework/web/servlet/ModelAndView;+244
j  org.springframework.web.servlet.mvc.method.annotation.RequestMappingHandlerAdapter.handleInternal(Ljavax/servlet/http/HttpServletRequest;Ljavax/servlet/http/HttpServletResponse;Lorg/springframework/web/method/HandlerMethod;)Lorg/springframework/web/servlet/ModelAndView;+81
j  org.springframework.web.servlet.mvc.method.AbstractHandlerMethodAdapter.handle(Ljavax/servlet/http/HttpServletRequest;Ljavax/servlet/http/HttpServletResponse;Ljava/lang/Object;)Lorg/springframework/web/servlet/ModelAndView;+7
j  org.springframework.web.servlet.DispatcherServlet.doDispatch(Ljavax/servlet/http/HttpServletRequest;Ljavax/servlet/http/HttpServletResponse;)V+259
j  org.springframework.web.servlet.DispatcherServlet.doService(Ljavax/servlet/http/HttpServletRequest;Ljavax/servlet/http/HttpServletResponse;)V+241
j  org.springframework.web.servlet.FrameworkServlet.processRequest(Ljavax/servlet/http/HttpServletRequest;Ljavax/servlet/http/HttpServletResponse;)V+71
j  org.springframework.web.servlet.FrameworkServlet.doPost(Ljavax/servlet/http/HttpServletRequest;Ljavax/servlet/http/HttpServletResponse;)V+3
j  javax.servlet.http.HttpServlet.service(Ljavax/servlet/http/HttpServletRequest;Ljavax/servlet/http/HttpServletResponse;)V+149
j  org.springframework.web.servlet.FrameworkServlet.service(Ljavax/servlet/http/HttpServletRequest;Ljavax/servlet/http/HttpServletResponse;)V+33
j  javax.servlet.http.HttpServlet.service(Ljavax/servlet/ServletRequest;Ljavax/servlet/ServletResponse;)V+36
J 5386 C1 org.apache.catalina.core.ApplicationFilterChain.internalDoFilter(Ljavax/servlet/ServletRequest;Ljavax/servlet/ServletResponse;)V (388 bytes) @ 0x00000000034777d4 [0x00000000034775c0+0x214]
J 5385 C1 org.apache.catalina.core.ApplicationFilterChain.doFilter(Ljavax/servlet/ServletRequest;Ljavax/servlet/ServletResponse;)V (103 bytes) @ 0x0000000003477194 [0x0000000003477160+0x34]
j  org.apache.tomcat.websocket.server.WsFilter.doFilter(Ljavax/servlet/ServletRequest;Ljavax/servlet/ServletResponse;Ljavax/servlet/FilterChain;)V+21
J 5386 C1 org.apache.catalina.core.ApplicationFilterChain.internalDoFilter(Ljavax/servlet/ServletRequest;Ljavax/servlet/ServletResponse;)V (388 bytes) @ 0x00000000034779f4 [0x00000000034775c0+0x434]
J 5385 C1 org.apache.catalina.core.ApplicationFilterChain.doFilter(Ljavax/servlet/ServletRequest;Ljavax/servlet/ServletResponse;)V (103 bytes) @ 0x0000000003477194 [0x0000000003477160+0x34]
j  org.springframework.web.filter.RequestContextFilter.doFilterInternal(Ljavax/servlet/http/HttpServletRequest;Ljavax/servlet/http/HttpServletResponse;Ljavax/servlet/FilterChain;)V+21
j  org.springframework.web.filter.OncePerRequestFilter.doFilter(Ljavax/servlet/ServletRequest;Ljavax/servlet/ServletResponse;Ljavax/servlet/FilterChain;)V+147
J 5386 C1 org.apache.catalina.core.ApplicationFilterChain.internalDoFilter(Ljavax/servlet/ServletRequest;Ljavax/servlet/ServletResponse;)V (388 bytes) @ 0x00000000034779f4 [0x00000000034775c0+0x434]
J 5385 C1 org.apache.catalina.core.ApplicationFilterChain.doFilter(Ljavax/servlet/ServletRequest;Ljavax/servlet/ServletResponse;)V (103 bytes) @ 0x0000000003477194 [0x0000000003477160+0x34]
j  org.springframework.web.filter.FormContentFilter.doFilterInternal(Ljavax/servlet/http/HttpServletRequest;Ljavax/servlet/http/HttpServletResponse;Ljavax/servlet/FilterChain;)V+38
j  org.springframework.web.filter.OncePerRequestFilter.doFilter(Ljavax/servlet/ServletRequest;Ljavax/servlet/ServletResponse;Ljavax/servlet/FilterChain;)V+147
J 5386 C1 org.apache.catalina.core.ApplicationFilterChain.internalDoFilter(Ljavax/servlet/ServletRequest;Ljavax/servlet/ServletResponse;)V (388 bytes) @ 0x00000000034779f4 [0x00000000034775c0+0x434]
J 5385 C1 org.apache.catalina.core.ApplicationFilterChain.doFilter(Ljavax/servlet/ServletRequest;Ljavax/servlet/ServletResponse;)V (103 bytes) @ 0x0000000003477194 [0x0000000003477160+0x34]
j  org.springframework.web.filter.CharacterEncodingFilter.doFilterInternal(Ljavax/servlet/http/HttpServletRequest;Ljavax/servlet/http/HttpServletResponse;Ljavax/servlet/FilterChain;)V+53
j  org.springframework.web.filter.OncePerRequestFilter.doFilter(Ljavax/servlet/ServletRequest;Ljavax/servlet/ServletResponse;Ljavax/servlet/FilterChain;)V+147
J 5386 C1 org.apache.catalina.core.ApplicationFilterChain.internalDoFilter(Ljavax/servlet/ServletRequest;Ljavax/servlet/ServletResponse;)V (388 bytes) @ 0x00000000034779f4 [0x00000000034775c0+0x434]
J 5385 C1 org.apache.catalina.core.ApplicationFilterChain.doFilter(Ljavax/servlet/ServletRequest;Ljavax/servlet/ServletResponse;)V (103 bytes) @ 0x0000000003477194 [0x0000000003477160+0x34]
j  org.apache.catalina.core.StandardWrapperValve.invoke(Lorg/apache/catalina/connector/Request;Lorg/apache/catalina/connector/Response;)V+694
j  org.apache.catalina.core.StandardContextValve.invoke(Lorg/apache/catalina/connector/Request;Lorg/apache/catalina/connector/Response;)V+169
j  org.apache.catalina.authenticator.AuthenticatorBase.invoke(Lorg/apache/catalina/connector/Request;Lorg/apache/catalina/connector/Response;)V+260
j  org.apache.catalina.core.StandardHostValve.invoke(Lorg/apache/catalina/connector/Request;Lorg/apache/catalina/connector/Response;)V+128
j  org.apache.catalina.valves.ErrorReportValve.invoke(Lorg/apache/catalina/connector/Request;Lorg/apache/catalina/connector/Response;)V+6
j  org.apache.catalina.core.StandardEngineValve.invoke(Lorg/apache/catalina/connector/Request;Lorg/apache/catalina/connector/Response;)V+59
j  org.apache.catalina.connector.CoyoteAdapter.service(Lorg/apache/coyote/Request;Lorg/apache/coyote/Response;)V+199
j  org.apache.coyote.http11.Http11Processor.service(Lorg/apache/tomcat/util/net/SocketWrapperBase;)Lorg/apache/tomcat/util/net/AbstractEndpoint$Handler$SocketState;+737
j  org.apache.coyote.AbstractProcessorLight.process(Lorg/apache/tomcat/util/net/SocketWrapperBase;Lorg/apache/tomcat/util/net/SocketEvent;)Lorg/apache/tomcat/util/net/AbstractEndpoint$Handler$SocketState;+170
j  org.apache.coyote.AbstractProtocol$ConnectionHandler.process(Lorg/apache/tomcat/util/net/SocketWrapperBase;Lorg/apache/tomcat/util/net/SocketEvent;)Lorg/apache/tomcat/util/net/AbstractEndpoint$Handler$SocketState;+505
j  org.apache.tomcat.util.net.NioEndpoint$SocketProcessor.doRun()V+216
j  org.apache.tomcat.util.net.SocketProcessorBase.run()V+21
j  java.util.concurrent.ThreadPoolExecutor.runWorker(Ljava/util/concurrent/ThreadPoolExecutor$Worker;)V+95
j  java.util.concurrent.ThreadPoolExecutor$Worker.run()V+5
j  org.apache.tomcat.util.threads.TaskThread$WrappingRunnable.run()V+4
j  java.lang.Thread.run()V+11
v  ~StubRoutines::call_stub

---------------  P R O C E S S  ---------------

Java Threads: ( => current thread )
  0x000000001d9fc000 JavaThread "DiscoveryClient-CacheRefreshExecutor-0" daemon [_thread_blocked, id=6972, stack(0x0000000040290000,0x0000000040390000)]
  0x000000001b652800 JavaThread "DiscoveryClient-HeartbeatExecutor-0" daemon [_thread_blocked, id=18248, stack(0x0000000040190000,0x0000000040290000)]
  0x000000001b653800 JavaThread "lettuce-eventExecutorLoop-1-8" daemon [_thread_blocked, id=7756, stack(0x000000003fc40000,0x000000003fd40000)]
  0x000000001b650800 JavaThread "lettuce-eventExecutorLoop-1-7" daemon [_thread_blocked, id=2988, stack(0x000000003fb40000,0x000000003fc40000)]
  0x000000001b652000 JavaThread "lettuce-eventExecutorLoop-1-6" daemon [_thread_blocked, id=17876, stack(0x000000003fa40000,0x000000003fb40000)]
  0x000000001b657800 JavaThread "lettuce-eventExecutorLoop-1-5" daemon [_thread_blocked, id=9804, stack(0x000000003f940000,0x000000003fa40000)]
  0x000000001b651000 JavaThread "lettuce-eventExecutorLoop-1-4" daemon [_thread_blocked, id=18272, stack(0x000000003f840000,0x000000003f940000)]
  0x000000001b655800 JavaThread "lettuce-eventExecutorLoop-1-3" daemon [_thread_blocked, id=4160, stack(0x000000003f740000,0x000000003f840000)]
  0x000000001b654000 JavaThread "Java2D Disposer" daemon [_thread_blocked, id=11816, stack(0x000000003f640000,0x000000003f740000)]
  0x000000001b655000 JavaThread "idle_connection_reaper" daemon [_thread_blocked, id=8932, stack(0x000000003f340000,0x000000003f440000)]
  0x000000001b64f800 JavaThread "lettuce-eventExecutorLoop-1-2" daemon [_thread_blocked, id=8512, stack(0x000000003f240000,0x000000003f340000)]
  0x000000001b656800 JavaThread "lettuce-eventExecutorLoop-1-1" daemon [_thread_blocked, id=18328, stack(0x00000000220c0000,0x00000000221c0000)]
  0x000000001b648000 JavaThread "lettuce-nioEventLoop-4-1" daemon [_thread_in_native, id=6968, stack(0x0000000020cb0000,0x0000000020db0000)]
  0x000000001b64f000 JavaThread "DestroyJavaVM" [_thread_blocked, id=18180, stack(0x00000000027c0000,0x00000000028c0000)]
  0x000000001b64c000 JavaThread "http-nio-8081-Acceptor" daemon [_thread_in_native, id=10288, stack(0x00000000207b0000,0x00000000208b0000)]
  0x000000001b64a800 JavaThread "http-nio-8081-ClientPoller" daemon [_thread_in_native, id=9164, stack(0x00000000206b0000,0x00000000207b0000)]
  0x000000001b649800 JavaThread "http-nio-8081-exec-10" daemon [_thread_blocked, id=8448, stack(0x00000000205b0000,0x00000000206b0000)]
  0x000000001b64b000 JavaThread "http-nio-8081-exec-9" daemon [_thread_in_native, id=13748, stack(0x00000000204b0000,0x00000000205b0000)]
  0x000000001b64e000 JavaThread "http-nio-8081-exec-8" daemon [_thread_in_native, id=5608, stack(0x00000000203b0000,0x00000000204b0000)]
  0x000000001b649000 JavaThread "http-nio-8081-exec-7" daemon [_thread_in_native, id=12128, stack(0x00000000202b0000,0x00000000203b0000)]
  0x000000001b64c800 JavaThread "http-nio-8081-exec-6" daemon [_thread_blocked, id=14420, stack(0x00000000201b0000,0x00000000202b0000)]
=>0x000000001b64d800 JavaThread "http-nio-8081-exec-5" daemon [_thread_in_native, id=12972, stack(0x00000000200b0000,0x00000000201b0000)]
  0x0000000019b18000 JavaThread "http-nio-8081-exec-4" daemon [_thread_in_native, id=18040, stack(0x000000001ffb0000,0x00000000200b0000)]
  0x0000000019b17000 JavaThread "http-nio-8081-exec-3" daemon [_thread_blocked, id=2524, stack(0x000000001feb0000,0x000000001ffb0000)]
  0x0000000019b12800 JavaThread "http-nio-8081-exec-2" daemon [_thread_blocked, id=10420, stack(0x000000001fdb0000,0x000000001feb0000)]
  0x0000000019b16800 JavaThread "http-nio-8081-exec-1" daemon [_thread_blocked, id=2660, stack(0x000000001fcb0000,0x000000001fdb0000)]
  0x0000000019b19800 JavaThread "http-nio-8081-BlockPoller" daemon [_thread_in_native, id=18844, stack(0x000000001fbb0000,0x000000001fcb0000)]
  0x0000000019b15800 JavaThread "DiscoveryClient-InstanceInfoReplicator-0" daemon [_thread_blocked, id=3188, stack(0x000000001fab0000,0x000000001fbb0000)]
  0x0000000019b14000 JavaThread "DiscoveryClient-1" daemon [_thread_blocked, id=8732, stack(0x000000001f9b0000,0x000000001fab0000)]
  0x0000000019b13800 JavaThread "DiscoveryClient-0" daemon [_thread_blocked, id=15420, stack(0x000000001f7b0000,0x000000001f8b0000)]
  0x0000000019b18800 JavaThread "AsyncResolver-bootstrap-0" daemon [_thread_blocked, id=19300, stack(0x000000001f2b0000,0x000000001f3b0000)]
  0x0000000019b15000 JavaThread "spring.cloud.inetutils" daemon [_thread_blocked, id=16104, stack(0x000000001efb0000,0x000000001f0b0000)]
  0x000000001d922800 JavaThread "lettuce-timer-3-1" daemon [_thread_blocked, id=2736, stack(0x000000001e8b0000,0x000000001e9b0000)]
  0x000000001bf77000 JavaThread "container-0" [_thread_blocked, id=14824, stack(0x000000001d5e0000,0x000000001d6e0000)]
  0x000000001bf76800 JavaThread "Catalina-utility-2" [_thread_blocked, id=32, stack(0x000000001d4e0000,0x000000001d5e0000)]
  0x000000001bf66800 JavaThread "Catalina-utility-1" [_thread_blocked, id=16228, stack(0x000000001c3e0000,0x000000001c4e0000)]
  0x000000001a47f800 JavaThread "Service Thread" daemon [_thread_blocked, id=16660, stack(0x000000001ad60000,0x000000001ae60000)]
  0x000000001a3e0000 JavaThread "C1 CompilerThread3" daemon [_thread_blocked, id=16464, stack(0x000000001ac60000,0x000000001ad60000)]
  0x000000001a3de000 JavaThread "C2 CompilerThread2" daemon [_thread_blocked, id=18456, stack(0x000000001ab60000,0x000000001ac60000)]
  0x000000001a3dd800 JavaThread "C2 CompilerThread1" daemon [_thread_blocked, id=11140, stack(0x000000001aa60000,0x000000001ab60000)]
  0x000000001a3d4800 JavaThread "C2 CompilerThread0" daemon [_thread_blocked, id=19108, stack(0x000000001a960000,0x000000001aa60000)]
  0x000000001a3ca800 JavaThread "Monitor Ctrl-Break" daemon [_thread_in_native, id=8776, stack(0x000000001a860000,0x000000001a960000)]
  0x00000000198a0800 JavaThread "Attach Listener" daemon [_thread_blocked, id=7136, stack(0x0000000019f60000,0x000000001a060000)]
  0x00000000198fb800 JavaThread "Signal Dispatcher" daemon [_thread_blocked, id=17240, stack(0x0000000019e60000,0x0000000019f60000)]
  0x0000000019880800 JavaThread "Finalizer" daemon [_thread_blocked, id=13180, stack(0x0000000019d60000,0x0000000019e60000)]
  0x0000000017a8f800 JavaThread "Reference Handler" daemon [_thread_blocked, id=2804, stack(0x0000000019c60000,0x0000000019d60000)]

Other Threads:
  0x0000000017a87800 VMThread [stack: 0x0000000019760000,0x0000000019860000] [id=516]
  0x000000001a494000 WatcherThread [stack: 0x000000001ae60000,0x000000001af60000] [id=17212]

VM state:not at safepoint (normal execution)

VM Mutex/Monitor currently owned by a thread: None

heap address: 0x0000000081200000, size: 2030 MB, Compressed Oops mode: 32-bit
Narrow klass base: 0x0000000000000000, Narrow klass shift: 3
Compressed class space size: 1073741824 Address: 0x0000000100000000

Heap:
 PSYoungGen      total 391680K, used 100588K [0x00000000d5b80000, 0x00000000ef780000, 0x0000000100000000)
  eden space 377344K, 22% used [0x00000000d5b80000,0x00000000db02e508,0x00000000ecc00000)
  from space 14336K, 96% used [0x00000000ee980000,0x00000000ef70cc00,0x00000000ef780000)
  to   space 18432K, 0% used [0x00000000ed380000,0x00000000ed380000,0x00000000ee580000)
 ParOldGen       total 77824K, used 37174K [0x0000000081200000, 0x0000000085e00000, 0x00000000d5b80000)
  object space 77824K, 47% used [0x0000000081200000,0x000000008364dbd8,0x0000000085e00000)
 Metaspace       used 54575K, capacity 58214K, committed 58328K, reserved 1099776K
  class space    used 7450K, capacity 8107K, committed 8192K, reserved 1048576K

Card table byte_map: [0x0000000011e80000,0x0000000012280000] byte_map_base: 0x0000000011a77000

Marking Bits: (ParMarkBitMap*) 0x000000005d9a4ce0
 Begin Bits: [0x0000000012d30000, 0x0000000014ce8000)
 End Bits:   [0x0000000014ce8000, 0x0000000016ca0000)

Polling page: 0x0000000000b00000

CodeCache: size=245760Kb used=10309Kb max_used=10309Kb free=235450Kb
 bounds [0x0000000002ac0000, 0x00000000034e0000, 0x0000000011ac0000]
 total_blobs=6125 nmethods=5529 adapters=508
 compilation: enabled

Compilation events (10 events):
Event: 39.388 Thread 0x000000001a3e0000 5667       1       java.util.concurrent.CompletableFuture::<init> (5 bytes)
Event: 39.388 Thread 0x000000001a3e0000 nmethod 5667 0x00000000034d2e10 code [0x00000000034d2f60, 0x00000000034d3070]
Event: 39.388 Thread 0x000000001a3e0000 5663       1       java.util.concurrent.CompletableFuture::tryPushStack (23 bytes)
Event: 39.388 Thread 0x000000001a3e0000 nmethod 5663 0x00000000034d30d0 code [0x00000000034d3220, 0x00000000034d3390]
Event: 39.388 Thread 0x000000001a3e0000 5666       1       org.springframework.transaction.support.TransactionSynchronizationManager::getResource (82 bytes)
Event: 39.388 Thread 0x000000001a3e0000 nmethod 5666 0x00000000034d33d0 code [0x00000000034d3600, 0x00000000034d3a28]
Event: 39.388 Thread 0x000000001a3e0000 5664       1       io.netty.channel.AbstractChannel::pipeline (5 bytes)
Event: 39.389 Thread 0x000000001a3e0000 nmethod 5664 0x00000000034d3e50 code [0x00000000034d3fa0, 0x00000000034d40b0]
Event: 39.391 Thread 0x000000001a3e0000 5668       1       org.apache.tomcat.util.net.NioEndpoint$NioSocketWrapper::interestOps (5 bytes)
Event: 39.391 Thread 0x000000001a3e0000 nmethod 5668 0x00000000034d4110 code [0x00000000034d4260, 0x00000000034d4370]

GC Heap History (10 events):
Event: 3.828 GC heap before
{Heap before GC invocations=10 (full 1):
 PSYoungGen      total 226816K, used 34079K [0x00000000d5b80000, 0x00000000e4a00000, 0x0000000100000000)
  eden space 214528K, 10% used [0x00000000d5b80000,0x00000000d70ce550,0x00000000e2d00000)
  from space 12288K, 99% used [0x00000000e3e00000,0x00000000e49f9880,0x00000000e4a00000)
  to   space 13824K, 0% used [0x00000000e2f00000,0x00000000e2f00000,0x00000000e3c80000)
 ParOldGen       total 56832K, used 10405K [0x0000000081200000, 0x0000000084980000, 0x00000000d5b80000)
  object space 56832K, 18% used [0x0000000081200000,0x0000000081c29680,0x0000000084980000)
 Metaspace       used 33204K, capacity 35336K, committed 35416K, reserved 1079296K
  class space    used 4568K, capacity 4962K, committed 4992K, reserved 1048576K
Event: 3.833 GC heap after
Heap after GC invocations=10 (full 1):
 PSYoungGen      total 230400K, used 9116K [0x00000000d5b80000, 0x00000000e9d80000, 0x0000000100000000)
  eden space 216576K, 0% used [0x00000000d5b80000,0x00000000d5b80000,0x00000000e2f00000)
  from space 13824K, 65% used [0x00000000e2f00000,0x00000000e37e7220,0x00000000e3c80000)
  to   space 13824K, 0% used [0x00000000e9000000,0x00000000e9000000,0x00000000e9d80000)
 ParOldGen       total 56832K, used 10413K [0x0000000081200000, 0x0000000084980000, 0x00000000d5b80000)
  object space 56832K, 18% used [0x0000000081200000,0x0000000081c2b680,0x0000000084980000)
 Metaspace       used 33204K, capacity 35336K, committed 35416K, reserved 1079296K
  class space    used 4568K, capacity 4962K, committed 4992K, reserved 1048576K
}
Event: 3.833 GC heap before
{Heap before GC invocations=11 (full 2):
 PSYoungGen      total 230400K, used 9116K [0x00000000d5b80000, 0x00000000e9d80000, 0x0000000100000000)
  eden space 216576K, 0% used [0x00000000d5b80000,0x00000000d5b80000,0x00000000e2f00000)
  from space 13824K, 65% used [0x00000000e2f00000,0x00000000e37e7220,0x00000000e3c80000)
  to   space 13824K, 0% used [0x00000000e9000000,0x00000000e9000000,0x00000000e9d80000)
 ParOldGen       total 56832K, used 10413K [0x0000000081200000, 0x0000000084980000, 0x00000000d5b80000)
  object space 56832K, 18% used [0x0000000081200000,0x0000000081c2b680,0x0000000084980000)
 Metaspace       used 33204K, capacity 35336K, committed 35416K, reserved 1079296K
  class space    used 4568K, capacity 4962K, committed 4992K, reserved 1048576K
Event: 3.861 GC heap after
Heap after GC invocations=11 (full 2):
 PSYoungGen      total 230400K, used 0K [0x00000000d5b80000, 0x00000000e9d80000, 0x0000000100000000)
  eden space 216576K, 0% used [0x00000000d5b80000,0x00000000d5b80000,0x00000000e2f00000)
  from space 13824K, 0% used [0x00000000e2f00000,0x00000000e2f00000,0x00000000e3c80000)
  to   space 13824K, 0% used [0x00000000e9000000,0x00000000e9000000,0x00000000e9d80000)
 ParOldGen       total 77824K, used 15145K [0x0000000081200000, 0x0000000085e00000, 0x00000000d5b80000)
  object space 77824K, 19% used [0x0000000081200000,0x00000000820ca5e8,0x0000000085e00000)
 Metaspace       used 33204K, capacity 35336K, committed 35416K, reserved 1079296K
  class space    used 4568K, capacity 4962K, committed 4992K, reserved 1048576K
}
Event: 6.531 GC heap before
{Heap before GC invocations=12 (full 2):
 PSYoungGen      total 230400K, used 216576K [0x00000000d5b80000, 0x00000000e9d80000, 0x0000000100000000)
  eden space 216576K, 100% used [0x00000000d5b80000,0x00000000e2f00000,0x00000000e2f00000)
  from space 13824K, 0% used [0x00000000e2f00000,0x00000000e2f00000,0x00000000e3c80000)
  to   space 13824K, 0% used [0x00000000e9000000,0x00000000e9000000,0x00000000e9d80000)
 ParOldGen       total 77824K, used 15145K [0x0000000081200000, 0x0000000085e00000, 0x00000000d5b80000)
  object space 77824K, 19% used [0x0000000081200000,0x00000000820ca5e8,0x0000000085e00000)
 Metaspace       used 47042K, capacity 50294K, committed 50392K, reserved 1093632K
  class space    used 6538K, capacity 7115K, committed 7168K, reserved 1048576K
Event: 6.544 GC heap after
Heap after GC invocations=12 (full 2):
 PSYoungGen      total 308736K, used 13793K [0x00000000d5b80000, 0x00000000e9d80000, 0x0000000100000000)
  eden space 294912K, 0% used [0x00000000d5b80000,0x00000000d5b80000,0x00000000e7b80000)
  from space 13824K, 99% used [0x00000000e9000000,0x00000000e9d785e8,0x00000000e9d80000)
  to   space 17408K, 0% used [0x00000000e7b80000,0x00000000e7b80000,0x00000000e8c80000)
 ParOldGen       total 77824K, used 20983K [0x0000000081200000, 0x0000000085e00000, 0x00000000d5b80000)
  object space 77824K, 26% used [0x0000000081200000,0x000000008267dcc0,0x0000000085e00000)
 Metaspace       used 47042K, capacity 50294K, committed 50392K, reserved 1093632K
  class space    used 6538K, capacity 7115K, committed 7168K, reserved 1048576K
}
Event: 18.713 GC heap before
{Heap before GC invocations=13 (full 2):
 PSYoungGen      total 308736K, used 308705K [0x00000000d5b80000, 0x00000000e9d80000, 0x0000000100000000)
  eden space 294912K, 100% used [0x00000000d5b80000,0x00000000e7b80000,0x00000000e7b80000)
  from space 13824K, 99% used [0x00000000e9000000,0x00000000e9d785e8,0x00000000e9d80000)
  to   space 17408K, 0% used [0x00000000e7b80000,0x00000000e7b80000,0x00000000e8c80000)
 ParOldGen       total 77824K, used 20983K [0x0000000081200000, 0x0000000085e00000, 0x00000000d5b80000)
  object space 77824K, 26% used [0x0000000081200000,0x000000008267dcc0,0x0000000085e00000)
 Metaspace       used 54223K, capacity 57820K, committed 57944K, reserved 1099776K
  class space    used 7393K, capacity 8028K, committed 8064K, reserved 1048576K
Event: 18.727 GC heap after
Heap after GC invocations=13 (full 2):
 PSYoungGen      total 312320K, used 12516K [0x00000000d5b80000, 0x00000000efb00000, 0x0000000100000000)
  eden space 294912K, 0% used [0x00000000d5b80000,0x00000000d5b80000,0x00000000e7b80000)
  from space 17408K, 71% used [0x00000000e7b80000,0x00000000e87b9380,0x00000000e8c80000)
  to   space 17920K, 0% used [0x00000000ee980000,0x00000000ee980000,0x00000000efb00000)
 ParOldGen       total 77824K, used 30187K [0x0000000081200000, 0x0000000085e00000, 0x00000000d5b80000)
  object space 77824K, 38% used [0x0000000081200000,0x0000000082f7ac40,0x0000000085e00000)
 Metaspace       used 54223K, capacity 57820K, committed 57944K, reserved 1099776K
  class space    used 7393K, capacity 8028K, committed 8064K, reserved 1048576K
}
Event: 38.205 GC heap before
{Heap before GC invocations=14 (full 2):
 PSYoungGen      total 312320K, used 307428K [0x00000000d5b80000, 0x00000000efb00000, 0x0000000100000000)
  eden space 294912K, 100% used [0x00000000d5b80000,0x00000000e7b80000,0x00000000e7b80000)
  from space 17408K, 71% used [0x00000000e7b80000,0x00000000e87b9380,0x00000000e8c80000)
  to   space 17920K, 0% used [0x00000000ee980000,0x00000000ee980000,0x00000000efb00000)
 ParOldGen       total 77824K, used 30187K [0x0000000081200000, 0x0000000085e00000, 0x00000000d5b80000)
  object space 77824K, 38% used [0x0000000081200000,0x0000000082f7ac40,0x0000000085e00000)
 Metaspace       used 54561K, capacity 58214K, committed 58328K, reserved 1099776K
  class space    used 7450K, capacity 8107K, committed 8192K, reserved 1048576K
Event: 38.214 GC heap after
Heap after GC invocations=14 (full 2):
 PSYoungGen      total 391680K, used 13875K [0x00000000d5b80000, 0x00000000ef780000, 0x0000000100000000)
  eden space 377344K, 0% used [0x00000000d5b80000,0x00000000d5b80000,0x00000000ecc00000)
  from space 14336K, 96% used [0x00000000ee980000,0x00000000ef70cc00,0x00000000ef780000)
  to   space 18432K, 0% used [0x00000000ed380000,0x00000000ed380000,0x00000000ee580000)
 ParOldGen       total 77824K, used 37174K [0x0000000081200000, 0x0000000085e00000, 0x00000000d5b80000)
  object space 77824K, 47% used [0x0000000081200000,0x000000008364dbd8,0x0000000085e00000)
 Metaspace       used 54561K, capacity 58214K, committed 58328K, reserved 1099776K
  class space    used 7450K, capacity 8107K, committed 8192K, reserved 1048576K
}

Deoptimization events (0 events):
No events

Classes redefined (0 events):
No events

Internal exceptions (10 events):
Event: 36.030 Thread 0x000000001b652800 Exception <a 'java/lang/ArrayIndexOutOfBoundsException'> (0x00000000e0d8a188) thrown at [C:\re\workspace\8-2-build-windows-amd64-cygwin\jdk8u201\12322\hotspot\src\share\vm\runtime\sharedRuntime.cpp, line 605]
Event: 36.035 Thread 0x000000001b652800 Exception <a 'java/lang/ArrayIndexOutOfBoundsException'> (0x00000000e0e72428) thrown at [C:\re\workspace\8-2-build-windows-amd64-cygwin\jdk8u201\12322\hotspot\src\share\vm\runtime\sharedRuntime.cpp, line 605]
Event: 36.039 Thread 0x000000001d9fc000 Exception <a 'java/net/SocketTimeoutException': Read timed out> (0x00000000e0de9fc0) thrown at [C:\re\workspace\8-2-build-windows-amd64-cygwin\jdk8u201\12322\hotspot\src\share\vm\prims\jni.cpp, line 735]
Event: 36.055 Thread 0x000000001b652800 Exception <a 'java/net/SocketTimeoutException': Read timed out> (0x00000000e0ea01c8) thrown at [C:\re\workspace\8-2-build-windows-amd64-cygwin\jdk8u201\12322\hotspot\src\share\vm\prims\jni.cpp, line 735]
Event: 36.562 Thread 0x0000000019b18000 Exception <a 'java/io/IOException'> (0x00000000e2799470) thrown at [C:\re\workspace\8-2-build-windows-amd64-cygwin\jdk8u201\12322\hotspot\src\share\vm\prims\jni.cpp, line 709]
Event: 36.923 Thread 0x000000001b649000 Exception <a 'java/io/IOException'> (0x00000000e2e513c8) thrown at [C:\re\workspace\8-2-build-windows-amd64-cygwin\jdk8u201\12322\hotspot\src\share\vm\prims\jni.cpp, line 709]
Event: 37.061 Thread 0x000000001b64e000 Exception <a 'java/io/IOException'> (0x00000000e36a1580) thrown at [C:\re\workspace\8-2-build-windows-amd64-cygwin\jdk8u201\12322\hotspot\src\share\vm\prims\jni.cpp, line 709]
Event: 37.124 Thread 0x0000000019b16800 Exception <a 'java/io/IOException'> (0x00000000e43e3818) thrown at [C:\re\workspace\8-2-build-windows-amd64-cygwin\jdk8u201\12322\hotspot\src\share\vm\prims\jni.cpp, line 709]
Event: 39.265 Thread 0x0000000019b16800 Exception <a 'java/io/IOException'> (0x00000000d88eb298) thrown at [C:\re\workspace\8-2-build-windows-amd64-cygwin\jdk8u201\12322\hotspot\src\share\vm\prims\jni.cpp, line 709]
Event: 39.265 Thread 0x0000000019b12800 Exception <a 'java/io/IOException'> (0x00000000d8c4d020) thrown at [C:\re\workspace\8-2-build-windows-amd64-cygwin\jdk8u201\12322\hotspot\src\share\vm\prims\jni.cpp, line 709]

Events (10 events):
Event: 38.220 Executing VM operation: RevokeBias
Event: 38.220 Executing VM operation: RevokeBias done
Event: 38.220 Executing VM operation: RevokeBias
Event: 38.220 Executing VM operation: RevokeBias done
Event: 38.220 Executing VM operation: BulkRevokeBias
Event: 38.220 Executing VM operation: BulkRevokeBias done
Event: 38.678 Executing VM operation: RevokeBias
Event: 38.678 Executing VM operation: RevokeBias done
Event: 39.307 Executing VM operation: RevokeBias
Event: 39.307 Executing VM operation: RevokeBias done


Dynamic libraries:
0x00007ff6748f0000 - 0x00007ff674927000 	C:\Program Files\Java\jdk1.8.0_201\bin\java.exe
0x00007ffb96d10000 - 0x00007ffb96f05000 	C:\WINDOWS\SYSTEM32\ntdll.dll
0x00007ffb957f0000 - 0x00007ffb958ae000 	C:\WINDOWS\System32\KERNEL32.DLL
0x00007ffb94930000 - 0x00007ffb94bf9000 	C:\WINDOWS\System32\KERNELBASE.dll
0x00007ffb95a50000 - 0x00007ffb95afc000 	C:\WINDOWS\System32\ADVAPI32.dll
0x00007ffb956c0000 - 0x00007ffb9575e000 	C:\WINDOWS\System32\msvcrt.dll
0x00007ffb94d90000 - 0x00007ffb94e2b000 	C:\WINDOWS\System32\sechost.dll
0x00007ffb95d40000 - 0x00007ffb95e6a000 	C:\WINDOWS\System32\RPCRT4.dll
0x00007ffb96b20000 - 0x00007ffb96cc1000 	C:\WINDOWS\System32\USER32.dll
0x00007ffb94710000 - 0x00007ffb94732000 	C:\WINDOWS\System32\win32u.dll
0x00007ffb96af0000 - 0x00007ffb96b1b000 	C:\WINDOWS\System32\GDI32.dll
0x00007ffb94c50000 - 0x00007ffb94d5b000 	C:\WINDOWS\System32\gdi32full.dll
0x00007ffb94530000 - 0x00007ffb945cd000 	C:\WINDOWS\System32\msvcp_win.dll
0x00007ffb94430000 - 0x00007ffb94530000 	C:\WINDOWS\System32\ucrtbase.dll
0x00007ffb85b50000 - 0x00007ffb85dea000 	C:\WINDOWS\WinSxS\amd64_microsoft.windows.common-controls_6595b64144ccf1df_6.0.19041.1110_none_60b5254171f9507e\COMCTL32.dll
0x00007ffb94d60000 - 0x00007ffb94d90000 	C:\WINDOWS\System32\IMM32.DLL
0x000000005e860000 - 0x000000005e931000 	C:\Program Files\Java\jdk1.8.0_201\jre\bin\msvcr100.dll
0x000000005d180000 - 0x000000005da24000 	C:\Program Files\Java\jdk1.8.0_201\jre\bin\server\jvm.dll
0x00007ffb968e0000 - 0x00007ffb968e8000 	C:\WINDOWS\System32\PSAPI.DLL
0x00007ffb8f260000 - 0x00007ffb8f269000 	C:\WINDOWS\SYSTEM32\WSOCK32.dll
0x00007ffb8b3f0000 - 0x00007ffb8b3fa000 	C:\WINDOWS\SYSTEM32\VERSION.dll
0x00007ffb87350000 - 0x00007ffb87377000 	C:\WINDOWS\SYSTEM32\WINMM.dll
0x00007ffb967e0000 - 0x00007ffb9684b000 	C:\WINDOWS\System32\WS2_32.dll
0x00007ffb8dc60000 - 0x00007ffb8dc6f000 	C:\Program Files\Java\jdk1.8.0_201\jre\bin\verify.dll
0x00007ffb737c0000 - 0x00007ffb737e9000 	C:\Program Files\Java\jdk1.8.0_201\jre\bin\java.dll
0x00007ffb73210000 - 0x00007ffb73233000 	C:\Program Files\Java\jdk1.8.0_201\jre\bin\instrument.dll
0x00007ffb7a730000 - 0x00007ffb7a746000 	C:\Program Files\Java\jdk1.8.0_201\jre\bin\zip.dll
0x00007ffb95e70000 - 0x00007ffb965af000 	C:\WINDOWS\System32\SHELL32.dll
0x00007ffb92170000 - 0x00007ffb92900000 	C:\WINDOWS\SYSTEM32\windows.storage.dll
0x00007ffb952b0000 - 0x00007ffb95605000 	C:\WINDOWS\System32\combase.dll
0x00007ffb93e80000 - 0x00007ffb93eac000 	C:\WINDOWS\SYSTEM32\Wldp.dll
0x00007ffb95610000 - 0x00007ffb956bd000 	C:\WINDOWS\System32\SHCORE.dll
0x00007ffb958b0000 - 0x00007ffb95905000 	C:\WINDOWS\System32\shlwapi.dll
0x00007ffb94370000 - 0x00007ffb9438f000 	C:\WINDOWS\SYSTEM32\profapi.dll
0x00007ffb67190000 - 0x00007ffb671aa000 	F:\subject\IDEA 2018_sssam.com\IntelliJ IDEA 2018.2.4\bin\breakgen64.dll
0x00007ffb730a0000 - 0x00007ffb730ba000 	C:\Program Files\Java\jdk1.8.0_201\jre\bin\net.dll
0x00007ffb82500000 - 0x00007ffb826eb000 	C:\WINDOWS\SYSTEM32\urlmon.dll
0x00007ffb82a60000 - 0x00007ffb82d10000 	C:\WINDOWS\SYSTEM32\iertutil.dll
0x00007ffb824d0000 - 0x00007ffb824f8000 	C:\WINDOWS\SYSTEM32\srvcli.dll
0x00007ffb93a30000 - 0x00007ffb93a3c000 	C:\WINDOWS\SYSTEM32\netutils.dll
0x00007ffb93be0000 - 0x00007ffb93c4a000 	C:\WINDOWS\system32\mswsock.dll
0x00007ffb93880000 - 0x00007ffb938bb000 	C:\WINDOWS\SYSTEM32\IPHLPAPI.DLL
0x00007ffb95a40000 - 0x00007ffb95a48000 	C:\WINDOWS\System32\NSI.dll
0x00007ffb89750000 - 0x00007ffb89767000 	C:\WINDOWS\SYSTEM32\dhcpcsvc6.DLL
0x00007ffb8b230000 - 0x00007ffb8b24d000 	C:\WINDOWS\SYSTEM32\dhcpcsvc.DLL
0x00007ffb938c0000 - 0x00007ffb9398c000 	C:\WINDOWS\SYSTEM32\DNSAPI.dll
0x00007ffb8b560000 - 0x00007ffb8b56a000 	C:\Windows\System32\rasadhlp.dll
0x00007ffb82e60000 - 0x00007ffb82edf000 	C:\WINDOWS\System32\fwpuclnt.dll
0x00007ffb94630000 - 0x00007ffb94657000 	C:\WINDOWS\System32\bcrypt.dll
0x00007ffb8dc10000 - 0x00007ffb8dc1d000 	C:\Program Files\Java\jdk1.8.0_201\jre\bin\management.dll
0x00007ffb76820000 - 0x00007ffb76837000 	C:\WINDOWS\system32\napinsp.dll
0x00007ffb76710000 - 0x00007ffb7672b000 	C:\WINDOWS\system32\pnrpnsp.dll
0x00007ffb8e7d0000 - 0x00007ffb8e7e5000 	C:\WINDOWS\system32\wshbth.dll
0x00007ffb8f180000 - 0x00007ffb8f19d000 	C:\WINDOWS\system32\NLAapi.dll
0x00007ffb766f0000 - 0x00007ffb76702000 	C:\WINDOWS\System32\winrnr.dll
0x00007ffb72120000 - 0x00007ffb72131000 	C:\Program Files\Java\jdk1.8.0_201\jre\bin\nio.dll
0x00007ffb93dd0000 - 0x00007ffb93de8000 	C:\WINDOWS\SYSTEM32\CRYPTSP.dll
0x00007ffb934f0000 - 0x00007ffb93524000 	C:\WINDOWS\system32\rsaenh.dll
0x00007ffb94330000 - 0x00007ffb9435e000 	C:\WINDOWS\SYSTEM32\USERENV.dll
0x00007ffb94740000 - 0x00007ffb947c3000 	C:\WINDOWS\System32\bcryptprimitives.dll
0x00007ffb93df0000 - 0x00007ffb93dfc000 	C:\WINDOWS\SYSTEM32\CRYPTBASE.dll
0x00007ffb658f0000 - 0x00007ffb65914000 	C:\Program Files\Java\jdk1.8.0_201\jre\bin\sunec.dll
0x00007ffb414d0000 - 0x00007ffb4430d000 	C:\Users\lenovo\Desktop\人脸识别\Face-recognition-main\ArcSoft_ArcFace_Java_Windows_x64_V3.0\libs\WIN64\libarcsoft_face.dll
0x00007ffb7a340000 - 0x00007ffb7a3e6000 	C:\WINDOWS\SYSTEM32\MSVCP120.dll
0x00007ffb7a250000 - 0x00007ffb7a33f000 	C:\WINDOWS\SYSTEM32\MSVCR120.dll
0x00007ffb758a0000 - 0x00007ffb7591f000 	C:\Users\lenovo\Desktop\人脸识别\Face-recognition-main\ArcSoft_ArcFace_Java_Windows_x64_V3.0\libs\WIN64\libarcsoft_face_engine.dll
0x00007ffb95c30000 - 0x00007ffb95c86000 	C:\WINDOWS\System32\WLDAP32.dll
0x00007ffb75870000 - 0x00007ffb75895000 	C:\Users\lenovo\Desktop\人脸识别\Face-recognition-main\ArcSoft_ArcFace_Java_Windows_x64_V3.0\libs\WIN64\libarcsoft_face_engine_jni.dll
0x00007ffb4bd60000 - 0x00007ffb4bef9000 	C:\Program Files\Java\jdk1.8.0_201\jre\bin\awt.dll
0x00007ffb95b00000 - 0x00007ffb95bcd000 	C:\WINDOWS\System32\OLEAUT32.dll
0x00007ffb90a90000 - 0x00007ffb90b20000 	C:\WINDOWS\SYSTEM32\apphelp.dll
0x00007ffb75830000 - 0x00007ffb75861000 	C:\Program Files\Java\jdk1.8.0_201\jre\bin\jpeg.dll
0x00007ffb757f0000 - 0x00007ffb7582e000 	C:\Program Files\Java\jdk1.8.0_201\jre\bin\lcms.dll
0x00007ffb929d0000 - 0x00007ffb92bb4000 	C:\WINDOWS\SYSTEM32\dbghelp.dll

VM Arguments:
jvm_args: -XX:CompileCommand=exclude,org/hibernate/cfg/annotations/SimpleValueBinder.setType -XX:TieredStopAtLevel=1 -Xverify:none -Dspring.output.ansi.enabled=always -javaagent:F:\subject\IDEA 2018_sssam.com\IntelliJ IDEA 2018.2.4\lib\idea_rt.jar=51268:F:\subject\IDEA 2018_sssam.com\IntelliJ IDEA 2018.2.4\bin -Dfile.encoding=UTF-8 
java_command: com.tangcheng.face_corn.FaceCornApplication
java_class_path (initial): C:\Program Files\Java\jdk1.8.0_201\jre\lib\charsets.jar;C:\Program Files\Java\jdk1.8.0_201\jre\lib\deploy.jar;C:\Program Files\Java\jdk1.8.0_201\jre\lib\ext\access-bridge-64.jar;C:\Program Files\Java\jdk1.8.0_201\jre\lib\ext\cldrdata.jar;C:\Program Files\Java\jdk1.8.0_201\jre\lib\ext\dnsns.jar;C:\Program Files\Java\jdk1.8.0_201\jre\lib\ext\jaccess.jar;C:\Program Files\Java\jdk1.8.0_201\jre\lib\ext\jfxrt.jar;C:\Program Files\Java\jdk1.8.0_201\jre\lib\ext\localedata.jar;C:\Program Files\Java\jdk1.8.0_201\jre\lib\ext\nashorn.jar;C:\Program Files\Java\jdk1.8.0_201\jre\lib\ext\sunec.jar;C:\Program Files\Java\jdk1.8.0_201\jre\lib\ext\sunjce_provider.jar;C:\Program Files\Java\jdk1.8.0_201\jre\lib\ext\sunmscapi.jar;C:\Program Files\Java\jdk1.8.0_201\jre\lib\ext\sunpkcs11.jar;C:\Program Files\Java\jdk1.8.0_201\jre\lib\ext\zipfs.jar;C:\Program Files\Java\jdk1.8.0_201\jre\lib\javaws.jar;C:\Program Files\Java\jdk1.8.0_201\jre\lib\jce.jar;C:\Program Files\Java\jdk1.8.0_201\jre\lib\jfr.jar;C:\Program Files\Java\jdk1.8.0_201\jre\lib\jfxswt.jar;C:\Program Files\Java\jdk1.8.0_201\jre\lib\jsse.jar;C:\Program Files\Java\jdk1.8.0_201\jre\lib\management-agent.jar;C:\Program Files\Java\jdk1.8.0_201\jre\lib\plugin.jar;C:\Program Files\Java\jdk1.8.0_201\jre\lib\resources.jar;C:\Program Files\Java\jdk1.8.0_201\jre\lib\rt.jar;C:\Users\lenovo\Desktop\人脸识别\Face-recognition-main\facesystem\face_corn\target\classes;C:\Users\lenovo\Desktop\人脸识别\Face-recognition-main\facesystem\common\target\classes;F:\subject\JavaWeb\maven-l\com\auth0\java-jwt\3.4.0\java-jwt-3.4.0.jar;F:\subject\JavaWeb\maven-l\commons-codec\commons-codec\1.15\commons-codec-1.15.jar;F:\subject\JavaWeb\maven-l\com\aliyun\oss\aliyun-sdk-oss\3.12.0\aliyun-sdk-oss-3.12.0.jar;F:\subject\JavaWeb\maven-l\org\apache\httpcomponents\httpclient\4.5.13\httpclient-4.5.13.jar;F:\subject\JavaWeb\maven-l\org\apache\httpcomponents\httpcore\4.4.14\httpcore-4.4.14.jar;F:\subject\JavaWeb\maven-l\org\jdom\jdom2\2.
Launcher Type: SUN_STANDARD

Environment Variables:
JAVA_HOME=C:\Program Files\Java\jdk1.8.0_201
CLASSPATH=.;C:\Program Files\Java\jdk1.8.0_201\lib\dt.jar,C:\Program Files\Java\jdk1.8.0_201\lib\tools.jar;F:\subject\JavaWeb\apache-tomcat-8.5.45\lib\servlet-api.jar
PATH=C:\Program Files (x86)\Common Files\Oracle\Java\javapath;C:\WINDOWS\system32;C:\WINDOWS;C:\WINDOWS\System32\Wbem;C:\WINDOWS\System32\WindowsPowerShell\v1.0\;C:\WINDOWS\System32\OpenSSH\;F:\subject\JavaWeb\apache-tomcat-8.5.45\bin;F:\subject\JavaWeb\apache-tomcat-8.5.45\lib;C:\Program Files\NVIDIA Corporation\NVIDIA NvDLISR;F:\subject\JavaWeb\apache-maven-3.3.9\bin;F:\subject\JavaWeb\Gradle\gradle-6.9.1\bin;F:\subject\JavaWeb\nodejs;C:\Program Files\Java\jdk1.8.0_201\bin;C:\Program Files\MySQL\MySQL Server 8.0\bin;F:\subject\JavaWeb\env\MongoDB\bin;C:\Users\lenovo\AppData\Local\Microsoft\WindowsApps;F:\subject\PyCharm\PyCharm Community Edition 2020.3.3\bin;;F:\subject\JavaWeb\Microsoft VS Code\bin;F:\subject\JavaWeb\nodejs\node_global;
USERNAME=lenovo
OS=Windows_NT
PROCESSOR_IDENTIFIER=Intel64 Family 6 Model 158 Stepping 10, GenuineIntel



---------------  S Y S T E M  ---------------

OS: Windows 10.0 , 64 bit Build 19041 (10.0.19041.1202)

CPU:total 8 (initial active 8) (4 cores per cpu, 2 threads per core) family 6 model 158 stepping 10, cmov, cx8, fxsr, mmx, sse, sse2, sse3, ssse3, sse4.1, sse4.2, popcnt, avx, avx2, aes, clmul, erms, 3dnowpref, lzcnt, ht, tsc, tscinvbit, bmi1, bmi2, adx

Memory: 4k page, physical 8306932k(731500k free), swap 18792692k(4399336k free)

vm_info: Java HotSpot(TM) 64-Bit Server VM (25.201-b09) for windows-amd64 JRE (1.8.0_201-b09), built on Dec 15 2018 18:36:39 by "java_re" with MS VC++ 10.0 (VS2010)

time: Sun Oct 31 03:08:30 2021
timezone: 中国标准时间
elapsed time: 39 seconds (0d 0h 0m 39s)

