#
# A fatal error has been detected by the Java Runtime Environment:
#
#  EXCEPTION_ACCESS_VIOLATION (0xc0000005) at pc=0x00007ffb42b5e0e5, pid=19400, tid=0x00000000000026bc
#
# JRE version: Java(TM) SE Runtime Environment (8.0_201-b09) (build 1.8.0_201-b09)
# Java VM: Java HotSpot(TM) 64-Bit Server VM (25.201-b09 mixed mode windows-amd64 compressed oops)
# Problematic frame:
# C  [libarcsoft_face.dll+0xe0e5]
#
# Failed to write core dump. Minidumps are not enabled by default on client versions of Windows
#
# If you would like to submit a bug report, please visit:
#   http://bugreport.java.com/bugreport/crash.jsp
# The crash happened outside the Java Virtual Machine in native code.
# See problematic frame for where to report the bug.
#

---------------  T H R E A D  ---------------

Current thread (0x000000001ddf0000):  JavaThread "http-nio-8081-exec-4" daemon [_thread_in_native, id=9916, stack(0x00000000200b0000,0x00000000201b0000)]

siginfo: ExceptionCode=0xc0000005, writing address 0xfffffffe253bde60

Registers:
RAX=0x000000000000004b, RBX=0x0000000080002000, RCX=0x0000000000000045, RDX=0xffffffff80000000
RSP=0x00000000201ad220, RBP=0x0000000080000000, RSI=0x0000000000000140, RDI=0x0000000080000000
R8 =0x00000000000000ff, R9 =0x0000000000000000, R10=0x0000000080001000, R11=0x00000000253bde60
R12=0x0000000000000040, R13=0x0000000000000040, R14=0x0000000000000000, R15=0x000000001e382d60
RIP=0x00007ffb42b5e0e5, EFLAGS=0x0000000000010206

Top of Stack: (sp=0x00000000201ad220)
0x00000000201ad220:   00000000000000c7 00007ffb42b7ef29
0x00000000201ad230:   0000000023d364e0 0000000000000000
0x00000000201ad240:   0000000000000000 43ca71b643c02abc
0x00000000201ad250:   00000000201ad360 00007ffb42b5c5f2
0x00000000201ad260:   0000000000000000 0000000000000000
0x00000000201ad270:   0000000000000000 0000000000000000
0x00000000201ad280:   0000000080000000 0000000000000045
0x00000000201ad290:   000000000000004b 0000000000000050
0x00000000201ad2a0:   0000000000000000 0000000000000000
0x00000000201ad2b0:   0000000000000040 00000000000003c0
0x00000000201ad2c0:   0000000000000000 0000000000000000
0x00000000201ad2d0:   0000000000000040 00000000201ad3f8
0x00000000201ad2e0:   0000000000000000 0000000000000040
0x00000000201ad2f0:   0000000000000040 00000000253bde60
0x00000000201ad300:   00000000202acfc0 00007ffb42b5bf04
0x00000000201ad310:   0000000080000000 00007ffb000000f0 

Instructions: (pc=0x00007ffb42b5e0e5)
0x00007ffb42b5e0c5:   0f 4f c8 45 33 c9 85 c9 41 0f 48 c9 41 3b c0 41
0x00007ffb42b5e0d5:   0f 4f c0 85 c0 41 0f 48 c1 66 0f 6e c1 0f 5b c0
0x00007ffb42b5e0e5:   f3 41 0f 11 04 93 66 0f 6e c0 49 63 c2 0f 5b c0
0x00007ffb42b5e0f5:   f3 41 0f 11 04 83 8b 44 24 78 eb 51 83 f9 01 75 


Register to memory mapping:

RAX=0x000000000000004b is an unknown value
RBX=0x0000000080002000 is an unknown value
RCX=0x0000000000000045 is an unknown value
RDX=0xffffffff80000000 is an unknown value
RSP=0x00000000201ad220 is pointing into the stack for thread: 0x000000001ddf0000
RBP=0x0000000080000000 is an unknown value
RSI=0x0000000000000140 is an unknown value
RDI=0x0000000080000000 is an unknown value
R8 =0x00000000000000ff is an unknown value
R9 =0x0000000000000000 is an unknown value
R10=0x0000000080001000 is an unknown value
R11=0x00000000253bde60 is an unknown value
R12=0x0000000000000040 is an unknown value
R13=0x0000000000000040 is an unknown value
R14=0x0000000000000000 is an unknown value
R15=0x000000001e382d60 is an unknown value


Stack: [0x00000000200b0000,0x00000000201b0000],  sp=0x00000000201ad220,  free space=1012k
Native frames: (J=compiled Java code, j=interpreted, Vv=VM code, C=native code)
C  [libarcsoft_face.dll+0xe0e5]
C  [libarcsoft_face.dll+0xc5f2]
C  [libarcsoft_face.dll+0xbf04]
C  [libarcsoft_face.dll+0x9049]
C  [libarcsoft_face.dll+0x89bc]
C  [libarcsoft_face.dll+0x7d0a]
C  [libarcsoft_face.dll+0x3c88]
C  [libarcsoft_face_engine.dll+0x58ca]
C  [libarcsoft_face_engine_jni.dll+0x18f6]
C  0x0000000002bb8c67

Java frames: (J=compiled Java code, j=interpreted, Vv=VM code)
j  com.arcsoft.face.FaceEngine.detectFaces(J[BIIII[Lcom/arcsoft/face/FaceInfo;)I+0
j  com.arcsoft.face.FaceEngine.detectFaces([BIILcom/arcsoft/face/enums/ImageFormat;Lcom/arcsoft/face/enums/DetectModel;Ljava/util/List;)I+107
j  com.arcsoft.face.FaceEngine.detectFaces([BIILcom/arcsoft/face/enums/ImageFormat;Ljava/util/List;)I+11
j  com.tangcheng.face_corn.service.impl.faceServiceImpl.facesearch(Ljava/io/InputStream;Ljava/util/List;)Ljava/lang/String;+45
j  com.tangcheng.face_corn.controller.faceController.facesearch(Ljava/lang/String;Ljava/util/List;)Lresult/Result;+22
j  sun.reflect.GeneratedMethodAccessor63.invoke(Ljava/lang/Object;[Ljava/lang/Object;)Ljava/lang/Object;+48
J 1629 C1 sun.reflect.DelegatingMethodAccessorImpl.invoke(Ljava/lang/Object;[Ljava/lang/Object;)Ljava/lang/Object; (10 bytes) @ 0x0000000002f10b64 [0x0000000002f10b20+0x44]
J 1628 C1 java.lang.reflect.Method.invoke(Ljava/lang/Object;[Ljava/lang/Object;)Ljava/lang/Object; (62 bytes) @ 0x0000000002f10794 [0x0000000002f106a0+0xf4]
j  org.springframework.web.method.support.InvocableHandlerMethod.doInvoke([Ljava/lang/Object;)Ljava/lang/Object;+32
j  org.springframework.web.method.support.InvocableHandlerMethod.invokeForRequest(Lorg/springframework/web/context/request/NativeWebRequest;Lorg/springframework/web/method/support/ModelAndViewContainer;[Ljava/lang/Object;)Ljava/lang/Object;+54
j  org.springframework.web.servlet.mvc.method.annotation.ServletInvocableHandlerMethod.invokeAndHandle(Lorg/springframework/web/context/request/ServletWebRequest;Lorg/springframework/web/method/support/ModelAndViewContainer;[Ljava/lang/Object;)V+4
j  org.springframework.web.servlet.mvc.method.annotation.RequestMappingHandlerAdapter.invokeHandlerMethod(Ljavax/servlet/http/HttpServletRequest;Ljavax/servlet/http/HttpServletResponse;Lorg/springframework/web/method/HandlerMethod;)Lorg/springframework/web/servlet/ModelAndView;+244
j  org.springframework.web.servlet.mvc.method.annotation.RequestMappingHandlerAdapter.handleInternal(Ljavax/servlet/http/HttpServletRequest;Ljavax/servlet/http/HttpServletResponse;Lorg/springframework/web/method/HandlerMethod;)Lorg/springframework/web/servlet/ModelAndView;+81
j  org.springframework.web.servlet.mvc.method.AbstractHandlerMethodAdapter.handle(Ljavax/servlet/http/HttpServletRequest;Ljavax/servlet/http/HttpServletResponse;Ljava/lang/Object;)Lorg/springframework/web/servlet/ModelAndView;+7
j  org.springframework.web.servlet.DispatcherServlet.doDispatch(Ljavax/servlet/http/HttpServletRequest;Ljavax/servlet/http/HttpServletResponse;)V+259
j  org.springframework.web.servlet.DispatcherServlet.doService(Ljavax/servlet/http/HttpServletRequest;Ljavax/servlet/http/HttpServletResponse;)V+241
j  org.springframework.web.servlet.FrameworkServlet.processRequest(Ljavax/servlet/http/HttpServletRequest;Ljavax/servlet/http/HttpServletResponse;)V+71
j  org.springframework.web.servlet.FrameworkServlet.doPost(Ljavax/servlet/http/HttpServletRequest;Ljavax/servlet/http/HttpServletResponse;)V+3
j  javax.servlet.http.HttpServlet.service(Ljavax/servlet/http/HttpServletRequest;Ljavax/servlet/http/HttpServletResponse;)V+149
j  org.springframework.web.servlet.FrameworkServlet.service(Ljavax/servlet/http/HttpServletRequest;Ljavax/servlet/http/HttpServletResponse;)V+33
j  javax.servlet.http.HttpServlet.service(Ljavax/servlet/ServletRequest;Ljavax/servlet/ServletResponse;)V+36
J 5590 C1 org.apache.catalina.core.ApplicationFilterChain.internalDoFilter(Ljavax/servlet/ServletRequest;Ljavax/servlet/ServletResponse;)V (388 bytes) @ 0x0000000003587ed4 [0x0000000003587cc0+0x214]
J 5589 C1 org.apache.catalina.core.ApplicationFilterChain.doFilter(Ljavax/servlet/ServletRequest;Ljavax/servlet/ServletResponse;)V (103 bytes) @ 0x0000000003587894 [0x0000000003587860+0x34]
j  org.apache.tomcat.websocket.server.WsFilter.doFilter(Ljavax/servlet/ServletRequest;Ljavax/servlet/ServletResponse;Ljavax/servlet/FilterChain;)V+21
J 5590 C1 org.apache.catalina.core.ApplicationFilterChain.internalDoFilter(Ljavax/servlet/ServletRequest;Ljavax/servlet/ServletResponse;)V (388 bytes) @ 0x00000000035880f4 [0x0000000003587cc0+0x434]
J 5589 C1 org.apache.catalina.core.ApplicationFilterChain.doFilter(Ljavax/servlet/ServletRequest;Ljavax/servlet/ServletResponse;)V (103 bytes) @ 0x0000000003587894 [0x0000000003587860+0x34]
j  org.springframework.web.filter.RequestContextFilter.doFilterInternal(Ljavax/servlet/http/HttpServletRequest;Ljavax/servlet/http/HttpServletResponse;Ljavax/servlet/FilterChain;)V+21
J 5927 C1 org.springframework.web.filter.OncePerRequestFilter.doFilter(Ljavax/servlet/ServletRequest;Ljavax/servlet/ServletResponse;Ljavax/servlet/FilterChain;)V (175 bytes) @ 0x000000000360de54 [0x000000000360db00+0x354]
J 5590 C1 org.apache.catalina.core.ApplicationFilterChain.internalDoFilter(Ljavax/servlet/ServletRequest;Ljavax/servlet/ServletResponse;)V (388 bytes) @ 0x00000000035880f4 [0x0000000003587cc0+0x434]
J 5589 C1 org.apache.catalina.core.ApplicationFilterChain.doFilter(Ljavax/servlet/ServletRequest;Ljavax/servlet/ServletResponse;)V (103 bytes) @ 0x0000000003587894 [0x0000000003587860+0x34]
j  org.springframework.web.filter.FormContentFilter.doFilterInternal(Ljavax/servlet/http/HttpServletRequest;Ljavax/servlet/http/HttpServletResponse;Ljavax/servlet/FilterChain;)V+38
J 5927 C1 org.springframework.web.filter.OncePerRequestFilter.doFilter(Ljavax/servlet/ServletRequest;Ljavax/servlet/ServletResponse;Ljavax/servlet/FilterChain;)V (175 bytes) @ 0x000000000360de54 [0x000000000360db00+0x354]
J 5590 C1 org.apache.catalina.core.ApplicationFilterChain.internalDoFilter(Ljavax/servlet/ServletRequest;Ljavax/servlet/ServletResponse;)V (388 bytes) @ 0x00000000035880f4 [0x0000000003587cc0+0x434]
J 5589 C1 org.apache.catalina.core.ApplicationFilterChain.doFilter(Ljavax/servlet/ServletRequest;Ljavax/servlet/ServletResponse;)V (103 bytes) @ 0x0000000003587894 [0x0000000003587860+0x34]
j  org.springframework.web.filter.CharacterEncodingFilter.doFilterInternal(Ljavax/servlet/http/HttpServletRequest;Ljavax/servlet/http/HttpServletResponse;Ljavax/servlet/FilterChain;)V+53
J 5927 C1 org.springframework.web.filter.OncePerRequestFilter.doFilter(Ljavax/servlet/ServletRequest;Ljavax/servlet/ServletResponse;Ljavax/servlet/FilterChain;)V (175 bytes) @ 0x000000000360de54 [0x000000000360db00+0x354]
J 5590 C1 org.apache.catalina.core.ApplicationFilterChain.internalDoFilter(Ljavax/servlet/ServletRequest;Ljavax/servlet/ServletResponse;)V (388 bytes) @ 0x00000000035880f4 [0x0000000003587cc0+0x434]
J 5589 C1 org.apache.catalina.core.ApplicationFilterChain.doFilter(Ljavax/servlet/ServletRequest;Ljavax/servlet/ServletResponse;)V (103 bytes) @ 0x0000000003587894 [0x0000000003587860+0x34]
j  org.apache.catalina.core.StandardWrapperValve.invoke(Lorg/apache/catalina/connector/Request;Lorg/apache/catalina/connector/Response;)V+694
j  org.apache.catalina.core.StandardContextValve.invoke(Lorg/apache/catalina/connector/Request;Lorg/apache/catalina/connector/Response;)V+169
j  org.apache.catalina.authenticator.AuthenticatorBase.invoke(Lorg/apache/catalina/connector/Request;Lorg/apache/catalina/connector/Response;)V+260
j  org.apache.catalina.core.StandardHostValve.invoke(Lorg/apache/catalina/connector/Request;Lorg/apache/catalina/connector/Response;)V+128
j  org.apache.catalina.valves.ErrorReportValve.invoke(Lorg/apache/catalina/connector/Request;Lorg/apache/catalina/connector/Response;)V+6
j  org.apache.catalina.core.StandardEngineValve.invoke(Lorg/apache/catalina/connector/Request;Lorg/apache/catalina/connector/Response;)V+59
j  org.apache.catalina.connector.CoyoteAdapter.service(Lorg/apache/coyote/Request;Lorg/apache/coyote/Response;)V+199
j  org.apache.coyote.http11.Http11Processor.service(Lorg/apache/tomcat/util/net/SocketWrapperBase;)Lorg/apache/tomcat/util/net/AbstractEndpoint$Handler$SocketState;+737
j  org.apache.coyote.AbstractProcessorLight.process(Lorg/apache/tomcat/util/net/SocketWrapperBase;Lorg/apache/tomcat/util/net/SocketEvent;)Lorg/apache/tomcat/util/net/AbstractEndpoint$Handler$SocketState;+170
j  org.apache.coyote.AbstractProtocol$ConnectionHandler.process(Lorg/apache/tomcat/util/net/SocketWrapperBase;Lorg/apache/tomcat/util/net/SocketEvent;)Lorg/apache/tomcat/util/net/AbstractEndpoint$Handler$SocketState;+505
j  org.apache.tomcat.util.net.NioEndpoint$SocketProcessor.doRun()V+216
j  org.apache.tomcat.util.net.SocketProcessorBase.run()V+21
j  java.util.concurrent.ThreadPoolExecutor.runWorker(Ljava/util/concurrent/ThreadPoolExecutor$Worker;)V+95
j  java.util.concurrent.ThreadPoolExecutor$Worker.run()V+5
j  org.apache.tomcat.util.threads.TaskThread$WrappingRunnable.run()V+4
j  java.lang.Thread.run()V+11
v  ~StubRoutines::call_stub

---------------  P R O C E S S  ---------------

Java Threads: ( => current thread )
  0x000000001de8e000 JavaThread "lettuce-eventExecutorLoop-1-8" daemon [_thread_blocked, id=16944, stack(0x0000000040040000,0x0000000040140000)]
  0x000000001de8a800 JavaThread "lettuce-eventExecutorLoop-1-7" daemon [_thread_blocked, id=8108, stack(0x000000003ff40000,0x0000000040040000)]
  0x000000001de89000 JavaThread "lettuce-eventExecutorLoop-1-6" daemon [_thread_blocked, id=18876, stack(0x000000003fe40000,0x000000003ff40000)]
  0x000000001de89800 JavaThread "lettuce-eventExecutorLoop-1-5" daemon [_thread_blocked, id=17880, stack(0x000000003fd40000,0x000000003fe40000)]
  0x000000001de8b000 JavaThread "lettuce-eventExecutorLoop-1-4" daemon [_thread_blocked, id=744, stack(0x000000003fc40000,0x000000003fd40000)]
  0x000000001de8d800 JavaThread "lettuce-eventExecutorLoop-1-3" daemon [_thread_blocked, id=18868, stack(0x000000003fb40000,0x000000003fc40000)]
  0x000000001de8c000 JavaThread "Java2D Disposer" daemon [_thread_blocked, id=19324, stack(0x000000003f840000,0x000000003f940000)]
  0x000000001de8c800 JavaThread "lettuce-eventExecutorLoop-1-2" daemon [_thread_blocked, id=17804, stack(0x000000003f740000,0x000000003f840000)]
  0x000000001de81800 JavaThread "lettuce-eventExecutorLoop-1-1" daemon [_thread_blocked, id=11040, stack(0x00000000222c0000,0x00000000223c0000)]
  0x000000001de88000 JavaThread "lettuce-nioEventLoop-4-1" daemon [_thread_in_native, id=17144, stack(0x0000000000980000,0x0000000000a80000)]
  0x000000001de80800 JavaThread "DiscoveryClient-HeartbeatExecutor-0" daemon [_thread_blocked, id=14368, stack(0x0000000020eb0000,0x0000000020fb0000)]
  0x000000001de83000 JavaThread "DiscoveryClient-CacheRefreshExecutor-0" daemon [_thread_blocked, id=10360, stack(0x0000000020db0000,0x0000000020eb0000)]
  0x000000001de87800 JavaThread "DestroyJavaVM" [_thread_blocked, id=5608, stack(0x00000000027d0000,0x00000000028d0000)]
  0x000000001de85000 JavaThread "http-nio-8081-Acceptor" daemon [_thread_in_native, id=10180, stack(0x00000000208b0000,0x00000000209b0000)]
  0x000000001de84800 JavaThread "http-nio-8081-ClientPoller" daemon [_thread_in_native, id=17224, stack(0x00000000207b0000,0x00000000208b0000)]
  0x000000001de80000 JavaThread "http-nio-8081-exec-10" daemon [_thread_blocked, id=3756, stack(0x00000000206b0000,0x00000000207b0000)]
  0x000000001de86800 JavaThread "http-nio-8081-exec-9" daemon [_thread_blocked, id=12744, stack(0x00000000205b0000,0x00000000206b0000)]
  0x000000001de82000 JavaThread "http-nio-8081-exec-8" daemon [_thread_blocked, id=15604, stack(0x00000000204b0000,0x00000000205b0000)]
  0x000000001de83800 JavaThread "http-nio-8081-exec-7" daemon [_thread_in_native, id=18728, stack(0x00000000203b0000,0x00000000204b0000)]
  0x000000001de86000 JavaThread "http-nio-8081-exec-6" daemon [_thread_blocked, id=17048, stack(0x00000000202b0000,0x00000000203b0000)]
  0x000000001de7f000 JavaThread "http-nio-8081-exec-5" daemon [_thread_in_native, id=14788, stack(0x00000000201b0000,0x00000000202b0000)]
=>0x000000001ddf0000 JavaThread "http-nio-8081-exec-4" daemon [_thread_in_native, id=9916, stack(0x00000000200b0000,0x00000000201b0000)]
  0x000000001ddee800 JavaThread "http-nio-8081-exec-3" daemon [_thread_blocked, id=8984, stack(0x000000001ffb0000,0x00000000200b0000)]
  0x000000001ddf3800 JavaThread "http-nio-8081-exec-2" daemon [_thread_blocked, id=18376, stack(0x000000001feb0000,0x000000001ffb0000)]
  0x000000001ddf5000 JavaThread "http-nio-8081-exec-1" daemon [_thread_blocked, id=12592, stack(0x000000001fdb0000,0x000000001feb0000)]
  0x000000001ddef000 JavaThread "http-nio-8081-BlockPoller" daemon [_thread_in_native, id=1832, stack(0x000000001fcb0000,0x000000001fdb0000)]
  0x000000001ddf4800 JavaThread "DiscoveryClient-InstanceInfoReplicator-0" daemon [_thread_blocked, id=18620, stack(0x000000001fbb0000,0x000000001fcb0000)]
  0x000000001ddf2000 JavaThread "DiscoveryClient-1" daemon [_thread_blocked, id=3116, stack(0x000000001fab0000,0x000000001fbb0000)]
  0x000000001ddf1800 JavaThread "DiscoveryClient-0" daemon [_thread_blocked, id=12884, stack(0x000000001f8b0000,0x000000001f9b0000)]
  0x000000001ddf3000 JavaThread "AsyncResolver-bootstrap-0" daemon [_thread_blocked, id=4156, stack(0x000000001f3b0000,0x000000001f4b0000)]
  0x000000001ddf0800 JavaThread "spring.cloud.inetutils" daemon [_thread_blocked, id=15832, stack(0x000000001f0b0000,0x000000001f1b0000)]
  0x000000001c0b2800 JavaThread "lettuce-timer-3-1" daemon [_thread_blocked, id=5456, stack(0x000000001d9e0000,0x000000001dae0000)]
  0x000000001c010800 JavaThread "container-0" [_thread_blocked, id=10432, stack(0x000000001d6e0000,0x000000001d7e0000)]
  0x000000001c00f800 JavaThread "Catalina-utility-2" [_thread_blocked, id=10584, stack(0x000000001d5e0000,0x000000001d6e0000)]
  0x000000001c00e800 JavaThread "Catalina-utility-1" [_thread_blocked, id=14628, stack(0x000000001c4e0000,0x000000001c5e0000)]
  0x000000001a588800 JavaThread "Service Thread" daemon [_thread_blocked, id=14864, stack(0x000000001ae60000,0x000000001af60000)]
  0x000000001a4e3800 JavaThread "C1 CompilerThread3" daemon [_thread_blocked, id=19244, stack(0x000000001ad60000,0x000000001ae60000)]
  0x000000001a4df800 JavaThread "C2 CompilerThread2" daemon [_thread_blocked, id=17900, stack(0x000000001ac60000,0x000000001ad60000)]
  0x000000001a4df000 JavaThread "C2 CompilerThread1" daemon [_thread_blocked, id=5244, stack(0x000000001ab60000,0x000000001ac60000)]
  0x000000001a4d8000 JavaThread "C2 CompilerThread0" daemon [_thread_blocked, id=16424, stack(0x000000001aa60000,0x000000001ab60000)]
  0x000000001a4ce000 JavaThread "Monitor Ctrl-Break" daemon [_thread_in_native, id=8668, stack(0x000000001a960000,0x000000001aa60000)]
  0x00000000199a1800 JavaThread "Attach Listener" daemon [_thread_blocked, id=9684, stack(0x000000001a060000,0x000000001a160000)]
  0x00000000199fb800 JavaThread "Signal Dispatcher" daemon [_thread_blocked, id=12296, stack(0x0000000019f60000,0x000000001a060000)]
  0x0000000019980800 JavaThread "Finalizer" daemon [_thread_blocked, id=13680, stack(0x0000000019e60000,0x0000000019f60000)]
  0x0000000017b6f800 JavaThread "Reference Handler" daemon [_thread_blocked, id=18072, stack(0x0000000019d60000,0x0000000019e60000)]

Other Threads:
  0x0000000017b66800 VMThread [stack: 0x0000000019860000,0x0000000019960000] [id=19280]
  0x000000001a599000 WatcherThread [stack: 0x000000001af60000,0x000000001b060000] [id=4292]

VM state:not at safepoint (normal execution)

VM Mutex/Monitor currently owned by a thread: None

heap address: 0x0000000081200000, size: 2030 MB, Compressed Oops mode: 32-bit
Narrow klass base: 0x0000000000000000, Narrow klass shift: 3
Compressed class space size: 1073741824 Address: 0x0000000100000000

Heap:
 PSYoungGen      total 241152K, used 239773K [0x00000000d5b80000, 0x00000000e6500000, 0x0000000100000000)
  eden space 231936K, 99% used [0x00000000d5b80000,0x00000000e3d8ef20,0x00000000e3e00000)
  from space 9216K, 89% used [0x00000000e5c00000,0x00000000e6418868,0x00000000e6500000)
  to   space 19968K, 0% used [0x00000000e3e00000,0x00000000e3e00000,0x00000000e5180000)
 ParOldGen       total 79360K, used 59659K [0x0000000081200000, 0x0000000085f80000, 0x00000000d5b80000)
  object space 79360K, 75% used [0x0000000081200000,0x0000000084c42d18,0x0000000085f80000)
 Metaspace       used 53623K, capacity 57252K, committed 57432K, reserved 1099776K
  class space    used 7334K, capacity 7972K, committed 8064K, reserved 1048576K

Card table byte_map: [0x0000000011f60000,0x0000000012360000] byte_map_base: 0x0000000011b57000

Marking Bits: (ParMarkBitMap*) 0x000000005d9a4ce0
 Begin Bits: [0x0000000012e10000, 0x0000000014dc8000)
 End Bits:   [0x0000000014dc8000, 0x0000000016d80000)

Polling page: 0x0000000000670000

CodeCache: size=245760Kb used=11661Kb max_used=11661Kb free=234098Kb
 bounds [0x0000000002ba0000, 0x0000000003710000, 0x0000000011ba0000]
 total_blobs=6993 nmethods=6401 adapters=503
 compilation: enabled

Compilation events (10 events):
Event: 197.397 Thread 0x000000001a4e3800 6536       1       org.apache.catalina.mapper.Mapper::internalMapExactWrapper (105 bytes)
Event: 197.397 Thread 0x000000001a4e3800 nmethod 6536 0x00000000036fe650 code [0x00000000036fe840, 0x00000000036fec78]
Event: 197.397 Thread 0x000000001a4e3800 6537   !   1       org.apache.catalina.core.StandardWrapper::allocate (413 bytes)
Event: 197.400 Thread 0x000000001a4e3800 nmethod 6537 0x00000000036ff0d0 code [0x00000000036ff400, 0x00000000037008f8]
Event: 197.425 Thread 0x000000001a4e3800 6538       1       org.apache.catalina.core.ApplicationFilterFactory::createFilterChain (344 bytes)
Event: 197.426 Thread 0x000000001a4e3800 nmethod 6538 0x0000000003702090 code [0x00000000037022e0, 0x0000000003702dd8]
Event: 197.426 Thread 0x000000001a4e3800 6539       1       org.apache.catalina.core.ApplicationFilterChain::setServlet (6 bytes)
Event: 197.426 Thread 0x000000001a4e3800 nmethod 6539 0x0000000003703810 code [0x0000000003703960, 0x0000000003703a90]
Event: 197.426 Thread 0x000000001a4e3800 6540       1       org.springframework.web.servlet.handler.AbstractHandlerMapping::getHandler (247 bytes)
Event: 197.428 Thread 0x000000001a4e3800 nmethod 6540 0x0000000003703b10 code [0x0000000003703e00, 0x0000000003704958]

GC Heap History (10 events):
Event: 115.697 GC heap before
{Heap before GC invocations=14 (full 2):
 PSYoungGen      total 177664K, used 177649K [0x00000000d5b80000, 0x00000000e4d80000, 0x0000000100000000)
  eden space 165888K, 100% used [0x00000000d5b80000,0x00000000dfd80000,0x00000000dfd80000)
  from space 11776K, 99% used [0x00000000dfd80000,0x00000000e08fc558,0x00000000e0900000)
  to   space 14336K, 0% used [0x00000000e3f80000,0x00000000e3f80000,0x00000000e4d80000)
 ParOldGen       total 79360K, used 21782K [0x0000000081200000, 0x0000000085f80000, 0x00000000d5b80000)
  object space 79360K, 27% used [0x0000000081200000,0x0000000082745ab8,0x0000000085f80000)
 Metaspace       used 53203K, capacity 56764K, committed 56792K, reserved 1097728K
  class space    used 7286K, capacity 7928K, committed 7936K, reserved 1048576K
Event: 115.714 GC heap after
Heap after GC invocations=14 (full 2):
 PSYoungGen      total 224768K, used 14313K [0x00000000d5b80000, 0x00000000e5780000, 0x0000000100000000)
  eden space 210432K, 0% used [0x00000000d5b80000,0x00000000d5b80000,0x00000000e2900000)
  from space 14336K, 99% used [0x00000000e3f80000,0x00000000e4d7a550,0x00000000e4d80000)
  to   space 23040K, 0% used [0x00000000e2900000,0x00000000e2900000,0x00000000e3f80000)
 ParOldGen       total 79360K, used 41279K [0x0000000081200000, 0x0000000085f80000, 0x00000000d5b80000)
  object space 79360K, 52% used [0x0000000081200000,0x0000000083a4fd18,0x0000000085f80000)
 Metaspace       used 53203K, capacity 56764K, committed 56792K, reserved 1097728K
  class space    used 7286K, capacity 7928K, committed 7936K, reserved 1048576K
}
Event: 136.200 GC heap before
{Heap before GC invocations=15 (full 2):
 PSYoungGen      total 224768K, used 224745K [0x00000000d5b80000, 0x00000000e5780000, 0x0000000100000000)
  eden space 210432K, 100% used [0x00000000d5b80000,0x00000000e2900000,0x00000000e2900000)
  from space 14336K, 99% used [0x00000000e3f80000,0x00000000e4d7a550,0x00000000e4d80000)
  to   space 23040K, 0% used [0x00000000e2900000,0x00000000e2900000,0x00000000e3f80000)
 ParOldGen       total 79360K, used 41279K [0x0000000081200000, 0x0000000085f80000, 0x00000000d5b80000)
  object space 79360K, 52% used [0x0000000081200000,0x0000000083a4fd18,0x0000000085f80000)
 Metaspace       used 53233K, capacity 56870K, committed 57048K, reserved 1097728K
  class space    used 7292K, capacity 7935K, committed 7936K, reserved 1048576K
Event: 136.210 GC heap after
Heap after GC invocations=15 (full 2):
 PSYoungGen      total 233472K, used 9317K [0x00000000d5b80000, 0x00000000e8480000, 0x0000000100000000)
  eden space 210432K, 0% used [0x00000000d5b80000,0x00000000d5b80000,0x00000000e2900000)
  from space 23040K, 40% used [0x00000000e2900000,0x00000000e3219780,0x00000000e3f80000)
  to   space 22016K, 0% used [0x00000000e6f00000,0x00000000e6f00000,0x00000000e8480000)
 ParOldGen       total 79360K, used 59635K [0x0000000081200000, 0x0000000085f80000, 0x00000000d5b80000)
  object space 79360K, 75% used [0x0000000081200000,0x0000000084c3cd18,0x0000000085f80000)
 Metaspace       used 53233K, capacity 56870K, committed 57048K, reserved 1097728K
  class space    used 7292K, capacity 7935K, committed 7936K, reserved 1048576K
}
Event: 148.816 GC heap before
{Heap before GC invocations=16 (full 2):
 PSYoungGen      total 233472K, used 219749K [0x00000000d5b80000, 0x00000000e8480000, 0x0000000100000000)
  eden space 210432K, 100% used [0x00000000d5b80000,0x00000000e2900000,0x00000000e2900000)
  from space 23040K, 40% used [0x00000000e2900000,0x00000000e3219780,0x00000000e3f80000)
  to   space 22016K, 0% used [0x00000000e6f00000,0x00000000e6f00000,0x00000000e8480000)
 ParOldGen       total 79360K, used 59635K [0x0000000081200000, 0x0000000085f80000, 0x00000000d5b80000)
  object space 79360K, 75% used [0x0000000081200000,0x0000000084c3cd18,0x0000000085f80000)
 Metaspace       used 53505K, capacity 57102K, committed 57432K, reserved 1099776K
  class space    used 7330K, capacity 7969K, committed 8064K, reserved 1048576K
Event: 148.820 GC heap after
Heap after GC invocations=16 (full 2):
 PSYoungGen      total 263680K, used 9673K [0x00000000d5b80000, 0x00000000e7a80000, 0x0000000100000000)
  eden space 251904K, 0% used [0x00000000d5b80000,0x00000000d5b80000,0x00000000e5180000)
  from space 11776K, 82% used [0x00000000e6f00000,0x00000000e7872710,0x00000000e7a80000)
  to   space 20992K, 0% used [0x00000000e5180000,0x00000000e5180000,0x00000000e6600000)
 ParOldGen       total 79360K, used 59643K [0x0000000081200000, 0x0000000085f80000, 0x00000000d5b80000)
  object space 79360K, 75% used [0x0000000081200000,0x0000000084c3ed18,0x0000000085f80000)
 Metaspace       used 53505K, capacity 57102K, committed 57432K, reserved 1099776K
  class space    used 7330K, capacity 7969K, committed 8064K, reserved 1048576K
}
Event: 163.217 GC heap before
{Heap before GC invocations=17 (full 2):
 PSYoungGen      total 263680K, used 261446K [0x00000000d5b80000, 0x00000000e7a80000, 0x0000000100000000)
  eden space 251904K, 99% used [0x00000000d5b80000,0x00000000e515f498,0x00000000e5180000)
  from space 11776K, 82% used [0x00000000e6f00000,0x00000000e7872710,0x00000000e7a80000)
  to   space 20992K, 0% used [0x00000000e5180000,0x00000000e5180000,0x00000000e6600000)
 ParOldGen       total 79360K, used 59643K [0x0000000081200000, 0x0000000085f80000, 0x00000000d5b80000)
  object space 79360K, 75% used [0x0000000081200000,0x0000000084c3ed18,0x0000000085f80000)
 Metaspace       used 53530K, capacity 57172K, committed 57432K, reserved 1099776K
  class space    used 7331K, capacity 7970K, committed 8064K, reserved 1048576K
Event: 163.221 GC heap after
Heap after GC invocations=17 (full 2):
 PSYoungGen      total 248832K, used 6997K [0x00000000d5b80000, 0x00000000e7080000, 0x0000000100000000)
  eden space 241664K, 0% used [0x00000000d5b80000,0x00000000d5b80000,0x00000000e4780000)
  from space 7168K, 97% used [0x00000000e5180000,0x00000000e58554c0,0x00000000e5880000)
  to   space 20992K, 0% used [0x00000000e5c00000,0x00000000e5c00000,0x00000000e7080000)
 ParOldGen       total 79360K, used 59651K [0x0000000081200000, 0x0000000085f80000, 0x00000000d5b80000)
  object space 79360K, 75% used [0x0000000081200000,0x0000000084c40d18,0x0000000085f80000)
 Metaspace       used 53530K, capacity 57172K, committed 57432K, reserved 1099776K
  class space    used 7331K, capacity 7970K, committed 8064K, reserved 1048576K
}
Event: 194.359 GC heap before
{Heap before GC invocations=18 (full 2):
 PSYoungGen      total 248832K, used 248661K [0x00000000d5b80000, 0x00000000e7080000, 0x0000000100000000)
  eden space 241664K, 100% used [0x00000000d5b80000,0x00000000e4780000,0x00000000e4780000)
  from space 7168K, 97% used [0x00000000e5180000,0x00000000e58554c0,0x00000000e5880000)
  to   space 20992K, 0% used [0x00000000e5c00000,0x00000000e5c00000,0x00000000e7080000)
 ParOldGen       total 79360K, used 59651K [0x0000000081200000, 0x0000000085f80000, 0x00000000d5b80000)
  object space 79360K, 75% used [0x0000000081200000,0x0000000084c40d18,0x0000000085f80000)
 Metaspace       used 53615K, capacity 57240K, committed 57432K, reserved 1099776K
  class space    used 7331K, capacity 7970K, committed 8064K, reserved 1048576K
Event: 194.363 GC heap after
Heap after GC invocations=18 (full 2):
 PSYoungGen      total 241152K, used 8290K [0x00000000d5b80000, 0x00000000e6500000, 0x0000000100000000)
  eden space 231936K, 0% used [0x00000000d5b80000,0x00000000d5b80000,0x00000000e3e00000)
  from space 9216K, 89% used [0x00000000e5c00000,0x00000000e6418868,0x00000000e6500000)
  to   space 19968K, 0% used [0x00000000e3e00000,0x00000000e3e00000,0x00000000e5180000)
 ParOldGen       total 79360K, used 59659K [0x0000000081200000, 0x0000000085f80000, 0x00000000d5b80000)
  object space 79360K, 75% used [0x0000000081200000,0x0000000084c42d18,0x0000000085f80000)
 Metaspace       used 53615K, capacity 57240K, committed 57432K, reserved 1099776K
  class space    used 7331K, capacity 7970K, committed 8064K, reserved 1048576K
}

Deoptimization events (0 events):
No events

Classes redefined (0 events):
No events

Internal exceptions (10 events):
Event: 171.004 Thread 0x000000001de86800 Exception <a 'java/io/IOException'> (0x00000000dccb13b8) thrown at [C:\re\workspace\8-2-build-windows-amd64-cygwin\jdk8u201\12322\hotspot\src\share\vm\prims\jni.cpp, line 709]
Event: 177.953 Thread 0x000000001ddee800 Exception <a 'java/io/IOException'> (0x00000000df795930) thrown at [C:\re\workspace\8-2-build-windows-amd64-cygwin\jdk8u201\12322\hotspot\src\share\vm\prims\jni.cpp, line 709]
Event: 185.995 Thread 0x000000001de83000 Exception <a 'java/net/SocketTimeoutException': Read timed out> (0x00000000e0fe5b38) thrown at [C:\re\workspace\8-2-build-windows-amd64-cygwin\jdk8u201\12322\hotspot\src\share\vm\prims\jni.cpp, line 735]
Event: 186.011 Thread 0x000000001de80800 Exception <a 'java/net/SocketTimeoutException': Read timed out> (0x00000000e103d8c8) thrown at [C:\re\workspace\8-2-build-windows-amd64-cygwin\jdk8u201\12322\hotspot\src\share\vm\prims\jni.cpp, line 735]
Event: 188.825 Thread 0x000000001ddf3800 Exception <a 'java/io/IOException'> (0x00000000e14a5f08) thrown at [C:\re\workspace\8-2-build-windows-amd64-cygwin\jdk8u201\12322\hotspot\src\share\vm\prims\jni.cpp, line 709]
Event: 194.912 Thread 0x000000001de82000 Exception <a 'java/io/IOException'> (0x00000000d8077258) thrown at [C:\re\workspace\8-2-build-windows-amd64-cygwin\jdk8u201\12322\hotspot\src\share\vm\prims\jni.cpp, line 709]
Event: 195.364 Thread 0x000000001ddf0000 Exception <a 'java/io/IOException'> (0x00000000d97eff18) thrown at [C:\re\workspace\8-2-build-windows-amd64-cygwin\jdk8u201\12322\hotspot\src\share\vm\prims\jni.cpp, line 709]
Event: 196.681 Thread 0x000000001ddf5000 Exception <a 'java/io/IOException'> (0x00000000de07d6e0) thrown at [C:\re\workspace\8-2-build-windows-amd64-cygwin\jdk8u201\12322\hotspot\src\share\vm\prims\jni.cpp, line 709]
Event: 196.681 Thread 0x000000001de86000 Exception <a 'java/io/IOException'> (0x00000000dee63c80) thrown at [C:\re\workspace\8-2-build-windows-amd64-cygwin\jdk8u201\12322\hotspot\src\share\vm\prims\jni.cpp, line 709]
Event: 196.681 Thread 0x000000001ddf3800 Exception <a 'java/io/IOException'> (0x00000000de9d0750) thrown at [C:\re\workspace\8-2-build-windows-amd64-cygwin\jdk8u201\12322\hotspot\src\share\vm\prims\jni.cpp, line 709]

Events (10 events):
Event: 196.878 loading class sun/reflect/GeneratedMethodAccessor63
Event: 196.878 loading class sun/reflect/GeneratedMethodAccessor63 done
Event: 196.880 loading class sun/reflect/GeneratedMethodAccessor63
Event: 196.881 loading class sun/reflect/GeneratedMethodAccessor63 done
Event: 197.310 Executing VM operation: RevokeBias
Event: 197.310 Executing VM operation: RevokeBias done
Event: 197.385 Executing VM operation: RevokeBias
Event: 197.386 Executing VM operation: RevokeBias done
Event: 197.393 Executing VM operation: RevokeBias
Event: 197.393 Executing VM operation: RevokeBias done


Dynamic libraries:
0x00007ff6748f0000 - 0x00007ff674927000 	C:\Program Files\Java\jdk1.8.0_201\bin\java.exe
0x00007ffb96d10000 - 0x00007ffb96f05000 	C:\WINDOWS\SYSTEM32\ntdll.dll
0x00007ffb957f0000 - 0x00007ffb958ae000 	C:\WINDOWS\System32\KERNEL32.DLL
0x00007ffb94930000 - 0x00007ffb94bf9000 	C:\WINDOWS\System32\KERNELBASE.dll
0x00007ffb95a50000 - 0x00007ffb95afc000 	C:\WINDOWS\System32\ADVAPI32.dll
0x00007ffb956c0000 - 0x00007ffb9575e000 	C:\WINDOWS\System32\msvcrt.dll
0x00007ffb94d90000 - 0x00007ffb94e2b000 	C:\WINDOWS\System32\sechost.dll
0x00007ffb95d40000 - 0x00007ffb95e6a000 	C:\WINDOWS\System32\RPCRT4.dll
0x00007ffb96b20000 - 0x00007ffb96cc1000 	C:\WINDOWS\System32\USER32.dll
0x00007ffb94710000 - 0x00007ffb94732000 	C:\WINDOWS\System32\win32u.dll
0x00007ffb96af0000 - 0x00007ffb96b1b000 	C:\WINDOWS\System32\GDI32.dll
0x00007ffb94c50000 - 0x00007ffb94d5b000 	C:\WINDOWS\System32\gdi32full.dll
0x00007ffb94530000 - 0x00007ffb945cd000 	C:\WINDOWS\System32\msvcp_win.dll
0x00007ffb94430000 - 0x00007ffb94530000 	C:\WINDOWS\System32\ucrtbase.dll
0x00007ffb85b50000 - 0x00007ffb85dea000 	C:\WINDOWS\WinSxS\amd64_microsoft.windows.common-controls_6595b64144ccf1df_6.0.19041.1110_none_60b5254171f9507e\COMCTL32.dll
0x00007ffb94d60000 - 0x00007ffb94d90000 	C:\WINDOWS\System32\IMM32.DLL
0x000000005e860000 - 0x000000005e931000 	C:\Program Files\Java\jdk1.8.0_201\jre\bin\msvcr100.dll
0x000000005d180000 - 0x000000005da24000 	C:\Program Files\Java\jdk1.8.0_201\jre\bin\server\jvm.dll
0x00007ffb968e0000 - 0x00007ffb968e8000 	C:\WINDOWS\System32\PSAPI.DLL
0x00007ffb8f260000 - 0x00007ffb8f269000 	C:\WINDOWS\SYSTEM32\WSOCK32.dll
0x00007ffb967e0000 - 0x00007ffb9684b000 	C:\WINDOWS\System32\WS2_32.dll
0x00007ffb87350000 - 0x00007ffb87377000 	C:\WINDOWS\SYSTEM32\WINMM.dll
0x00007ffb8b3f0000 - 0x00007ffb8b3fa000 	C:\WINDOWS\SYSTEM32\VERSION.dll
0x00007ffb8dc60000 - 0x00007ffb8dc6f000 	C:\Program Files\Java\jdk1.8.0_201\jre\bin\verify.dll
0x00007ffb737c0000 - 0x00007ffb737e9000 	C:\Program Files\Java\jdk1.8.0_201\jre\bin\java.dll
0x00007ffb73210000 - 0x00007ffb73233000 	C:\Program Files\Java\jdk1.8.0_201\jre\bin\instrument.dll
0x00007ffb7a730000 - 0x00007ffb7a746000 	C:\Program Files\Java\jdk1.8.0_201\jre\bin\zip.dll
0x00007ffb95e70000 - 0x00007ffb965af000 	C:\WINDOWS\System32\SHELL32.dll
0x00007ffb92170000 - 0x00007ffb92900000 	C:\WINDOWS\SYSTEM32\windows.storage.dll
0x00007ffb952b0000 - 0x00007ffb95605000 	C:\WINDOWS\System32\combase.dll
0x00007ffb93e80000 - 0x00007ffb93eac000 	C:\WINDOWS\SYSTEM32\Wldp.dll
0x00007ffb95610000 - 0x00007ffb956bd000 	C:\WINDOWS\System32\SHCORE.dll
0x00007ffb958b0000 - 0x00007ffb95905000 	C:\WINDOWS\System32\shlwapi.dll
0x00007ffb94370000 - 0x00007ffb9438f000 	C:\WINDOWS\SYSTEM32\profapi.dll
0x00007ffb67190000 - 0x00007ffb671aa000 	F:\subject\IDEA 2018_sssam.com\IntelliJ IDEA 2018.2.4\bin\breakgen64.dll
0x00007ffb730a0000 - 0x00007ffb730ba000 	C:\Program Files\Java\jdk1.8.0_201\jre\bin\net.dll
0x00007ffb82500000 - 0x00007ffb826eb000 	C:\WINDOWS\SYSTEM32\urlmon.dll
0x00007ffb82a60000 - 0x00007ffb82d10000 	C:\WINDOWS\SYSTEM32\iertutil.dll
0x00007ffb824d0000 - 0x00007ffb824f8000 	C:\WINDOWS\SYSTEM32\srvcli.dll
0x00007ffb93a30000 - 0x00007ffb93a3c000 	C:\WINDOWS\SYSTEM32\netutils.dll
0x00007ffb93be0000 - 0x00007ffb93c4a000 	C:\WINDOWS\system32\mswsock.dll
0x00007ffb93880000 - 0x00007ffb938bb000 	C:\WINDOWS\SYSTEM32\IPHLPAPI.DLL
0x00007ffb95a40000 - 0x00007ffb95a48000 	C:\WINDOWS\System32\NSI.dll
0x00007ffb89750000 - 0x00007ffb89767000 	C:\WINDOWS\SYSTEM32\dhcpcsvc6.DLL
0x00007ffb8b230000 - 0x00007ffb8b24d000 	C:\WINDOWS\SYSTEM32\dhcpcsvc.DLL
0x00007ffb938c0000 - 0x00007ffb9398c000 	C:\WINDOWS\SYSTEM32\DNSAPI.dll
0x00007ffb8b560000 - 0x00007ffb8b56a000 	C:\Windows\System32\rasadhlp.dll
0x00007ffb82e60000 - 0x00007ffb82edf000 	C:\WINDOWS\System32\fwpuclnt.dll
0x00007ffb94630000 - 0x00007ffb94657000 	C:\WINDOWS\System32\bcrypt.dll
0x00007ffb8dc10000 - 0x00007ffb8dc1d000 	C:\Program Files\Java\jdk1.8.0_201\jre\bin\management.dll
0x00007ffb76820000 - 0x00007ffb76837000 	C:\WINDOWS\system32\napinsp.dll
0x00007ffb76710000 - 0x00007ffb7672b000 	C:\WINDOWS\system32\pnrpnsp.dll
0x00007ffb8e7d0000 - 0x00007ffb8e7e5000 	C:\WINDOWS\system32\wshbth.dll
0x00007ffb8f180000 - 0x00007ffb8f19d000 	C:\WINDOWS\system32\NLAapi.dll
0x00007ffb766f0000 - 0x00007ffb76702000 	C:\WINDOWS\System32\winrnr.dll
0x00007ffb72120000 - 0x00007ffb72131000 	C:\Program Files\Java\jdk1.8.0_201\jre\bin\nio.dll
0x00007ffb93dd0000 - 0x00007ffb93de8000 	C:\WINDOWS\SYSTEM32\CRYPTSP.dll
0x00007ffb934f0000 - 0x00007ffb93524000 	C:\WINDOWS\system32\rsaenh.dll
0x00007ffb94330000 - 0x00007ffb9435e000 	C:\WINDOWS\SYSTEM32\USERENV.dll
0x00007ffb94740000 - 0x00007ffb947c3000 	C:\WINDOWS\System32\bcryptprimitives.dll
0x00007ffb93df0000 - 0x00007ffb93dfc000 	C:\WINDOWS\SYSTEM32\CRYPTBASE.dll
0x00007ffb658f0000 - 0x00007ffb65914000 	C:\Program Files\Java\jdk1.8.0_201\jre\bin\sunec.dll
0x00007ffb42b50000 - 0x00007ffb4598d000 	C:\Users\lenovo\Desktop\人脸识别\Face-recognition-main\ArcSoft_ArcFace_Java_Windows_x64_V3.0\libs\WIN64\libarcsoft_face.dll
0x00007ffb7a250000 - 0x00007ffb7a33f000 	C:\WINDOWS\SYSTEM32\MSVCR120.dll
0x00007ffb7a340000 - 0x00007ffb7a3e6000 	C:\WINDOWS\SYSTEM32\MSVCP120.dll
0x00007ffb51360000 - 0x00007ffb513df000 	C:\Users\lenovo\Desktop\人脸识别\Face-recognition-main\ArcSoft_ArcFace_Java_Windows_x64_V3.0\libs\WIN64\libarcsoft_face_engine.dll
0x00007ffb95c30000 - 0x00007ffb95c86000 	C:\WINDOWS\System32\WLDAP32.dll
0x00007ffb75740000 - 0x00007ffb75765000 	C:\Users\lenovo\Desktop\人脸识别\Face-recognition-main\ArcSoft_ArcFace_Java_Windows_x64_V3.0\libs\WIN64\libarcsoft_face_engine_jni.dll
0x00007ffb479e0000 - 0x00007ffb47b79000 	C:\Program Files\Java\jdk1.8.0_201\jre\bin\awt.dll
0x00007ffb95b00000 - 0x00007ffb95bcd000 	C:\WINDOWS\System32\OLEAUT32.dll
0x00007ffb90a90000 - 0x00007ffb90b20000 	C:\WINDOWS\SYSTEM32\apphelp.dll
0x00007ffb64870000 - 0x00007ffb648a1000 	C:\Program Files\Java\jdk1.8.0_201\jre\bin\jpeg.dll
0x00007ffb929d0000 - 0x00007ffb92bb4000 	C:\WINDOWS\SYSTEM32\dbghelp.dll

VM Arguments:
jvm_args: -XX:CompileCommand=exclude,org/hibernate/cfg/annotations/SimpleValueBinder.setType -XX:TieredStopAtLevel=1 -Xverify:none -Dspring.output.ansi.enabled=always -javaagent:F:\subject\IDEA 2018_sssam.com\IntelliJ IDEA 2018.2.4\lib\idea_rt.jar=64785:F:\subject\IDEA 2018_sssam.com\IntelliJ IDEA 2018.2.4\bin -Dfile.encoding=UTF-8 
java_command: com.tangcheng.face_corn.FaceCornApplication
java_class_path (initial): C:\Program Files\Java\jdk1.8.0_201\jre\lib\charsets.jar;C:\Program Files\Java\jdk1.8.0_201\jre\lib\deploy.jar;C:\Program Files\Java\jdk1.8.0_201\jre\lib\ext\access-bridge-64.jar;C:\Program Files\Java\jdk1.8.0_201\jre\lib\ext\cldrdata.jar;C:\Program Files\Java\jdk1.8.0_201\jre\lib\ext\dnsns.jar;C:\Program Files\Java\jdk1.8.0_201\jre\lib\ext\jaccess.jar;C:\Program Files\Java\jdk1.8.0_201\jre\lib\ext\jfxrt.jar;C:\Program Files\Java\jdk1.8.0_201\jre\lib\ext\localedata.jar;C:\Program Files\Java\jdk1.8.0_201\jre\lib\ext\nashorn.jar;C:\Program Files\Java\jdk1.8.0_201\jre\lib\ext\sunec.jar;C:\Program Files\Java\jdk1.8.0_201\jre\lib\ext\sunjce_provider.jar;C:\Program Files\Java\jdk1.8.0_201\jre\lib\ext\sunmscapi.jar;C:\Program Files\Java\jdk1.8.0_201\jre\lib\ext\sunpkcs11.jar;C:\Program Files\Java\jdk1.8.0_201\jre\lib\ext\zipfs.jar;C:\Program Files\Java\jdk1.8.0_201\jre\lib\javaws.jar;C:\Program Files\Java\jdk1.8.0_201\jre\lib\jce.jar;C:\Program Files\Java\jdk1.8.0_201\jre\lib\jfr.jar;C:\Program Files\Java\jdk1.8.0_201\jre\lib\jfxswt.jar;C:\Program Files\Java\jdk1.8.0_201\jre\lib\jsse.jar;C:\Program Files\Java\jdk1.8.0_201\jre\lib\management-agent.jar;C:\Program Files\Java\jdk1.8.0_201\jre\lib\plugin.jar;C:\Program Files\Java\jdk1.8.0_201\jre\lib\resources.jar;C:\Program Files\Java\jdk1.8.0_201\jre\lib\rt.jar;C:\Users\lenovo\Desktop\人脸识别\Face-recognition-main\facesystem\face_corn\target\classes;C:\Users\lenovo\Desktop\人脸识别\Face-recognition-main\facesystem\common\target\classes;F:\subject\JavaWeb\maven-l\com\auth0\java-jwt\3.4.0\java-jwt-3.4.0.jar;F:\subject\JavaWeb\maven-l\commons-codec\commons-codec\1.15\commons-codec-1.15.jar;F:\subject\JavaWeb\maven-l\com\aliyun\oss\aliyun-sdk-oss\3.12.0\aliyun-sdk-oss-3.12.0.jar;F:\subject\JavaWeb\maven-l\org\apache\httpcomponents\httpclient\4.5.13\httpclient-4.5.13.jar;F:\subject\JavaWeb\maven-l\org\apache\httpcomponents\httpcore\4.4.14\httpcore-4.4.14.jar;F:\subject\JavaWeb\maven-l\org\jdom\jdom2\2.
Launcher Type: SUN_STANDARD

Environment Variables:
JAVA_HOME=C:\Program Files\Java\jdk1.8.0_201
CLASSPATH=.;C:\Program Files\Java\jdk1.8.0_201\lib\dt.jar,C:\Program Files\Java\jdk1.8.0_201\lib\tools.jar;F:\subject\JavaWeb\apache-tomcat-8.5.45\lib\servlet-api.jar
PATH=C:\Program Files (x86)\Common Files\Oracle\Java\javapath;C:\WINDOWS\system32;C:\WINDOWS;C:\WINDOWS\System32\Wbem;C:\WINDOWS\System32\WindowsPowerShell\v1.0\;C:\WINDOWS\System32\OpenSSH\;F:\subject\JavaWeb\apache-tomcat-8.5.45\bin;F:\subject\JavaWeb\apache-tomcat-8.5.45\lib;C:\Program Files\NVIDIA Corporation\NVIDIA NvDLISR;F:\subject\JavaWeb\apache-maven-3.3.9\bin;F:\subject\JavaWeb\Gradle\gradle-6.9.1\bin;F:\subject\JavaWeb\nodejs;C:\Program Files\Java\jdk1.8.0_201\bin;C:\Program Files\MySQL\MySQL Server 8.0\bin;F:\subject\JavaWeb\env\MongoDB\bin;C:\Users\lenovo\AppData\Local\Microsoft\WindowsApps;F:\subject\PyCharm\PyCharm Community Edition 2020.3.3\bin;;F:\subject\JavaWeb\Microsoft VS Code\bin;F:\subject\JavaWeb\nodejs\node_global;
USERNAME=lenovo
OS=Windows_NT
PROCESSOR_IDENTIFIER=Intel64 Family 6 Model 158 Stepping 10, GenuineIntel



---------------  S Y S T E M  ---------------

OS: Windows 10.0 , 64 bit Build 19041 (10.0.19041.1202)

CPU:total 8 (initial active 8) (4 cores per cpu, 2 threads per core) family 6 model 158 stepping 10, cmov, cx8, fxsr, mmx, sse, sse2, sse3, ssse3, sse4.1, sse4.2, popcnt, avx, avx2, aes, clmul, erms, 3dnowpref, lzcnt, ht, tsc, tscinvbit, bmi1, bmi2, adx

Memory: 4k page, physical 8306932k(1050960k free), swap 18792692k(4434736k free)

vm_info: Java HotSpot(TM) 64-Bit Server VM (25.201-b09) for windows-amd64 JRE (1.8.0_201-b09), built on Dec 15 2018 18:36:39 by "java_re" with MS VC++ 10.0 (VS2010)

time: Sun Oct 31 03:18:39 2021
timezone: 中国标准时间
elapsed time: 197 seconds (0d 0h 3m 17s)

