#
# A fatal error has been detected by the Java Runtime Environment:
#
#  EXCEPTION_ACCESS_VIOLATION (0xc0000005) at pc=0x00007ffbbb3ae0e5, pid=18364, tid=0x0000000000002ea0
#
# JRE version: Java(TM) SE Runtime Environment (8.0_201-b09) (build 1.8.0_201-b09)
# Java VM: Java HotSpot(TM) 64-Bit Server VM (25.201-b09 mixed mode windows-amd64 compressed oops)
# Problematic frame:
# C  [libarcsoft_face.dll+0xe0e5]
#
# Failed to write core dump. Minidumps are not enabled by default on client versions of Windows
#
# If you would like to submit a bug report, please visit:
#   http://bugreport.java.com/bugreport/crash.jsp
# The crash happened outside the Java Virtual Machine in native code.
# See problematic frame for where to report the bug.
#

---------------  T H R E A D  ---------------

Current thread (0x000000001ec36800):  JavaThread "http-nio-8081-exec-8" daemon [_thread_in_native, id=11936, stack(0x00000000217e0000,0x00000000218e0000)]

siginfo: ExceptionCode=0xc0000005, writing address 0xfffffffe266f8e60

Registers:
RAX=0x0000000000000022, RBX=0x0000000080002000, RCX=0x000000000000000d, RDX=0xffffffff80000000
RSP=0x00000000218dca60, RBP=0x0000000080000000, RSI=0x0000000000000140, RDI=0x0000000080000000
R8 =0x00000000000000ff, R9 =0x0000000000000000, R10=0x0000000080001000, R11=0x00000000266f8e60
R12=0x0000000000000040, R13=0x0000000000000040, R14=0x0000000000000000, R15=0x000000001ee19340
RIP=0x00007ffbbb3ae0e5, EFLAGS=0x0000000000010206

Top of Stack: (sp=0x00000000218dca60)
0x00000000218dca60:   0000000000000000 0000000000002000
0x00000000218dca70:   0000000000000010 0000000000000040
0x00000000218dca80:   0000000000000000 0000000026705780
0x00000000218dca90:   00000000218dcba0 00007ffbbb3ac5f2
0x00000000218dcaa0:   0000000000000000 00007ffbbb3b17a3
0x00000000218dcab0:   00000000267606f0 0000000026760660
0x00000000218dcac0:   0000000080000000 000000000000000d
0x00000000218dcad0:   0000000000000022 0000000000000024
0x00000000218dcae0:   0000000000000000 0000000000000000
0x00000000218dcaf0:   0000000000000040 00000000000003c0
0x00000000218dcb00:   0000000000000000 0000000000000000
0x00000000218dcb10:   0000000000000040 00000000218dcc38
0x00000000218dcb20:   0000000000000000 0000000000000040
0x00000000218dcb30:   0000000000000040 00000000266f8e60
0x00000000218dcb40:   00000000218dcee0 00007ffbbb3abf04
0x00000000218dcb50:   0000000080000000 00007ffb000000f0 

Instructions: (pc=0x00007ffbbb3ae0e5)
0x00007ffbbb3ae0c5:   0f 4f c8 45 33 c9 85 c9 41 0f 48 c9 41 3b c0 41
0x00007ffbbb3ae0d5:   0f 4f c0 85 c0 41 0f 48 c1 66 0f 6e c1 0f 5b c0
0x00007ffbbb3ae0e5:   f3 41 0f 11 04 93 66 0f 6e c0 49 63 c2 0f 5b c0
0x00007ffbbb3ae0f5:   f3 41 0f 11 04 83 8b 44 24 78 eb 51 83 f9 01 75 


Register to memory mapping:

RAX=0x0000000000000022 is an unknown value
RBX=0x0000000080002000 is an unknown value
RCX=0x000000000000000d is an unknown value
RDX=0xffffffff80000000 is an unknown value
RSP=0x00000000218dca60 is pointing into the stack for thread: 0x000000001ec36800
RBP=0x0000000080000000 is an unknown value
RSI=0x0000000000000140 is an unknown value
RDI=0x0000000080000000 is an unknown value
R8 =0x00000000000000ff is an unknown value
R9 =0x0000000000000000 is an unknown value
R10=0x0000000080001000 is an unknown value
R11=0x00000000266f8e60 is an unknown value
R12=0x0000000000000040 is an unknown value
R13=0x0000000000000040 is an unknown value
R14=0x0000000000000000 is an unknown value
R15=0x000000001ee19340 is an unknown value


Stack: [0x00000000217e0000,0x00000000218e0000],  sp=0x00000000218dca60,  free space=1010k
Native frames: (J=compiled Java code, j=interpreted, Vv=VM code, C=native code)
C  [libarcsoft_face.dll+0xe0e5]
C  [libarcsoft_face.dll+0xc5f2]
C  [libarcsoft_face.dll+0xbf04]
C  [libarcsoft_face.dll+0x9049]
C  [libarcsoft_face.dll+0x89bc]
C  [libarcsoft_face.dll+0x7d0a]
C  [libarcsoft_face.dll+0x3c88]
C  [libarcsoft_face_engine.dll+0x58ca]
C  [libarcsoft_face_engine_jni.dll+0x18f6]
C  0x0000000003198c67

Java frames: (J=compiled Java code, j=interpreted, Vv=VM code)
j  com.arcsoft.face.FaceEngine.detectFaces(J[BIIII[Lcom/arcsoft/face/FaceInfo;)I+0
j  com.arcsoft.face.FaceEngine.detectFaces([BIILcom/arcsoft/face/enums/ImageFormat;Lcom/arcsoft/face/enums/DetectModel;Ljava/util/List;)I+107
j  com.arcsoft.face.FaceEngine.detectFaces([BIILcom/arcsoft/face/enums/ImageFormat;Ljava/util/List;)I+11
j  com.tangcheng.face_corn.service.impl.faceServiceImpl.facesearch(Ljava/io/InputStream;Ljava/util/List;)Ljava/lang/String;+45
j  com.tangcheng.face_corn.controller.faceController.facesearch(Ljava/lang/String;Ljava/util/List;)Lresult/Result;+22
v  ~StubRoutines::call_stub
J 1853  sun.reflect.NativeMethodAccessorImpl.invoke0(Ljava/lang/reflect/Method;Ljava/lang/Object;[Ljava/lang/Object;)Ljava/lang/Object; (0 bytes) @ 0x000000000354697f [0x0000000003546900+0x7f]
J 1852 C1 sun.reflect.NativeMethodAccessorImpl.invoke(Ljava/lang/Object;[Ljava/lang/Object;)Ljava/lang/Object; (104 bytes) @ 0x00000000035470dc [0x0000000003546d60+0x37c]
J 2086 C1 sun.reflect.DelegatingMethodAccessorImpl.invoke(Ljava/lang/Object;[Ljava/lang/Object;)Ljava/lang/Object; (10 bytes) @ 0x00000000035b6e64 [0x00000000035b6e20+0x44]
J 1846 C1 java.lang.reflect.Method.invoke(Ljava/lang/Object;[Ljava/lang/Object;)Ljava/lang/Object; (62 bytes) @ 0x0000000003544094 [0x0000000003543fa0+0xf4]
j  org.springframework.web.method.support.InvocableHandlerMethod.doInvoke([Ljava/lang/Object;)Ljava/lang/Object;+32
j  org.springframework.web.method.support.InvocableHandlerMethod.invokeForRequest(Lorg/springframework/web/context/request/NativeWebRequest;Lorg/springframework/web/method/support/ModelAndViewContainer;[Ljava/lang/Object;)Ljava/lang/Object;+54
j  org.springframework.web.servlet.mvc.method.annotation.ServletInvocableHandlerMethod.invokeAndHandle(Lorg/springframework/web/context/request/ServletWebRequest;Lorg/springframework/web/method/support/ModelAndViewContainer;[Ljava/lang/Object;)V+4
j  org.springframework.web.servlet.mvc.method.annotation.RequestMappingHandlerAdapter.invokeHandlerMethod(Ljavax/servlet/http/HttpServletRequest;Ljavax/servlet/http/HttpServletResponse;Lorg/springframework/web/method/HandlerMethod;)Lorg/springframework/web/servlet/ModelAndView;+244
j  org.springframework.web.servlet.mvc.method.annotation.RequestMappingHandlerAdapter.handleInternal(Ljavax/servlet/http/HttpServletRequest;Ljavax/servlet/http/HttpServletResponse;Lorg/springframework/web/method/HandlerMethod;)Lorg/springframework/web/servlet/ModelAndView;+81
j  org.springframework.web.servlet.mvc.method.AbstractHandlerMethodAdapter.handle(Ljavax/servlet/http/HttpServletRequest;Ljavax/servlet/http/HttpServletResponse;Ljava/lang/Object;)Lorg/springframework/web/servlet/ModelAndView;+7
j  org.springframework.web.servlet.DispatcherServlet.doDispatch(Ljavax/servlet/http/HttpServletRequest;Ljavax/servlet/http/HttpServletResponse;)V+259
j  org.springframework.web.servlet.DispatcherServlet.doService(Ljavax/servlet/http/HttpServletRequest;Ljavax/servlet/http/HttpServletResponse;)V+241
j  org.springframework.web.servlet.FrameworkServlet.processRequest(Ljavax/servlet/http/HttpServletRequest;Ljavax/servlet/http/HttpServletResponse;)V+71
j  org.springframework.web.servlet.FrameworkServlet.doPost(Ljavax/servlet/http/HttpServletRequest;Ljavax/servlet/http/HttpServletResponse;)V+3
j  javax.servlet.http.HttpServlet.service(Ljavax/servlet/http/HttpServletRequest;Ljavax/servlet/http/HttpServletResponse;)V+149
j  org.springframework.web.servlet.FrameworkServlet.service(Ljavax/servlet/http/HttpServletRequest;Ljavax/servlet/http/HttpServletResponse;)V+33
j  javax.servlet.http.HttpServlet.service(Ljavax/servlet/ServletRequest;Ljavax/servlet/ServletResponse;)V+36
j  org.apache.catalina.core.ApplicationFilterChain.internalDoFilter(Ljavax/servlet/ServletRequest;Ljavax/servlet/ServletResponse;)V+304
j  org.apache.catalina.core.ApplicationFilterChain.doFilter(Ljavax/servlet/ServletRequest;Ljavax/servlet/ServletResponse;)V+99
j  org.apache.tomcat.websocket.server.WsFilter.doFilter(Ljavax/servlet/ServletRequest;Ljavax/servlet/ServletResponse;Ljavax/servlet/FilterChain;)V+21
j  org.apache.catalina.core.ApplicationFilterChain.internalDoFilter(Ljavax/servlet/ServletRequest;Ljavax/servlet/ServletResponse;)V+135
j  org.apache.catalina.core.ApplicationFilterChain.doFilter(Ljavax/servlet/ServletRequest;Ljavax/servlet/ServletResponse;)V+99
j  org.springframework.web.filter.RequestContextFilter.doFilterInternal(Ljavax/servlet/http/HttpServletRequest;Ljavax/servlet/http/HttpServletResponse;Ljavax/servlet/FilterChain;)V+21
j  org.springframework.web.filter.OncePerRequestFilter.doFilter(Ljavax/servlet/ServletRequest;Ljavax/servlet/ServletResponse;Ljavax/servlet/FilterChain;)V+147
j  org.apache.catalina.core.ApplicationFilterChain.internalDoFilter(Ljavax/servlet/ServletRequest;Ljavax/servlet/ServletResponse;)V+135
j  org.apache.catalina.core.ApplicationFilterChain.doFilter(Ljavax/servlet/ServletRequest;Ljavax/servlet/ServletResponse;)V+99
j  org.springframework.web.filter.FormContentFilter.doFilterInternal(Ljavax/servlet/http/HttpServletRequest;Ljavax/servlet/http/HttpServletResponse;Ljavax/servlet/FilterChain;)V+38
j  org.springframework.web.filter.OncePerRequestFilter.doFilter(Ljavax/servlet/ServletRequest;Ljavax/servlet/ServletResponse;Ljavax/servlet/FilterChain;)V+147
j  org.apache.catalina.core.ApplicationFilterChain.internalDoFilter(Ljavax/servlet/ServletRequest;Ljavax/servlet/ServletResponse;)V+135
j  org.apache.catalina.core.ApplicationFilterChain.doFilter(Ljavax/servlet/ServletRequest;Ljavax/servlet/ServletResponse;)V+99
j  org.springframework.web.filter.CharacterEncodingFilter.doFilterInternal(Ljavax/servlet/http/HttpServletRequest;Ljavax/servlet/http/HttpServletResponse;Ljavax/servlet/FilterChain;)V+53
j  org.springframework.web.filter.OncePerRequestFilter.doFilter(Ljavax/servlet/ServletRequest;Ljavax/servlet/ServletResponse;Ljavax/servlet/FilterChain;)V+147
j  org.apache.catalina.core.ApplicationFilterChain.internalDoFilter(Ljavax/servlet/ServletRequest;Ljavax/servlet/ServletResponse;)V+135
j  org.apache.catalina.core.ApplicationFilterChain.doFilter(Ljavax/servlet/ServletRequest;Ljavax/servlet/ServletResponse;)V+99
j  org.apache.catalina.core.StandardWrapperValve.invoke(Lorg/apache/catalina/connector/Request;Lorg/apache/catalina/connector/Response;)V+694
j  org.apache.catalina.core.StandardContextValve.invoke(Lorg/apache/catalina/connector/Request;Lorg/apache/catalina/connector/Response;)V+169
j  org.apache.catalina.authenticator.AuthenticatorBase.invoke(Lorg/apache/catalina/connector/Request;Lorg/apache/catalina/connector/Response;)V+260
j  org.apache.catalina.core.StandardHostValve.invoke(Lorg/apache/catalina/connector/Request;Lorg/apache/catalina/connector/Response;)V+128
j  org.apache.catalina.valves.ErrorReportValve.invoke(Lorg/apache/catalina/connector/Request;Lorg/apache/catalina/connector/Response;)V+6
j  org.apache.catalina.core.StandardEngineValve.invoke(Lorg/apache/catalina/connector/Request;Lorg/apache/catalina/connector/Response;)V+59
j  org.apache.catalina.connector.CoyoteAdapter.service(Lorg/apache/coyote/Request;Lorg/apache/coyote/Response;)V+199
j  org.apache.coyote.http11.Http11Processor.service(Lorg/apache/tomcat/util/net/SocketWrapperBase;)Lorg/apache/tomcat/util/net/AbstractEndpoint$Handler$SocketState;+737
j  org.apache.coyote.AbstractProcessorLight.process(Lorg/apache/tomcat/util/net/SocketWrapperBase;Lorg/apache/tomcat/util/net/SocketEvent;)Lorg/apache/tomcat/util/net/AbstractEndpoint$Handler$SocketState;+170
j  org.apache.coyote.AbstractProtocol$ConnectionHandler.process(Lorg/apache/tomcat/util/net/SocketWrapperBase;Lorg/apache/tomcat/util/net/SocketEvent;)Lorg/apache/tomcat/util/net/AbstractEndpoint$Handler$SocketState;+505
j  org.apache.tomcat.util.net.NioEndpoint$SocketProcessor.doRun()V+216
j  org.apache.tomcat.util.net.SocketProcessorBase.run()V+21
j  java.util.concurrent.ThreadPoolExecutor.runWorker(Ljava/util/concurrent/ThreadPoolExecutor$Worker;)V+95
j  java.util.concurrent.ThreadPoolExecutor$Worker.run()V+5
j  org.apache.tomcat.util.threads.TaskThread$WrappingRunnable.run()V+4
j  java.lang.Thread.run()V+11
v  ~StubRoutines::call_stub

---------------  P R O C E S S  ---------------

Java Threads: ( => current thread )
  0x000000001e89e000 JavaThread "lettuce-eventExecutorLoop-1-7" daemon [_thread_blocked, id=420, stack(0x0000000041490000,0x0000000041590000)]
  0x000000001e8a4800 JavaThread "lettuce-eventExecutorLoop-1-6" daemon [_thread_blocked, id=17704, stack(0x0000000041390000,0x0000000041490000)]
  0x000000001e89f800 JavaThread "lettuce-eventExecutorLoop-1-5" daemon [_thread_blocked, id=5080, stack(0x0000000041290000,0x0000000041390000)]
  0x000000001e8a2800 JavaThread "lettuce-eventExecutorLoop-1-4" daemon [_thread_blocked, id=8764, stack(0x0000000041190000,0x0000000041290000)]
  0x000000001e8a1800 JavaThread "lettuce-eventExecutorLoop-1-3" daemon [_thread_blocked, id=8432, stack(0x0000000041090000,0x0000000041190000)]
  0x000000001e8a4000 JavaThread "Java2D Disposer" daemon [_thread_blocked, id=12028, stack(0x0000000040f90000,0x0000000041090000)]
  0x000000001e89e800 JavaThread "idle_connection_reaper" daemon [_thread_blocked, id=17604, stack(0x0000000040c90000,0x0000000040d90000)]
  0x000000001e8a1000 JavaThread "lettuce-eventExecutorLoop-1-2" daemon [_thread_blocked, id=8912, stack(0x0000000040990000,0x0000000040a90000)]
  0x000000001e8a3000 JavaThread "lettuce-eventExecutorLoop-1-1" daemon [_thread_blocked, id=11932, stack(0x00000000238f0000,0x00000000239f0000)]
  0x000000001e8a0000 JavaThread "lettuce-nioEventLoop-4-1" daemon [_thread_in_native, id=744, stack(0x00000000226e0000,0x00000000227e0000)]
  0x000000001ec35000 JavaThread "DiscoveryClient-HeartbeatExecutor-0" daemon [_thread_blocked, id=16356, stack(0x00000000221e0000,0x00000000222e0000)]
  0x000000001ec35800 JavaThread "DiscoveryClient-CacheRefreshExecutor-0" daemon [_thread_blocked, id=18420, stack(0x00000000220e0000,0x00000000221e0000)]
  0x000000001ec34000 JavaThread "RMI TCP Connection(idle)" daemon [_thread_blocked, id=15756, stack(0x0000000021ee0000,0x0000000021fe0000)]
  0x000000001ec32800 JavaThread "RMI TCP Connection(idle)" daemon [_thread_blocked, id=15728, stack(0x0000000021ce0000,0x0000000021de0000)]
  0x000000001ec37000 JavaThread "DestroyJavaVM" [_thread_blocked, id=18272, stack(0x0000000002e40000,0x0000000002f40000)]
  0x000000001ec38000 JavaThread "http-nio-8081-Acceptor" daemon [_thread_in_native, id=13776, stack(0x0000000021be0000,0x0000000021ce0000)]
  0x000000001ec33800 JavaThread "http-nio-8081-ClientPoller" daemon [_thread_in_native, id=14532, stack(0x0000000021ae0000,0x0000000021be0000)]
  0x000000001ec39800 JavaThread "http-nio-8081-exec-10" daemon [_thread_blocked, id=17684, stack(0x00000000219e0000,0x0000000021ae0000)]
  0x000000001ec38800 JavaThread "http-nio-8081-exec-9" daemon [_thread_in_native, id=16796, stack(0x00000000218e0000,0x00000000219e0000)]
=>0x000000001ec36800 JavaThread "http-nio-8081-exec-8" daemon [_thread_in_native, id=11936, stack(0x00000000217e0000,0x00000000218e0000)]
  0x000000001ec2b000 JavaThread "http-nio-8081-exec-7" daemon [_thread_blocked, id=1836, stack(0x00000000216e0000,0x00000000217e0000)]
  0x000000001ec32000 JavaThread "http-nio-8081-exec-6" daemon [_thread_blocked, id=6800, stack(0x00000000215e0000,0x00000000216e0000)]
  0x000000001ec2c000 JavaThread "http-nio-8081-exec-5" daemon [_thread_blocked, id=2592, stack(0x00000000214e0000,0x00000000215e0000)]
  0x000000001ec2a800 JavaThread "http-nio-8081-exec-4" daemon [_thread_blocked, id=2296, stack(0x00000000213e0000,0x00000000214e0000)]
  0x000000001ec30800 JavaThread "http-nio-8081-exec-3" daemon [_thread_blocked, id=17524, stack(0x00000000212e0000,0x00000000213e0000)]
  0x000000001ec31000 JavaThread "http-nio-8081-exec-2" daemon [_thread_in_vm, id=14400, stack(0x00000000211e0000,0x00000000212e0000)]
  0x000000001ec2f000 JavaThread "http-nio-8081-exec-1" daemon [_thread_in_native, id=18160, stack(0x00000000210e0000,0x00000000211e0000)]
  0x000000001ec2f800 JavaThread "http-nio-8081-BlockPoller" daemon [_thread_in_native, id=11880, stack(0x0000000020ee0000,0x0000000020fe0000)]
  0x000000001ec2e000 JavaThread "DiscoveryClient-InstanceInfoReplicator-0" daemon [_thread_blocked, id=15300, stack(0x0000000020be0000,0x0000000020ce0000)]
  0x000000001ec2c800 JavaThread "DiscoveryClient-1" daemon [_thread_blocked, id=18012, stack(0x0000000020ae0000,0x0000000020be0000)]
  0x000000001ec2d800 JavaThread "DiscoveryClient-0" daemon [_thread_blocked, id=11912, stack(0x00000000209e0000,0x0000000020ae0000)]
  0x000000001c87d000 JavaThread "AsyncResolver-bootstrap-0" daemon [_thread_blocked, id=1548, stack(0x00000000204e0000,0x00000000205e0000)]
  0x000000001c881000 JavaThread "spring.cloud.inetutils" daemon [_thread_blocked, id=4140, stack(0x00000000203e0000,0x00000000204e0000)]
  0x000000001c87e800 JavaThread "lettuce-timer-3-1" daemon [_thread_blocked, id=14632, stack(0x000000001fbe0000,0x000000001fce0000)]
  0x000000001c87f800 JavaThread "container-0" [_thread_blocked, id=14920, stack(0x000000001f8e0000,0x000000001f9e0000)]
  0x000000001c87b800 JavaThread "Catalina-utility-2" [_thread_blocked, id=12216, stack(0x000000001f7e0000,0x000000001f8e0000)]
  0x000000001c882800 JavaThread "Catalina-utility-1" [_thread_blocked, id=15620, stack(0x000000001f6e0000,0x000000001f7e0000)]
  0x000000001c881800 JavaThread "RMI TCP Connection(idle)" daemon [_thread_blocked, id=1544, stack(0x000000001f5e0000,0x000000001f6e0000)]
  0x000000001c87e000 JavaThread "RMI TCP Connection(idle)" daemon [_thread_blocked, id=11520, stack(0x000000001d510000,0x000000001d610000)]
  0x000000001a220000 JavaThread "RMI TCP Connection(idle)" daemon [_thread_blocked, id=8628, stack(0x000000001cf10000,0x000000001d010000)]
  0x000000001bba8000 JavaThread "RMI TCP Connection(idle)" daemon [_thread_blocked, id=17208, stack(0x000000001ce10000,0x000000001cf10000)]
  0x000000001bbad000 JavaThread "RMI Scheduler(0)" daemon [_thread_blocked, id=16340, stack(0x000000001cd10000,0x000000001ce10000)]
  0x000000001bb87800 JavaThread "RMI TCP Connection(idle)" daemon [_thread_blocked, id=11984, stack(0x000000001cc10000,0x000000001cd10000)]
  0x000000001adca000 JavaThread "RMI TCP Accept-0" daemon [_thread_in_native, id=13768, stack(0x000000001b790000,0x000000001b890000)]
  0x000000001adbd000 JavaThread "RMI TCP Accept-59708" daemon [_thread_in_native, id=13308, stack(0x000000001b690000,0x000000001b790000)]
  0x000000001adb8000 JavaThread "RMI TCP Accept-0" daemon [_thread_in_native, id=16376, stack(0x000000001b590000,0x000000001b690000)]
  0x000000001ab92000 JavaThread "Service Thread" daemon [_thread_blocked, id=17776, stack(0x000000001b470000,0x000000001b570000)]
  0x000000001ab08800 JavaThread "C1 CompilerThread3" daemon [_thread_blocked, id=13832, stack(0x000000001b370000,0x000000001b470000)]
  0x000000001ab00000 JavaThread "C2 CompilerThread2" daemon [_thread_blocked, id=18148, stack(0x000000001b270000,0x000000001b370000)]
  0x000000001aaf5000 JavaThread "C2 CompilerThread1" daemon [_thread_blocked, id=11916, stack(0x000000001b170000,0x000000001b270000)]
  0x000000001aaec800 JavaThread "C2 CompilerThread0" daemon [_thread_blocked, id=14428, stack(0x000000001b070000,0x000000001b170000)]
  0x000000001aac8800 JavaThread "Monitor Ctrl-Break" daemon [_thread_in_native, id=7308, stack(0x000000001af70000,0x000000001b070000)]
  0x0000000019f50000 JavaThread "Attach Listener" daemon [_thread_blocked, id=3860, stack(0x000000001a670000,0x000000001a770000)]
  0x0000000019fab000 JavaThread "Signal Dispatcher" daemon [_thread_blocked, id=11756, stack(0x000000001a570000,0x000000001a670000)]
  0x0000000018154000 JavaThread "Finalizer" daemon [_thread_blocked, id=2880, stack(0x000000001a410000,0x000000001a510000)]
  0x0000000019f30800 JavaThread "Reference Handler" daemon [_thread_blocked, id=14072, stack(0x000000001a310000,0x000000001a410000)]

Other Threads:
  0x0000000018146800 VMThread [stack: 0x0000000019e10000,0x0000000019f10000] [id=9504]
  0x000000001adcf000 WatcherThread [stack: 0x000000001b890000,0x000000001b990000] [id=1732]

VM state:not at safepoint (normal execution)

VM Mutex/Monitor currently owned by a thread: None

heap address: 0x0000000081200000, size: 2030 MB, Compressed Oops mode: 32-bit
Narrow klass base: 0x0000000000000000, Narrow klass shift: 3
Compressed class space size: 1073741824 Address: 0x0000000100000000

Heap:
 PSYoungGen      total 292864K, used 232346K [0x00000000d5b80000, 0x00000000eca80000, 0x0000000100000000)
  eden space 277504K, 83% used [0x00000000d5b80000,0x00000000e3e669d8,0x00000000e6a80000)
  from space 15360K, 0% used [0x00000000e6a80000,0x00000000e6a80000,0x00000000e7980000)
  to   space 16896K, 0% used [0x00000000eba00000,0x00000000eba00000,0x00000000eca80000)
 ParOldGen       total 112640K, used 33278K [0x0000000081200000, 0x0000000088000000, 0x00000000d5b80000)
  object space 112640K, 29% used [0x0000000081200000,0x000000008327fa98,0x0000000088000000)
 Metaspace       used 55511K, capacity 59204K, committed 59480K, reserved 1099776K
  class space    used 7590K, capacity 8239K, committed 8320K, reserved 1048576K

Card table byte_map: [0x0000000012540000,0x0000000012940000] byte_map_base: 0x0000000012137000

Marking Bits: (ParMarkBitMap*) 0x0000000060af4ce0
 Begin Bits: [0x00000000133f0000, 0x00000000153a8000)
 End Bits:   [0x00000000153a8000, 0x0000000017360000)

Polling page: 0x0000000001050000

CodeCache: size=245760Kb used=9741Kb max_used=9762Kb free=236018Kb
 bounds [0x0000000003180000, 0x0000000003b10000, 0x0000000012180000]
 total_blobs=5624 nmethods=5025 adapters=511
 compilation: enabled

Compilation events (10 events):
Event: 85.985 Thread 0x000000001ab08800 5131       1       org.apache.tomcat.util.buf.UDecoder::convert (338 bytes)
Event: 85.986 Thread 0x000000001ab08800 nmethod 5131 0x0000000003b0a9d0 code [0x0000000003b0aba0, 0x0000000003b0b1e8]
Event: 85.986 Thread 0x000000001ab08800 5132       1       sun.nio.cs.ThreadLocalCoders$1::hasName (43 bytes)
Event: 85.987 Thread 0x000000001ab08800 nmethod 5132 0x00000000032d2b50 code [0x00000000032d2ce0, 0x00000000032d3018]
Event: 85.987 Thread 0x000000001ab08800 5135       1       utils.Base64Util::base64ToImgByteArray (55 bytes)
Event: 85.988 Thread 0x000000001ab08800 nmethod 5135 0x00000000033a9950 code [0x00000000033a9ae0, 0x00000000033a9e18]
Event: 85.988 Thread 0x000000001ab08800 5134 % !   1       sun.misc.CharacterDecoder::decodeBuffer @ 31 (149 bytes)
Event: 85.988 Thread 0x000000001ab08800 nmethod 5134% 0x0000000003619bd0 code [0x0000000003619de0, 0x000000000361a438]
Event: 86.007 Thread 0x000000001ab08800 5136       1       java.awt.color.ColorSpace::getNumComponents (5 bytes)
Event: 86.007 Thread 0x000000001ab08800 nmethod 5136 0x00000000033a9690 code [0x00000000033a97e0, 0x00000000033a98f0]

GC Heap History (10 events):
Event: 5.513 GC heap before
{Heap before GC invocations=10 (full 1):
 PSYoungGen      total 203264K, used 21802K [0x00000000d5b80000, 0x00000000e4c00000, 0x0000000100000000)
  eden space 192512K, 5% used [0x00000000d5b80000,0x00000000d664d820,0x00000000e1780000)
  from space 10752K, 99% used [0x00000000e2400000,0x00000000e2e7d248,0x00000000e2e80000)
  to   space 12800K, 0% used [0x00000000e1780000,0x00000000e1780000,0x00000000e2400000)
 ParOldGen       total 54784K, used 11674K [0x0000000081200000, 0x0000000084780000, 0x00000000d5b80000)
  object space 54784K, 21% used [0x0000000081200000,0x0000000081d669b8,0x0000000084780000)
 Metaspace       used 33255K, capacity 35332K, committed 35416K, reserved 1079296K
  class space    used 4583K, capacity 4960K, committed 4992K, reserved 1048576K
Event: 5.522 GC heap after
Heap after GC invocations=10 (full 1):
 PSYoungGen      total 205312K, used 7321K [0x00000000d5b80000, 0x00000000e8880000, 0x0000000100000000)
  eden space 192512K, 0% used [0x00000000d5b80000,0x00000000d5b80000,0x00000000e1780000)
  from space 12800K, 57% used [0x00000000e1780000,0x00000000e1ea66b0,0x00000000e2400000)
  to   space 12288K, 0% used [0x00000000e7c80000,0x00000000e7c80000,0x00000000e8880000)
 ParOldGen       total 54784K, used 12878K [0x0000000081200000, 0x0000000084780000, 0x00000000d5b80000)
  object space 54784K, 23% used [0x0000000081200000,0x0000000081e93810,0x0000000084780000)
 Metaspace       used 33255K, capacity 35332K, committed 35416K, reserved 1079296K
  class space    used 4583K, capacity 4960K, committed 4992K, reserved 1048576K
}
Event: 5.522 GC heap before
{Heap before GC invocations=11 (full 2):
 PSYoungGen      total 205312K, used 7321K [0x00000000d5b80000, 0x00000000e8880000, 0x0000000100000000)
  eden space 192512K, 0% used [0x00000000d5b80000,0x00000000d5b80000,0x00000000e1780000)
  from space 12800K, 57% used [0x00000000e1780000,0x00000000e1ea66b0,0x00000000e2400000)
  to   space 12288K, 0% used [0x00000000e7c80000,0x00000000e7c80000,0x00000000e8880000)
 ParOldGen       total 54784K, used 12878K [0x0000000081200000, 0x0000000084780000, 0x00000000d5b80000)
  object space 54784K, 23% used [0x0000000081200000,0x0000000081e93810,0x0000000084780000)
 Metaspace       used 33255K, capacity 35332K, committed 35416K, reserved 1079296K
  class space    used 4583K, capacity 4960K, committed 4992K, reserved 1048576K
Event: 5.584 GC heap after
Heap after GC invocations=11 (full 2):
 PSYoungGen      total 205312K, used 0K [0x00000000d5b80000, 0x00000000e8880000, 0x0000000100000000)
  eden space 192512K, 0% used [0x00000000d5b80000,0x00000000d5b80000,0x00000000e1780000)
  from space 12800K, 0% used [0x00000000e1780000,0x00000000e1780000,0x00000000e2400000)
  to   space 12288K, 0% used [0x00000000e7c80000,0x00000000e7c80000,0x00000000e8880000)
 ParOldGen       total 75776K, used 14300K [0x0000000081200000, 0x0000000085c00000, 0x00000000d5b80000)
  object space 75776K, 18% used [0x0000000081200000,0x0000000081ff7298,0x0000000085c00000)
 Metaspace       used 33255K, capacity 35332K, committed 35416K, reserved 1079296K
  class space    used 4583K, capacity 4960K, committed 4992K, reserved 1048576K
}
Event: 8.061 GC heap before
{Heap before GC invocations=12 (full 2):
 PSYoungGen      total 205312K, used 192512K [0x00000000d5b80000, 0x00000000e8880000, 0x0000000100000000)
  eden space 192512K, 100% used [0x00000000d5b80000,0x00000000e1780000,0x00000000e1780000)
  from space 12800K, 0% used [0x00000000e1780000,0x00000000e1780000,0x00000000e2400000)
  to   space 12288K, 0% used [0x00000000e7c80000,0x00000000e7c80000,0x00000000e8880000)
 ParOldGen       total 75776K, used 14300K [0x0000000081200000, 0x0000000085c00000, 0x00000000d5b80000)
  object space 75776K, 18% used [0x0000000081200000,0x0000000081ff7298,0x0000000085c00000)
 Metaspace       used 44718K, capacity 47556K, committed 47704K, reserved 1089536K
  class space    used 6173K, capacity 6677K, committed 6784K, reserved 1048576K
Event: 8.074 GC heap after
Heap after GC invocations=12 (full 2):
 PSYoungGen      total 272896K, used 12281K [0x00000000d5b80000, 0x00000000e8880000, 0x0000000100000000)
  eden space 260608K, 0% used [0x00000000d5b80000,0x00000000d5b80000,0x00000000e5a00000)
  from space 12288K, 99% used [0x00000000e7c80000,0x00000000e887e770,0x00000000e8880000)
  to   space 15360K, 0% used [0x00000000e6a80000,0x00000000e6a80000,0x00000000e7980000)
 ParOldGen       total 75776K, used 19509K [0x0000000081200000, 0x0000000085c00000, 0x00000000d5b80000)
  object space 75776K, 25% used [0x0000000081200000,0x000000008250d6b0,0x0000000085c00000)
 Metaspace       used 44718K, capacity 47556K, committed 47704K, reserved 1089536K
  class space    used 6173K, capacity 6677K, committed 6784K, reserved 1048576K
}
Event: 58.438 GC heap before
{Heap before GC invocations=13 (full 2):
 PSYoungGen      total 272896K, used 159876K [0x00000000d5b80000, 0x00000000e8880000, 0x0000000100000000)
  eden space 260608K, 56% used [0x00000000d5b80000,0x00000000deba29d8,0x00000000e5a00000)
  from space 12288K, 99% used [0x00000000e7c80000,0x00000000e887e770,0x00000000e8880000)
  to   space 15360K, 0% used [0x00000000e6a80000,0x00000000e6a80000,0x00000000e7980000)
 ParOldGen       total 75776K, used 19509K [0x0000000081200000, 0x0000000085c00000, 0x00000000d5b80000)
  object space 75776K, 25% used [0x0000000081200000,0x000000008250d6b0,0x0000000085c00000)
 Metaspace       used 55081K, capacity 58756K, committed 58968K, reserved 1099776K
  class space    used 7532K, capacity 8199K, committed 8320K, reserved 1048576K
Event: 58.456 GC heap after
Heap after GC invocations=13 (full 2):
 PSYoungGen      total 292864K, used 14188K [0x00000000d5b80000, 0x00000000eca80000, 0x0000000100000000)
  eden space 277504K, 0% used [0x00000000d5b80000,0x00000000d5b80000,0x00000000e6a80000)
  from space 15360K, 92% used [0x00000000e6a80000,0x00000000e785b2b8,0x00000000e7980000)
  to   space 16896K, 0% used [0x00000000eba00000,0x00000000eba00000,0x00000000eca80000)
 ParOldGen       total 75776K, used 27713K [0x0000000081200000, 0x0000000085c00000, 0x00000000d5b80000)
  object space 75776K, 36% used [0x0000000081200000,0x0000000082d10780,0x0000000085c00000)
 Metaspace       used 55081K, capacity 58756K, committed 58968K, reserved 1099776K
  class space    used 7532K, capacity 8199K, committed 8320K, reserved 1048576K
}
Event: 58.456 GC heap before
{Heap before GC invocations=14 (full 3):
 PSYoungGen      total 292864K, used 14188K [0x00000000d5b80000, 0x00000000eca80000, 0x0000000100000000)
  eden space 277504K, 0% used [0x00000000d5b80000,0x00000000d5b80000,0x00000000e6a80000)
  from space 15360K, 92% used [0x00000000e6a80000,0x00000000e785b2b8,0x00000000e7980000)
  to   space 16896K, 0% used [0x00000000eba00000,0x00000000eba00000,0x00000000eca80000)
 ParOldGen       total 75776K, used 27713K [0x0000000081200000, 0x0000000085c00000, 0x00000000d5b80000)
  object space 75776K, 36% used [0x0000000081200000,0x0000000082d10780,0x0000000085c00000)
 Metaspace       used 55081K, capacity 58756K, committed 58968K, reserved 1099776K
  class space    used 7532K, capacity 8199K, committed 8320K, reserved 1048576K
Event: 58.572 GC heap after
Heap after GC invocations=14 (full 3):
 PSYoungGen      total 292864K, used 0K [0x00000000d5b80000, 0x00000000eca80000, 0x0000000100000000)
  eden space 277504K, 0% used [0x00000000d5b80000,0x00000000d5b80000,0x00000000e6a80000)
  from space 15360K, 0% used [0x00000000e6a80000,0x00000000e6a80000,0x00000000e7980000)
  to   space 16896K, 0% used [0x00000000eba00000,0x00000000eba00000,0x00000000eca80000)
 ParOldGen       total 112640K, used 33278K [0x0000000081200000, 0x0000000088000000, 0x00000000d5b80000)
  object space 112640K, 29% used [0x0000000081200000,0x000000008327fa98,0x0000000088000000)
 Metaspace       used 55081K, capacity 58756K, committed 58968K, reserved 1099776K
  class space    used 7532K, capacity 8199K, committed 8320K, reserved 1048576K
}

Deoptimization events (0 events):
No events

Classes redefined (0 events):
No events

Internal exceptions (10 events):
Event: 54.369 Thread 0x000000001e8a0000 Exception <a 'java/lang/ArrayIndexOutOfBoundsException'> (0x00000000dca9e610) thrown at [C:\re\workspace\8-2-build-windows-amd64-cygwin\jdk8u201\12322\hotspot\src\share\vm\runtime\sharedRuntime.cpp, line 605]
Event: 54.431 Thread 0x000000001ec31000 Exception <a 'java/lang/ArrayIndexOutOfBoundsException'> (0x00000000dd4f1f60) thrown at [C:\re\workspace\8-2-build-windows-amd64-cygwin\jdk8u201\12322\hotspot\src\share\vm\runtime\sharedRuntime.cpp, line 605]
Event: 54.432 Thread 0x000000001ec31000 Exception <a 'java/lang/ArrayIndexOutOfBoundsException'> (0x00000000dd4f3f30) thrown at [C:\re\workspace\8-2-build-windows-amd64-cygwin\jdk8u201\12322\hotspot\src\share\vm\runtime\sharedRuntime.cpp, line 605]
Event: 54.432 Thread 0x000000001ec31000 Exception <a 'java/lang/ArrayIndexOutOfBoundsException'> (0x00000000dd4f5a08) thrown at [C:\re\workspace\8-2-build-windows-amd64-cygwin\jdk8u201\12322\hotspot\src\share\vm\runtime\sharedRuntime.cpp, line 605]
Event: 54.432 Thread 0x000000001ec31000 Exception <a 'java/lang/ArrayIndexOutOfBoundsException'> (0x00000000dd4f71e0) thrown at [C:\re\workspace\8-2-build-windows-amd64-cygwin\jdk8u201\12322\hotspot\src\share\vm\runtime\sharedRuntime.cpp, line 605]
Event: 57.855 Thread 0x000000001ec32000 Exception <a 'java/lang/ArrayIndexOutOfBoundsException'> (0x00000000dda51920) thrown at [C:\re\workspace\8-2-build-windows-amd64-cygwin\jdk8u201\12322\hotspot\src\share\vm\runtime\sharedRuntime.cpp, line 605]
Event: 58.418 Thread 0x000000001ec32000 Exception <a 'java/io/FileNotFoundException'> (0x00000000dea35108) thrown at [C:\re\workspace\8-2-build-windows-amd64-cygwin\jdk8u201\12322\hotspot\src\share\vm\prims\jni.cpp, line 709]
Event: 68.302 Thread 0x000000001ec35800 Exception <a 'java/net/SocketTimeoutException': Read timed out> (0x00000000e21f28a8) thrown at [C:\re\workspace\8-2-build-windows-amd64-cygwin\jdk8u201\12322\hotspot\src\share\vm\prims\jni.cpp, line 735]
Event: 68.302 Thread 0x000000001ec35000 Exception <a 'java/net/SocketTimeoutException': Read timed out> (0x00000000e216cd28) thrown at [C:\re\workspace\8-2-build-windows-amd64-cygwin\jdk8u201\12322\hotspot\src\share\vm\prims\jni.cpp, line 735]
Event: 85.925 Thread 0x000000001ec38800 Exception <a 'java/lang/ArrayIndexOutOfBoundsException'> (0x00000000e2456938) thrown at [C:\re\workspace\8-2-build-windows-amd64-cygwin\jdk8u201\12322\hotspot\src\share\vm\runtime\sharedRuntime.cpp, line 605]

Events (10 events):
Event: 85.938 Executing VM operation: RevokeBias
Event: 85.938 Executing VM operation: RevokeBias done
Event: 85.939 Thread 0x000000001ab08800 flushing nmethod 0x00000000033a9550
Event: 85.943 Executing VM operation: RevokeBias
Event: 85.943 Executing VM operation: RevokeBias done
Event: 85.972 Executing VM operation: RevokeBias
Event: 85.972 Executing VM operation: RevokeBias done
Event: 85.974 Executing VM operation: RevokeBias
Event: 85.974 Executing VM operation: RevokeBias done
Event: 85.986 Thread 0x000000001ab08800 flushing nmethod 0x0000000003610a90


Dynamic libraries:
0x00007ff6b01c0000 - 0x00007ff6b01f7000 	C:\Program Files\Java\jdk1.8.0_201\bin\java.exe
0x00007ffc111b0000 - 0x00007ffc113a5000 	C:\WINDOWS\SYSTEM32\ntdll.dll
0x00007ffc110a0000 - 0x00007ffc1115e000 	C:\WINDOWS\System32\KERNEL32.DLL
0x00007ffc0eae0000 - 0x00007ffc0eda9000 	C:\WINDOWS\System32\KERNELBASE.dll
0x00007ffc10270000 - 0x00007ffc1031c000 	C:\WINDOWS\System32\ADVAPI32.dll
0x00007ffc0f5a0000 - 0x00007ffc0f63e000 	C:\WINDOWS\System32\msvcrt.dll
0x00007ffc0f980000 - 0x00007ffc0fa1b000 	C:\WINDOWS\System32\sechost.dll
0x00007ffc0fea0000 - 0x00007ffc0ffca000 	C:\WINDOWS\System32\RPCRT4.dll
0x00007ffc0ffe0000 - 0x00007ffc10181000 	C:\WINDOWS\System32\USER32.dll
0x00007ffc0eab0000 - 0x00007ffc0ead2000 	C:\WINDOWS\System32\win32u.dll
0x00007ffc0f200000 - 0x00007ffc0f22b000 	C:\WINDOWS\System32\GDI32.dll
0x00007ffc0ee00000 - 0x00007ffc0ef0b000 	C:\WINDOWS\System32\gdi32full.dll
0x00007ffc0e8d0000 - 0x00007ffc0e96d000 	C:\WINDOWS\System32\msvcp_win.dll
0x00007ffc0ef70000 - 0x00007ffc0f070000 	C:\WINDOWS\System32\ucrtbase.dll
0x00007ffc000a0000 - 0x00007ffc0033a000 	C:\WINDOWS\WinSxS\amd64_microsoft.windows.common-controls_6595b64144ccf1df_6.0.19041.1110_none_60b5254171f9507e\COMCTL32.dll
0x00007ffc0f460000 - 0x00007ffc0f490000 	C:\WINDOWS\System32\IMM32.DLL
0x00000000619b0000 - 0x0000000061a81000 	C:\Program Files\Java\jdk1.8.0_201\jre\bin\msvcr100.dll
0x00000000602d0000 - 0x0000000060b74000 	C:\Program Files\Java\jdk1.8.0_201\jre\bin\server\jvm.dll
0x00007ffc11160000 - 0x00007ffc11168000 	C:\WINDOWS\System32\PSAPI.DLL
0x00007ffc08230000 - 0x00007ffc08239000 	C:\WINDOWS\SYSTEM32\WSOCK32.dll
0x00007ffc01840000 - 0x00007ffc01867000 	C:\WINDOWS\SYSTEM32\WINMM.dll
0x00007ffc05240000 - 0x00007ffc0524a000 	C:\WINDOWS\SYSTEM32\VERSION.dll
0x00007ffc0f870000 - 0x00007ffc0f8db000 	C:\WINDOWS\System32\WS2_32.dll
0x00007ffc06670000 - 0x00007ffc0667f000 	C:\Program Files\Java\jdk1.8.0_201\jre\bin\verify.dll
0x00007ffc05e00000 - 0x00007ffc05e29000 	C:\Program Files\Java\jdk1.8.0_201\jre\bin\java.dll
0x00007ffbf2600000 - 0x00007ffbf2623000 	C:\Program Files\Java\jdk1.8.0_201\jre\bin\instrument.dll
0x00007ffbf2590000 - 0x00007ffbf25a6000 	C:\Program Files\Java\jdk1.8.0_201\jre\bin\zip.dll
0x00007ffc104d0000 - 0x00007ffc10c0f000 	C:\WINDOWS\System32\SHELL32.dll
0x00007ffc0c610000 - 0x00007ffc0cda0000 	C:\WINDOWS\SYSTEM32\windows.storage.dll
0x00007ffc10c70000 - 0x00007ffc10fc5000 	C:\WINDOWS\System32\combase.dll
0x00007ffc0e320000 - 0x00007ffc0e34c000 	C:\WINDOWS\SYSTEM32\Wldp.dll
0x00007ffc0f4f0000 - 0x00007ffc0f59d000 	C:\WINDOWS\System32\SHCORE.dll
0x00007ffc10c10000 - 0x00007ffc10c65000 	C:\WINDOWS\System32\shlwapi.dll
0x00007ffc0e810000 - 0x00007ffc0e82f000 	C:\WINDOWS\SYSTEM32\profapi.dll
0x00007ffbf25e0000 - 0x00007ffbf25fa000 	F:\subject\IDEA 2018_sssam.com\IntelliJ IDEA 2018.2.4\bin\breakgen64.dll
0x00007ffbf2570000 - 0x00007ffbf258a000 	C:\Program Files\Java\jdk1.8.0_201\jre\bin\net.dll
0x00007ffbfc9a0000 - 0x00007ffbfcb8b000 	C:\WINDOWS\SYSTEM32\urlmon.dll
0x00007ffc0dd60000 - 0x00007ffc0dd6c000 	C:\WINDOWS\SYSTEM32\netutils.dll
0x00007ffbfc970000 - 0x00007ffbfc998000 	C:\WINDOWS\SYSTEM32\srvcli.dll
0x00007ffbfcf00000 - 0x00007ffbfd1b0000 	C:\WINDOWS\SYSTEM32\iertutil.dll
0x00007ffc0e080000 - 0x00007ffc0e0ea000 	C:\WINDOWS\system32\mswsock.dll
0x00007ffc061e0000 - 0x00007ffc061ed000 	C:\Program Files\Java\jdk1.8.0_201\jre\bin\management.dll
0x00007ffbf2550000 - 0x00007ffbf2561000 	C:\Program Files\Java\jdk1.8.0_201\jre\bin\nio.dll
0x00007ffbf1ce0000 - 0x00007ffbf1cf7000 	C:\WINDOWS\system32\napinsp.dll
0x00007ffbf1cc0000 - 0x00007ffbf1cdb000 	C:\WINDOWS\system32\pnrpnsp.dll
0x00007ffc08c40000 - 0x00007ffc08c55000 	C:\WINDOWS\system32\wshbth.dll
0x00007ffc09620000 - 0x00007ffc0963d000 	C:\WINDOWS\system32\NLAapi.dll
0x00007ffc0dd20000 - 0x00007ffc0dd5b000 	C:\WINDOWS\SYSTEM32\IPHLPAPI.DLL
0x00007ffc0dd70000 - 0x00007ffc0de3c000 	C:\WINDOWS\SYSTEM32\DNSAPI.dll
0x00007ffc0f970000 - 0x00007ffc0f978000 	C:\WINDOWS\System32\NSI.dll
0x00007ffbf1990000 - 0x00007ffbf19a2000 	C:\WINDOWS\System32\winrnr.dll
0x00007ffc05a00000 - 0x00007ffc05a0a000 	C:\Windows\System32\rasadhlp.dll
0x00007ffbfd8a0000 - 0x00007ffbfd91f000 	C:\WINDOWS\System32\fwpuclnt.dll
0x00007ffc0f070000 - 0x00007ffc0f097000 	C:\WINDOWS\System32\bcrypt.dll
0x00007ffc0e270000 - 0x00007ffc0e288000 	C:\WINDOWS\SYSTEM32\CRYPTSP.dll
0x00007ffc0d990000 - 0x00007ffc0d9c4000 	C:\WINDOWS\system32\rsaenh.dll
0x00007ffc0e7d0000 - 0x00007ffc0e7fe000 	C:\WINDOWS\SYSTEM32\USERENV.dll
0x00007ffc0e970000 - 0x00007ffc0e9f3000 	C:\WINDOWS\System32\bcryptprimitives.dll
0x00007ffc0e290000 - 0x00007ffc0e29c000 	C:\WINDOWS\SYSTEM32\CRYPTBASE.dll
0x00007ffc03c60000 - 0x00007ffc03c77000 	C:\WINDOWS\SYSTEM32\dhcpcsvc6.DLL
0x00007ffc04fd0000 - 0x00007ffc04fed000 	C:\WINDOWS\SYSTEM32\dhcpcsvc.DLL
0x00007ffbf10f0000 - 0x00007ffbf1114000 	C:\Program Files\Java\jdk1.8.0_201\jre\bin\sunec.dll
0x00007ffbbb3a0000 - 0x00007ffbbe1dd000 	C:\Users\lenovo\Desktop\人脸识别\Face-recognition-main\ArcSoft_ArcFace_Java_Windows_x64_V3.0\libs\WIN64\libarcsoft_face.dll
0x00007ffbf4650000 - 0x00007ffbf473f000 	C:\WINDOWS\SYSTEM32\MSVCR120.dll
0x00007ffbf4f00000 - 0x00007ffbf4fa6000 	C:\WINDOWS\SYSTEM32\MSVCP120.dll
0x00007ffbf1050000 - 0x00007ffbf10cf000 	C:\Users\lenovo\Desktop\人脸识别\Face-recognition-main\ArcSoft_ArcFace_Java_Windows_x64_V3.0\libs\WIN64\libarcsoft_face_engine.dll
0x00007ffc0f810000 - 0x00007ffc0f866000 	C:\WINDOWS\System32\WLDAP32.dll
0x00007ffbf1020000 - 0x00007ffbf1045000 	C:\Users\lenovo\Desktop\人脸识别\Face-recognition-main\ArcSoft_ArcFace_Java_Windows_x64_V3.0\libs\WIN64\libarcsoft_face_engine_jni.dll
0x00007ffbc8130000 - 0x00007ffbc82c9000 	C:\Program Files\Java\jdk1.8.0_201\jre\bin\awt.dll
0x00007ffc10fd0000 - 0x00007ffc1109d000 	C:\WINDOWS\System32\OLEAUT32.dll
0x00007ffc0af30000 - 0x00007ffc0afc0000 	C:\WINDOWS\SYSTEM32\apphelp.dll
0x00007ffbf0fe0000 - 0x00007ffbf1011000 	C:\Program Files\Java\jdk1.8.0_201\jre\bin\jpeg.dll
0x00007ffbf0fa0000 - 0x00007ffbf0fde000 	C:\Program Files\Java\jdk1.8.0_201\jre\bin\lcms.dll
0x00007ffc0ce70000 - 0x00007ffc0d054000 	C:\WINDOWS\SYSTEM32\dbghelp.dll

VM Arguments:
jvm_args: -XX:TieredStopAtLevel=1 -Xverify:none -Dspring.output.ansi.enabled=always -Dcom.sun.management.jmxremote -Dcom.sun.management.jmxremote.port=59708 -Dcom.sun.management.jmxremote.authenticate=false -Dcom.sun.management.jmxremote.ssl=false -Djava.rmi.server.hostname=localhost -Dspring.liveBeansView.mbeanDomain -Dspring.application.admin.enabled=true -javaagent:F:\subject\IDEA 2018_sssam.com\IntelliJ IDEA 2018.2.4\lib\idea_rt.jar=59709:F:\subject\IDEA 2018_sssam.com\IntelliJ IDEA 2018.2.4\bin -Dfile.encoding=UTF-8 
java_command: com.tangcheng.face_corn.FaceCornApplication
java_class_path (initial): C:\Program Files\Java\jdk1.8.0_201\jre\lib\charsets.jar;C:\Program Files\Java\jdk1.8.0_201\jre\lib\deploy.jar;C:\Program Files\Java\jdk1.8.0_201\jre\lib\ext\access-bridge-64.jar;C:\Program Files\Java\jdk1.8.0_201\jre\lib\ext\cldrdata.jar;C:\Program Files\Java\jdk1.8.0_201\jre\lib\ext\dnsns.jar;C:\Program Files\Java\jdk1.8.0_201\jre\lib\ext\jaccess.jar;C:\Program Files\Java\jdk1.8.0_201\jre\lib\ext\jfxrt.jar;C:\Program Files\Java\jdk1.8.0_201\jre\lib\ext\localedata.jar;C:\Program Files\Java\jdk1.8.0_201\jre\lib\ext\nashorn.jar;C:\Program Files\Java\jdk1.8.0_201\jre\lib\ext\sunec.jar;C:\Program Files\Java\jdk1.8.0_201\jre\lib\ext\sunjce_provider.jar;C:\Program Files\Java\jdk1.8.0_201\jre\lib\ext\sunmscapi.jar;C:\Program Files\Java\jdk1.8.0_201\jre\lib\ext\sunpkcs11.jar;C:\Program Files\Java\jdk1.8.0_201\jre\lib\ext\zipfs.jar;C:\Program Files\Java\jdk1.8.0_201\jre\lib\javaws.jar;C:\Program Files\Java\jdk1.8.0_201\jre\lib\jce.jar;C:\Program Files\Java\jdk1.8.0_201\jre\lib\jfr.jar;C:\Program Files\Java\jdk1.8.0_201\jre\lib\jfxswt.jar;C:\Program Files\Java\jdk1.8.0_201\jre\lib\jsse.jar;C:\Program Files\Java\jdk1.8.0_201\jre\lib\management-agent.jar;C:\Program Files\Java\jdk1.8.0_201\jre\lib\plugin.jar;C:\Program Files\Java\jdk1.8.0_201\jre\lib\resources.jar;C:\Program Files\Java\jdk1.8.0_201\jre\lib\rt.jar;C:\Users\lenovo\Desktop\人脸识别\Face-recognition-main\facesystem\face_corn\target\classes;C:\Users\lenovo\Desktop\人脸识别\Face-recognition-main\facesystem\common\target\classes;F:\subject\JavaWeb\maven-l\com\auth0\java-jwt\3.4.0\java-jwt-3.4.0.jar;F:\subject\JavaWeb\maven-l\commons-codec\commons-codec\1.15\commons-codec-1.15.jar;F:\subject\JavaWeb\maven-l\com\aliyun\oss\aliyun-sdk-oss\3.12.0\aliyun-sdk-oss-3.12.0.jar;F:\subject\JavaWeb\maven-l\org\apache\httpcomponents\httpclient\4.5.13\httpclient-4.5.13.jar;F:\subject\JavaWeb\maven-l\org\apache\httpcomponents\httpcore\4.4.14\httpcore-4.4.14.jar;F:\subject\JavaWeb\maven-l\org\jdom\jdom2\2.
Launcher Type: SUN_STANDARD

Environment Variables:
JAVA_HOME=C:\Program Files\Java\jdk1.8.0_201
CLASSPATH=.;C:\Program Files\Java\jdk1.8.0_201\lib\dt.jar,C:\Program Files\Java\jdk1.8.0_201\lib\tools.jar;F:\subject\JavaWeb\apache-tomcat-8.5.45\lib\servlet-api.jar
PATH=C:\Program Files (x86)\Common Files\Oracle\Java\javapath;C:\WINDOWS\system32;C:\WINDOWS;C:\WINDOWS\System32\Wbem;C:\WINDOWS\System32\WindowsPowerShell\v1.0\;C:\WINDOWS\System32\OpenSSH\;F:\subject\JavaWeb\apache-tomcat-8.5.45\bin;F:\subject\JavaWeb\apache-tomcat-8.5.45\lib;C:\Program Files\NVIDIA Corporation\NVIDIA NvDLISR;F:\subject\JavaWeb\apache-maven-3.3.9\bin;F:\subject\JavaWeb\Gradle\gradle-6.9.1\bin;F:\subject\JavaWeb\nodejs;C:\Program Files\Java\jdk1.8.0_201\bin;C:\Program Files\MySQL\MySQL Server 8.0\bin;F:\subject\JavaWeb\env\MongoDB\bin;C:\Users\lenovo\AppData\Local\Microsoft\WindowsApps;F:\subject\PyCharm\PyCharm Community Edition 2020.3.3\bin;;F:\subject\JavaWeb\Microsoft VS Code\bin;F:\subject\JavaWeb\nodejs\node_global;
USERNAME=lenovo
OS=Windows_NT
PROCESSOR_IDENTIFIER=Intel64 Family 6 Model 158 Stepping 10, GenuineIntel



---------------  S Y S T E M  ---------------

OS: Windows 10.0 , 64 bit Build 19041 (10.0.19041.1202)

CPU:total 8 (initial active 8) (4 cores per cpu, 2 threads per core) family 6 model 158 stepping 10, cmov, cx8, fxsr, mmx, sse, sse2, sse3, ssse3, sse4.1, sse4.2, popcnt, avx, avx2, aes, clmul, erms, 3dnowpref, lzcnt, ht, tsc, tscinvbit, bmi1, bmi2, adx

Memory: 4k page, physical 8306932k(638064k free), swap 18792692k(4661928k free)

vm_info: Java HotSpot(TM) 64-Bit Server VM (25.201-b09) for windows-amd64 JRE (1.8.0_201-b09), built on Dec 15 2018 18:36:39 by "java_re" with MS VC++ 10.0 (VS2010)

time: Fri Oct 29 19:49:07 2021
timezone: 中国标准时间
elapsed time: 86 seconds (0d 0h 1m 26s)

