#
# A fatal error has been detected by the Java Runtime Environment:
#
#  EXCEPTION_ACCESS_VIOLATION (0xc0000005) at pc=0x00007ffe5457efd8, pid=17876, tid=0x0000000000004d34
#
# JRE version: Java(TM) SE Runtime Environment (8.0_201-b09) (build 1.8.0_201-b09)
# Java VM: Java HotSpot(TM) 64-Bit Server VM (25.201-b09 mixed mode windows-amd64 compressed oops)
# Problematic frame:
# C  [libarcsoft_face.dll+0xefd8]
#
# Failed to write core dump. Minidumps are not enabled by default on client versions of Windows
#
# If you would like to submit a bug report, please visit:
#   http://bugreport.java.com/bugreport/crash.jsp
# The crash happened outside the Java Virtual Machine in native code.
# See problematic frame for where to report the bug.
#

---------------  T H R E A D  ---------------

Current thread (0x000000001f47b000):  JavaThread "http-nio-8081-exec-6" daemon [_thread_in_native, id=19764, stack(0x0000000022290000,0x0000000022490000)]

siginfo: ExceptionCode=0xc0000005, reading address 0xffffffffffffffff

Registers:
RAX=0x41f0000041f00000, RBX=0x00000000286a6d70, RCX=0x00000000286a6e20, RDX=0x00000000286b2e70
RSP=0x000000002248d4c0, RBP=0x0000000000000001, RSI=0x00000000286a6d70, RDI=0x0000000000000000
R8 =0x00000000286a6e20, R9 =0x0000000000000000, R10=0x0000000000000001, R11=0x0000000000000001
R12=0x0000000000000000, R13=0x0000000000000000, R14=0x00000000286a6d80, R15=0x00000000259b0040
RIP=0x00007ffe5457efd8, EFLAGS=0x0000000000010206

Top of Stack: (sp=0x000000002248d4c0)
0x000000002248d4c0:   00000000286a6e60 00000000000000f0
0x000000002248d4d0:   43aa8bf600000040 43bc666600000040
0x000000002248d4e0:   000000002248d830 00000000286a6d80
0x000000002248d4f0:   0000000000000000 00007ffe5457b949
0x000000002248d500:   00000000286a6d70 0000000000000001
0x000000002248d510:   00000000286a6d70 0000000000000000
0x000000002248d520:   0000000000000001 00007ffe54579092
0x000000002248d530:   0000000000000000 0000000000000001
0x000000002248d540:   0000000000000040 000000002248d5e0
0x000000002248d550:   000000003e61d37d 000000003fb5eaa0
0x000000002248d560:   000000003eaa0b25 000000003fc8f5c2
0x000000002248d570:   0000000000000000 0000000000000000
0x000000002248d580:   000000002248d830 0000000100000000
0x000000002248d590:   0000000026ffd940 0000000000000001
0x000000002248d5a0:   00000000259b0160 00000000259b0040
0x000000002248d5b0:   00000000286a6d70 3fb5eaa03e61d37d 

Instructions: (pc=0x00007ffe5457efd8)
0x00007ffe5457efb8:   24 10 48 89 74 24 18 48 89 7c 24 20 41 54 41 56
0x00007ffe5457efc8:   41 57 48 83 ec 20 48 8b 42 20 4c 8b f9 49 8b c8
0x00007ffe5457efd8:   4c 8b 60 18 44 8b 70 14 41 8b e9 49 8b d8 48 8b
0x00007ffe5457efe8:   f2 e8 02 d2 01 00 4c 8b 16 8b f8 41 83 7a 18 00 


Register to memory mapping:

RAX=0x41f0000041f00000 is an unknown value
RBX=0x00000000286a6d70 is an unknown value
RCX=0x00000000286a6e20 is an unknown value
RDX=0x00000000286b2e70 is an unknown value
RSP=0x000000002248d4c0 is pointing into the stack for thread: 0x000000001f47b000
RBP=0x0000000000000001 is an unknown value
RSI=0x00000000286a6d70 is an unknown value
RDI=0x0000000000000000 is an unknown value
R8 =0x00000000286a6e20 is an unknown value
R9 =0x0000000000000000 is an unknown value
R10=0x0000000000000001 is an unknown value
R11=0x0000000000000001 is an unknown value
R12=0x0000000000000000 is an unknown value
R13=0x0000000000000000 is an unknown value
R14=0x00000000286a6d80 is an unknown value
R15=0x00000000259b0040 is an unknown value


Stack: [0x0000000022290000,0x0000000022490000],  sp=0x000000002248d4c0,  free space=2037k
Native frames: (J=compiled Java code, j=interpreted, Vv=VM code, C=native code)
C  [libarcsoft_face.dll+0xefd8]
C  [libarcsoft_face.dll+0xb949]
C  [libarcsoft_face.dll+0x9092]
C  [libarcsoft_face.dll+0x89bc]
C  [libarcsoft_face.dll+0x7d0a]
C  [libarcsoft_face.dll+0x3c88]
C  [libarcsoft_face_engine.dll+0x58ca]
C  [libarcsoft_face_engine_jni.dll+0x18f6]
C  0x0000000003558c67

Java frames: (J=compiled Java code, j=interpreted, Vv=VM code)
j  com.arcsoft.face.FaceEngine.detectFaces(J[BIIII[Lcom/arcsoft/face/FaceInfo;)I+0
j  com.arcsoft.face.FaceEngine.detectFaces([BIILcom/arcsoft/face/enums/ImageFormat;Lcom/arcsoft/face/enums/DetectModel;Ljava/util/List;)I+107
j  com.arcsoft.face.FaceEngine.detectFaces([BIILcom/arcsoft/face/enums/ImageFormat;Ljava/util/List;)I+11
j  com.tangcheng.face_corn.service.impl.faceServiceImpl.facesearch(Ljava/io/InputStream;Ljava/util/List;)Ljava/lang/String;+45
j  com.tangcheng.face_corn.controller.faceController.facesearch(Ljava/lang/String;Ljava/util/List;)Lresult/Result;+22
j  sun.reflect.GeneratedMethodAccessor65.invoke(Ljava/lang/Object;[Ljava/lang/Object;)Ljava/lang/Object;+48
J 1653 C1 sun.reflect.DelegatingMethodAccessorImpl.invoke(Ljava/lang/Object;[Ljava/lang/Object;)Ljava/lang/Object; (10 bytes) @ 0x00000000038bba64 [0x00000000038bba20+0x44]
J 1652 C1 java.lang.reflect.Method.invoke(Ljava/lang/Object;[Ljava/lang/Object;)Ljava/lang/Object; (62 bytes) @ 0x00000000038bb694 [0x00000000038bb5a0+0xf4]
j  org.springframework.web.method.support.InvocableHandlerMethod.doInvoke([Ljava/lang/Object;)Ljava/lang/Object;+32
j  org.springframework.web.method.support.InvocableHandlerMethod.invokeForRequest(Lorg/springframework/web/context/request/NativeWebRequest;Lorg/springframework/web/method/support/ModelAndViewContainer;[Ljava/lang/Object;)Ljava/lang/Object;+54
j  org.springframework.web.servlet.mvc.method.annotation.ServletInvocableHandlerMethod.invokeAndHandle(Lorg/springframework/web/context/request/ServletWebRequest;Lorg/springframework/web/method/support/ModelAndViewContainer;[Ljava/lang/Object;)V+4
j  org.springframework.web.servlet.mvc.method.annotation.RequestMappingHandlerAdapter.invokeHandlerMethod(Ljavax/servlet/http/HttpServletRequest;Ljavax/servlet/http/HttpServletResponse;Lorg/springframework/web/method/HandlerMethod;)Lorg/springframework/web/servlet/ModelAndView;+244
j  org.springframework.web.servlet.mvc.method.annotation.RequestMappingHandlerAdapter.handleInternal(Ljavax/servlet/http/HttpServletRequest;Ljavax/servlet/http/HttpServletResponse;Lorg/springframework/web/method/HandlerMethod;)Lorg/springframework/web/servlet/ModelAndView;+81
j  org.springframework.web.servlet.mvc.method.AbstractHandlerMethodAdapter.handle(Ljavax/servlet/http/HttpServletRequest;Ljavax/servlet/http/HttpServletResponse;Ljava/lang/Object;)Lorg/springframework/web/servlet/ModelAndView;+7
j  org.springframework.web.servlet.DispatcherServlet.doDispatch(Ljavax/servlet/http/HttpServletRequest;Ljavax/servlet/http/HttpServletResponse;)V+259
j  org.springframework.web.servlet.DispatcherServlet.doService(Ljavax/servlet/http/HttpServletRequest;Ljavax/servlet/http/HttpServletResponse;)V+241
j  org.springframework.web.servlet.FrameworkServlet.processRequest(Ljavax/servlet/http/HttpServletRequest;Ljavax/servlet/http/HttpServletResponse;)V+71
j  org.springframework.web.servlet.FrameworkServlet.doPost(Ljavax/servlet/http/HttpServletRequest;Ljavax/servlet/http/HttpServletResponse;)V+3
j  javax.servlet.http.HttpServlet.service(Ljavax/servlet/http/HttpServletRequest;Ljavax/servlet/http/HttpServletResponse;)V+149
j  org.springframework.web.servlet.FrameworkServlet.service(Ljavax/servlet/http/HttpServletRequest;Ljavax/servlet/http/HttpServletResponse;)V+33
j  javax.servlet.http.HttpServlet.service(Ljavax/servlet/ServletRequest;Ljavax/servlet/ServletResponse;)V+36
J 5596 C1 org.apache.catalina.core.ApplicationFilterChain.internalDoFilter(Ljavax/servlet/ServletRequest;Ljavax/servlet/ServletResponse;)V (388 bytes) @ 0x0000000003f42a14 [0x0000000003f42800+0x214]
J 5595 C1 org.apache.catalina.core.ApplicationFilterChain.doFilter(Ljavax/servlet/ServletRequest;Ljavax/servlet/ServletResponse;)V (103 bytes) @ 0x0000000003f423d4 [0x0000000003f423a0+0x34]
j  org.apache.tomcat.websocket.server.WsFilter.doFilter(Ljavax/servlet/ServletRequest;Ljavax/servlet/ServletResponse;Ljavax/servlet/FilterChain;)V+21
J 5596 C1 org.apache.catalina.core.ApplicationFilterChain.internalDoFilter(Ljavax/servlet/ServletRequest;Ljavax/servlet/ServletResponse;)V (388 bytes) @ 0x0000000003f42c34 [0x0000000003f42800+0x434]
J 5595 C1 org.apache.catalina.core.ApplicationFilterChain.doFilter(Ljavax/servlet/ServletRequest;Ljavax/servlet/ServletResponse;)V (103 bytes) @ 0x0000000003f423d4 [0x0000000003f423a0+0x34]
j  org.springframework.web.filter.RequestContextFilter.doFilterInternal(Ljavax/servlet/http/HttpServletRequest;Ljavax/servlet/http/HttpServletResponse;Ljavax/servlet/FilterChain;)V+21
j  org.springframework.web.filter.OncePerRequestFilter.doFilter(Ljavax/servlet/ServletRequest;Ljavax/servlet/ServletResponse;Ljavax/servlet/FilterChain;)V+147
J 5596 C1 org.apache.catalina.core.ApplicationFilterChain.internalDoFilter(Ljavax/servlet/ServletRequest;Ljavax/servlet/ServletResponse;)V (388 bytes) @ 0x0000000003f42c34 [0x0000000003f42800+0x434]
J 5595 C1 org.apache.catalina.core.ApplicationFilterChain.doFilter(Ljavax/servlet/ServletRequest;Ljavax/servlet/ServletResponse;)V (103 bytes) @ 0x0000000003f423d4 [0x0000000003f423a0+0x34]
j  org.springframework.web.filter.FormContentFilter.doFilterInternal(Ljavax/servlet/http/HttpServletRequest;Ljavax/servlet/http/HttpServletResponse;Ljavax/servlet/FilterChain;)V+38
j  org.springframework.web.filter.OncePerRequestFilter.doFilter(Ljavax/servlet/ServletRequest;Ljavax/servlet/ServletResponse;Ljavax/servlet/FilterChain;)V+147
J 5596 C1 org.apache.catalina.core.ApplicationFilterChain.internalDoFilter(Ljavax/servlet/ServletRequest;Ljavax/servlet/ServletResponse;)V (388 bytes) @ 0x0000000003f42c34 [0x0000000003f42800+0x434]
J 5595 C1 org.apache.catalina.core.ApplicationFilterChain.doFilter(Ljavax/servlet/ServletRequest;Ljavax/servlet/ServletResponse;)V (103 bytes) @ 0x0000000003f423d4 [0x0000000003f423a0+0x34]
j  org.springframework.web.filter.CharacterEncodingFilter.doFilterInternal(Ljavax/servlet/http/HttpServletRequest;Ljavax/servlet/http/HttpServletResponse;Ljavax/servlet/FilterChain;)V+53
j  org.springframework.web.filter.OncePerRequestFilter.doFilter(Ljavax/servlet/ServletRequest;Ljavax/servlet/ServletResponse;Ljavax/servlet/FilterChain;)V+147
J 5596 C1 org.apache.catalina.core.ApplicationFilterChain.internalDoFilter(Ljavax/servlet/ServletRequest;Ljavax/servlet/ServletResponse;)V (388 bytes) @ 0x0000000003f42c34 [0x0000000003f42800+0x434]
J 5595 C1 org.apache.catalina.core.ApplicationFilterChain.doFilter(Ljavax/servlet/ServletRequest;Ljavax/servlet/ServletResponse;)V (103 bytes) @ 0x0000000003f423d4 [0x0000000003f423a0+0x34]
j  org.apache.catalina.core.StandardWrapperValve.invoke(Lorg/apache/catalina/connector/Request;Lorg/apache/catalina/connector/Response;)V+694
j  org.apache.catalina.core.StandardContextValve.invoke(Lorg/apache/catalina/connector/Request;Lorg/apache/catalina/connector/Response;)V+169
j  org.apache.catalina.authenticator.AuthenticatorBase.invoke(Lorg/apache/catalina/connector/Request;Lorg/apache/catalina/connector/Response;)V+260
j  org.apache.catalina.core.StandardHostValve.invoke(Lorg/apache/catalina/connector/Request;Lorg/apache/catalina/connector/Response;)V+128
j  org.apache.catalina.valves.ErrorReportValve.invoke(Lorg/apache/catalina/connector/Request;Lorg/apache/catalina/connector/Response;)V+6
j  org.apache.catalina.core.StandardEngineValve.invoke(Lorg/apache/catalina/connector/Request;Lorg/apache/catalina/connector/Response;)V+59
j  org.apache.catalina.connector.CoyoteAdapter.service(Lorg/apache/coyote/Request;Lorg/apache/coyote/Response;)V+199
j  org.apache.coyote.http11.Http11Processor.service(Lorg/apache/tomcat/util/net/SocketWrapperBase;)Lorg/apache/tomcat/util/net/AbstractEndpoint$Handler$SocketState;+737
j  org.apache.coyote.AbstractProcessorLight.process(Lorg/apache/tomcat/util/net/SocketWrapperBase;Lorg/apache/tomcat/util/net/SocketEvent;)Lorg/apache/tomcat/util/net/AbstractEndpoint$Handler$SocketState;+170
j  org.apache.coyote.AbstractProtocol$ConnectionHandler.process(Lorg/apache/tomcat/util/net/SocketWrapperBase;Lorg/apache/tomcat/util/net/SocketEvent;)Lorg/apache/tomcat/util/net/AbstractEndpoint$Handler$SocketState;+505
j  org.apache.tomcat.util.net.NioEndpoint$SocketProcessor.doRun()V+216
j  org.apache.tomcat.util.net.SocketProcessorBase.run()V+21
j  java.util.concurrent.ThreadPoolExecutor.runWorker(Ljava/util/concurrent/ThreadPoolExecutor$Worker;)V+95
j  java.util.concurrent.ThreadPoolExecutor$Worker.run()V+5
j  org.apache.tomcat.util.threads.TaskThread$WrappingRunnable.run()V+4
j  java.lang.Thread.run()V+11
v  ~StubRoutines::call_stub

---------------  P R O C E S S  ---------------

Java Threads: ( => current thread )
  0x000000001f094000 JavaThread "lettuce-eventExecutorLoop-1-8" daemon [_thread_blocked, id=19716, stack(0x0000000043580000,0x0000000043780000)]
  0x000000001f484000 JavaThread "lettuce-eventExecutorLoop-1-7" daemon [_thread_blocked, id=13904, stack(0x0000000043380000,0x0000000043580000)]
  0x000000001f482800 JavaThread "lettuce-eventExecutorLoop-1-6" daemon [_thread_blocked, id=20428, stack(0x0000000042f30000,0x0000000043130000)]
  0x000000001f481000 JavaThread "lettuce-eventExecutorLoop-1-5" daemon [_thread_blocked, id=11556, stack(0x0000000042d30000,0x0000000042f30000)]
  0x000000001f480800 JavaThread "lettuce-eventExecutorLoop-1-4" daemon [_thread_blocked, id=21320, stack(0x0000000042b30000,0x0000000042d30000)]
  0x000000001f482000 JavaThread "lettuce-eventExecutorLoop-1-3" daemon [_thread_blocked, id=17520, stack(0x0000000042930000,0x0000000042b30000)]
  0x000000001f47f800 JavaThread "lettuce-eventExecutorLoop-1-2" daemon [_thread_blocked, id=12916, stack(0x00000000256a0000,0x00000000258a0000)]
  0x000000001f47f000 JavaThread "Java2D Disposer" daemon [_thread_blocked, id=20852, stack(0x00000000254a0000,0x00000000256a0000)]
  0x000000001f483800 JavaThread "idle_connection_reaper" daemon [_thread_blocked, id=19816, stack(0x0000000024fa0000,0x00000000251a0000)]
  0x000000001f485000 JavaThread "lettuce-eventExecutorLoop-1-1" daemon [_thread_blocked, id=19836, stack(0x0000000024da0000,0x0000000024fa0000)]
  0x000000001f477800 JavaThread "lettuce-nioEventLoop-4-1" daemon [_thread_in_native, id=16900, stack(0x0000000023890000,0x0000000023a90000)]
  0x000000001f479800 JavaThread "DiscoveryClient-CacheRefreshExecutor-0" daemon [_thread_blocked, id=13144, stack(0x0000000023690000,0x0000000023890000)]
  0x000000001f47e000 JavaThread "DiscoveryClient-HeartbeatExecutor-0" daemon [_thread_blocked, id=21328, stack(0x0000000023490000,0x0000000023690000)]
  0x000000001f476800 JavaThread "DestroyJavaVM" [_thread_blocked, id=11020, stack(0x0000000003140000,0x0000000003340000)]
  0x000000001f47d800 JavaThread "http-nio-8081-Acceptor" daemon [_thread_in_native, id=19788, stack(0x0000000022e90000,0x0000000023090000)]
  0x000000001f47c800 JavaThread "http-nio-8081-ClientPoller" daemon [_thread_in_native, id=19784, stack(0x0000000022c90000,0x0000000022e90000)]
  0x000000001f476000 JavaThread "http-nio-8081-exec-10" daemon [_thread_in_native, id=19780, stack(0x0000000022a90000,0x0000000022c90000)]
  0x000000001f47a800 JavaThread "http-nio-8081-exec-9" daemon [_thread_in_native, id=19776, stack(0x0000000022890000,0x0000000022a90000)]
  0x000000001f47c000 JavaThread "http-nio-8081-exec-8" daemon [_thread_in_native, id=19772, stack(0x0000000022690000,0x0000000022890000)]
  0x000000001f479000 JavaThread "http-nio-8081-exec-7" daemon [_thread_blocked, id=19768, stack(0x0000000022490000,0x0000000022690000)]
=>0x000000001f47b000 JavaThread "http-nio-8081-exec-6" daemon [_thread_in_native, id=19764, stack(0x0000000022290000,0x0000000022490000)]
  0x000000001f478000 JavaThread "http-nio-8081-exec-5" daemon [_thread_in_native, id=19760, stack(0x0000000022090000,0x0000000022290000)]
  0x000000001f1fa000 JavaThread "http-nio-8081-exec-4" daemon [_thread_blocked, id=19756, stack(0x0000000021e90000,0x0000000022090000)]
  0x000000001f1f9800 JavaThread "http-nio-8081-exec-3" daemon [_thread_blocked, id=19752, stack(0x0000000021c90000,0x0000000021e90000)]
  0x000000001f1f8800 JavaThread "http-nio-8081-exec-2" daemon [_thread_blocked, id=19748, stack(0x0000000021a90000,0x0000000021c90000)]
  0x000000001f1f7000 JavaThread "http-nio-8081-exec-1" daemon [_thread_blocked, id=19744, stack(0x0000000021890000,0x0000000021a90000)]
  0x000000001f1fb000 JavaThread "http-nio-8081-BlockPoller" daemon [_thread_in_native, id=19740, stack(0x0000000021690000,0x0000000021890000)]
  0x000000001f1f6800 JavaThread "DiscoveryClient-InstanceInfoReplicator-0" daemon [_thread_blocked, id=19736, stack(0x0000000021490000,0x0000000021690000)]
  0x000000001f1f5000 JavaThread "DiscoveryClient-1" daemon [_thread_blocked, id=19732, stack(0x0000000021290000,0x0000000021490000)]
  0x000000001f1f8000 JavaThread "DiscoveryClient-0" daemon [_thread_blocked, id=19728, stack(0x0000000020f90000,0x0000000021190000)]
  0x000000001f1f4000 JavaThread "AsyncResolver-bootstrap-0" daemon [_thread_blocked, id=16700, stack(0x0000000020990000,0x0000000020b90000)]
  0x000000001f1f5800 JavaThread "spring.cloud.inetutils" daemon [_thread_blocked, id=17708, stack(0x0000000020590000,0x0000000020790000)]
  0x000000001c924800 JavaThread "lettuce-timer-3-1" daemon [_thread_blocked, id=13028, stack(0x000000001edc0000,0x000000001efc0000)]
  0x000000001b553000 JavaThread "container-0" [_thread_blocked, id=14856, stack(0x000000001ebc0000,0x000000001edc0000)]
  0x000000001c923800 JavaThread "Catalina-utility-2" [_thread_blocked, id=15576, stack(0x000000001e9c0000,0x000000001ebc0000)]
  0x000000001b43c000 JavaThread "Catalina-utility-1" [_thread_blocked, id=16364, stack(0x000000001e7c0000,0x000000001e9c0000)]
  0x000000001b43d000 JavaThread "Service Thread" daemon [_thread_blocked, id=18328, stack(0x000000001be20000,0x000000001c020000)]
  0x000000001b3a5800 JavaThread "C1 CompilerThread3" daemon [_thread_blocked, id=17972, stack(0x000000001bd20000,0x000000001be20000)]
  0x000000001b397800 JavaThread "C2 CompilerThread2" daemon [_thread_blocked, id=18424, stack(0x000000001bc20000,0x000000001bd20000)]
  0x000000001b397000 JavaThread "C2 CompilerThread1" daemon [_thread_blocked, id=18336, stack(0x000000001bb20000,0x000000001bc20000)]
  0x000000001b392000 JavaThread "C2 CompilerThread0" daemon [_thread_blocked, id=17540, stack(0x000000001ba20000,0x000000001bb20000)]
  0x000000001b205000 JavaThread "Monitor Ctrl-Break" daemon [_thread_in_native, id=10200, stack(0x000000001b820000,0x000000001ba20000)]
  0x000000001a45a000 JavaThread "Attach Listener" daemon [_thread_blocked, id=15176, stack(0x000000001ae20000,0x000000001b020000)]
  0x000000001a403000 JavaThread "Signal Dispatcher" daemon [_thread_blocked, id=9484, stack(0x000000001ac20000,0x000000001ae20000)]
  0x000000001a3e1000 JavaThread "Finalizer" daemon [_thread_blocked, id=1884, stack(0x000000001a9c0000,0x000000001abc0000)]
  0x000000001a3e0800 JavaThread "Reference Handler" daemon [_thread_blocked, id=18352, stack(0x000000001a7c0000,0x000000001a9c0000)]

Other Threads:
  0x00000000185d8800 VMThread [stack: 0x000000001a2c0000,0x000000001a3c0000] [id=5064]
  0x000000001b446000 WatcherThread [stack: 0x000000001c020000,0x000000001c120000] [id=1784]

VM state:not at safepoint (normal execution)

VM Mutex/Monitor currently owned by a thread: None

heap address: 0x0000000080000000, size: 2048 MB, Compressed Oops mode: 32-bit
Narrow klass base: 0x0000000000000000, Narrow klass shift: 3
Compressed class space size: 1073741824 Address: 0x0000000100000000

Heap:
 PSYoungGen      total 440320K, used 340351K [0x00000000d5580000, 0x00000000f2080000, 0x0000000100000000)
  eden space 413696K, 77% used [0x00000000d5580000,0x00000000e8f71ba0,0x00000000ee980000)
  from space 26624K, 70% used [0x00000000f0480000,0x00000000f16ee108,0x00000000f1e80000)
  to   space 27648K, 0% used [0x00000000ee980000,0x00000000ee980000,0x00000000f0480000)
 ParOldGen       total 87552K, used 34518K [0x0000000080000000, 0x0000000085580000, 0x00000000d5580000)
  object space 87552K, 39% used [0x0000000080000000,0x00000000821b58f8,0x0000000085580000)
 Metaspace       used 54727K, capacity 58362K, committed 58624K, reserved 1099776K
  class space    used 7452K, capacity 8109K, committed 8192K, reserved 1048576K

Card table byte_map: [0x0000000012900000,0x0000000012d10000] byte_map_base: 0x0000000012500000

Marking Bits: (ParMarkBitMap*) 0x000000005aa64ce0
 Begin Bits: [0x00000000137c0000, 0x00000000157c0000)
 End Bits:   [0x00000000157c0000, 0x00000000177c0000)

Polling page: 0x0000000000f80000

CodeCache: size=245760Kb used=10285Kb max_used=10285Kb free=235474Kb
 bounds [0x0000000003540000, 0x0000000003f50000, 0x0000000012540000]
 total_blobs=6091 nmethods=5495 adapters=508
 compilation: enabled

Compilation events (10 events):
Event: 229.726 Thread 0x000000001b3a5800 5635       1       org.springframework.web.context.request.async.WebAsyncUtils::getAsyncManager (48 bytes)
Event: 229.726 Thread 0x000000001b3a5800 nmethod 5635 0x0000000003f4c6d0 code [0x0000000003f4c860, 0x0000000003f4cac8]
Event: 229.726 Thread 0x000000001b3a5800 5629       1       org.springframework.context.event.SimpleApplicationEventMulticaster::getErrorHandler (5 bytes)
Event: 229.726 Thread 0x000000001b3a5800 nmethod 5629 0x0000000003f4cbd0 code [0x0000000003f4cd20, 0x0000000003f4ce30]
Event: 229.759 Thread 0x000000001b3a5800 5636       1       org.apache.catalina.core.ApplicationFilterChain::addFilter (96 bytes)
Event: 229.759 Thread 0x000000001b3a5800 nmethod 5636 0x0000000003f4ce90 code [0x0000000003f4d000, 0x0000000003f4d368]
Event: 229.759 Thread 0x000000001b3a5800 5637       1       org.apache.catalina.connector.RequestFacade::removeAttribute (32 bytes)
Event: 229.759 Thread 0x000000001b3a5800 nmethod 5637 0x0000000003f4d550 code [0x0000000003f4d6e0, 0x0000000003f4d8e8]
Event: 229.759 Thread 0x000000001b3a5800 5638       1       org.apache.catalina.connector.Request::removeAttribute (65 bytes)
Event: 229.760 Thread 0x000000001b3a5800 nmethod 5638 0x0000000003f4da10 code [0x0000000003f4dbc0, 0x0000000003f4de38]

GC Heap History (10 events):
Event: 3.495 GC heap before
{Heap before GC invocations=6 (full 0):
 PSYoungGen      total 71680K, used 71660K [0x00000000d5580000, 0x00000000dea80000, 0x0000000100000000)
  eden space 66560K, 100% used [0x00000000d5580000,0x00000000d9680000,0x00000000d9680000)
  from space 5120K, 99% used [0x00000000d9680000,0x00000000d9b7b008,0x00000000d9b80000)
  to   space 9728K, 0% used [0x00000000de100000,0x00000000de100000,0x00000000dea80000)
 ParOldGen       total 87552K, used 7649K [0x0000000080000000, 0x0000000085580000, 0x00000000d5580000)
  object space 87552K, 8% used [0x0000000080000000,0x0000000080778490,0x0000000085580000)
 Metaspace       used 21670K, capacity 22748K, committed 23040K, reserved 1069056K
  class space    used 2949K, capacity 3212K, committed 3328K, reserved 1048576K
Event: 3.504 GC heap after
Heap after GC invocations=6 (full 0):
 PSYoungGen      total 140288K, used 9717K [0x00000000d5580000, 0x00000000def80000, 0x0000000100000000)
  eden space 130560K, 0% used [0x00000000d5580000,0x00000000d5580000,0x00000000dd500000)
  from space 9728K, 99% used [0x00000000de100000,0x00000000dea7d640,0x00000000dea80000)
  to   space 12288K, 0% used [0x00000000dd500000,0x00000000dd500000,0x00000000de100000)
 ParOldGen       total 87552K, used 9341K [0x0000000080000000, 0x0000000085580000, 0x00000000d5580000)
  object space 87552K, 10% used [0x0000000080000000,0x000000008091f640,0x0000000085580000)
 Metaspace       used 21670K, capacity 22748K, committed 23040K, reserved 1069056K
  class space    used 2949K, capacity 3212K, committed 3328K, reserved 1048576K
}
Event: 5.329 GC heap before
{Heap before GC invocations=7 (full 0):
 PSYoungGen      total 140288K, used 140277K [0x00000000d5580000, 0x00000000def80000, 0x0000000100000000)
  eden space 130560K, 100% used [0x00000000d5580000,0x00000000dd500000,0x00000000dd500000)
  from space 9728K, 99% used [0x00000000de100000,0x00000000dea7d640,0x00000000dea80000)
  to   space 12288K, 0% used [0x00000000dd500000,0x00000000dd500000,0x00000000de100000)
 ParOldGen       total 87552K, used 9341K [0x0000000080000000, 0x0000000085580000, 0x00000000d5580000)
  object space 87552K, 10% used [0x0000000080000000,0x000000008091f640,0x0000000085580000)
 Metaspace       used 27194K, capacity 28644K, committed 28928K, reserved 1075200K
  class space    used 3727K, capacity 4038K, committed 4096K, reserved 1048576K
Event: 5.341 GC heap after
Heap after GC invocations=7 (full 0):
 PSYoungGen      total 142848K, used 12283K [0x00000000d5580000, 0x00000000e7480000, 0x0000000100000000)
  eden space 130560K, 0% used [0x00000000d5580000,0x00000000d5580000,0x00000000dd500000)
  from space 12288K, 99% used [0x00000000dd500000,0x00000000de0fef18,0x00000000de100000)
  to   space 16384K, 0% used [0x00000000e6480000,0x00000000e6480000,0x00000000e7480000)
 ParOldGen       total 87552K, used 13677K [0x0000000080000000, 0x0000000085580000, 0x00000000d5580000)
  object space 87552K, 15% used [0x0000000080000000,0x0000000080d5b758,0x0000000085580000)
 Metaspace       used 27194K, capacity 28644K, committed 28928K, reserved 1075200K
  class space    used 3727K, capacity 4038K, committed 4096K, reserved 1048576K
}
Event: 7.398 GC heap before
{Heap before GC invocations=8 (full 0):
 PSYoungGen      total 142848K, used 142843K [0x00000000d5580000, 0x00000000e7480000, 0x0000000100000000)
  eden space 130560K, 100% used [0x00000000d5580000,0x00000000dd500000,0x00000000dd500000)
  from space 12288K, 99% used [0x00000000dd500000,0x00000000de0fef18,0x00000000de100000)
  to   space 16384K, 0% used [0x00000000e6480000,0x00000000e6480000,0x00000000e7480000)
 ParOldGen       total 87552K, used 13677K [0x0000000080000000, 0x0000000085580000, 0x00000000d5580000)
  object space 87552K, 15% used [0x0000000080000000,0x0000000080d5b758,0x0000000085580000)
 Metaspace       used 34626K, capacity 36896K, committed 36992K, reserved 1081344K
  class space    used 4754K, capacity 5186K, committed 5248K, reserved 1048576K
Event: 7.409 GC heap after
Heap after GC invocations=8 (full 0):
 PSYoungGen      total 275456K, used 15432K [0x00000000d5580000, 0x00000000e7880000, 0x0000000100000000)
  eden space 259072K, 0% used [0x00000000d5580000,0x00000000d5580000,0x00000000e5280000)
  from space 16384K, 94% used [0x00000000e6480000,0x00000000e7392308,0x00000000e7480000)
  to   space 18432K, 0% used [0x00000000e5280000,0x00000000e5280000,0x00000000e6480000)
 ParOldGen       total 87552K, used 14780K [0x0000000080000000, 0x0000000085580000, 0x00000000d5580000)
  object space 87552K, 16% used [0x0000000080000000,0x0000000080e6f280,0x0000000085580000)
 Metaspace       used 34626K, capacity 36896K, committed 36992K, reserved 1081344K
  class space    used 4754K, capacity 5186K, committed 5248K, reserved 1048576K
}
Event: 94.624 GC heap before
{Heap before GC invocations=9 (full 0):
 PSYoungGen      total 275456K, used 274504K [0x00000000d5580000, 0x00000000e7880000, 0x0000000100000000)
  eden space 259072K, 100% used [0x00000000d5580000,0x00000000e5280000,0x00000000e5280000)
  from space 16384K, 94% used [0x00000000e6480000,0x00000000e7392308,0x00000000e7480000)
  to   space 18432K, 0% used [0x00000000e5280000,0x00000000e5280000,0x00000000e6480000)
 ParOldGen       total 87552K, used 14780K [0x0000000080000000, 0x0000000085580000, 0x00000000d5580000)
  object space 87552K, 16% used [0x0000000080000000,0x0000000080e6f280,0x0000000085580000)
 Metaspace       used 51731K, capacity 55154K, committed 55424K, reserved 1097728K
  class space    used 7065K, capacity 7683K, committed 7808K, reserved 1048576K
Event: 94.652 GC heap after
Heap after GC invocations=9 (full 0):
 PSYoungGen      total 277504K, used 18416K [0x00000000d5580000, 0x00000000f1e80000, 0x0000000100000000)
  eden space 259072K, 0% used [0x00000000d5580000,0x00000000d5580000,0x00000000e5280000)
  from space 18432K, 99% used [0x00000000e5280000,0x00000000e647c0e0,0x00000000e6480000)
  to   space 26624K, 0% used [0x00000000f0480000,0x00000000f0480000,0x00000000f1e80000)
 ParOldGen       total 87552K, used 28553K [0x0000000080000000, 0x0000000085580000, 0x00000000d5580000)
  object space 87552K, 32% used [0x0000000080000000,0x0000000081be24f0,0x0000000085580000)
 Metaspace       used 51731K, capacity 55154K, committed 55424K, reserved 1097728K
  class space    used 7065K, capacity 7683K, committed 7808K, reserved 1048576K
}
Event: 125.706 GC heap before
{Heap before GC invocations=10 (full 0):
 PSYoungGen      total 277504K, used 276175K [0x00000000d5580000, 0x00000000f1e80000, 0x0000000100000000)
  eden space 259072K, 99% used [0x00000000d5580000,0x00000000e5137d30,0x00000000e5280000)
  from space 18432K, 99% used [0x00000000e5280000,0x00000000e647c0e0,0x00000000e6480000)
  to   space 26624K, 0% used [0x00000000f0480000,0x00000000f0480000,0x00000000f1e80000)
 ParOldGen       total 87552K, used 28553K [0x0000000080000000, 0x0000000085580000, 0x00000000d5580000)
  object space 87552K, 32% used [0x0000000080000000,0x0000000081be24f0,0x0000000085580000)
 Metaspace       used 54611K, capacity 58196K, committed 58240K, reserved 1099776K
  class space    used 7435K, capacity 8064K, committed 8064K, reserved 1048576K
Event: 125.922 GC heap after
Heap after GC invocations=10 (full 0):
 PSYoungGen      total 440320K, used 18872K [0x00000000d5580000, 0x00000000f2080000, 0x0000000100000000)
  eden space 413696K, 0% used [0x00000000d5580000,0x00000000d5580000,0x00000000ee980000)
  from space 26624K, 70% used [0x00000000f0480000,0x00000000f16ee108,0x00000000f1e80000)
  to   space 27648K, 0% used [0x00000000ee980000,0x00000000ee980000,0x00000000f0480000)
 ParOldGen       total 87552K, used 34518K [0x0000000080000000, 0x0000000085580000, 0x00000000d5580000)
  object space 87552K, 39% used [0x0000000080000000,0x00000000821b58f8,0x0000000085580000)
 Metaspace       used 54611K, capacity 58196K, committed 58240K, reserved 1099776K
  class space    used 7435K, capacity 8064K, committed 8064K, reserved 1048576K
}

Deoptimization events (0 events):
No events

Classes redefined (0 events):
No events

Internal exceptions (10 events):
Event: 191.360 Thread 0x000000001f47e000 Exception <a 'java/net/SocketTimeoutException': Read timed out> (0x00000000dbe008d8) thrown at [C:\re\workspace\8-2-build-windows-amd64-cygwin\jdk8u201\12322\hotspot\src\share\vm\prims\jni.cpp, line 735]
Event: 191.360 Thread 0x000000001f479800 Exception <a 'java/net/SocketTimeoutException': Read timed out> (0x00000000dbee9468) thrown at [C:\re\workspace\8-2-build-windows-amd64-cygwin\jdk8u201\12322\hotspot\src\share\vm\prims\jni.cpp, line 735]
Event: 215.109 Thread 0x000000001f1f9800 Exception <a 'java/lang/ArrayIndexOutOfBoundsException'> (0x00000000dc32d878) thrown at [C:\re\workspace\8-2-build-windows-amd64-cygwin\jdk8u201\12322\hotspot\src\share\vm\runtime\sharedRuntime.cpp, line 605]
Event: 215.216 Thread 0x000000001f1f9800 Exception <a 'java/lang/NoSuchMethodError': java.lang.Object.lambda$invoke$0()Ljava/lang/Object;> (0x00000000dc76a180) thrown at [C:\re\workspace\8-2-build-windows-amd64-cygwin\jdk8u201\12322\hotspot\src\share\vm\interpreter\linkResolver.cpp, line 620]
Event: 215.230 Thread 0x000000001f1f9800 Exception <a 'java/lang/ArrayIndexOutOfBoundsException'> (0x00000000dc799508) thrown at [C:\re\workspace\8-2-build-windows-amd64-cygwin\jdk8u201\12322\hotspot\src\share\vm\runtime\sharedRuntime.cpp, line 605]
Event: 215.231 Thread 0x000000001f1f9800 Exception <a 'java/lang/ArrayIndexOutOfBoundsException'> (0x00000000dc79b1e8) thrown at [C:\re\workspace\8-2-build-windows-amd64-cygwin\jdk8u201\12322\hotspot\src\share\vm\runtime\sharedRuntime.cpp, line 605]
Event: 215.232 Thread 0x000000001f1f9800 Exception <a 'java/lang/ArrayIndexOutOfBoundsException'> (0x00000000dc7a0df0) thrown at [C:\re\workspace\8-2-build-windows-amd64-cygwin\jdk8u201\12322\hotspot\src\share\vm\runtime\sharedRuntime.cpp, line 605]
Event: 221.391 Thread 0x000000001f47e000 Exception <a 'java/net/SocketTimeoutException': Read timed out> (0x00000000dbe09240) thrown at [C:\re\workspace\8-2-build-windows-amd64-cygwin\jdk8u201\12322\hotspot\src\share\vm\prims\jni.cpp, line 735]
Event: 221.391 Thread 0x000000001f479800 Exception <a 'java/net/SocketTimeoutException': Read timed out> (0x00000000dbef4a80) thrown at [C:\re\workspace\8-2-build-windows-amd64-cygwin\jdk8u201\12322\hotspot\src\share\vm\prims\jni.cpp, line 735]
Event: 225.241 Thread 0x000000001f47c000 Exception <a 'java/io/IOException'> (0x00000000e41584f0) thrown at [C:\re\workspace\8-2-build-windows-amd64-cygwin\jdk8u201\12322\hotspot\src\share\vm\prims\jni.cpp, line 709]

Events (10 events):
Event: 221.438 Executing VM operation: RevokeBias
Event: 221.438 Executing VM operation: RevokeBias done
Event: 221.439 Executing VM operation: BulkRevokeBias
Event: 221.439 Executing VM operation: BulkRevokeBias done
Event: 225.507 Executing VM operation: RevokeBias
Event: 225.507 Executing VM operation: RevokeBias done
Event: 229.308 loading class java/util/concurrent/locks/ReentrantReadWriteLock$Sync$HoldCounter
Event: 229.308 loading class java/util/concurrent/locks/ReentrantReadWriteLock$Sync$HoldCounter done
Event: 229.757 Executing VM operation: RevokeBias
Event: 229.758 Executing VM operation: RevokeBias done


Dynamic libraries:
0x00007ff76d310000 - 0x00007ff76d347000 	C:\Program Files\Java\jdk1.8.0_201\bin\java.exe
0x00007ffeaa510000 - 0x00007ffeaa705000 	C:\WINDOWS\SYSTEM32\ntdll.dll
0x00007ffea9080000 - 0x00007ffea913e000 	C:\WINDOWS\System32\KERNEL32.DLL
0x00007ffea8150000 - 0x00007ffea8419000 	C:\WINDOWS\System32\KERNELBASE.dll
0x00007ffea9140000 - 0x00007ffea91ec000 	C:\WINDOWS\System32\ADVAPI32.dll
0x00007ffea9ca0000 - 0x00007ffea9d3e000 	C:\WINDOWS\System32\msvcrt.dll
0x00007ffeaa430000 - 0x00007ffeaa4cb000 	C:\WINDOWS\System32\sechost.dll
0x00007ffea8680000 - 0x00007ffea87aa000 	C:\WINDOWS\System32\RPCRT4.dll
0x00007ffea87d0000 - 0x00007ffea8971000 	C:\WINDOWS\System32\USER32.dll
0x00007ffea7c30000 - 0x00007ffea7c52000 	C:\WINDOWS\System32\win32u.dll
0x00007ffea9c70000 - 0x00007ffea9c9b000 	C:\WINDOWS\System32\GDI32.dll
0x00007ffea7ce0000 - 0x00007ffea7deb000 	C:\WINDOWS\System32\gdi32full.dll
0x00007ffea80b0000 - 0x00007ffea814d000 	C:\WINDOWS\System32\msvcp_win.dll
0x00007ffea7df0000 - 0x00007ffea7ef0000 	C:\WINDOWS\System32\ucrtbase.dll
0x00007ffe991a0000 - 0x00007ffe9943a000 	C:\WINDOWS\WinSxS\amd64_microsoft.windows.common-controls_6595b64144ccf1df_6.0.19041.1110_none_60b5254171f9507e\COMCTL32.dll
0x00007ffea9f80000 - 0x00007ffea9fb0000 	C:\WINDOWS\System32\IMM32.DLL
0x000000005b920000 - 0x000000005b9f1000 	C:\Program Files\Java\jdk1.8.0_201\jre\bin\msvcr100.dll
0x000000005a240000 - 0x000000005aae4000 	C:\Program Files\Java\jdk1.8.0_201\jre\bin\server\jvm.dll
0x00007ffea8f30000 - 0x00007ffea8f38000 	C:\WINDOWS\System32\PSAPI.DLL
0x00007ffea2ab0000 - 0x00007ffea2ab9000 	C:\WINDOWS\SYSTEM32\WSOCK32.dll
0x00007ffe9a750000 - 0x00007ffe9a777000 	C:\WINDOWS\SYSTEM32\WINMM.dll
0x00007ffe9e540000 - 0x00007ffe9e54a000 	C:\WINDOWS\SYSTEM32\VERSION.dll
0x00007ffea9b20000 - 0x00007ffea9b8b000 	C:\WINDOWS\System32\WS2_32.dll
0x00007ffea0360000 - 0x00007ffea036f000 	C:\Program Files\Java\jdk1.8.0_201\jre\bin\verify.dll
0x00007ffe747d0000 - 0x00007ffe747f9000 	C:\Program Files\Java\jdk1.8.0_201\jre\bin\java.dll
0x00007ffe6e5e0000 - 0x00007ffe6e603000 	C:\Program Files\Java\jdk1.8.0_201\jre\bin\instrument.dll
0x00007ffe878e0000 - 0x00007ffe878f6000 	C:\Program Files\Java\jdk1.8.0_201\jre\bin\zip.dll
0x00007ffea92a0000 - 0x00007ffea99df000 	C:\WINDOWS\System32\SHELL32.dll
0x00007ffea5970000 - 0x00007ffea6100000 	C:\WINDOWS\SYSTEM32\windows.storage.dll
0x00007ffea8bc0000 - 0x00007ffea8f15000 	C:\WINDOWS\System32\combase.dll
0x00007ffea7680000 - 0x00007ffea76ac000 	C:\WINDOWS\SYSTEM32\Wldp.dll
0x00007ffea91f0000 - 0x00007ffea929d000 	C:\WINDOWS\System32\SHCORE.dll
0x00007ffea9b90000 - 0x00007ffea9be5000 	C:\WINDOWS\System32\shlwapi.dll
0x00007ffea7b70000 - 0x00007ffea7b8f000 	C:\WINDOWS\SYSTEM32\profapi.dll
0x00007ffe7ca40000 - 0x00007ffe7ca5a000 	F:\subject\IDEA 2018_sssam.com\IntelliJ IDEA 2018.2.4\bin\breakgen64.dll
0x00007ffe867f0000 - 0x00007ffe8680a000 	C:\Program Files\Java\jdk1.8.0_201\jre\bin\net.dll
0x00007ffe95f00000 - 0x00007ffe960eb000 	C:\WINDOWS\SYSTEM32\urlmon.dll
0x00007ffe9ade0000 - 0x00007ffe9b090000 	C:\WINDOWS\SYSTEM32\iertutil.dll
0x00007ffea70c0000 - 0x00007ffea70cc000 	C:\WINDOWS\SYSTEM32\netutils.dll
0x00007ffe95ed0000 - 0x00007ffe95ef8000 	C:\WINDOWS\SYSTEM32\srvcli.dll
0x00007ffea73e0000 - 0x00007ffea744a000 	C:\WINDOWS\system32\mswsock.dll
0x00007ffea7080000 - 0x00007ffea70bb000 	C:\WINDOWS\SYSTEM32\IPHLPAPI.DLL
0x00007ffea8f20000 - 0x00007ffea8f28000 	C:\WINDOWS\System32\NSI.dll
0x00007ffe9dec0000 - 0x00007ffe9ded7000 	C:\WINDOWS\SYSTEM32\dhcpcsvc6.DLL
0x00007ffe9e1d0000 - 0x00007ffe9e1ed000 	C:\WINDOWS\SYSTEM32\dhcpcsvc.DLL
0x00007ffea70d0000 - 0x00007ffea719c000 	C:\WINDOWS\SYSTEM32\DNSAPI.dll
0x00007ffe9ee50000 - 0x00007ffe9ee5a000 	C:\Windows\System32\rasadhlp.dll
0x00007ffe96290000 - 0x00007ffe9630f000 	C:\WINDOWS\System32\fwpuclnt.dll
0x00007ffea7cb0000 - 0x00007ffea7cd7000 	C:\WINDOWS\System32\bcrypt.dll
0x00007ffea1510000 - 0x00007ffea151d000 	C:\Program Files\Java\jdk1.8.0_201\jre\bin\management.dll
0x00007ffe8ab20000 - 0x00007ffe8ab37000 	C:\WINDOWS\system32\napinsp.dll
0x00007ffe8a3c0000 - 0x00007ffe8a3db000 	C:\WINDOWS\system32\pnrpnsp.dll
0x00007ffea1f20000 - 0x00007ffea1f35000 	C:\WINDOWS\system32\wshbth.dll
0x00007ffea2980000 - 0x00007ffea299d000 	C:\WINDOWS\system32\NLAapi.dll
0x00007ffe8ab00000 - 0x00007ffe8ab12000 	C:\WINDOWS\System32\winrnr.dll
0x00007ffe860a0000 - 0x00007ffe860b1000 	C:\Program Files\Java\jdk1.8.0_201\jre\bin\nio.dll
0x00007ffea75e0000 - 0x00007ffea75f8000 	C:\WINDOWS\SYSTEM32\CRYPTSP.dll
0x00007ffea6cf0000 - 0x00007ffea6d24000 	C:\WINDOWS\system32\rsaenh.dll
0x00007ffea7af0000 - 0x00007ffea7b1e000 	C:\WINDOWS\SYSTEM32\USERENV.dll
0x00007ffea84d0000 - 0x00007ffea8553000 	C:\WINDOWS\System32\bcryptprimitives.dll
0x00007ffea75d0000 - 0x00007ffea75dc000 	C:\WINDOWS\SYSTEM32\CRYPTBASE.dll
0x00007ffe6df00000 - 0x00007ffe6df24000 	C:\Program Files\Java\jdk1.8.0_201\jre\bin\sunec.dll
0x00007ffe5a5b0000 - 0x00007ffe5a749000 	C:\Program Files\Java\jdk1.8.0_201\jre\bin\awt.dll
0x00007ffea9a50000 - 0x00007ffea9b1d000 	C:\WINDOWS\System32\OLEAUT32.dll
0x00007ffea4290000 - 0x00007ffea4320000 	C:\WINDOWS\SYSTEM32\apphelp.dll
0x00007ffe636a0000 - 0x00007ffe636d1000 	C:\Program Files\Java\jdk1.8.0_201\jre\bin\jpeg.dll
0x00007ffe54570000 - 0x00007ffe573ad000 	C:\Users\lenovo\Desktop\Face-recognition-main\ArcSoft_ArcFace_Java_Windows_x64_V3.0\libs\WIN64\libarcsoft_face.dll
0x00007ffe8cc10000 - 0x00007ffe8ccb6000 	C:\WINDOWS\SYSTEM32\MSVCP120.dll
0x00007ffe8cb20000 - 0x00007ffe8cc0f000 	C:\WINDOWS\SYSTEM32\MSVCR120.dll
0x00007ffe63620000 - 0x00007ffe6369f000 	C:\Users\lenovo\Desktop\Face-recognition-main\ArcSoft_ArcFace_Java_Windows_x64_V3.0\libs\WIN64\libarcsoft_face_engine.dll
0x00007ffea99f0000 - 0x00007ffea9a46000 	C:\WINDOWS\System32\WLDAP32.dll
0x00007ffe635f0000 - 0x00007ffe63615000 	C:\Users\lenovo\Desktop\Face-recognition-main\ArcSoft_ArcFace_Java_Windows_x64_V3.0\libs\WIN64\libarcsoft_face_engine_jni.dll
0x00007ffe635b0000 - 0x00007ffe635ee000 	C:\Program Files\Java\jdk1.8.0_201\jre\bin\lcms.dll
0x00007ffea61d0000 - 0x00007ffea63b4000 	C:\WINDOWS\SYSTEM32\dbghelp.dll

VM Arguments:
jvm_args: -Xmx2048m -XX:MetaspaceSize=512m -XX:MaxMetaspaceSize=768m -Xss2m -XX:TieredStopAtLevel=1 -Xverify:none -Dspring.output.ansi.enabled=always -javaagent:F:\subject\IDEA 2018_sssam.com\IntelliJ IDEA 2018.2.4\lib\idea_rt.jar=65503:F:\subject\IDEA 2018_sssam.com\IntelliJ IDEA 2018.2.4\bin -Dfile.encoding=UTF-8 
java_command: com.tangcheng.face_corn.FaceCornApplication
java_class_path (initial): C:\Program Files\Java\jdk1.8.0_201\jre\lib\charsets.jar;C:\Program Files\Java\jdk1.8.0_201\jre\lib\deploy.jar;C:\Program Files\Java\jdk1.8.0_201\jre\lib\ext\access-bridge-64.jar;C:\Program Files\Java\jdk1.8.0_201\jre\lib\ext\cldrdata.jar;C:\Program Files\Java\jdk1.8.0_201\jre\lib\ext\dnsns.jar;C:\Program Files\Java\jdk1.8.0_201\jre\lib\ext\jaccess.jar;C:\Program Files\Java\jdk1.8.0_201\jre\lib\ext\jfxrt.jar;C:\Program Files\Java\jdk1.8.0_201\jre\lib\ext\localedata.jar;C:\Program Files\Java\jdk1.8.0_201\jre\lib\ext\nashorn.jar;C:\Program Files\Java\jdk1.8.0_201\jre\lib\ext\sunec.jar;C:\Program Files\Java\jdk1.8.0_201\jre\lib\ext\sunjce_provider.jar;C:\Program Files\Java\jdk1.8.0_201\jre\lib\ext\sunmscapi.jar;C:\Program Files\Java\jdk1.8.0_201\jre\lib\ext\sunpkcs11.jar;C:\Program Files\Java\jdk1.8.0_201\jre\lib\ext\zipfs.jar;C:\Program Files\Java\jdk1.8.0_201\jre\lib\javaws.jar;C:\Program Files\Java\jdk1.8.0_201\jre\lib\jce.jar;C:\Program Files\Java\jdk1.8.0_201\jre\lib\jfr.jar;C:\Program Files\Java\jdk1.8.0_201\jre\lib\jfxswt.jar;C:\Program Files\Java\jdk1.8.0_201\jre\lib\jsse.jar;C:\Program Files\Java\jdk1.8.0_201\jre\lib\management-agent.jar;C:\Program Files\Java\jdk1.8.0_201\jre\lib\plugin.jar;C:\Program Files\Java\jdk1.8.0_201\jre\lib\resources.jar;C:\Program Files\Java\jdk1.8.0_201\jre\lib\rt.jar;C:\Users\lenovo\Desktop\Face-recognition-main\facesystem\face_corn\target\classes;C:\Users\lenovo\Desktop\Face-recognition-main\facesystem\common\target\classes;F:\subject\JavaWeb\maven-l\com\auth0\java-jwt\3.4.0\java-jwt-3.4.0.jar;F:\subject\JavaWeb\maven-l\commons-codec\commons-codec\1.15\commons-codec-1.15.jar;F:\subject\JavaWeb\maven-l\com\aliyun\oss\aliyun-sdk-oss\3.12.0\aliyun-sdk-oss-3.12.0.jar;F:\subject\JavaWeb\maven-l\org\apache\httpcomponents\httpclient\4.5.13\httpclient-4.5.13.jar;F:\subject\JavaWeb\maven-l\org\apache\httpcomponents\httpcore\4.4.14\httpcore-4.4.14.jar;F:\subject\JavaWeb\maven-l\org\jdom\jdom2\2.0.6\jdom2-2.0.6.ja
Launcher Type: SUN_STANDARD

Environment Variables:
JAVA_HOME=C:\Program Files\Java\jdk1.8.0_201
CLASSPATH=.;C:\Program Files\Java\jdk1.8.0_201\lib\dt.jar,C:\Program Files\Java\jdk1.8.0_201\lib\tools.jar;F:\subject\JavaWeb\apache-tomcat-8.5.45\lib\servlet-api.jar
PATH=C:\Program Files (x86)\Common Files\Oracle\Java\javapath;C:\WINDOWS\system32;C:\WINDOWS;C:\WINDOWS\System32\Wbem;C:\WINDOWS\System32\WindowsPowerShell\v1.0\;C:\WINDOWS\System32\OpenSSH\;F:\subject\JavaWeb\apache-tomcat-8.5.45\bin;F:\subject\JavaWeb\apache-tomcat-8.5.45\lib;C:\Program Files\NVIDIA Corporation\NVIDIA NvDLISR;F:\subject\JavaWeb\apache-maven-3.3.9\bin;F:\subject\JavaWeb\Gradle\gradle-6.9.1\bin;F:\subject\JavaWeb\nodejs;C:\Program Files\Java\jdk1.8.0_201\bin;C:\Program Files\MySQL\MySQL Server 8.0\bin;F:\subject\JavaWeb\env\MongoDB\bin;C:\Users\lenovo\AppData\Local\Microsoft\WindowsApps;F:\subject\PyCharm\PyCharm Community Edition 2020.3.3\bin;;F:\subject\JavaWeb\Microsoft VS Code\bin;F:\subject\JavaWeb\nodejs\node_global;
USERNAME=lenovo
OS=Windows_NT
PROCESSOR_IDENTIFIER=Intel64 Family 6 Model 158 Stepping 10, GenuineIntel



---------------  S Y S T E M  ---------------

OS: Windows 10.0 , 64 bit Build 19041 (10.0.19041.1202)

CPU:total 8 (initial active 8) (4 cores per cpu, 2 threads per core) family 6 model 158 stepping 10, cmov, cx8, fxsr, mmx, sse, sse2, sse3, ssse3, sse4.1, sse4.2, popcnt, avx, avx2, aes, clmul, erms, 3dnowpref, lzcnt, ht, tsc, tscinvbit, bmi1, bmi2, adx

Memory: 4k page, physical 8306932k(735892k free), swap 18792692k(3168780k free)

vm_info: Java HotSpot(TM) 64-Bit Server VM (25.201-b09) for windows-amd64 JRE (1.8.0_201-b09), built on Dec 15 2018 18:36:39 by "java_re" with MS VC++ 10.0 (VS2010)

time: Mon Nov 01 23:23:28 2021
timezone: 中国标准时间
elapsed time: 229 seconds (0d 0h 3m 49s)

