#
# A fatal error has been detected by the Java Runtime Environment:
#
#  EXCEPTION_ACCESS_VIOLATION (0xc0000005) at pc=0x00007ffbb3fee0e5, pid=17044, tid=0x0000000000005154
#
# JRE version: Java(TM) SE Runtime Environment (8.0_201-b09) (build 1.8.0_201-b09)
# Java VM: Java HotSpot(TM) 64-Bit Server VM (25.201-b09 mixed mode windows-amd64 compressed oops)
# Problematic frame:
# C  [libarcsoft_face.dll+0xe0e5]
#
# Failed to write core dump. Minidumps are not enabled by default on client versions of Windows
#
# If you would like to submit a bug report, please visit:
#   http://bugreport.java.com/bugreport/crash.jsp
# The crash happened outside the Java Virtual Machine in native code.
# See problematic frame for where to report the bug.
#

---------------  T H R E A D  ---------------

Current thread (0x000000001c358800):  JavaThread "http-nio-8081-exec-6" daemon [_thread_in_native, id=20820, stack(0x0000000020bf0000,0x0000000020cf0000)]

siginfo: ExceptionCode=0xc0000005, writing address 0xfffffffe259f8e60

Registers:
RAX=0x0000000000000022, RBX=0x0000000080002000, RCX=0x000000000000001f, RDX=0xffffffff80000000
RSP=0x0000000020cec470, RBP=0x0000000080000000, RSI=0x0000000000000140, RDI=0x0000000080000000
R8 =0x00000000000000ff, R9 =0x0000000000000000, R10=0x0000000080001000, R11=0x00000000259f8e60
R12=0x0000000000000020, R13=0x0000000000000040, R14=0x0000000000000000, R15=0x000000001e88d7f0
RIP=0x00007ffbb3fee0e5, EFLAGS=0x0000000000010206

Top of Stack: (sp=0x0000000020cec470)
0x0000000020cec470:   0000000000000000 0000000000002000
0x0000000020cec480:   0000000000000010 0000000000000040
0x0000000020cec490:   0000000000000000 0000000025a05780
0x0000000020cec4a0:   0000000020cec5b0 00007ffbb3fec5f2
0x0000000020cec4b0:   0000000000000000 00007ffbb3ff17a3
0x0000000020cec4c0:   0000000025a606f0 0000000025a60660
0x0000000020cec4d0:   0000000080000000 000000000000001f
0x0000000020cec4e0:   0000000000000022 0000000000000026
0x0000000020cec4f0:   0000000000000000 0000000000000000
0x0000000020cec500:   0000000000000020 00000000000003c0
0x0000000020cec510:   0000000000000000 0000000000000000
0x0000000020cec520:   0000000000000040 0000000020cec648
0x0000000020cec530:   0000000000000000 0000000000000040
0x0000000020cec540:   0000000000000040 00000000259f8e60
0x0000000020cec550:   00000000208ecd40 00007ffbb3febf04
0x0000000020cec560:   0000000080000000 00007ffb000000f0 

Instructions: (pc=0x00007ffbb3fee0e5)
0x00007ffbb3fee0c5:   0f 4f c8 45 33 c9 85 c9 41 0f 48 c9 41 3b c0 41
0x00007ffbb3fee0d5:   0f 4f c0 85 c0 41 0f 48 c1 66 0f 6e c1 0f 5b c0
0x00007ffbb3fee0e5:   f3 41 0f 11 04 93 66 0f 6e c0 49 63 c2 0f 5b c0
0x00007ffbb3fee0f5:   f3 41 0f 11 04 83 8b 44 24 78 eb 51 83 f9 01 75 


Register to memory mapping:

RAX=0x0000000000000022 is an unknown value
RBX=0x0000000080002000 is an unknown value
RCX=0x000000000000001f is an unknown value
RDX=0xffffffff80000000 is an unknown value
RSP=0x0000000020cec470 is pointing into the stack for thread: 0x000000001c358800
RBP=0x0000000080000000 is an unknown value
RSI=0x0000000000000140 is an unknown value
RDI=0x0000000080000000 is an unknown value
R8 =0x00000000000000ff is an unknown value
R9 =0x0000000000000000 is an unknown value
R10=0x0000000080001000 is an unknown value
R11=0x00000000259f8e60 is an unknown value
R12=0x0000000000000020 is an unknown value
R13=0x0000000000000040 is an unknown value
R14=0x0000000000000000 is an unknown value
R15=0x000000001e88d7f0 is an unknown value


Stack: [0x0000000020bf0000,0x0000000020cf0000],  sp=0x0000000020cec470,  free space=1009k
Native frames: (J=compiled Java code, j=interpreted, Vv=VM code, C=native code)
C  [libarcsoft_face.dll+0xe0e5]
C  [libarcsoft_face.dll+0xc5f2]
C  [libarcsoft_face.dll+0xbf04]
C  [libarcsoft_face.dll+0x9049]
C  [libarcsoft_face.dll+0x89bc]
C  [libarcsoft_face.dll+0x7d0a]
C  [libarcsoft_face.dll+0x3c88]
C  [libarcsoft_face_engine.dll+0x58ca]
C  [libarcsoft_face_engine_jni.dll+0x18f6]
C  0x0000000002c78c67

Java frames: (J=compiled Java code, j=interpreted, Vv=VM code)
j  com.arcsoft.face.FaceEngine.detectFaces(J[BIIII[Lcom/arcsoft/face/FaceInfo;)I+0
j  com.arcsoft.face.FaceEngine.detectFaces([BIILcom/arcsoft/face/enums/ImageFormat;Lcom/arcsoft/face/enums/DetectModel;Ljava/util/List;)I+107
j  com.arcsoft.face.FaceEngine.detectFaces([BIILcom/arcsoft/face/enums/ImageFormat;Ljava/util/List;)I+11
j  com.tangcheng.face_corn.service.impl.faceServiceImpl.facesearch(Ljava/io/InputStream;Ljava/util/List;)Ljava/lang/String;+45
j  com.tangcheng.face_corn.controller.faceController.facesearch(Ljava/lang/String;Ljava/util/List;)Lresult/Result;+22
v  ~StubRoutines::call_stub
J 1822  sun.reflect.NativeMethodAccessorImpl.invoke0(Ljava/lang/reflect/Method;Ljava/lang/Object;[Ljava/lang/Object;)Ljava/lang/Object; (0 bytes) @ 0x000000000301a6bf [0x000000000301a640+0x7f]
J 1821 C1 sun.reflect.NativeMethodAccessorImpl.invoke(Ljava/lang/Object;[Ljava/lang/Object;)Ljava/lang/Object; (104 bytes) @ 0x000000000301ae1c [0x000000000301aaa0+0x37c]
J 2046 C1 sun.reflect.DelegatingMethodAccessorImpl.invoke(Ljava/lang/Object;[Ljava/lang/Object;)Ljava/lang/Object; (10 bytes) @ 0x000000000308bfe4 [0x000000000308bfa0+0x44]
J 2045 C1 java.lang.reflect.Method.invoke(Ljava/lang/Object;[Ljava/lang/Object;)Ljava/lang/Object; (62 bytes) @ 0x000000000308bc14 [0x000000000308bb20+0xf4]
j  org.springframework.web.method.support.InvocableHandlerMethod.doInvoke([Ljava/lang/Object;)Ljava/lang/Object;+32
j  org.springframework.web.method.support.InvocableHandlerMethod.invokeForRequest(Lorg/springframework/web/context/request/NativeWebRequest;Lorg/springframework/web/method/support/ModelAndViewContainer;[Ljava/lang/Object;)Ljava/lang/Object;+54
j  org.springframework.web.servlet.mvc.method.annotation.ServletInvocableHandlerMethod.invokeAndHandle(Lorg/springframework/web/context/request/ServletWebRequest;Lorg/springframework/web/method/support/ModelAndViewContainer;[Ljava/lang/Object;)V+4
j  org.springframework.web.servlet.mvc.method.annotation.RequestMappingHandlerAdapter.invokeHandlerMethod(Ljavax/servlet/http/HttpServletRequest;Ljavax/servlet/http/HttpServletResponse;Lorg/springframework/web/method/HandlerMethod;)Lorg/springframework/web/servlet/ModelAndView;+244
j  org.springframework.web.servlet.mvc.method.annotation.RequestMappingHandlerAdapter.handleInternal(Ljavax/servlet/http/HttpServletRequest;Ljavax/servlet/http/HttpServletResponse;Lorg/springframework/web/method/HandlerMethod;)Lorg/springframework/web/servlet/ModelAndView;+81
j  org.springframework.web.servlet.mvc.method.AbstractHandlerMethodAdapter.handle(Ljavax/servlet/http/HttpServletRequest;Ljavax/servlet/http/HttpServletResponse;Ljava/lang/Object;)Lorg/springframework/web/servlet/ModelAndView;+7
j  org.springframework.web.servlet.DispatcherServlet.doDispatch(Ljavax/servlet/http/HttpServletRequest;Ljavax/servlet/http/HttpServletResponse;)V+259
j  org.springframework.web.servlet.DispatcherServlet.doService(Ljavax/servlet/http/HttpServletRequest;Ljavax/servlet/http/HttpServletResponse;)V+241
j  org.springframework.web.servlet.FrameworkServlet.processRequest(Ljavax/servlet/http/HttpServletRequest;Ljavax/servlet/http/HttpServletResponse;)V+71
j  org.springframework.web.servlet.FrameworkServlet.doPost(Ljavax/servlet/http/HttpServletRequest;Ljavax/servlet/http/HttpServletResponse;)V+3
j  javax.servlet.http.HttpServlet.service(Ljavax/servlet/http/HttpServletRequest;Ljavax/servlet/http/HttpServletResponse;)V+149
j  org.springframework.web.servlet.FrameworkServlet.service(Ljavax/servlet/http/HttpServletRequest;Ljavax/servlet/http/HttpServletResponse;)V+33
j  javax.servlet.http.HttpServlet.service(Ljavax/servlet/ServletRequest;Ljavax/servlet/ServletResponse;)V+36
j  org.apache.catalina.core.ApplicationFilterChain.internalDoFilter(Ljavax/servlet/ServletRequest;Ljavax/servlet/ServletResponse;)V+304
j  org.apache.catalina.core.ApplicationFilterChain.doFilter(Ljavax/servlet/ServletRequest;Ljavax/servlet/ServletResponse;)V+99
j  org.apache.tomcat.websocket.server.WsFilter.doFilter(Ljavax/servlet/ServletRequest;Ljavax/servlet/ServletResponse;Ljavax/servlet/FilterChain;)V+21
j  org.apache.catalina.core.ApplicationFilterChain.internalDoFilter(Ljavax/servlet/ServletRequest;Ljavax/servlet/ServletResponse;)V+135
j  org.apache.catalina.core.ApplicationFilterChain.doFilter(Ljavax/servlet/ServletRequest;Ljavax/servlet/ServletResponse;)V+99
j  org.springframework.web.filter.RequestContextFilter.doFilterInternal(Ljavax/servlet/http/HttpServletRequest;Ljavax/servlet/http/HttpServletResponse;Ljavax/servlet/FilterChain;)V+21
j  org.springframework.web.filter.OncePerRequestFilter.doFilter(Ljavax/servlet/ServletRequest;Ljavax/servlet/ServletResponse;Ljavax/servlet/FilterChain;)V+147
j  org.apache.catalina.core.ApplicationFilterChain.internalDoFilter(Ljavax/servlet/ServletRequest;Ljavax/servlet/ServletResponse;)V+135
j  org.apache.catalina.core.ApplicationFilterChain.doFilter(Ljavax/servlet/ServletRequest;Ljavax/servlet/ServletResponse;)V+99
j  org.springframework.web.filter.FormContentFilter.doFilterInternal(Ljavax/servlet/http/HttpServletRequest;Ljavax/servlet/http/HttpServletResponse;Ljavax/servlet/FilterChain;)V+38
j  org.springframework.web.filter.OncePerRequestFilter.doFilter(Ljavax/servlet/ServletRequest;Ljavax/servlet/ServletResponse;Ljavax/servlet/FilterChain;)V+147
j  org.apache.catalina.core.ApplicationFilterChain.internalDoFilter(Ljavax/servlet/ServletRequest;Ljavax/servlet/ServletResponse;)V+135
j  org.apache.catalina.core.ApplicationFilterChain.doFilter(Ljavax/servlet/ServletRequest;Ljavax/servlet/ServletResponse;)V+99
j  org.springframework.web.filter.CharacterEncodingFilter.doFilterInternal(Ljavax/servlet/http/HttpServletRequest;Ljavax/servlet/http/HttpServletResponse;Ljavax/servlet/FilterChain;)V+53
j  org.springframework.web.filter.OncePerRequestFilter.doFilter(Ljavax/servlet/ServletRequest;Ljavax/servlet/ServletResponse;Ljavax/servlet/FilterChain;)V+147
j  org.apache.catalina.core.ApplicationFilterChain.internalDoFilter(Ljavax/servlet/ServletRequest;Ljavax/servlet/ServletResponse;)V+135
j  org.apache.catalina.core.ApplicationFilterChain.doFilter(Ljavax/servlet/ServletRequest;Ljavax/servlet/ServletResponse;)V+99
j  org.apache.catalina.core.StandardWrapperValve.invoke(Lorg/apache/catalina/connector/Request;Lorg/apache/catalina/connector/Response;)V+694
j  org.apache.catalina.core.StandardContextValve.invoke(Lorg/apache/catalina/connector/Request;Lorg/apache/catalina/connector/Response;)V+169
j  org.apache.catalina.authenticator.AuthenticatorBase.invoke(Lorg/apache/catalina/connector/Request;Lorg/apache/catalina/connector/Response;)V+260
j  org.apache.catalina.core.StandardHostValve.invoke(Lorg/apache/catalina/connector/Request;Lorg/apache/catalina/connector/Response;)V+128
j  org.apache.catalina.valves.ErrorReportValve.invoke(Lorg/apache/catalina/connector/Request;Lorg/apache/catalina/connector/Response;)V+6
j  org.apache.catalina.core.StandardEngineValve.invoke(Lorg/apache/catalina/connector/Request;Lorg/apache/catalina/connector/Response;)V+59
j  org.apache.catalina.connector.CoyoteAdapter.service(Lorg/apache/coyote/Request;Lorg/apache/coyote/Response;)V+199
j  org.apache.coyote.http11.Http11Processor.service(Lorg/apache/tomcat/util/net/SocketWrapperBase;)Lorg/apache/tomcat/util/net/AbstractEndpoint$Handler$SocketState;+737
j  org.apache.coyote.AbstractProcessorLight.process(Lorg/apache/tomcat/util/net/SocketWrapperBase;Lorg/apache/tomcat/util/net/SocketEvent;)Lorg/apache/tomcat/util/net/AbstractEndpoint$Handler$SocketState;+170
j  org.apache.coyote.AbstractProtocol$ConnectionHandler.process(Lorg/apache/tomcat/util/net/SocketWrapperBase;Lorg/apache/tomcat/util/net/SocketEvent;)Lorg/apache/tomcat/util/net/AbstractEndpoint$Handler$SocketState;+505
j  org.apache.tomcat.util.net.NioEndpoint$SocketProcessor.doRun()V+216
j  org.apache.tomcat.util.net.SocketProcessorBase.run()V+21
j  java.util.concurrent.ThreadPoolExecutor.runWorker(Ljava/util/concurrent/ThreadPoolExecutor$Worker;)V+95
j  java.util.concurrent.ThreadPoolExecutor$Worker.run()V+5
j  org.apache.tomcat.util.threads.TaskThread$WrappingRunnable.run()V+4
j  java.lang.Thread.run()V+11
v  ~StubRoutines::call_stub

---------------  P R O C E S S  ---------------

Java Threads: ( => current thread )
  0x000000001e34d000 JavaThread "Java2D Disposer" daemon [_thread_blocked, id=21204, stack(0x0000000040490000,0x0000000040590000)]
  0x000000001e34e800 JavaThread "DiscoveryClient-CacheRefreshExecutor-0" daemon [_thread_blocked, id=15632, stack(0x0000000040190000,0x0000000040290000)]
  0x000000001c363000 JavaThread "DiscoveryClient-HeartbeatExecutor-0" daemon [_thread_blocked, id=18940, stack(0x0000000040090000,0x0000000040190000)]
  0x000000001c365000 JavaThread "lettuce-eventExecutorLoop-1-2" daemon [_thread_blocked, id=13112, stack(0x000000003fd90000,0x000000003fe90000)]
  0x000000001c364800 JavaThread "RMI TCP Connection(5)-127.0.0.1" daemon [_thread_in_native, id=23136, stack(0x000000003fc90000,0x000000003fd90000)]
  0x000000001c363800 JavaThread "lettuce-eventExecutorLoop-1-1" daemon [_thread_blocked, id=10760, stack(0x0000000022c00000,0x0000000022d00000)]
  0x000000001c362000 JavaThread "lettuce-nioEventLoop-4-1" daemon [_thread_in_native, id=20164, stack(0x00000000219f0000,0x0000000021af0000)]
  0x000000001c361800 JavaThread "RMI TCP Connection(idle)" daemon [_thread_blocked, id=12348, stack(0x00000000214f0000,0x00000000215f0000)]
  0x000000001c35a000 JavaThread "RMI TCP Connection(idle)" daemon [_thread_blocked, id=20928, stack(0x00000000212f0000,0x00000000213f0000)]
  0x000000001c360800 JavaThread "DestroyJavaVM" [_thread_blocked, id=2044, stack(0x00000000028d0000,0x00000000029d0000)]
  0x000000001c35f000 JavaThread "http-nio-8081-Acceptor" daemon [_thread_in_native, id=21964, stack(0x00000000211f0000,0x00000000212f0000)]
  0x000000001c360000 JavaThread "http-nio-8081-ClientPoller" daemon [_thread_in_native, id=21596, stack(0x00000000210f0000,0x00000000211f0000)]
  0x000000001c35e800 JavaThread "http-nio-8081-exec-10" daemon [_thread_in_native, id=9384, stack(0x0000000020ff0000,0x00000000210f0000)]
  0x000000001c357000 JavaThread "http-nio-8081-exec-9" daemon [_thread_blocked, id=18080, stack(0x0000000020ef0000,0x0000000020ff0000)]
  0x000000001c35d800 JavaThread "http-nio-8081-exec-8" daemon [_thread_blocked, id=22992, stack(0x0000000020df0000,0x0000000020ef0000)]
  0x000000001c356000 JavaThread "http-nio-8081-exec-7" daemon [_thread_in_native, id=13144, stack(0x0000000020cf0000,0x0000000020df0000)]
=>0x000000001c358800 JavaThread "http-nio-8081-exec-6" daemon [_thread_in_native, id=20820, stack(0x0000000020bf0000,0x0000000020cf0000)]
  0x000000001c35d000 JavaThread "http-nio-8081-exec-5" daemon [_thread_blocked, id=6784, stack(0x0000000020af0000,0x0000000020bf0000)]
  0x000000001c359000 JavaThread "http-nio-8081-exec-4" daemon [_thread_blocked, id=21544, stack(0x00000000209f0000,0x0000000020af0000)]
  0x000000001c35a800 JavaThread "http-nio-8081-exec-3" daemon [_thread_blocked, id=19128, stack(0x00000000208f0000,0x00000000209f0000)]
  0x000000001c357800 JavaThread "http-nio-8081-exec-2" daemon [_thread_in_native, id=3000, stack(0x00000000207f0000,0x00000000208f0000)]
  0x000000001c35c000 JavaThread "http-nio-8081-exec-1" daemon [_thread_blocked, id=23324, stack(0x00000000206f0000,0x00000000207f0000)]
  0x000000001c35b800 JavaThread "http-nio-8081-BlockPoller" daemon [_thread_in_native, id=21288, stack(0x00000000205f0000,0x00000000206f0000)]
  0x000000001c9d2000 JavaThread "DiscoveryClient-InstanceInfoReplicator-0" daemon [_thread_blocked, id=18388, stack(0x00000000202f0000,0x00000000203f0000)]
  0x000000001c9cf800 JavaThread "DiscoveryClient-1" daemon [_thread_blocked, id=14948, stack(0x00000000201f0000,0x00000000202f0000)]
  0x000000001c9d1000 JavaThread "DiscoveryClient-0" daemon [_thread_blocked, id=17792, stack(0x00000000200f0000,0x00000000201f0000)]
  0x000000001c9cf000 JavaThread "AsyncResolver-bootstrap-0" daemon [_thread_blocked, id=15900, stack(0x000000001fbf0000,0x000000001fcf0000)]
  0x000000001c9d0800 JavaThread "spring.cloud.inetutils" daemon [_thread_blocked, id=2736, stack(0x000000001faf0000,0x000000001fbf0000)]
  0x000000001c9cc800 JavaThread "lettuce-timer-3-1" daemon [_thread_blocked, id=13476, stack(0x000000001f3f0000,0x000000001f4f0000)]
  0x000000001c9cd800 JavaThread "container-0" [_thread_blocked, id=20388, stack(0x000000001f0f0000,0x000000001f1f0000)]
  0x000000001c9cc000 JavaThread "Catalina-utility-2" [_thread_blocked, id=7288, stack(0x000000001eff0000,0x000000001f0f0000)]
  0x000000001c9d2800 JavaThread "Catalina-utility-1" [_thread_blocked, id=13148, stack(0x000000001b850000,0x000000001b950000)]
  0x000000001a9c8800 JavaThread "RMI TCP Connection(idle)" daemon [_thread_blocked, id=20012, stack(0x000000001b6a0000,0x000000001b7a0000)]
  0x000000001a953000 JavaThread "RMI Scheduler(0)" daemon [_thread_blocked, id=9020, stack(0x000000001b5a0000,0x000000001b6a0000)]
  0x000000001a9d3000 JavaThread "RMI TCP Connection(idle)" daemon [_thread_blocked, id=1100, stack(0x000000001b4a0000,0x000000001b5a0000)]
  0x000000001a8de800 JavaThread "RMI TCP Accept-0" daemon [_thread_in_native, id=23100, stack(0x000000001b2a0000,0x000000001b3a0000)]
  0x000000001a8d3000 JavaThread "RMI TCP Accept-64018" daemon [_thread_in_native, id=14952, stack(0x000000001b1a0000,0x000000001b2a0000)]
  0x000000001a8cb800 JavaThread "RMI TCP Accept-0" daemon [_thread_in_native, id=20604, stack(0x000000001b0a0000,0x000000001b1a0000)]
  0x000000001a69b800 JavaThread "Service Thread" daemon [_thread_blocked, id=21812, stack(0x000000001af80000,0x000000001b080000)]
  0x000000001a60c000 JavaThread "C1 CompilerThread3" daemon [_thread_blocked, id=19440, stack(0x000000001ae80000,0x000000001af80000)]
  0x000000001a603800 JavaThread "C2 CompilerThread2" daemon [_thread_blocked, id=22288, stack(0x000000001ad80000,0x000000001ae80000)]
  0x000000001a600800 JavaThread "C2 CompilerThread1" daemon [_thread_blocked, id=16212, stack(0x000000001ac80000,0x000000001ad80000)]
  0x000000001a5f8000 JavaThread "C2 CompilerThread0" daemon [_thread_blocked, id=17468, stack(0x000000001ab80000,0x000000001ac80000)]
  0x000000001a5f5000 JavaThread "Monitor Ctrl-Break" daemon [_thread_in_native, id=21192, stack(0x000000001aa80000,0x000000001ab80000)]
  0x0000000019a61000 JavaThread "Attach Listener" daemon [_thread_blocked, id=19664, stack(0x000000001a180000,0x000000001a280000)]
  0x0000000019abb000 JavaThread "Signal Dispatcher" daemon [_thread_blocked, id=18312, stack(0x000000001a080000,0x000000001a180000)]
  0x0000000017c64000 JavaThread "Finalizer" daemon [_thread_blocked, id=18376, stack(0x0000000019f20000,0x000000001a020000)]
  0x0000000019a40800 JavaThread "Reference Handler" daemon [_thread_blocked, id=22652, stack(0x0000000019e20000,0x0000000019f20000)]

Other Threads:
  0x0000000017c56800 VMThread [stack: 0x0000000019920000,0x0000000019a20000] [id=21984]
  0x000000001a8df800 WatcherThread [stack: 0x000000001b3a0000,0x000000001b4a0000] [id=7176]

VM state:not at safepoint (normal execution)

VM Mutex/Monitor currently owned by a thread: None

heap address: 0x0000000081200000, size: 2030 MB, Compressed Oops mode: 32-bit
Narrow klass base: 0x0000000000000000, Narrow klass shift: 3
Compressed class space size: 1073741824 Address: 0x0000000100000000

Heap:
 PSYoungGen      total 356352K, used 156464K [0x00000000d5b80000, 0x00000000ed900000, 0x0000000100000000)
  eden space 342016K, 41% used [0x00000000d5b80000,0x00000000de650020,0x00000000ea980000)
  from space 14336K, 99% used [0x00000000ecb00000,0x00000000ed8fc0a8,0x00000000ed900000)
  to   space 17920K, 0% used [0x00000000eb600000,0x00000000eb600000,0x00000000ec780000)
 ParOldGen       total 68608K, used 21417K [0x0000000081200000, 0x0000000085500000, 0x00000000d5b80000)
  object space 68608K, 31% used [0x0000000081200000,0x00000000826ea5e8,0x0000000085500000)
 Metaspace       used 54654K, capacity 58338K, committed 58576K, reserved 1099776K
  class space    used 7500K, capacity 8168K, committed 8188K, reserved 1048576K

Card table byte_map: [0x0000000012020000,0x0000000012420000] byte_map_base: 0x0000000011c17000

Marking Bits: (ParMarkBitMap*) 0x0000000060af4ce0
 Begin Bits: [0x0000000012ed0000, 0x0000000014e88000)
 End Bits:   [0x0000000014e88000, 0x0000000016e40000)

Polling page: 0x0000000000c50000

CodeCache: size=245760Kb used=9347Kb max_used=9347Kb free=236412Kb
 bounds [0x0000000002c60000, 0x0000000003590000, 0x0000000011c60000]
 total_blobs=5357 nmethods=4762 adapters=507
 compilation: enabled

Compilation events (10 events):
Event: 45.172 Thread 0x000000001a60c000 4860       1       org.apache.tomcat.util.buf.CharChunk::getBuffer (5 bytes)
Event: 45.172 Thread 0x000000001a60c000 nmethod 4860 0x000000000315e810 code [0x000000000315e960, 0x000000000315ea70]
Event: 45.243 Thread 0x000000001a60c000 4867       1       java.util.ResourceBundle$CacheKey::calculateHashCode (52 bytes)
Event: 45.244 Thread 0x000000001a60c000 nmethod 4867 0x000000000315e2d0 code [0x000000000315e460, 0x000000000315e688]
Event: 45.248 Thread 0x000000001a60c000 4868 % !   1       sun.nio.cs.ISO_8859_1$Decoder::decodeArrayLoop @ 129 (263 bytes)
Event: 45.250 Thread 0x000000001a60c000 nmethod 4868% 0x000000000356e190 code [0x000000000356e540, 0x000000000356f858]
Event: 45.251 Thread 0x000000001a60c000 4870       1       java.util.concurrent.CopyOnWriteArrayList::toArray (12 bytes)
Event: 45.251 Thread 0x000000001a60c000 nmethod 4870 0x000000000315df90 code [0x000000000315e0e0, 0x000000000315e228]
Event: 45.251 Thread 0x000000001a60c000 4869       1       org.apache.catalina.core.StandardContext::getApplicationEventListeners (10 bytes)
Event: 45.252 Thread 0x000000001a60c000 nmethod 4869 0x000000000315dc90 code [0x000000000315dde0, 0x000000000315df28]

GC Heap History (10 events):
Event: 3.869 GC heap before
{Heap before GC invocations=8 (full 1):
 PSYoungGen      total 141824K, used 133120K [0x00000000d5b80000, 0x00000000def80000, 0x0000000100000000)
  eden space 133120K, 100% used [0x00000000d5b80000,0x00000000ddd80000,0x00000000ddd80000)
  from space 8704K, 0% used [0x00000000de700000,0x00000000de700000,0x00000000def80000)
  to   space 9216K, 0% used [0x00000000ddd80000,0x00000000ddd80000,0x00000000de680000)
 ParOldGen       total 49152K, used 7343K [0x0000000081200000, 0x0000000084200000, 0x00000000d5b80000)
  object space 49152K, 14% used [0x0000000081200000,0x000000008192bc08,0x0000000084200000)
 Metaspace       used 25225K, capacity 26426K, committed 26620K, reserved 1073152K
  class space    used 3452K, capacity 3719K, committed 3836K, reserved 1048576K
Event: 3.877 GC heap after
Heap after GC invocations=8 (full 1):
 PSYoungGen      total 142336K, used 9188K [0x00000000d5b80000, 0x00000000e6380000, 0x0000000100000000)
  eden space 133120K, 0% used [0x00000000d5b80000,0x00000000d5b80000,0x00000000ddd80000)
  from space 9216K, 99% used [0x00000000ddd80000,0x00000000de679118,0x00000000de680000)
  to   space 11776K, 0% used [0x00000000e5800000,0x00000000e5800000,0x00000000e6380000)
 ParOldGen       total 49152K, used 9840K [0x0000000081200000, 0x0000000084200000, 0x00000000d5b80000)
  object space 49152K, 20% used [0x0000000081200000,0x0000000081b9c250,0x0000000084200000)
 Metaspace       used 25225K, capacity 26426K, committed 26620K, reserved 1073152K
  class space    used 3452K, capacity 3719K, committed 3836K, reserved 1048576K
}
Event: 4.924 GC heap before
{Heap before GC invocations=9 (full 1):
 PSYoungGen      total 142336K, used 142308K [0x00000000d5b80000, 0x00000000e6380000, 0x0000000100000000)
  eden space 133120K, 100% used [0x00000000d5b80000,0x00000000ddd80000,0x00000000ddd80000)
  from space 9216K, 99% used [0x00000000ddd80000,0x00000000de679118,0x00000000de680000)
  to   space 11776K, 0% used [0x00000000e5800000,0x00000000e5800000,0x00000000e6380000)
 ParOldGen       total 49152K, used 9840K [0x0000000081200000, 0x0000000084200000, 0x00000000d5b80000)
  object space 49152K, 20% used [0x0000000081200000,0x0000000081b9c250,0x0000000084200000)
 Metaspace       used 31992K, capacity 34046K, committed 34300K, reserved 1079296K
  class space    used 4423K, capacity 4805K, committed 4860K, reserved 1048576K
Event: 4.934 GC heap after
Heap after GC invocations=9 (full 1):
 PSYoungGen      total 254976K, used 11751K [0x00000000d5b80000, 0x00000000e6500000, 0x0000000100000000)
  eden space 243200K, 0% used [0x00000000d5b80000,0x00000000d5b80000,0x00000000e4900000)
  from space 11776K, 99% used [0x00000000e5800000,0x00000000e6379d48,0x00000000e6380000)
  to   space 14336K, 0% used [0x00000000e4900000,0x00000000e4900000,0x00000000e5700000)
 ParOldGen       total 49152K, used 12310K [0x0000000081200000, 0x0000000084200000, 0x00000000d5b80000)
  object space 49152K, 25% used [0x0000000081200000,0x0000000081e05ba0,0x0000000084200000)
 Metaspace       used 31992K, capacity 34046K, committed 34300K, reserved 1079296K
  class space    used 4423K, capacity 4805K, committed 4860K, reserved 1048576K
}
Event: 5.215 GC heap before
{Heap before GC invocations=10 (full 1):
 PSYoungGen      total 254976K, used 63931K [0x00000000d5b80000, 0x00000000e6500000, 0x0000000100000000)
  eden space 243200K, 21% used [0x00000000d5b80000,0x00000000d8e75178,0x00000000e4900000)
  from space 11776K, 99% used [0x00000000e5800000,0x00000000e6379d48,0x00000000e6380000)
  to   space 14336K, 0% used [0x00000000e4900000,0x00000000e4900000,0x00000000e5700000)
 ParOldGen       total 49152K, used 12310K [0x0000000081200000, 0x0000000084200000, 0x00000000d5b80000)
  object space 49152K, 25% used [0x0000000081200000,0x0000000081e05ba0,0x0000000084200000)
 Metaspace       used 33910K, capacity 35990K, committed 36048K, reserved 1081344K
  class space    used 4673K, capacity 5097K, committed 5116K, reserved 1048576K
Event: 5.222 GC heap after
Heap after GC invocations=10 (full 1):
 PSYoungGen      total 257536K, used 9872K [0x00000000d5b80000, 0x00000000ed900000, 0x0000000100000000)
  eden space 243200K, 0% used [0x00000000d5b80000,0x00000000d5b80000,0x00000000e4900000)
  from space 14336K, 68% used [0x00000000e4900000,0x00000000e52a42a8,0x00000000e5700000)
  to   space 14336K, 0% used [0x00000000ecb00000,0x00000000ecb00000,0x00000000ed900000)
 ParOldGen       total 49152K, used 12318K [0x0000000081200000, 0x0000000084200000, 0x00000000d5b80000)
  object space 49152K, 25% used [0x0000000081200000,0x0000000081e07ba0,0x0000000084200000)
 Metaspace       used 33910K, capacity 35990K, committed 36048K, reserved 1081344K
  class space    used 4673K, capacity 5097K, committed 5116K, reserved 1048576K
}
Event: 5.222 GC heap before
{Heap before GC invocations=11 (full 2):
 PSYoungGen      total 257536K, used 9872K [0x00000000d5b80000, 0x00000000ed900000, 0x0000000100000000)
  eden space 243200K, 0% used [0x00000000d5b80000,0x00000000d5b80000,0x00000000e4900000)
  from space 14336K, 68% used [0x00000000e4900000,0x00000000e52a42a8,0x00000000e5700000)
  to   space 14336K, 0% used [0x00000000ecb00000,0x00000000ecb00000,0x00000000ed900000)
 ParOldGen       total 49152K, used 12318K [0x0000000081200000, 0x0000000084200000, 0x00000000d5b80000)
  object space 49152K, 25% used [0x0000000081200000,0x0000000081e07ba0,0x0000000084200000)
 Metaspace       used 33910K, capacity 35990K, committed 36048K, reserved 1081344K
  class space    used 4673K, capacity 5097K, committed 5116K, reserved 1048576K
Event: 5.254 GC heap after
Heap after GC invocations=11 (full 2):
 PSYoungGen      total 257536K, used 0K [0x00000000d5b80000, 0x00000000ed900000, 0x0000000100000000)
  eden space 243200K, 0% used [0x00000000d5b80000,0x00000000d5b80000,0x00000000e4900000)
  from space 14336K, 0% used [0x00000000e4900000,0x00000000e4900000,0x00000000e5700000)
  to   space 14336K, 0% used [0x00000000ecb00000,0x00000000ecb00000,0x00000000ed900000)
 ParOldGen       total 68608K, used 15740K [0x0000000081200000, 0x0000000085500000, 0x00000000d5b80000)
  object space 68608K, 22% used [0x0000000081200000,0x000000008215f3b8,0x0000000085500000)
 Metaspace       used 33910K, capacity 35990K, committed 36048K, reserved 1081344K
  class space    used 4673K, capacity 5097K, committed 5116K, reserved 1048576K
}
Event: 8.654 GC heap before
{Heap before GC invocations=12 (full 2):
 PSYoungGen      total 257536K, used 243200K [0x00000000d5b80000, 0x00000000ed900000, 0x0000000100000000)
  eden space 243200K, 100% used [0x00000000d5b80000,0x00000000e4900000,0x00000000e4900000)
  from space 14336K, 0% used [0x00000000e4900000,0x00000000e4900000,0x00000000e5700000)
  to   space 14336K, 0% used [0x00000000ecb00000,0x00000000ecb00000,0x00000000ed900000)
 ParOldGen       total 68608K, used 15740K [0x0000000081200000, 0x0000000085500000, 0x00000000d5b80000)
  object space 68608K, 22% used [0x0000000081200000,0x000000008215f3b8,0x0000000085500000)
 Metaspace       used 48362K, capacity 51742K, committed 51920K, reserved 1093632K
  class space    used 6729K, capacity 7352K, committed 7420K, reserved 1048576K
Event: 8.671 GC heap after
Heap after GC invocations=12 (full 2):
 PSYoungGen      total 356352K, used 14320K [0x00000000d5b80000, 0x00000000ed900000, 0x0000000100000000)
  eden space 342016K, 0% used [0x00000000d5b80000,0x00000000d5b80000,0x00000000ea980000)
  from space 14336K, 99% used [0x00000000ecb00000,0x00000000ed8fc0a8,0x00000000ed900000)
  to   space 17920K, 0% used [0x00000000eb600000,0x00000000eb600000,0x00000000ec780000)
 ParOldGen       total 68608K, used 21417K [0x0000000081200000, 0x0000000085500000, 0x00000000d5b80000)
  object space 68608K, 31% used [0x0000000081200000,0x00000000826ea5e8,0x0000000085500000)
 Metaspace       used 48362K, capacity 51742K, committed 51920K, reserved 1093632K
  class space    used 6729K, capacity 7352K, committed 7420K, reserved 1048576K
}

Deoptimization events (0 events):
No events

Classes redefined (0 events):
No events

Internal exceptions (10 events):
Event: 20.771 Thread 0x000000001c35c000 Exception <a 'java/lang/ArrayIndexOutOfBoundsException'> (0x00000000da7a92c8) thrown at [C:\re\workspace\8-2-build-windows-amd64-cygwin\jdk8u201\12322\hotspot\src\share\vm\runtime\sharedRuntime.cpp, line 605]
Event: 20.771 Thread 0x000000001c35c000 Exception <a 'java/lang/ArrayIndexOutOfBoundsException'> (0x00000000da7aaaa0) thrown at [C:\re\workspace\8-2-build-windows-amd64-cygwin\jdk8u201\12322\hotspot\src\share\vm\runtime\sharedRuntime.cpp, line 605]
Event: 37.839 Thread 0x000000001e34e800 Exception <a 'java/net/SocketTimeoutException': Read timed out> (0x00000000db31a0a8) thrown at [C:\re\workspace\8-2-build-windows-amd64-cygwin\jdk8u201\12322\hotspot\src\share\vm\prims\jni.cpp, line 735]
Event: 37.841 Thread 0x000000001c363000 Exception <a 'java/lang/ArrayIndexOutOfBoundsException'> (0x00000000db259488) thrown at [C:\re\workspace\8-2-build-windows-amd64-cygwin\jdk8u201\12322\hotspot\src\share\vm\runtime\sharedRuntime.cpp, line 605]
Event: 37.849 Thread 0x000000001c363000 Exception <a 'java/lang/ArrayIndexOutOfBoundsException'> (0x00000000db2adec0) thrown at [C:\re\workspace\8-2-build-windows-amd64-cygwin\jdk8u201\12322\hotspot\src\share\vm\runtime\sharedRuntime.cpp, line 605]
Event: 37.869 Thread 0x000000001c363000 Exception <a 'java/net/SocketTimeoutException': Read timed out> (0x00000000db2dbc60) thrown at [C:\re\workspace\8-2-build-windows-amd64-cygwin\jdk8u201\12322\hotspot\src\share\vm\prims\jni.cpp, line 735]
Event: 44.206 Thread 0x000000001c359000 Exception <a 'java/lang/ArrayIndexOutOfBoundsException'> (0x00000000db528268) thrown at [C:\re\workspace\8-2-build-windows-amd64-cygwin\jdk8u201\12322\hotspot\src\share\vm\runtime\sharedRuntime.cpp, line 605]
Event: 44.280 Thread 0x000000001c359000 Exception <a 'java/io/FileNotFoundException'> (0x00000000db6b1e18) thrown at [C:\re\workspace\8-2-build-windows-amd64-cygwin\jdk8u201\12322\hotspot\src\share\vm\prims\jni.cpp, line 709]
Event: 44.624 Thread 0x000000001c359000 Exception <a 'java/lang/reflect/InvocationTargetException'> (0x00000000dbb76110) thrown at [C:\re\workspace\8-2-build-windows-amd64-cygwin\jdk8u201\12322\hotspot\src\share\vm\runtime\reflection.cpp, line 1092]
Event: 44.627 Thread 0x000000001c35d800 Exception <a 'java/lang/reflect/InvocationTargetException'> (0x00000000dc302488) thrown at [C:\re\workspace\8-2-build-windows-amd64-cygwin\jdk8u201\12322\hotspot\src\share\vm\runtime\reflection.cpp, line 1092]

Events (10 events):
Event: 45.220 loading class org/apache/catalina/core/ApplicationDispatcher$State
Event: 45.220 loading class org/apache/catalina/core/ApplicationDispatcher$State done
Event: 45.223 loading class org/apache/catalina/core/ApplicationHttpRequest
Event: 45.223 loading class org/apache/catalina/core/ApplicationHttpRequest done
Event: 45.227 loading class javax/servlet/http/HttpServletRequestWrapper
Event: 45.227 loading class javax/servlet/http/HttpServletRequestWrapper done
Event: 45.259 loading class org/springframework/web/servlet/handler/AbstractHandlerMethodMapping$MatchComparator
Event: 45.259 loading class org/springframework/web/servlet/handler/AbstractHandlerMethodMapping$MatchComparator done
Event: 45.266 loading class javax/servlet/http/HttpServletRequest
Event: 45.266 loading class javax/servlet/http/HttpServletRequest done


Dynamic libraries:
0x00007ff6b01c0000 - 0x00007ff6b01f7000 	C:\Program Files\Java\jdk1.8.0_201\bin\java.exe
0x00007ffc111b0000 - 0x00007ffc113a5000 	C:\WINDOWS\SYSTEM32\ntdll.dll
0x00007ffc110a0000 - 0x00007ffc1115e000 	C:\WINDOWS\System32\KERNEL32.DLL
0x00007ffc0eae0000 - 0x00007ffc0eda9000 	C:\WINDOWS\System32\KERNELBASE.dll
0x00007ffc10270000 - 0x00007ffc1031c000 	C:\WINDOWS\System32\ADVAPI32.dll
0x00007ffc0f5a0000 - 0x00007ffc0f63e000 	C:\WINDOWS\System32\msvcrt.dll
0x00007ffc0f980000 - 0x00007ffc0fa1b000 	C:\WINDOWS\System32\sechost.dll
0x00007ffc0fea0000 - 0x00007ffc0ffca000 	C:\WINDOWS\System32\RPCRT4.dll
0x00007ffc0ffe0000 - 0x00007ffc10181000 	C:\WINDOWS\System32\USER32.dll
0x00007ffc0eab0000 - 0x00007ffc0ead2000 	C:\WINDOWS\System32\win32u.dll
0x00007ffc0f200000 - 0x00007ffc0f22b000 	C:\WINDOWS\System32\GDI32.dll
0x00007ffc0ee00000 - 0x00007ffc0ef0b000 	C:\WINDOWS\System32\gdi32full.dll
0x00007ffc0e8d0000 - 0x00007ffc0e96d000 	C:\WINDOWS\System32\msvcp_win.dll
0x00007ffc0ef70000 - 0x00007ffc0f070000 	C:\WINDOWS\System32\ucrtbase.dll
0x00007ffc000a0000 - 0x00007ffc0033a000 	C:\WINDOWS\WinSxS\amd64_microsoft.windows.common-controls_6595b64144ccf1df_6.0.19041.1110_none_60b5254171f9507e\COMCTL32.dll
0x00007ffc0f460000 - 0x00007ffc0f490000 	C:\WINDOWS\System32\IMM32.DLL
0x00000000618c0000 - 0x0000000061991000 	C:\Program Files\Java\jdk1.8.0_201\jre\bin\msvcr100.dll
0x00000000602d0000 - 0x0000000060b74000 	C:\Program Files\Java\jdk1.8.0_201\jre\bin\server\jvm.dll
0x00007ffc11160000 - 0x00007ffc11168000 	C:\WINDOWS\System32\PSAPI.DLL
0x00007ffc01840000 - 0x00007ffc01867000 	C:\WINDOWS\SYSTEM32\WINMM.dll
0x00007ffc09760000 - 0x00007ffc09769000 	C:\WINDOWS\SYSTEM32\WSOCK32.dll
0x00007ffc05240000 - 0x00007ffc0524a000 	C:\WINDOWS\SYSTEM32\VERSION.dll
0x00007ffc0f870000 - 0x00007ffc0f8db000 	C:\WINDOWS\System32\WS2_32.dll
0x00007ffc09780000 - 0x00007ffc0978f000 	C:\Program Files\Java\jdk1.8.0_201\jre\bin\verify.dll
0x00007ffbee580000 - 0x00007ffbee5a9000 	C:\Program Files\Java\jdk1.8.0_201\jre\bin\java.dll
0x00007ffbea210000 - 0x00007ffbea233000 	C:\Program Files\Java\jdk1.8.0_201\jre\bin\instrument.dll
0x00007ffc096f0000 - 0x00007ffc09706000 	C:\Program Files\Java\jdk1.8.0_201\jre\bin\zip.dll
0x00007ffc104d0000 - 0x00007ffc10c0f000 	C:\WINDOWS\System32\SHELL32.dll
0x00007ffc0c610000 - 0x00007ffc0cda0000 	C:\WINDOWS\SYSTEM32\windows.storage.dll
0x00007ffc10c70000 - 0x00007ffc10fc5000 	C:\WINDOWS\System32\combase.dll
0x00007ffc0e320000 - 0x00007ffc0e34c000 	C:\WINDOWS\SYSTEM32\Wldp.dll
0x00007ffc0f4f0000 - 0x00007ffc0f59d000 	C:\WINDOWS\System32\SHCORE.dll
0x00007ffc10c10000 - 0x00007ffc10c65000 	C:\WINDOWS\System32\shlwapi.dll
0x00007ffc0e810000 - 0x00007ffc0e82f000 	C:\WINDOWS\SYSTEM32\profapi.dll
0x00007ffbf5ab0000 - 0x00007ffbf5aca000 	F:\subject\IDEA 2018_sssam.com\IntelliJ IDEA 2018.2.4\bin\breakgen64.dll
0x00007ffbf2530000 - 0x00007ffbf254a000 	C:\Program Files\Java\jdk1.8.0_201\jre\bin\net.dll
0x00007ffbfc9a0000 - 0x00007ffbfcb8b000 	C:\WINDOWS\SYSTEM32\urlmon.dll
0x00007ffbfcf00000 - 0x00007ffbfd1b0000 	C:\WINDOWS\SYSTEM32\iertutil.dll
0x00007ffbfc970000 - 0x00007ffbfc998000 	C:\WINDOWS\SYSTEM32\srvcli.dll
0x00007ffc0dd60000 - 0x00007ffc0dd6c000 	C:\WINDOWS\SYSTEM32\netutils.dll
0x00007ffc0e080000 - 0x00007ffc0e0ea000 	C:\WINDOWS\system32\mswsock.dll
0x00007ffc08230000 - 0x00007ffc0823d000 	C:\Program Files\Java\jdk1.8.0_201\jre\bin\management.dll
0x00007ffbf2500000 - 0x00007ffbf2511000 	C:\Program Files\Java\jdk1.8.0_201\jre\bin\nio.dll
0x00007ffbf1ce0000 - 0x00007ffbf1cf7000 	C:\WINDOWS\system32\napinsp.dll
0x00007ffbf1cc0000 - 0x00007ffbf1cdb000 	C:\WINDOWS\system32\pnrpnsp.dll
0x00007ffc08c40000 - 0x00007ffc08c55000 	C:\WINDOWS\system32\wshbth.dll
0x00007ffc09620000 - 0x00007ffc0963d000 	C:\WINDOWS\system32\NLAapi.dll
0x00007ffc0dd20000 - 0x00007ffc0dd5b000 	C:\WINDOWS\SYSTEM32\IPHLPAPI.DLL
0x00007ffc0dd70000 - 0x00007ffc0de3c000 	C:\WINDOWS\SYSTEM32\DNSAPI.dll
0x00007ffc0f970000 - 0x00007ffc0f978000 	C:\WINDOWS\System32\NSI.dll
0x00007ffbf1990000 - 0x00007ffbf19a2000 	C:\WINDOWS\System32\winrnr.dll
0x00007ffc05a00000 - 0x00007ffc05a0a000 	C:\Windows\System32\rasadhlp.dll
0x00007ffbfd8a0000 - 0x00007ffbfd91f000 	C:\WINDOWS\System32\fwpuclnt.dll
0x00007ffc0f070000 - 0x00007ffc0f097000 	C:\WINDOWS\System32\bcrypt.dll
0x00007ffc0e270000 - 0x00007ffc0e288000 	C:\WINDOWS\SYSTEM32\CRYPTSP.dll
0x00007ffc0d990000 - 0x00007ffc0d9c4000 	C:\WINDOWS\system32\rsaenh.dll
0x00007ffc0e7d0000 - 0x00007ffc0e7fe000 	C:\WINDOWS\SYSTEM32\USERENV.dll
0x00007ffc0e970000 - 0x00007ffc0e9f3000 	C:\WINDOWS\System32\bcryptprimitives.dll
0x00007ffc0e290000 - 0x00007ffc0e29c000 	C:\WINDOWS\SYSTEM32\CRYPTBASE.dll
0x00007ffc03c60000 - 0x00007ffc03c77000 	C:\WINDOWS\SYSTEM32\dhcpcsvc6.DLL
0x00007ffc04fd0000 - 0x00007ffc04fed000 	C:\WINDOWS\SYSTEM32\dhcpcsvc.DLL
0x00007ffbe47b0000 - 0x00007ffbe47d4000 	C:\Program Files\Java\jdk1.8.0_201\jre\bin\sunec.dll
0x00007ffbb3fe0000 - 0x00007ffbb6e1d000 	C:\Users\lenovo\Desktop\人脸识别\Face-recognition-main\ArcSoft_ArcFace_Java_Windows_x64_V3.0\libs\WIN64\libarcsoft_face.dll
0x00007ffbf4f00000 - 0x00007ffbf4fa6000 	C:\WINDOWS\SYSTEM32\MSVCP120.dll
0x00007ffbf4650000 - 0x00007ffbf473f000 	C:\WINDOWS\SYSTEM32\MSVCR120.dll
0x00007ffbdce60000 - 0x00007ffbdcedf000 	C:\Users\lenovo\Desktop\人脸识别\Face-recognition-main\ArcSoft_ArcFace_Java_Windows_x64_V3.0\libs\WIN64\libarcsoft_face_engine.dll
0x00007ffc0f810000 - 0x00007ffc0f866000 	C:\WINDOWS\System32\WLDAP32.dll
0x00007ffbe3050000 - 0x00007ffbe3075000 	C:\Users\lenovo\Desktop\人脸识别\Face-recognition-main\ArcSoft_ArcFace_Java_Windows_x64_V3.0\libs\WIN64\libarcsoft_face_engine_jni.dll
0x00007ffbc0300000 - 0x00007ffbc0499000 	C:\Program Files\Java\jdk1.8.0_201\jre\bin\awt.dll
0x00007ffc10fd0000 - 0x00007ffc1109d000 	C:\WINDOWS\System32\OLEAUT32.dll
0x00007ffc0af30000 - 0x00007ffc0afc0000 	C:\WINDOWS\SYSTEM32\apphelp.dll
0x00007ffbd5120000 - 0x00007ffbd5151000 	C:\Program Files\Java\jdk1.8.0_201\jre\bin\jpeg.dll
0x00007ffc0ce70000 - 0x00007ffc0d054000 	C:\WINDOWS\SYSTEM32\dbghelp.dll

VM Arguments:
jvm_args: -XX:CompileCommand=exclude,org/hibernate/cfg/annotations/SimpleValueBinder.setType -XX:TieredStopAtLevel=1 -Xverify:none -Dspring.output.ansi.enabled=always -Dcom.sun.management.jmxremote -Dcom.sun.management.jmxremote.port=64018 -Dcom.sun.management.jmxremote.authenticate=false -Dcom.sun.management.jmxremote.ssl=false -Djava.rmi.server.hostname=localhost -Dspring.liveBeansView.mbeanDomain -Dspring.application.admin.enabled=true -javaagent:F:\subject\IDEA 2018_sssam.com\IntelliJ IDEA 2018.2.4\lib\idea_rt.jar=64019:F:\subject\IDEA 2018_sssam.com\IntelliJ IDEA 2018.2.4\bin -Dfile.encoding=UTF-8 
java_command: com.tangcheng.face_corn.FaceCornApplication
java_class_path (initial): C:\Program Files\Java\jdk1.8.0_201\jre\lib\charsets.jar;C:\Program Files\Java\jdk1.8.0_201\jre\lib\deploy.jar;C:\Program Files\Java\jdk1.8.0_201\jre\lib\ext\access-bridge-64.jar;C:\Program Files\Java\jdk1.8.0_201\jre\lib\ext\cldrdata.jar;C:\Program Files\Java\jdk1.8.0_201\jre\lib\ext\dnsns.jar;C:\Program Files\Java\jdk1.8.0_201\jre\lib\ext\jaccess.jar;C:\Program Files\Java\jdk1.8.0_201\jre\lib\ext\jfxrt.jar;C:\Program Files\Java\jdk1.8.0_201\jre\lib\ext\localedata.jar;C:\Program Files\Java\jdk1.8.0_201\jre\lib\ext\nashorn.jar;C:\Program Files\Java\jdk1.8.0_201\jre\lib\ext\sunec.jar;C:\Program Files\Java\jdk1.8.0_201\jre\lib\ext\sunjce_provider.jar;C:\Program Files\Java\jdk1.8.0_201\jre\lib\ext\sunmscapi.jar;C:\Program Files\Java\jdk1.8.0_201\jre\lib\ext\sunpkcs11.jar;C:\Program Files\Java\jdk1.8.0_201\jre\lib\ext\zipfs.jar;C:\Program Files\Java\jdk1.8.0_201\jre\lib\javaws.jar;C:\Program Files\Java\jdk1.8.0_201\jre\lib\jce.jar;C:\Program Files\Java\jdk1.8.0_201\jre\lib\jfr.jar;C:\Program Files\Java\jdk1.8.0_201\jre\lib\jfxswt.jar;C:\Program Files\Java\jdk1.8.0_201\jre\lib\jsse.jar;C:\Program Files\Java\jdk1.8.0_201\jre\lib\management-agent.jar;C:\Program Files\Java\jdk1.8.0_201\jre\lib\plugin.jar;C:\Program Files\Java\jdk1.8.0_201\jre\lib\resources.jar;C:\Program Files\Java\jdk1.8.0_201\jre\lib\rt.jar;C:\Users\lenovo\Desktop\人脸识别\Face-recognition-main\facesystem\face_corn\target\classes;C:\Users\lenovo\Desktop\人脸识别\Face-recognition-main\facesystem\common\target\classes;F:\subject\JavaWeb\maven-l\com\auth0\java-jwt\3.4.0\java-jwt-3.4.0.jar;F:\subject\JavaWeb\maven-l\commons-codec\commons-codec\1.15\commons-codec-1.15.jar;F:\subject\JavaWeb\maven-l\com\aliyun\oss\aliyun-sdk-oss\3.12.0\aliyun-sdk-oss-3.12.0.jar;F:\subject\JavaWeb\maven-l\org\apache\httpcomponents\httpclient\4.5.13\httpclient-4.5.13.jar;F:\subject\JavaWeb\maven-l\org\apache\httpcomponents\httpcore\4.4.14\httpcore-4.4.14.jar;F:\subject\JavaWeb\maven-l\org\jdom\jdom2\2.
Launcher Type: SUN_STANDARD

Environment Variables:
JAVA_HOME=C:\Program Files\Java\jdk1.8.0_201
CLASSPATH=.;C:\Program Files\Java\jdk1.8.0_201\lib\dt.jar,C:\Program Files\Java\jdk1.8.0_201\lib\tools.jar;F:\subject\JavaWeb\apache-tomcat-8.5.45\lib\servlet-api.jar
PATH=C:\Program Files (x86)\Common Files\Oracle\Java\javapath;C:\WINDOWS\system32;C:\WINDOWS;C:\WINDOWS\System32\Wbem;C:\WINDOWS\System32\WindowsPowerShell\v1.0\;C:\WINDOWS\System32\OpenSSH\;F:\subject\JavaWeb\apache-tomcat-8.5.45\bin;F:\subject\JavaWeb\apache-tomcat-8.5.45\lib;C:\Program Files\NVIDIA Corporation\NVIDIA NvDLISR;F:\subject\JavaWeb\apache-maven-3.3.9\bin;F:\subject\JavaWeb\Gradle\gradle-6.9.1\bin;F:\subject\JavaWeb\nodejs;C:\Program Files\Java\jdk1.8.0_201\bin;C:\Program Files\MySQL\MySQL Server 8.0\bin;F:\subject\JavaWeb\env\MongoDB\bin;C:\Users\lenovo\AppData\Local\Microsoft\WindowsApps;F:\subject\PyCharm\PyCharm Community Edition 2020.3.3\bin;;F:\subject\JavaWeb\Microsoft VS Code\bin;F:\subject\JavaWeb\nodejs\node_global;
USERNAME=lenovo
OS=Windows_NT
PROCESSOR_IDENTIFIER=Intel64 Family 6 Model 158 Stepping 10, GenuineIntel



---------------  S Y S T E M  ---------------

OS: Windows 10.0 , 64 bit Build 19041 (10.0.19041.1202)

CPU:total 8 (initial active 8) (4 cores per cpu, 2 threads per core) family 6 model 158 stepping 10, cmov, cx8, fxsr, mmx, sse, sse2, sse3, ssse3, sse4.1, sse4.2, popcnt, avx, avx2, aes, clmul, erms, 3dnowpref, lzcnt, ht, tsc, tscinvbit, bmi1, bmi2, adx

Memory: 4k page, physical 8306932k(293152k free), swap 18792692k(2624060k free)

vm_info: Java HotSpot(TM) 64-Bit Server VM (25.201-b09) for windows-amd64 JRE (1.8.0_201-b09), built on Dec 15 2018 18:36:39 by "java_re" with MS VC++ 10.0 (VS2010)

time: Sat Oct 30 00:19:34 2021
timezone: 中国标准时间
elapsed time: 45 seconds (0d 0h 0m 45s)

