#
# A fatal error has been detected by the Java Runtime Environment:
#
#  EXCEPTION_ACCESS_VIOLATION (0xc0000005) at pc=0x00007ff92154e0e5, pid=18528, tid=0x0000000000005150
#
# JRE version: Java(TM) SE Runtime Environment (8.0_201-b09) (build 1.8.0_201-b09)
# Java VM: Java HotSpot(TM) 64-Bit Server VM (25.201-b09 mixed mode windows-amd64 compressed oops)
# Problematic frame:
# C  [libarcsoft_face.dll+0xe0e5]
#
# Failed to write core dump. Minidumps are not enabled by default on client versions of Windows
#
# If you would like to submit a bug report, please visit:
#   http://bugreport.java.com/bugreport/crash.jsp
# The crash happened outside the Java Virtual Machine in native code.
# See problematic frame for where to report the bug.
#

---------------  T H R E A D  ---------------

Current thread (0x000000001b442000):  JavaThread "http-nio-8081-exec-6" daemon [_thread_in_native, id=20816, stack(0x00000000217f0000,0x00000000218f0000)]

siginfo: ExceptionCode=0xc0000005, writing address 0xfffffffe26611e60

Registers:
RAX=0x00000000000000ec, RBX=0x0000000080002000, RCX=0x00000000000000e2, RDX=0xffffffff80000000
RSP=0x00000000218ecd10, RBP=0x0000000080000000, RSI=0x0000000000000140, RDI=0x0000000080000000
R8 =0x00000000000000ff, R9 =0x0000000000000000, R10=0x0000000080001000, R11=0x0000000026611e60
R12=0x0000000000000040, R13=0x0000000000000040, R14=0x0000000000000000, R15=0x000000001f1fb020
RIP=0x00007ff92154e0e5, EFLAGS=0x0000000000010202

Top of Stack: (sp=0x00000000218ecd10)
0x00000000218ecd10:   0000000000000000 0000000000002000
0x00000000218ecd20:   0000000000000010 0000000000000040
0x00000000218ecd30:   0000000000000000 000000002661e780
0x00000000218ecd40:   00000000218ece50 00007ff92154c5f2
0x00000000218ecd50:   0000000000000000 00007ff9215517a3
0x00000000218ecd60:   00000000266796f0 0000000026679660
0x00000000218ecd70:   0000000080000000 00000000000000e2
0x00000000218ecd80:   00000000000000ec 00000000000000ec
0x00000000218ecd90:   0000000000000000 0000000000000000
0x00000000218ecda0:   0000000000000040 00000000000003c0
0x00000000218ecdb0:   0000000000000000 0000000000000000
0x00000000218ecdc0:   0000000000000040 00000000218ecee8
0x00000000218ecdd0:   0000000000000000 0000000000000040
0x00000000218ecde0:   0000000000000040 0000000026611e60
0x00000000218ecdf0:   00000000218ed190 00007ff92154bf04
0x00000000218ece00:   0000000080000000 00007ff9000000f0 

Instructions: (pc=0x00007ff92154e0e5)
0x00007ff92154e0c5:   0f 4f c8 45 33 c9 85 c9 41 0f 48 c9 41 3b c0 41
0x00007ff92154e0d5:   0f 4f c0 85 c0 41 0f 48 c1 66 0f 6e c1 0f 5b c0
0x00007ff92154e0e5:   f3 41 0f 11 04 93 66 0f 6e c0 49 63 c2 0f 5b c0
0x00007ff92154e0f5:   f3 41 0f 11 04 83 8b 44 24 78 eb 51 83 f9 01 75 


Register to memory mapping:

RAX=0x00000000000000ec is an unknown value
RBX=0x0000000080002000 is an unknown value
RCX=0x00000000000000e2 is an unknown value
RDX=0xffffffff80000000 is an unknown value
RSP=0x00000000218ecd10 is pointing into the stack for thread: 0x000000001b442000
RBP=0x0000000080000000 is an unknown value
RSI=0x0000000000000140 is an unknown value
RDI=0x0000000080000000 is an unknown value
R8 =0x00000000000000ff is an unknown value
R9 =0x0000000000000000 is an unknown value
R10=0x0000000080001000 is an unknown value
R11=0x0000000026611e60 is an unknown value
R12=0x0000000000000040 is an unknown value
R13=0x0000000000000040 is an unknown value
R14=0x0000000000000000 is an unknown value
R15=0x000000001f1fb020 is an unknown value


Stack: [0x00000000217f0000,0x00000000218f0000],  sp=0x00000000218ecd10,  free space=1011k
Native frames: (J=compiled Java code, j=interpreted, Vv=VM code, C=native code)
C  [libarcsoft_face.dll+0xe0e5]
C  [libarcsoft_face.dll+0xc5f2]
C  [libarcsoft_face.dll+0xbf04]
C  [libarcsoft_face.dll+0x9049]
C  [libarcsoft_face.dll+0x89bc]
C  [libarcsoft_face.dll+0x7d0a]
C  [libarcsoft_face.dll+0x3c88]
C  [libarcsoft_face_engine.dll+0x58ca]
C  [libarcsoft_face_engine_jni.dll+0x18f6]
C  0x0000000003908c67

Java frames: (J=compiled Java code, j=interpreted, Vv=VM code)
j  com.arcsoft.face.FaceEngine.detectFaces(J[BIIII[Lcom/arcsoft/face/FaceInfo;)I+0
j  com.arcsoft.face.FaceEngine.detectFaces([BIILcom/arcsoft/face/enums/ImageFormat;Lcom/arcsoft/face/enums/DetectModel;Ljava/util/List;)I+107
j  com.arcsoft.face.FaceEngine.detectFaces([BIILcom/arcsoft/face/enums/ImageFormat;Ljava/util/List;)I+11
j  com.tangcheng.face_corn.service.impl.faceServiceImpl.facesearch(Ljava/io/InputStream;Ljava/util/List;)Ljava/lang/String;+45
j  com.tangcheng.face_corn.controller.faceController.facesearch(Ljava/lang/String;Ljava/util/List;)Lresult/Result;+22
j  sun.reflect.GeneratedMethodAccessor67.invoke(Ljava/lang/Object;[Ljava/lang/Object;)Ljava/lang/Object;+48
J 2006 C1 sun.reflect.DelegatingMethodAccessorImpl.invoke(Ljava/lang/Object;[Ljava/lang/Object;)Ljava/lang/Object; (10 bytes) @ 0x0000000003cffba4 [0x0000000003cffb60+0x44]
J 1761 C1 java.lang.reflect.Method.invoke(Ljava/lang/Object;[Ljava/lang/Object;)Ljava/lang/Object; (62 bytes) @ 0x0000000003c96894 [0x0000000003c967a0+0xf4]
j  org.springframework.web.method.support.InvocableHandlerMethod.doInvoke([Ljava/lang/Object;)Ljava/lang/Object;+32
j  org.springframework.web.method.support.InvocableHandlerMethod.invokeForRequest(Lorg/springframework/web/context/request/NativeWebRequest;Lorg/springframework/web/method/support/ModelAndViewContainer;[Ljava/lang/Object;)Ljava/lang/Object;+54
j  org.springframework.web.servlet.mvc.method.annotation.ServletInvocableHandlerMethod.invokeAndHandle(Lorg/springframework/web/context/request/ServletWebRequest;Lorg/springframework/web/method/support/ModelAndViewContainer;[Ljava/lang/Object;)V+4
j  org.springframework.web.servlet.mvc.method.annotation.RequestMappingHandlerAdapter.invokeHandlerMethod(Ljavax/servlet/http/HttpServletRequest;Ljavax/servlet/http/HttpServletResponse;Lorg/springframework/web/method/HandlerMethod;)Lorg/springframework/web/servlet/ModelAndView;+244
j  org.springframework.web.servlet.mvc.method.annotation.RequestMappingHandlerAdapter.handleInternal(Ljavax/servlet/http/HttpServletRequest;Ljavax/servlet/http/HttpServletResponse;Lorg/springframework/web/method/HandlerMethod;)Lorg/springframework/web/servlet/ModelAndView;+81
j  org.springframework.web.servlet.mvc.method.AbstractHandlerMethodAdapter.handle(Ljavax/servlet/http/HttpServletRequest;Ljavax/servlet/http/HttpServletResponse;Ljava/lang/Object;)Lorg/springframework/web/servlet/ModelAndView;+7
j  org.springframework.web.servlet.DispatcherServlet.doDispatch(Ljavax/servlet/http/HttpServletRequest;Ljavax/servlet/http/HttpServletResponse;)V+259
j  org.springframework.web.servlet.DispatcherServlet.doService(Ljavax/servlet/http/HttpServletRequest;Ljavax/servlet/http/HttpServletResponse;)V+241
j  org.springframework.web.servlet.FrameworkServlet.processRequest(Ljavax/servlet/http/HttpServletRequest;Ljavax/servlet/http/HttpServletResponse;)V+71
j  org.springframework.web.servlet.FrameworkServlet.doPost(Ljavax/servlet/http/HttpServletRequest;Ljavax/servlet/http/HttpServletResponse;)V+3
j  javax.servlet.http.HttpServlet.service(Ljavax/servlet/http/HttpServletRequest;Ljavax/servlet/http/HttpServletResponse;)V+149
j  org.springframework.web.servlet.FrameworkServlet.service(Ljavax/servlet/http/HttpServletRequest;Ljavax/servlet/http/HttpServletResponse;)V+33
j  javax.servlet.http.HttpServlet.service(Ljavax/servlet/ServletRequest;Ljavax/servlet/ServletResponse;)V+36
J 5478 C1 org.apache.catalina.core.ApplicationFilterChain.internalDoFilter(Ljavax/servlet/ServletRequest;Ljavax/servlet/ServletResponse;)V (388 bytes) @ 0x00000000042ee714 [0x00000000042ee500+0x214]
J 5477 C1 org.apache.catalina.core.ApplicationFilterChain.doFilter(Ljavax/servlet/ServletRequest;Ljavax/servlet/ServletResponse;)V (103 bytes) @ 0x00000000042ee0d4 [0x00000000042ee0a0+0x34]
j  org.apache.tomcat.websocket.server.WsFilter.doFilter(Ljavax/servlet/ServletRequest;Ljavax/servlet/ServletResponse;Ljavax/servlet/FilterChain;)V+21
J 5478 C1 org.apache.catalina.core.ApplicationFilterChain.internalDoFilter(Ljavax/servlet/ServletRequest;Ljavax/servlet/ServletResponse;)V (388 bytes) @ 0x00000000042ee934 [0x00000000042ee500+0x434]
J 5477 C1 org.apache.catalina.core.ApplicationFilterChain.doFilter(Ljavax/servlet/ServletRequest;Ljavax/servlet/ServletResponse;)V (103 bytes) @ 0x00000000042ee0d4 [0x00000000042ee0a0+0x34]
j  org.springframework.web.filter.RequestContextFilter.doFilterInternal(Ljavax/servlet/http/HttpServletRequest;Ljavax/servlet/http/HttpServletResponse;Ljavax/servlet/FilterChain;)V+21
j  org.springframework.web.filter.OncePerRequestFilter.doFilter(Ljavax/servlet/ServletRequest;Ljavax/servlet/ServletResponse;Ljavax/servlet/FilterChain;)V+147
J 5478 C1 org.apache.catalina.core.ApplicationFilterChain.internalDoFilter(Ljavax/servlet/ServletRequest;Ljavax/servlet/ServletResponse;)V (388 bytes) @ 0x00000000042ee934 [0x00000000042ee500+0x434]
J 5477 C1 org.apache.catalina.core.ApplicationFilterChain.doFilter(Ljavax/servlet/ServletRequest;Ljavax/servlet/ServletResponse;)V (103 bytes) @ 0x00000000042ee0d4 [0x00000000042ee0a0+0x34]
j  org.springframework.web.filter.FormContentFilter.doFilterInternal(Ljavax/servlet/http/HttpServletRequest;Ljavax/servlet/http/HttpServletResponse;Ljavax/servlet/FilterChain;)V+38
j  org.springframework.web.filter.OncePerRequestFilter.doFilter(Ljavax/servlet/ServletRequest;Ljavax/servlet/ServletResponse;Ljavax/servlet/FilterChain;)V+147
J 5478 C1 org.apache.catalina.core.ApplicationFilterChain.internalDoFilter(Ljavax/servlet/ServletRequest;Ljavax/servlet/ServletResponse;)V (388 bytes) @ 0x00000000042ee934 [0x00000000042ee500+0x434]
J 5477 C1 org.apache.catalina.core.ApplicationFilterChain.doFilter(Ljavax/servlet/ServletRequest;Ljavax/servlet/ServletResponse;)V (103 bytes) @ 0x00000000042ee0d4 [0x00000000042ee0a0+0x34]
j  org.springframework.web.filter.CharacterEncodingFilter.doFilterInternal(Ljavax/servlet/http/HttpServletRequest;Ljavax/servlet/http/HttpServletResponse;Ljavax/servlet/FilterChain;)V+53
j  org.springframework.web.filter.OncePerRequestFilter.doFilter(Ljavax/servlet/ServletRequest;Ljavax/servlet/ServletResponse;Ljavax/servlet/FilterChain;)V+147
J 5478 C1 org.apache.catalina.core.ApplicationFilterChain.internalDoFilter(Ljavax/servlet/ServletRequest;Ljavax/servlet/ServletResponse;)V (388 bytes) @ 0x00000000042ee934 [0x00000000042ee500+0x434]
J 5477 C1 org.apache.catalina.core.ApplicationFilterChain.doFilter(Ljavax/servlet/ServletRequest;Ljavax/servlet/ServletResponse;)V (103 bytes) @ 0x00000000042ee0d4 [0x00000000042ee0a0+0x34]
j  org.apache.catalina.core.StandardWrapperValve.invoke(Lorg/apache/catalina/connector/Request;Lorg/apache/catalina/connector/Response;)V+694
j  org.apache.catalina.core.StandardContextValve.invoke(Lorg/apache/catalina/connector/Request;Lorg/apache/catalina/connector/Response;)V+169
j  org.apache.catalina.authenticator.AuthenticatorBase.invoke(Lorg/apache/catalina/connector/Request;Lorg/apache/catalina/connector/Response;)V+260
j  org.apache.catalina.core.StandardHostValve.invoke(Lorg/apache/catalina/connector/Request;Lorg/apache/catalina/connector/Response;)V+128
j  org.apache.catalina.valves.ErrorReportValve.invoke(Lorg/apache/catalina/connector/Request;Lorg/apache/catalina/connector/Response;)V+6
j  org.apache.catalina.core.StandardEngineValve.invoke(Lorg/apache/catalina/connector/Request;Lorg/apache/catalina/connector/Response;)V+59
j  org.apache.catalina.connector.CoyoteAdapter.service(Lorg/apache/coyote/Request;Lorg/apache/coyote/Response;)V+199
j  org.apache.coyote.http11.Http11Processor.service(Lorg/apache/tomcat/util/net/SocketWrapperBase;)Lorg/apache/tomcat/util/net/AbstractEndpoint$Handler$SocketState;+737
j  org.apache.coyote.AbstractProcessorLight.process(Lorg/apache/tomcat/util/net/SocketWrapperBase;Lorg/apache/tomcat/util/net/SocketEvent;)Lorg/apache/tomcat/util/net/AbstractEndpoint$Handler$SocketState;+170
j  org.apache.coyote.AbstractProtocol$ConnectionHandler.process(Lorg/apache/tomcat/util/net/SocketWrapperBase;Lorg/apache/tomcat/util/net/SocketEvent;)Lorg/apache/tomcat/util/net/AbstractEndpoint$Handler$SocketState;+505
j  org.apache.tomcat.util.net.NioEndpoint$SocketProcessor.doRun()V+216
j  org.apache.tomcat.util.net.SocketProcessorBase.run()V+21
j  java.util.concurrent.ThreadPoolExecutor.runWorker(Ljava/util/concurrent/ThreadPoolExecutor$Worker;)V+95
j  java.util.concurrent.ThreadPoolExecutor$Worker.run()V+5
j  org.apache.tomcat.util.threads.TaskThread$WrappingRunnable.run()V+4
j  java.lang.Thread.run()V+11
v  ~StubRoutines::call_stub

---------------  P R O C E S S  ---------------

Java Threads: ( => current thread )
  0x000000001f282800 JavaThread "lettuce-eventExecutorLoop-1-8" daemon [_thread_blocked, id=19464, stack(0x00000000418e0000,0x00000000419e0000)]
  0x000000001f27b000 JavaThread "lettuce-eventExecutorLoop-1-7" daemon [_thread_blocked, id=19236, stack(0x00000000417e0000,0x00000000418e0000)]
  0x000000001f27b800 JavaThread "DiscoveryClient-CacheRefreshExecutor-0" daemon [_thread_blocked, id=20236, stack(0x00000000416e0000,0x00000000417e0000)]
  0x000000001f281800 JavaThread "DiscoveryClient-HeartbeatExecutor-0" daemon [_thread_blocked, id=19936, stack(0x00000000415e0000,0x00000000416e0000)]
  0x000000001f27a000 JavaThread "lettuce-eventExecutorLoop-1-6" daemon [_thread_blocked, id=16600, stack(0x00000000410a0000,0x00000000411a0000)]
  0x000000001f281000 JavaThread "lettuce-eventExecutorLoop-1-5" daemon [_thread_blocked, id=15312, stack(0x0000000040fa0000,0x00000000410a0000)]
  0x000000001f280000 JavaThread "lettuce-eventExecutorLoop-1-4" daemon [_thread_blocked, id=16100, stack(0x0000000040ea0000,0x0000000040fa0000)]
  0x000000001f27f800 JavaThread "lettuce-eventExecutorLoop-1-3" daemon [_thread_blocked, id=17184, stack(0x0000000040da0000,0x0000000040ea0000)]
  0x000000001b44f800 JavaThread "Java2D Disposer" daemon [_thread_blocked, id=14228, stack(0x0000000040ca0000,0x0000000040da0000)]
  0x000000001b44e800 JavaThread "idle_connection_reaper" daemon [_thread_blocked, id=1104, stack(0x0000000040ba0000,0x0000000040ca0000)]
  0x000000001b44d000 JavaThread "lettuce-eventExecutorLoop-1-2" daemon [_thread_blocked, id=21976, stack(0x00000000408a0000,0x00000000409a0000)]
  0x000000001b44e000 JavaThread "lettuce-eventExecutorLoop-1-1" daemon [_thread_blocked, id=21160, stack(0x0000000023800000,0x0000000023900000)]
  0x000000001b44c800 JavaThread "lettuce-nioEventLoop-4-1" daemon [_thread_in_native, id=19528, stack(0x00000000220f0000,0x00000000221f0000)]
  0x000000001b44b000 JavaThread "DestroyJavaVM" [_thread_blocked, id=18536, stack(0x00000000034e0000,0x00000000035e0000)]
  0x000000001b448800 JavaThread "http-nio-8081-Acceptor" daemon [_thread_in_native, id=17552, stack(0x0000000021df0000,0x0000000021ef0000)]
  0x000000001b443800 JavaThread "http-nio-8081-ClientPoller" daemon [_thread_in_native, id=11804, stack(0x0000000021cf0000,0x0000000021df0000)]
  0x000000001b44a000 JavaThread "http-nio-8081-exec-10" daemon [_thread_in_native, id=20432, stack(0x0000000021bf0000,0x0000000021cf0000)]
  0x000000001b445000 JavaThread "http-nio-8081-exec-9" daemon [_thread_blocked, id=18448, stack(0x0000000021af0000,0x0000000021bf0000)]
  0x000000001b449800 JavaThread "http-nio-8081-exec-8" daemon [_thread_blocked, id=17908, stack(0x00000000219f0000,0x0000000021af0000)]
  0x000000001b441000 JavaThread "http-nio-8081-exec-7" daemon [_thread_blocked, id=21588, stack(0x00000000218f0000,0x00000000219f0000)]
=>0x000000001b442000 JavaThread "http-nio-8081-exec-6" daemon [_thread_in_native, id=20816, stack(0x00000000217f0000,0x00000000218f0000)]
  0x000000001b448000 JavaThread "http-nio-8081-exec-5" daemon [_thread_blocked, id=19604, stack(0x00000000216f0000,0x00000000217f0000)]
  0x000000001b442800 JavaThread "http-nio-8081-exec-4" daemon [_thread_in_native, id=5876, stack(0x00000000215f0000,0x00000000216f0000)]
  0x000000001b447000 JavaThread "http-nio-8081-exec-3" daemon [_thread_in_native, id=18300, stack(0x00000000214f0000,0x00000000215f0000)]
  0x000000001b446800 JavaThread "http-nio-8081-exec-2" daemon [_thread_in_native, id=3952, stack(0x00000000213f0000,0x00000000214f0000)]
  0x000000001b440000 JavaThread "http-nio-8081-exec-1" daemon [_thread_in_native, id=15120, stack(0x00000000212f0000,0x00000000213f0000)]
  0x000000001b444000 JavaThread "http-nio-8081-BlockPoller" daemon [_thread_in_native, id=20964, stack(0x00000000211f0000,0x00000000212f0000)]
  0x000000001eb04800 JavaThread "DiscoveryClient-InstanceInfoReplicator-0" daemon [_thread_blocked, id=14952, stack(0x0000000020ef0000,0x0000000020ff0000)]
  0x000000001eb03800 JavaThread "DiscoveryClient-1" daemon [_thread_blocked, id=18424, stack(0x0000000020df0000,0x0000000020ef0000)]
  0x000000001eb00800 JavaThread "DiscoveryClient-0" daemon [_thread_blocked, id=4432, stack(0x0000000020cf0000,0x0000000020df0000)]
  0x000000001eb03000 JavaThread "AsyncResolver-bootstrap-0" daemon [_thread_blocked, id=16476, stack(0x00000000207f0000,0x00000000208f0000)]
  0x000000001eaff000 JavaThread "spring.cloud.inetutils" daemon [_thread_blocked, id=17956, stack(0x00000000206f0000,0x00000000207f0000)]
  0x000000001eafe800 JavaThread "lettuce-timer-3-1" daemon [_thread_blocked, id=22072, stack(0x000000001fff0000,0x00000000200f0000)]
  0x000000001eb01800 JavaThread "container-0" [_thread_blocked, id=22272, stack(0x000000001fcf0000,0x000000001fdf0000)]
  0x000000001eb05000 JavaThread "Catalina-utility-2" [_thread_blocked, id=18000, stack(0x000000001fbf0000,0x000000001fcf0000)]
  0x000000001eb00000 JavaThread "Catalina-utility-1" [_thread_blocked, id=10948, stack(0x000000001d620000,0x000000001d720000)]
  0x000000001c2a2000 JavaThread "RMI Scheduler(0)" daemon [_thread_blocked, id=21224, stack(0x000000001d420000,0x000000001d520000)]
  0x000000001b4fc800 JavaThread "RMI TCP Accept-0" daemon [_thread_in_native, id=20024, stack(0x000000001bea0000,0x000000001bfa0000)]
  0x000000001b4f2800 JavaThread "RMI TCP Accept-64948" daemon [_thread_in_native, id=18228, stack(0x000000001bda0000,0x000000001bea0000)]
  0x000000001b4eb800 JavaThread "RMI TCP Accept-0" daemon [_thread_in_native, id=19344, stack(0x000000001bca0000,0x000000001bda0000)]
  0x000000001b274000 JavaThread "Service Thread" daemon [_thread_blocked, id=3280, stack(0x000000001bba0000,0x000000001bca0000)]
  0x000000001b22d800 JavaThread "C1 CompilerThread3" daemon [_thread_blocked, id=21988, stack(0x000000001baa0000,0x000000001bba0000)]
  0x000000001b220800 JavaThread "C2 CompilerThread2" daemon [_thread_blocked, id=20792, stack(0x000000001b9a0000,0x000000001baa0000)]
  0x000000001b21e000 JavaThread "C2 CompilerThread1" daemon [_thread_blocked, id=3980, stack(0x000000001b8a0000,0x000000001b9a0000)]
  0x000000001b219000 JavaThread "C2 CompilerThread0" daemon [_thread_blocked, id=19600, stack(0x000000001b7a0000,0x000000001b8a0000)]
  0x000000001b218800 JavaThread "Monitor Ctrl-Break" daemon [_thread_in_native, id=18264, stack(0x000000001b6a0000,0x000000001b7a0000)]
  0x000000001a6e3800 JavaThread "Attach Listener" daemon [_thread_blocked, id=16820, stack(0x000000001ada0000,0x000000001aea0000)]
  0x000000001a73b800 JavaThread "Signal Dispatcher" daemon [_thread_blocked, id=12200, stack(0x000000001aca0000,0x000000001ada0000)]
  0x000000001a6c0800 JavaThread "Finalizer" daemon [_thread_blocked, id=15576, stack(0x000000001aba0000,0x000000001aca0000)]
  0x00000000188c0000 JavaThread "Reference Handler" daemon [_thread_blocked, id=19908, stack(0x000000001aaa0000,0x000000001aba0000)]

Other Threads:
  0x00000000188b8000 VMThread [stack: 0x000000001a5a0000,0x000000001a6a0000] [id=21964]
  0x000000001b4fd800 WatcherThread [stack: 0x000000001bfa0000,0x000000001c0a0000] [id=19708]

VM state:not at safepoint (normal execution)

VM Mutex/Monitor currently owned by a thread: None

heap address: 0x0000000081200000, size: 2030 MB, Compressed Oops mode: 32-bit
Narrow klass base: 0x0000000000000000, Narrow klass shift: 3
Compressed class space size: 1073741824 Address: 0x0000000100000000

Heap:
 PSYoungGen      total 388096K, used 83564K [0x00000000d5b80000, 0x00000000f6c80000, 0x0000000100000000)
  eden space 365568K, 18% used [0x00000000d5b80000,0x00000000d9db4188,0x00000000ec080000)
  from space 22528K, 70% used [0x00000000ec080000,0x00000000ecfe6ed0,0x00000000ed680000)
  to   space 23040K, 0% used [0x00000000f5600000,0x00000000f5600000,0x00000000f6c80000)
 ParOldGen       total 156160K, used 50124K [0x0000000081200000, 0x000000008aa80000, 0x00000000d5b80000)
  object space 156160K, 32% used [0x0000000081200000,0x00000000842f31e8,0x000000008aa80000)
 Metaspace       used 55800K, capacity 59510K, committed 59736K, reserved 1101824K
  class space    used 7635K, capacity 8312K, committed 8320K, reserved 1048576K

Card table byte_map: [0x0000000012cb0000,0x00000000130b0000] byte_map_base: 0x00000000128a7000

Marking Bits: (ParMarkBitMap*) 0x0000000061284ce0
 Begin Bits: [0x0000000013b60000, 0x0000000015b18000)
 End Bits:   [0x0000000015b18000, 0x0000000017ad0000)

Polling page: 0x0000000001840000

CodeCache: size=245760Kb used=10609Kb max_used=10609Kb free=235150Kb
 bounds [0x00000000038f0000, 0x0000000004350000, 0x00000000128f0000]
 total_blobs=6229 nmethods=5630 adapters=511
 compilation: enabled

Compilation events (10 events):
Event: 125.999 Thread 0x000000001b22d800 5760       1       org.apache.http.impl.BHttpConnectionBase::isOpen (16 bytes)
Event: 126.000 Thread 0x000000001b22d800 nmethod 5760 0x000000000434dcd0 code [0x000000000434de20, 0x000000000434df50]
Event: 126.000 Thread 0x000000001b22d800 5761       1       org.apache.http.util.CharArrayBuffer::append (61 bytes)
Event: 126.000 Thread 0x000000001b22d800 nmethod 5761 0x000000000434dfd0 code [0x000000000434e140, 0x000000000434e458]
Event: 126.000 Thread 0x000000001b22d800 5762       1       org.apache.http.message.BasicHeader::getValue (5 bytes)
Event: 126.000 Thread 0x000000001b22d800 nmethod 5762 0x000000000434e5d0 code [0x000000000434e720, 0x000000000434e830]
Event: 126.002 Thread 0x000000001b22d800 5763       1       com.fasterxml.jackson.core.sym.ByteQuadsCanonicalizer::_calcOffset (13 bytes)
Event: 126.002 Thread 0x000000001b22d800 nmethod 5763 0x000000000434e890 code [0x000000000434e9e0, 0x000000000434eaf0]
Event: 126.002 Thread 0x000000001b22d800 5764       1       com.fasterxml.jackson.databind.DeserializationFeature::getMask (5 bytes)
Event: 126.002 Thread 0x000000001b22d800 nmethod 5764 0x000000000434eb50 code [0x000000000434eca0, 0x000000000434edb0]

GC Heap History (10 events):
Event: 16.995 GC heap before
{Heap before GC invocations=13 (full 2):
 PSYoungGen      total 279552K, used 168792K [0x00000000d5b80000, 0x00000000e8a80000, 0x0000000100000000)
  eden space 267264K, 58% used [0x00000000d5b80000,0x00000000df45abd8,0x00000000e6080000)
  from space 12288K, 99% used [0x00000000e7e80000,0x00000000e8a7b630,0x00000000e8a80000)
  to   space 15360K, 0% used [0x00000000e6c80000,0x00000000e6c80000,0x00000000e7b80000)
 ParOldGen       total 73216K, used 18581K [0x0000000081200000, 0x0000000085980000, 0x00000000d5b80000)
  object space 73216K, 25% used [0x0000000081200000,0x0000000082425420,0x0000000085980000)
 Metaspace       used 55147K, capacity 58792K, committed 58968K, reserved 1099776K
  class space    used 7525K, capacity 8193K, committed 8320K, reserved 1048576K
Event: 17.010 GC heap after
Heap after GC invocations=13 (full 2):
 PSYoungGen      total 294912K, used 15347K [0x00000000d5b80000, 0x00000000eea80000, 0x0000000100000000)
  eden space 279552K, 0% used [0x00000000d5b80000,0x00000000d5b80000,0x00000000e6c80000)
  from space 15360K, 99% used [0x00000000e6c80000,0x00000000e7b7cfa0,0x00000000e7b80000)
  to   space 20480K, 0% used [0x00000000ed680000,0x00000000ed680000,0x00000000eea80000)
 ParOldGen       total 73216K, used 26990K [0x0000000081200000, 0x0000000085980000, 0x00000000d5b80000)
  object space 73216K, 36% used [0x0000000081200000,0x0000000082c5b890,0x0000000085980000)
 Metaspace       used 55147K, capacity 58792K, committed 58968K, reserved 1099776K
  class space    used 7525K, capacity 8193K, committed 8320K, reserved 1048576K
}
Event: 17.010 GC heap before
{Heap before GC invocations=14 (full 3):
 PSYoungGen      total 294912K, used 15347K [0x00000000d5b80000, 0x00000000eea80000, 0x0000000100000000)
  eden space 279552K, 0% used [0x00000000d5b80000,0x00000000d5b80000,0x00000000e6c80000)
  from space 15360K, 99% used [0x00000000e6c80000,0x00000000e7b7cfa0,0x00000000e7b80000)
  to   space 20480K, 0% used [0x00000000ed680000,0x00000000ed680000,0x00000000eea80000)
 ParOldGen       total 73216K, used 26990K [0x0000000081200000, 0x0000000085980000, 0x00000000d5b80000)
  object space 73216K, 36% used [0x0000000081200000,0x0000000082c5b890,0x0000000085980000)
 Metaspace       used 55147K, capacity 58792K, committed 58968K, reserved 1099776K
  class space    used 7525K, capacity 8193K, committed 8320K, reserved 1048576K
Event: 17.152 GC heap after
Heap after GC invocations=14 (full 3):
 PSYoungGen      total 294912K, used 0K [0x00000000d5b80000, 0x00000000eea80000, 0x0000000100000000)
  eden space 279552K, 0% used [0x00000000d5b80000,0x00000000d5b80000,0x00000000e6c80000)
  from space 15360K, 0% used [0x00000000e6c80000,0x00000000e6c80000,0x00000000e7b80000)
  to   space 20480K, 0% used [0x00000000ed680000,0x00000000ed680000,0x00000000eea80000)
 ParOldGen       total 107520K, used 33644K [0x0000000081200000, 0x0000000087b00000, 0x00000000d5b80000)
  object space 107520K, 31% used [0x0000000081200000,0x00000000832db3b0,0x0000000087b00000)
 Metaspace       used 55147K, capacity 58792K, committed 58968K, reserved 1099776K
  class space    used 7525K, capacity 8193K, committed 8320K, reserved 1048576K
}
Event: 91.518 GC heap before
{Heap before GC invocations=15 (full 3):
 PSYoungGen      total 294912K, used 279552K [0x00000000d5b80000, 0x00000000eea80000, 0x0000000100000000)
  eden space 279552K, 100% used [0x00000000d5b80000,0x00000000e6c80000,0x00000000e6c80000)
  from space 15360K, 0% used [0x00000000e6c80000,0x00000000e6c80000,0x00000000e7b80000)
  to   space 20480K, 0% used [0x00000000ed680000,0x00000000ed680000,0x00000000eea80000)
 ParOldGen       total 107520K, used 33644K [0x0000000081200000, 0x0000000087b00000, 0x00000000d5b80000)
  object space 107520K, 31% used [0x0000000081200000,0x00000000832db3b0,0x0000000087b00000)
 Metaspace       used 55554K, capacity 59234K, committed 59480K, reserved 1099776K
  class space    used 7588K, capacity 8232K, committed 8320K, reserved 1048576K
Event: 91.539 GC heap after
Heap after GC invocations=15 (full 3):
 PSYoungGen      total 386048K, used 18789K [0x00000000d5b80000, 0x00000000efa00000, 0x0000000100000000)
  eden space 365568K, 0% used [0x00000000d5b80000,0x00000000d5b80000,0x00000000ec080000)
  from space 20480K, 91% used [0x00000000ed680000,0x00000000ee8d97e8,0x00000000eea80000)
  to   space 22528K, 0% used [0x00000000ec080000,0x00000000ec080000,0x00000000ed680000)
 ParOldGen       total 107520K, used 84725K [0x0000000081200000, 0x0000000087b00000, 0x00000000d5b80000)
  object space 107520K, 78% used [0x0000000081200000,0x00000000864bd6b8,0x0000000087b00000)
 Metaspace       used 55554K, capacity 59234K, committed 59480K, reserved 1099776K
  class space    used 7588K, capacity 8232K, committed 8320K, reserved 1048576K
}
Event: 91.539 GC heap before
{Heap before GC invocations=16 (full 4):
 PSYoungGen      total 386048K, used 18789K [0x00000000d5b80000, 0x00000000efa00000, 0x0000000100000000)
  eden space 365568K, 0% used [0x00000000d5b80000,0x00000000d5b80000,0x00000000ec080000)
  from space 20480K, 91% used [0x00000000ed680000,0x00000000ee8d97e8,0x00000000eea80000)
  to   space 22528K, 0% used [0x00000000ec080000,0x00000000ec080000,0x00000000ed680000)
 ParOldGen       total 107520K, used 84725K [0x0000000081200000, 0x0000000087b00000, 0x00000000d5b80000)
  object space 107520K, 78% used [0x0000000081200000,0x00000000864bd6b8,0x0000000087b00000)
 Metaspace       used 55554K, capacity 59234K, committed 59480K, reserved 1099776K
  class space    used 7588K, capacity 8232K, committed 8320K, reserved 1048576K
Event: 91.586 GC heap after
Heap after GC invocations=16 (full 4):
 PSYoungGen      total 386048K, used 0K [0x00000000d5b80000, 0x00000000efa00000, 0x0000000100000000)
  eden space 365568K, 0% used [0x00000000d5b80000,0x00000000d5b80000,0x00000000ec080000)
  from space 20480K, 0% used [0x00000000ed680000,0x00000000ed680000,0x00000000eea80000)
  to   space 22528K, 0% used [0x00000000ec080000,0x00000000ec080000,0x00000000ed680000)
 ParOldGen       total 156160K, used 50116K [0x0000000081200000, 0x000000008aa80000, 0x00000000d5b80000)
  object space 156160K, 32% used [0x0000000081200000,0x00000000842f11e8,0x000000008aa80000)
 Metaspace       used 55554K, capacity 59234K, committed 59480K, reserved 1099776K
  class space    used 7588K, capacity 8232K, committed 8320K, reserved 1048576K
}
Event: 113.203 GC heap before
{Heap before GC invocations=17 (full 4):
 PSYoungGen      total 386048K, used 365568K [0x00000000d5b80000, 0x00000000efa00000, 0x0000000100000000)
  eden space 365568K, 100% used [0x00000000d5b80000,0x00000000ec080000,0x00000000ec080000)
  from space 20480K, 0% used [0x00000000ed680000,0x00000000ed680000,0x00000000eea80000)
  to   space 22528K, 0% used [0x00000000ec080000,0x00000000ec080000,0x00000000ed680000)
 ParOldGen       total 156160K, used 50116K [0x0000000081200000, 0x000000008aa80000, 0x00000000d5b80000)
  object space 156160K, 32% used [0x0000000081200000,0x00000000842f11e8,0x000000008aa80000)
 Metaspace       used 55795K, capacity 59498K, committed 59736K, reserved 1101824K
  class space    used 7634K, capacity 8310K, committed 8320K, reserved 1048576K
Event: 113.212 GC heap after
Heap after GC invocations=17 (full 4):
 PSYoungGen      total 388096K, used 15771K [0x00000000d5b80000, 0x00000000f6c80000, 0x0000000100000000)
  eden space 365568K, 0% used [0x00000000d5b80000,0x00000000d5b80000,0x00000000ec080000)
  from space 22528K, 70% used [0x00000000ec080000,0x00000000ecfe6ed0,0x00000000ed680000)
  to   space 23040K, 0% used [0x00000000f5600000,0x00000000f5600000,0x00000000f6c80000)
 ParOldGen       total 156160K, used 50124K [0x0000000081200000, 0x000000008aa80000, 0x00000000d5b80000)
  object space 156160K, 32% used [0x0000000081200000,0x00000000842f31e8,0x000000008aa80000)
 Metaspace       used 55795K, capacity 59498K, committed 59736K, reserved 1101824K
  class space    used 7634K, capacity 8310K, committed 8320K, reserved 1048576K
}

Deoptimization events (0 events):
No events

Classes redefined (0 events):
No events

Internal exceptions (10 events):
Event: 109.692 Thread 0x000000001b448000 Exception <a 'java/io/IOException'> (0x00000000df854d80) thrown at [C:\re\workspace\8-2-build-windows-amd64-cygwin\jdk8u201\12322\hotspot\src\share\vm\prims\jni.cpp, line 709]
Event: 110.607 Thread 0x000000001b442000 Exception <a 'java/io/IOException'> (0x00000000e41c93e0) thrown at [C:\re\workspace\8-2-build-windows-amd64-cygwin\jdk8u201\12322\hotspot\src\share\vm\prims\jni.cpp, line 709]
Event: 110.609 Thread 0x000000001b449800 Exception <a 'java/io/IOException'> (0x00000000e374e5d0) thrown at [C:\re\workspace\8-2-build-windows-amd64-cygwin\jdk8u201\12322\hotspot\src\share\vm\prims\jni.cpp, line 709]
Event: 110.609 Thread 0x000000001b441000 Exception <a 'java/io/IOException'> (0x00000000e4157888) thrown at [C:\re\workspace\8-2-build-windows-amd64-cygwin\jdk8u201\12322\hotspot\src\share\vm\prims\jni.cpp, line 709]
Event: 110.611 Thread 0x000000001b446800 Exception <a 'java/io/IOException'> (0x00000000e3b82370) thrown at [C:\re\workspace\8-2-build-windows-amd64-cygwin\jdk8u201\12322\hotspot\src\share\vm\prims\jni.cpp, line 709]
Event: 111.703 Thread 0x000000001b449800 Exception <a 'java/lang/ArrayIndexOutOfBoundsException'> (0x00000000e6f6da40) thrown at [C:\re\workspace\8-2-build-windows-amd64-cygwin\jdk8u201\12322\hotspot\src\share\vm\runtime\sharedRuntime.cpp, line 605]
Event: 114.488 Thread 0x000000001b442000 Exception <a 'java/io/IOException'> (0x00000000d7fdfcc0) thrown at [C:\re\workspace\8-2-build-windows-amd64-cygwin\jdk8u201\12322\hotspot\src\share\vm\prims\jni.cpp, line 709]
Event: 114.490 Thread 0x000000001b445000 Exception <a 'java/io/IOException'> (0x00000000d80be8c8) thrown at [C:\re\workspace\8-2-build-windows-amd64-cygwin\jdk8u201\12322\hotspot\src\share\vm\prims\jni.cpp, line 709]
Event: 125.999 Thread 0x000000001f281800 Exception <a 'java/net/SocketTimeoutException': Read timed out> (0x00000000d9cbe090) thrown at [C:\re\workspace\8-2-build-windows-amd64-cygwin\jdk8u201\12322\hotspot\src\share\vm\prims\jni.cpp, line 735]
Event: 125.999 Thread 0x000000001f27b800 Exception <a 'java/net/SocketTimeoutException': Read timed out> (0x00000000d9cf2cd0) thrown at [C:\re\workspace\8-2-build-windows-amd64-cygwin\jdk8u201\12322\hotspot\src\share\vm\prims\jni.cpp, line 735]

Events (10 events):
Event: 114.823 loading class sun/reflect/GeneratedMethodAccessor67
Event: 114.823 loading class sun/reflect/GeneratedMethodAccessor67 done
Event: 114.824 loading class sun/reflect/GeneratedMethodAccessor67
Event: 114.824 loading class sun/reflect/GeneratedMethodAccessor67 done
Event: 114.825 loading class sun/reflect/GeneratedMethodAccessor67
Event: 114.825 loading class sun/reflect/GeneratedMethodAccessor67 done
Event: 115.160 Executing VM operation: RevokeBias
Event: 115.160 Executing VM operation: RevokeBias done
Event: 115.167 Executing VM operation: RevokeBias
Event: 115.167 Executing VM operation: RevokeBias done


Dynamic libraries:
0x00007ff789740000 - 0x00007ff789777000 	C:\Program Files\Java\jdk1.8.0_201\bin\java.exe
0x00007ff972170000 - 0x00007ff972365000 	C:\WINDOWS\SYSTEM32\ntdll.dll
0x00007ff971800000 - 0x00007ff9718be000 	C:\WINDOWS\System32\KERNEL32.DLL
0x00007ff96fb60000 - 0x00007ff96fe29000 	C:\WINDOWS\System32\KERNELBASE.dll
0x00007ff970960000 - 0x00007ff970a0c000 	C:\WINDOWS\System32\ADVAPI32.dll
0x00007ff970b40000 - 0x00007ff970bde000 	C:\WINDOWS\System32\msvcrt.dll
0x00007ff970c90000 - 0x00007ff970d2b000 	C:\WINDOWS\System32\sechost.dll
0x00007ff970a10000 - 0x00007ff970b3a000 	C:\WINDOWS\System32\RPCRT4.dll
0x00007ff971650000 - 0x00007ff9717f1000 	C:\WINDOWS\System32\USER32.dll
0x00007ff96fe30000 - 0x00007ff96fe52000 	C:\WINDOWS\System32\win32u.dll
0x00007ff970be0000 - 0x00007ff970c0b000 	C:\WINDOWS\System32\GDI32.dll
0x00007ff96ffc0000 - 0x00007ff9700cb000 	C:\WINDOWS\System32\gdi32full.dll
0x00007ff970120000 - 0x00007ff9701bd000 	C:\WINDOWS\System32\msvcp_win.dll
0x00007ff96fe60000 - 0x00007ff96ff60000 	C:\WINDOWS\System32\ucrtbase.dll
0x00007ff961ca0000 - 0x00007ff961f3a000 	C:\WINDOWS\WinSxS\amd64_microsoft.windows.common-controls_6595b64144ccf1df_6.0.19041.1110_none_60b5254171f9507e\COMCTL32.dll
0x00007ff9714c0000 - 0x00007ff9714f0000 	C:\WINDOWS\System32\IMM32.DLL
0x0000000062140000 - 0x0000000062211000 	C:\Program Files\Java\jdk1.8.0_201\jre\bin\msvcr100.dll
0x0000000060a60000 - 0x0000000061304000 	C:\Program Files\Java\jdk1.8.0_201\jre\bin\server\jvm.dll
0x00007ff970f60000 - 0x00007ff970f68000 	C:\WINDOWS\System32\PSAPI.DLL
0x00007ff967300000 - 0x00007ff967309000 	C:\WINDOWS\SYSTEM32\WSOCK32.dll
0x00007ff966860000 - 0x00007ff96686a000 	C:\WINDOWS\SYSTEM32\VERSION.dll
0x00007ff964b00000 - 0x00007ff964b27000 	C:\WINDOWS\SYSTEM32\WINMM.dll
0x00007ff9718c0000 - 0x00007ff97192b000 	C:\WINDOWS\System32\WS2_32.dll
0x00007ff96a720000 - 0x00007ff96a72f000 	C:\Program Files\Java\jdk1.8.0_201\jre\bin\verify.dll
0x00007ff969620000 - 0x00007ff969649000 	C:\Program Files\Java\jdk1.8.0_201\jre\bin\java.dll
0x00007ff9692e0000 - 0x00007ff969303000 	C:\Program Files\Java\jdk1.8.0_201\jre\bin\instrument.dll
0x00007ff969460000 - 0x00007ff969476000 	C:\Program Files\Java\jdk1.8.0_201\jre\bin\zip.dll
0x00007ff971930000 - 0x00007ff97206f000 	C:\WINDOWS\System32\SHELL32.dll
0x00007ff96d880000 - 0x00007ff96e010000 	C:\WINDOWS\SYSTEM32\windows.storage.dll
0x00007ff971040000 - 0x00007ff971395000 	C:\WINDOWS\System32\combase.dll
0x00007ff96f2e0000 - 0x00007ff96f30c000 	C:\WINDOWS\SYSTEM32\Wldp.dll
0x00007ff970220000 - 0x00007ff9702cd000 	C:\WINDOWS\System32\SHCORE.dll
0x00007ff970f80000 - 0x00007ff970fd5000 	C:\WINDOWS\System32\shlwapi.dll
0x00007ff96f7d0000 - 0x00007ff96f7ef000 	C:\WINDOWS\SYSTEM32\profapi.dll
0x00007ff9692c0000 - 0x00007ff9692da000 	F:\subject\IDEA 2018_sssam.com\IntelliJ IDEA 2018.2.4\bin\breakgen64.dll
0x00007ff969230000 - 0x00007ff96924a000 	C:\Program Files\Java\jdk1.8.0_201\jre\bin\net.dll
0x00007ff95d320000 - 0x00007ff95d50b000 	C:\WINDOWS\SYSTEM32\urlmon.dll
0x00007ff95da10000 - 0x00007ff95dcc0000 	C:\WINDOWS\SYSTEM32\iertutil.dll
0x00007ff95d2f0000 - 0x00007ff95d318000 	C:\WINDOWS\SYSTEM32\srvcli.dll
0x00007ff96edf0000 - 0x00007ff96edfc000 	C:\WINDOWS\SYSTEM32\netutils.dll
0x00007ff96f040000 - 0x00007ff96f0aa000 	C:\WINDOWS\system32\mswsock.dll
0x00007ff96a710000 - 0x00007ff96a71d000 	C:\Program Files\Java\jdk1.8.0_201\jre\bin\management.dll
0x00007ff969210000 - 0x00007ff969221000 	C:\Program Files\Java\jdk1.8.0_201\jre\bin\nio.dll
0x00007ff951950000 - 0x00007ff951967000 	C:\WINDOWS\system32\napinsp.dll
0x00007ff951930000 - 0x00007ff95194b000 	C:\WINDOWS\system32\pnrpnsp.dll
0x00007ff969bc0000 - 0x00007ff969bd5000 	C:\WINDOWS\system32\wshbth.dll
0x00007ff96a5e0000 - 0x00007ff96a5fd000 	C:\WINDOWS\system32\NLAapi.dll
0x00007ff96ece0000 - 0x00007ff96ed1b000 	C:\WINDOWS\SYSTEM32\IPHLPAPI.DLL
0x00007ff96ed20000 - 0x00007ff96edec000 	C:\WINDOWS\SYSTEM32\DNSAPI.dll
0x00007ff972070000 - 0x00007ff972078000 	C:\WINDOWS\System32\NSI.dll
0x00007ff951910000 - 0x00007ff951922000 	C:\WINDOWS\System32\winrnr.dll
0x00007ff967530000 - 0x00007ff96753a000 	C:\Windows\System32\rasadhlp.dll
0x00007ff9606d0000 - 0x00007ff96074f000 	C:\WINDOWS\System32\fwpuclnt.dll
0x00007ff96fb30000 - 0x00007ff96fb57000 	C:\WINDOWS\System32\bcrypt.dll
0x00007ff96f230000 - 0x00007ff96f248000 	C:\WINDOWS\SYSTEM32\CRYPTSP.dll
0x00007ff96e950000 - 0x00007ff96e984000 	C:\WINDOWS\system32\rsaenh.dll
0x00007ff96f750000 - 0x00007ff96f77e000 	C:\WINDOWS\SYSTEM32\USERENV.dll
0x00007ff96f890000 - 0x00007ff96f913000 	C:\WINDOWS\System32\bcryptprimitives.dll
0x00007ff96f250000 - 0x00007ff96f25c000 	C:\WINDOWS\SYSTEM32\CRYPTBASE.dll
0x00007ff9660a0000 - 0x00007ff9660b7000 	C:\WINDOWS\SYSTEM32\dhcpcsvc6.DLL
0x00007ff966060000 - 0x00007ff96607d000 	C:\WINDOWS\SYSTEM32\dhcpcsvc.DLL
0x00007ff967350000 - 0x00007ff967374000 	C:\Program Files\Java\jdk1.8.0_201\jre\bin\sunec.dll
0x00007ff921540000 - 0x00007ff92437d000 	C:\Users\lenovo\Desktop\人脸识别\Face-recognition-main\ArcSoft_ArcFace_Java_Windows_x64_V3.0\libs\WIN64\libarcsoft_face.dll
0x00007ff9535f0000 - 0x00007ff953696000 	C:\WINDOWS\SYSTEM32\MSVCP120.dll
0x00007ff953500000 - 0x00007ff9535ef000 	C:\WINDOWS\SYSTEM32\MSVCR120.dll
0x00007ff94f140000 - 0x00007ff94f1bf000 	C:\Users\lenovo\Desktop\人脸识别\Face-recognition-main\ArcSoft_ArcFace_Java_Windows_x64_V3.0\libs\WIN64\libarcsoft_face_engine.dll
0x00007ff970fe0000 - 0x00007ff971036000 	C:\WINDOWS\System32\WLDAP32.dll
0x00007ff94e820000 - 0x00007ff94e845000 	C:\Users\lenovo\Desktop\人脸识别\Face-recognition-main\ArcSoft_ArcFace_Java_Windows_x64_V3.0\libs\WIN64\libarcsoft_face_engine_jni.dll
0x00007ff94e570000 - 0x00007ff94e709000 	C:\Program Files\Java\jdk1.8.0_201\jre\bin\awt.dll
0x00007ff971580000 - 0x00007ff97164d000 	C:\WINDOWS\System32\OLEAUT32.dll
0x00007ff96bef0000 - 0x00007ff96bf80000 	C:\WINDOWS\SYSTEM32\apphelp.dll
0x00007ff92e6a0000 - 0x00007ff92e6d1000 	C:\Program Files\Java\jdk1.8.0_201\jre\bin\jpeg.dll
0x00007ff92e660000 - 0x00007ff92e69e000 	C:\Program Files\Java\jdk1.8.0_201\jre\bin\lcms.dll
0x00007ff96d690000 - 0x00007ff96d874000 	C:\WINDOWS\SYSTEM32\dbghelp.dll

VM Arguments:
jvm_args: -XX:TieredStopAtLevel=1 -Xverify:none -Dspring.output.ansi.enabled=always -Dcom.sun.management.jmxremote -Dcom.sun.management.jmxremote.port=64948 -Dcom.sun.management.jmxremote.authenticate=false -Dcom.sun.management.jmxremote.ssl=false -Djava.rmi.server.hostname=localhost -Dspring.liveBeansView.mbeanDomain -Dspring.application.admin.enabled=true -javaagent:F:\subject\IDEA 2018_sssam.com\IntelliJ IDEA 2018.2.4\lib\idea_rt.jar=64949:F:\subject\IDEA 2018_sssam.com\IntelliJ IDEA 2018.2.4\bin -Dfile.encoding=UTF-8 
java_command: com.tangcheng.face_corn.FaceCornApplication
java_class_path (initial): C:\Program Files\Java\jdk1.8.0_201\jre\lib\charsets.jar;C:\Program Files\Java\jdk1.8.0_201\jre\lib\deploy.jar;C:\Program Files\Java\jdk1.8.0_201\jre\lib\ext\access-bridge-64.jar;C:\Program Files\Java\jdk1.8.0_201\jre\lib\ext\cldrdata.jar;C:\Program Files\Java\jdk1.8.0_201\jre\lib\ext\dnsns.jar;C:\Program Files\Java\jdk1.8.0_201\jre\lib\ext\jaccess.jar;C:\Program Files\Java\jdk1.8.0_201\jre\lib\ext\jfxrt.jar;C:\Program Files\Java\jdk1.8.0_201\jre\lib\ext\localedata.jar;C:\Program Files\Java\jdk1.8.0_201\jre\lib\ext\nashorn.jar;C:\Program Files\Java\jdk1.8.0_201\jre\lib\ext\sunec.jar;C:\Program Files\Java\jdk1.8.0_201\jre\lib\ext\sunjce_provider.jar;C:\Program Files\Java\jdk1.8.0_201\jre\lib\ext\sunmscapi.jar;C:\Program Files\Java\jdk1.8.0_201\jre\lib\ext\sunpkcs11.jar;C:\Program Files\Java\jdk1.8.0_201\jre\lib\ext\zipfs.jar;C:\Program Files\Java\jdk1.8.0_201\jre\lib\javaws.jar;C:\Program Files\Java\jdk1.8.0_201\jre\lib\jce.jar;C:\Program Files\Java\jdk1.8.0_201\jre\lib\jfr.jar;C:\Program Files\Java\jdk1.8.0_201\jre\lib\jfxswt.jar;C:\Program Files\Java\jdk1.8.0_201\jre\lib\jsse.jar;C:\Program Files\Java\jdk1.8.0_201\jre\lib\management-agent.jar;C:\Program Files\Java\jdk1.8.0_201\jre\lib\plugin.jar;C:\Program Files\Java\jdk1.8.0_201\jre\lib\resources.jar;C:\Program Files\Java\jdk1.8.0_201\jre\lib\rt.jar;C:\Users\lenovo\Desktop\人脸识别\Face-recognition-main\facesystem\face_corn\target\classes;C:\Users\lenovo\Desktop\人脸识别\Face-recognition-main\facesystem\common\target\classes;F:\subject\JavaWeb\maven-l\com\auth0\java-jwt\3.4.0\java-jwt-3.4.0.jar;F:\subject\JavaWeb\maven-l\commons-codec\commons-codec\1.15\commons-codec-1.15.jar;F:\subject\JavaWeb\maven-l\com\aliyun\oss\aliyun-sdk-oss\3.12.0\aliyun-sdk-oss-3.12.0.jar;F:\subject\JavaWeb\maven-l\org\apache\httpcomponents\httpclient\4.5.13\httpclient-4.5.13.jar;F:\subject\JavaWeb\maven-l\org\apache\httpcomponents\httpcore\4.4.14\httpcore-4.4.14.jar;F:\subject\JavaWeb\maven-l\org\jdom\jdom2\2.
Launcher Type: SUN_STANDARD

Environment Variables:
JAVA_HOME=C:\Program Files\Java\jdk1.8.0_201
CLASSPATH=.;C:\Program Files\Java\jdk1.8.0_201\lib\dt.jar,C:\Program Files\Java\jdk1.8.0_201\lib\tools.jar;F:\subject\JavaWeb\apache-tomcat-8.5.45\lib\servlet-api.jar
PATH=C:\Program Files (x86)\Common Files\Oracle\Java\javapath;C:\WINDOWS\system32;C:\WINDOWS;C:\WINDOWS\System32\Wbem;C:\WINDOWS\System32\WindowsPowerShell\v1.0\;C:\WINDOWS\System32\OpenSSH\;F:\subject\JavaWeb\apache-tomcat-8.5.45\bin;F:\subject\JavaWeb\apache-tomcat-8.5.45\lib;C:\Program Files\NVIDIA Corporation\NVIDIA NvDLISR;F:\subject\JavaWeb\apache-maven-3.3.9\bin;F:\subject\JavaWeb\Gradle\gradle-6.9.1\bin;F:\subject\JavaWeb\nodejs;C:\Program Files\Java\jdk1.8.0_201\bin;C:\Program Files\MySQL\MySQL Server 8.0\bin;F:\subject\JavaWeb\env\MongoDB\bin;C:\Users\lenovo\AppData\Local\Microsoft\WindowsApps;F:\subject\PyCharm\PyCharm Community Edition 2020.3.3\bin;;F:\subject\JavaWeb\Microsoft VS Code\bin;F:\subject\JavaWeb\nodejs\node_global;
USERNAME=lenovo
OS=Windows_NT
PROCESSOR_IDENTIFIER=Intel64 Family 6 Model 158 Stepping 10, GenuineIntel



---------------  S Y S T E M  ---------------

OS: Windows 10.0 , 64 bit Build 19041 (10.0.19041.1202)

CPU:total 8 (initial active 8) (4 cores per cpu, 2 threads per core) family 6 model 158 stepping 10, cmov, cx8, fxsr, mmx, sse, sse2, sse3, ssse3, sse4.1, sse4.2, popcnt, avx, avx2, aes, clmul, erms, 3dnowpref, lzcnt, ht, tsc, tscinvbit, bmi1, bmi2, adx

Memory: 4k page, physical 8306932k(671980k free), swap 18792692k(2583924k free)

vm_info: Java HotSpot(TM) 64-Bit Server VM (25.201-b09) for windows-amd64 JRE (1.8.0_201-b09), built on Dec 15 2018 18:36:39 by "java_re" with MS VC++ 10.0 (VS2010)

time: Thu Oct 28 18:07:38 2021
timezone: 中国标准时间
elapsed time: 132 seconds (0d 0h 2m 12s)

