#
# A fatal error has been detected by the Java Runtime Environment:
#
#  EXCEPTION_ACCESS_VIOLATION (0xc0000005) at pc=0x00007ffb9e20e169, pid=23408, tid=0x0000000000005dfc
#
# JRE version: Java(TM) SE Runtime Environment (8.0_201-b09) (build 1.8.0_201-b09)
# Java VM: Java HotSpot(TM) 64-Bit Server VM (25.201-b09 mixed mode windows-amd64 compressed oops)
# Problematic frame:
# C  [libarcsoft_face.dll+0xe169]
#
# Failed to write core dump. Minidumps are not enabled by default on client versions of Windows
#
# If you would like to submit a bug report, please visit:
#   http://bugreport.java.com/bugreport/crash.jsp
# The crash happened outside the Java Virtual Machine in native code.
# See problematic frame for where to report the bug.
#

---------------  T H R E A D  ---------------

Current thread (0x000000001e4c0800):  JavaThread "http-nio-8081-exec-8" daemon [_thread_in_native, id=24060, stack(0x0000000020e60000,0x0000000020f60000)]

siginfo: ExceptionCode=0xc0000005, writing address 0x0000000026896000

Registers:
RAX=0x0000000000282868, RBX=0x0000000000282868, RCX=0x0000000000000098, RDX=0x0000000000280868
RSP=0x0000000020f5cd40, RBP=0x000000008000a021, RSI=0x0000000000000140, RDI=0x0000000000000028
R8 =0x00000000000000ff, R9 =0x0000000000000000, R10=0x0000000000281868, R11=0x0000000025e8be60
R12=0x0000000000000040, R13=0x0000000000000040, R14=0x0000000000000000, R15=0x000000001e69a7e0
RIP=0x00007ffb9e20e169, EFLAGS=0x0000000000010202

Top of Stack: (sp=0x0000000020f5cd40)
0x0000000020f5cd40:   0000000000000000 0000000000002000
0x0000000020f5cd50:   0000000000000010 0000000000000040
0x0000000020f5cd60:   0000000000000000 0000000025e98780
0x0000000020f5cd70:   0000000020f5ce80 00007ffb9e20c5f2
0x0000000020f5cd80:   0000000000000000 00007ffb9e2117a3
0x0000000020f5cd90:   0000000025ef36f0 0000000025ef3660
0x0000000020f5cda0:   000000008000a021 0000000000000098
0x0000000020f5cdb0:   0000000000000090 0000000000000089
0x0000000020f5cdc0:   0000000000000000 0000000000000000
0x0000000020f5cdd0:   0000000000000040 00000000000003c0
0x0000000020f5cde0:   0000000000000000 0000000000000000
0x0000000020f5cdf0:   0000000000000040 0000000020f5cf18
0x0000000020f5ce00:   0000000000000000 0000000000000040
0x0000000020f5ce10:   0000000000000040 0000000025e8be60
0x0000000020f5ce20:   0000000020e5d0c0 00007ffb9e20bf04
0x0000000020f5ce30:   0000000000000000 00007ffb000000f0 

Instructions: (pc=0x00007ffb9e20e169)
0x00007ffb9e20e149:   41 0f 11 04 83 8b 44 24 68 41 3b c0 41 0f 4f c0
0x00007ffb9e20e159:   85 c0 41 0f 48 c1 66 0f 6e c0 48 63 c3 0f 5b c0
0x00007ffb9e20e169:   f3 41 0f 11 04 83 48 83 c4 30 5b c3 cc cc cc cc
0x00007ffb9e20e179:   cc cc cc cc cc cc cc 48 8b c4 48 89 58 18 55 56 


Register to memory mapping:

RAX=0x0000000000282868 is an unknown value
RBX=0x0000000000282868 is an unknown value
RCX=0x0000000000000098 is an unknown value
RDX=0x0000000000280868 is an unknown value
RSP=0x0000000020f5cd40 is pointing into the stack for thread: 0x000000001e4c0800
RBP=0x000000008000a021 is an unknown value
RSI=0x0000000000000140 is an unknown value
RDI=0x0000000000000028 is an unknown value
R8 =0x00000000000000ff is an unknown value
R9 =0x0000000000000000 is an unknown value
R10=0x0000000000281868 is an unknown value
R11=0x0000000025e8be60 is an unknown value
R12=0x0000000000000040 is an unknown value
R13=0x0000000000000040 is an unknown value
R14=0x0000000000000000 is an unknown value
R15=0x000000001e69a7e0 is an unknown value


Stack: [0x0000000020e60000,0x0000000020f60000],  sp=0x0000000020f5cd40,  free space=1011k
Native frames: (J=compiled Java code, j=interpreted, Vv=VM code, C=native code)
C  [libarcsoft_face.dll+0xe169]
C  [libarcsoft_face.dll+0xc5f2]
C  [libarcsoft_face.dll+0xbf04]
C  [libarcsoft_face.dll+0x9049]
C  [libarcsoft_face.dll+0x89bc]
C  [libarcsoft_face.dll+0x7d0a]
C  [libarcsoft_face.dll+0x3c88]
C  [libarcsoft_face_engine.dll+0x58ca]
C  [libarcsoft_face_engine_jni.dll+0x18f6]
C  0x0000000002b48c67

Java frames: (J=compiled Java code, j=interpreted, Vv=VM code)
j  com.arcsoft.face.FaceEngine.detectFaces(J[BIIII[Lcom/arcsoft/face/FaceInfo;)I+0
j  com.arcsoft.face.FaceEngine.detectFaces([BIILcom/arcsoft/face/enums/ImageFormat;Lcom/arcsoft/face/enums/DetectModel;Ljava/util/List;)I+107
j  com.arcsoft.face.FaceEngine.detectFaces([BIILcom/arcsoft/face/enums/ImageFormat;Ljava/util/List;)I+11
j  com.tangcheng.face_corn.service.impl.faceServiceImpl.facesearch(Ljava/io/InputStream;Ljava/util/List;)Ljava/lang/String;+45
j  com.tangcheng.face_corn.controller.faceController.facesearch(Ljava/lang/String;Ljava/util/List;)Lresult/Result;+22
j  sun.reflect.GeneratedMethodAccessor71.invoke(Ljava/lang/Object;[Ljava/lang/Object;)Ljava/lang/Object;+48
J 1822 C1 sun.reflect.DelegatingMethodAccessorImpl.invoke(Ljava/lang/Object;[Ljava/lang/Object;)Ljava/lang/Object; (10 bytes) @ 0x0000000002ee8c24 [0x0000000002ee8be0+0x44]
J 1821 C1 java.lang.reflect.Method.invoke(Ljava/lang/Object;[Ljava/lang/Object;)Ljava/lang/Object; (62 bytes) @ 0x0000000002ee8854 [0x0000000002ee8760+0xf4]
j  org.springframework.web.method.support.InvocableHandlerMethod.doInvoke([Ljava/lang/Object;)Ljava/lang/Object;+32
j  org.springframework.web.method.support.InvocableHandlerMethod.invokeForRequest(Lorg/springframework/web/context/request/NativeWebRequest;Lorg/springframework/web/method/support/ModelAndViewContainer;[Ljava/lang/Object;)Ljava/lang/Object;+54
j  org.springframework.web.servlet.mvc.method.annotation.ServletInvocableHandlerMethod.invokeAndHandle(Lorg/springframework/web/context/request/ServletWebRequest;Lorg/springframework/web/method/support/ModelAndViewContainer;[Ljava/lang/Object;)V+4
j  org.springframework.web.servlet.mvc.method.annotation.RequestMappingHandlerAdapter.invokeHandlerMethod(Ljavax/servlet/http/HttpServletRequest;Ljavax/servlet/http/HttpServletResponse;Lorg/springframework/web/method/HandlerMethod;)Lorg/springframework/web/servlet/ModelAndView;+244
j  org.springframework.web.servlet.mvc.method.annotation.RequestMappingHandlerAdapter.handleInternal(Ljavax/servlet/http/HttpServletRequest;Ljavax/servlet/http/HttpServletResponse;Lorg/springframework/web/method/HandlerMethod;)Lorg/springframework/web/servlet/ModelAndView;+81
j  org.springframework.web.servlet.mvc.method.AbstractHandlerMethodAdapter.handle(Ljavax/servlet/http/HttpServletRequest;Ljavax/servlet/http/HttpServletResponse;Ljava/lang/Object;)Lorg/springframework/web/servlet/ModelAndView;+7
j  org.springframework.web.servlet.DispatcherServlet.doDispatch(Ljavax/servlet/http/HttpServletRequest;Ljavax/servlet/http/HttpServletResponse;)V+259
j  org.springframework.web.servlet.DispatcherServlet.doService(Ljavax/servlet/http/HttpServletRequest;Ljavax/servlet/http/HttpServletResponse;)V+241
j  org.springframework.web.servlet.FrameworkServlet.processRequest(Ljavax/servlet/http/HttpServletRequest;Ljavax/servlet/http/HttpServletResponse;)V+71
j  org.springframework.web.servlet.FrameworkServlet.doPost(Ljavax/servlet/http/HttpServletRequest;Ljavax/servlet/http/HttpServletResponse;)V+3
j  javax.servlet.http.HttpServlet.service(Ljavax/servlet/http/HttpServletRequest;Ljavax/servlet/http/HttpServletResponse;)V+149
j  org.springframework.web.servlet.FrameworkServlet.service(Ljavax/servlet/http/HttpServletRequest;Ljavax/servlet/http/HttpServletResponse;)V+33
j  javax.servlet.http.HttpServlet.service(Ljavax/servlet/ServletRequest;Ljavax/servlet/ServletResponse;)V+36
j  org.apache.catalina.core.ApplicationFilterChain.internalDoFilter(Ljavax/servlet/ServletRequest;Ljavax/servlet/ServletResponse;)V+304
j  org.apache.catalina.core.ApplicationFilterChain.doFilter(Ljavax/servlet/ServletRequest;Ljavax/servlet/ServletResponse;)V+99
j  org.apache.tomcat.websocket.server.WsFilter.doFilter(Ljavax/servlet/ServletRequest;Ljavax/servlet/ServletResponse;Ljavax/servlet/FilterChain;)V+21
j  org.apache.catalina.core.ApplicationFilterChain.internalDoFilter(Ljavax/servlet/ServletRequest;Ljavax/servlet/ServletResponse;)V+135
j  org.apache.catalina.core.ApplicationFilterChain.doFilter(Ljavax/servlet/ServletRequest;Ljavax/servlet/ServletResponse;)V+99
j  org.springframework.web.filter.RequestContextFilter.doFilterInternal(Ljavax/servlet/http/HttpServletRequest;Ljavax/servlet/http/HttpServletResponse;Ljavax/servlet/FilterChain;)V+21
j  org.springframework.web.filter.OncePerRequestFilter.doFilter(Ljavax/servlet/ServletRequest;Ljavax/servlet/ServletResponse;Ljavax/servlet/FilterChain;)V+147
j  org.apache.catalina.core.ApplicationFilterChain.internalDoFilter(Ljavax/servlet/ServletRequest;Ljavax/servlet/ServletResponse;)V+135
j  org.apache.catalina.core.ApplicationFilterChain.doFilter(Ljavax/servlet/ServletRequest;Ljavax/servlet/ServletResponse;)V+99
j  org.springframework.web.filter.FormContentFilter.doFilterInternal(Ljavax/servlet/http/HttpServletRequest;Ljavax/servlet/http/HttpServletResponse;Ljavax/servlet/FilterChain;)V+38
j  org.springframework.web.filter.OncePerRequestFilter.doFilter(Ljavax/servlet/ServletRequest;Ljavax/servlet/ServletResponse;Ljavax/servlet/FilterChain;)V+147
j  org.apache.catalina.core.ApplicationFilterChain.internalDoFilter(Ljavax/servlet/ServletRequest;Ljavax/servlet/ServletResponse;)V+135
j  org.apache.catalina.core.ApplicationFilterChain.doFilter(Ljavax/servlet/ServletRequest;Ljavax/servlet/ServletResponse;)V+99
j  org.springframework.web.filter.CharacterEncodingFilter.doFilterInternal(Ljavax/servlet/http/HttpServletRequest;Ljavax/servlet/http/HttpServletResponse;Ljavax/servlet/FilterChain;)V+53
j  org.springframework.web.filter.OncePerRequestFilter.doFilter(Ljavax/servlet/ServletRequest;Ljavax/servlet/ServletResponse;Ljavax/servlet/FilterChain;)V+147
j  org.apache.catalina.core.ApplicationFilterChain.internalDoFilter(Ljavax/servlet/ServletRequest;Ljavax/servlet/ServletResponse;)V+135
j  org.apache.catalina.core.ApplicationFilterChain.doFilter(Ljavax/servlet/ServletRequest;Ljavax/servlet/ServletResponse;)V+99
j  org.apache.catalina.core.StandardWrapperValve.invoke(Lorg/apache/catalina/connector/Request;Lorg/apache/catalina/connector/Response;)V+694
j  org.apache.catalina.core.StandardContextValve.invoke(Lorg/apache/catalina/connector/Request;Lorg/apache/catalina/connector/Response;)V+169
j  org.apache.catalina.authenticator.AuthenticatorBase.invoke(Lorg/apache/catalina/connector/Request;Lorg/apache/catalina/connector/Response;)V+260
j  org.apache.catalina.core.StandardHostValve.invoke(Lorg/apache/catalina/connector/Request;Lorg/apache/catalina/connector/Response;)V+128
j  org.apache.catalina.valves.ErrorReportValve.invoke(Lorg/apache/catalina/connector/Request;Lorg/apache/catalina/connector/Response;)V+6
j  org.apache.catalina.core.StandardEngineValve.invoke(Lorg/apache/catalina/connector/Request;Lorg/apache/catalina/connector/Response;)V+59
j  org.apache.catalina.connector.CoyoteAdapter.service(Lorg/apache/coyote/Request;Lorg/apache/coyote/Response;)V+199
j  org.apache.coyote.http11.Http11Processor.service(Lorg/apache/tomcat/util/net/SocketWrapperBase;)Lorg/apache/tomcat/util/net/AbstractEndpoint$Handler$SocketState;+737
j  org.apache.coyote.AbstractProcessorLight.process(Lorg/apache/tomcat/util/net/SocketWrapperBase;Lorg/apache/tomcat/util/net/SocketEvent;)Lorg/apache/tomcat/util/net/AbstractEndpoint$Handler$SocketState;+170
j  org.apache.coyote.AbstractProtocol$ConnectionHandler.process(Lorg/apache/tomcat/util/net/SocketWrapperBase;Lorg/apache/tomcat/util/net/SocketEvent;)Lorg/apache/tomcat/util/net/AbstractEndpoint$Handler$SocketState;+505
j  org.apache.tomcat.util.net.NioEndpoint$SocketProcessor.doRun()V+216
j  org.apache.tomcat.util.net.SocketProcessorBase.run()V+21
j  java.util.concurrent.ThreadPoolExecutor.runWorker(Ljava/util/concurrent/ThreadPoolExecutor$Worker;)V+95
j  java.util.concurrent.ThreadPoolExecutor$Worker.run()V+5
j  org.apache.tomcat.util.threads.TaskThread$WrappingRunnable.run()V+4
j  java.lang.Thread.run()V+11
v  ~StubRoutines::call_stub

---------------  P R O C E S S  ---------------

Java Threads: ( => current thread )
  0x000000001e24c800 JavaThread "lettuce-eventExecutorLoop-1-8" daemon [_thread_blocked, id=22324, stack(0x000000001b5c0000,0x000000001b6c0000)]
  0x000000001e24a000 JavaThread "lettuce-eventExecutorLoop-1-7" daemon [_thread_blocked, id=18028, stack(0x000000001b310000,0x000000001b410000)]
  0x000000001e247800 JavaThread "lettuce-eventExecutorLoop-1-6" daemon [_thread_blocked, id=14944, stack(0x0000000040a10000,0x0000000040b10000)]
  0x000000001e24b000 JavaThread "lettuce-eventExecutorLoop-1-5" daemon [_thread_blocked, id=26452, stack(0x0000000040910000,0x0000000040a10000)]
  0x000000001e24b800 JavaThread "lettuce-eventExecutorLoop-1-4" daemon [_thread_blocked, id=24264, stack(0x0000000040810000,0x0000000040910000)]
  0x000000001e247000 JavaThread "lettuce-eventExecutorLoop-1-3" daemon [_thread_blocked, id=19692, stack(0x0000000040710000,0x0000000040810000)]
  0x000000001e24d000 JavaThread "Java2D Disposer" daemon [_thread_blocked, id=18340, stack(0x0000000040410000,0x0000000040510000)]
  0x000000001e24e000 JavaThread "idle_connection_reaper" daemon [_thread_blocked, id=8908, stack(0x000000001ee60000,0x000000001ef60000)]
  0x000000001e249000 JavaThread "lettuce-eventExecutorLoop-1-2" daemon [_thread_blocked, id=15880, stack(0x0000000040110000,0x0000000040210000)]
  0x000000001e248800 JavaThread "lettuce-eventExecutorLoop-1-1" daemon [_thread_blocked, id=23988, stack(0x0000000022d70000,0x0000000022e70000)]
  0x000000001e4cd800 JavaThread "lettuce-nioEventLoop-4-1" daemon [_thread_in_native, id=26124, stack(0x00000000007a0000,0x00000000008a0000)]
  0x000000001e4ca800 JavaThread "DiscoveryClient-CacheRefreshExecutor-0" daemon [_thread_blocked, id=25060, stack(0x0000000021860000,0x0000000021960000)]
  0x000000001e4cc800 JavaThread "DiscoveryClient-HeartbeatExecutor-0" daemon [_thread_blocked, id=26012, stack(0x0000000021760000,0x0000000021860000)]
  0x000000001e4c9800 JavaThread "DestroyJavaVM" [_thread_blocked, id=21740, stack(0x0000000002790000,0x0000000002890000)]
  0x000000001e4c9000 JavaThread "http-nio-8081-Acceptor" daemon [_thread_in_native, id=25816, stack(0x0000000021260000,0x0000000021360000)]
  0x000000001e4c1800 JavaThread "http-nio-8081-ClientPoller" daemon [_thread_in_native, id=24568, stack(0x0000000021160000,0x0000000021260000)]
  0x000000001e4c7800 JavaThread "http-nio-8081-exec-10" daemon [_thread_blocked, id=26316, stack(0x0000000021060000,0x0000000021160000)]
  0x000000001e4c8000 JavaThread "http-nio-8081-exec-9" daemon [_thread_in_native, id=21488, stack(0x0000000020f60000,0x0000000021060000)]
=>0x000000001e4c0800 JavaThread "http-nio-8081-exec-8" daemon [_thread_in_native, id=24060, stack(0x0000000020e60000,0x0000000020f60000)]
  0x000000001e4c0000 JavaThread "http-nio-8081-exec-7" daemon [_thread_in_native, id=18120, stack(0x0000000020d60000,0x0000000020e60000)]
  0x000000001e4c6800 JavaThread "http-nio-8081-exec-6" daemon [_thread_blocked, id=25312, stack(0x0000000020c60000,0x0000000020d60000)]
  0x000000001e4bf000 JavaThread "http-nio-8081-exec-5" daemon [_thread_blocked, id=7180, stack(0x0000000020b60000,0x0000000020c60000)]
  0x000000001e4c2000 JavaThread "http-nio-8081-exec-4" daemon [_thread_blocked, id=15092, stack(0x0000000020a60000,0x0000000020b60000)]
  0x000000001e4c6000 JavaThread "http-nio-8081-exec-3" daemon [_thread_blocked, id=15244, stack(0x0000000020960000,0x0000000020a60000)]
  0x000000001e4c3000 JavaThread "http-nio-8081-exec-2" daemon [_thread_blocked, id=3576, stack(0x0000000020860000,0x0000000020960000)]
  0x000000001e4be800 JavaThread "http-nio-8081-exec-1" daemon [_thread_in_native, id=21236, stack(0x0000000020760000,0x0000000020860000)]
  0x000000001e4c3800 JavaThread "http-nio-8081-BlockPoller" daemon [_thread_in_native, id=22804, stack(0x0000000020660000,0x0000000020760000)]
  0x000000001e4c5000 JavaThread "DiscoveryClient-InstanceInfoReplicator-0" daemon [_thread_blocked, id=15408, stack(0x0000000020360000,0x0000000020460000)]
  0x000000001e4c4800 JavaThread "DiscoveryClient-1" daemon [_thread_blocked, id=24280, stack(0x0000000020260000,0x0000000020360000)]
  0x000000001c4aa000 JavaThread "DiscoveryClient-0" daemon [_thread_blocked, id=18356, stack(0x0000000020160000,0x0000000020260000)]
  0x000000001c4a8800 JavaThread "AsyncResolver-bootstrap-0" daemon [_thread_blocked, id=4320, stack(0x000000001fc60000,0x000000001fd60000)]
  0x000000001c4a9000 JavaThread "spring.cloud.inetutils" daemon [_thread_blocked, id=10620, stack(0x000000001fb60000,0x000000001fc60000)]
  0x000000001c4a7000 JavaThread "lettuce-timer-3-1" daemon [_thread_blocked, id=18152, stack(0x000000001f460000,0x000000001f560000)]
  0x000000001c4a6000 JavaThread "container-0" [_thread_blocked, id=22880, stack(0x000000001f160000,0x000000001f260000)]
  0x000000001c4a7800 JavaThread "Catalina-utility-2" [_thread_blocked, id=24720, stack(0x000000001f060000,0x000000001f160000)]
  0x000000001c4ac000 JavaThread "Catalina-utility-1" [_thread_blocked, id=13248, stack(0x000000001ef60000,0x000000001f060000)]
  0x000000001a828800 JavaThread "RMI Scheduler(0)" daemon [_thread_blocked, id=25640, stack(0x000000001b410000,0x000000001b510000)]
  0x000000001a75e800 JavaThread "RMI TCP Accept-0" daemon [_thread_in_native, id=26388, stack(0x000000001b110000,0x000000001b210000)]
  0x000000001a736000 JavaThread "RMI TCP Accept-61594" daemon [_thread_in_native, id=8824, stack(0x000000001b010000,0x000000001b110000)]
  0x000000001a72d000 JavaThread "RMI TCP Accept-0" daemon [_thread_in_native, id=24092, stack(0x000000001af10000,0x000000001b010000)]
  0x000000001a478800 JavaThread "Service Thread" daemon [_thread_blocked, id=24348, stack(0x000000001adf0000,0x000000001aef0000)]
  0x000000001a46d800 JavaThread "C1 CompilerThread3" daemon [_thread_blocked, id=16568, stack(0x000000001acf0000,0x000000001adf0000)]
  0x000000001a46c800 JavaThread "C2 CompilerThread2" daemon [_thread_blocked, id=26556, stack(0x000000001abf0000,0x000000001acf0000)]
  0x000000001a46c000 JavaThread "C2 CompilerThread1" daemon [_thread_blocked, id=16784, stack(0x000000001aaf0000,0x000000001abf0000)]
  0x000000001a465000 JavaThread "C2 CompilerThread0" daemon [_thread_blocked, id=24852, stack(0x000000001a9f0000,0x000000001aaf0000)]
  0x000000001a3b5800 JavaThread "Monitor Ctrl-Break" daemon [_thread_in_native, id=24680, stack(0x000000001a8f0000,0x000000001a9f0000)]
  0x000000001992f000 JavaThread "Attach Listener" daemon [_thread_blocked, id=23712, stack(0x0000000019ff0000,0x000000001a0f0000)]
  0x000000001998b000 JavaThread "Signal Dispatcher" daemon [_thread_blocked, id=22584, stack(0x0000000019ef0000,0x0000000019ff0000)]
  0x0000000017b03800 JavaThread "Finalizer" daemon [_thread_blocked, id=16408, stack(0x0000000019df0000,0x0000000019ef0000)]
  0x0000000019910800 JavaThread "Reference Handler" daemon [_thread_blocked, id=25084, stack(0x0000000019cf0000,0x0000000019df0000)]

Other Threads:
  0x0000000017af6800 VMThread [stack: 0x00000000197f0000,0x00000000198f0000] [id=25304]
  0x000000001a75f800 WatcherThread [stack: 0x000000001b210000,0x000000001b310000] [id=5760]

VM state:not at safepoint (normal execution)

VM Mutex/Monitor currently owned by a thread: None

heap address: 0x0000000081200000, size: 2030 MB, Compressed Oops mode: 32-bit
Narrow klass base: 0x0000000000000000, Narrow klass shift: 3
Compressed class space size: 1073741824 Address: 0x0000000100000000

Heap:
 PSYoungGen      total 238080K, used 132540K [0x00000000d5b80000, 0x00000000e5c00000, 0x0000000100000000)
  eden space 224768K, 58% used [0x00000000d5b80000,0x00000000ddcef2f8,0x00000000e3700000)
  from space 13312K, 0% used [0x00000000e4b80000,0x00000000e4b80000,0x00000000e5880000)
  to   space 18944K, 0% used [0x00000000e3700000,0x00000000e3700000,0x00000000e4980000)
 ParOldGen       total 112640K, used 34014K [0x0000000081200000, 0x0000000088000000, 0x00000000d5b80000)
  object space 112640K, 30% used [0x0000000081200000,0x0000000083337a10,0x0000000088000000)
 Metaspace       used 55548K, capacity 59258K, committed 59480K, reserved 1099776K
  class space    used 7599K, capacity 8248K, committed 8320K, reserved 1048576K

Card table byte_map: [0x0000000011ef0000,0x00000000122f0000] byte_map_base: 0x0000000011ae7000

Marking Bits: (ParMarkBitMap*) 0x000000005dde4ce0
 Begin Bits: [0x0000000012da0000, 0x0000000014d58000)
 End Bits:   [0x0000000014d58000, 0x0000000016d10000)

Polling page: 0x0000000000670000

CodeCache: size=245760Kb used=9932Kb max_used=9932Kb free=235827Kb
 bounds [0x0000000002b30000, 0x00000000034f0000, 0x0000000011b30000]
 total_blobs=5849 nmethods=5250 adapters=511
 compilation: enabled

Compilation events (10 events):
Event: 133.570 Thread 0x000000001a46d800 5372   !   1       org.apache.coyote.http11.Http11InputBuffer::fill (440 bytes)
Event: 133.572 Thread 0x000000001a46d800 nmethod 5372 0x00000000034dec10 code [0x00000000034df020, 0x00000000034e0028]
Event: 133.572 Thread 0x000000001a46d800 5373       1       org.apache.tomcat.util.net.SocketWrapperBase::populateReadBuffer (73 bytes)
Event: 133.572 Thread 0x000000001a46d800 nmethod 5373 0x00000000034e1150 code [0x00000000034e1340, 0x00000000034e1818]
Event: 133.572 Thread 0x000000001a46d800 5374       1       org.apache.tomcat.util.net.NioEndpoint$NioSocketWrapper::read (185 bytes)
Event: 133.574 Thread 0x000000001a46d800 nmethod 5374 0x00000000034e1c90 code [0x00000000034e1f40, 0x00000000034e28b8]
Event: 133.577 Thread 0x000000001a46d800 5375       1       org.springframework.beans.PropertyEditorRegistrySupport::getConversionService (5 bytes)
Event: 133.577 Thread 0x000000001a46d800 nmethod 5375 0x00000000034e3250 code [0x00000000034e33a0, 0x00000000034e34b0]
Event: 133.582 Thread 0x000000001a46d800 5376       1       javax.imageio.stream.ImageInputStreamImpl::getStreamPosition (9 bytes)
Event: 133.583 Thread 0x000000001a46d800 nmethod 5376 0x00000000034e3510 code [0x00000000034e3680, 0x00000000034e3848]

GC Heap History (10 events):
Event: 6.485 GC heap before
{Heap before GC invocations=11 (full 1):
 PSYoungGen      total 128512K, used 78672K [0x00000000d5b80000, 0x00000000e1c00000, 0x0000000100000000)
  eden space 120320K, 58% used [0x00000000d5b80000,0x00000000da055010,0x00000000dd100000)
  from space 8192K, 99% used [0x00000000dd100000,0x00000000dd8ff2f8,0x00000000dd900000)
  to   space 10752K, 0% used [0x00000000e1180000,0x00000000e1180000,0x00000000e1c00000)
 ParOldGen       total 49152K, used 11299K [0x0000000081200000, 0x0000000084200000, 0x00000000d5b80000)
  object space 49152K, 22% used [0x0000000081200000,0x0000000081d08dc8,0x0000000084200000)
 Metaspace       used 33258K, capacity 35338K, committed 35416K, reserved 1079296K
  class space    used 4582K, capacity 4959K, committed 4992K, reserved 1048576K
Event: 6.492 GC heap after
Heap after GC invocations=11 (full 1):
 PSYoungGen      total 185344K, used 7979K [0x00000000d5b80000, 0x00000000e1b80000, 0x0000000100000000)
  eden space 175104K, 0% used [0x00000000d5b80000,0x00000000d5b80000,0x00000000e0680000)
  from space 10240K, 77% used [0x00000000e1180000,0x00000000e194aea8,0x00000000e1b80000)
  to   space 10752K, 0% used [0x00000000e0680000,0x00000000e0680000,0x00000000e1100000)
 ParOldGen       total 49152K, used 13963K [0x0000000081200000, 0x0000000084200000, 0x00000000d5b80000)
  object space 49152K, 28% used [0x0000000081200000,0x0000000081fa2c50,0x0000000084200000)
 Metaspace       used 33258K, capacity 35338K, committed 35416K, reserved 1079296K
  class space    used 4582K, capacity 4959K, committed 4992K, reserved 1048576K
}
Event: 6.492 GC heap before
{Heap before GC invocations=12 (full 2):
 PSYoungGen      total 185344K, used 7979K [0x00000000d5b80000, 0x00000000e1b80000, 0x0000000100000000)
  eden space 175104K, 0% used [0x00000000d5b80000,0x00000000d5b80000,0x00000000e0680000)
  from space 10240K, 77% used [0x00000000e1180000,0x00000000e194aea8,0x00000000e1b80000)
  to   space 10752K, 0% used [0x00000000e0680000,0x00000000e0680000,0x00000000e1100000)
 ParOldGen       total 49152K, used 13963K [0x0000000081200000, 0x0000000084200000, 0x00000000d5b80000)
  object space 49152K, 28% used [0x0000000081200000,0x0000000081fa2c50,0x0000000084200000)
 Metaspace       used 33258K, capacity 35338K, committed 35416K, reserved 1079296K
  class space    used 4582K, capacity 4959K, committed 4992K, reserved 1048576K
Event: 6.541 GC heap after
Heap after GC invocations=12 (full 2):
 PSYoungGen      total 185344K, used 0K [0x00000000d5b80000, 0x00000000e1b80000, 0x0000000100000000)
  eden space 175104K, 0% used [0x00000000d5b80000,0x00000000d5b80000,0x00000000e0680000)
  from space 10240K, 0% used [0x00000000e1180000,0x00000000e1180000,0x00000000e1b80000)
  to   space 10752K, 0% used [0x00000000e0680000,0x00000000e0680000,0x00000000e1100000)
 ParOldGen       total 75264K, used 16214K [0x0000000081200000, 0x0000000085b80000, 0x00000000d5b80000)
  object space 75264K, 21% used [0x0000000081200000,0x00000000821d5828,0x0000000085b80000)
 Metaspace       used 33258K, capacity 35338K, committed 35416K, reserved 1079296K
  class space    used 4582K, capacity 4959K, committed 4992K, reserved 1048576K
}
Event: 8.927 GC heap before
{Heap before GC invocations=13 (full 2):
 PSYoungGen      total 185344K, used 175104K [0x00000000d5b80000, 0x00000000e1b80000, 0x0000000100000000)
  eden space 175104K, 100% used [0x00000000d5b80000,0x00000000e0680000,0x00000000e0680000)
  from space 10240K, 0% used [0x00000000e1180000,0x00000000e1180000,0x00000000e1b80000)
  to   space 10752K, 0% used [0x00000000e0680000,0x00000000e0680000,0x00000000e1100000)
 ParOldGen       total 75264K, used 16214K [0x0000000081200000, 0x0000000085b80000, 0x00000000d5b80000)
  object space 75264K, 21% used [0x0000000081200000,0x00000000821d5828,0x0000000085b80000)
 Metaspace       used 43537K, capacity 46402K, committed 46552K, reserved 1089536K
  class space    used 5995K, capacity 6532K, committed 6656K, reserved 1048576K
Event: 8.939 GC heap after
Heap after GC invocations=13 (full 2):
 PSYoungGen      total 185856K, used 10731K [0x00000000d5b80000, 0x00000000e5880000, 0x0000000100000000)
  eden space 175104K, 0% used [0x00000000d5b80000,0x00000000d5b80000,0x00000000e0680000)
  from space 10752K, 99% used [0x00000000e0680000,0x00000000e10fac40,0x00000000e1100000)
  to   space 13312K, 0% used [0x00000000e4b80000,0x00000000e4b80000,0x00000000e5880000)
 ParOldGen       total 75264K, used 21236K [0x0000000081200000, 0x0000000085b80000, 0x00000000d5b80000)
  object space 75264K, 28% used [0x0000000081200000,0x00000000826bd240,0x0000000085b80000)
 Metaspace       used 43537K, capacity 46402K, committed 46552K, reserved 1089536K
  class space    used 5995K, capacity 6532K, committed 6656K, reserved 1048576K
}
Event: 71.915 GC heap before
{Heap before GC invocations=14 (full 2):
 PSYoungGen      total 185856K, used 165478K [0x00000000d5b80000, 0x00000000e5880000, 0x0000000100000000)
  eden space 175104K, 88% used [0x00000000d5b80000,0x00000000df29eeb0,0x00000000e0680000)
  from space 10752K, 99% used [0x00000000e0680000,0x00000000e10fac40,0x00000000e1100000)
  to   space 13312K, 0% used [0x00000000e4b80000,0x00000000e4b80000,0x00000000e5880000)
 ParOldGen       total 75264K, used 21236K [0x0000000081200000, 0x0000000085b80000, 0x00000000d5b80000)
  object space 75264K, 28% used [0x0000000081200000,0x00000000826bd240,0x0000000085b80000)
 Metaspace       used 55088K, capacity 58766K, committed 58968K, reserved 1099776K
  class space    used 7533K, capacity 8200K, committed 8320K, reserved 1048576K
Event: 71.933 GC heap after
Heap after GC invocations=14 (full 2):
 PSYoungGen      total 238080K, used 13297K [0x00000000d5b80000, 0x00000000e5c00000, 0x0000000100000000)
  eden space 224768K, 0% used [0x00000000d5b80000,0x00000000d5b80000,0x00000000e3700000)
  from space 13312K, 99% used [0x00000000e4b80000,0x00000000e587c4d8,0x00000000e5880000)
  to   space 18944K, 0% used [0x00000000e3700000,0x00000000e3700000,0x00000000e4980000)
 ParOldGen       total 75264K, used 31959K [0x0000000081200000, 0x0000000085b80000, 0x00000000d5b80000)
  object space 75264K, 42% used [0x0000000081200000,0x0000000083135ee0,0x0000000085b80000)
 Metaspace       used 55088K, capacity 58766K, committed 58968K, reserved 1099776K
  class space    used 7533K, capacity 8200K, committed 8320K, reserved 1048576K
}
Event: 71.933 GC heap before
{Heap before GC invocations=15 (full 3):
 PSYoungGen      total 238080K, used 13297K [0x00000000d5b80000, 0x00000000e5c00000, 0x0000000100000000)
  eden space 224768K, 0% used [0x00000000d5b80000,0x00000000d5b80000,0x00000000e3700000)
  from space 13312K, 99% used [0x00000000e4b80000,0x00000000e587c4d8,0x00000000e5880000)
  to   space 18944K, 0% used [0x00000000e3700000,0x00000000e3700000,0x00000000e4980000)
 ParOldGen       total 75264K, used 31959K [0x0000000081200000, 0x0000000085b80000, 0x00000000d5b80000)
  object space 75264K, 42% used [0x0000000081200000,0x0000000083135ee0,0x0000000085b80000)
 Metaspace       used 55088K, capacity 58766K, committed 58968K, reserved 1099776K
  class space    used 7533K, capacity 8200K, committed 8320K, reserved 1048576K
Event: 72.065 GC heap after
Heap after GC invocations=15 (full 3):
 PSYoungGen      total 238080K, used 0K [0x00000000d5b80000, 0x00000000e5c00000, 0x0000000100000000)
  eden space 224768K, 0% used [0x00000000d5b80000,0x00000000d5b80000,0x00000000e3700000)
  from space 13312K, 0% used [0x00000000e4b80000,0x00000000e4b80000,0x00000000e5880000)
  to   space 18944K, 0% used [0x00000000e3700000,0x00000000e3700000,0x00000000e4980000)
 ParOldGen       total 112640K, used 34014K [0x0000000081200000, 0x0000000088000000, 0x00000000d5b80000)
  object space 112640K, 30% used [0x0000000081200000,0x0000000083337a10,0x0000000088000000)
 Metaspace       used 55088K, capacity 58766K, committed 58968K, reserved 1099776K
  class space    used 7533K, capacity 8200K, committed 8320K, reserved 1048576K
}

Deoptimization events (0 events):
No events

Classes redefined (0 events):
No events

Internal exceptions (10 events):
Event: 99.276 Thread 0x000000001e4ca800 Exception <a 'java/net/SocketTimeoutException': Read timed out> (0x00000000d6b60f78) thrown at [C:\re\workspace\8-2-build-windows-amd64-cygwin\jdk8u201\12322\hotspot\src\share\vm\prims\jni.cpp, line 735]
Event: 129.295 Thread 0x000000001e4ca800 Exception <a 'java/net/SocketTimeoutException': Read timed out> (0x00000000d6b6c640) thrown at [C:\re\workspace\8-2-build-windows-amd64-cygwin\jdk8u201\12322\hotspot\src\share\vm\prims\jni.cpp, line 735]
Event: 129.295 Thread 0x000000001e4cc800 Exception <a 'java/net/SocketTimeoutException': Read timed out> (0x00000000d6b0c200) thrown at [C:\re\workspace\8-2-build-windows-amd64-cygwin\jdk8u201\12322\hotspot\src\share\vm\prims\jni.cpp, line 735]
Event: 131.419 Thread 0x000000001e4be800 Exception <a 'java/lang/ArrayIndexOutOfBoundsException'> (0x00000000d6cbf930) thrown at [C:\re\workspace\8-2-build-windows-amd64-cygwin\jdk8u201\12322\hotspot\src\share\vm\runtime\sharedRuntime.cpp, line 605]
Event: 131.544 Thread 0x000000001e4be800 Exception <a 'java/lang/NoSuchMethodError': java.lang.Object.lambda$invoke$0()Ljava/lang/Object;> (0x00000000d712c460) thrown at [C:\re\workspace\8-2-build-windows-amd64-cygwin\jdk8u201\12322\hotspot\src\share\vm\interpreter\linkResolver.cpp, line 620]
Event: 131.549 Thread 0x000000001e4be800 Exception <a 'java/lang/ArrayIndexOutOfBoundsException'> (0x00000000d7159e38) thrown at [C:\re\workspace\8-2-build-windows-amd64-cygwin\jdk8u201\12322\hotspot\src\share\vm\runtime\sharedRuntime.cpp, line 605]
Event: 131.549 Thread 0x000000001e4be800 Exception <a 'java/lang/ArrayIndexOutOfBoundsException'> (0x00000000d715bbb0) thrown at [C:\re\workspace\8-2-build-windows-amd64-cygwin\jdk8u201\12322\hotspot\src\share\vm\runtime\sharedRuntime.cpp, line 605]
Event: 131.549 Thread 0x000000001e4be800 Exception <a 'java/lang/ArrayIndexOutOfBoundsException'> (0x00000000d715cff8) thrown at [C:\re\workspace\8-2-build-windows-amd64-cygwin\jdk8u201\12322\hotspot\src\share\vm\runtime\sharedRuntime.cpp, line 605]
Event: 131.550 Thread 0x000000001e4be800 Exception <a 'java/lang/ArrayIndexOutOfBoundsException'> (0x00000000d720fe68) thrown at [C:\re\workspace\8-2-build-windows-amd64-cygwin\jdk8u201\12322\hotspot\src\share\vm\runtime\sharedRuntime.cpp, line 605]
Event: 133.432 Thread 0x000000001e4c3000 Exception <a 'java/io/IOException'> (0x00000000dafa7ad8) thrown at [C:\re\workspace\8-2-build-windows-amd64-cygwin\jdk8u201\12322\hotspot\src\share\vm\prims\jni.cpp, line 709]

Events (10 events):
Event: 133.525 Executing VM operation: RevokeBias
Event: 133.525 Executing VM operation: RevokeBias done
Event: 133.526 Executing VM operation: RevokeBias
Event: 133.526 Executing VM operation: RevokeBias done
Event: 133.526 Executing VM operation: RevokeBias
Event: 133.527 Executing VM operation: RevokeBias done
Event: 133.531 Executing VM operation: RevokeBias
Event: 133.531 Executing VM operation: RevokeBias done
Event: 133.535 Executing VM operation: RevokeBias
Event: 133.535 Executing VM operation: RevokeBias done


Dynamic libraries:
0x00007ff6f4dc0000 - 0x00007ff6f4df7000 	C:\Program Files\Java\jdk1.8.0_201\bin\java.exe
0x00007ffbf5db0000 - 0x00007ffbf5fa5000 	C:\WINDOWS\SYSTEM32\ntdll.dll
0x00007ffbf55f0000 - 0x00007ffbf56ae000 	C:\WINDOWS\System32\KERNEL32.DLL
0x00007ffbf3720000 - 0x00007ffbf39e9000 	C:\WINDOWS\System32\KERNELBASE.dll
0x00007ffbf4410000 - 0x00007ffbf44bc000 	C:\WINDOWS\System32\ADVAPI32.dll
0x00007ffbf4d00000 - 0x00007ffbf4d9e000 	C:\WINDOWS\System32\msvcrt.dll
0x00007ffbf4c60000 - 0x00007ffbf4cfb000 	C:\WINDOWS\System32\sechost.dll
0x00007ffbf4150000 - 0x00007ffbf427a000 	C:\WINDOWS\System32\RPCRT4.dll
0x00007ffbf4da0000 - 0x00007ffbf4f41000 	C:\WINDOWS\System32\USER32.dll
0x00007ffbf3dd0000 - 0x00007ffbf3df2000 	C:\WINDOWS\System32\win32u.dll
0x00007ffbf3e00000 - 0x00007ffbf3e2b000 	C:\WINDOWS\System32\GDI32.dll
0x00007ffbf3ad0000 - 0x00007ffbf3bdb000 	C:\WINDOWS\System32\gdi32full.dll
0x00007ffbf3680000 - 0x00007ffbf371d000 	C:\WINDOWS\System32\msvcp_win.dll
0x00007ffbf34d0000 - 0x00007ffbf35d0000 	C:\WINDOWS\System32\ucrtbase.dll
0x00007ffbe4850000 - 0x00007ffbe4aea000 	C:\WINDOWS\WinSxS\amd64_microsoft.windows.common-controls_6595b64144ccf1df_6.0.19041.1110_none_60b5254171f9507e\COMCTL32.dll
0x00007ffbf5030000 - 0x00007ffbf5060000 	C:\WINDOWS\System32\IMM32.DLL
0x000000005e9c0000 - 0x000000005ea91000 	C:\Program Files\Java\jdk1.8.0_201\jre\bin\msvcr100.dll
0x000000005d5c0000 - 0x000000005de64000 	C:\Program Files\Java\jdk1.8.0_201\jre\bin\server\jvm.dll
0x00007ffbf5c50000 - 0x00007ffbf5c58000 	C:\WINDOWS\System32\PSAPI.DLL
0x00007ffbea430000 - 0x00007ffbea43a000 	C:\WINDOWS\SYSTEM32\VERSION.dll
0x00007ffbe6240000 - 0x00007ffbe6267000 	C:\WINDOWS\SYSTEM32\WINMM.dll
0x00007ffbee370000 - 0x00007ffbee379000 	C:\WINDOWS\SYSTEM32\WSOCK32.dll
0x00007ffbf53c0000 - 0x00007ffbf542b000 	C:\WINDOWS\System32\WS2_32.dll
0x00007ffbecce0000 - 0x00007ffbeccef000 	C:\Program Files\Java\jdk1.8.0_201\jre\bin\verify.dll
0x00007ffbd4000000 - 0x00007ffbd4029000 	C:\Program Files\Java\jdk1.8.0_201\jre\bin\java.dll
0x00007ffbc7ce0000 - 0x00007ffbc7d03000 	C:\Program Files\Java\jdk1.8.0_201\jre\bin\instrument.dll
0x00007ffbd6880000 - 0x00007ffbd6896000 	C:\Program Files\Java\jdk1.8.0_201\jre\bin\zip.dll
0x00007ffbf4520000 - 0x00007ffbf4c5f000 	C:\WINDOWS\System32\SHELL32.dll
0x00007ffbf1210000 - 0x00007ffbf19a0000 	C:\WINDOWS\SYSTEM32\windows.storage.dll
0x00007ffbf5060000 - 0x00007ffbf53b5000 	C:\WINDOWS\System32\combase.dll
0x00007ffbf2f20000 - 0x00007ffbf2f4c000 	C:\WINDOWS\SYSTEM32\Wldp.dll
0x00007ffbf3e30000 - 0x00007ffbf3edd000 	C:\WINDOWS\System32\SHCORE.dll
0x00007ffbf3fb0000 - 0x00007ffbf4005000 	C:\WINDOWS\System32\shlwapi.dll
0x00007ffbf3410000 - 0x00007ffbf342f000 	C:\WINDOWS\SYSTEM32\profapi.dll
0x00007ffbd6980000 - 0x00007ffbd699a000 	F:\subject\IDEA 2018_sssam.com\IntelliJ IDEA 2018.2.4\bin\breakgen64.dll
0x00007ffbd3fe0000 - 0x00007ffbd3ffa000 	C:\Program Files\Java\jdk1.8.0_201\jre\bin\net.dll
0x00007ffbe15a0000 - 0x00007ffbe178b000 	C:\WINDOWS\SYSTEM32\urlmon.dll
0x00007ffbe6580000 - 0x00007ffbe6830000 	C:\WINDOWS\SYSTEM32\iertutil.dll
0x00007ffbe1570000 - 0x00007ffbe1598000 	C:\WINDOWS\SYSTEM32\srvcli.dll
0x00007ffbf2a30000 - 0x00007ffbf2a3c000 	C:\WINDOWS\SYSTEM32\netutils.dll
0x00007ffbf2c80000 - 0x00007ffbf2cea000 	C:\WINDOWS\system32\mswsock.dll
0x00007ffbecc90000 - 0x00007ffbecc9d000 	C:\Program Files\Java\jdk1.8.0_201\jre\bin\management.dll
0x00007ffbd3fc0000 - 0x00007ffbd3fd1000 	C:\Program Files\Java\jdk1.8.0_201\jre\bin\nio.dll
0x00007ffbd5c90000 - 0x00007ffbd5ca7000 	C:\WINDOWS\system32\napinsp.dll
0x00007ffbd5c70000 - 0x00007ffbd5c8b000 	C:\WINDOWS\system32\pnrpnsp.dll
0x00007ffbed800000 - 0x00007ffbed815000 	C:\WINDOWS\system32\wshbth.dll
0x00007ffbee220000 - 0x00007ffbee23d000 	C:\WINDOWS\system32\NLAapi.dll
0x00007ffbf2920000 - 0x00007ffbf295b000 	C:\WINDOWS\SYSTEM32\IPHLPAPI.DLL
0x00007ffbf2960000 - 0x00007ffbf2a2c000 	C:\WINDOWS\SYSTEM32\DNSAPI.dll
0x00007ffbf55e0000 - 0x00007ffbf55e8000 	C:\WINDOWS\System32\NSI.dll
0x00007ffbd5b80000 - 0x00007ffbd5b92000 	C:\WINDOWS\System32\winrnr.dll
0x00007ffbea670000 - 0x00007ffbea67a000 	C:\Windows\System32\rasadhlp.dll
0x00007ffbe2000000 - 0x00007ffbe207f000 	C:\WINDOWS\System32\fwpuclnt.dll
0x00007ffbf39f0000 - 0x00007ffbf3a17000 	C:\WINDOWS\System32\bcrypt.dll
0x00007ffbf2e70000 - 0x00007ffbf2e88000 	C:\WINDOWS\SYSTEM32\CRYPTSP.dll
0x00007ffbf2590000 - 0x00007ffbf25c4000 	C:\WINDOWS\system32\rsaenh.dll
0x00007ffbf3390000 - 0x00007ffbf33be000 	C:\WINDOWS\SYSTEM32\USERENV.dll
0x00007ffbf3be0000 - 0x00007ffbf3c63000 	C:\WINDOWS\System32\bcryptprimitives.dll
0x00007ffbf2e90000 - 0x00007ffbf2e9c000 	C:\WINDOWS\SYSTEM32\CRYPTBASE.dll
0x00007ffbe9060000 - 0x00007ffbe9077000 	C:\WINDOWS\SYSTEM32\dhcpcsvc6.DLL
0x00007ffbea1e0000 - 0x00007ffbea1fd000 	C:\WINDOWS\SYSTEM32\dhcpcsvc.DLL
0x00007ffbc7c80000 - 0x00007ffbc7ca4000 	C:\Program Files\Java\jdk1.8.0_201\jre\bin\sunec.dll
0x00007ffb9e200000 - 0x00007ffba103d000 	C:\Users\lenovo\Desktop\人脸识别\Face-recognition-main\ArcSoft_ArcFace_Java_Windows_x64_V3.0\libs\WIN64\libarcsoft_face.dll
0x00007ffbd24c0000 - 0x00007ffbd2566000 	C:\WINDOWS\SYSTEM32\MSVCP120.dll
0x00007ffbd2570000 - 0x00007ffbd265f000 	C:\WINDOWS\SYSTEM32\MSVCR120.dll
0x00007ffbac480000 - 0x00007ffbac4ff000 	C:\Users\lenovo\Desktop\人脸识别\Face-recognition-main\ArcSoft_ArcFace_Java_Windows_x64_V3.0\libs\WIN64\libarcsoft_face_engine.dll
0x00007ffbf44c0000 - 0x00007ffbf4516000 	C:\WINDOWS\System32\WLDAP32.dll
0x00007ffbc7c50000 - 0x00007ffbc7c75000 	C:\Users\lenovo\Desktop\人脸识别\Face-recognition-main\ArcSoft_ArcFace_Java_Windows_x64_V3.0\libs\WIN64\libarcsoft_face_engine_jni.dll
0x00007ffb9e060000 - 0x00007ffb9e1f9000 	C:\Program Files\Java\jdk1.8.0_201\jre\bin\awt.dll
0x00007ffbf3ee0000 - 0x00007ffbf3fad000 	C:\WINDOWS\System32\OLEAUT32.dll
0x00007ffbefb30000 - 0x00007ffbefbc0000 	C:\WINDOWS\SYSTEM32\apphelp.dll
0x00007ffbb0220000 - 0x00007ffbb0251000 	C:\Program Files\Java\jdk1.8.0_201\jre\bin\jpeg.dll
0x00007ffbaf140000 - 0x00007ffbaf17e000 	C:\Program Files\Java\jdk1.8.0_201\jre\bin\lcms.dll
0x00007ffbf1a70000 - 0x00007ffbf1c54000 	C:\WINDOWS\SYSTEM32\dbghelp.dll

VM Arguments:
jvm_args: -XX:TieredStopAtLevel=1 -Xverify:none -Dspring.output.ansi.enabled=always -Dcom.sun.management.jmxremote -Dcom.sun.management.jmxremote.port=61594 -Dcom.sun.management.jmxremote.authenticate=false -Dcom.sun.management.jmxremote.ssl=false -Djava.rmi.server.hostname=localhost -Dspring.liveBeansView.mbeanDomain -Dspring.application.admin.enabled=true -javaagent:F:\subject\IDEA 2018_sssam.com\IntelliJ IDEA 2018.2.4\lib\idea_rt.jar=61595:F:\subject\IDEA 2018_sssam.com\IntelliJ IDEA 2018.2.4\bin -Dfile.encoding=UTF-8 
java_command: com.tangcheng.face_corn.FaceCornApplication
java_class_path (initial): C:\Program Files\Java\jdk1.8.0_201\jre\lib\charsets.jar;C:\Program Files\Java\jdk1.8.0_201\jre\lib\deploy.jar;C:\Program Files\Java\jdk1.8.0_201\jre\lib\ext\access-bridge-64.jar;C:\Program Files\Java\jdk1.8.0_201\jre\lib\ext\cldrdata.jar;C:\Program Files\Java\jdk1.8.0_201\jre\lib\ext\dnsns.jar;C:\Program Files\Java\jdk1.8.0_201\jre\lib\ext\jaccess.jar;C:\Program Files\Java\jdk1.8.0_201\jre\lib\ext\jfxrt.jar;C:\Program Files\Java\jdk1.8.0_201\jre\lib\ext\localedata.jar;C:\Program Files\Java\jdk1.8.0_201\jre\lib\ext\nashorn.jar;C:\Program Files\Java\jdk1.8.0_201\jre\lib\ext\sunec.jar;C:\Program Files\Java\jdk1.8.0_201\jre\lib\ext\sunjce_provider.jar;C:\Program Files\Java\jdk1.8.0_201\jre\lib\ext\sunmscapi.jar;C:\Program Files\Java\jdk1.8.0_201\jre\lib\ext\sunpkcs11.jar;C:\Program Files\Java\jdk1.8.0_201\jre\lib\ext\zipfs.jar;C:\Program Files\Java\jdk1.8.0_201\jre\lib\javaws.jar;C:\Program Files\Java\jdk1.8.0_201\jre\lib\jce.jar;C:\Program Files\Java\jdk1.8.0_201\jre\lib\jfr.jar;C:\Program Files\Java\jdk1.8.0_201\jre\lib\jfxswt.jar;C:\Program Files\Java\jdk1.8.0_201\jre\lib\jsse.jar;C:\Program Files\Java\jdk1.8.0_201\jre\lib\management-agent.jar;C:\Program Files\Java\jdk1.8.0_201\jre\lib\plugin.jar;C:\Program Files\Java\jdk1.8.0_201\jre\lib\resources.jar;C:\Program Files\Java\jdk1.8.0_201\jre\lib\rt.jar;C:\Users\lenovo\Desktop\人脸识别\Face-recognition-main\facesystem\face_corn\target\classes;C:\Users\lenovo\Desktop\人脸识别\Face-recognition-main\facesystem\common\target\classes;F:\subject\JavaWeb\maven-l\com\auth0\java-jwt\3.4.0\java-jwt-3.4.0.jar;F:\subject\JavaWeb\maven-l\commons-codec\commons-codec\1.15\commons-codec-1.15.jar;F:\subject\JavaWeb\maven-l\com\aliyun\oss\aliyun-sdk-oss\3.12.0\aliyun-sdk-oss-3.12.0.jar;F:\subject\JavaWeb\maven-l\org\apache\httpcomponents\httpclient\4.5.13\httpclient-4.5.13.jar;F:\subject\JavaWeb\maven-l\org\apache\httpcomponents\httpcore\4.4.14\httpcore-4.4.14.jar;F:\subject\JavaWeb\maven-l\org\jdom\jdom2\2.
Launcher Type: SUN_STANDARD

Environment Variables:
JAVA_HOME=C:\Program Files\Java\jdk1.8.0_201
CLASSPATH=.;C:\Program Files\Java\jdk1.8.0_201\lib\dt.jar,C:\Program Files\Java\jdk1.8.0_201\lib\tools.jar;F:\subject\JavaWeb\apache-tomcat-8.5.45\lib\servlet-api.jar
PATH=C:\Program Files (x86)\Common Files\Oracle\Java\javapath;C:\WINDOWS\system32;C:\WINDOWS;C:\WINDOWS\System32\Wbem;C:\WINDOWS\System32\WindowsPowerShell\v1.0\;C:\WINDOWS\System32\OpenSSH\;F:\subject\JavaWeb\apache-tomcat-8.5.45\bin;F:\subject\JavaWeb\apache-tomcat-8.5.45\lib;C:\Program Files\NVIDIA Corporation\NVIDIA NvDLISR;F:\subject\JavaWeb\apache-maven-3.3.9\bin;F:\subject\JavaWeb\Gradle\gradle-6.9.1\bin;F:\subject\JavaWeb\nodejs;C:\Program Files\Java\jdk1.8.0_201\bin;C:\Program Files\MySQL\MySQL Server 8.0\bin;F:\subject\JavaWeb\env\MongoDB\bin;C:\Users\lenovo\AppData\Local\Microsoft\WindowsApps;F:\subject\PyCharm\PyCharm Community Edition 2020.3.3\bin;;F:\subject\JavaWeb\Microsoft VS Code\bin;F:\subject\JavaWeb\nodejs\node_global;
USERNAME=lenovo
OS=Windows_NT
PROCESSOR_IDENTIFIER=Intel64 Family 6 Model 158 Stepping 10, GenuineIntel



---------------  S Y S T E M  ---------------

OS: Windows 10.0 , 64 bit Build 19041 (10.0.19041.1202)

CPU:total 8 (initial active 8) (4 cores per cpu, 2 threads per core) family 6 model 158 stepping 10, cmov, cx8, fxsr, mmx, sse, sse2, sse3, ssse3, sse4.1, sse4.2, popcnt, avx, avx2, aes, clmul, erms, 3dnowpref, lzcnt, ht, tsc, tscinvbit, bmi1, bmi2, adx

Memory: 4k page, physical 8306932k(512248k free), swap 18792692k(3447464k free)

vm_info: Java HotSpot(TM) 64-Bit Server VM (25.201-b09) for windows-amd64 JRE (1.8.0_201-b09), built on Dec 15 2018 18:36:39 by "java_re" with MS VC++ 10.0 (VS2010)

time: Wed Oct 27 16:55:28 2021
timezone: 中国标准时间
elapsed time: 133 seconds (0d 0h 2m 13s)

