#
# A fatal error has been detected by the Java Runtime Environment:
#
#  EXCEPTION_ACCESS_VIOLATION (0xc0000005) at pc=0x00007ffe4f61f0b6, pid=20672, tid=0x0000000000004aa0
#
# JRE version: Java(TM) SE Runtime Environment (8.0_201-b09) (build 1.8.0_201-b09)
# Java VM: Java HotSpot(TM) 64-Bit Server VM (25.201-b09 mixed mode windows-amd64 compressed oops)
# Problematic frame:
# C  [libarcsoft_face.dll+0xf0b6]
#
# Failed to write core dump. Minidumps are not enabled by default on client versions of Windows
#
# If you would like to submit a bug report, please visit:
#   http://bugreport.java.com/bugreport/crash.jsp
# The crash happened outside the Java Virtual Machine in native code.
# See problematic frame for where to report the bug.
#

---------------  T H R E A D  ---------------

Current thread (0x000000001f144800):  JavaThread "http-nio-8081-exec-3" daemon [_thread_in_native, id=19104, stack(0x0000000021a80000,0x0000000021c80000)]

siginfo: ExceptionCode=0xc0000005, reading address 0xffffffffffffffff

Registers:
RAX=0x0000000000000000, RBX=0x42fe000042fe03b8, RCX=0x42fe000042fe03b8, RDX=0x0000000000000100
RSP=0x0000000021c7d120, RBP=0x0000000000000000, RSI=0x0000000027815d90, RDI=0x0000000000000011
R8 =0x0000000027861610, R9 =0x0000000000000100, R10=0x000000000000000c, R11=0x0000000000000c00
R12=0x0000000027816fa0, R13=0x0000000000000007, R14=0x00000000000003b8, R15=0x0000000024aaf040
RIP=0x00007ffe4f61f0b6, EFLAGS=0x0000000000010246

Top of Stack: (sp=0x0000000021c7d120)
0x0000000021c7d120:   00000000278405d0 000000002785b5f0
0x0000000021c7d130:   0000000027815d90 0000000000000000
0x0000000021c7d140:   0000000000000040 0000000000000008
0x0000000021c7d150:   0000000000000040 00007ffe4f61b6c0
0x0000000021c7d160:   0000000027811ce0 0000000000000002
0x0000000021c7d170:   0000000000000008 0000000024aaf040
0x0000000021c7d180:   0000000024aaf350 00007ffe4f6188da
0x0000000021c7d190:   0000000027811ce0 0000000000000002
0x0000000021c7d1a0:   0000000027811ce8 0000000000000000
0x0000000021c7d1b0:   00000000ffc00000 00000000ffc00000
0x0000000021c7d1c0:   00000000ffc00000 00000000ffc00000
0x0000000021c7d1d0:   0000000000000000 0000000000000002
0x0000000021c7d1e0:   0000000800000000 0000000100000001
0x0000000021c7d1f0:   000000002267d250 0000000024aaf350
0x0000000021c7d200:   0000000000000007 0000000024aaf040
0x0000000021c7d210:   0000000000000008 0000000027811ce0 

Instructions: (pc=0x00007ffe4f61f0b6)
0x00007ffe4f61f096:   2d 44 8b f7 66 0f 1f 44 00 00 48 8b 1e 49 03 de
0x00007ffe4f61f0a6:   85 ed 74 09 48 8b d3 49 8b cf ff 53 28 48 8b cb
0x00007ffe4f61f0b6:   ff 53 30 ff c7 49 83 c6 38 3b 7e 08 7c dc 33 c0
0x00007ffe4f61f0c6:   48 8b 5c 24 40 48 8b 6c 24 48 48 8b 74 24 50 48 


Register to memory mapping:

RAX=0x0000000000000000 is an unknown value
RBX=0x42fe000042fe03b8 is an unknown value
RCX=0x42fe000042fe03b8 is an unknown value
RDX=0x0000000000000100 is an unknown value
RSP=0x0000000021c7d120 is pointing into the stack for thread: 0x000000001f144800
RBP=0x0000000000000000 is an unknown value
RSI=0x0000000027815d90 is an unknown value
RDI=0x0000000000000011 is an unknown value
R8 =0x0000000027861610 is an unknown value
R9 =0x0000000000000100 is an unknown value
R10=0x000000000000000c is an unknown value
R11=0x0000000000000c00 is an unknown value
R12=0x0000000027816fa0 is an unknown value
R13=0x0000000000000007 is an unknown value
R14=0x00000000000003b8 is an unknown value
R15=0x0000000024aaf040 is an unknown value


Stack: [0x0000000021a80000,0x0000000021c80000],  sp=0x0000000021c7d120,  free space=2036k
Native frames: (J=compiled Java code, j=interpreted, Vv=VM code, C=native code)

Java frames: (J=compiled Java code, j=interpreted, Vv=VM code)
j  com.arcsoft.face.FaceEngine.detectFaces(J[BIIII[Lcom/arcsoft/face/FaceInfo;)I+0
j  com.arcsoft.face.FaceEngine.detectFaces([BIILcom/arcsoft/face/enums/ImageFormat;Lcom/arcsoft/face/enums/DetectModel;Ljava/util/List;)I+107
j  com.arcsoft.face.FaceEngine.detectFaces([BIILcom/arcsoft/face/enums/ImageFormat;Ljava/util/List;)I+11
j  com.tangcheng.face_corn.service.impl.faceServiceImpl.facesearch(Ljava/io/InputStream;Ljava/util/List;)Ljava/lang/String;+45
j  com.tangcheng.face_corn.controller.faceController.facesearch(Ljava/lang/String;Ljava/util/List;)Lresult/Result;+22
j  sun.reflect.GeneratedMethodAccessor63.invoke(Ljava/lang/Object;[Ljava/lang/Object;)Ljava/lang/Object;+48
J 1629 C1 sun.reflect.DelegatingMethodAccessorImpl.invoke(Ljava/lang/Object;[Ljava/lang/Object;)Ljava/lang/Object; (10 bytes) @ 0x00000000035c05a4 [0x00000000035c0560+0x44]
J 1628 C1 java.lang.reflect.Method.invoke(Ljava/lang/Object;[Ljava/lang/Object;)Ljava/lang/Object; (62 bytes) @ 0x00000000035c01d4 [0x00000000035c00e0+0xf4]
j  org.springframework.web.method.support.InvocableHandlerMethod.doInvoke([Ljava/lang/Object;)Ljava/lang/Object;+32
j  org.springframework.web.method.support.InvocableHandlerMethod.invokeForRequest(Lorg/springframework/web/context/request/NativeWebRequest;Lorg/springframework/web/method/support/ModelAndViewContainer;[Ljava/lang/Object;)Ljava/lang/Object;+54
j  org.springframework.web.servlet.mvc.method.annotation.ServletInvocableHandlerMethod.invokeAndHandle(Lorg/springframework/web/context/request/ServletWebRequest;Lorg/springframework/web/method/support/ModelAndViewContainer;[Ljava/lang/Object;)V+4
j  org.springframework.web.servlet.mvc.method.annotation.RequestMappingHandlerAdapter.invokeHandlerMethod(Ljavax/servlet/http/HttpServletRequest;Ljavax/servlet/http/HttpServletResponse;Lorg/springframework/web/method/HandlerMethod;)Lorg/springframework/web/servlet/ModelAndView;+244
j  org.springframework.web.servlet.mvc.method.annotation.RequestMappingHandlerAdapter.handleInternal(Ljavax/servlet/http/HttpServletRequest;Ljavax/servlet/http/HttpServletResponse;Lorg/springframework/web/method/HandlerMethod;)Lorg/springframework/web/servlet/ModelAndView;+81
j  org.springframework.web.servlet.mvc.method.AbstractHandlerMethodAdapter.handle(Ljavax/servlet/http/HttpServletRequest;Ljavax/servlet/http/HttpServletResponse;Ljava/lang/Object;)Lorg/springframework/web/servlet/ModelAndView;+7
j  org.springframework.web.servlet.DispatcherServlet.doDispatch(Ljavax/servlet/http/HttpServletRequest;Ljavax/servlet/http/HttpServletResponse;)V+259
j  org.springframework.web.servlet.DispatcherServlet.doService(Ljavax/servlet/http/HttpServletRequest;Ljavax/servlet/http/HttpServletResponse;)V+241
j  org.springframework.web.servlet.FrameworkServlet.processRequest(Ljavax/servlet/http/HttpServletRequest;Ljavax/servlet/http/HttpServletResponse;)V+71
j  org.springframework.web.servlet.FrameworkServlet.doPost(Ljavax/servlet/http/HttpServletRequest;Ljavax/servlet/http/HttpServletResponse;)V+3
j  javax.servlet.http.HttpServlet.service(Ljavax/servlet/http/HttpServletRequest;Ljavax/servlet/http/HttpServletResponse;)V+149
j  org.springframework.web.servlet.FrameworkServlet.service(Ljavax/servlet/http/HttpServletRequest;Ljavax/servlet/http/HttpServletResponse;)V+33
j  javax.servlet.http.HttpServlet.service(Ljavax/servlet/ServletRequest;Ljavax/servlet/ServletResponse;)V+36
J 5248 C1 org.apache.catalina.core.ApplicationFilterChain.internalDoFilter(Ljavax/servlet/ServletRequest;Ljavax/servlet/ServletResponse;)V (388 bytes) @ 0x0000000003bcadd4 [0x0000000003bcabc0+0x214]
J 5247 C1 org.apache.catalina.core.ApplicationFilterChain.doFilter(Ljavax/servlet/ServletRequest;Ljavax/servlet/ServletResponse;)V (103 bytes) @ 0x0000000003bca454 [0x0000000003bca420+0x34]
j  org.apache.tomcat.websocket.server.WsFilter.doFilter(Ljavax/servlet/ServletRequest;Ljavax/servlet/ServletResponse;Ljavax/servlet/FilterChain;)V+21
J 5248 C1 org.apache.catalina.core.ApplicationFilterChain.internalDoFilter(Ljavax/servlet/ServletRequest;Ljavax/servlet/ServletResponse;)V (388 bytes) @ 0x0000000003bcaff4 [0x0000000003bcabc0+0x434]
J 5247 C1 org.apache.catalina.core.ApplicationFilterChain.doFilter(Ljavax/servlet/ServletRequest;Ljavax/servlet/ServletResponse;)V (103 bytes) @ 0x0000000003bca454 [0x0000000003bca420+0x34]
j  org.springframework.web.filter.RequestContextFilter.doFilterInternal(Ljavax/servlet/http/HttpServletRequest;Ljavax/servlet/http/HttpServletResponse;Ljavax/servlet/FilterChain;)V+21
J 5851 C1 org.springframework.web.filter.OncePerRequestFilter.doFilter(Ljavax/servlet/ServletRequest;Ljavax/servlet/ServletResponse;Ljavax/servlet/FilterChain;)V (175 bytes) @ 0x0000000003ca9194 [0x0000000003ca8e40+0x354]
J 5248 C1 org.apache.catalina.core.ApplicationFilterChain.internalDoFilter(Ljavax/servlet/ServletRequest;Ljavax/servlet/ServletResponse;)V (388 bytes) @ 0x0000000003bcaff4 [0x0000000003bcabc0+0x434]
J 5247 C1 org.apache.catalina.core.ApplicationFilterChain.doFilter(Ljavax/servlet/ServletRequest;Ljavax/servlet/ServletResponse;)V (103 bytes) @ 0x0000000003bca454 [0x0000000003bca420+0x34]
j  org.springframework.web.filter.FormContentFilter.doFilterInternal(Ljavax/servlet/http/HttpServletRequest;Ljavax/servlet/http/HttpServletResponse;Ljavax/servlet/FilterChain;)V+38
J 5851 C1 org.springframework.web.filter.OncePerRequestFilter.doFilter(Ljavax/servlet/ServletRequest;Ljavax/servlet/ServletResponse;Ljavax/servlet/FilterChain;)V (175 bytes) @ 0x0000000003ca9194 [0x0000000003ca8e40+0x354]
J 5248 C1 org.apache.catalina.core.ApplicationFilterChain.internalDoFilter(Ljavax/servlet/ServletRequest;Ljavax/servlet/ServletResponse;)V (388 bytes) @ 0x0000000003bcaff4 [0x0000000003bcabc0+0x434]
J 5247 C1 org.apache.catalina.core.ApplicationFilterChain.doFilter(Ljavax/servlet/ServletRequest;Ljavax/servlet/ServletResponse;)V (103 bytes) @ 0x0000000003bca454 [0x0000000003bca420+0x34]
j  org.springframework.web.filter.CharacterEncodingFilter.doFilterInternal(Ljavax/servlet/http/HttpServletRequest;Ljavax/servlet/http/HttpServletResponse;Ljavax/servlet/FilterChain;)V+53
J 5851 C1 org.springframework.web.filter.OncePerRequestFilter.doFilter(Ljavax/servlet/ServletRequest;Ljavax/servlet/ServletResponse;Ljavax/servlet/FilterChain;)V (175 bytes) @ 0x0000000003ca9194 [0x0000000003ca8e40+0x354]
J 5248 C1 org.apache.catalina.core.ApplicationFilterChain.internalDoFilter(Ljavax/servlet/ServletRequest;Ljavax/servlet/ServletResponse;)V (388 bytes) @ 0x0000000003bcaff4 [0x0000000003bcabc0+0x434]
J 5247 C1 org.apache.catalina.core.ApplicationFilterChain.doFilter(Ljavax/servlet/ServletRequest;Ljavax/servlet/ServletResponse;)V (103 bytes) @ 0x0000000003bca454 [0x0000000003bca420+0x34]
j  org.apache.catalina.core.StandardWrapperValve.invoke(Lorg/apache/catalina/connector/Request;Lorg/apache/catalina/connector/Response;)V+694
j  org.apache.catalina.core.StandardContextValve.invoke(Lorg/apache/catalina/connector/Request;Lorg/apache/catalina/connector/Response;)V+169
j  org.apache.catalina.authenticator.AuthenticatorBase.invoke(Lorg/apache/catalina/connector/Request;Lorg/apache/catalina/connector/Response;)V+260
j  org.apache.catalina.core.StandardHostValve.invoke(Lorg/apache/catalina/connector/Request;Lorg/apache/catalina/connector/Response;)V+128
j  org.apache.catalina.valves.ErrorReportValve.invoke(Lorg/apache/catalina/connector/Request;Lorg/apache/catalina/connector/Response;)V+6
j  org.apache.catalina.core.StandardEngineValve.invoke(Lorg/apache/catalina/connector/Request;Lorg/apache/catalina/connector/Response;)V+59
j  org.apache.catalina.connector.CoyoteAdapter.service(Lorg/apache/coyote/Request;Lorg/apache/coyote/Response;)V+199
j  org.apache.coyote.http11.Http11Processor.service(Lorg/apache/tomcat/util/net/SocketWrapperBase;)Lorg/apache/tomcat/util/net/AbstractEndpoint$Handler$SocketState;+737
j  org.apache.coyote.AbstractProcessorLight.process(Lorg/apache/tomcat/util/net/SocketWrapperBase;Lorg/apache/tomcat/util/net/SocketEvent;)Lorg/apache/tomcat/util/net/AbstractEndpoint$Handler$SocketState;+170
j  org.apache.coyote.AbstractProtocol$ConnectionHandler.process(Lorg/apache/tomcat/util/net/SocketWrapperBase;Lorg/apache/tomcat/util/net/SocketEvent;)Lorg/apache/tomcat/util/net/AbstractEndpoint$Handler$SocketState;+505
j  org.apache.tomcat.util.net.NioEndpoint$SocketProcessor.doRun()V+216
j  org.apache.tomcat.util.net.SocketProcessorBase.run()V+21
j  java.util.concurrent.ThreadPoolExecutor.runWorker(Ljava/util/concurrent/ThreadPoolExecutor$Worker;)V+95
j  java.util.concurrent.ThreadPoolExecutor$Worker.run()V+5
j  org.apache.tomcat.util.threads.TaskThread$WrappingRunnable.run()V+4
j  java.lang.Thread.run()V+11
v  ~StubRoutines::call_stub

---------------  P R O C E S S  ---------------

Java Threads: ( => current thread )
  0x000000001f547800 JavaThread "DiscoveryClient-HeartbeatExecutor-0" daemon [_thread_blocked, id=25440, stack(0x0000000043260000,0x0000000043460000)]
  0x000000001f54a800 JavaThread "DiscoveryClient-CacheRefreshExecutor-0" daemon [_thread_blocked, id=25436, stack(0x0000000043060000,0x0000000043260000)]
  0x000000001f545800 JavaThread "lettuce-eventExecutorLoop-1-8" daemon [_thread_blocked, id=25176, stack(0x0000000042c60000,0x0000000042e60000)]
  0x000000001f549000 JavaThread "lettuce-eventExecutorLoop-1-7" daemon [_thread_blocked, id=25172, stack(0x0000000042a60000,0x0000000042c60000)]
  0x000000001f54a000 JavaThread "lettuce-eventExecutorLoop-1-6" daemon [_thread_blocked, id=25168, stack(0x0000000042860000,0x0000000042a60000)]
  0x000000001f14d800 JavaThread "lettuce-eventExecutorLoop-1-4" daemon [_thread_blocked, id=25164, stack(0x0000000042660000,0x0000000042860000)]
  0x000000001f14e800 JavaThread "lettuce-eventExecutorLoop-1-5" daemon [_thread_blocked, id=25160, stack(0x0000000042460000,0x0000000042660000)]
  0x000000001f14c000 JavaThread "lettuce-eventExecutorLoop-1-3" daemon [_thread_blocked, id=25156, stack(0x0000000042260000,0x0000000042460000)]
  0x000000001f14d000 JavaThread "Java2D Disposer" daemon [_thread_blocked, id=25072, stack(0x0000000041c50000,0x0000000041e50000)]
  0x000000001f14b800 JavaThread "lettuce-eventExecutorLoop-1-2" daemon [_thread_blocked, id=16520, stack(0x0000000041a50000,0x0000000041c50000)]
  0x000000001f144000 JavaThread "lettuce-eventExecutorLoop-1-1" daemon [_thread_blocked, id=11900, stack(0x0000000024890000,0x0000000024a90000)]
  0x000000001f14a800 JavaThread "lettuce-nioEventLoop-4-1" daemon [_thread_in_native, id=16964, stack(0x0000000023380000,0x0000000023580000)]
  0x000000001f147800 JavaThread "DestroyJavaVM" [_thread_blocked, id=24092, stack(0x0000000002e50000,0x0000000003050000)]
  0x000000001f143000 JavaThread "http-nio-8081-Acceptor" daemon [_thread_in_native, id=17956, stack(0x0000000022c80000,0x0000000022e80000)]
  0x000000001f14a000 JavaThread "http-nio-8081-ClientPoller" daemon [_thread_in_native, id=23456, stack(0x0000000022a80000,0x0000000022c80000)]
  0x000000001f146000 JavaThread "http-nio-8081-exec-10" daemon [_thread_blocked, id=12420, stack(0x0000000022880000,0x0000000022a80000)]
  0x000000001f147000 JavaThread "http-nio-8081-exec-9" daemon [_thread_blocked, id=24340, stack(0x0000000022680000,0x0000000022880000)]
  0x000000001f142800 JavaThread "http-nio-8081-exec-8" daemon [_thread_in_native, id=24024, stack(0x0000000022480000,0x0000000022680000)]
  0x000000001f145800 JavaThread "http-nio-8081-exec-7" daemon [_thread_blocked, id=17780, stack(0x0000000022280000,0x0000000022480000)]
  0x000000001f149000 JavaThread "http-nio-8081-exec-6" daemon [_thread_in_native, id=22916, stack(0x0000000022080000,0x0000000022280000)]
  0x000000001f141800 JavaThread "http-nio-8081-exec-5" daemon [_thread_blocked, id=17624, stack(0x0000000021e80000,0x0000000022080000)]
  0x000000001f148800 JavaThread "http-nio-8081-exec-4" daemon [_thread_blocked, id=19696, stack(0x0000000021c80000,0x0000000021e80000)]
=>0x000000001f144800 JavaThread "http-nio-8081-exec-3" daemon [_thread_in_native, id=19104, stack(0x0000000021a80000,0x0000000021c80000)]
  0x000000001f13f800 JavaThread "http-nio-8081-exec-2" daemon [_thread_blocked, id=24012, stack(0x0000000021880000,0x0000000021a80000)]
  0x000000001f140000 JavaThread "http-nio-8081-exec-1" daemon [_thread_blocked, id=24408, stack(0x0000000021680000,0x0000000021880000)]
  0x000000001f141000 JavaThread "http-nio-8081-BlockPoller" daemon [_thread_in_native, id=21584, stack(0x0000000021480000,0x0000000021680000)]
  0x000000001ef49800 JavaThread "DiscoveryClient-InstanceInfoReplicator-0" daemon [_thread_blocked, id=23212, stack(0x0000000021280000,0x0000000021480000)]
  0x000000001ef48800 JavaThread "DiscoveryClient-1" daemon [_thread_blocked, id=18924, stack(0x0000000021080000,0x0000000021280000)]
  0x000000001ef46800 JavaThread "DiscoveryClient-0" daemon [_thread_blocked, id=23752, stack(0x0000000020d80000,0x0000000020f80000)]
  0x000000001ef48000 JavaThread "AsyncResolver-bootstrap-0" daemon [_thread_blocked, id=14440, stack(0x0000000020780000,0x0000000020980000)]
  0x000000001ef47000 JavaThread "spring.cloud.inetutils" daemon [_thread_blocked, id=24280, stack(0x0000000020380000,0x0000000020580000)]
  0x000000001cf82800 JavaThread "lettuce-timer-3-1" daemon [_thread_blocked, id=15656, stack(0x000000001fb80000,0x000000001fd80000)]
  0x000000001cf61800 JavaThread "container-0" [_thread_blocked, id=16396, stack(0x000000001e9b0000,0x000000001ebb0000)]
  0x000000001ced0800 JavaThread "Catalina-utility-2" [_thread_blocked, id=4172, stack(0x000000001e7b0000,0x000000001e9b0000)]
  0x000000001cecf800 JavaThread "Catalina-utility-1" [_thread_blocked, id=12920, stack(0x000000001e5b0000,0x000000001e7b0000)]
  0x000000001b1f9800 JavaThread "Service Thread" daemon [_thread_blocked, id=23364, stack(0x000000001bc10000,0x000000001be10000)]
  0x000000001b19a800 JavaThread "C1 CompilerThread3" daemon [_thread_blocked, id=23888, stack(0x000000001bb10000,0x000000001bc10000)]
  0x000000001b189000 JavaThread "C2 CompilerThread2" daemon [_thread_blocked, id=18288, stack(0x000000001ba10000,0x000000001bb10000)]
  0x000000001b186000 JavaThread "C2 CompilerThread1" daemon [_thread_blocked, id=22796, stack(0x000000001b910000,0x000000001ba10000)]
  0x000000001b17f800 JavaThread "C2 CompilerThread0" daemon [_thread_blocked, id=3200, stack(0x000000001b810000,0x000000001b910000)]
  0x000000001b17e000 JavaThread "Monitor Ctrl-Break" daemon [_thread_in_native, id=17976, stack(0x000000001b610000,0x000000001b810000)]
  0x000000001a0f0800 JavaThread "Attach Listener" daemon [_thread_blocked, id=12224, stack(0x000000001ac10000,0x000000001ae10000)]
  0x000000001a14a800 JavaThread "Signal Dispatcher" daemon [_thread_blocked, id=21628, stack(0x000000001aa10000,0x000000001ac10000)]
  0x00000000182c3800 JavaThread "Finalizer" daemon [_thread_blocked, id=20884, stack(0x000000001a6b0000,0x000000001a8b0000)]
  0x000000001a0d0800 JavaThread "Reference Handler" daemon [_thread_blocked, id=21568, stack(0x000000001a4b0000,0x000000001a6b0000)]

Other Threads:
  0x00000000182b6800 VMThread [stack: 0x0000000019fb0000,0x000000001a0b0000] [id=22748]
  0x000000001b1fa800 WatcherThread [stack: 0x000000001be10000,0x000000001bf10000] [id=21740]

VM state:not at safepoint (normal execution)

VM Mutex/Monitor currently owned by a thread: None

heap address: 0x0000000080000000, size: 2048 MB, Compressed Oops mode: 32-bit
Narrow klass base: 0x0000000000000000, Narrow klass shift: 3
Compressed class space size: 1073741824 Address: 0x0000000100000000

Heap:
 PSYoungGen      total 324096K, used 128520K [0x00000000d5580000, 0x00000000ebb00000, 0x0000000100000000)
  eden space 318976K, 38% used [0x00000000d5580000,0x00000000dce74b60,0x00000000e8d00000)
  from space 5120K, 91% used [0x00000000e9b80000,0x00000000ea00d4c0,0x00000000ea080000)
  to   space 23552K, 0% used [0x00000000ea400000,0x00000000ea400000,0x00000000ebb00000)
 ParOldGen       total 87552K, used 57211K [0x0000000080000000, 0x0000000085580000, 0x00000000d5580000)
  object space 87552K, 65% used [0x0000000080000000,0x00000000837def88,0x0000000085580000)
 Metaspace       used 53701K, capacity 57292K, committed 57472K, reserved 1099776K
  class space    used 7333K, capacity 7970K, committed 8064K, reserved 1048576K

Card table byte_map: [0x0000000012610000,0x0000000012a20000] byte_map_base: 0x0000000012210000

Marking Bits: (ParMarkBitMap*) 0x000000005aa64ce0
 Begin Bits: [0x00000000134d0000, 0x00000000154d0000)
 End Bits:   [0x00000000154d0000, 0x00000000174d0000)

Polling page: 0x0000000000d50000

CodeCache: size=245760Kb used=10865Kb max_used=10865Kb free=234895Kb
 bounds [0x0000000003250000, 0x0000000003cf0000, 0x0000000012250000]
 total_blobs=6515 nmethods=5924 adapters=503
 compilation: enabled

Compilation events (10 events):
Event: 74.970 Thread 0x000000001b19a800 6062       1       org.apache.coyote.http11.filters.VoidInputFilter::end (2 bytes)
Event: 74.970 Thread 0x000000001b19a800 nmethod 6062 0x0000000003ceee10 code [0x0000000003ceef60, 0x0000000003cef070]
Event: 74.970 Thread 0x000000001b19a800 6060       1       org.apache.catalina.core.StandardContext::getResponseCharacterEncoding (5 bytes)
Event: 74.971 Thread 0x000000001b19a800 nmethod 6060 0x0000000003cef0d0 code [0x0000000003cef220, 0x0000000003cef330]
Event: 74.971 Thread 0x000000001b19a800 6063       1       org.apache.tomcat.util.net.SocketWrapperBase::getEndpoint (5 bytes)
Event: 74.971 Thread 0x000000001b19a800 nmethod 6063 0x0000000003cef390 code [0x0000000003cef4e0, 0x0000000003cef5f0]
Event: 75.004 Thread 0x000000001b19a800 6064       1       org.apache.tomcat.util.buf.CharChunk::indexOf (32 bytes)
Event: 75.004 Thread 0x000000001b19a800 nmethod 6064 0x0000000003cef650 code [0x0000000003cef7a0, 0x0000000003cef8f0]
Event: 75.018 Thread 0x000000001b19a800 6065       1       com.arcsoft.face.FaceEngine::checkImageData (114 bytes)
Event: 75.019 Thread 0x000000001b19a800 nmethod 6065 0x0000000003cefa10 code [0x0000000003cefb80, 0x0000000003cefe10]

GC Heap History (10 events):
Event: 3.706 GC heap before
{Heap before GC invocations=9 (full 0):
 PSYoungGen      total 143360K, used 140086K [0x00000000d5580000, 0x00000000dec80000, 0x0000000100000000)
  eden space 132096K, 100% used [0x00000000d5580000,0x00000000dd680000,0x00000000dd680000)
  from space 11264K, 70% used [0x00000000de180000,0x00000000de94db30,0x00000000dec80000)
  to   space 11264K, 0% used [0x00000000dd680000,0x00000000dd680000,0x00000000de180000)
 ParOldGen       total 87552K, used 9722K [0x0000000080000000, 0x0000000085580000, 0x00000000d5580000)
  object space 87552K, 11% used [0x0000000080000000,0x000000008097ea08,0x0000000085580000)
 Metaspace       used 30543K, capacity 32524K, committed 32768K, reserved 1077248K
  class space    used 4178K, capacity 4550K, committed 4608K, reserved 1048576K
Event: 3.717 GC heap after
Heap after GC invocations=9 (full 0):
 PSYoungGen      total 143360K, used 11263K [0x00000000d5580000, 0x00000000e3f00000, 0x0000000100000000)
  eden space 132096K, 0% used [0x00000000d5580000,0x00000000d5580000,0x00000000dd680000)
  from space 11264K, 99% used [0x00000000dd680000,0x00000000de17fec8,0x00000000de180000)
  to   space 13824K, 0% used [0x00000000e3180000,0x00000000e3180000,0x00000000e3f00000)
 ParOldGen       total 87552K, used 12650K [0x0000000080000000, 0x0000000085580000, 0x00000000d5580000)
  object space 87552K, 14% used [0x0000000080000000,0x0000000080c5a880,0x0000000085580000)
 Metaspace       used 30543K, capacity 32524K, committed 32768K, reserved 1077248K
  class space    used 4178K, capacity 4550K, committed 4608K, reserved 1048576K
}
Event: 4.581 GC heap before
{Heap before GC invocations=10 (full 0):
 PSYoungGen      total 143360K, used 143359K [0x00000000d5580000, 0x00000000e3f00000, 0x0000000100000000)
  eden space 132096K, 100% used [0x00000000d5580000,0x00000000dd680000,0x00000000dd680000)
  from space 11264K, 99% used [0x00000000dd680000,0x00000000de17fec8,0x00000000de180000)
  to   space 13824K, 0% used [0x00000000e3180000,0x00000000e3180000,0x00000000e3f00000)
 ParOldGen       total 87552K, used 12650K [0x0000000080000000, 0x0000000085580000, 0x00000000d5580000)
  object space 87552K, 14% used [0x0000000080000000,0x0000000080c5a880,0x0000000085580000)
 Metaspace       used 38208K, capacity 40856K, committed 41088K, reserved 1085440K
  class space    used 5238K, capacity 5724K, committed 5760K, reserved 1048576K
Event: 4.594 GC heap after
Heap after GC invocations=10 (full 0):
 PSYoungGen      total 222208K, used 13823K [0x00000000d5580000, 0x00000000e4500000, 0x0000000100000000)
  eden space 208384K, 0% used [0x00000000d5580000,0x00000000d5580000,0x00000000e2100000)
  from space 13824K, 99% used [0x00000000e3180000,0x00000000e3efffe0,0x00000000e3f00000)
  to   space 16896K, 0% used [0x00000000e2100000,0x00000000e2100000,0x00000000e3180000)
 ParOldGen       total 87552K, used 17046K [0x0000000080000000, 0x0000000085580000, 0x00000000d5580000)
  object space 87552K, 19% used [0x0000000080000000,0x00000000810a5920,0x0000000085580000)
 Metaspace       used 38208K, capacity 40856K, committed 41088K, reserved 1085440K
  class space    used 5238K, capacity 5724K, committed 5760K, reserved 1048576K
}
Event: 20.743 GC heap before
{Heap before GC invocations=11 (full 0):
 PSYoungGen      total 222208K, used 222207K [0x00000000d5580000, 0x00000000e4500000, 0x0000000100000000)
  eden space 208384K, 100% used [0x00000000d5580000,0x00000000e2100000,0x00000000e2100000)
  from space 13824K, 99% used [0x00000000e3180000,0x00000000e3efffe0,0x00000000e3f00000)
  to   space 16896K, 0% used [0x00000000e2100000,0x00000000e2100000,0x00000000e3180000)
 ParOldGen       total 87552K, used 17046K [0x0000000080000000, 0x0000000085580000, 0x00000000d5580000)
  object space 87552K, 19% used [0x0000000080000000,0x00000000810a5920,0x0000000085580000)
 Metaspace       used 53298K, capacity 56866K, committed 57088K, reserved 1097728K
  class space    used 7274K, capacity 7923K, committed 7936K, reserved 1048576K
Event: 20.786 GC heap after
Heap after GC invocations=11 (full 0):
 PSYoungGen      total 225280K, used 16871K [0x00000000d5580000, 0x00000000eca80000, 0x0000000100000000)
  eden space 208384K, 0% used [0x00000000d5580000,0x00000000d5580000,0x00000000e2100000)
  from space 16896K, 99% used [0x00000000e2100000,0x00000000e3179f60,0x00000000e3180000)
  to   space 24064K, 0% used [0x00000000eb300000,0x00000000eb300000,0x00000000eca80000)
 ParOldGen       total 87552K, used 30869K [0x0000000080000000, 0x0000000085580000, 0x00000000d5580000)
  object space 87552K, 35% used [0x0000000080000000,0x0000000081e25720,0x0000000085580000)
 Metaspace       used 53298K, capacity 56866K, committed 57088K, reserved 1097728K
  class space    used 7274K, capacity 7923K, committed 7936K, reserved 1048576K
}
Event: 38.844 GC heap before
{Heap before GC invocations=12 (full 0):
 PSYoungGen      total 225280K, used 225255K [0x00000000d5580000, 0x00000000eca80000, 0x0000000100000000)
  eden space 208384K, 100% used [0x00000000d5580000,0x00000000e2100000,0x00000000e2100000)
  from space 16896K, 99% used [0x00000000e2100000,0x00000000e3179f60,0x00000000e3180000)
  to   space 24064K, 0% used [0x00000000eb300000,0x00000000eb300000,0x00000000eca80000)
 ParOldGen       total 87552K, used 30869K [0x0000000080000000, 0x0000000085580000, 0x00000000d5580000)
  object space 87552K, 35% used [0x0000000080000000,0x0000000081e25720,0x0000000085580000)
 Metaspace       used 53658K, capacity 57228K, committed 57472K, reserved 1099776K
  class space    used 7332K, capacity 7970K, committed 8064K, reserved 1048576K
Event: 38.856 GC heap after
Heap after GC invocations=12 (full 0):
 PSYoungGen      total 356864K, used 12402K [0x00000000d5580000, 0x00000000ec980000, 0x0000000100000000)
  eden space 333824K, 0% used [0x00000000d5580000,0x00000000d5580000,0x00000000e9b80000)
  from space 23040K, 53% used [0x00000000eb300000,0x00000000ebf1caf0,0x00000000ec980000)
  to   space 23552K, 0% used [0x00000000e9b80000,0x00000000e9b80000,0x00000000eb280000)
 ParOldGen       total 87552K, used 48182K [0x0000000080000000, 0x0000000085580000, 0x00000000d5580000)
  object space 87552K, 55% used [0x0000000080000000,0x0000000082f0d8a8,0x0000000085580000)
 Metaspace       used 53658K, capacity 57228K, committed 57472K, reserved 1099776K
  class space    used 7332K, capacity 7970K, committed 8064K, reserved 1048576K
}
Event: 68.213 GC heap before
{Heap before GC invocations=13 (full 0):
 PSYoungGen      total 356864K, used 346226K [0x00000000d5580000, 0x00000000ec980000, 0x0000000100000000)
  eden space 333824K, 100% used [0x00000000d5580000,0x00000000e9b80000,0x00000000e9b80000)
  from space 23040K, 53% used [0x00000000eb300000,0x00000000ebf1caf0,0x00000000ec980000)
  to   space 23552K, 0% used [0x00000000e9b80000,0x00000000e9b80000,0x00000000eb280000)
 ParOldGen       total 87552K, used 48182K [0x0000000080000000, 0x0000000085580000, 0x00000000d5580000)
  object space 87552K, 55% used [0x0000000080000000,0x0000000082f0d8a8,0x0000000085580000)
 Metaspace       used 53681K, capacity 57228K, committed 57472K, reserved 1099776K
  class space    used 7333K, capacity 7970K, committed 8064K, reserved 1048576K
Event: 68.219 GC heap after
Heap after GC invocations=13 (full 0):
 PSYoungGen      total 324096K, used 4661K [0x00000000d5580000, 0x00000000ebb00000, 0x0000000100000000)
  eden space 318976K, 0% used [0x00000000d5580000,0x00000000d5580000,0x00000000e8d00000)
  from space 5120K, 91% used [0x00000000e9b80000,0x00000000ea00d4c0,0x00000000ea080000)
  to   space 23552K, 0% used [0x00000000ea400000,0x00000000ea400000,0x00000000ebb00000)
 ParOldGen       total 87552K, used 57211K [0x0000000080000000, 0x0000000085580000, 0x00000000d5580000)
  object space 87552K, 65% used [0x0000000080000000,0x00000000837def88,0x0000000085580000)
 Metaspace       used 53681K, capacity 57228K, committed 57472K, reserved 1099776K
  class space    used 7333K, capacity 7970K, committed 8064K, reserved 1048576K
}

Deoptimization events (0 events):
No events

Classes redefined (0 events):
No events

Internal exceptions (10 events):
Event: 66.380 Thread 0x000000001f547800 Exception <a 'java/net/SocketTimeoutException': Read timed out> (0x00000000e790f350) thrown at [C:\re\workspace\8-2-build-windows-amd64-cygwin\jdk8u201\12322\hotspot\src\share\vm\prims\jni.cpp, line 735]
Event: 66.380 Thread 0x000000001f54a800 Exception <a 'java/net/SocketTimeoutException': Read timed out> (0x00000000e7a81a80) thrown at [C:\re\workspace\8-2-build-windows-amd64-cygwin\jdk8u201\12322\hotspot\src\share\vm\prims\jni.cpp, line 735]
Event: 68.576 Thread 0x000000001f145800 Exception <a 'java/io/IOException'> (0x00000000d72d8038) thrown at [C:\re\workspace\8-2-build-windows-amd64-cygwin\jdk8u201\12322\hotspot\src\share\vm\prims\jni.cpp, line 709]
Event: 68.576 Thread 0x000000001f144800 Exception <a 'java/io/IOException'> (0x00000000d5df2f90) thrown at [C:\re\workspace\8-2-build-windows-amd64-cygwin\jdk8u201\12322\hotspot\src\share\vm\prims\jni.cpp, line 709]
Event: 68.578 Thread 0x000000001f149000 Exception <a 'java/io/IOException'> (0x00000000d6b5a8f0) thrown at [C:\re\workspace\8-2-build-windows-amd64-cygwin\jdk8u201\12322\hotspot\src\share\vm\prims\jni.cpp, line 709]
Event: 71.369 Thread 0x000000001f141800 Exception <a 'java/io/IOException'> (0x00000000d8950f68) thrown at [C:\re\workspace\8-2-build-windows-amd64-cygwin\jdk8u201\12322\hotspot\src\share\vm\prims\jni.cpp, line 709]
Event: 71.369 Thread 0x000000001f13f800 Exception <a 'java/io/IOException'> (0x00000000d8d98778) thrown at [C:\re\workspace\8-2-build-windows-amd64-cygwin\jdk8u201\12322\hotspot\src\share\vm\prims\jni.cpp, line 709]
Event: 74.966 Thread 0x000000001f147000 Exception <a 'java/io/IOException'> (0x00000000da892150) thrown at [C:\re\workspace\8-2-build-windows-amd64-cygwin\jdk8u201\12322\hotspot\src\share\vm\prims\jni.cpp, line 709]
Event: 74.968 Thread 0x000000001f13f800 Exception <a 'java/io/IOException'> (0x00000000dc0f9ce8) thrown at [C:\re\workspace\8-2-build-windows-amd64-cygwin\jdk8u201\12322\hotspot\src\share\vm\prims\jni.cpp, line 709]
Event: 74.969 Thread 0x000000001f141800 Exception <a 'java/io/IOException'> (0x00000000db6ffe48) thrown at [C:\re\workspace\8-2-build-windows-amd64-cygwin\jdk8u201\12322\hotspot\src\share\vm\prims\jni.cpp, line 709]

Events (10 events):
Event: 68.224 Executing VM operation: RevokeBias
Event: 68.224 Executing VM operation: RevokeBias done
Event: 68.224 Executing VM operation: BulkRevokeBias
Event: 68.225 Executing VM operation: BulkRevokeBias done
Event: 71.397 Executing VM operation: RevokeBias
Event: 71.397 Executing VM operation: RevokeBias done
Event: 73.235 Executing VM operation: RevokeBias
Event: 73.236 Executing VM operation: RevokeBias done
Event: 75.003 Executing VM operation: RevokeBias
Event: 75.003 Executing VM operation: RevokeBias done


Dynamic libraries:
0x00007ff76d310000 - 0x00007ff76d347000 	C:\Program Files\Java\jdk1.8.0_201\bin\java.exe
0x00007ffeaa510000 - 0x00007ffeaa705000 	C:\WINDOWS\SYSTEM32\ntdll.dll
0x00007ffea9080000 - 0x00007ffea913e000 	C:\WINDOWS\System32\KERNEL32.DLL
0x00007ffea8150000 - 0x00007ffea8419000 	C:\WINDOWS\System32\KERNELBASE.dll
0x00007ffea9140000 - 0x00007ffea91ec000 	C:\WINDOWS\System32\ADVAPI32.dll
0x00007ffea9ca0000 - 0x00007ffea9d3e000 	C:\WINDOWS\System32\msvcrt.dll
0x00007ffeaa430000 - 0x00007ffeaa4cb000 	C:\WINDOWS\System32\sechost.dll
0x00007ffea8680000 - 0x00007ffea87aa000 	C:\WINDOWS\System32\RPCRT4.dll
0x00007ffea87d0000 - 0x00007ffea8971000 	C:\WINDOWS\System32\USER32.dll
0x00007ffea7c30000 - 0x00007ffea7c52000 	C:\WINDOWS\System32\win32u.dll
0x00007ffea9c70000 - 0x00007ffea9c9b000 	C:\WINDOWS\System32\GDI32.dll
0x00007ffea7ce0000 - 0x00007ffea7deb000 	C:\WINDOWS\System32\gdi32full.dll
0x00007ffea80b0000 - 0x00007ffea814d000 	C:\WINDOWS\System32\msvcp_win.dll
0x00007ffea7df0000 - 0x00007ffea7ef0000 	C:\WINDOWS\System32\ucrtbase.dll
0x00007ffe991a0000 - 0x00007ffe9943a000 	C:\WINDOWS\WinSxS\amd64_microsoft.windows.common-controls_6595b64144ccf1df_6.0.19041.1110_none_60b5254171f9507e\COMCTL32.dll
0x00007ffea9f80000 - 0x00007ffea9fb0000 	C:\WINDOWS\System32\IMM32.DLL
0x000000005b920000 - 0x000000005b9f1000 	C:\Program Files\Java\jdk1.8.0_201\jre\bin\msvcr100.dll
0x000000005a240000 - 0x000000005aae4000 	C:\Program Files\Java\jdk1.8.0_201\jre\bin\server\jvm.dll
0x00007ffea8f30000 - 0x00007ffea8f38000 	C:\WINDOWS\System32\PSAPI.DLL
0x00007ffe9a750000 - 0x00007ffe9a777000 	C:\WINDOWS\SYSTEM32\WINMM.dll
0x00007ffe9e540000 - 0x00007ffe9e54a000 	C:\WINDOWS\SYSTEM32\VERSION.dll
0x00007ffea2ab0000 - 0x00007ffea2ab9000 	C:\WINDOWS\SYSTEM32\WSOCK32.dll
0x00007ffea9b20000 - 0x00007ffea9b8b000 	C:\WINDOWS\System32\WS2_32.dll
0x00007ffea1420000 - 0x00007ffea142f000 	C:\Program Files\Java\jdk1.8.0_201\jre\bin\verify.dll
0x00007ffe8aef0000 - 0x00007ffe8af19000 	C:\Program Files\Java\jdk1.8.0_201\jre\bin\java.dll
0x00007ffe6e620000 - 0x00007ffe6e643000 	C:\Program Files\Java\jdk1.8.0_201\jre\bin\instrument.dll
0x00007ffe878e0000 - 0x00007ffe878f6000 	C:\Program Files\Java\jdk1.8.0_201\jre\bin\zip.dll
0x00007ffea92a0000 - 0x00007ffea99df000 	C:\WINDOWS\System32\SHELL32.dll
0x00007ffea5970000 - 0x00007ffea6100000 	C:\WINDOWS\SYSTEM32\windows.storage.dll
0x00007ffea8bc0000 - 0x00007ffea8f15000 	C:\WINDOWS\System32\combase.dll
0x00007ffea7680000 - 0x00007ffea76ac000 	C:\WINDOWS\SYSTEM32\Wldp.dll
0x00007ffea91f0000 - 0x00007ffea929d000 	C:\WINDOWS\System32\SHCORE.dll
0x00007ffea9b90000 - 0x00007ffea9be5000 	C:\WINDOWS\System32\shlwapi.dll
0x00007ffea7b70000 - 0x00007ffea7b8f000 	C:\WINDOWS\SYSTEM32\profapi.dll
0x00007ffe860a0000 - 0x00007ffe860ba000 	F:\subject\IDEA 2018_sssam.com\IntelliJ IDEA 2018.2.4\bin\breakgen64.dll
0x00007ffe87850000 - 0x00007ffe8786a000 	C:\Program Files\Java\jdk1.8.0_201\jre\bin\net.dll
0x00007ffe95f00000 - 0x00007ffe960eb000 	C:\WINDOWS\SYSTEM32\urlmon.dll
0x00007ffe9ade0000 - 0x00007ffe9b090000 	C:\WINDOWS\SYSTEM32\iertutil.dll
0x00007ffe95ed0000 - 0x00007ffe95ef8000 	C:\WINDOWS\SYSTEM32\srvcli.dll
0x00007ffea70c0000 - 0x00007ffea70cc000 	C:\WINDOWS\SYSTEM32\netutils.dll
0x00007ffea73e0000 - 0x00007ffea744a000 	C:\WINDOWS\system32\mswsock.dll
0x00007ffea7080000 - 0x00007ffea70bb000 	C:\WINDOWS\SYSTEM32\IPHLPAPI.DLL
0x00007ffea8f20000 - 0x00007ffea8f28000 	C:\WINDOWS\System32\NSI.dll
0x00007ffe9dec0000 - 0x00007ffe9ded7000 	C:\WINDOWS\SYSTEM32\dhcpcsvc6.DLL
0x00007ffe9e1d0000 - 0x00007ffe9e1ed000 	C:\WINDOWS\SYSTEM32\dhcpcsvc.DLL
0x00007ffea70d0000 - 0x00007ffea719c000 	C:\WINDOWS\SYSTEM32\DNSAPI.dll
0x00007ffe9ee50000 - 0x00007ffe9ee5a000 	C:\Windows\System32\rasadhlp.dll
0x00007ffe96290000 - 0x00007ffe9630f000 	C:\WINDOWS\System32\fwpuclnt.dll
0x00007ffea7cb0000 - 0x00007ffea7cd7000 	C:\WINDOWS\System32\bcrypt.dll
0x00007ffe975c0000 - 0x00007ffe975cd000 	C:\Program Files\Java\jdk1.8.0_201\jre\bin\management.dll
0x00007ffe8ab20000 - 0x00007ffe8ab37000 	C:\WINDOWS\system32\napinsp.dll
0x00007ffe8a3c0000 - 0x00007ffe8a3db000 	C:\WINDOWS\system32\pnrpnsp.dll
0x00007ffea1f20000 - 0x00007ffea1f35000 	C:\WINDOWS\system32\wshbth.dll
0x00007ffea2980000 - 0x00007ffea299d000 	C:\WINDOWS\system32\NLAapi.dll
0x00007ffe8ab00000 - 0x00007ffe8ab12000 	C:\WINDOWS\System32\winrnr.dll
0x00007ffe867f0000 - 0x00007ffe86801000 	C:\Program Files\Java\jdk1.8.0_201\jre\bin\nio.dll
0x00007ffea75e0000 - 0x00007ffea75f8000 	C:\WINDOWS\SYSTEM32\CRYPTSP.dll
0x00007ffea6cf0000 - 0x00007ffea6d24000 	C:\WINDOWS\system32\rsaenh.dll
0x00007ffea7af0000 - 0x00007ffea7b1e000 	C:\WINDOWS\SYSTEM32\USERENV.dll
0x00007ffea84d0000 - 0x00007ffea8553000 	C:\WINDOWS\System32\bcryptprimitives.dll
0x00007ffea75d0000 - 0x00007ffea75dc000 	C:\WINDOWS\SYSTEM32\CRYPTBASE.dll
0x00007ffe6e5f0000 - 0x00007ffe6e614000 	C:\Program Files\Java\jdk1.8.0_201\jre\bin\sunec.dll
0x00007ffe4f610000 - 0x00007ffe5244d000 	C:\Users\lenovo\Desktop\Face-recognition-main\ArcSoft_ArcFace_Java_Windows_x64_V3.0\libs\WIN64\libarcsoft_face.dll
0x00007ffe8cc10000 - 0x00007ffe8ccb6000 	C:\WINDOWS\SYSTEM32\MSVCP120.dll
0x00007ffe8cb20000 - 0x00007ffe8cc0f000 	C:\WINDOWS\SYSTEM32\MSVCR120.dll
0x00007ffe609c0000 - 0x00007ffe60a3f000 	C:\Users\lenovo\Desktop\Face-recognition-main\ArcSoft_ArcFace_Java_Windows_x64_V3.0\libs\WIN64\libarcsoft_face_engine.dll
0x00007ffea99f0000 - 0x00007ffea9a46000 	C:\WINDOWS\System32\WLDAP32.dll
0x00007ffe6df00000 - 0x00007ffe6df25000 	C:\Users\lenovo\Desktop\Face-recognition-main\ArcSoft_ArcFace_Java_Windows_x64_V3.0\libs\WIN64\libarcsoft_face_engine_jni.dll
0x00007ffe4ef40000 - 0x00007ffe4f0d9000 	C:\Program Files\Java\jdk1.8.0_201\jre\bin\awt.dll
0x00007ffea9a50000 - 0x00007ffea9b1d000 	C:\WINDOWS\System32\OLEAUT32.dll
0x00007ffea4290000 - 0x00007ffea4320000 	C:\WINDOWS\SYSTEM32\apphelp.dll
0x00007ffe621e0000 - 0x00007ffe62211000 	C:\Program Files\Java\jdk1.8.0_201\jre\bin\jpeg.dll
0x00007ffea61d0000 - 0x00007ffea63b4000 	C:\WINDOWS\SYSTEM32\dbghelp.dll

VM Arguments:
jvm_args: -Xmx2048m -XX:MetaspaceSize=512m -XX:MaxMetaspaceSize=768m -Xss2m -XX:TieredStopAtLevel=1 -Xverify:none -Dspring.output.ansi.enabled=always -javaagent:F:\subject\IDEA 2018_sssam.com\IntelliJ IDEA 2018.2.4\lib\idea_rt.jar=55554:F:\subject\IDEA 2018_sssam.com\IntelliJ IDEA 2018.2.4\bin -Dfile.encoding=UTF-8 
java_command: com.tangcheng.face_corn.FaceCornApplication
java_class_path (initial): C:\Program Files\Java\jdk1.8.0_201\jre\lib\charsets.jar;C:\Program Files\Java\jdk1.8.0_201\jre\lib\deploy.jar;C:\Program Files\Java\jdk1.8.0_201\jre\lib\ext\access-bridge-64.jar;C:\Program Files\Java\jdk1.8.0_201\jre\lib\ext\cldrdata.jar;C:\Program Files\Java\jdk1.8.0_201\jre\lib\ext\dnsns.jar;C:\Program Files\Java\jdk1.8.0_201\jre\lib\ext\jaccess.jar;C:\Program Files\Java\jdk1.8.0_201\jre\lib\ext\jfxrt.jar;C:\Program Files\Java\jdk1.8.0_201\jre\lib\ext\localedata.jar;C:\Program Files\Java\jdk1.8.0_201\jre\lib\ext\nashorn.jar;C:\Program Files\Java\jdk1.8.0_201\jre\lib\ext\sunec.jar;C:\Program Files\Java\jdk1.8.0_201\jre\lib\ext\sunjce_provider.jar;C:\Program Files\Java\jdk1.8.0_201\jre\lib\ext\sunmscapi.jar;C:\Program Files\Java\jdk1.8.0_201\jre\lib\ext\sunpkcs11.jar;C:\Program Files\Java\jdk1.8.0_201\jre\lib\ext\zipfs.jar;C:\Program Files\Java\jdk1.8.0_201\jre\lib\javaws.jar;C:\Program Files\Java\jdk1.8.0_201\jre\lib\jce.jar;C:\Program Files\Java\jdk1.8.0_201\jre\lib\jfr.jar;C:\Program Files\Java\jdk1.8.0_201\jre\lib\jfxswt.jar;C:\Program Files\Java\jdk1.8.0_201\jre\lib\jsse.jar;C:\Program Files\Java\jdk1.8.0_201\jre\lib\management-agent.jar;C:\Program Files\Java\jdk1.8.0_201\jre\lib\plugin.jar;C:\Program Files\Java\jdk1.8.0_201\jre\lib\resources.jar;C:\Program Files\Java\jdk1.8.0_201\jre\lib\rt.jar;C:\Users\lenovo\Desktop\Face-recognition-main\facesystem\face_corn\target\classes;C:\Users\lenovo\Desktop\Face-recognition-main\facesystem\common\target\classes;F:\subject\JavaWeb\maven-l\com\auth0\java-jwt\3.4.0\java-jwt-3.4.0.jar;F:\subject\JavaWeb\maven-l\commons-codec\commons-codec\1.15\commons-codec-1.15.jar;F:\subject\JavaWeb\maven-l\com\aliyun\oss\aliyun-sdk-oss\3.12.0\aliyun-sdk-oss-3.12.0.jar;F:\subject\JavaWeb\maven-l\org\apache\httpcomponents\httpclient\4.5.13\httpclient-4.5.13.jar;F:\subject\JavaWeb\maven-l\org\apache\httpcomponents\httpcore\4.4.14\httpcore-4.4.14.jar;F:\subject\JavaWeb\maven-l\org\jdom\jdom2\2.0.6\jdom2-2.0.6.ja
Launcher Type: SUN_STANDARD

Environment Variables:
JAVA_HOME=C:\Program Files\Java\jdk1.8.0_201
CLASSPATH=.;C:\Program Files\Java\jdk1.8.0_201\lib\dt.jar,C:\Program Files\Java\jdk1.8.0_201\lib\tools.jar;F:\subject\JavaWeb\apache-tomcat-8.5.45\lib\servlet-api.jar
PATH=C:\Program Files (x86)\Common Files\Oracle\Java\javapath;C:\WINDOWS\system32;C:\WINDOWS;C:\WINDOWS\System32\Wbem;C:\WINDOWS\System32\WindowsPowerShell\v1.0\;C:\WINDOWS\System32\OpenSSH\;F:\subject\JavaWeb\apache-tomcat-8.5.45\bin;F:\subject\JavaWeb\apache-tomcat-8.5.45\lib;C:\Program Files\NVIDIA Corporation\NVIDIA NvDLISR;F:\subject\JavaWeb\apache-maven-3.3.9\bin;F:\subject\JavaWeb\Gradle\gradle-6.9.1\bin;F:\subject\JavaWeb\nodejs;C:\Program Files\Java\jdk1.8.0_201\bin;C:\Program Files\MySQL\MySQL Server 8.0\bin;F:\subject\JavaWeb\env\MongoDB\bin;C:\Users\lenovo\AppData\Local\Microsoft\WindowsApps;F:\subject\PyCharm\PyCharm Community Edition 2020.3.3\bin;;F:\subject\JavaWeb\Microsoft VS Code\bin;F:\subject\JavaWeb\nodejs\node_global;
USERNAME=lenovo
OS=Windows_NT
PROCESSOR_IDENTIFIER=Intel64 Family 6 Model 158 Stepping 10, GenuineIntel



---------------  S Y S T E M  ---------------

OS: Windows 10.0 , 64 bit Build 19041 (10.0.19041.1202)

CPU:total 8 (initial active 8) (4 cores per cpu, 2 threads per core) family 6 model 158 stepping 10, cmov, cx8, fxsr, mmx, sse, sse2, sse3, ssse3, sse4.1, sse4.2, popcnt, avx, avx2, aes, clmul, erms, 3dnowpref, lzcnt, ht, tsc, tscinvbit, bmi1, bmi2, adx

Memory: 4k page, physical 8306932k(1178460k free), swap 18792692k(3019108k free)

vm_info: Java HotSpot(TM) 64-Bit Server VM (25.201-b09) for windows-amd64 JRE (1.8.0_201-b09), built on Dec 15 2018 18:36:39 by "java_re" with MS VC++ 10.0 (VS2010)

time: Tue Nov 02 01:36:42 2021
timezone: 中国标准时间
elapsed time: 75 seconds (0d 0h 1m 15s)

