#
# A fatal error has been detected by the Java Runtime Environment:
#
#  EXCEPTION_ACCESS_VIOLATION (0xc0000005) at pc=0x00007ffe4f61f0b6, pid=24268, tid=0x00000000000031a0
#
# JRE version: Java(TM) SE Runtime Environment (8.0_201-b09) (build 1.8.0_201-b09)
# Java VM: Java HotSpot(TM) 64-Bit Server VM (25.201-b09 mixed mode windows-amd64 compressed oops)
# Problematic frame:
# C  [libarcsoft_face.dll+0xf0b6]
#
# Failed to write core dump. Minidumps are not enabled by default on client versions of Windows
#
# If you would like to submit a bug report, please visit:
#   http://bugreport.java.com/bugreport/crash.jsp
# The crash happened outside the Java Virtual Machine in native code.
# See problematic frame for where to report the bug.
#

---------------  T H R E A D  ---------------

Current thread (0x000000001dfae800):  JavaThread "http-nio-8081-exec-4" daemon [_thread_in_native, id=12704, stack(0x0000000021590000,0x0000000021790000)]

siginfo: ExceptionCode=0xc0000005, reading address 0xffffffffffffffff

Registers:
RAX=0x0000000000000000, RBX=0x42d4000042d40118, RCX=0x42d4000042d40118, RDX=0x0000000000000100
RSP=0x000000002178d4e0, RBP=0x0000000000000000, RSI=0x00000000276a6e70, RDI=0x0000000000000005
R8 =0x00000000276e7d90, R9 =0x0000000000000100, R10=0x000000000000000c, R11=0x0000000000000c00
R12=0x00000000276a78e0, R13=0x0000000000000000, R14=0x0000000000000118, R15=0x00000000249a4040
RIP=0x00007ffe4f61f0b6, EFLAGS=0x0000000000010246

Top of Stack: (sp=0x000000002178d4e0)
0x000000002178d4e0:   00000000276c7c20 00000000276e2cf0
0x000000002178d4f0:   00000000276a6e70 0000000000000000
0x000000002178d500:   000000002218d050 000000002769ad80
0x000000002178d510:   0000000000000003 00007ffe4f61b949
0x000000002178d520:   000000002769ad70 0000000000000001
0x000000002178d530:   000000002769ad70 0000000000000003
0x000000002178d540:   0000000000000001 00007ffe4f619092
0x000000002178d550:   0000000000000000 0000000000000001
0x000000002178d560:   0000000000000040 000000002178d600
0x000000002178d570:   00000000ffc00000 000000004183949d
0x000000002178d580:   00000000ffc00000 000000004183949d
0x000000002178d590:   0000000000000000 0000000000000000
0x000000002178d5a0:   000000002218d050 0000000100000000
0x000000002178d5b0:   0000000325ff1940 0000000000000001
0x000000002178d5c0:   00000000249a4160 00000000249a4040
0x000000002178d5d0:   000000002769ad70 4183949dffc00000 

Instructions: (pc=0x00007ffe4f61f0b6)
0x00007ffe4f61f096:   2d 44 8b f7 66 0f 1f 44 00 00 48 8b 1e 49 03 de
0x00007ffe4f61f0a6:   85 ed 74 09 48 8b d3 49 8b cf ff 53 28 48 8b cb
0x00007ffe4f61f0b6:   ff 53 30 ff c7 49 83 c6 38 3b 7e 08 7c dc 33 c0
0x00007ffe4f61f0c6:   48 8b 5c 24 40 48 8b 6c 24 48 48 8b 74 24 50 48 


Register to memory mapping:

RAX=0x0000000000000000 is an unknown value
RBX=0x42d4000042d40118 is an unknown value
RCX=0x42d4000042d40118 is an unknown value
RDX=0x0000000000000100 is an unknown value
RSP=0x000000002178d4e0 is pointing into the stack for thread: 0x000000001dfae800
RBP=0x0000000000000000 is an unknown value
RSI=0x00000000276a6e70 is an unknown value
RDI=0x0000000000000005 is an unknown value
R8 =0x00000000276e7d90 is an unknown value
R9 =0x0000000000000100 is an unknown value
R10=0x000000000000000c is an unknown value
R11=0x0000000000000c00 is an unknown value
R12=0x00000000276a78e0 is an unknown value
R13=0x0000000000000000 is an unknown value
R14=0x0000000000000118 is an unknown value
R15=0x00000000249a4040 is an unknown value


Stack: [0x0000000021590000,0x0000000021790000],  sp=0x000000002178d4e0,  free space=2037k
Native frames: (J=compiled Java code, j=interpreted, Vv=VM code, C=native code)

Java frames: (J=compiled Java code, j=interpreted, Vv=VM code)
j  com.arcsoft.face.FaceEngine.detectFaces(J[BIIII[Lcom/arcsoft/face/FaceInfo;)I+0
j  com.arcsoft.face.FaceEngine.detectFaces([BIILcom/arcsoft/face/enums/ImageFormat;Lcom/arcsoft/face/enums/DetectModel;Ljava/util/List;)I+107
j  com.arcsoft.face.FaceEngine.detectFaces([BIILcom/arcsoft/face/enums/ImageFormat;Ljava/util/List;)I+11
j  com.tangcheng.face_corn.service.impl.faceServiceImpl.facesearch(Ljava/io/InputStream;Ljava/util/List;)Ljava/lang/String;+45
j  com.tangcheng.face_corn.controller.faceController.facesearch(Ljava/lang/String;Ljava/util/List;)Lresult/Result;+22
j  sun.reflect.GeneratedMethodAccessor65.invoke(Ljava/lang/Object;[Ljava/lang/Object;)Ljava/lang/Object;+48
J 1628 C1 sun.reflect.DelegatingMethodAccessorImpl.invoke(Ljava/lang/Object;[Ljava/lang/Object;)Ljava/lang/Object; (10 bytes) @ 0x0000000003081564 [0x0000000003081520+0x44]
J 1627 C1 java.lang.reflect.Method.invoke(Ljava/lang/Object;[Ljava/lang/Object;)Ljava/lang/Object; (62 bytes) @ 0x0000000003081194 [0x00000000030810a0+0xf4]
j  org.springframework.web.method.support.InvocableHandlerMethod.doInvoke([Ljava/lang/Object;)Ljava/lang/Object;+32
j  org.springframework.web.method.support.InvocableHandlerMethod.invokeForRequest(Lorg/springframework/web/context/request/NativeWebRequest;Lorg/springframework/web/method/support/ModelAndViewContainer;[Ljava/lang/Object;)Ljava/lang/Object;+54
j  org.springframework.web.servlet.mvc.method.annotation.ServletInvocableHandlerMethod.invokeAndHandle(Lorg/springframework/web/context/request/ServletWebRequest;Lorg/springframework/web/method/support/ModelAndViewContainer;[Ljava/lang/Object;)V+4
j  org.springframework.web.servlet.mvc.method.annotation.RequestMappingHandlerAdapter.invokeHandlerMethod(Ljavax/servlet/http/HttpServletRequest;Ljavax/servlet/http/HttpServletResponse;Lorg/springframework/web/method/HandlerMethod;)Lorg/springframework/web/servlet/ModelAndView;+244
j  org.springframework.web.servlet.mvc.method.annotation.RequestMappingHandlerAdapter.handleInternal(Ljavax/servlet/http/HttpServletRequest;Ljavax/servlet/http/HttpServletResponse;Lorg/springframework/web/method/HandlerMethod;)Lorg/springframework/web/servlet/ModelAndView;+81
j  org.springframework.web.servlet.mvc.method.AbstractHandlerMethodAdapter.handle(Ljavax/servlet/http/HttpServletRequest;Ljavax/servlet/http/HttpServletResponse;Ljava/lang/Object;)Lorg/springframework/web/servlet/ModelAndView;+7
j  org.springframework.web.servlet.DispatcherServlet.doDispatch(Ljavax/servlet/http/HttpServletRequest;Ljavax/servlet/http/HttpServletResponse;)V+259
j  org.springframework.web.servlet.DispatcherServlet.doService(Ljavax/servlet/http/HttpServletRequest;Ljavax/servlet/http/HttpServletResponse;)V+241
j  org.springframework.web.servlet.FrameworkServlet.processRequest(Ljavax/servlet/http/HttpServletRequest;Ljavax/servlet/http/HttpServletResponse;)V+71
j  org.springframework.web.servlet.FrameworkServlet.doPost(Ljavax/servlet/http/HttpServletRequest;Ljavax/servlet/http/HttpServletResponse;)V+3
j  javax.servlet.http.HttpServlet.service(Ljavax/servlet/http/HttpServletRequest;Ljavax/servlet/http/HttpServletResponse;)V+149
j  org.springframework.web.servlet.FrameworkServlet.service(Ljavax/servlet/http/HttpServletRequest;Ljavax/servlet/http/HttpServletResponse;)V+33
j  javax.servlet.http.HttpServlet.service(Ljavax/servlet/ServletRequest;Ljavax/servlet/ServletResponse;)V+36
J 5517 C1 org.apache.catalina.core.ApplicationFilterChain.internalDoFilter(Ljavax/servlet/ServletRequest;Ljavax/servlet/ServletResponse;)V (388 bytes) @ 0x00000000036fb354 [0x00000000036fb140+0x214]
J 5516 C1 org.apache.catalina.core.ApplicationFilterChain.doFilter(Ljavax/servlet/ServletRequest;Ljavax/servlet/ServletResponse;)V (103 bytes) @ 0x00000000036fad14 [0x00000000036face0+0x34]
j  org.apache.tomcat.websocket.server.WsFilter.doFilter(Ljavax/servlet/ServletRequest;Ljavax/servlet/ServletResponse;Ljavax/servlet/FilterChain;)V+21
J 5517 C1 org.apache.catalina.core.ApplicationFilterChain.internalDoFilter(Ljavax/servlet/ServletRequest;Ljavax/servlet/ServletResponse;)V (388 bytes) @ 0x00000000036fb574 [0x00000000036fb140+0x434]
J 5516 C1 org.apache.catalina.core.ApplicationFilterChain.doFilter(Ljavax/servlet/ServletRequest;Ljavax/servlet/ServletResponse;)V (103 bytes) @ 0x00000000036fad14 [0x00000000036face0+0x34]
j  org.springframework.web.filter.RequestContextFilter.doFilterInternal(Ljavax/servlet/http/HttpServletRequest;Ljavax/servlet/http/HttpServletResponse;Ljavax/servlet/FilterChain;)V+21
J 5810 C1 org.springframework.web.filter.OncePerRequestFilter.doFilter(Ljavax/servlet/ServletRequest;Ljavax/servlet/ServletResponse;Ljavax/servlet/FilterChain;)V (175 bytes) @ 0x00000000037633d4 [0x0000000003763080+0x354]
J 5517 C1 org.apache.catalina.core.ApplicationFilterChain.internalDoFilter(Ljavax/servlet/ServletRequest;Ljavax/servlet/ServletResponse;)V (388 bytes) @ 0x00000000036fb574 [0x00000000036fb140+0x434]
J 5516 C1 org.apache.catalina.core.ApplicationFilterChain.doFilter(Ljavax/servlet/ServletRequest;Ljavax/servlet/ServletResponse;)V (103 bytes) @ 0x00000000036fad14 [0x00000000036face0+0x34]
j  org.springframework.web.filter.FormContentFilter.doFilterInternal(Ljavax/servlet/http/HttpServletRequest;Ljavax/servlet/http/HttpServletResponse;Ljavax/servlet/FilterChain;)V+38
J 5810 C1 org.springframework.web.filter.OncePerRequestFilter.doFilter(Ljavax/servlet/ServletRequest;Ljavax/servlet/ServletResponse;Ljavax/servlet/FilterChain;)V (175 bytes) @ 0x00000000037633d4 [0x0000000003763080+0x354]
J 5517 C1 org.apache.catalina.core.ApplicationFilterChain.internalDoFilter(Ljavax/servlet/ServletRequest;Ljavax/servlet/ServletResponse;)V (388 bytes) @ 0x00000000036fb574 [0x00000000036fb140+0x434]
J 5516 C1 org.apache.catalina.core.ApplicationFilterChain.doFilter(Ljavax/servlet/ServletRequest;Ljavax/servlet/ServletResponse;)V (103 bytes) @ 0x00000000036fad14 [0x00000000036face0+0x34]
j  org.springframework.web.filter.CharacterEncodingFilter.doFilterInternal(Ljavax/servlet/http/HttpServletRequest;Ljavax/servlet/http/HttpServletResponse;Ljavax/servlet/FilterChain;)V+53
J 5810 C1 org.springframework.web.filter.OncePerRequestFilter.doFilter(Ljavax/servlet/ServletRequest;Ljavax/servlet/ServletResponse;Ljavax/servlet/FilterChain;)V (175 bytes) @ 0x00000000037633d4 [0x0000000003763080+0x354]
J 5517 C1 org.apache.catalina.core.ApplicationFilterChain.internalDoFilter(Ljavax/servlet/ServletRequest;Ljavax/servlet/ServletResponse;)V (388 bytes) @ 0x00000000036fb574 [0x00000000036fb140+0x434]
J 5516 C1 org.apache.catalina.core.ApplicationFilterChain.doFilter(Ljavax/servlet/ServletRequest;Ljavax/servlet/ServletResponse;)V (103 bytes) @ 0x00000000036fad14 [0x00000000036face0+0x34]
j  org.apache.catalina.core.StandardWrapperValve.invoke(Lorg/apache/catalina/connector/Request;Lorg/apache/catalina/connector/Response;)V+694
j  org.apache.catalina.core.StandardContextValve.invoke(Lorg/apache/catalina/connector/Request;Lorg/apache/catalina/connector/Response;)V+169
j  org.apache.catalina.authenticator.AuthenticatorBase.invoke(Lorg/apache/catalina/connector/Request;Lorg/apache/catalina/connector/Response;)V+260
j  org.apache.catalina.core.StandardHostValve.invoke(Lorg/apache/catalina/connector/Request;Lorg/apache/catalina/connector/Response;)V+128
j  org.apache.catalina.valves.ErrorReportValve.invoke(Lorg/apache/catalina/connector/Request;Lorg/apache/catalina/connector/Response;)V+6
j  org.apache.catalina.core.StandardEngineValve.invoke(Lorg/apache/catalina/connector/Request;Lorg/apache/catalina/connector/Response;)V+59
j  org.apache.catalina.connector.CoyoteAdapter.service(Lorg/apache/coyote/Request;Lorg/apache/coyote/Response;)V+199
j  org.apache.coyote.http11.Http11Processor.service(Lorg/apache/tomcat/util/net/SocketWrapperBase;)Lorg/apache/tomcat/util/net/AbstractEndpoint$Handler$SocketState;+737
j  org.apache.coyote.AbstractProcessorLight.process(Lorg/apache/tomcat/util/net/SocketWrapperBase;Lorg/apache/tomcat/util/net/SocketEvent;)Lorg/apache/tomcat/util/net/AbstractEndpoint$Handler$SocketState;+170
j  org.apache.coyote.AbstractProtocol$ConnectionHandler.process(Lorg/apache/tomcat/util/net/SocketWrapperBase;Lorg/apache/tomcat/util/net/SocketEvent;)Lorg/apache/tomcat/util/net/AbstractEndpoint$Handler$SocketState;+505
j  org.apache.tomcat.util.net.NioEndpoint$SocketProcessor.doRun()V+216
j  org.apache.tomcat.util.net.SocketProcessorBase.run()V+21
j  java.util.concurrent.ThreadPoolExecutor.runWorker(Ljava/util/concurrent/ThreadPoolExecutor$Worker;)V+95
j  java.util.concurrent.ThreadPoolExecutor$Worker.run()V+5
j  org.apache.tomcat.util.threads.TaskThread$WrappingRunnable.run()V+4
j  java.lang.Thread.run()V+11
v  ~StubRoutines::call_stub

---------------  P R O C E S S  ---------------

Java Threads: ( => current thread )
  0x000000001e767000 JavaThread "lettuce-eventExecutorLoop-1-8" daemon [_thread_blocked, id=18344, stack(0x0000000042d60000,0x0000000042f60000)]
  0x000000001e5b1800 JavaThread "lettuce-eventExecutorLoop-1-7" daemon [_thread_blocked, id=6280, stack(0x0000000042b60000,0x0000000042d60000)]
  0x000000001e5b0800 JavaThread "lettuce-eventExecutorLoop-1-6" daemon [_thread_blocked, id=17832, stack(0x0000000042960000,0x0000000042b60000)]
  0x000000001e5ae000 JavaThread "lettuce-eventExecutorLoop-1-5" daemon [_thread_blocked, id=17936, stack(0x0000000042520000,0x0000000042720000)]
  0x000000001e5ad800 JavaThread "lettuce-eventExecutorLoop-1-4" daemon [_thread_blocked, id=13948, stack(0x0000000042320000,0x0000000042520000)]
  0x000000001e5ac800 JavaThread "lettuce-eventExecutorLoop-1-3" daemon [_thread_blocked, id=23628, stack(0x0000000042120000,0x0000000042320000)]
  0x000000001e5b0000 JavaThread "Java2D Disposer" daemon [_thread_blocked, id=5572, stack(0x0000000041f20000,0x0000000042120000)]
  0x000000001e5af000 JavaThread "idle_connection_reaper" daemon [_thread_blocked, id=17624, stack(0x0000000041b20000,0x0000000041d20000)]
  0x000000001e5ac000 JavaThread "lettuce-eventExecutorLoop-1-2" daemon [_thread_blocked, id=15444, stack(0x0000000041920000,0x0000000041b20000)]
  0x000000001e5ab000 JavaThread "lettuce-eventExecutorLoop-1-1" daemon [_thread_blocked, id=18016, stack(0x00000000246a0000,0x00000000248a0000)]
  0x000000001e5b2000 JavaThread "lettuce-nioEventLoop-4-1" daemon [_thread_in_native, id=23456, stack(0x0000000023190000,0x0000000023390000)]
  0x000000001e5a3800 JavaThread "DiscoveryClient-CacheRefreshExecutor-0" daemon [_thread_blocked, id=15928, stack(0x0000000022d90000,0x0000000022f90000)]
  0x000000001e5aa800 JavaThread "DiscoveryClient-HeartbeatExecutor-0" daemon [_thread_blocked, id=14512, stack(0x0000000022b90000,0x0000000022d90000)]
  0x000000001e5a3000 JavaThread "DestroyJavaVM" [_thread_blocked, id=24256, stack(0x0000000002960000,0x0000000002b60000)]
  0x000000001e5a9000 JavaThread "http-nio-8081-Acceptor" daemon [_thread_in_native, id=17304, stack(0x0000000022590000,0x0000000022790000)]
  0x000000001e5a9800 JavaThread "http-nio-8081-ClientPoller" daemon [_thread_in_native, id=23888, stack(0x0000000022390000,0x0000000022590000)]
  0x000000001e5a6800 JavaThread "http-nio-8081-exec-10" daemon [_thread_blocked, id=23508, stack(0x0000000022190000,0x0000000022390000)]
  0x000000001e5a7800 JavaThread "http-nio-8081-exec-9" daemon [_thread_in_native, id=13424, stack(0x0000000021f90000,0x0000000022190000)]
  0x000000001e5a6000 JavaThread "http-nio-8081-exec-8" daemon [_thread_blocked, id=23636, stack(0x0000000021d90000,0x0000000021f90000)]
  0x000000001e5a5000 JavaThread "http-nio-8081-exec-7" daemon [_thread_blocked, id=21568, stack(0x0000000021b90000,0x0000000021d90000)]
  0x000000001e5a8000 JavaThread "http-nio-8081-exec-6" daemon [_thread_blocked, id=24180, stack(0x0000000021990000,0x0000000021b90000)]
  0x000000001e5a4800 JavaThread "http-nio-8081-exec-5" daemon [_thread_in_native, id=20652, stack(0x0000000021790000,0x0000000021990000)]
=>0x000000001dfae800 JavaThread "http-nio-8081-exec-4" daemon [_thread_in_native, id=12704, stack(0x0000000021590000,0x0000000021790000)]
  0x000000001dfb5000 JavaThread "http-nio-8081-exec-3" daemon [_thread_blocked, id=24072, stack(0x0000000021390000,0x0000000021590000)]
  0x000000001dfb4800 JavaThread "http-nio-8081-exec-2" daemon [_thread_blocked, id=17468, stack(0x0000000021190000,0x0000000021390000)]
  0x000000001dfb1800 JavaThread "http-nio-8081-exec-1" daemon [_thread_blocked, id=14112, stack(0x0000000020f90000,0x0000000021190000)]
  0x000000001dfb3000 JavaThread "http-nio-8081-BlockPoller" daemon [_thread_in_native, id=23780, stack(0x0000000020d90000,0x0000000020f90000)]
  0x000000001dfb2000 JavaThread "DiscoveryClient-InstanceInfoReplicator-0" daemon [_thread_blocked, id=5604, stack(0x0000000020b90000,0x0000000020d90000)]
  0x000000001dfb0000 JavaThread "DiscoveryClient-1" daemon [_thread_blocked, id=15916, stack(0x0000000020990000,0x0000000020b90000)]
  0x000000001dfaf000 JavaThread "DiscoveryClient-0" daemon [_thread_blocked, id=14976, stack(0x0000000020690000,0x0000000020890000)]
  0x000000001dfb3800 JavaThread "AsyncResolver-bootstrap-0" daemon [_thread_blocked, id=23556, stack(0x0000000020090000,0x0000000020290000)]
  0x000000001dfb0800 JavaThread "spring.cloud.inetutils" daemon [_thread_blocked, id=22104, stack(0x000000001fc90000,0x000000001fe90000)]
  0x000000001abfc000 JavaThread "lettuce-timer-3-1" daemon [_thread_blocked, id=22568, stack(0x000000001f490000,0x000000001f690000)]
  0x000000001c8ba000 JavaThread "container-0" [_thread_blocked, id=20932, stack(0x000000001f090000,0x000000001f290000)]
  0x000000001dcd1800 JavaThread "Catalina-utility-2" [_thread_blocked, id=20660, stack(0x000000001ee90000,0x000000001f090000)]
  0x000000001dcc8800 JavaThread "Catalina-utility-1" [_thread_blocked, id=17972, stack(0x000000001ec90000,0x000000001ee90000)]
  0x000000001ab5a800 JavaThread "Service Thread" daemon [_thread_blocked, id=23644, stack(0x000000001b540000,0x000000001b740000)]
  0x000000001aac5000 JavaThread "C1 CompilerThread3" daemon [_thread_blocked, id=23820, stack(0x000000001b440000,0x000000001b540000)]
  0x000000001aac3000 JavaThread "C2 CompilerThread2" daemon [_thread_blocked, id=21160, stack(0x000000001b340000,0x000000001b440000)]
  0x000000001aab8800 JavaThread "C2 CompilerThread1" daemon [_thread_blocked, id=24056, stack(0x000000001b240000,0x000000001b340000)]
  0x000000001aaaf800 JavaThread "C2 CompilerThread0" daemon [_thread_blocked, id=22468, stack(0x000000001b140000,0x000000001b240000)]
  0x000000001aaae000 JavaThread "Monitor Ctrl-Break" daemon [_thread_in_native, id=12024, stack(0x000000001af40000,0x000000001b140000)]
  0x0000000019bdc800 JavaThread "Attach Listener" daemon [_thread_blocked, id=21116, stack(0x000000001a540000,0x000000001a740000)]
  0x0000000019b81800 JavaThread "Signal Dispatcher" daemon [_thread_blocked, id=23064, stack(0x000000001a340000,0x000000001a540000)]
  0x0000000019b60800 JavaThread "Finalizer" daemon [_thread_blocked, id=22684, stack(0x000000001a140000,0x000000001a340000)]
  0x0000000017d7f800 JavaThread "Reference Handler" daemon [_thread_blocked, id=22556, stack(0x0000000019f40000,0x000000001a140000)]

Other Threads:
  0x0000000017d77800 VMThread [stack: 0x0000000019a40000,0x0000000019b40000] [id=24376]
  0x000000001ab64000 WatcherThread [stack: 0x000000001b740000,0x000000001b840000] [id=19604]

VM state:not at safepoint (normal execution)

VM Mutex/Monitor currently owned by a thread: None

heap address: 0x0000000080000000, size: 2048 MB, Compressed Oops mode: 32-bit
Narrow klass base: 0x0000000000000000, Narrow klass shift: 3
Compressed class space size: 1073741824 Address: 0x0000000100000000

Heap:
 PSYoungGen      total 231424K, used 118341K [0x00000000d5580000, 0x00000000ef180000, 0x0000000100000000)
  eden space 226816K, 50% used [0x00000000d5580000,0x00000000dc4aa9d8,0x00000000e3300000)
  from space 4608K, 97% used [0x00000000eed00000,0x00000000ef166aa8,0x00000000ef180000)
  to   space 26112K, 0% used [0x00000000ebe80000,0x00000000ebe80000,0x00000000ed800000)
 ParOldGen       total 87552K, used 59633K [0x0000000080000000, 0x0000000085580000, 0x00000000d5580000)
  object space 87552K, 68% used [0x0000000080000000,0x0000000083a3c720,0x0000000085580000)
 Metaspace       used 54707K, capacity 58370K, committed 58624K, reserved 1099776K
  class space    used 7454K, capacity 8111K, committed 8192K, reserved 1048576K

Card table byte_map: [0x00000000120d0000,0x00000000124e0000] byte_map_base: 0x0000000011cd0000

Marking Bits: (ParMarkBitMap*) 0x000000005aa64ce0
 Begin Bits: [0x0000000012f90000, 0x0000000014f90000)
 End Bits:   [0x0000000014f90000, 0x0000000016f90000)

Polling page: 0x0000000000b50000

CodeCache: size=245760Kb used=11172Kb max_used=11172Kb free=234587Kb
 bounds [0x0000000002d10000, 0x0000000003800000, 0x0000000011d10000]
 total_blobs=6677 nmethods=6080 adapters=508
 compilation: enabled

Compilation events (10 events):
Event: 127.208 Thread 0x000000001aac5000 6217       1       org.springframework.web.filter.CharacterEncodingFilter::isForceRequestEncoding (5 bytes)
Event: 127.208 Thread 0x000000001aac5000 nmethod 6217 0x00000000037fa610 code [0x00000000037fa760, 0x00000000037fa870]
Event: 127.209 Thread 0x000000001aac5000 6218       1       sun.nio.fs.WindowsPath::toWindowsPath (32 bytes)
Event: 127.209 Thread 0x000000001aac5000 nmethod 6218 0x00000000037fa8d0 code [0x00000000037faa40, 0x00000000037facb8]
Event: 127.209 Thread 0x000000001aac5000 6219       1       sun.nio.fs.WindowsPath::isAbsolute (26 bytes)
Event: 127.209 Thread 0x000000001aac5000 nmethod 6219 0x00000000037fadd0 code [0x00000000037faf20, 0x00000000037fb070]
Event: 127.210 Thread 0x000000001aac5000 6221       1       java.security.SecureRandom::next (61 bytes)
Event: 127.211 Thread 0x000000001aac5000 nmethod 6221 0x00000000037fb0d0 code [0x00000000037fb240, 0x00000000037fb4a8]
Event: 127.211 Thread 0x000000001aac5000 6220       1       java.util.Stack::<init> (5 bytes)
Event: 127.211 Thread 0x000000001aac5000 nmethod 6220 0x00000000037fb5d0 code [0x00000000037fb720, 0x00000000037fb868]

GC Heap History (10 events):
Event: 5.930 GC heap before
{Heap before GC invocations=8 (full 0):
 PSYoungGen      total 142848K, used 142838K [0x00000000d5580000, 0x00000000e7480000, 0x0000000100000000)
  eden space 130560K, 100% used [0x00000000d5580000,0x00000000dd500000,0x00000000dd500000)
  from space 12288K, 99% used [0x00000000dd500000,0x00000000de0fd918,0x00000000de100000)
  to   space 16384K, 0% used [0x00000000e6480000,0x00000000e6480000,0x00000000e7480000)
 ParOldGen       total 87552K, used 14045K [0x0000000080000000, 0x0000000085580000, 0x00000000d5580000)
  object space 87552K, 16% used [0x0000000080000000,0x0000000080db7528,0x0000000085580000)
 Metaspace       used 34554K, capacity 36836K, committed 36992K, reserved 1081344K
  class space    used 4747K, capacity 5186K, committed 5248K, reserved 1048576K
Event: 5.946 GC heap after
Heap after GC invocations=8 (full 0):
 PSYoungGen      total 275456K, used 15662K [0x00000000d5580000, 0x00000000e7880000, 0x0000000100000000)
  eden space 259072K, 0% used [0x00000000d5580000,0x00000000d5580000,0x00000000e5280000)
  from space 16384K, 95% used [0x00000000e6480000,0x00000000e73cbba8,0x00000000e7480000)
  to   space 18432K, 0% used [0x00000000e5280000,0x00000000e5280000,0x00000000e6480000)
 ParOldGen       total 87552K, used 15185K [0x0000000080000000, 0x0000000085580000, 0x00000000d5580000)
  object space 87552K, 17% used [0x0000000080000000,0x0000000080ed4690,0x0000000085580000)
 Metaspace       used 34554K, capacity 36836K, committed 36992K, reserved 1081344K
  class space    used 4747K, capacity 5186K, committed 5248K, reserved 1048576K
}
Event: 56.077 GC heap before
{Heap before GC invocations=9 (full 0):
 PSYoungGen      total 275456K, used 274734K [0x00000000d5580000, 0x00000000e7880000, 0x0000000100000000)
  eden space 259072K, 100% used [0x00000000d5580000,0x00000000e5280000,0x00000000e5280000)
  from space 16384K, 95% used [0x00000000e6480000,0x00000000e73cbba8,0x00000000e7480000)
  to   space 18432K, 0% used [0x00000000e5280000,0x00000000e5280000,0x00000000e6480000)
 ParOldGen       total 87552K, used 15185K [0x0000000080000000, 0x0000000085580000, 0x00000000d5580000)
  object space 87552K, 17% used [0x0000000080000000,0x0000000080ed4690,0x0000000085580000)
 Metaspace       used 51484K, capacity 54932K, committed 55040K, reserved 1097728K
  class space    used 7032K, capacity 7650K, committed 7680K, reserved 1048576K
Event: 56.096 GC heap after
Heap after GC invocations=9 (full 0):
 PSYoungGen      total 277504K, used 18400K [0x00000000d5580000, 0x00000000f1e80000, 0x0000000100000000)
  eden space 259072K, 0% used [0x00000000d5580000,0x00000000d5580000,0x00000000e5280000)
  from space 18432K, 99% used [0x00000000e5280000,0x00000000e64780e0,0x00000000e6480000)
  to   space 26624K, 0% used [0x00000000f0480000,0x00000000f0480000,0x00000000f1e80000)
 ParOldGen       total 87552K, used 29188K [0x0000000080000000, 0x0000000085580000, 0x00000000d5580000)
  object space 87552K, 33% used [0x0000000080000000,0x0000000081c81118,0x0000000085580000)
 Metaspace       used 51484K, capacity 54932K, committed 55040K, reserved 1097728K
  class space    used 7032K, capacity 7650K, committed 7680K, reserved 1048576K
}
Event: 77.648 GC heap before
{Heap before GC invocations=10 (full 0):
 PSYoungGen      total 277504K, used 277472K [0x00000000d5580000, 0x00000000f1e80000, 0x0000000100000000)
  eden space 259072K, 100% used [0x00000000d5580000,0x00000000e5280000,0x00000000e5280000)
  from space 18432K, 99% used [0x00000000e5280000,0x00000000e64780e0,0x00000000e6480000)
  to   space 26624K, 0% used [0x00000000f0480000,0x00000000f0480000,0x00000000f1e80000)
 ParOldGen       total 87552K, used 29188K [0x0000000080000000, 0x0000000085580000, 0x00000000d5580000)
  object space 87552K, 33% used [0x0000000080000000,0x0000000081c81118,0x0000000085580000)
 Metaspace       used 54430K, capacity 58064K, committed 58240K, reserved 1099776K
  class space    used 7411K, capacity 8038K, committed 8064K, reserved 1048576K
Event: 77.661 GC heap after
Heap after GC invocations=10 (full 0):
 PSYoungGen      total 266240K, used 18257K [0x00000000d5580000, 0x00000000f1680000, 0x0000000100000000)
  eden space 247808K, 0% used [0x00000000d5580000,0x00000000d5580000,0x00000000e4780000)
  from space 18432K, 99% used [0x00000000f0480000,0x00000000f16546a0,0x00000000f1680000)
  to   space 27648K, 0% used [0x00000000ee080000,0x00000000ee080000,0x00000000efb80000)
 ParOldGen       total 87552K, used 35645K [0x0000000080000000, 0x0000000085580000, 0x00000000d5580000)
  object space 87552K, 40% used [0x0000000080000000,0x00000000822cf558,0x0000000085580000)
 Metaspace       used 54430K, capacity 58064K, committed 58240K, reserved 1099776K
  class space    used 7411K, capacity 8038K, committed 8064K, reserved 1048576K
}
Event: 100.902 GC heap before
{Heap before GC invocations=11 (full 0):
 PSYoungGen      total 266240K, used 266065K [0x00000000d5580000, 0x00000000f1680000, 0x0000000100000000)
  eden space 247808K, 100% used [0x00000000d5580000,0x00000000e4780000,0x00000000e4780000)
  from space 18432K, 99% used [0x00000000f0480000,0x00000000f16546a0,0x00000000f1680000)
  to   space 27648K, 0% used [0x00000000ee080000,0x00000000ee080000,0x00000000efb80000)
 ParOldGen       total 87552K, used 35645K [0x0000000080000000, 0x0000000085580000, 0x00000000d5580000)
  object space 87552K, 40% used [0x0000000080000000,0x00000000822cf558,0x0000000085580000)
 Metaspace       used 54679K, capacity 58358K, committed 58624K, reserved 1099776K
  class space    used 7453K, capacity 8109K, committed 8192K, reserved 1048576K
Event: 100.919 GC heap after
Heap after GC invocations=11 (full 0):
 PSYoungGen      total 249856K, used 12373K [0x00000000d5580000, 0x00000000f0500000, 0x0000000100000000)
  eden space 237056K, 0% used [0x00000000d5580000,0x00000000d5580000,0x00000000e3d00000)
  from space 12800K, 96% used [0x00000000ee080000,0x00000000eec95638,0x00000000eed00000)
  to   space 24576K, 0% used [0x00000000eed00000,0x00000000eed00000,0x00000000f0500000)
 ParOldGen       total 87552K, used 50874K [0x0000000080000000, 0x0000000085580000, 0x00000000d5580000)
  object space 87552K, 58% used [0x0000000080000000,0x00000000831aebf0,0x0000000085580000)
 Metaspace       used 54679K, capacity 58358K, committed 58624K, reserved 1099776K
  class space    used 7453K, capacity 8109K, committed 8192K, reserved 1048576K
}
Event: 117.174 GC heap before
{Heap before GC invocations=12 (full 0):
 PSYoungGen      total 249856K, used 249429K [0x00000000d5580000, 0x00000000f0500000, 0x0000000100000000)
  eden space 237056K, 100% used [0x00000000d5580000,0x00000000e3d00000,0x00000000e3d00000)
  from space 12800K, 96% used [0x00000000ee080000,0x00000000eec95638,0x00000000eed00000)
  to   space 24576K, 0% used [0x00000000eed00000,0x00000000eed00000,0x00000000f0500000)
 ParOldGen       total 87552K, used 50874K [0x0000000080000000, 0x0000000085580000, 0x00000000d5580000)
  object space 87552K, 58% used [0x0000000080000000,0x00000000831aebf0,0x0000000085580000)
 Metaspace       used 54704K, capacity 58370K, committed 58624K, reserved 1099776K
  class space    used 7454K, capacity 8111K, committed 8192K, reserved 1048576K
Event: 117.183 GC heap after
Heap after GC invocations=12 (full 0):
 PSYoungGen      total 231424K, used 4506K [0x00000000d5580000, 0x00000000ef180000, 0x0000000100000000)
  eden space 226816K, 0% used [0x00000000d5580000,0x00000000d5580000,0x00000000e3300000)
  from space 4608K, 97% used [0x00000000eed00000,0x00000000ef166aa8,0x00000000ef180000)
  to   space 26112K, 0% used [0x00000000ebe80000,0x00000000ebe80000,0x00000000ed800000)
 ParOldGen       total 87552K, used 59633K [0x0000000080000000, 0x0000000085580000, 0x00000000d5580000)
  object space 87552K, 68% used [0x0000000080000000,0x0000000083a3c720,0x0000000085580000)
 Metaspace       used 54704K, capacity 58370K, committed 58624K, reserved 1099776K
  class space    used 7454K, capacity 8111K, committed 8192K, reserved 1048576K
}

Deoptimization events (0 events):
No events

Classes redefined (0 events):
No events

Internal exceptions (10 events):
Event: 91.912 Thread 0x000000001e5a5000 Exception <a 'java/lang/ArrayIndexOutOfBoundsException'> (0x00000000dc06e870) thrown at [C:\re\workspace\8-2-build-windows-amd64-cygwin\jdk8u201\12322\hotspot\src\share\vm\runtime\sharedRuntime.cpp, line 605]
Event: 95.387 Thread 0x000000001dfb4800 Exception <a 'java/io/IOException'> (0x00000000dd9d1ca8) thrown at [C:\re\workspace\8-2-build-windows-amd64-cygwin\jdk8u201\12322\hotspot\src\share\vm\prims\jni.cpp, line 709]
Event: 95.388 Thread 0x000000001e5a4800 Exception <a 'java/io/IOException'> (0x00000000ddd7c4e8) thrown at [C:\re\workspace\8-2-build-windows-amd64-cygwin\jdk8u201\12322\hotspot\src\share\vm\prims\jni.cpp, line 709]
Event: 97.468 Thread 0x000000001e5a8000 Exception <a 'java/io/IOException'> (0x00000000e0492228) thrown at [C:\re\workspace\8-2-build-windows-amd64-cygwin\jdk8u201\12322\hotspot\src\share\vm\prims\jni.cpp, line 709]
Event: 98.636 Thread 0x000000001e5a3800 Exception <a 'java/net/SocketTimeoutException': Read timed out> (0x00000000e105a758) thrown at [C:\re\workspace\8-2-build-windows-amd64-cygwin\jdk8u201\12322\hotspot\src\share\vm\prims\jni.cpp, line 735]
Event: 98.652 Thread 0x000000001e5aa800 Exception <a 'java/net/SocketTimeoutException': Read timed out> (0x00000000e10e3f30) thrown at [C:\re\workspace\8-2-build-windows-amd64-cygwin\jdk8u201\12322\hotspot\src\share\vm\prims\jni.cpp, line 735]
Event: 101.559 Thread 0x000000001dfae800 Exception <a 'java/io/IOException'> (0x00000000d66a0de0) thrown at [C:\re\workspace\8-2-build-windows-amd64-cygwin\jdk8u201\12322\hotspot\src\share\vm\prims\jni.cpp, line 709]
Event: 109.007 Thread 0x000000001e5a4800 Exception <a 'java/io/IOException'> (0x00000000dd3b74e8) thrown at [C:\re\workspace\8-2-build-windows-amd64-cygwin\jdk8u201\12322\hotspot\src\share\vm\prims\jni.cpp, line 709]
Event: 111.626 Thread 0x000000001e5a6000 Exception <a 'java/io/IOException'> (0x00000000e0384aa0) thrown at [C:\re\workspace\8-2-build-windows-amd64-cygwin\jdk8u201\12322\hotspot\src\share\vm\prims\jni.cpp, line 709]
Event: 117.496 Thread 0x000000001e5a4800 Exception <a 'java/io/IOException'> (0x00000000d58c7700) thrown at [C:\re\workspace\8-2-build-windows-amd64-cygwin\jdk8u201\12322\hotspot\src\share\vm\prims\jni.cpp, line 709]

Events (10 events):
Event: 125.834 Executing VM operation: RevokeBias
Event: 125.834 Executing VM operation: RevokeBias done
Event: 125.834 Executing VM operation: RevokeBias
Event: 125.834 Executing VM operation: RevokeBias done
Event: 125.834 Executing VM operation: RevokeBias
Event: 125.835 Executing VM operation: RevokeBias done
Event: 126.680 Executing VM operation: RevokeBias
Event: 126.680 Executing VM operation: RevokeBias done
Event: 127.204 Executing VM operation: RevokeBias
Event: 127.204 Executing VM operation: RevokeBias done


Dynamic libraries:
0x00007ff76d310000 - 0x00007ff76d347000 	C:\Program Files\Java\jdk1.8.0_201\bin\java.exe
0x00007ffeaa510000 - 0x00007ffeaa705000 	C:\WINDOWS\SYSTEM32\ntdll.dll
0x00007ffea9080000 - 0x00007ffea913e000 	C:\WINDOWS\System32\KERNEL32.DLL
0x00007ffea8150000 - 0x00007ffea8419000 	C:\WINDOWS\System32\KERNELBASE.dll
0x00007ffea9140000 - 0x00007ffea91ec000 	C:\WINDOWS\System32\ADVAPI32.dll
0x00007ffea9ca0000 - 0x00007ffea9d3e000 	C:\WINDOWS\System32\msvcrt.dll
0x00007ffeaa430000 - 0x00007ffeaa4cb000 	C:\WINDOWS\System32\sechost.dll
0x00007ffea8680000 - 0x00007ffea87aa000 	C:\WINDOWS\System32\RPCRT4.dll
0x00007ffea87d0000 - 0x00007ffea8971000 	C:\WINDOWS\System32\USER32.dll
0x00007ffea7c30000 - 0x00007ffea7c52000 	C:\WINDOWS\System32\win32u.dll
0x00007ffea9c70000 - 0x00007ffea9c9b000 	C:\WINDOWS\System32\GDI32.dll
0x00007ffea7ce0000 - 0x00007ffea7deb000 	C:\WINDOWS\System32\gdi32full.dll
0x00007ffea80b0000 - 0x00007ffea814d000 	C:\WINDOWS\System32\msvcp_win.dll
0x00007ffea7df0000 - 0x00007ffea7ef0000 	C:\WINDOWS\System32\ucrtbase.dll
0x00007ffe991a0000 - 0x00007ffe9943a000 	C:\WINDOWS\WinSxS\amd64_microsoft.windows.common-controls_6595b64144ccf1df_6.0.19041.1110_none_60b5254171f9507e\COMCTL32.dll
0x00007ffea9f80000 - 0x00007ffea9fb0000 	C:\WINDOWS\System32\IMM32.DLL
0x000000005b920000 - 0x000000005b9f1000 	C:\Program Files\Java\jdk1.8.0_201\jre\bin\msvcr100.dll
0x000000005a240000 - 0x000000005aae4000 	C:\Program Files\Java\jdk1.8.0_201\jre\bin\server\jvm.dll
0x00007ffea8f30000 - 0x00007ffea8f38000 	C:\WINDOWS\System32\PSAPI.DLL
0x00007ffea2ab0000 - 0x00007ffea2ab9000 	C:\WINDOWS\SYSTEM32\WSOCK32.dll
0x00007ffea9b20000 - 0x00007ffea9b8b000 	C:\WINDOWS\System32\WS2_32.dll
0x00007ffe9a750000 - 0x00007ffe9a777000 	C:\WINDOWS\SYSTEM32\WINMM.dll
0x00007ffe9e540000 - 0x00007ffe9e54a000 	C:\WINDOWS\SYSTEM32\VERSION.dll
0x00007ffea1420000 - 0x00007ffea142f000 	C:\Program Files\Java\jdk1.8.0_201\jre\bin\verify.dll
0x00007ffe8aef0000 - 0x00007ffe8af19000 	C:\Program Files\Java\jdk1.8.0_201\jre\bin\java.dll
0x00007ffe6e620000 - 0x00007ffe6e643000 	C:\Program Files\Java\jdk1.8.0_201\jre\bin\instrument.dll
0x00007ffe878e0000 - 0x00007ffe878f6000 	C:\Program Files\Java\jdk1.8.0_201\jre\bin\zip.dll
0x00007ffea92a0000 - 0x00007ffea99df000 	C:\WINDOWS\System32\SHELL32.dll
0x00007ffea5970000 - 0x00007ffea6100000 	C:\WINDOWS\SYSTEM32\windows.storage.dll
0x00007ffea8bc0000 - 0x00007ffea8f15000 	C:\WINDOWS\System32\combase.dll
0x00007ffea7680000 - 0x00007ffea76ac000 	C:\WINDOWS\SYSTEM32\Wldp.dll
0x00007ffea91f0000 - 0x00007ffea929d000 	C:\WINDOWS\System32\SHCORE.dll
0x00007ffea9b90000 - 0x00007ffea9be5000 	C:\WINDOWS\System32\shlwapi.dll
0x00007ffea7b70000 - 0x00007ffea7b8f000 	C:\WINDOWS\SYSTEM32\profapi.dll
0x00007ffe860a0000 - 0x00007ffe860ba000 	F:\subject\IDEA 2018_sssam.com\IntelliJ IDEA 2018.2.4\bin\breakgen64.dll
0x00007ffe87850000 - 0x00007ffe8786a000 	C:\Program Files\Java\jdk1.8.0_201\jre\bin\net.dll
0x00007ffe95f00000 - 0x00007ffe960eb000 	C:\WINDOWS\SYSTEM32\urlmon.dll
0x00007ffe9ade0000 - 0x00007ffe9b090000 	C:\WINDOWS\SYSTEM32\iertutil.dll
0x00007ffea70c0000 - 0x00007ffea70cc000 	C:\WINDOWS\SYSTEM32\netutils.dll
0x00007ffe95ed0000 - 0x00007ffe95ef8000 	C:\WINDOWS\SYSTEM32\srvcli.dll
0x00007ffea73e0000 - 0x00007ffea744a000 	C:\WINDOWS\system32\mswsock.dll
0x00007ffea7080000 - 0x00007ffea70bb000 	C:\WINDOWS\SYSTEM32\IPHLPAPI.DLL
0x00007ffea8f20000 - 0x00007ffea8f28000 	C:\WINDOWS\System32\NSI.dll
0x00007ffe9dec0000 - 0x00007ffe9ded7000 	C:\WINDOWS\SYSTEM32\dhcpcsvc6.DLL
0x00007ffe9e1d0000 - 0x00007ffe9e1ed000 	C:\WINDOWS\SYSTEM32\dhcpcsvc.DLL
0x00007ffea70d0000 - 0x00007ffea719c000 	C:\WINDOWS\SYSTEM32\DNSAPI.dll
0x00007ffe9ee50000 - 0x00007ffe9ee5a000 	C:\Windows\System32\rasadhlp.dll
0x00007ffe96290000 - 0x00007ffe9630f000 	C:\WINDOWS\System32\fwpuclnt.dll
0x00007ffea7cb0000 - 0x00007ffea7cd7000 	C:\WINDOWS\System32\bcrypt.dll
0x00007ffe975c0000 - 0x00007ffe975cd000 	C:\Program Files\Java\jdk1.8.0_201\jre\bin\management.dll
0x00007ffe8ab20000 - 0x00007ffe8ab37000 	C:\WINDOWS\system32\napinsp.dll
0x00007ffe8a3c0000 - 0x00007ffe8a3db000 	C:\WINDOWS\system32\pnrpnsp.dll
0x00007ffea1f20000 - 0x00007ffea1f35000 	C:\WINDOWS\system32\wshbth.dll
0x00007ffea2980000 - 0x00007ffea299d000 	C:\WINDOWS\system32\NLAapi.dll
0x00007ffe8ab00000 - 0x00007ffe8ab12000 	C:\WINDOWS\System32\winrnr.dll
0x00007ffe867f0000 - 0x00007ffe86801000 	C:\Program Files\Java\jdk1.8.0_201\jre\bin\nio.dll
0x00007ffea75e0000 - 0x00007ffea75f8000 	C:\WINDOWS\SYSTEM32\CRYPTSP.dll
0x00007ffea6cf0000 - 0x00007ffea6d24000 	C:\WINDOWS\system32\rsaenh.dll
0x00007ffea7af0000 - 0x00007ffea7b1e000 	C:\WINDOWS\SYSTEM32\USERENV.dll
0x00007ffea84d0000 - 0x00007ffea8553000 	C:\WINDOWS\System32\bcryptprimitives.dll
0x00007ffea75d0000 - 0x00007ffea75dc000 	C:\WINDOWS\SYSTEM32\CRYPTBASE.dll
0x00007ffe6e5f0000 - 0x00007ffe6e614000 	C:\Program Files\Java\jdk1.8.0_201\jre\bin\sunec.dll
0x00007ffe4f610000 - 0x00007ffe5244d000 	C:\Users\lenovo\Desktop\Face-recognition-main\ArcSoft_ArcFace_Java_Windows_x64_V3.0\libs\WIN64\libarcsoft_face.dll
0x00007ffe8cc10000 - 0x00007ffe8ccb6000 	C:\WINDOWS\SYSTEM32\MSVCP120.dll
0x00007ffe8cb20000 - 0x00007ffe8cc0f000 	C:\WINDOWS\SYSTEM32\MSVCR120.dll
0x00007ffe63780000 - 0x00007ffe637ff000 	C:\Users\lenovo\Desktop\Face-recognition-main\ArcSoft_ArcFace_Java_Windows_x64_V3.0\libs\WIN64\libarcsoft_face_engine.dll
0x00007ffea99f0000 - 0x00007ffea9a46000 	C:\WINDOWS\System32\WLDAP32.dll
0x00007ffe6df00000 - 0x00007ffe6df25000 	C:\Users\lenovo\Desktop\Face-recognition-main\ArcSoft_ArcFace_Java_Windows_x64_V3.0\libs\WIN64\libarcsoft_face_engine_jni.dll
0x00007ffe5e270000 - 0x00007ffe5e409000 	C:\Program Files\Java\jdk1.8.0_201\jre\bin\awt.dll
0x00007ffea9a50000 - 0x00007ffea9b1d000 	C:\WINDOWS\System32\OLEAUT32.dll
0x00007ffea4290000 - 0x00007ffea4320000 	C:\WINDOWS\SYSTEM32\apphelp.dll
0x00007ffe63840000 - 0x00007ffe63871000 	C:\Program Files\Java\jdk1.8.0_201\jre\bin\jpeg.dll
0x00007ffe63740000 - 0x00007ffe6377e000 	C:\Program Files\Java\jdk1.8.0_201\jre\bin\lcms.dll
0x00007ffea61d0000 - 0x00007ffea63b4000 	C:\WINDOWS\SYSTEM32\dbghelp.dll

VM Arguments:
jvm_args: -Xmx2048m -XX:MetaspaceSize=512m -XX:MaxMetaspaceSize=768m -Xss2m -XX:TieredStopAtLevel=1 -Xverify:none -Dspring.output.ansi.enabled=always -javaagent:F:\subject\IDEA 2018_sssam.com\IntelliJ IDEA 2018.2.4\lib\idea_rt.jar=55172:F:\subject\IDEA 2018_sssam.com\IntelliJ IDEA 2018.2.4\bin -Dfile.encoding=UTF-8 
java_command: com.tangcheng.face_corn.FaceCornApplication
java_class_path (initial): C:\Program Files\Java\jdk1.8.0_201\jre\lib\charsets.jar;C:\Program Files\Java\jdk1.8.0_201\jre\lib\deploy.jar;C:\Program Files\Java\jdk1.8.0_201\jre\lib\ext\access-bridge-64.jar;C:\Program Files\Java\jdk1.8.0_201\jre\lib\ext\cldrdata.jar;C:\Program Files\Java\jdk1.8.0_201\jre\lib\ext\dnsns.jar;C:\Program Files\Java\jdk1.8.0_201\jre\lib\ext\jaccess.jar;C:\Program Files\Java\jdk1.8.0_201\jre\lib\ext\jfxrt.jar;C:\Program Files\Java\jdk1.8.0_201\jre\lib\ext\localedata.jar;C:\Program Files\Java\jdk1.8.0_201\jre\lib\ext\nashorn.jar;C:\Program Files\Java\jdk1.8.0_201\jre\lib\ext\sunec.jar;C:\Program Files\Java\jdk1.8.0_201\jre\lib\ext\sunjce_provider.jar;C:\Program Files\Java\jdk1.8.0_201\jre\lib\ext\sunmscapi.jar;C:\Program Files\Java\jdk1.8.0_201\jre\lib\ext\sunpkcs11.jar;C:\Program Files\Java\jdk1.8.0_201\jre\lib\ext\zipfs.jar;C:\Program Files\Java\jdk1.8.0_201\jre\lib\javaws.jar;C:\Program Files\Java\jdk1.8.0_201\jre\lib\jce.jar;C:\Program Files\Java\jdk1.8.0_201\jre\lib\jfr.jar;C:\Program Files\Java\jdk1.8.0_201\jre\lib\jfxswt.jar;C:\Program Files\Java\jdk1.8.0_201\jre\lib\jsse.jar;C:\Program Files\Java\jdk1.8.0_201\jre\lib\management-agent.jar;C:\Program Files\Java\jdk1.8.0_201\jre\lib\plugin.jar;C:\Program Files\Java\jdk1.8.0_201\jre\lib\resources.jar;C:\Program Files\Java\jdk1.8.0_201\jre\lib\rt.jar;C:\Users\lenovo\Desktop\Face-recognition-main\facesystem\face_corn\target\classes;C:\Users\lenovo\Desktop\Face-recognition-main\facesystem\common\target\classes;F:\subject\JavaWeb\maven-l\com\auth0\java-jwt\3.4.0\java-jwt-3.4.0.jar;F:\subject\JavaWeb\maven-l\commons-codec\commons-codec\1.15\commons-codec-1.15.jar;F:\subject\JavaWeb\maven-l\com\aliyun\oss\aliyun-sdk-oss\3.12.0\aliyun-sdk-oss-3.12.0.jar;F:\subject\JavaWeb\maven-l\org\apache\httpcomponents\httpclient\4.5.13\httpclient-4.5.13.jar;F:\subject\JavaWeb\maven-l\org\apache\httpcomponents\httpcore\4.4.14\httpcore-4.4.14.jar;F:\subject\JavaWeb\maven-l\org\jdom\jdom2\2.0.6\jdom2-2.0.6.ja
Launcher Type: SUN_STANDARD

Environment Variables:
JAVA_HOME=C:\Program Files\Java\jdk1.8.0_201
CLASSPATH=.;C:\Program Files\Java\jdk1.8.0_201\lib\dt.jar,C:\Program Files\Java\jdk1.8.0_201\lib\tools.jar;F:\subject\JavaWeb\apache-tomcat-8.5.45\lib\servlet-api.jar
PATH=C:\Program Files (x86)\Common Files\Oracle\Java\javapath;C:\WINDOWS\system32;C:\WINDOWS;C:\WINDOWS\System32\Wbem;C:\WINDOWS\System32\WindowsPowerShell\v1.0\;C:\WINDOWS\System32\OpenSSH\;F:\subject\JavaWeb\apache-tomcat-8.5.45\bin;F:\subject\JavaWeb\apache-tomcat-8.5.45\lib;C:\Program Files\NVIDIA Corporation\NVIDIA NvDLISR;F:\subject\JavaWeb\apache-maven-3.3.9\bin;F:\subject\JavaWeb\Gradle\gradle-6.9.1\bin;F:\subject\JavaWeb\nodejs;C:\Program Files\Java\jdk1.8.0_201\bin;C:\Program Files\MySQL\MySQL Server 8.0\bin;F:\subject\JavaWeb\env\MongoDB\bin;C:\Users\lenovo\AppData\Local\Microsoft\WindowsApps;F:\subject\PyCharm\PyCharm Community Edition 2020.3.3\bin;;F:\subject\JavaWeb\Microsoft VS Code\bin;F:\subject\JavaWeb\nodejs\node_global;
USERNAME=lenovo
OS=Windows_NT
PROCESSOR_IDENTIFIER=Intel64 Family 6 Model 158 Stepping 10, GenuineIntel



---------------  S Y S T E M  ---------------

OS: Windows 10.0 , 64 bit Build 19041 (10.0.19041.1202)

CPU:total 8 (initial active 8) (4 cores per cpu, 2 threads per core) family 6 model 158 stepping 10, cmov, cx8, fxsr, mmx, sse, sse2, sse3, ssse3, sse4.1, sse4.2, popcnt, avx, avx2, aes, clmul, erms, 3dnowpref, lzcnt, ht, tsc, tscinvbit, bmi1, bmi2, adx

Memory: 4k page, physical 8306932k(1081188k free), swap 18792692k(2919520k free)

vm_info: Java HotSpot(TM) 64-Bit Server VM (25.201-b09) for windows-amd64 JRE (1.8.0_201-b09), built on Dec 15 2018 18:36:39 by "java_re" with MS VC++ 10.0 (VS2010)

time: Tue Nov 02 01:30:48 2021
timezone: 中国标准时间
elapsed time: 127 seconds (0d 0h 2m 7s)

