#
# A fatal error has been detected by the Java Runtime Environment:
#
#  EXCEPTION_ACCESS_VIOLATION (0xc0000005) at pc=0x00007ffe4f61e169, pid=9892, tid=0x00000000000024ec
#
# JRE version: Java(TM) SE Runtime Environment (8.0_201-b09) (build 1.8.0_201-b09)
# Java VM: Java HotSpot(TM) 64-Bit Server VM (25.201-b09 mixed mode windows-amd64 compressed oops)
# Problematic frame:
# C  [libarcsoft_face.dll+0xe169]
#
# Failed to write core dump. Minidumps are not enabled by default on client versions of Windows
#
# If you would like to submit a bug report, please visit:
#   http://bugreport.java.com/bugreport/crash.jsp
# The crash happened outside the Java Virtual Machine in native code.
# See problematic frame for where to report the bug.
#

---------------  T H R E A D  ---------------

Current thread (0x000000001f2b4800):  JavaThread "http-nio-8081-exec-10" daemon [_thread_in_native, id=9452, stack(0x00000000228e0000,0x0000000022ae0000)]

siginfo: ExceptionCode=0xc0000005, writing address 0x00000000286fd000

Registers:
RAX=0x0000000000282868, RBX=0x0000000000282868, RCX=0x0000000000000067, RDX=0x0000000000280868
RSP=0x0000000022adc9f0, RBP=0x000000008000a021, RSI=0x0000000000000140, RDI=0x0000000000000028
R8 =0x00000000000000ff, R9 =0x0000000000000000, R10=0x0000000000281868, R11=0x0000000027cf2e60
R12=0x0000000000000040, R13=0x0000000000000040, R14=0x0000000000000000, R15=0x000000001f7963b0
RIP=0x00007ffe4f61e169, EFLAGS=0x0000000000010206

Top of Stack: (sp=0x0000000022adc9f0)
0x0000000022adc9f0:   00000000000000ab 00007ffe4f63ef29
0x0000000022adca00:   000000002666b4e0 0000000000000000
0x0000000022adca10:   0000000000000000 49078db148c4e91c
0x0000000022adca20:   0000000022adcb30 00007ffe4f61c5f2
0x0000000022adca30:   0000000000000000 0000000000000000
0x0000000022adca40:   0000000000000000 0000000000000000
0x0000000022adca50:   000000008000a021 0000000000000067
0x0000000022adca60:   0000000000000081 000000000000008d
0x0000000022adca70:   0000000000000000 0000000000000000
0x0000000022adca80:   0000000000000040 00000000000003c0
0x0000000022adca90:   0000000000000000 0000000000000000
0x0000000022adcaa0:   0000000000000040 0000000022adcbc8
0x0000000022adcab0:   0000000000000000 0000000000000040
0x0000000022adcac0:   0000000000000040 0000000027cf2e60
0x0000000022adcad0:   0000000021add210 00007ffe4f61bf04
0x0000000022adcae0:   0000000000000000 00007ffe000000f0 

Instructions: (pc=0x00007ffe4f61e169)
0x00007ffe4f61e149:   41 0f 11 04 83 8b 44 24 68 41 3b c0 41 0f 4f c0
0x00007ffe4f61e159:   85 c0 41 0f 48 c1 66 0f 6e c0 48 63 c3 0f 5b c0
0x00007ffe4f61e169:   f3 41 0f 11 04 83 48 83 c4 30 5b c3 cc cc cc cc
0x00007ffe4f61e179:   cc cc cc cc cc cc cc 48 8b c4 48 89 58 18 55 56 


Register to memory mapping:

RAX=0x0000000000282868 is an unknown value
RBX=0x0000000000282868 is an unknown value
RCX=0x0000000000000067 is an unknown value
RDX=0x0000000000280868 is an unknown value
RSP=0x0000000022adc9f0 is pointing into the stack for thread: 0x000000001f2b4800
RBP=0x000000008000a021 is pointing into object: 0x0000000080007ba8
[B 
 - klass: {type array byte}
 - length: 9928
RSI=0x0000000000000140 is an unknown value
RDI=0x0000000000000028 is an unknown value
R8 =0x00000000000000ff is an unknown value
R9 =0x0000000000000000 is an unknown value
R10=0x0000000000281868 is an unknown value
R11=0x0000000027cf2e60 is an unknown value
R12=0x0000000000000040 is an unknown value
R13=0x0000000000000040 is an unknown value
R14=0x0000000000000000 is an unknown value
R15=0x000000001f7963b0 is an unknown value


Stack: [0x00000000228e0000,0x0000000022ae0000],  sp=0x0000000022adc9f0,  free space=2034k
Native frames: (J=compiled Java code, j=interpreted, Vv=VM code, C=native code)
C  [libarcsoft_face.dll+0xe169]
C  [libarcsoft_face.dll+0xc5f2]
C  [libarcsoft_face.dll+0xbf04]
C  [libarcsoft_face.dll+0x9049]
C  [libarcsoft_face.dll+0x89bc]
C  [libarcsoft_face.dll+0x7d0a]
C  [libarcsoft_face.dll+0x3c88]
C  [libarcsoft_face_engine.dll+0x58ca]
C  [libarcsoft_face_engine_jni.dll+0x18f6]
C  0x0000000003418c67

Java frames: (J=compiled Java code, j=interpreted, Vv=VM code)
j  com.arcsoft.face.FaceEngine.detectFaces(J[BIIII[Lcom/arcsoft/face/FaceInfo;)I+0
j  com.arcsoft.face.FaceEngine.detectFaces([BIILcom/arcsoft/face/enums/ImageFormat;Lcom/arcsoft/face/enums/DetectModel;Ljava/util/List;)I+107
j  com.arcsoft.face.FaceEngine.detectFaces([BIILcom/arcsoft/face/enums/ImageFormat;Ljava/util/List;)I+11
j  com.tangcheng.face_corn.service.impl.faceServiceImpl.facesearch(Ljava/io/InputStream;Ljava/util/List;)Ljava/lang/String;+45
j  com.tangcheng.face_corn.controller.faceController.facesearch(Ljava/lang/String;Ljava/util/List;)Lresult/Result;+22
j  sun.reflect.GeneratedMethodAccessor63.invoke(Ljava/lang/Object;[Ljava/lang/Object;)Ljava/lang/Object;+48
J 1634 C1 sun.reflect.DelegatingMethodAccessorImpl.invoke(Ljava/lang/Object;[Ljava/lang/Object;)Ljava/lang/Object; (10 bytes) @ 0x0000000003774aa4 [0x0000000003774a60+0x44]
J 1633 C1 java.lang.reflect.Method.invoke(Ljava/lang/Object;[Ljava/lang/Object;)Ljava/lang/Object; (62 bytes) @ 0x00000000037746d4 [0x00000000037745e0+0xf4]
j  org.springframework.web.method.support.InvocableHandlerMethod.doInvoke([Ljava/lang/Object;)Ljava/lang/Object;+32
j  org.springframework.web.method.support.InvocableHandlerMethod.invokeForRequest(Lorg/springframework/web/context/request/NativeWebRequest;Lorg/springframework/web/method/support/ModelAndViewContainer;[Ljava/lang/Object;)Ljava/lang/Object;+54
j  org.springframework.web.servlet.mvc.method.annotation.ServletInvocableHandlerMethod.invokeAndHandle(Lorg/springframework/web/context/request/ServletWebRequest;Lorg/springframework/web/method/support/ModelAndViewContainer;[Ljava/lang/Object;)V+4
j  org.springframework.web.servlet.mvc.method.annotation.RequestMappingHandlerAdapter.invokeHandlerMethod(Ljavax/servlet/http/HttpServletRequest;Ljavax/servlet/http/HttpServletResponse;Lorg/springframework/web/method/HandlerMethod;)Lorg/springframework/web/servlet/ModelAndView;+244
j  org.springframework.web.servlet.mvc.method.annotation.RequestMappingHandlerAdapter.handleInternal(Ljavax/servlet/http/HttpServletRequest;Ljavax/servlet/http/HttpServletResponse;Lorg/springframework/web/method/HandlerMethod;)Lorg/springframework/web/servlet/ModelAndView;+81
j  org.springframework.web.servlet.mvc.method.AbstractHandlerMethodAdapter.handle(Ljavax/servlet/http/HttpServletRequest;Ljavax/servlet/http/HttpServletResponse;Ljava/lang/Object;)Lorg/springframework/web/servlet/ModelAndView;+7
j  org.springframework.web.servlet.DispatcherServlet.doDispatch(Ljavax/servlet/http/HttpServletRequest;Ljavax/servlet/http/HttpServletResponse;)V+259
j  org.springframework.web.servlet.DispatcherServlet.doService(Ljavax/servlet/http/HttpServletRequest;Ljavax/servlet/http/HttpServletResponse;)V+241
j  org.springframework.web.servlet.FrameworkServlet.processRequest(Ljavax/servlet/http/HttpServletRequest;Ljavax/servlet/http/HttpServletResponse;)V+71
j  org.springframework.web.servlet.FrameworkServlet.doPost(Ljavax/servlet/http/HttpServletRequest;Ljavax/servlet/http/HttpServletResponse;)V+3
j  javax.servlet.http.HttpServlet.service(Ljavax/servlet/http/HttpServletRequest;Ljavax/servlet/http/HttpServletResponse;)V+149
j  org.springframework.web.servlet.FrameworkServlet.service(Ljavax/servlet/http/HttpServletRequest;Ljavax/servlet/http/HttpServletResponse;)V+33
j  javax.servlet.http.HttpServlet.service(Ljavax/servlet/ServletRequest;Ljavax/servlet/ServletResponse;)V+36
j  org.apache.catalina.core.ApplicationFilterChain.internalDoFilter(Ljavax/servlet/ServletRequest;Ljavax/servlet/ServletResponse;)V+304
j  org.apache.catalina.core.ApplicationFilterChain.doFilter(Ljavax/servlet/ServletRequest;Ljavax/servlet/ServletResponse;)V+99
j  org.apache.tomcat.websocket.server.WsFilter.doFilter(Ljavax/servlet/ServletRequest;Ljavax/servlet/ServletResponse;Ljavax/servlet/FilterChain;)V+21
j  org.apache.catalina.core.ApplicationFilterChain.internalDoFilter(Ljavax/servlet/ServletRequest;Ljavax/servlet/ServletResponse;)V+135
j  org.apache.catalina.core.ApplicationFilterChain.doFilter(Ljavax/servlet/ServletRequest;Ljavax/servlet/ServletResponse;)V+99
j  org.springframework.web.filter.RequestContextFilter.doFilterInternal(Ljavax/servlet/http/HttpServletRequest;Ljavax/servlet/http/HttpServletResponse;Ljavax/servlet/FilterChain;)V+21
j  org.springframework.web.filter.OncePerRequestFilter.doFilter(Ljavax/servlet/ServletRequest;Ljavax/servlet/ServletResponse;Ljavax/servlet/FilterChain;)V+147
j  org.apache.catalina.core.ApplicationFilterChain.internalDoFilter(Ljavax/servlet/ServletRequest;Ljavax/servlet/ServletResponse;)V+135
j  org.apache.catalina.core.ApplicationFilterChain.doFilter(Ljavax/servlet/ServletRequest;Ljavax/servlet/ServletResponse;)V+99
j  org.springframework.web.filter.FormContentFilter.doFilterInternal(Ljavax/servlet/http/HttpServletRequest;Ljavax/servlet/http/HttpServletResponse;Ljavax/servlet/FilterChain;)V+38
j  org.springframework.web.filter.OncePerRequestFilter.doFilter(Ljavax/servlet/ServletRequest;Ljavax/servlet/ServletResponse;Ljavax/servlet/FilterChain;)V+147
j  org.apache.catalina.core.ApplicationFilterChain.internalDoFilter(Ljavax/servlet/ServletRequest;Ljavax/servlet/ServletResponse;)V+135
j  org.apache.catalina.core.ApplicationFilterChain.doFilter(Ljavax/servlet/ServletRequest;Ljavax/servlet/ServletResponse;)V+99
j  org.springframework.web.filter.CharacterEncodingFilter.doFilterInternal(Ljavax/servlet/http/HttpServletRequest;Ljavax/servlet/http/HttpServletResponse;Ljavax/servlet/FilterChain;)V+53
j  org.springframework.web.filter.OncePerRequestFilter.doFilter(Ljavax/servlet/ServletRequest;Ljavax/servlet/ServletResponse;Ljavax/servlet/FilterChain;)V+147
j  org.apache.catalina.core.ApplicationFilterChain.internalDoFilter(Ljavax/servlet/ServletRequest;Ljavax/servlet/ServletResponse;)V+135
j  org.apache.catalina.core.ApplicationFilterChain.doFilter(Ljavax/servlet/ServletRequest;Ljavax/servlet/ServletResponse;)V+99
j  org.apache.catalina.core.StandardWrapperValve.invoke(Lorg/apache/catalina/connector/Request;Lorg/apache/catalina/connector/Response;)V+694
j  org.apache.catalina.core.StandardContextValve.invoke(Lorg/apache/catalina/connector/Request;Lorg/apache/catalina/connector/Response;)V+169
j  org.apache.catalina.authenticator.AuthenticatorBase.invoke(Lorg/apache/catalina/connector/Request;Lorg/apache/catalina/connector/Response;)V+260
j  org.apache.catalina.core.StandardHostValve.invoke(Lorg/apache/catalina/connector/Request;Lorg/apache/catalina/connector/Response;)V+128
j  org.apache.catalina.valves.ErrorReportValve.invoke(Lorg/apache/catalina/connector/Request;Lorg/apache/catalina/connector/Response;)V+6
j  org.apache.catalina.core.StandardEngineValve.invoke(Lorg/apache/catalina/connector/Request;Lorg/apache/catalina/connector/Response;)V+59
j  org.apache.catalina.connector.CoyoteAdapter.service(Lorg/apache/coyote/Request;Lorg/apache/coyote/Response;)V+199
j  org.apache.coyote.http11.Http11Processor.service(Lorg/apache/tomcat/util/net/SocketWrapperBase;)Lorg/apache/tomcat/util/net/AbstractEndpoint$Handler$SocketState;+737
j  org.apache.coyote.AbstractProcessorLight.process(Lorg/apache/tomcat/util/net/SocketWrapperBase;Lorg/apache/tomcat/util/net/SocketEvent;)Lorg/apache/tomcat/util/net/AbstractEndpoint$Handler$SocketState;+170
j  org.apache.coyote.AbstractProtocol$ConnectionHandler.process(Lorg/apache/tomcat/util/net/SocketWrapperBase;Lorg/apache/tomcat/util/net/SocketEvent;)Lorg/apache/tomcat/util/net/AbstractEndpoint$Handler$SocketState;+505
j  org.apache.tomcat.util.net.NioEndpoint$SocketProcessor.doRun()V+216
j  org.apache.tomcat.util.net.SocketProcessorBase.run()V+21
j  java.util.concurrent.ThreadPoolExecutor.runWorker(Ljava/util/concurrent/ThreadPoolExecutor$Worker;)V+95
j  java.util.concurrent.ThreadPoolExecutor$Worker.run()V+5
j  org.apache.tomcat.util.threads.TaskThread$WrappingRunnable.run()V+4
j  java.lang.Thread.run()V+11
v  ~StubRoutines::call_stub

---------------  P R O C E S S  ---------------

Java Threads: ( => current thread )
  0x000000001f829800 JavaThread "lettuce-eventExecutorLoop-1-7" daemon [_thread_blocked, id=17284, stack(0x0000000043080000,0x0000000043280000)]
  0x000000001f827000 JavaThread "lettuce-eventExecutorLoop-1-8" daemon [_thread_blocked, id=13256, stack(0x0000000042e80000,0x0000000043080000)]
  0x000000001f82a000 JavaThread "lettuce-eventExecutorLoop-1-6" daemon [_thread_blocked, id=17936, stack(0x0000000042c80000,0x0000000042e80000)]
  0x000000001f828000 JavaThread "lettuce-eventExecutorLoop-1-5" daemon [_thread_blocked, id=27272, stack(0x0000000042a80000,0x0000000042c80000)]
  0x000000001f825800 JavaThread "lettuce-eventExecutorLoop-1-4" daemon [_thread_blocked, id=6276, stack(0x0000000042880000,0x0000000042a80000)]
  0x000000001f2bb000 JavaThread "lettuce-eventExecutorLoop-1-3" daemon [_thread_blocked, id=18828, stack(0x0000000042680000,0x0000000042880000)]
  0x000000001f2ba800 JavaThread "Java2D Disposer" daemon [_thread_blocked, id=14780, stack(0x0000000042280000,0x0000000042480000)]
  0x000000001f2b9000 JavaThread "lettuce-eventExecutorLoop-1-2" daemon [_thread_blocked, id=21244, stack(0x0000000042080000,0x0000000042280000)]
  0x000000001f2b8000 JavaThread "lettuce-eventExecutorLoop-1-1" daemon [_thread_blocked, id=25720, stack(0x0000000024bf0000,0x0000000024df0000)]
  0x000000001f2b7800 JavaThread "lettuce-nioEventLoop-4-1" daemon [_thread_in_native, id=26952, stack(0x00000000237e0000,0x00000000239e0000)]
  0x000000001f2b6800 JavaThread "DiscoveryClient-HeartbeatExecutor-0" daemon [_thread_blocked, id=19268, stack(0x00000000233e0000,0x00000000235e0000)]
  0x000000001f2b9800 JavaThread "DiscoveryClient-CacheRefreshExecutor-0" daemon [_thread_blocked, id=26796, stack(0x00000000231e0000,0x00000000233e0000)]
  0x000000001f2af000 JavaThread "DestroyJavaVM" [_thread_blocked, id=27528, stack(0x0000000003100000,0x0000000003300000)]
  0x000000001f2b6000 JavaThread "http-nio-8081-Acceptor" daemon [_thread_in_native, id=19020, stack(0x0000000022ce0000,0x0000000022ee0000)]
  0x000000001f2b5000 JavaThread "http-nio-8081-ClientPoller" daemon [_thread_in_native, id=26676, stack(0x0000000022ae0000,0x0000000022ce0000)]
=>0x000000001f2b4800 JavaThread "http-nio-8081-exec-10" daemon [_thread_in_native, id=9452, stack(0x00000000228e0000,0x0000000022ae0000)]
  0x000000001f2b0800 JavaThread "http-nio-8081-exec-9" daemon [_thread_in_native, id=6488, stack(0x00000000226e0000,0x00000000228e0000)]
  0x000000001f2ad800 JavaThread "http-nio-8081-exec-8" daemon [_thread_in_native, id=27544, stack(0x00000000224e0000,0x00000000226e0000)]
  0x000000001f2b0000 JavaThread "http-nio-8081-exec-7" daemon [_thread_blocked, id=20160, stack(0x00000000222e0000,0x00000000224e0000)]
  0x000000001f2ad000 JavaThread "http-nio-8081-exec-6" daemon [_thread_in_native, id=18472, stack(0x00000000220e0000,0x00000000222e0000)]
  0x000000001f2ae800 JavaThread "http-nio-8081-exec-5" daemon [_thread_blocked, id=26916, stack(0x0000000021ee0000,0x00000000220e0000)]
  0x000000001f2b3800 JavaThread "http-nio-8081-exec-4" daemon [_thread_blocked, id=11612, stack(0x0000000021ce0000,0x0000000021ee0000)]
  0x000000001f2b3000 JavaThread "http-nio-8081-exec-3" daemon [_thread_blocked, id=13444, stack(0x0000000021ae0000,0x0000000021ce0000)]
  0x000000001f2ac000 JavaThread "http-nio-8081-exec-2" daemon [_thread_in_native, id=27580, stack(0x00000000218e0000,0x0000000021ae0000)]
  0x000000001f2b2000 JavaThread "http-nio-8081-exec-1" daemon [_thread_blocked, id=24284, stack(0x00000000216e0000,0x00000000218e0000)]
  0x000000001f2b1800 JavaThread "http-nio-8081-BlockPoller" daemon [_thread_in_native, id=23408, stack(0x00000000214e0000,0x00000000216e0000)]
  0x000000001f013800 JavaThread "DiscoveryClient-InstanceInfoReplicator-0" daemon [_thread_blocked, id=24076, stack(0x00000000212e0000,0x00000000214e0000)]
  0x000000001f015800 JavaThread "DiscoveryClient-1" daemon [_thread_blocked, id=27168, stack(0x00000000210e0000,0x00000000212e0000)]
  0x000000001f015000 JavaThread "DiscoveryClient-0" daemon [_thread_blocked, id=25192, stack(0x0000000020de0000,0x0000000020fe0000)]
  0x000000001f014000 JavaThread "AsyncResolver-bootstrap-0" daemon [_thread_blocked, id=27316, stack(0x00000000207e0000,0x00000000209e0000)]
  0x000000001f016800 JavaThread "spring.cloud.inetutils" daemon [_thread_blocked, id=15884, stack(0x00000000203e0000,0x00000000205e0000)]
  0x000000001cf75800 JavaThread "lettuce-timer-3-1" daemon [_thread_blocked, id=25476, stack(0x000000001ec10000,0x000000001ee10000)]
  0x000000001cf46800 JavaThread "container-0" [_thread_blocked, id=10072, stack(0x000000001e810000,0x000000001ea10000)]
  0x000000001a469000 JavaThread "Catalina-utility-2" [_thread_blocked, id=15908, stack(0x000000001e610000,0x000000001e810000)]
  0x000000001a468000 JavaThread "Catalina-utility-1" [_thread_blocked, id=14068, stack(0x000000001e410000,0x000000001e610000)]
  0x000000001b215000 JavaThread "Service Thread" daemon [_thread_blocked, id=6900, stack(0x000000001bc90000,0x000000001be90000)]
  0x000000001b20a000 JavaThread "C1 CompilerThread3" daemon [_thread_blocked, id=15704, stack(0x000000001bb90000,0x000000001bc90000)]
  0x000000001b208000 JavaThread "C2 CompilerThread2" daemon [_thread_blocked, id=14180, stack(0x000000001ba90000,0x000000001bb90000)]
  0x000000001b207800 JavaThread "C2 CompilerThread1" daemon [_thread_blocked, id=26864, stack(0x000000001b990000,0x000000001ba90000)]
  0x000000001b200800 JavaThread "C2 CompilerThread0" daemon [_thread_blocked, id=25916, stack(0x000000001b890000,0x000000001b990000)]
  0x000000001b149800 JavaThread "Monitor Ctrl-Break" daemon [_thread_in_native, id=15836, stack(0x000000001b690000,0x000000001b890000)]
  0x000000001a2ca000 JavaThread "Attach Listener" daemon [_thread_blocked, id=20188, stack(0x000000001ac90000,0x000000001ae90000)]
  0x000000001a271800 JavaThread "Signal Dispatcher" daemon [_thread_blocked, id=26316, stack(0x000000001aa90000,0x000000001ac90000)]
  0x0000000018473800 JavaThread "Finalizer" daemon [_thread_blocked, id=25624, stack(0x000000001a830000,0x000000001aa30000)]
  0x000000001a250800 JavaThread "Reference Handler" daemon [_thread_blocked, id=19936, stack(0x000000001a630000,0x000000001a830000)]

Other Threads:
  0x0000000018466800 VMThread [stack: 0x000000001a130000,0x000000001a230000] [id=26812]
  0x000000001b14a800 WatcherThread [stack: 0x000000001be90000,0x000000001bf90000] [id=25272]

VM state:not at safepoint (normal execution)

VM Mutex/Monitor currently owned by a thread: None

heap address: 0x0000000080000000, size: 2048 MB, Compressed Oops mode: 32-bit
Narrow klass base: 0x0000000000000000, Narrow klass shift: 3
Compressed class space size: 1073741824 Address: 0x0000000100000000

Heap:
 PSYoungGen      total 350720K, used 54291K [0x00000000d5580000, 0x00000000ec580000, 0x0000000100000000)
  eden space 327680K, 11% used [0x00000000d5580000,0x00000000d7a3d068,0x00000000e9580000)
  from space 23040K, 72% used [0x00000000ead00000,0x00000000ebd47bb0,0x00000000ec380000)
  to   space 24064K, 0% used [0x00000000e9580000,0x00000000e9580000,0x00000000ead00000)
 ParOldGen       total 87552K, used 40423K [0x0000000080000000, 0x0000000085580000, 0x00000000d5580000)
  object space 87552K, 46% used [0x0000000080000000,0x0000000082779e00,0x0000000085580000)
 Metaspace       used 53301K, capacity 56854K, committed 57088K, reserved 1097728K
  class space    used 7293K, capacity 7935K, committed 7936K, reserved 1048576K

Card table byte_map: [0x00000000127c0000,0x0000000012bd0000] byte_map_base: 0x00000000123c0000

Marking Bits: (ParMarkBitMap*) 0x000000005aa64ce0
 Begin Bits: [0x0000000013680000, 0x0000000015680000)
 End Bits:   [0x0000000015680000, 0x0000000017680000)

Polling page: 0x0000000000e30000

CodeCache: size=245760Kb used=9992Kb max_used=9992Kb free=235767Kb
 bounds [0x0000000003400000, 0x0000000003dd0000, 0x0000000012400000]
 total_blobs=5883 nmethods=5292 adapters=503
 compilation: enabled

Compilation events (10 events):
Event: 164.861 Thread 0x000000001b20a000 5424       1       java.util.concurrent.ThreadPoolExecutor$Worker::tryAcquire (20 bytes)
Event: 164.861 Thread 0x000000001b20a000 nmethod 5424 0x0000000003b97950 code [0x0000000003b97aa0, 0x0000000003b97c10]
Event: 164.862 Thread 0x000000001b20a000 5425       1       org.apache.catalina.core.ApplicationFilterFactory::matchDispatcher (103 bytes)
Event: 164.862 Thread 0x000000001b20a000 nmethod 5425 0x0000000003b973d0 code [0x0000000003b97540, 0x0000000003b977b0]
Event: 164.862 Thread 0x000000001b20a000 5426       1       org.apache.tomcat.util.descriptor.web.FilterMap::getDispatcherMapping (15 bytes)
Event: 164.862 Thread 0x000000001b20a000 nmethod 5426 0x0000000003b970d0 code [0x0000000003b97220, 0x0000000003b97350]
Event: 164.862 Thread 0x000000001b20a000 5427       1       org.apache.catalina.connector.Request::isAsyncSupported (17 bytes)
Event: 164.862 Thread 0x000000001b20a000 nmethod 5427 0x0000000003b96dd0 code [0x0000000003b96f20, 0x0000000003b97050]
Event: 164.863 Thread 0x000000001b20a000 5428       1       org.springframework.web.method.HandlerMethod$HandlerMethodParameter::getContainingClass (8 bytes)
Event: 164.863 Thread 0x000000001b20a000 nmethod 5428 0x0000000003b96ad0 code [0x0000000003b96c20, 0x0000000003b96d30]

GC Heap History (10 events):
Event: 9.515 GC heap before
{Heap before GC invocations=8 (full 0):
 PSYoungGen      total 74240K, used 74228K [0x00000000d5580000, 0x00000000de880000, 0x0000000100000000)
  eden space 65024K, 100% used [0x00000000d5580000,0x00000000d9500000,0x00000000d9500000)
  from space 9216K, 99% used [0x00000000d9500000,0x00000000d9dfd218,0x00000000d9e00000)
  to   space 10240K, 0% used [0x00000000dde80000,0x00000000dde80000,0x00000000de880000)
 ParOldGen       total 87552K, used 7883K [0x0000000080000000, 0x0000000085580000, 0x00000000d5580000)
  object space 87552K, 9% used [0x0000000080000000,0x00000000807b2cb0,0x0000000085580000)
 Metaspace       used 23568K, capacity 24784K, committed 25088K, reserved 1071104K
  class space    used 3211K, capacity 3492K, committed 3584K, reserved 1048576K
Event: 9.580 GC heap after
Heap after GC invocations=8 (full 0):
 PSYoungGen      total 140288K, used 7983K [0x00000000d5580000, 0x00000000de880000, 0x0000000100000000)
  eden space 130048K, 0% used [0x00000000d5580000,0x00000000d5580000,0x00000000dd480000)
  from space 10240K, 77% used [0x00000000dde80000,0x00000000de64bcc0,0x00000000de880000)
  to   space 10240K, 0% used [0x00000000dd480000,0x00000000dd480000,0x00000000dde80000)
 ParOldGen       total 87552K, used 9271K [0x0000000080000000, 0x0000000085580000, 0x00000000d5580000)
  object space 87552K, 10% used [0x0000000080000000,0x000000008090de18,0x0000000085580000)
 Metaspace       used 23568K, capacity 24784K, committed 25088K, reserved 1071104K
  class space    used 3211K, capacity 3492K, committed 3584K, reserved 1048576K
}
Event: 12.354 GC heap before
{Heap before GC invocations=9 (full 0):
 PSYoungGen      total 140288K, used 138031K [0x00000000d5580000, 0x00000000de880000, 0x0000000100000000)
  eden space 130048K, 100% used [0x00000000d5580000,0x00000000dd480000,0x00000000dd480000)
  from space 10240K, 77% used [0x00000000dde80000,0x00000000de64bcc0,0x00000000de880000)
  to   space 10240K, 0% used [0x00000000dd480000,0x00000000dd480000,0x00000000dde80000)
 ParOldGen       total 87552K, used 9271K [0x0000000080000000, 0x0000000085580000, 0x00000000d5580000)
  object space 87552K, 10% used [0x0000000080000000,0x000000008090de18,0x0000000085580000)
 Metaspace       used 30479K, capacity 32388K, committed 32512K, reserved 1077248K
  class space    used 4183K, capacity 4550K, committed 4608K, reserved 1048576K
Event: 12.365 GC heap after
Heap after GC invocations=9 (full 0):
 PSYoungGen      total 140288K, used 10223K [0x00000000d5580000, 0x00000000e3b00000, 0x0000000100000000)
  eden space 130048K, 0% used [0x00000000d5580000,0x00000000d5580000,0x00000000dd480000)
  from space 10240K, 99% used [0x00000000dd480000,0x00000000dde7bd68,0x00000000dde80000)
  to   space 13312K, 0% used [0x00000000e2e00000,0x00000000e2e00000,0x00000000e3b00000)
 ParOldGen       total 87552K, used 13870K [0x0000000080000000, 0x0000000085580000, 0x00000000d5580000)
  object space 87552K, 15% used [0x0000000080000000,0x0000000080d8b9d8,0x0000000085580000)
 Metaspace       used 30479K, capacity 32388K, committed 32512K, reserved 1077248K
  class space    used 4183K, capacity 4550K, committed 4608K, reserved 1048576K
}
Event: 15.104 GC heap before
{Heap before GC invocations=10 (full 0):
 PSYoungGen      total 140288K, used 140271K [0x00000000d5580000, 0x00000000e3b00000, 0x0000000100000000)
  eden space 130048K, 100% used [0x00000000d5580000,0x00000000dd480000,0x00000000dd480000)
  from space 10240K, 99% used [0x00000000dd480000,0x00000000dde7bd68,0x00000000dde80000)
  to   space 13312K, 0% used [0x00000000e2e00000,0x00000000e2e00000,0x00000000e3b00000)
 ParOldGen       total 87552K, used 13870K [0x0000000080000000, 0x0000000085580000, 0x00000000d5580000)
  object space 87552K, 15% used [0x0000000080000000,0x0000000080d8b9d8,0x0000000085580000)
 Metaspace       used 37767K, capacity 40332K, committed 40576K, reserved 1083392K
  class space    used 5187K, capacity 5636K, committed 5760K, reserved 1048576K
Event: 15.131 GC heap after
Heap after GC invocations=10 (full 0):
 PSYoungGen      total 218624K, used 13281K [0x00000000d5580000, 0x00000000e4100000, 0x0000000100000000)
  eden space 205312K, 0% used [0x00000000d5580000,0x00000000d5580000,0x00000000e1e00000)
  from space 13312K, 99% used [0x00000000e2e00000,0x00000000e3af85b8,0x00000000e3b00000)
  to   space 16384K, 0% used [0x00000000e1e00000,0x00000000e1e00000,0x00000000e2e00000)
 ParOldGen       total 87552K, used 18276K [0x0000000080000000, 0x0000000085580000, 0x00000000d5580000)
  object space 87552K, 20% used [0x0000000080000000,0x00000000811d9200,0x0000000085580000)
 Metaspace       used 37767K, capacity 40332K, committed 40576K, reserved 1083392K
  class space    used 5187K, capacity 5636K, committed 5760K, reserved 1048576K
}
Event: 114.835 GC heap before
{Heap before GC invocations=11 (full 0):
 PSYoungGen      total 218624K, used 218593K [0x00000000d5580000, 0x00000000e4100000, 0x0000000100000000)
  eden space 205312K, 100% used [0x00000000d5580000,0x00000000e1e00000,0x00000000e1e00000)
  from space 13312K, 99% used [0x00000000e2e00000,0x00000000e3af85b8,0x00000000e3b00000)
  to   space 16384K, 0% used [0x00000000e1e00000,0x00000000e1e00000,0x00000000e2e00000)
 ParOldGen       total 87552K, used 18276K [0x0000000080000000, 0x0000000085580000, 0x00000000d5580000)
  object space 87552K, 20% used [0x0000000080000000,0x00000000811d9200,0x0000000085580000)
 Metaspace       used 52237K, capacity 55774K, committed 55936K, reserved 1097728K
  class space    used 7167K, capacity 7795K, committed 7808K, reserved 1048576K
Event: 114.853 GC heap after
Heap after GC invocations=11 (full 0):
 PSYoungGen      total 221696K, used 16363K [0x00000000d5580000, 0x00000000ec380000, 0x0000000100000000)
  eden space 205312K, 0% used [0x00000000d5580000,0x00000000d5580000,0x00000000e1e00000)
  from space 16384K, 99% used [0x00000000e1e00000,0x00000000e2dfad90,0x00000000e2e00000)
  to   space 23040K, 0% used [0x00000000ead00000,0x00000000ead00000,0x00000000ec380000)
 ParOldGen       total 87552K, used 30117K [0x0000000080000000, 0x0000000085580000, 0x00000000d5580000)
  object space 87552K, 34% used [0x0000000080000000,0x0000000081d696b0,0x0000000085580000)
 Metaspace       used 52237K, capacity 55774K, committed 55936K, reserved 1097728K
  class space    used 7167K, capacity 7795K, committed 7808K, reserved 1048576K
}
Event: 164.693 GC heap before
{Heap before GC invocations=12 (full 0):
 PSYoungGen      total 221696K, used 221535K [0x00000000d5580000, 0x00000000ec380000, 0x0000000100000000)
  eden space 205312K, 99% used [0x00000000d5580000,0x00000000e1ddd068,0x00000000e1e00000)
  from space 16384K, 99% used [0x00000000e1e00000,0x00000000e2dfad90,0x00000000e2e00000)
  to   space 23040K, 0% used [0x00000000ead00000,0x00000000ead00000,0x00000000ec380000)
 ParOldGen       total 87552K, used 30117K [0x0000000080000000, 0x0000000085580000, 0x00000000d5580000)
  object space 87552K, 34% used [0x0000000080000000,0x0000000081d696b0,0x0000000085580000)
 Metaspace       used 53301K, capacity 56854K, committed 57088K, reserved 1097728K
  class space    used 7293K, capacity 7935K, committed 7936K, reserved 1048576K
Event: 164.703 GC heap after
Heap after GC invocations=12 (full 0):
 PSYoungGen      total 350720K, used 16670K [0x00000000d5580000, 0x00000000ec580000, 0x0000000100000000)
  eden space 327680K, 0% used [0x00000000d5580000,0x00000000d5580000,0x00000000e9580000)
  from space 23040K, 72% used [0x00000000ead00000,0x00000000ebd47bb0,0x00000000ec380000)
  to   space 24064K, 0% used [0x00000000e9580000,0x00000000e9580000,0x00000000ead00000)
 ParOldGen       total 87552K, used 40423K [0x0000000080000000, 0x0000000085580000, 0x00000000d5580000)
  object space 87552K, 46% used [0x0000000080000000,0x0000000082779e00,0x0000000085580000)
 Metaspace       used 53301K, capacity 56854K, committed 57088K, reserved 1097728K
  class space    used 7293K, capacity 7935K, committed 7936K, reserved 1048576K
}

Deoptimization events (0 events):
No events

Classes redefined (0 events):
No events

Internal exceptions (10 events):
Event: 115.293 Thread 0x000000001f2ac000 Exception <a 'java/lang/ArrayIndexOutOfBoundsException'> (0x00000000d6d6ecf0) thrown at [C:\re\workspace\8-2-build-windows-amd64-cygwin\jdk8u201\12322\hotspot\src\share\vm\runtime\sharedRuntime.cpp, line 605]
Event: 115.294 Thread 0x000000001f2b4800 Exception <a 'java/lang/ArrayIndexOutOfBoundsException'> (0x00000000d7187fd0) thrown at [C:\re\workspace\8-2-build-windows-amd64-cygwin\jdk8u201\12322\hotspot\src\share\vm\runtime\sharedRuntime.cpp, line 605]
Event: 115.294 Thread 0x000000001f2b0000 Exception <a 'java/lang/ArrayIndexOutOfBoundsException'> (0x00000000d66822a0) thrown at [C:\re\workspace\8-2-build-windows-amd64-cygwin\jdk8u201\12322\hotspot\src\share\vm\runtime\sharedRuntime.cpp, line 605]
Event: 115.294 Thread 0x000000001f2ac000 Exception <a 'java/lang/ArrayIndexOutOfBoundsException'> (0x00000000d6d745b0) thrown at [C:\re\workspace\8-2-build-windows-amd64-cygwin\jdk8u201\12322\hotspot\src\share\vm\runtime\sharedRuntime.cpp, line 605]
Event: 124.790 Thread 0x000000001f2ad800 Exception <a 'java/io/IOException'> (0x00000000dc2f0920) thrown at [C:\re\workspace\8-2-build-windows-amd64-cygwin\jdk8u201\12322\hotspot\src\share\vm\prims\jni.cpp, line 709]
Event: 140.198 Thread 0x000000001f2b9800 Exception <a 'java/net/SocketTimeoutException': Read timed out> (0x00000000de0ba420) thrown at [C:\re\workspace\8-2-build-windows-amd64-cygwin\jdk8u201\12322\hotspot\src\share\vm\prims\jni.cpp, line 735]
Event: 140.198 Thread 0x000000001f2b6800 Exception <a 'java/net/SocketTimeoutException': Read timed out> (0x00000000de011820) thrown at [C:\re\workspace\8-2-build-windows-amd64-cygwin\jdk8u201\12322\hotspot\src\share\vm\prims\jni.cpp, line 735]
Event: 164.632 Thread 0x000000001f2b0000 Exception <a 'java/io/IOException'> (0x00000000e007f428) thrown at [C:\re\workspace\8-2-build-windows-amd64-cygwin\jdk8u201\12322\hotspot\src\share\vm\prims\jni.cpp, line 709]
Event: 164.633 Thread 0x000000001f2b3000 Exception <a 'java/io/IOException'> (0x00000000e1272638) thrown at [C:\re\workspace\8-2-build-windows-amd64-cygwin\jdk8u201\12322\hotspot\src\share\vm\prims\jni.cpp, line 709]
Event: 164.644 Thread 0x000000001f2b2000 Exception <a 'java/io/IOException'> (0x00000000e16e0388) thrown at [C:\re\workspace\8-2-build-windows-amd64-cygwin\jdk8u201\12322\hotspot\src\share\vm\prims\jni.cpp, line 709]

Events (10 events):
Event: 164.708 Executing VM operation: BulkRevokeBias done
Event: 164.708 Executing VM operation: RevokeBias
Event: 164.708 Executing VM operation: RevokeBias done
Event: 164.708 Executing VM operation: RevokeBias
Event: 164.708 Executing VM operation: RevokeBias done
Event: 164.708 Executing VM operation: BulkRevokeBias
Event: 164.708 Executing VM operation: BulkRevokeBias done
Event: 164.713 Thread 0x000000001b20a000 flushing nmethod 0x00000000035f6490
Event: 164.790 Thread 0x000000001b20a000 flushing nmethod 0x00000000039d0210
Event: 164.801 Thread 0x000000001b20a000 flushing nmethod 0x0000000003b96850


Dynamic libraries:
0x00007ff76d310000 - 0x00007ff76d347000 	C:\Program Files\Java\jdk1.8.0_201\bin\java.exe
0x00007ffeaa510000 - 0x00007ffeaa705000 	C:\WINDOWS\SYSTEM32\ntdll.dll
0x00007ffea9080000 - 0x00007ffea913e000 	C:\WINDOWS\System32\KERNEL32.DLL
0x00007ffea8150000 - 0x00007ffea8419000 	C:\WINDOWS\System32\KERNELBASE.dll
0x00007ffea9140000 - 0x00007ffea91ec000 	C:\WINDOWS\System32\ADVAPI32.dll
0x00007ffea9ca0000 - 0x00007ffea9d3e000 	C:\WINDOWS\System32\msvcrt.dll
0x00007ffeaa430000 - 0x00007ffeaa4cb000 	C:\WINDOWS\System32\sechost.dll
0x00007ffea8680000 - 0x00007ffea87aa000 	C:\WINDOWS\System32\RPCRT4.dll
0x00007ffea87d0000 - 0x00007ffea8971000 	C:\WINDOWS\System32\USER32.dll
0x00007ffea7c30000 - 0x00007ffea7c52000 	C:\WINDOWS\System32\win32u.dll
0x00007ffea9c70000 - 0x00007ffea9c9b000 	C:\WINDOWS\System32\GDI32.dll
0x00007ffea7ce0000 - 0x00007ffea7deb000 	C:\WINDOWS\System32\gdi32full.dll
0x00007ffea80b0000 - 0x00007ffea814d000 	C:\WINDOWS\System32\msvcp_win.dll
0x00007ffea7df0000 - 0x00007ffea7ef0000 	C:\WINDOWS\System32\ucrtbase.dll
0x00007ffe991a0000 - 0x00007ffe9943a000 	C:\WINDOWS\WinSxS\amd64_microsoft.windows.common-controls_6595b64144ccf1df_6.0.19041.1110_none_60b5254171f9507e\COMCTL32.dll
0x00007ffea9f80000 - 0x00007ffea9fb0000 	C:\WINDOWS\System32\IMM32.DLL
0x000000005b920000 - 0x000000005b9f1000 	C:\Program Files\Java\jdk1.8.0_201\jre\bin\msvcr100.dll
0x000000005a240000 - 0x000000005aae4000 	C:\Program Files\Java\jdk1.8.0_201\jre\bin\server\jvm.dll
0x00007ffea8f30000 - 0x00007ffea8f38000 	C:\WINDOWS\System32\PSAPI.DLL
0x00007ffea2ab0000 - 0x00007ffea2ab9000 	C:\WINDOWS\SYSTEM32\WSOCK32.dll
0x00007ffea9b20000 - 0x00007ffea9b8b000 	C:\WINDOWS\System32\WS2_32.dll
0x00007ffe9a750000 - 0x00007ffe9a777000 	C:\WINDOWS\SYSTEM32\WINMM.dll
0x00007ffe9e540000 - 0x00007ffe9e54a000 	C:\WINDOWS\SYSTEM32\VERSION.dll
0x00007ffea2ad0000 - 0x00007ffea2adf000 	C:\Program Files\Java\jdk1.8.0_201\jre\bin\verify.dll
0x00007ffe8aef0000 - 0x00007ffe8af19000 	C:\Program Files\Java\jdk1.8.0_201\jre\bin\java.dll
0x00007ffe6e620000 - 0x00007ffe6e643000 	C:\Program Files\Java\jdk1.8.0_201\jre\bin\instrument.dll
0x00007ffe878e0000 - 0x00007ffe878f6000 	C:\Program Files\Java\jdk1.8.0_201\jre\bin\zip.dll
0x00007ffea92a0000 - 0x00007ffea99df000 	C:\WINDOWS\System32\SHELL32.dll
0x00007ffea5970000 - 0x00007ffea6100000 	C:\WINDOWS\SYSTEM32\windows.storage.dll
0x00007ffea8bc0000 - 0x00007ffea8f15000 	C:\WINDOWS\System32\combase.dll
0x00007ffea7680000 - 0x00007ffea76ac000 	C:\WINDOWS\SYSTEM32\Wldp.dll
0x00007ffea91f0000 - 0x00007ffea929d000 	C:\WINDOWS\System32\SHCORE.dll
0x00007ffea9b90000 - 0x00007ffea9be5000 	C:\WINDOWS\System32\shlwapi.dll
0x00007ffea7b70000 - 0x00007ffea7b8f000 	C:\WINDOWS\SYSTEM32\profapi.dll
0x00007ffe6df10000 - 0x00007ffe6df2a000 	F:\subject\IDEA 2018_sssam.com\IntelliJ IDEA 2018.2.4\bin\breakgen64.dll
0x00007ffe87850000 - 0x00007ffe8786a000 	C:\Program Files\Java\jdk1.8.0_201\jre\bin\net.dll
0x00007ffe95f00000 - 0x00007ffe960eb000 	C:\WINDOWS\SYSTEM32\urlmon.dll
0x00007ffe9ade0000 - 0x00007ffe9b090000 	C:\WINDOWS\SYSTEM32\iertutil.dll
0x00007ffe95ed0000 - 0x00007ffe95ef8000 	C:\WINDOWS\SYSTEM32\srvcli.dll
0x00007ffea70c0000 - 0x00007ffea70cc000 	C:\WINDOWS\SYSTEM32\netutils.dll
0x00007ffea73e0000 - 0x00007ffea744a000 	C:\WINDOWS\system32\mswsock.dll
0x00007ffea7080000 - 0x00007ffea70bb000 	C:\WINDOWS\SYSTEM32\IPHLPAPI.DLL
0x00007ffea8f20000 - 0x00007ffea8f28000 	C:\WINDOWS\System32\NSI.dll
0x00007ffe9dec0000 - 0x00007ffe9ded7000 	C:\WINDOWS\SYSTEM32\dhcpcsvc6.DLL
0x00007ffe9e1d0000 - 0x00007ffe9e1ed000 	C:\WINDOWS\SYSTEM32\dhcpcsvc.DLL
0x00007ffea70d0000 - 0x00007ffea719c000 	C:\WINDOWS\SYSTEM32\DNSAPI.dll
0x00007ffe9ee50000 - 0x00007ffe9ee5a000 	C:\Windows\System32\rasadhlp.dll
0x00007ffe96290000 - 0x00007ffe9630f000 	C:\WINDOWS\System32\fwpuclnt.dll
0x00007ffea7cb0000 - 0x00007ffea7cd7000 	C:\WINDOWS\System32\bcrypt.dll
0x00007ffea2ac0000 - 0x00007ffea2acd000 	C:\Program Files\Java\jdk1.8.0_201\jre\bin\management.dll
0x00007ffe8ab20000 - 0x00007ffe8ab37000 	C:\WINDOWS\system32\napinsp.dll
0x00007ffe8a3c0000 - 0x00007ffe8a3db000 	C:\WINDOWS\system32\pnrpnsp.dll
0x00007ffea1f20000 - 0x00007ffea1f35000 	C:\WINDOWS\system32\wshbth.dll
0x00007ffea2980000 - 0x00007ffea299d000 	C:\WINDOWS\system32\NLAapi.dll
0x00007ffe8ab00000 - 0x00007ffe8ab12000 	C:\WINDOWS\System32\winrnr.dll
0x00007ffe87740000 - 0x00007ffe87751000 	C:\Program Files\Java\jdk1.8.0_201\jre\bin\nio.dll
0x00007ffea75e0000 - 0x00007ffea75f8000 	C:\WINDOWS\SYSTEM32\CRYPTSP.dll
0x00007ffea6cf0000 - 0x00007ffea6d24000 	C:\WINDOWS\system32\rsaenh.dll
0x00007ffea7af0000 - 0x00007ffea7b1e000 	C:\WINDOWS\SYSTEM32\USERENV.dll
0x00007ffea84d0000 - 0x00007ffea8553000 	C:\WINDOWS\System32\bcryptprimitives.dll
0x00007ffea75d0000 - 0x00007ffea75dc000 	C:\WINDOWS\SYSTEM32\CRYPTBASE.dll
0x00007ffe77f20000 - 0x00007ffe77f44000 	C:\Program Files\Java\jdk1.8.0_201\jre\bin\sunec.dll
0x00007ffe4f610000 - 0x00007ffe5244d000 	C:\Users\lenovo\Desktop\Face-recognition-main\ArcSoft_ArcFace_Java_Windows_x64_V3.0\libs\WIN64\libarcsoft_face.dll
0x00007ffe8cb20000 - 0x00007ffe8cc0f000 	C:\WINDOWS\SYSTEM32\MSVCR120.dll
0x00007ffe8cc10000 - 0x00007ffe8ccb6000 	C:\WINDOWS\SYSTEM32\MSVCP120.dll
0x00007ffe621c0000 - 0x00007ffe6223f000 	C:\Users\lenovo\Desktop\Face-recognition-main\ArcSoft_ArcFace_Java_Windows_x64_V3.0\libs\WIN64\libarcsoft_face_engine.dll
0x00007ffea99f0000 - 0x00007ffea9a46000 	C:\WINDOWS\System32\WLDAP32.dll
0x00007ffe62550000 - 0x00007ffe62575000 	C:\Users\lenovo\Desktop\Face-recognition-main\ArcSoft_ArcFace_Java_Windows_x64_V3.0\libs\WIN64\libarcsoft_face_engine_jni.dll
0x00007ffe54590000 - 0x00007ffe54729000 	C:\Program Files\Java\jdk1.8.0_201\jre\bin\awt.dll
0x00007ffea9a50000 - 0x00007ffea9b1d000 	C:\WINDOWS\System32\OLEAUT32.dll
0x00007ffea4290000 - 0x00007ffea4320000 	C:\WINDOWS\SYSTEM32\apphelp.dll
0x00007ffe610b0000 - 0x00007ffe610e1000 	C:\Program Files\Java\jdk1.8.0_201\jre\bin\jpeg.dll
0x00007ffea61d0000 - 0x00007ffea63b4000 	C:\WINDOWS\SYSTEM32\dbghelp.dll

VM Arguments:
jvm_args: -Xmx2048m -XX:MetaspaceSize=512m -XX:MaxMetaspaceSize=768m -Xss2m -XX:TieredStopAtLevel=1 -Xverify:none -Dspring.output.ansi.enabled=always -javaagent:F:\subject\IDEA 2018_sssam.com\IntelliJ IDEA 2018.2.4\lib\idea_rt.jar=65403:F:\subject\IDEA 2018_sssam.com\IntelliJ IDEA 2018.2.4\bin -Dfile.encoding=UTF-8 
java_command: com.tangcheng.face_corn.FaceCornApplication
java_class_path (initial): C:\Program Files\Java\jdk1.8.0_201\jre\lib\charsets.jar;C:\Program Files\Java\jdk1.8.0_201\jre\lib\deploy.jar;C:\Program Files\Java\jdk1.8.0_201\jre\lib\ext\access-bridge-64.jar;C:\Program Files\Java\jdk1.8.0_201\jre\lib\ext\cldrdata.jar;C:\Program Files\Java\jdk1.8.0_201\jre\lib\ext\dnsns.jar;C:\Program Files\Java\jdk1.8.0_201\jre\lib\ext\jaccess.jar;C:\Program Files\Java\jdk1.8.0_201\jre\lib\ext\jfxrt.jar;C:\Program Files\Java\jdk1.8.0_201\jre\lib\ext\localedata.jar;C:\Program Files\Java\jdk1.8.0_201\jre\lib\ext\nashorn.jar;C:\Program Files\Java\jdk1.8.0_201\jre\lib\ext\sunec.jar;C:\Program Files\Java\jdk1.8.0_201\jre\lib\ext\sunjce_provider.jar;C:\Program Files\Java\jdk1.8.0_201\jre\lib\ext\sunmscapi.jar;C:\Program Files\Java\jdk1.8.0_201\jre\lib\ext\sunpkcs11.jar;C:\Program Files\Java\jdk1.8.0_201\jre\lib\ext\zipfs.jar;C:\Program Files\Java\jdk1.8.0_201\jre\lib\javaws.jar;C:\Program Files\Java\jdk1.8.0_201\jre\lib\jce.jar;C:\Program Files\Java\jdk1.8.0_201\jre\lib\jfr.jar;C:\Program Files\Java\jdk1.8.0_201\jre\lib\jfxswt.jar;C:\Program Files\Java\jdk1.8.0_201\jre\lib\jsse.jar;C:\Program Files\Java\jdk1.8.0_201\jre\lib\management-agent.jar;C:\Program Files\Java\jdk1.8.0_201\jre\lib\plugin.jar;C:\Program Files\Java\jdk1.8.0_201\jre\lib\resources.jar;C:\Program Files\Java\jdk1.8.0_201\jre\lib\rt.jar;C:\Users\lenovo\Desktop\Face-recognition-main\facesystem\face_corn\target\classes;C:\Users\lenovo\Desktop\Face-recognition-main\facesystem\common\target\classes;F:\subject\JavaWeb\maven-l\com\auth0\java-jwt\3.4.0\java-jwt-3.4.0.jar;F:\subject\JavaWeb\maven-l\commons-codec\commons-codec\1.15\commons-codec-1.15.jar;F:\subject\JavaWeb\maven-l\com\aliyun\oss\aliyun-sdk-oss\3.12.0\aliyun-sdk-oss-3.12.0.jar;F:\subject\JavaWeb\maven-l\org\apache\httpcomponents\httpclient\4.5.13\httpclient-4.5.13.jar;F:\subject\JavaWeb\maven-l\org\apache\httpcomponents\httpcore\4.4.14\httpcore-4.4.14.jar;F:\subject\JavaWeb\maven-l\org\jdom\jdom2\2.0.6\jdom2-2.0.6.ja
Launcher Type: SUN_STANDARD

Environment Variables:
JAVA_HOME=C:\Program Files\Java\jdk1.8.0_201
CLASSPATH=.;C:\Program Files\Java\jdk1.8.0_201\lib\dt.jar,C:\Program Files\Java\jdk1.8.0_201\lib\tools.jar;F:\subject\JavaWeb\apache-tomcat-8.5.45\lib\servlet-api.jar
PATH=C:\Program Files (x86)\Common Files\Oracle\Java\javapath;C:\WINDOWS\system32;C:\WINDOWS;C:\WINDOWS\System32\Wbem;C:\WINDOWS\System32\WindowsPowerShell\v1.0\;C:\WINDOWS\System32\OpenSSH\;F:\subject\JavaWeb\apache-tomcat-8.5.45\bin;F:\subject\JavaWeb\apache-tomcat-8.5.45\lib;C:\Program Files\NVIDIA Corporation\NVIDIA NvDLISR;F:\subject\JavaWeb\apache-maven-3.3.9\bin;F:\subject\JavaWeb\Gradle\gradle-6.9.1\bin;F:\subject\JavaWeb\nodejs;C:\Program Files\Java\jdk1.8.0_201\bin;C:\Program Files\MySQL\MySQL Server 8.0\bin;F:\subject\JavaWeb\env\MongoDB\bin;C:\Users\lenovo\AppData\Local\Microsoft\WindowsApps;F:\subject\PyCharm\PyCharm Community Edition 2020.3.3\bin;;F:\subject\JavaWeb\Microsoft VS Code\bin;F:\subject\JavaWeb\nodejs\node_global;
USERNAME=lenovo
OS=Windows_NT
PROCESSOR_IDENTIFIER=Intel64 Family 6 Model 158 Stepping 10, GenuineIntel



---------------  S Y S T E M  ---------------

OS: Windows 10.0 , 64 bit Build 19041 (10.0.19041.1202)

CPU:total 8 (initial active 8) (4 cores per cpu, 2 threads per core) family 6 model 158 stepping 10, cmov, cx8, fxsr, mmx, sse, sse2, sse3, ssse3, sse4.1, sse4.2, popcnt, avx, avx2, aes, clmul, erms, 3dnowpref, lzcnt, ht, tsc, tscinvbit, bmi1, bmi2, adx

Memory: 4k page, physical 8306932k(1700948k free), swap 18792692k(2921012k free)

vm_info: Java HotSpot(TM) 64-Bit Server VM (25.201-b09) for windows-amd64 JRE (1.8.0_201-b09), built on Dec 15 2018 18:36:39 by "java_re" with MS VC++ 10.0 (VS2010)

time: Tue Nov 02 03:57:04 2021
timezone: 中国标准时间
elapsed time: 164 seconds (0d 0h 2m 44s)

