#
# A fatal error has been detected by the Java Runtime Environment:
#
#  EXCEPTION_ACCESS_VIOLATION (0xc0000005) at pc=0x00007ffbb8ccf0b6, pid=560, tid=0x0000000000004100
#
# JRE version: Java(TM) SE Runtime Environment (8.0_201-b09) (build 1.8.0_201-b09)
# Java VM: Java HotSpot(TM) 64-Bit Server VM (25.201-b09 mixed mode windows-amd64 compressed oops)
# Problematic frame:
# C  [libarcsoft_face.dll+0xf0b6]
#
# Failed to write core dump. Minidumps are not enabled by default on client versions of Windows
#
# If you would like to submit a bug report, please visit:
#   http://bugreport.java.com/bugreport/crash.jsp
# The crash happened outside the Java Virtual Machine in native code.
# See problematic frame for where to report the bug.
#

---------------  T H R E A D  ---------------

Current thread (0x000000001ee64000):  JavaThread "http-nio-8081-exec-6" daemon [_thread_in_native, id=16640, stack(0x00000000218b0000,0x00000000219b0000)]

siginfo: ExceptionCode=0xc0000005, reading address 0xffffffffffffffff

Registers:
RAX=0x0000000000000000, RBX=0x4366000043660188, RCX=0x4366000043660188, RDX=0x0000000000000100
RSP=0x00000000219ad3f0, RBP=0x0000000000000000, RSI=0x00000000266f0e70, RDI=0x0000000000000007
R8 =0x0000000026734e60, R9 =0x0000000000000100, R10=0x000000000000000c, R11=0x0000000000000c00
R12=0x00000000266f18e0, R13=0x0000000000000000, R14=0x0000000000000188, R15=0x00000000239ee040
RIP=0x00007ffbb8ccf0b6, EFLAGS=0x0000000000010246

Top of Stack: (sp=0x00000000219ad3f0)
0x00000000219ad3f0:   0000000026711c20 000000002672ed90
0x00000000219ad400:   00000000266f0e70 0000000000000000
0x00000000219ad410:   00000000216ad150 00000000266e4d80
0x00000000219ad420:   0000000000000001 00007ffbb8ccb949
0x00000000219ad430:   00000000266e4d70 0000000000000001
0x00000000219ad440:   00000000266e4d70 0000000000000001
0x00000000219ad450:   0000000000000001 00007ffbb8cc9092
0x00000000219ad460:   0000000000000000 0000000000000001
0x00000000219ad470:   0000000000000040 00000000219ad510
0x00000000219ad480:   000000003cc39d33 0000000039810911
0x00000000219ad490:   000000003d67475a 000000003d32f869
0x00000000219ad4a0:   0000000000000000 0000000000000000
0x00000000219ad4b0:   00000000216ad150 0000000100000000
0x00000000219ad4c0:   000000012503b940 0000000000000001
0x00000000219ad4d0:   00000000239ee160 00000000239ee040
0x00000000219ad4e0:   00000000266e4d70 398109113cc39d33 

Instructions: (pc=0x00007ffbb8ccf0b6)
0x00007ffbb8ccf096:   2d 44 8b f7 66 0f 1f 44 00 00 48 8b 1e 49 03 de
0x00007ffbb8ccf0a6:   85 ed 74 09 48 8b d3 49 8b cf ff 53 28 48 8b cb
0x00007ffbb8ccf0b6:   ff 53 30 ff c7 49 83 c6 38 3b 7e 08 7c dc 33 c0
0x00007ffbb8ccf0c6:   48 8b 5c 24 40 48 8b 6c 24 48 48 8b 74 24 50 48 


Register to memory mapping:

RAX=0x0000000000000000 is an unknown value
RBX=0x4366000043660188 is an unknown value
RCX=0x4366000043660188 is an unknown value
RDX=0x0000000000000100 is an unknown value
RSP=0x00000000219ad3f0 is pointing into the stack for thread: 0x000000001ee64000
RBP=0x0000000000000000 is an unknown value
RSI=0x00000000266f0e70 is an unknown value
RDI=0x0000000000000007 is an unknown value
R8 =0x0000000026734e60 is an unknown value
R9 =0x0000000000000100 is an unknown value
R10=0x000000000000000c is an unknown value
R11=0x0000000000000c00 is an unknown value
R12=0x00000000266f18e0 is an unknown value
R13=0x0000000000000000 is an unknown value
R14=0x0000000000000188 is an unknown value
R15=0x00000000239ee040 is an unknown value


Stack: [0x00000000218b0000,0x00000000219b0000],  sp=0x00000000219ad3f0,  free space=1012k
Native frames: (J=compiled Java code, j=interpreted, Vv=VM code, C=native code)

Java frames: (J=compiled Java code, j=interpreted, Vv=VM code)
j  com.arcsoft.face.FaceEngine.detectFaces(J[BIIII[Lcom/arcsoft/face/FaceInfo;)I+0
j  com.arcsoft.face.FaceEngine.detectFaces([BIILcom/arcsoft/face/enums/ImageFormat;Lcom/arcsoft/face/enums/DetectModel;Ljava/util/List;)I+107
j  com.arcsoft.face.FaceEngine.detectFaces([BIILcom/arcsoft/face/enums/ImageFormat;Ljava/util/List;)I+11
j  com.tangcheng.face_corn.service.impl.faceServiceImpl.facesearch(Ljava/io/InputStream;Ljava/util/List;)Ljava/lang/String;+45
j  com.tangcheng.face_corn.controller.faceController.facesearch(Ljava/lang/String;Ljava/util/List;)Lresult/Result;+22
j  sun.reflect.GeneratedMethodAccessor68.invoke(Ljava/lang/Object;[Ljava/lang/Object;)Ljava/lang/Object;+48
J 2052 C1 sun.reflect.DelegatingMethodAccessorImpl.invoke(Ljava/lang/Object;[Ljava/lang/Object;)Ljava/lang/Object; (10 bytes) @ 0x0000000003b9c524 [0x0000000003b9c4e0+0x44]
J 1804 C1 java.lang.reflect.Method.invoke(Ljava/lang/Object;[Ljava/lang/Object;)Ljava/lang/Object; (62 bytes) @ 0x0000000003b24fd4 [0x0000000003b24ee0+0xf4]
j  org.springframework.web.method.support.InvocableHandlerMethod.doInvoke([Ljava/lang/Object;)Ljava/lang/Object;+32
j  org.springframework.web.method.support.InvocableHandlerMethod.invokeForRequest(Lorg/springframework/web/context/request/NativeWebRequest;Lorg/springframework/web/method/support/ModelAndViewContainer;[Ljava/lang/Object;)Ljava/lang/Object;+54
j  org.springframework.web.servlet.mvc.method.annotation.ServletInvocableHandlerMethod.invokeAndHandle(Lorg/springframework/web/context/request/ServletWebRequest;Lorg/springframework/web/method/support/ModelAndViewContainer;[Ljava/lang/Object;)V+4
j  org.springframework.web.servlet.mvc.method.annotation.RequestMappingHandlerAdapter.invokeHandlerMethod(Ljavax/servlet/http/HttpServletRequest;Ljavax/servlet/http/HttpServletResponse;Lorg/springframework/web/method/HandlerMethod;)Lorg/springframework/web/servlet/ModelAndView;+244
j  org.springframework.web.servlet.mvc.method.annotation.RequestMappingHandlerAdapter.handleInternal(Ljavax/servlet/http/HttpServletRequest;Ljavax/servlet/http/HttpServletResponse;Lorg/springframework/web/method/HandlerMethod;)Lorg/springframework/web/servlet/ModelAndView;+81
j  org.springframework.web.servlet.mvc.method.AbstractHandlerMethodAdapter.handle(Ljavax/servlet/http/HttpServletRequest;Ljavax/servlet/http/HttpServletResponse;Ljava/lang/Object;)Lorg/springframework/web/servlet/ModelAndView;+7
j  org.springframework.web.servlet.DispatcherServlet.doDispatch(Ljavax/servlet/http/HttpServletRequest;Ljavax/servlet/http/HttpServletResponse;)V+259
j  org.springframework.web.servlet.DispatcherServlet.doService(Ljavax/servlet/http/HttpServletRequest;Ljavax/servlet/http/HttpServletResponse;)V+241
j  org.springframework.web.servlet.FrameworkServlet.processRequest(Ljavax/servlet/http/HttpServletRequest;Ljavax/servlet/http/HttpServletResponse;)V+71
j  org.springframework.web.servlet.FrameworkServlet.doPost(Ljavax/servlet/http/HttpServletRequest;Ljavax/servlet/http/HttpServletResponse;)V+3
j  javax.servlet.http.HttpServlet.service(Ljavax/servlet/http/HttpServletRequest;Ljavax/servlet/http/HttpServletResponse;)V+149
j  org.springframework.web.servlet.FrameworkServlet.service(Ljavax/servlet/http/HttpServletRequest;Ljavax/servlet/http/HttpServletResponse;)V+33
j  javax.servlet.http.HttpServlet.service(Ljavax/servlet/ServletRequest;Ljavax/servlet/ServletResponse;)V+36
j  org.apache.catalina.core.ApplicationFilterChain.internalDoFilter(Ljavax/servlet/ServletRequest;Ljavax/servlet/ServletResponse;)V+304
j  org.apache.catalina.core.ApplicationFilterChain.doFilter(Ljavax/servlet/ServletRequest;Ljavax/servlet/ServletResponse;)V+99
j  org.apache.tomcat.websocket.server.WsFilter.doFilter(Ljavax/servlet/ServletRequest;Ljavax/servlet/ServletResponse;Ljavax/servlet/FilterChain;)V+21
j  org.apache.catalina.core.ApplicationFilterChain.internalDoFilter(Ljavax/servlet/ServletRequest;Ljavax/servlet/ServletResponse;)V+135
j  org.apache.catalina.core.ApplicationFilterChain.doFilter(Ljavax/servlet/ServletRequest;Ljavax/servlet/ServletResponse;)V+99
j  org.springframework.web.filter.RequestContextFilter.doFilterInternal(Ljavax/servlet/http/HttpServletRequest;Ljavax/servlet/http/HttpServletResponse;Ljavax/servlet/FilterChain;)V+21
j  org.springframework.web.filter.OncePerRequestFilter.doFilter(Ljavax/servlet/ServletRequest;Ljavax/servlet/ServletResponse;Ljavax/servlet/FilterChain;)V+147
j  org.apache.catalina.core.ApplicationFilterChain.internalDoFilter(Ljavax/servlet/ServletRequest;Ljavax/servlet/ServletResponse;)V+135
j  org.apache.catalina.core.ApplicationFilterChain.doFilter(Ljavax/servlet/ServletRequest;Ljavax/servlet/ServletResponse;)V+99
j  org.springframework.web.filter.FormContentFilter.doFilterInternal(Ljavax/servlet/http/HttpServletRequest;Ljavax/servlet/http/HttpServletResponse;Ljavax/servlet/FilterChain;)V+38
j  org.springframework.web.filter.OncePerRequestFilter.doFilter(Ljavax/servlet/ServletRequest;Ljavax/servlet/ServletResponse;Ljavax/servlet/FilterChain;)V+147
j  org.apache.catalina.core.ApplicationFilterChain.internalDoFilter(Ljavax/servlet/ServletRequest;Ljavax/servlet/ServletResponse;)V+135
j  org.apache.catalina.core.ApplicationFilterChain.doFilter(Ljavax/servlet/ServletRequest;Ljavax/servlet/ServletResponse;)V+99
j  org.springframework.web.filter.CharacterEncodingFilter.doFilterInternal(Ljavax/servlet/http/HttpServletRequest;Ljavax/servlet/http/HttpServletResponse;Ljavax/servlet/FilterChain;)V+53
j  org.springframework.web.filter.OncePerRequestFilter.doFilter(Ljavax/servlet/ServletRequest;Ljavax/servlet/ServletResponse;Ljavax/servlet/FilterChain;)V+147
j  org.apache.catalina.core.ApplicationFilterChain.internalDoFilter(Ljavax/servlet/ServletRequest;Ljavax/servlet/ServletResponse;)V+135
j  org.apache.catalina.core.ApplicationFilterChain.doFilter(Ljavax/servlet/ServletRequest;Ljavax/servlet/ServletResponse;)V+99
j  org.apache.catalina.core.StandardWrapperValve.invoke(Lorg/apache/catalina/connector/Request;Lorg/apache/catalina/connector/Response;)V+694
j  org.apache.catalina.core.StandardContextValve.invoke(Lorg/apache/catalina/connector/Request;Lorg/apache/catalina/connector/Response;)V+169
j  org.apache.catalina.authenticator.AuthenticatorBase.invoke(Lorg/apache/catalina/connector/Request;Lorg/apache/catalina/connector/Response;)V+260
j  org.apache.catalina.core.StandardHostValve.invoke(Lorg/apache/catalina/connector/Request;Lorg/apache/catalina/connector/Response;)V+128
j  org.apache.catalina.valves.ErrorReportValve.invoke(Lorg/apache/catalina/connector/Request;Lorg/apache/catalina/connector/Response;)V+6
j  org.apache.catalina.core.StandardEngineValve.invoke(Lorg/apache/catalina/connector/Request;Lorg/apache/catalina/connector/Response;)V+59
j  org.apache.catalina.connector.CoyoteAdapter.service(Lorg/apache/coyote/Request;Lorg/apache/coyote/Response;)V+199
j  org.apache.coyote.http11.Http11Processor.service(Lorg/apache/tomcat/util/net/SocketWrapperBase;)Lorg/apache/tomcat/util/net/AbstractEndpoint$Handler$SocketState;+737
j  org.apache.coyote.AbstractProcessorLight.process(Lorg/apache/tomcat/util/net/SocketWrapperBase;Lorg/apache/tomcat/util/net/SocketEvent;)Lorg/apache/tomcat/util/net/AbstractEndpoint$Handler$SocketState;+170
j  org.apache.coyote.AbstractProtocol$ConnectionHandler.process(Lorg/apache/tomcat/util/net/SocketWrapperBase;Lorg/apache/tomcat/util/net/SocketEvent;)Lorg/apache/tomcat/util/net/AbstractEndpoint$Handler$SocketState;+505
j  org.apache.tomcat.util.net.NioEndpoint$SocketProcessor.doRun()V+216
j  org.apache.tomcat.util.net.SocketProcessorBase.run()V+21
j  java.util.concurrent.ThreadPoolExecutor.runWorker(Ljava/util/concurrent/ThreadPoolExecutor$Worker;)V+95
j  java.util.concurrent.ThreadPoolExecutor$Worker.run()V+5
j  org.apache.tomcat.util.threads.TaskThread$WrappingRunnable.run()V+4
j  java.lang.Thread.run()V+11
v  ~StubRoutines::call_stub

---------------  P R O C E S S  ---------------

Java Threads: ( => current thread )
  0x000000001edc3000 JavaThread "lettuce-eventExecutorLoop-1-7" daemon [_thread_blocked, id=21196, stack(0x0000000041860000,0x0000000041960000)]
  0x000000001edca000 JavaThread "lettuce-eventExecutorLoop-1-8" daemon [_thread_blocked, id=18888, stack(0x0000000041760000,0x0000000041860000)]
  0x000000001edc7800 JavaThread "lettuce-eventExecutorLoop-1-6" daemon [_thread_blocked, id=21176, stack(0x0000000041660000,0x0000000041760000)]
  0x000000001edc4800 JavaThread "lettuce-eventExecutorLoop-1-5" daemon [_thread_blocked, id=21184, stack(0x0000000041560000,0x0000000041660000)]
  0x000000001edc9000 JavaThread "lettuce-eventExecutorLoop-1-4" daemon [_thread_blocked, id=21156, stack(0x0000000041460000,0x0000000041560000)]
  0x000000001edc6000 JavaThread "Java2D Disposer" daemon [_thread_blocked, id=21120, stack(0x0000000041360000,0x0000000041460000)]
  0x000000001edc8800 JavaThread "lettuce-eventExecutorLoop-1-3" daemon [_thread_blocked, id=19864, stack(0x0000000040e60000,0x0000000040f60000)]
  0x000000001edc7000 JavaThread "DiscoveryClient-HeartbeatExecutor-0" daemon [_thread_blocked, id=12152, stack(0x0000000040d60000,0x0000000040e60000)]
  0x000000001edc5800 JavaThread "DiscoveryClient-CacheRefreshExecutor-0" daemon [_thread_blocked, id=15028, stack(0x0000000040c60000,0x0000000040d60000)]
  0x000000001ee71800 JavaThread "lettuce-eventExecutorLoop-1-2" daemon [_thread_blocked, id=19632, stack(0x0000000040960000,0x0000000040a60000)]
  0x000000001ee70800 JavaThread "lettuce-eventExecutorLoop-1-1" daemon [_thread_blocked, id=4332, stack(0x00000000238c0000,0x00000000239c0000)]
  0x000000001ee70000 JavaThread "lettuce-nioEventLoop-4-1" daemon [_thread_in_native, id=18284, stack(0x00000000226b0000,0x00000000227b0000)]
  0x000000001ee72000 JavaThread "RMI TCP Connection(idle)" daemon [_thread_blocked, id=15532, stack(0x00000000221b0000,0x00000000222b0000)]
  0x000000001ee6f000 JavaThread "RMI TCP Connection(idle)" daemon [_thread_blocked, id=20080, stack(0x0000000021fb0000,0x00000000220b0000)]
  0x000000001ee67800 JavaThread "DestroyJavaVM" [_thread_blocked, id=18044, stack(0x00000000033f0000,0x00000000034f0000)]
  0x000000001ee6e800 JavaThread "http-nio-8081-Acceptor" daemon [_thread_in_native, id=3300, stack(0x0000000021eb0000,0x0000000021fb0000)]
  0x000000001ee6d800 JavaThread "http-nio-8081-ClientPoller" daemon [_thread_in_native, id=18456, stack(0x0000000021db0000,0x0000000021eb0000)]
  0x000000001ee6c000 JavaThread "http-nio-8081-exec-10" daemon [_thread_in_native, id=19868, stack(0x0000000021cb0000,0x0000000021db0000)]
  0x000000001ee6d000 JavaThread "http-nio-8081-exec-9" daemon [_thread_in_native, id=14400, stack(0x0000000021bb0000,0x0000000021cb0000)]
  0x000000001ee67000 JavaThread "http-nio-8081-exec-8" daemon [_thread_blocked, id=19984, stack(0x0000000021ab0000,0x0000000021bb0000)]
  0x000000001ee6b800 JavaThread "http-nio-8081-exec-7" daemon [_thread_in_native, id=12780, stack(0x00000000219b0000,0x0000000021ab0000)]
=>0x000000001ee64000 JavaThread "http-nio-8081-exec-6" daemon [_thread_in_native, id=16640, stack(0x00000000218b0000,0x00000000219b0000)]
  0x000000001ee66000 JavaThread "http-nio-8081-exec-5" daemon [_thread_blocked, id=17580, stack(0x00000000217b0000,0x00000000218b0000)]
  0x000000001ee6a800 JavaThread "http-nio-8081-exec-4" daemon [_thread_blocked, id=16224, stack(0x00000000216b0000,0x00000000217b0000)]
  0x000000001ee68800 JavaThread "http-nio-8081-exec-3" daemon [_thread_in_native, id=14032, stack(0x00000000215b0000,0x00000000216b0000)]
  0x000000001ee63000 JavaThread "http-nio-8081-exec-2" daemon [_thread_in_native, id=16944, stack(0x00000000214b0000,0x00000000215b0000)]
  0x000000001ee65800 JavaThread "http-nio-8081-exec-1" daemon [_thread_blocked, id=8200, stack(0x00000000213b0000,0x00000000214b0000)]
  0x000000001ee64800 JavaThread "http-nio-8081-BlockPoller" daemon [_thread_in_native, id=16572, stack(0x00000000212b0000,0x00000000213b0000)]
  0x000000001ee6a000 JavaThread "DiscoveryClient-InstanceInfoReplicator-0" daemon [_thread_blocked, id=3008, stack(0x0000000020fb0000,0x00000000210b0000)]
  0x000000001ee69000 JavaThread "DiscoveryClient-1" daemon [_thread_blocked, id=17520, stack(0x0000000020eb0000,0x0000000020fb0000)]
  0x000000001c40d000 JavaThread "DiscoveryClient-0" daemon [_thread_blocked, id=19764, stack(0x0000000020db0000,0x0000000020eb0000)]
  0x000000001c40b800 JavaThread "RMI TCP Connection(idle)" daemon [_thread_blocked, id=11520, stack(0x0000000020cb0000,0x0000000020db0000)]
  0x000000001c40f000 JavaThread "AsyncResolver-bootstrap-0" daemon [_thread_blocked, id=12364, stack(0x00000000207b0000,0x00000000208b0000)]
  0x000000001c40a000 JavaThread "spring.cloud.inetutils" daemon [_thread_blocked, id=19936, stack(0x00000000206b0000,0x00000000207b0000)]
  0x000000001c40a800 JavaThread "lettuce-timer-3-1" daemon [_thread_blocked, id=6392, stack(0x000000001ffb0000,0x00000000200b0000)]
  0x000000001c40e800 JavaThread "container-0" [_thread_blocked, id=2220, stack(0x000000001fcb0000,0x000000001fdb0000)]
  0x000000001c408800 JavaThread "Catalina-utility-2" [_thread_blocked, id=11748, stack(0x000000001fbb0000,0x000000001fcb0000)]
  0x000000001c40d800 JavaThread "Catalina-utility-1" [_thread_blocked, id=12024, stack(0x000000001d4e0000,0x000000001d5e0000)]
  0x000000001c40c000 JavaThread "RMI TCP Connection(idle)" daemon [_thread_blocked, id=13372, stack(0x000000001e0e0000,0x000000001e1e0000)]
  0x000000001c12c000 JavaThread "RMI TCP Connection(idle)" daemon [_thread_blocked, id=3268, stack(0x000000001d3e0000,0x000000001d4e0000)]
  0x000000001c129000 JavaThread "RMI Scheduler(0)" daemon [_thread_blocked, id=19748, stack(0x000000001d2e0000,0x000000001d3e0000)]
  0x000000001c105000 JavaThread "RMI TCP Connection(idle)" daemon [_thread_blocked, id=19736, stack(0x000000001d1e0000,0x000000001d2e0000)]
  0x000000001b3ea000 JavaThread "RMI TCP Accept-0" daemon [_thread_in_native, id=16296, stack(0x000000001bd60000,0x000000001be60000)]
  0x000000001b3c2800 JavaThread "RMI TCP Accept-64746" daemon [_thread_in_native, id=18716, stack(0x000000001bc60000,0x000000001bd60000)]
  0x000000001b3af800 JavaThread "RMI TCP Accept-0" daemon [_thread_in_native, id=4176, stack(0x000000001bb60000,0x000000001bc60000)]
  0x000000001b184800 JavaThread "Service Thread" daemon [_thread_blocked, id=13328, stack(0x000000001ba60000,0x000000001bb60000)]
  0x000000001b0e7000 JavaThread "C1 CompilerThread3" daemon [_thread_blocked, id=132, stack(0x000000001b960000,0x000000001ba60000)]
  0x000000001b0e6000 JavaThread "C2 CompilerThread2" daemon [_thread_blocked, id=18868, stack(0x000000001b860000,0x000000001b960000)]
  0x000000001b0e5800 JavaThread "C2 CompilerThread1" daemon [_thread_blocked, id=17564, stack(0x000000001b760000,0x000000001b860000)]
  0x000000001b0e0800 JavaThread "C2 CompilerThread0" daemon [_thread_blocked, id=20432, stack(0x000000001b660000,0x000000001b760000)]
  0x000000001b0df000 JavaThread "Monitor Ctrl-Break" daemon [_thread_in_native, id=12864, stack(0x000000001b560000,0x000000001b660000)]
  0x000000001a542000 JavaThread "Attach Listener" daemon [_thread_blocked, id=6408, stack(0x000000001ac60000,0x000000001ad60000)]
  0x000000001a59b000 JavaThread "Signal Dispatcher" daemon [_thread_blocked, id=1464, stack(0x000000001ab60000,0x000000001ac60000)]
  0x0000000018744000 JavaThread "Finalizer" daemon [_thread_blocked, id=16560, stack(0x000000001aa00000,0x000000001ab00000)]
  0x000000001a520800 JavaThread "Reference Handler" daemon [_thread_blocked, id=18936, stack(0x000000001a900000,0x000000001aa00000)]

Other Threads:
  0x0000000018736800 VMThread [stack: 0x000000001a400000,0x000000001a500000] [id=2748]
  0x000000001b430800 WatcherThread [stack: 0x000000001be60000,0x000000001bf60000] [id=14148]

VM state:not at safepoint (normal execution)

VM Mutex/Monitor currently owned by a thread: None

heap address: 0x0000000081200000, size: 2030 MB, Compressed Oops mode: 32-bit
Narrow klass base: 0x0000000000000000, Narrow klass shift: 3
Compressed class space size: 1073741824 Address: 0x0000000100000000

Heap:
 PSYoungGen      total 275968K, used 74234K [0x00000000d5b80000, 0x00000000ec880000, 0x0000000100000000)
  eden space 260608K, 22% used [0x00000000d5b80000,0x00000000d95054c0,0x00000000e5a00000)
  from space 15360K, 99% used [0x00000000e5a00000,0x00000000e68f9358,0x00000000e6900000)
  to   space 24064K, 0% used [0x00000000eb100000,0x00000000eb100000,0x00000000ec880000)
 ParOldGen       total 77824K, used 37537K [0x0000000081200000, 0x0000000085e00000, 0x00000000d5b80000)
  object space 77824K, 48% used [0x0000000081200000,0x00000000836a8550,0x0000000085e00000)
 Metaspace       used 54722K, capacity 58350K, committed 58584K, reserved 1099776K
  class space    used 7509K, capacity 8172K, committed 8192K, reserved 1048576K

Card table byte_map: [0x0000000012b30000,0x0000000012f30000] byte_map_base: 0x0000000012727000

Marking Bits: (ParMarkBitMap*) 0x0000000060af4ce0
 Begin Bits: [0x00000000139e0000, 0x0000000015998000)
 End Bits:   [0x0000000015998000, 0x0000000017950000)

Polling page: 0x00000000012f0000

CodeCache: size=245760Kb used=9744Kb max_used=9744Kb free=236016Kb
 bounds [0x0000000003770000, 0x0000000004100000, 0x0000000012770000]
 total_blobs=5659 nmethods=5063 adapters=507
 compilation: enabled

Compilation events (10 events):
Event: 60.252 Thread 0x000000001b0e7000 5192       1       javax.imageio.stream.ImageInputStreamImpl::getBitOffset (9 bytes)
Event: 60.252 Thread 0x000000001b0e7000 nmethod 5192 0x00000000040f3650 code [0x00000000040f37c0, 0x00000000040f3988]
Event: 60.252 Thread 0x000000001b0e7000 5193       1       javax.imageio.stream.ImageInputStreamImpl::reset (69 bytes)
Event: 60.253 Thread 0x000000001b0e7000 nmethod 5193 0x00000000040f3a50 code [0x00000000040f3d00, 0x00000000040f5388]
Event: 60.254 Thread 0x000000001b0e7000 5194       1       java.util.Hashtable::<init> (114 bytes)
Event: 60.255 Thread 0x000000001b0e7000 nmethod 5194 0x00000000040f6190 code [0x00000000040f63c0, 0x00000000040f6bf8]
Event: 60.255 Thread 0x000000001b0e7000 5195       1       java.util.Dictionary::<init> (5 bytes)
Event: 60.255 Thread 0x000000001b0e7000 nmethod 5195 0x00000000040f7110 code [0x00000000040f7260, 0x00000000040f7370]
Event: 60.255 Thread 0x000000001b0e7000 5196       1       java.awt.Rectangle::<init> (26 bytes)
Event: 60.255 Thread 0x000000001b0e7000 nmethod 5196 0x00000000040f7410 code [0x00000000040f7560, 0x00000000040f7670]

GC Heap History (10 events):
Event: 3.749 GC heap before
{Heap before GC invocations=9 (full 1):
 PSYoungGen      total 140288K, used 140257K [0x00000000d5b80000, 0x00000000e2500000, 0x0000000100000000)
  eden space 131072K, 100% used [0x00000000d5b80000,0x00000000ddb80000,0x00000000ddb80000)
  from space 9216K, 99% used [0x00000000ddb80000,0x00000000de478598,0x00000000de480000)
  to   space 10752K, 0% used [0x00000000e1a80000,0x00000000e1a80000,0x00000000e2500000)
 ParOldGen       total 56320K, used 9195K [0x0000000081200000, 0x0000000084900000, 0x00000000d5b80000)
  object space 56320K, 16% used [0x0000000081200000,0x0000000081afae98,0x0000000084900000)
 Metaspace       used 32759K, capacity 34826K, committed 35200K, reserved 1079296K
  class space    used 4494K, capacity 4873K, committed 4992K, reserved 1048576K
Event: 3.757 GC heap after
Heap after GC invocations=9 (full 1):
 PSYoungGen      total 193536K, used 10746K [0x00000000d5b80000, 0x00000000e4480000, 0x0000000100000000)
  eden space 182784K, 0% used [0x00000000d5b80000,0x00000000d5b80000,0x00000000e0e00000)
  from space 10752K, 99% used [0x00000000e1a80000,0x00000000e24fe9b0,0x00000000e2500000)
  to   space 12800K, 0% used [0x00000000e0e00000,0x00000000e0e00000,0x00000000e1a80000)
 ParOldGen       total 56320K, used 11616K [0x0000000081200000, 0x0000000084900000, 0x00000000d5b80000)
  object space 56320K, 20% used [0x0000000081200000,0x0000000081d58350,0x0000000084900000)
 Metaspace       used 32759K, capacity 34826K, committed 35200K, reserved 1079296K
  class space    used 4494K, capacity 4873K, committed 4992K, reserved 1048576K
}
Event: 3.801 GC heap before
{Heap before GC invocations=10 (full 1):
 PSYoungGen      total 193536K, used 20492K [0x00000000d5b80000, 0x00000000e4480000, 0x0000000100000000)
  eden space 182784K, 5% used [0x00000000d5b80000,0x00000000d6504720,0x00000000e0e00000)
  from space 10752K, 99% used [0x00000000e1a80000,0x00000000e24fe9b0,0x00000000e2500000)
  to   space 12800K, 0% used [0x00000000e0e00000,0x00000000e0e00000,0x00000000e1a80000)
 ParOldGen       total 56320K, used 11616K [0x0000000081200000, 0x0000000084900000, 0x00000000d5b80000)
  object space 56320K, 20% used [0x0000000081200000,0x0000000081d58350,0x0000000084900000)
 Metaspace       used 33256K, capacity 35320K, committed 35416K, reserved 1079296K
  class space    used 4576K, capacity 4958K, committed 4992K, reserved 1048576K
Event: 3.806 GC heap after
Heap after GC invocations=10 (full 1):
 PSYoungGen      total 195584K, used 7321K [0x00000000d5b80000, 0x00000000e7800000, 0x0000000100000000)
  eden space 182784K, 0% used [0x00000000d5b80000,0x00000000d5b80000,0x00000000e0e00000)
  from space 12800K, 57% used [0x00000000e0e00000,0x00000000e1526508,0x00000000e1a80000)
  to   space 12288K, 0% used [0x00000000e6c00000,0x00000000e6c00000,0x00000000e7800000)
 ParOldGen       total 56320K, used 12828K [0x0000000081200000, 0x0000000084900000, 0x00000000d5b80000)
  object space 56320K, 22% used [0x0000000081200000,0x0000000081e871c8,0x0000000084900000)
 Metaspace       used 33256K, capacity 35320K, committed 35416K, reserved 1079296K
  class space    used 4576K, capacity 4958K, committed 4992K, reserved 1048576K
}
Event: 3.806 GC heap before
{Heap before GC invocations=11 (full 2):
 PSYoungGen      total 195584K, used 7321K [0x00000000d5b80000, 0x00000000e7800000, 0x0000000100000000)
  eden space 182784K, 0% used [0x00000000d5b80000,0x00000000d5b80000,0x00000000e0e00000)
  from space 12800K, 57% used [0x00000000e0e00000,0x00000000e1526508,0x00000000e1a80000)
  to   space 12288K, 0% used [0x00000000e6c00000,0x00000000e6c00000,0x00000000e7800000)
 ParOldGen       total 56320K, used 12828K [0x0000000081200000, 0x0000000084900000, 0x00000000d5b80000)
  object space 56320K, 22% used [0x0000000081200000,0x0000000081e871c8,0x0000000084900000)
 Metaspace       used 33256K, capacity 35320K, committed 35416K, reserved 1079296K
  class space    used 4576K, capacity 4958K, committed 4992K, reserved 1048576K
Event: 3.845 GC heap after
Heap after GC invocations=11 (full 2):
 PSYoungGen      total 195584K, used 0K [0x00000000d5b80000, 0x00000000e7800000, 0x0000000100000000)
  eden space 182784K, 0% used [0x00000000d5b80000,0x00000000d5b80000,0x00000000e0e00000)
  from space 12800K, 0% used [0x00000000e0e00000,0x00000000e0e00000,0x00000000e1a80000)
  to   space 12288K, 0% used [0x00000000e6c00000,0x00000000e6c00000,0x00000000e7800000)
 ParOldGen       total 77824K, used 14213K [0x0000000081200000, 0x0000000085e00000, 0x00000000d5b80000)
  object space 77824K, 18% used [0x0000000081200000,0x0000000081fe16a8,0x0000000085e00000)
 Metaspace       used 33256K, capacity 35320K, committed 35416K, reserved 1079296K
  class space    used 4576K, capacity 4958K, committed 4992K, reserved 1048576K
}
Event: 5.971 GC heap before
{Heap before GC invocations=12 (full 2):
 PSYoungGen      total 195584K, used 182784K [0x00000000d5b80000, 0x00000000e7800000, 0x0000000100000000)
  eden space 182784K, 100% used [0x00000000d5b80000,0x00000000e0e00000,0x00000000e0e00000)
  from space 12800K, 0% used [0x00000000e0e00000,0x00000000e0e00000,0x00000000e1a80000)
  to   space 12288K, 0% used [0x00000000e6c00000,0x00000000e6c00000,0x00000000e7800000)
 ParOldGen       total 77824K, used 14213K [0x0000000081200000, 0x0000000085e00000, 0x00000000d5b80000)
  object space 77824K, 18% used [0x0000000081200000,0x0000000081fe16a8,0x0000000085e00000)
 Metaspace       used 43923K, capacity 46790K, committed 47064K, reserved 1089536K
  class space    used 6038K, capacity 6572K, committed 6656K, reserved 1048576K
Event: 5.981 GC heap after
Heap after GC invocations=12 (full 2):
 PSYoungGen      total 260096K, used 12270K [0x00000000d5b80000, 0x00000000e7800000, 0x0000000100000000)
  eden space 247808K, 0% used [0x00000000d5b80000,0x00000000d5b80000,0x00000000e4d80000)
  from space 12288K, 99% used [0x00000000e6c00000,0x00000000e77fba50,0x00000000e7800000)
  to   space 15360K, 0% used [0x00000000e5a00000,0x00000000e5a00000,0x00000000e6900000)
 ParOldGen       total 77824K, used 18752K [0x0000000081200000, 0x0000000085e00000, 0x00000000d5b80000)
  object space 77824K, 24% used [0x0000000081200000,0x0000000082450340,0x0000000085e00000)
 Metaspace       used 43923K, capacity 46790K, committed 47064K, reserved 1089536K
  class space    used 6038K, capacity 6572K, committed 6656K, reserved 1048576K
}
Event: 59.571 GC heap before
{Heap before GC invocations=13 (full 2):
 PSYoungGen      total 260096K, used 260078K [0x00000000d5b80000, 0x00000000e7800000, 0x0000000100000000)
  eden space 247808K, 100% used [0x00000000d5b80000,0x00000000e4d80000,0x00000000e4d80000)
  from space 12288K, 99% used [0x00000000e6c00000,0x00000000e77fba50,0x00000000e7800000)
  to   space 15360K, 0% used [0x00000000e5a00000,0x00000000e5a00000,0x00000000e6900000)
 ParOldGen       total 77824K, used 18752K [0x0000000081200000, 0x0000000085e00000, 0x00000000d5b80000)
  object space 77824K, 24% used [0x0000000081200000,0x0000000082450340,0x0000000085e00000)
 Metaspace       used 54722K, capacity 58350K, committed 58584K, reserved 1099776K
  class space    used 7509K, capacity 8172K, committed 8192K, reserved 1048576K
Event: 59.595 GC heap after
Heap after GC invocations=13 (full 2):
 PSYoungGen      total 275968K, used 15332K [0x00000000d5b80000, 0x00000000ec880000, 0x0000000100000000)
  eden space 260608K, 0% used [0x00000000d5b80000,0x00000000d5b80000,0x00000000e5a00000)
  from space 15360K, 99% used [0x00000000e5a00000,0x00000000e68f9358,0x00000000e6900000)
  to   space 24064K, 0% used [0x00000000eb100000,0x00000000eb100000,0x00000000ec880000)
 ParOldGen       total 77824K, used 37537K [0x0000000081200000, 0x0000000085e00000, 0x00000000d5b80000)
  object space 77824K, 48% used [0x0000000081200000,0x00000000836a8550,0x0000000085e00000)
 Metaspace       used 54722K, capacity 58350K, committed 58584K, reserved 1099776K
  class space    used 7509K, capacity 8172K, committed 8192K, reserved 1048576K
}

Deoptimization events (0 events):
No events

Classes redefined (0 events):
No events

Internal exceptions (10 events):
Event: 59.208 Thread 0x000000001ee65800 Exception <a 'java/io/IOException'> (0x00000000e1793d20) thrown at [C:\re\workspace\8-2-build-windows-amd64-cygwin\jdk8u201\12322\hotspot\src\share\vm\prims\jni.cpp, line 709]
Event: 59.223 Thread 0x000000001ee6a800 Exception <a 'java/io/IOException'> (0x00000000e2aeb488) thrown at [C:\re\workspace\8-2-build-windows-amd64-cygwin\jdk8u201\12322\hotspot\src\share\vm\prims\jni.cpp, line 709]
Event: 59.372 Thread 0x000000001ee6b800 Exception <a 'java/lang/reflect/InvocationTargetException'> (0x00000000e399d4e8) thrown at [C:\re\workspace\8-2-build-windows-amd64-cygwin\jdk8u201\12322\hotspot\src\share\vm\runtime\reflection.cpp, line 1092]
Event: 59.372 Thread 0x000000001ee67000 Exception <a 'java/lang/reflect/InvocationTargetException'> (0x00000000e37e3538) thrown at [C:\re\workspace\8-2-build-windows-amd64-cygwin\jdk8u201\12322\hotspot\src\share\vm\runtime\reflection.cpp, line 1092]
Event: 59.388 Thread 0x000000001ee6d000 Exception <a 'java/lang/reflect/InvocationTargetException'> (0x00000000e3e077f8) thrown at [C:\re\workspace\8-2-build-windows-amd64-cygwin\jdk8u201\12322\hotspot\src\share\vm\runtime\reflection.cpp, line 1092]
Event: 59.412 Thread 0x000000001ee64000 Exception <a 'java/io/IOException'> (0x00000000e2f43a78) thrown at [C:\re\workspace\8-2-build-windows-amd64-cygwin\jdk8u201\12322\hotspot\src\share\vm\prims\jni.cpp, line 709]
Event: 59.427 Thread 0x000000001ee6c000 Exception <a 'java/lang/reflect/InvocationTargetException'> (0x00000000e42a3570) thrown at [C:\re\workspace\8-2-build-windows-amd64-cygwin\jdk8u201\12322\hotspot\src\share\vm\runtime\reflection.cpp, line 1092]
Event: 60.068 Thread 0x000000001ee68800 Exception <a 'java/io/IOException'> (0x00000000d60de7e8) thrown at [C:\re\workspace\8-2-build-windows-amd64-cygwin\jdk8u201\12322\hotspot\src\share\vm\prims\jni.cpp, line 709]
Event: 60.072 Thread 0x000000001ee65800 Exception <a 'java/io/IOException'> (0x00000000d6d1c970) thrown at [C:\re\workspace\8-2-build-windows-amd64-cygwin\jdk8u201\12322\hotspot\src\share\vm\prims\jni.cpp, line 709]
Event: 60.072 Thread 0x000000001ee66000 Exception <a 'java/io/IOException'> (0x00000000d67c13d8) thrown at [C:\re\workspace\8-2-build-windows-amd64-cygwin\jdk8u201\12322\hotspot\src\share\vm\prims\jni.cpp, line 709]

Events (10 events):
Event: 60.073 Executing VM operation: RevokeBias
Event: 60.073 Executing VM operation: RevokeBias done
Event: 60.073 Executing VM operation: RevokeBias
Event: 60.073 Executing VM operation: RevokeBias done
Event: 60.117 Executing VM operation: RevokeBias
Event: 60.117 Executing VM operation: RevokeBias done
Event: 60.121 Executing VM operation: RevokeBias
Event: 60.121 Executing VM operation: RevokeBias done
Event: 60.126 Executing VM operation: RevokeBias
Event: 60.126 Executing VM operation: RevokeBias done


Dynamic libraries:
0x00007ff6b01c0000 - 0x00007ff6b01f7000 	C:\Program Files\Java\jdk1.8.0_201\bin\java.exe
0x00007ffc111b0000 - 0x00007ffc113a5000 	C:\WINDOWS\SYSTEM32\ntdll.dll
0x00007ffc110a0000 - 0x00007ffc1115e000 	C:\WINDOWS\System32\KERNEL32.DLL
0x00007ffc0eae0000 - 0x00007ffc0eda9000 	C:\WINDOWS\System32\KERNELBASE.dll
0x00007ffc10270000 - 0x00007ffc1031c000 	C:\WINDOWS\System32\ADVAPI32.dll
0x00007ffc0f5a0000 - 0x00007ffc0f63e000 	C:\WINDOWS\System32\msvcrt.dll
0x00007ffc0f980000 - 0x00007ffc0fa1b000 	C:\WINDOWS\System32\sechost.dll
0x00007ffc0fea0000 - 0x00007ffc0ffca000 	C:\WINDOWS\System32\RPCRT4.dll
0x00007ffc0ffe0000 - 0x00007ffc10181000 	C:\WINDOWS\System32\USER32.dll
0x00007ffc0eab0000 - 0x00007ffc0ead2000 	C:\WINDOWS\System32\win32u.dll
0x00007ffc0f200000 - 0x00007ffc0f22b000 	C:\WINDOWS\System32\GDI32.dll
0x00007ffc0ee00000 - 0x00007ffc0ef0b000 	C:\WINDOWS\System32\gdi32full.dll
0x00007ffc0e8d0000 - 0x00007ffc0e96d000 	C:\WINDOWS\System32\msvcp_win.dll
0x00007ffc0ef70000 - 0x00007ffc0f070000 	C:\WINDOWS\System32\ucrtbase.dll
0x00007ffc000a0000 - 0x00007ffc0033a000 	C:\WINDOWS\WinSxS\amd64_microsoft.windows.common-controls_6595b64144ccf1df_6.0.19041.1110_none_60b5254171f9507e\COMCTL32.dll
0x00007ffc0f460000 - 0x00007ffc0f490000 	C:\WINDOWS\System32\IMM32.DLL
0x00000000619b0000 - 0x0000000061a81000 	C:\Program Files\Java\jdk1.8.0_201\jre\bin\msvcr100.dll
0x00000000602d0000 - 0x0000000060b74000 	C:\Program Files\Java\jdk1.8.0_201\jre\bin\server\jvm.dll
0x00007ffc11160000 - 0x00007ffc11168000 	C:\WINDOWS\System32\PSAPI.DLL
0x00007ffc01840000 - 0x00007ffc01867000 	C:\WINDOWS\SYSTEM32\WINMM.dll
0x00007ffc05240000 - 0x00007ffc0524a000 	C:\WINDOWS\SYSTEM32\VERSION.dll
0x00007ffc08230000 - 0x00007ffc08239000 	C:\WINDOWS\SYSTEM32\WSOCK32.dll
0x00007ffc0f870000 - 0x00007ffc0f8db000 	C:\WINDOWS\System32\WS2_32.dll
0x00007ffc05e40000 - 0x00007ffc05e4f000 	C:\Program Files\Java\jdk1.8.0_201\jre\bin\verify.dll
0x00007ffbf2530000 - 0x00007ffbf2559000 	C:\Program Files\Java\jdk1.8.0_201\jre\bin\java.dll
0x00007ffbee900000 - 0x00007ffbee923000 	C:\Program Files\Java\jdk1.8.0_201\jre\bin\instrument.dll
0x00007ffbf2500000 - 0x00007ffbf2516000 	C:\Program Files\Java\jdk1.8.0_201\jre\bin\zip.dll
0x00007ffc104d0000 - 0x00007ffc10c0f000 	C:\WINDOWS\System32\SHELL32.dll
0x00007ffc0c610000 - 0x00007ffc0cda0000 	C:\WINDOWS\SYSTEM32\windows.storage.dll
0x00007ffc10c70000 - 0x00007ffc10fc5000 	C:\WINDOWS\System32\combase.dll
0x00007ffc0e320000 - 0x00007ffc0e34c000 	C:\WINDOWS\SYSTEM32\Wldp.dll
0x00007ffc0f4f0000 - 0x00007ffc0f59d000 	C:\WINDOWS\System32\SHCORE.dll
0x00007ffc10c10000 - 0x00007ffc10c65000 	C:\WINDOWS\System32\shlwapi.dll
0x00007ffc0e810000 - 0x00007ffc0e82f000 	C:\WINDOWS\SYSTEM32\profapi.dll
0x00007ffbee590000 - 0x00007ffbee5aa000 	F:\subject\IDEA 2018_sssam.com\IntelliJ IDEA 2018.2.4\bin\breakgen64.dll
0x00007ffbf1100000 - 0x00007ffbf111a000 	C:\Program Files\Java\jdk1.8.0_201\jre\bin\net.dll
0x00007ffbfc9a0000 - 0x00007ffbfcb8b000 	C:\WINDOWS\SYSTEM32\urlmon.dll
0x00007ffbfcf00000 - 0x00007ffbfd1b0000 	C:\WINDOWS\SYSTEM32\iertutil.dll
0x00007ffbfc970000 - 0x00007ffbfc998000 	C:\WINDOWS\SYSTEM32\srvcli.dll
0x00007ffc0dd60000 - 0x00007ffc0dd6c000 	C:\WINDOWS\SYSTEM32\netutils.dll
0x00007ffc0e080000 - 0x00007ffc0e0ea000 	C:\WINDOWS\system32\mswsock.dll
0x00007ffc05ca0000 - 0x00007ffc05cad000 	C:\Program Files\Java\jdk1.8.0_201\jre\bin\management.dll
0x00007ffbeedc0000 - 0x00007ffbeedd1000 	C:\Program Files\Java\jdk1.8.0_201\jre\bin\nio.dll
0x00007ffbf1ce0000 - 0x00007ffbf1cf7000 	C:\WINDOWS\system32\napinsp.dll
0x00007ffbf1cc0000 - 0x00007ffbf1cdb000 	C:\WINDOWS\system32\pnrpnsp.dll
0x00007ffc08c40000 - 0x00007ffc08c55000 	C:\WINDOWS\system32\wshbth.dll
0x00007ffc09620000 - 0x00007ffc0963d000 	C:\WINDOWS\system32\NLAapi.dll
0x00007ffc0dd20000 - 0x00007ffc0dd5b000 	C:\WINDOWS\SYSTEM32\IPHLPAPI.DLL
0x00007ffc0dd70000 - 0x00007ffc0de3c000 	C:\WINDOWS\SYSTEM32\DNSAPI.dll
0x00007ffc0f970000 - 0x00007ffc0f978000 	C:\WINDOWS\System32\NSI.dll
0x00007ffbf1990000 - 0x00007ffbf19a2000 	C:\WINDOWS\System32\winrnr.dll
0x00007ffc05a00000 - 0x00007ffc05a0a000 	C:\Windows\System32\rasadhlp.dll
0x00007ffbfd8a0000 - 0x00007ffbfd91f000 	C:\WINDOWS\System32\fwpuclnt.dll
0x00007ffc0f070000 - 0x00007ffc0f097000 	C:\WINDOWS\System32\bcrypt.dll
0x00007ffc0e270000 - 0x00007ffc0e288000 	C:\WINDOWS\SYSTEM32\CRYPTSP.dll
0x00007ffc0d990000 - 0x00007ffc0d9c4000 	C:\WINDOWS\system32\rsaenh.dll
0x00007ffc0e7d0000 - 0x00007ffc0e7fe000 	C:\WINDOWS\SYSTEM32\USERENV.dll
0x00007ffc0e970000 - 0x00007ffc0e9f3000 	C:\WINDOWS\System32\bcryptprimitives.dll
0x00007ffc0e290000 - 0x00007ffc0e29c000 	C:\WINDOWS\SYSTEM32\CRYPTBASE.dll
0x00007ffc03c60000 - 0x00007ffc03c77000 	C:\WINDOWS\SYSTEM32\dhcpcsvc6.DLL
0x00007ffc04fd0000 - 0x00007ffc04fed000 	C:\WINDOWS\SYSTEM32\dhcpcsvc.DLL
0x00007ffbee560000 - 0x00007ffbee584000 	C:\Program Files\Java\jdk1.8.0_201\jre\bin\sunec.dll
0x00007ffbb8cc0000 - 0x00007ffbbbafd000 	C:\Users\lenovo\Desktop\人脸识别\Face-recognition-main\ArcSoft_ArcFace_Java_Windows_x64_V3.0\libs\WIN64\libarcsoft_face.dll
0x00007ffbf4f00000 - 0x00007ffbf4fa6000 	C:\WINDOWS\SYSTEM32\MSVCP120.dll
0x00007ffbf4650000 - 0x00007ffbf473f000 	C:\WINDOWS\SYSTEM32\MSVCR120.dll
0x00007ffbe47a0000 - 0x00007ffbe481f000 	C:\Users\lenovo\Desktop\人脸识别\Face-recognition-main\ArcSoft_ArcFace_Java_Windows_x64_V3.0\libs\WIN64\libarcsoft_face_engine.dll
0x00007ffc0f810000 - 0x00007ffc0f866000 	C:\WINDOWS\System32\WLDAP32.dll
0x00007ffbea230000 - 0x00007ffbea255000 	C:\Users\lenovo\Desktop\人脸识别\Face-recognition-main\ArcSoft_ArcFace_Java_Windows_x64_V3.0\libs\WIN64\libarcsoft_face_engine_jni.dll
0x00007ffbc8130000 - 0x00007ffbc82c9000 	C:\Program Files\Java\jdk1.8.0_201\jre\bin\awt.dll
0x00007ffc10fd0000 - 0x00007ffc1109d000 	C:\WINDOWS\System32\OLEAUT32.dll
0x00007ffc0af30000 - 0x00007ffc0afc0000 	C:\WINDOWS\SYSTEM32\apphelp.dll
0x00007ffbe30f0000 - 0x00007ffbe3121000 	C:\Program Files\Java\jdk1.8.0_201\jre\bin\jpeg.dll
0x00007ffc0ce70000 - 0x00007ffc0d054000 	C:\WINDOWS\SYSTEM32\dbghelp.dll

VM Arguments:
jvm_args: -XX:CompileCommand=exclude,org/hibernate/cfg/annotations/SimpleValueBinder.setType -XX:TieredStopAtLevel=1 -Xverify:none -Dspring.output.ansi.enabled=always -Dcom.sun.management.jmxremote -Dcom.sun.management.jmxremote.port=64746 -Dcom.sun.management.jmxremote.authenticate=false -Dcom.sun.management.jmxremote.ssl=false -Djava.rmi.server.hostname=localhost -Dspring.liveBeansView.mbeanDomain -Dspring.application.admin.enabled=true -javaagent:F:\subject\IDEA 2018_sssam.com\IntelliJ IDEA 2018.2.4\lib\idea_rt.jar=64747:F:\subject\IDEA 2018_sssam.com\IntelliJ IDEA 2018.2.4\bin -Dfile.encoding=UTF-8 
java_command: com.tangcheng.face_corn.FaceCornApplication
java_class_path (initial): C:\Program Files\Java\jdk1.8.0_201\jre\lib\charsets.jar;C:\Program Files\Java\jdk1.8.0_201\jre\lib\deploy.jar;C:\Program Files\Java\jdk1.8.0_201\jre\lib\ext\access-bridge-64.jar;C:\Program Files\Java\jdk1.8.0_201\jre\lib\ext\cldrdata.jar;C:\Program Files\Java\jdk1.8.0_201\jre\lib\ext\dnsns.jar;C:\Program Files\Java\jdk1.8.0_201\jre\lib\ext\jaccess.jar;C:\Program Files\Java\jdk1.8.0_201\jre\lib\ext\jfxrt.jar;C:\Program Files\Java\jdk1.8.0_201\jre\lib\ext\localedata.jar;C:\Program Files\Java\jdk1.8.0_201\jre\lib\ext\nashorn.jar;C:\Program Files\Java\jdk1.8.0_201\jre\lib\ext\sunec.jar;C:\Program Files\Java\jdk1.8.0_201\jre\lib\ext\sunjce_provider.jar;C:\Program Files\Java\jdk1.8.0_201\jre\lib\ext\sunmscapi.jar;C:\Program Files\Java\jdk1.8.0_201\jre\lib\ext\sunpkcs11.jar;C:\Program Files\Java\jdk1.8.0_201\jre\lib\ext\zipfs.jar;C:\Program Files\Java\jdk1.8.0_201\jre\lib\javaws.jar;C:\Program Files\Java\jdk1.8.0_201\jre\lib\jce.jar;C:\Program Files\Java\jdk1.8.0_201\jre\lib\jfr.jar;C:\Program Files\Java\jdk1.8.0_201\jre\lib\jfxswt.jar;C:\Program Files\Java\jdk1.8.0_201\jre\lib\jsse.jar;C:\Program Files\Java\jdk1.8.0_201\jre\lib\management-agent.jar;C:\Program Files\Java\jdk1.8.0_201\jre\lib\plugin.jar;C:\Program Files\Java\jdk1.8.0_201\jre\lib\resources.jar;C:\Program Files\Java\jdk1.8.0_201\jre\lib\rt.jar;C:\Users\lenovo\Desktop\人脸识别\Face-recognition-main\facesystem\face_corn\target\classes;C:\Users\lenovo\Desktop\人脸识别\Face-recognition-main\facesystem\common\target\classes;F:\subject\JavaWeb\maven-l\com\auth0\java-jwt\3.4.0\java-jwt-3.4.0.jar;F:\subject\JavaWeb\maven-l\commons-codec\commons-codec\1.15\commons-codec-1.15.jar;F:\subject\JavaWeb\maven-l\com\aliyun\oss\aliyun-sdk-oss\3.12.0\aliyun-sdk-oss-3.12.0.jar;F:\subject\JavaWeb\maven-l\org\apache\httpcomponents\httpclient\4.5.13\httpclient-4.5.13.jar;F:\subject\JavaWeb\maven-l\org\apache\httpcomponents\httpcore\4.4.14\httpcore-4.4.14.jar;F:\subject\JavaWeb\maven-l\org\jdom\jdom2\2.
Launcher Type: SUN_STANDARD

Environment Variables:
JAVA_HOME=C:\Program Files\Java\jdk1.8.0_201
CLASSPATH=.;C:\Program Files\Java\jdk1.8.0_201\lib\dt.jar,C:\Program Files\Java\jdk1.8.0_201\lib\tools.jar;F:\subject\JavaWeb\apache-tomcat-8.5.45\lib\servlet-api.jar
PATH=C:\Program Files (x86)\Common Files\Oracle\Java\javapath;C:\WINDOWS\system32;C:\WINDOWS;C:\WINDOWS\System32\Wbem;C:\WINDOWS\System32\WindowsPowerShell\v1.0\;C:\WINDOWS\System32\OpenSSH\;F:\subject\JavaWeb\apache-tomcat-8.5.45\bin;F:\subject\JavaWeb\apache-tomcat-8.5.45\lib;C:\Program Files\NVIDIA Corporation\NVIDIA NvDLISR;F:\subject\JavaWeb\apache-maven-3.3.9\bin;F:\subject\JavaWeb\Gradle\gradle-6.9.1\bin;F:\subject\JavaWeb\nodejs;C:\Program Files\Java\jdk1.8.0_201\bin;C:\Program Files\MySQL\MySQL Server 8.0\bin;F:\subject\JavaWeb\env\MongoDB\bin;C:\Users\lenovo\AppData\Local\Microsoft\WindowsApps;F:\subject\PyCharm\PyCharm Community Edition 2020.3.3\bin;;F:\subject\JavaWeb\Microsoft VS Code\bin;F:\subject\JavaWeb\nodejs\node_global;
USERNAME=lenovo
OS=Windows_NT
PROCESSOR_IDENTIFIER=Intel64 Family 6 Model 158 Stepping 10, GenuineIntel



---------------  S Y S T E M  ---------------

OS: Windows 10.0 , 64 bit Build 19041 (10.0.19041.1202)

CPU:total 8 (initial active 8) (4 cores per cpu, 2 threads per core) family 6 model 158 stepping 10, cmov, cx8, fxsr, mmx, sse, sse2, sse3, ssse3, sse4.1, sse4.2, popcnt, avx, avx2, aes, clmul, erms, 3dnowpref, lzcnt, ht, tsc, tscinvbit, bmi1, bmi2, adx

Memory: 4k page, physical 8306932k(554632k free), swap 18792692k(4017040k free)

vm_info: Java HotSpot(TM) 64-Bit Server VM (25.201-b09) for windows-amd64 JRE (1.8.0_201-b09), built on Dec 15 2018 18:36:39 by "java_re" with MS VC++ 10.0 (VS2010)

time: Fri Oct 29 20:38:43 2021
timezone: 中国标准时间
elapsed time: 60 seconds (0d 0h 1m 0s)

