#
# A fatal error has been detected by the Java Runtime Environment:
#
#  EXCEPTION_ACCESS_VIOLATION (0xc0000005) at pc=0x00007ffbb8cce0e5, pid=23216, tid=0x0000000000005bf0
#
# JRE version: Java(TM) SE Runtime Environment (8.0_201-b09) (build 1.8.0_201-b09)
# Java VM: Java HotSpot(TM) 64-Bit Server VM (25.201-b09 mixed mode windows-amd64 compressed oops)
# Problematic frame:
# C  [libarcsoft_face.dll+0xe0e5]
#
# Failed to write core dump. Minidumps are not enabled by default on client versions of Windows
#
# If you would like to submit a bug report, please visit:
#   http://bugreport.java.com/bugreport/crash.jsp
# The crash happened outside the Java Virtual Machine in native code.
# See problematic frame for where to report the bug.
#

---------------  T H R E A D  ---------------

Current thread (0x000000001ea10000):  JavaThread "http-nio-8081-exec-3" daemon [_thread_in_native, id=23536, stack(0x00000000210d0000,0x00000000211d0000)]

siginfo: ExceptionCode=0xc0000005, writing address 0xfffffffe265f8e60

Registers:
RAX=0x000000000000002b, RBX=0x0000000080002000, RCX=0x0000000000000018, RDX=0xffffffff80000000
RSP=0x00000000211ccba0, RBP=0x0000000080000000, RSI=0x0000000000000140, RDI=0x0000000080000000
R8 =0x00000000000000ff, R9 =0x0000000000000000, R10=0x0000000080001000, R11=0x00000000265f8e60
R12=0x0000000000000040, R13=0x0000000000000040, R14=0x0000000000000000, R15=0x000000001eda8cc0
RIP=0x00007ffbb8cce0e5, EFLAGS=0x0000000000010206

Top of Stack: (sp=0x00000000211ccba0)
0x00000000211ccba0:   0000000000000000 0000000000002000
0x00000000211ccbb0:   0000000000000010 0000000000000040
0x00000000211ccbc0:   0000000000000000 0000000026605780
0x00000000211ccbd0:   00000000211ccce0 00007ffbb8ccc5f2
0x00000000211ccbe0:   0000000000000000 00007ffbb8cd17a3
0x00000000211ccbf0:   00000000266606f0 0000000026660660
0x00000000211ccc00:   0000000080000000 0000000000000018
0x00000000211ccc10:   000000000000002b 000000000000003a
0x00000000211ccc20:   0000000000000000 0000000000000000
0x00000000211ccc30:   0000000000000040 00000000000003c0
0x00000000211ccc40:   0000000000000000 0000000000000000
0x00000000211ccc50:   0000000000000040 00000000211ccd78
0x00000000211ccc60:   0000000000000000 0000000000000040
0x00000000211ccc70:   0000000000000040 00000000265f8e60
0x00000000211ccc80:   00000000218cd460 00007ffbb8ccbf04
0x00000000211ccc90:   0000000080000000 00007ffb000000f0 

Instructions: (pc=0x00007ffbb8cce0e5)
0x00007ffbb8cce0c5:   0f 4f c8 45 33 c9 85 c9 41 0f 48 c9 41 3b c0 41
0x00007ffbb8cce0d5:   0f 4f c0 85 c0 41 0f 48 c1 66 0f 6e c1 0f 5b c0
0x00007ffbb8cce0e5:   f3 41 0f 11 04 93 66 0f 6e c0 49 63 c2 0f 5b c0
0x00007ffbb8cce0f5:   f3 41 0f 11 04 83 8b 44 24 78 eb 51 83 f9 01 75 


Register to memory mapping:

RAX=0x000000000000002b is an unknown value
RBX=0x0000000080002000 is an unknown value
RCX=0x0000000000000018 is an unknown value
RDX=0xffffffff80000000 is an unknown value
RSP=0x00000000211ccba0 is pointing into the stack for thread: 0x000000001ea10000
RBP=0x0000000080000000 is an unknown value
RSI=0x0000000000000140 is an unknown value
RDI=0x0000000080000000 is an unknown value
R8 =0x00000000000000ff is an unknown value
R9 =0x0000000000000000 is an unknown value
R10=0x0000000080001000 is an unknown value
R11=0x00000000265f8e60 is an unknown value
R12=0x0000000000000040 is an unknown value
R13=0x0000000000000040 is an unknown value
R14=0x0000000000000000 is an unknown value
R15=0x000000001eda8cc0 is an unknown value


Stack: [0x00000000210d0000,0x00000000211d0000],  sp=0x00000000211ccba0,  free space=1010k
Native frames: (J=compiled Java code, j=interpreted, Vv=VM code, C=native code)
C  [libarcsoft_face.dll+0xe0e5]
C  [libarcsoft_face.dll+0xc5f2]
C  [libarcsoft_face.dll+0xbf04]
C  [libarcsoft_face.dll+0x9049]
C  [libarcsoft_face.dll+0x89bc]
C  [libarcsoft_face.dll+0x7d0a]
C  [libarcsoft_face.dll+0x3c88]
C  [libarcsoft_face_engine.dll+0x58ca]
C  [libarcsoft_face_engine_jni.dll+0x18f6]
C  0x00000000033e8c67

Java frames: (J=compiled Java code, j=interpreted, Vv=VM code)
j  com.arcsoft.face.FaceEngine.detectFaces(J[BIIII[Lcom/arcsoft/face/FaceInfo;)I+0
j  com.arcsoft.face.FaceEngine.detectFaces([BIILcom/arcsoft/face/enums/ImageFormat;Lcom/arcsoft/face/enums/DetectModel;Ljava/util/List;)I+107
j  com.arcsoft.face.FaceEngine.detectFaces([BIILcom/arcsoft/face/enums/ImageFormat;Ljava/util/List;)I+11
j  com.tangcheng.face_corn.service.impl.faceServiceImpl.facesearch(Ljava/io/InputStream;Ljava/util/List;)Ljava/lang/String;+45
j  com.tangcheng.face_corn.controller.faceController.facesearch(Ljava/lang/String;Ljava/util/List;)Lresult/Result;+22
j  sun.reflect.GeneratedMethodAccessor70.invoke(Ljava/lang/Object;[Ljava/lang/Object;)Ljava/lang/Object;+48
J 2024 C1 sun.reflect.DelegatingMethodAccessorImpl.invoke(Ljava/lang/Object;[Ljava/lang/Object;)Ljava/lang/Object; (10 bytes) @ 0x00000000037f36e4 [0x00000000037f36a0+0x44]
J 1784 C1 java.lang.reflect.Method.invoke(Ljava/lang/Object;[Ljava/lang/Object;)Ljava/lang/Object; (62 bytes) @ 0x000000000377f694 [0x000000000377f5a0+0xf4]
j  org.springframework.web.method.support.InvocableHandlerMethod.doInvoke([Ljava/lang/Object;)Ljava/lang/Object;+32
j  org.springframework.web.method.support.InvocableHandlerMethod.invokeForRequest(Lorg/springframework/web/context/request/NativeWebRequest;Lorg/springframework/web/method/support/ModelAndViewContainer;[Ljava/lang/Object;)Ljava/lang/Object;+54
j  org.springframework.web.servlet.mvc.method.annotation.ServletInvocableHandlerMethod.invokeAndHandle(Lorg/springframework/web/context/request/ServletWebRequest;Lorg/springframework/web/method/support/ModelAndViewContainer;[Ljava/lang/Object;)V+4
j  org.springframework.web.servlet.mvc.method.annotation.RequestMappingHandlerAdapter.invokeHandlerMethod(Ljavax/servlet/http/HttpServletRequest;Ljavax/servlet/http/HttpServletResponse;Lorg/springframework/web/method/HandlerMethod;)Lorg/springframework/web/servlet/ModelAndView;+244
j  org.springframework.web.servlet.mvc.method.annotation.RequestMappingHandlerAdapter.handleInternal(Ljavax/servlet/http/HttpServletRequest;Ljavax/servlet/http/HttpServletResponse;Lorg/springframework/web/method/HandlerMethod;)Lorg/springframework/web/servlet/ModelAndView;+81
j  org.springframework.web.servlet.mvc.method.AbstractHandlerMethodAdapter.handle(Ljavax/servlet/http/HttpServletRequest;Ljavax/servlet/http/HttpServletResponse;Ljava/lang/Object;)Lorg/springframework/web/servlet/ModelAndView;+7
j  org.springframework.web.servlet.DispatcherServlet.doDispatch(Ljavax/servlet/http/HttpServletRequest;Ljavax/servlet/http/HttpServletResponse;)V+259
j  org.springframework.web.servlet.DispatcherServlet.doService(Ljavax/servlet/http/HttpServletRequest;Ljavax/servlet/http/HttpServletResponse;)V+241
j  org.springframework.web.servlet.FrameworkServlet.processRequest(Ljavax/servlet/http/HttpServletRequest;Ljavax/servlet/http/HttpServletResponse;)V+71
j  org.springframework.web.servlet.FrameworkServlet.doPost(Ljavax/servlet/http/HttpServletRequest;Ljavax/servlet/http/HttpServletResponse;)V+3
j  javax.servlet.http.HttpServlet.service(Ljavax/servlet/http/HttpServletRequest;Ljavax/servlet/http/HttpServletResponse;)V+149
j  org.springframework.web.servlet.FrameworkServlet.service(Ljavax/servlet/http/HttpServletRequest;Ljavax/servlet/http/HttpServletResponse;)V+33
j  javax.servlet.http.HttpServlet.service(Ljavax/servlet/ServletRequest;Ljavax/servlet/ServletResponse;)V+36
j  org.apache.catalina.core.ApplicationFilterChain.internalDoFilter(Ljavax/servlet/ServletRequest;Ljavax/servlet/ServletResponse;)V+304
j  org.apache.catalina.core.ApplicationFilterChain.doFilter(Ljavax/servlet/ServletRequest;Ljavax/servlet/ServletResponse;)V+99
j  org.apache.tomcat.websocket.server.WsFilter.doFilter(Ljavax/servlet/ServletRequest;Ljavax/servlet/ServletResponse;Ljavax/servlet/FilterChain;)V+21
j  org.apache.catalina.core.ApplicationFilterChain.internalDoFilter(Ljavax/servlet/ServletRequest;Ljavax/servlet/ServletResponse;)V+135
j  org.apache.catalina.core.ApplicationFilterChain.doFilter(Ljavax/servlet/ServletRequest;Ljavax/servlet/ServletResponse;)V+99
j  org.springframework.web.filter.RequestContextFilter.doFilterInternal(Ljavax/servlet/http/HttpServletRequest;Ljavax/servlet/http/HttpServletResponse;Ljavax/servlet/FilterChain;)V+21
j  org.springframework.web.filter.OncePerRequestFilter.doFilter(Ljavax/servlet/ServletRequest;Ljavax/servlet/ServletResponse;Ljavax/servlet/FilterChain;)V+147
j  org.apache.catalina.core.ApplicationFilterChain.internalDoFilter(Ljavax/servlet/ServletRequest;Ljavax/servlet/ServletResponse;)V+135
j  org.apache.catalina.core.ApplicationFilterChain.doFilter(Ljavax/servlet/ServletRequest;Ljavax/servlet/ServletResponse;)V+99
j  org.springframework.web.filter.FormContentFilter.doFilterInternal(Ljavax/servlet/http/HttpServletRequest;Ljavax/servlet/http/HttpServletResponse;Ljavax/servlet/FilterChain;)V+38
j  org.springframework.web.filter.OncePerRequestFilter.doFilter(Ljavax/servlet/ServletRequest;Ljavax/servlet/ServletResponse;Ljavax/servlet/FilterChain;)V+147
j  org.apache.catalina.core.ApplicationFilterChain.internalDoFilter(Ljavax/servlet/ServletRequest;Ljavax/servlet/ServletResponse;)V+135
j  org.apache.catalina.core.ApplicationFilterChain.doFilter(Ljavax/servlet/ServletRequest;Ljavax/servlet/ServletResponse;)V+99
j  org.springframework.web.filter.CharacterEncodingFilter.doFilterInternal(Ljavax/servlet/http/HttpServletRequest;Ljavax/servlet/http/HttpServletResponse;Ljavax/servlet/FilterChain;)V+53
j  org.springframework.web.filter.OncePerRequestFilter.doFilter(Ljavax/servlet/ServletRequest;Ljavax/servlet/ServletResponse;Ljavax/servlet/FilterChain;)V+147
j  org.apache.catalina.core.ApplicationFilterChain.internalDoFilter(Ljavax/servlet/ServletRequest;Ljavax/servlet/ServletResponse;)V+135
j  org.apache.catalina.core.ApplicationFilterChain.doFilter(Ljavax/servlet/ServletRequest;Ljavax/servlet/ServletResponse;)V+99
j  org.apache.catalina.core.StandardWrapperValve.invoke(Lorg/apache/catalina/connector/Request;Lorg/apache/catalina/connector/Response;)V+694
j  org.apache.catalina.core.StandardContextValve.invoke(Lorg/apache/catalina/connector/Request;Lorg/apache/catalina/connector/Response;)V+169
j  org.apache.catalina.authenticator.AuthenticatorBase.invoke(Lorg/apache/catalina/connector/Request;Lorg/apache/catalina/connector/Response;)V+260
j  org.apache.catalina.core.StandardHostValve.invoke(Lorg/apache/catalina/connector/Request;Lorg/apache/catalina/connector/Response;)V+128
j  org.apache.catalina.valves.ErrorReportValve.invoke(Lorg/apache/catalina/connector/Request;Lorg/apache/catalina/connector/Response;)V+6
j  org.apache.catalina.core.StandardEngineValve.invoke(Lorg/apache/catalina/connector/Request;Lorg/apache/catalina/connector/Response;)V+59
j  org.apache.catalina.connector.CoyoteAdapter.service(Lorg/apache/coyote/Request;Lorg/apache/coyote/Response;)V+199
j  org.apache.coyote.http11.Http11Processor.service(Lorg/apache/tomcat/util/net/SocketWrapperBase;)Lorg/apache/tomcat/util/net/AbstractEndpoint$Handler$SocketState;+737
j  org.apache.coyote.AbstractProcessorLight.process(Lorg/apache/tomcat/util/net/SocketWrapperBase;Lorg/apache/tomcat/util/net/SocketEvent;)Lorg/apache/tomcat/util/net/AbstractEndpoint$Handler$SocketState;+170
j  org.apache.coyote.AbstractProtocol$ConnectionHandler.process(Lorg/apache/tomcat/util/net/SocketWrapperBase;Lorg/apache/tomcat/util/net/SocketEvent;)Lorg/apache/tomcat/util/net/AbstractEndpoint$Handler$SocketState;+505
j  org.apache.tomcat.util.net.NioEndpoint$SocketProcessor.doRun()V+216
j  org.apache.tomcat.util.net.SocketProcessorBase.run()V+21
j  java.util.concurrent.ThreadPoolExecutor.runWorker(Ljava/util/concurrent/ThreadPoolExecutor$Worker;)V+95
j  java.util.concurrent.ThreadPoolExecutor$Worker.run()V+5
j  org.apache.tomcat.util.threads.TaskThread$WrappingRunnable.run()V+4
j  java.lang.Thread.run()V+11
v  ~StubRoutines::call_stub

---------------  P R O C E S S  ---------------

Java Threads: ( => current thread )
  0x000000001eb86000 JavaThread "lettuce-eventExecutorLoop-1-8" daemon [_thread_blocked, id=15588, stack(0x0000000041280000,0x0000000041380000)]
  0x000000001eb81800 JavaThread "lettuce-eventExecutorLoop-1-7" daemon [_thread_blocked, id=16516, stack(0x0000000041180000,0x0000000041280000)]
  0x000000001eb85800 JavaThread "lettuce-eventExecutorLoop-1-6" daemon [_thread_blocked, id=20028, stack(0x0000000041080000,0x0000000041180000)]
  0x000000001eb84000 JavaThread "lettuce-eventExecutorLoop-1-5" daemon [_thread_blocked, id=22072, stack(0x0000000040f80000,0x0000000041080000)]
  0x000000001eb82800 JavaThread "lettuce-eventExecutorLoop-1-4" daemon [_thread_blocked, id=17768, stack(0x0000000040e80000,0x0000000040f80000)]
  0x000000001eb81000 JavaThread "lettuce-eventExecutorLoop-1-3" daemon [_thread_blocked, id=20184, stack(0x0000000040d80000,0x0000000040e80000)]
  0x000000001eb84800 JavaThread "Java2D Disposer" daemon [_thread_blocked, id=22360, stack(0x0000000040c80000,0x0000000040d80000)]
  0x000000001eb83000 JavaThread "idle_connection_reaper" daemon [_thread_blocked, id=22848, stack(0x0000000040b80000,0x0000000040c80000)]
  0x000000001ea16800 JavaThread "lettuce-eventExecutorLoop-1-2" daemon [_thread_blocked, id=21652, stack(0x0000000040880000,0x0000000040980000)]
  0x000000001ea14800 JavaThread "lettuce-eventExecutorLoop-1-1" daemon [_thread_blocked, id=21072, stack(0x00000000237e0000,0x00000000238e0000)]
  0x000000001ea13800 JavaThread "lettuce-nioEventLoop-4-1" daemon [_thread_in_native, id=23460, stack(0x00000000225d0000,0x00000000226d0000)]
  0x000000001ea16000 JavaThread "DiscoveryClient-HeartbeatExecutor-0" daemon [_thread_blocked, id=23244, stack(0x0000000021fd0000,0x00000000220d0000)]
  0x000000001ea15000 JavaThread "DiscoveryClient-CacheRefreshExecutor-0" daemon [_thread_blocked, id=19940, stack(0x0000000021ed0000,0x0000000021fd0000)]
  0x000000001ea0d000 JavaThread "RMI TCP Connection(idle)" daemon [_thread_blocked, id=20896, stack(0x0000000021cd0000,0x0000000021dd0000)]
  0x000000001ea13000 JavaThread "RMI TCP Connection(idle)" daemon [_thread_blocked, id=22584, stack(0x0000000021ad0000,0x0000000021bd0000)]
  0x000000001ea12000 JavaThread "DestroyJavaVM" [_thread_blocked, id=23424, stack(0x0000000003050000,0x0000000003150000)]
  0x000000001ea11800 JavaThread "http-nio-8081-Acceptor" daemon [_thread_in_native, id=21080, stack(0x00000000219d0000,0x0000000021ad0000)]
  0x000000001ea0a000 JavaThread "http-nio-8081-ClientPoller" daemon [_thread_in_native, id=22920, stack(0x00000000218d0000,0x00000000219d0000)]
  0x000000001ea0c000 JavaThread "http-nio-8081-exec-10" daemon [_thread_in_native, id=14584, stack(0x00000000217d0000,0x00000000218d0000)]
  0x000000001ea0b800 JavaThread "http-nio-8081-exec-9" daemon [_thread_blocked, id=20372, stack(0x00000000216d0000,0x00000000217d0000)]
  0x000000001ea0a800 JavaThread "http-nio-8081-exec-8" daemon [_thread_blocked, id=23196, stack(0x00000000215d0000,0x00000000216d0000)]
  0x000000001ea10800 JavaThread "http-nio-8081-exec-7" daemon [_thread_blocked, id=22244, stack(0x00000000214d0000,0x00000000215d0000)]
  0x000000001ea09000 JavaThread "http-nio-8081-exec-6" daemon [_thread_in_native, id=15736, stack(0x00000000213d0000,0x00000000214d0000)]
  0x000000001ea0d800 JavaThread "http-nio-8081-exec-5" daemon [_thread_in_native, id=6396, stack(0x00000000212d0000,0x00000000213d0000)]
  0x000000001ea0e800 JavaThread "http-nio-8081-exec-4" daemon [_thread_in_native, id=12152, stack(0x00000000211d0000,0x00000000212d0000)]
=>0x000000001ea10000 JavaThread "http-nio-8081-exec-3" daemon [_thread_in_native, id=23536, stack(0x00000000210d0000,0x00000000211d0000)]
  0x000000001ea0f000 JavaThread "http-nio-8081-exec-2" daemon [_thread_blocked, id=23376, stack(0x0000000020fd0000,0x00000000210d0000)]
  0x000000001ea07800 JavaThread "http-nio-8081-exec-1" daemon [_thread_blocked, id=23384, stack(0x0000000020ed0000,0x0000000020fd0000)]
  0x000000001ea08800 JavaThread "http-nio-8081-BlockPoller" daemon [_thread_in_native, id=23068, stack(0x0000000020dd0000,0x0000000020ed0000)]
  0x000000001e703800 JavaThread "DiscoveryClient-InstanceInfoReplicator-0" daemon [_thread_blocked, id=21624, stack(0x0000000020ad0000,0x0000000020bd0000)]
  0x000000001e702000 JavaThread "DiscoveryClient-1" daemon [_thread_blocked, id=14540, stack(0x00000000209d0000,0x0000000020ad0000)]
  0x000000001e701000 JavaThread "DiscoveryClient-0" daemon [_thread_blocked, id=1912, stack(0x00000000208d0000,0x00000000209d0000)]
  0x000000001e6ff800 JavaThread "AsyncResolver-bootstrap-0" daemon [_thread_blocked, id=22176, stack(0x00000000203d0000,0x00000000204d0000)]
  0x000000001e704000 JavaThread "spring.cloud.inetutils" daemon [_thread_blocked, id=22504, stack(0x00000000202d0000,0x00000000203d0000)]
  0x000000001e6ff000 JavaThread "lettuce-timer-3-1" daemon [_thread_blocked, id=20308, stack(0x000000001fbd0000,0x000000001fcd0000)]
  0x000000001e6fe000 JavaThread "container-0" [_thread_blocked, id=21884, stack(0x000000001f8d0000,0x000000001f9d0000)]
  0x000000001e6fd800 JavaThread "Catalina-utility-2" [_thread_blocked, id=13464, stack(0x000000001f7d0000,0x000000001f8d0000)]
  0x000000001e700800 JavaThread "Catalina-utility-1" [_thread_blocked, id=19628, stack(0x000000001d200000,0x000000001d300000)]
  0x000000001bd90000 JavaThread "RMI Scheduler(0)" daemon [_thread_blocked, id=22052, stack(0x000000001d000000,0x000000001d100000)]
  0x000000001bd6e800 JavaThread "RMI TCP Connection(idle)" daemon [_thread_blocked, id=4324, stack(0x000000001cf00000,0x000000001d000000)]
  0x000000001b0c2000 JavaThread "RMI TCP Accept-0" daemon [_thread_in_native, id=15972, stack(0x000000001ba80000,0x000000001bb80000)]
  0x000000001b09f800 JavaThread "RMI TCP Accept-57959" daemon [_thread_in_native, id=5228, stack(0x000000001b980000,0x000000001ba80000)]
  0x000000001b090000 JavaThread "RMI TCP Accept-0" daemon [_thread_in_native, id=16876, stack(0x000000001b880000,0x000000001b980000)]
  0x000000001ae6c800 JavaThread "Service Thread" daemon [_thread_blocked, id=23280, stack(0x000000001b760000,0x000000001b860000)]
  0x000000001adce800 JavaThread "C1 CompilerThread3" daemon [_thread_blocked, id=20792, stack(0x000000001b660000,0x000000001b760000)]
  0x000000001adcc000 JavaThread "C2 CompilerThread2" daemon [_thread_blocked, id=22412, stack(0x000000001b560000,0x000000001b660000)]
  0x000000001adcb000 JavaThread "C2 CompilerThread1" daemon [_thread_blocked, id=22496, stack(0x000000001b460000,0x000000001b560000)]
  0x000000001adc6800 JavaThread "C2 CompilerThread0" daemon [_thread_blocked, id=22376, stack(0x000000001b360000,0x000000001b460000)]
  0x000000001ada7800 JavaThread "Monitor Ctrl-Break" daemon [_thread_in_native, id=19240, stack(0x000000001b260000,0x000000001b360000)]
  0x000000001a220000 JavaThread "Attach Listener" daemon [_thread_blocked, id=20144, stack(0x000000001a950000,0x000000001aa50000)]
  0x000000001a27b000 JavaThread "Signal Dispatcher" daemon [_thread_blocked, id=22520, stack(0x000000001a850000,0x000000001a950000)]
  0x00000000183d4000 JavaThread "Finalizer" daemon [_thread_blocked, id=22184, stack(0x000000001a6e0000,0x000000001a7e0000)]
  0x000000001a200800 JavaThread "Reference Handler" daemon [_thread_blocked, id=19088, stack(0x000000001a5e0000,0x000000001a6e0000)]

Other Threads:
  0x00000000183c6800 VMThread [stack: 0x000000001a0e0000,0x000000001a1e0000] [id=15156]
  0x000000001b0a2000 WatcherThread [stack: 0x000000001bb80000,0x000000001bc80000] [id=12744]

VM state:not at safepoint (normal execution)

VM Mutex/Monitor currently owned by a thread: None

heap address: 0x0000000081200000, size: 2030 MB, Compressed Oops mode: 32-bit
Narrow klass base: 0x0000000000000000, Narrow klass shift: 3
Compressed class space size: 1073741824 Address: 0x0000000100000000

Heap:
 PSYoungGen      total 288768K, used 43018K [0x00000000d5b80000, 0x00000000e9e00000, 0x0000000100000000)
  eden space 270336K, 9% used [0x00000000d5b80000,0x00000000d7388318,0x00000000e6380000)
  from space 18432K, 99% used [0x00000000e7f80000,0x00000000e917a568,0x00000000e9180000)
  to   space 28672K, 0% used [0x00000000e6380000,0x00000000e6380000,0x00000000e7f80000)
 ParOldGen       total 115200K, used 68600K [0x0000000081200000, 0x0000000088280000, 0x00000000d5b80000)
  object space 115200K, 59% used [0x0000000081200000,0x00000000854fe0e8,0x0000000088280000)
 Metaspace       used 55590K, capacity 59322K, committed 59480K, reserved 1099776K
  class space    used 7600K, capacity 8248K, committed 8320K, reserved 1048576K

Card table byte_map: [0x0000000012790000,0x0000000012b90000] byte_map_base: 0x0000000012387000

Marking Bits: (ParMarkBitMap*) 0x0000000060af4ce0
 Begin Bits: [0x0000000013640000, 0x00000000155f8000)
 End Bits:   [0x00000000155f8000, 0x00000000175b0000)

Polling page: 0x0000000003250000

CodeCache: size=245760Kb used=10255Kb max_used=10255Kb free=235504Kb
 bounds [0x00000000033d0000, 0x0000000003de0000, 0x00000000123d0000]
 total_blobs=6085 nmethods=5486 adapters=511
 compilation: enabled

Compilation events (10 events):
Event: 69.456 Thread 0x000000001adce800 5606       1       java.util.concurrent.locks.AbstractQueuedSynchronizer::acquire (27 bytes)
Event: 69.456 Thread 0x000000001adce800 nmethod 5606 0x0000000003dd2810 code [0x0000000003dd29a0, 0x0000000003dd2b78]
Event: 69.457 Thread 0x000000001adce800 5607       1       org.springframework.web.util.UrlPathHelper::decodeRequestString (16 bytes)
Event: 69.457 Thread 0x000000001adce800 nmethod 5607 0x0000000003dd2c90 code [0x0000000003dd2de0, 0x0000000003dd2f28]
Event: 69.458 Thread 0x000000001adce800 5608       1       org.apache.catalina.connector.Request::getContentType (8 bytes)
Event: 69.459 Thread 0x000000001adce800 nmethod 5608 0x0000000003dd2f90 code [0x0000000003dd3120, 0x0000000003dd3328]
Event: 69.459 Thread 0x000000001adce800 5609       1       org.apache.coyote.Request::getContentType (32 bytes)
Event: 69.460 Thread 0x000000001adce800 nmethod 5609 0x0000000003dd34d0 code [0x0000000003dd3640, 0x0000000003dd38b8]
Event: 69.477 Thread 0x000000001adce800 5610       1       java.awt.image.ComponentSampleModel::getBufferSize (191 bytes)
Event: 69.477 Thread 0x000000001adce800 nmethod 5610 0x0000000003dd3a10 code [0x0000000003dd3be0, 0x0000000003dd4128]

GC Heap History (10 events):
Event: 6.202 GC heap before
{Heap before GC invocations=13 (full 2):
 PSYoungGen      total 182784K, used 172544K [0x00000000d5b80000, 0x00000000e1800000, 0x0000000100000000)
  eden space 172544K, 100% used [0x00000000d5b80000,0x00000000e0400000,0x00000000e0400000)
  from space 10240K, 0% used [0x00000000e0e00000,0x00000000e0e00000,0x00000000e1800000)
  to   space 10240K, 0% used [0x00000000e0400000,0x00000000e0400000,0x00000000e0e00000)
 ParOldGen       total 76800K, used 16151K [0x0000000081200000, 0x0000000085d00000, 0x00000000d5b80000)
  object space 76800K, 21% used [0x0000000081200000,0x00000000821c5c18,0x0000000085d00000)
 Metaspace       used 42326K, capacity 45250K, committed 45400K, reserved 1087488K
  class space    used 5860K, capacity 6404K, committed 6528K, reserved 1048576K
Event: 6.212 GC heap after
Heap after GC invocations=13 (full 2):
 PSYoungGen      total 182784K, used 10223K [0x00000000d5b80000, 0x00000000e5200000, 0x0000000100000000)
  eden space 172544K, 0% used [0x00000000d5b80000,0x00000000d5b80000,0x00000000e0400000)
  from space 10240K, 99% used [0x00000000e0400000,0x00000000e0dfbea0,0x00000000e0e00000)
  to   space 12800K, 0% used [0x00000000e4580000,0x00000000e4580000,0x00000000e5200000)
 ParOldGen       total 76800K, used 20321K [0x0000000081200000, 0x0000000085d00000, 0x00000000d5b80000)
  object space 76800K, 26% used [0x0000000081200000,0x00000000825d8580,0x0000000085d00000)
 Metaspace       used 42326K, capacity 45250K, committed 45400K, reserved 1087488K
  class space    used 5860K, capacity 6404K, committed 6528K, reserved 1048576K
}
Event: 44.711 GC heap before
{Heap before GC invocations=14 (full 2):
 PSYoungGen      total 182784K, used 174712K [0x00000000d5b80000, 0x00000000e5200000, 0x0000000100000000)
  eden space 172544K, 95% used [0x00000000d5b80000,0x00000000dfc22188,0x00000000e0400000)
  from space 10240K, 99% used [0x00000000e0400000,0x00000000e0dfbea0,0x00000000e0e00000)
  to   space 12800K, 0% used [0x00000000e4580000,0x00000000e4580000,0x00000000e5200000)
 ParOldGen       total 76800K, used 20321K [0x0000000081200000, 0x0000000085d00000, 0x00000000d5b80000)
  object space 76800K, 26% used [0x0000000081200000,0x00000000825d8580,0x0000000085d00000)
 Metaspace       used 55087K, capacity 58760K, committed 58968K, reserved 1099776K
  class space    used 7529K, capacity 8199K, committed 8320K, reserved 1048576K
Event: 44.728 GC heap after
Heap after GC invocations=14 (full 2):
 PSYoungGen      total 232448K, used 12795K [0x00000000d5b80000, 0x00000000e5500000, 0x0000000100000000)
  eden space 219648K, 0% used [0x00000000d5b80000,0x00000000d5b80000,0x00000000e3200000)
  from space 12800K, 99% used [0x00000000e4580000,0x00000000e51fee98,0x00000000e5200000)
  to   space 17920K, 0% used [0x00000000e3200000,0x00000000e3200000,0x00000000e4380000)
 ParOldGen       total 76800K, used 30709K [0x0000000081200000, 0x0000000085d00000, 0x00000000d5b80000)
  object space 76800K, 39% used [0x0000000081200000,0x0000000082ffd528,0x0000000085d00000)
 Metaspace       used 55087K, capacity 58760K, committed 58968K, reserved 1099776K
  class space    used 7529K, capacity 8199K, committed 8320K, reserved 1048576K
}
Event: 44.728 GC heap before
{Heap before GC invocations=15 (full 3):
 PSYoungGen      total 232448K, used 12795K [0x00000000d5b80000, 0x00000000e5500000, 0x0000000100000000)
  eden space 219648K, 0% used [0x00000000d5b80000,0x00000000d5b80000,0x00000000e3200000)
  from space 12800K, 99% used [0x00000000e4580000,0x00000000e51fee98,0x00000000e5200000)
  to   space 17920K, 0% used [0x00000000e3200000,0x00000000e3200000,0x00000000e4380000)
 ParOldGen       total 76800K, used 30709K [0x0000000081200000, 0x0000000085d00000, 0x00000000d5b80000)
  object space 76800K, 39% used [0x0000000081200000,0x0000000082ffd528,0x0000000085d00000)
 Metaspace       used 55087K, capacity 58760K, committed 58968K, reserved 1099776K
  class space    used 7529K, capacity 8199K, committed 8320K, reserved 1048576K
Event: 44.854 GC heap after
Heap after GC invocations=15 (full 3):
 PSYoungGen      total 232448K, used 0K [0x00000000d5b80000, 0x00000000e5500000, 0x0000000100000000)
  eden space 219648K, 0% used [0x00000000d5b80000,0x00000000d5b80000,0x00000000e3200000)
  from space 12800K, 0% used [0x00000000e4580000,0x00000000e4580000,0x00000000e5200000)
  to   space 17920K, 0% used [0x00000000e3200000,0x00000000e3200000,0x00000000e4380000)
 ParOldGen       total 115200K, used 34143K [0x0000000081200000, 0x0000000088280000, 0x00000000d5b80000)
  object space 115200K, 29% used [0x0000000081200000,0x0000000083357ec0,0x0000000088280000)
 Metaspace       used 55087K, capacity 58760K, committed 58968K, reserved 1099776K
  class space    used 7529K, capacity 8199K, committed 8320K, reserved 1048576K
}
Event: 62.868 GC heap before
{Heap before GC invocations=16 (full 3):
 PSYoungGen      total 232448K, used 219648K [0x00000000d5b80000, 0x00000000e5500000, 0x0000000100000000)
  eden space 219648K, 100% used [0x00000000d5b80000,0x00000000e3200000,0x00000000e3200000)
  from space 12800K, 0% used [0x00000000e4580000,0x00000000e4580000,0x00000000e5200000)
  to   space 17920K, 0% used [0x00000000e3200000,0x00000000e3200000,0x00000000e4380000)
 ParOldGen       total 115200K, used 34143K [0x0000000081200000, 0x0000000088280000, 0x00000000d5b80000)
  object space 115200K, 29% used [0x0000000081200000,0x0000000083357ec0,0x0000000088280000)
 Metaspace       used 55552K, capacity 59216K, committed 59480K, reserved 1099776K
  class space    used 7594K, capacity 8241K, committed 8320K, reserved 1048576K
Event: 62.877 GC heap after
Heap after GC invocations=16 (full 3):
 PSYoungGen      total 237568K, used 12929K [0x00000000d5b80000, 0x00000000e9180000, 0x0000000100000000)
  eden space 219648K, 0% used [0x00000000d5b80000,0x00000000d5b80000,0x00000000e3200000)
  from space 17920K, 72% used [0x00000000e3200000,0x00000000e3ea04a8,0x00000000e4380000)
  to   space 18432K, 0% used [0x00000000e7f80000,0x00000000e7f80000,0x00000000e9180000)
 ParOldGen       total 115200K, used 46936K [0x0000000081200000, 0x0000000088280000, 0x00000000d5b80000)
  object space 115200K, 40% used [0x0000000081200000,0x0000000083fd62f0,0x0000000088280000)
 Metaspace       used 55552K, capacity 59216K, committed 59480K, reserved 1099776K
  class space    used 7594K, capacity 8241K, committed 8320K, reserved 1048576K
}
Event: 69.401 GC heap before
{Heap before GC invocations=17 (full 3):
 PSYoungGen      total 237568K, used 232577K [0x00000000d5b80000, 0x00000000e9180000, 0x0000000100000000)
  eden space 219648K, 100% used [0x00000000d5b80000,0x00000000e3200000,0x00000000e3200000)
  from space 17920K, 72% used [0x00000000e3200000,0x00000000e3ea04a8,0x00000000e4380000)
  to   space 18432K, 0% used [0x00000000e7f80000,0x00000000e7f80000,0x00000000e9180000)
 ParOldGen       total 115200K, used 46936K [0x0000000081200000, 0x0000000088280000, 0x00000000d5b80000)
  object space 115200K, 40% used [0x0000000081200000,0x0000000083fd62f0,0x0000000088280000)
 Metaspace       used 55590K, capacity 59322K, committed 59480K, reserved 1099776K
  class space    used 7600K, capacity 8248K, committed 8320K, reserved 1048576K
Event: 69.414 GC heap after
Heap after GC invocations=17 (full 3):
 PSYoungGen      total 288768K, used 18409K [0x00000000d5b80000, 0x00000000e9e00000, 0x0000000100000000)
  eden space 270336K, 0% used [0x00000000d5b80000,0x00000000d5b80000,0x00000000e6380000)
  from space 18432K, 99% used [0x00000000e7f80000,0x00000000e917a568,0x00000000e9180000)
  to   space 28672K, 0% used [0x00000000e6380000,0x00000000e6380000,0x00000000e7f80000)
 ParOldGen       total 115200K, used 68600K [0x0000000081200000, 0x0000000088280000, 0x00000000d5b80000)
  object space 115200K, 59% used [0x0000000081200000,0x00000000854fe0e8,0x0000000088280000)
 Metaspace       used 55590K, capacity 59322K, committed 59480K, reserved 1099776K
  class space    used 7600K, capacity 8248K, committed 8320K, reserved 1048576K
}

Deoptimization events (0 events):
No events

Classes redefined (0 events):
No events

Internal exceptions (10 events):
Event: 44.697 Thread 0x000000001ea0e800 Exception <a 'java/io/FileNotFoundException'> (0x00000000dfb4d560) thrown at [C:\re\workspace\8-2-build-windows-amd64-cygwin\jdk8u201\12322\hotspot\src\share\vm\prims\jni.cpp, line 709]
Event: 62.545 Thread 0x000000001ea0b800 Exception <a 'java/lang/ArrayIndexOutOfBoundsException'> (0x00000000e20dd610) thrown at [C:\re\workspace\8-2-build-windows-amd64-cygwin\jdk8u201\12322\hotspot\src\share\vm\runtime\sharedRuntime.cpp, line 605]
Event: 62.647 Thread 0x000000001ea0b800 Exception <a 'java/lang/NoSuchMethodError': java.lang.Object.lambda$invoke$0()Ljava/lang/Object;> (0x00000000e25504a8) thrown at [C:\re\workspace\8-2-build-windows-amd64-cygwin\jdk8u201\12322\hotspot\src\share\vm\interpreter\linkResolver.cpp, line 620]
Event: 62.653 Thread 0x000000001ea0b800 Exception <a 'java/lang/ArrayIndexOutOfBoundsException'> (0x00000000e25dcae8) thrown at [C:\re\workspace\8-2-build-windows-amd64-cygwin\jdk8u201\12322\hotspot\src\share\vm\runtime\sharedRuntime.cpp, line 605]
Event: 62.653 Thread 0x000000001ea0b800 Exception <a 'java/lang/ArrayIndexOutOfBoundsException'> (0x00000000e25de860) thrown at [C:\re\workspace\8-2-build-windows-amd64-cygwin\jdk8u201\12322\hotspot\src\share\vm\runtime\sharedRuntime.cpp, line 605]
Event: 62.653 Thread 0x000000001ea0b800 Exception <a 'java/lang/ArrayIndexOutOfBoundsException'> (0x00000000e25dfca8) thrown at [C:\re\workspace\8-2-build-windows-amd64-cygwin\jdk8u201\12322\hotspot\src\share\vm\runtime\sharedRuntime.cpp, line 605]
Event: 62.654 Thread 0x000000001ea0b800 Exception <a 'java/lang/ArrayIndexOutOfBoundsException'> (0x00000000e25e5a58) thrown at [C:\re\workspace\8-2-build-windows-amd64-cygwin\jdk8u201\12322\hotspot\src\share\vm\runtime\sharedRuntime.cpp, line 605]
Event: 63.650 Thread 0x000000001ea0e800 Exception <a 'java/io/IOException'> (0x00000000d812d980) thrown at [C:\re\workspace\8-2-build-windows-amd64-cygwin\jdk8u201\12322\hotspot\src\share\vm\prims\jni.cpp, line 709]
Event: 66.915 Thread 0x000000001ea15000 Exception <a 'java/net/SocketTimeoutException': Read timed out> (0x00000000e07ded20) thrown at [C:\re\workspace\8-2-build-windows-amd64-cygwin\jdk8u201\12322\hotspot\src\share\vm\prims\jni.cpp, line 735]
Event: 66.931 Thread 0x000000001ea16000 Exception <a 'java/net/SocketTimeoutException': Read timed out> (0x00000000e084f068) thrown at [C:\re\workspace\8-2-build-windows-amd64-cygwin\jdk8u201\12322\hotspot\src\share\vm\prims\jni.cpp, line 735]

Events (10 events):
Event: 69.418 Executing VM operation: RevokeBias
Event: 69.418 Executing VM operation: RevokeBias done
Event: 69.418 Executing VM operation: BulkRevokeBias
Event: 69.418 Executing VM operation: BulkRevokeBias done
Event: 69.418 Executing VM operation: RevokeBias
Event: 69.418 Executing VM operation: RevokeBias done
Event: 69.419 Executing VM operation: RevokeBias
Event: 69.419 Executing VM operation: RevokeBias done
Event: 69.419 Executing VM operation: BulkRevokeBias
Event: 69.419 Executing VM operation: BulkRevokeBias done


Dynamic libraries:
0x00007ff6b01c0000 - 0x00007ff6b01f7000 	C:\Program Files\Java\jdk1.8.0_201\bin\java.exe
0x00007ffc111b0000 - 0x00007ffc113a5000 	C:\WINDOWS\SYSTEM32\ntdll.dll
0x00007ffc110a0000 - 0x00007ffc1115e000 	C:\WINDOWS\System32\KERNEL32.DLL
0x00007ffc0eae0000 - 0x00007ffc0eda9000 	C:\WINDOWS\System32\KERNELBASE.dll
0x00007ffc10270000 - 0x00007ffc1031c000 	C:\WINDOWS\System32\ADVAPI32.dll
0x00007ffc0f5a0000 - 0x00007ffc0f63e000 	C:\WINDOWS\System32\msvcrt.dll
0x00007ffc0f980000 - 0x00007ffc0fa1b000 	C:\WINDOWS\System32\sechost.dll
0x00007ffc0fea0000 - 0x00007ffc0ffca000 	C:\WINDOWS\System32\RPCRT4.dll
0x00007ffc0ffe0000 - 0x00007ffc10181000 	C:\WINDOWS\System32\USER32.dll
0x00007ffc0eab0000 - 0x00007ffc0ead2000 	C:\WINDOWS\System32\win32u.dll
0x00007ffc0f200000 - 0x00007ffc0f22b000 	C:\WINDOWS\System32\GDI32.dll
0x00007ffc0ee00000 - 0x00007ffc0ef0b000 	C:\WINDOWS\System32\gdi32full.dll
0x00007ffc0e8d0000 - 0x00007ffc0e96d000 	C:\WINDOWS\System32\msvcp_win.dll
0x00007ffc0ef70000 - 0x00007ffc0f070000 	C:\WINDOWS\System32\ucrtbase.dll
0x00007ffc000a0000 - 0x00007ffc0033a000 	C:\WINDOWS\WinSxS\amd64_microsoft.windows.common-controls_6595b64144ccf1df_6.0.19041.1110_none_60b5254171f9507e\COMCTL32.dll
0x00007ffc0f460000 - 0x00007ffc0f490000 	C:\WINDOWS\System32\IMM32.DLL
0x00000000619b0000 - 0x0000000061a81000 	C:\Program Files\Java\jdk1.8.0_201\jre\bin\msvcr100.dll
0x00000000602d0000 - 0x0000000060b74000 	C:\Program Files\Java\jdk1.8.0_201\jre\bin\server\jvm.dll
0x00007ffc11160000 - 0x00007ffc11168000 	C:\WINDOWS\System32\PSAPI.DLL
0x00007ffc09660000 - 0x00007ffc09669000 	C:\WINDOWS\SYSTEM32\WSOCK32.dll
0x00007ffc01840000 - 0x00007ffc01867000 	C:\WINDOWS\SYSTEM32\WINMM.dll
0x00007ffc05240000 - 0x00007ffc0524a000 	C:\WINDOWS\SYSTEM32\VERSION.dll
0x00007ffc0f870000 - 0x00007ffc0f8db000 	C:\WINDOWS\System32\WS2_32.dll
0x00007ffc061e0000 - 0x00007ffc061ef000 	C:\Program Files\Java\jdk1.8.0_201\jre\bin\verify.dll
0x00007ffbf2560000 - 0x00007ffbf2589000 	C:\Program Files\Java\jdk1.8.0_201\jre\bin\java.dll
0x00007ffbf2530000 - 0x00007ffbf2553000 	C:\Program Files\Java\jdk1.8.0_201\jre\bin\instrument.dll
0x00007ffbf2500000 - 0x00007ffbf2516000 	C:\Program Files\Java\jdk1.8.0_201\jre\bin\zip.dll
0x00007ffc104d0000 - 0x00007ffc10c0f000 	C:\WINDOWS\System32\SHELL32.dll
0x00007ffc0c610000 - 0x00007ffc0cda0000 	C:\WINDOWS\SYSTEM32\windows.storage.dll
0x00007ffc10c70000 - 0x00007ffc10fc5000 	C:\WINDOWS\System32\combase.dll
0x00007ffc0e320000 - 0x00007ffc0e34c000 	C:\WINDOWS\SYSTEM32\Wldp.dll
0x00007ffc0f4f0000 - 0x00007ffc0f59d000 	C:\WINDOWS\System32\SHCORE.dll
0x00007ffc10c10000 - 0x00007ffc10c65000 	C:\WINDOWS\System32\shlwapi.dll
0x00007ffc0e810000 - 0x00007ffc0e82f000 	C:\WINDOWS\SYSTEM32\profapi.dll
0x00007ffbeedc0000 - 0x00007ffbeedda000 	F:\subject\IDEA 2018_sssam.com\IntelliJ IDEA 2018.2.4\bin\breakgen64.dll
0x00007ffbf0f50000 - 0x00007ffbf0f6a000 	C:\Program Files\Java\jdk1.8.0_201\jre\bin\net.dll
0x00007ffbfc9a0000 - 0x00007ffbfcb8b000 	C:\WINDOWS\SYSTEM32\urlmon.dll
0x00007ffbfcf00000 - 0x00007ffbfd1b0000 	C:\WINDOWS\SYSTEM32\iertutil.dll
0x00007ffc0dd60000 - 0x00007ffc0dd6c000 	C:\WINDOWS\SYSTEM32\netutils.dll
0x00007ffbfc970000 - 0x00007ffbfc998000 	C:\WINDOWS\SYSTEM32\srvcli.dll
0x00007ffc0e080000 - 0x00007ffc0e0ea000 	C:\WINDOWS\system32\mswsock.dll
0x00007ffc09670000 - 0x00007ffc0967d000 	C:\Program Files\Java\jdk1.8.0_201\jre\bin\management.dll
0x00007ffbf0f30000 - 0x00007ffbf0f41000 	C:\Program Files\Java\jdk1.8.0_201\jre\bin\nio.dll
0x00007ffbf1ce0000 - 0x00007ffbf1cf7000 	C:\WINDOWS\system32\napinsp.dll
0x00007ffbf1cc0000 - 0x00007ffbf1cdb000 	C:\WINDOWS\system32\pnrpnsp.dll
0x00007ffc08c40000 - 0x00007ffc08c55000 	C:\WINDOWS\system32\wshbth.dll
0x00007ffc09620000 - 0x00007ffc0963d000 	C:\WINDOWS\system32\NLAapi.dll
0x00007ffc0dd20000 - 0x00007ffc0dd5b000 	C:\WINDOWS\SYSTEM32\IPHLPAPI.DLL
0x00007ffc0dd70000 - 0x00007ffc0de3c000 	C:\WINDOWS\SYSTEM32\DNSAPI.dll
0x00007ffc0f970000 - 0x00007ffc0f978000 	C:\WINDOWS\System32\NSI.dll
0x00007ffbf1990000 - 0x00007ffbf19a2000 	C:\WINDOWS\System32\winrnr.dll
0x00007ffc05a00000 - 0x00007ffc05a0a000 	C:\Windows\System32\rasadhlp.dll
0x00007ffbfd8a0000 - 0x00007ffbfd91f000 	C:\WINDOWS\System32\fwpuclnt.dll
0x00007ffc0f070000 - 0x00007ffc0f097000 	C:\WINDOWS\System32\bcrypt.dll
0x00007ffc0e270000 - 0x00007ffc0e288000 	C:\WINDOWS\SYSTEM32\CRYPTSP.dll
0x00007ffc0d990000 - 0x00007ffc0d9c4000 	C:\WINDOWS\system32\rsaenh.dll
0x00007ffc0e7d0000 - 0x00007ffc0e7fe000 	C:\WINDOWS\SYSTEM32\USERENV.dll
0x00007ffc0e970000 - 0x00007ffc0e9f3000 	C:\WINDOWS\System32\bcryptprimitives.dll
0x00007ffc0e290000 - 0x00007ffc0e29c000 	C:\WINDOWS\SYSTEM32\CRYPTBASE.dll
0x00007ffc03c60000 - 0x00007ffc03c77000 	C:\WINDOWS\SYSTEM32\dhcpcsvc6.DLL
0x00007ffc04fd0000 - 0x00007ffc04fed000 	C:\WINDOWS\SYSTEM32\dhcpcsvc.DLL
0x00007ffbee900000 - 0x00007ffbee924000 	C:\Program Files\Java\jdk1.8.0_201\jre\bin\sunec.dll
0x00007ffbb8cc0000 - 0x00007ffbbbafd000 	C:\Users\lenovo\Desktop\人脸识别\Face-recognition-main\ArcSoft_ArcFace_Java_Windows_x64_V3.0\libs\WIN64\libarcsoft_face.dll
0x00007ffbf4f00000 - 0x00007ffbf4fa6000 	C:\WINDOWS\SYSTEM32\MSVCP120.dll
0x00007ffbf4650000 - 0x00007ffbf473f000 	C:\WINDOWS\SYSTEM32\MSVCR120.dll
0x00007ffbe4750000 - 0x00007ffbe47cf000 	C:\Users\lenovo\Desktop\人脸识别\Face-recognition-main\ArcSoft_ArcFace_Java_Windows_x64_V3.0\libs\WIN64\libarcsoft_face_engine.dll
0x00007ffc0f810000 - 0x00007ffc0f866000 	C:\WINDOWS\System32\WLDAP32.dll
0x00007ffbea210000 - 0x00007ffbea235000 	C:\Users\lenovo\Desktop\人脸识别\Face-recognition-main\ArcSoft_ArcFace_Java_Windows_x64_V3.0\libs\WIN64\libarcsoft_face_engine_jni.dll
0x00007ffbc8130000 - 0x00007ffbc82c9000 	C:\Program Files\Java\jdk1.8.0_201\jre\bin\awt.dll
0x00007ffc10fd0000 - 0x00007ffc1109d000 	C:\WINDOWS\System32\OLEAUT32.dll
0x00007ffc0af30000 - 0x00007ffc0afc0000 	C:\WINDOWS\SYSTEM32\apphelp.dll
0x00007ffbe30f0000 - 0x00007ffbe3121000 	C:\Program Files\Java\jdk1.8.0_201\jre\bin\jpeg.dll
0x00007ffbe30b0000 - 0x00007ffbe30ee000 	C:\Program Files\Java\jdk1.8.0_201\jre\bin\lcms.dll
0x00007ffc0ce70000 - 0x00007ffc0d054000 	C:\WINDOWS\SYSTEM32\dbghelp.dll

VM Arguments:
jvm_args: -XX:TieredStopAtLevel=1 -Xverify:none -Dspring.output.ansi.enabled=always -Dcom.sun.management.jmxremote -Dcom.sun.management.jmxremote.port=57959 -Dcom.sun.management.jmxremote.authenticate=false -Dcom.sun.management.jmxremote.ssl=false -Djava.rmi.server.hostname=localhost -Dspring.liveBeansView.mbeanDomain -Dspring.application.admin.enabled=true -javaagent:F:\subject\IDEA 2018_sssam.com\IntelliJ IDEA 2018.2.4\lib\idea_rt.jar=57960:F:\subject\IDEA 2018_sssam.com\IntelliJ IDEA 2018.2.4\bin -Dfile.encoding=UTF-8 
java_command: com.tangcheng.face_corn.FaceCornApplication
java_class_path (initial): C:\Program Files\Java\jdk1.8.0_201\jre\lib\charsets.jar;C:\Program Files\Java\jdk1.8.0_201\jre\lib\deploy.jar;C:\Program Files\Java\jdk1.8.0_201\jre\lib\ext\access-bridge-64.jar;C:\Program Files\Java\jdk1.8.0_201\jre\lib\ext\cldrdata.jar;C:\Program Files\Java\jdk1.8.0_201\jre\lib\ext\dnsns.jar;C:\Program Files\Java\jdk1.8.0_201\jre\lib\ext\jaccess.jar;C:\Program Files\Java\jdk1.8.0_201\jre\lib\ext\jfxrt.jar;C:\Program Files\Java\jdk1.8.0_201\jre\lib\ext\localedata.jar;C:\Program Files\Java\jdk1.8.0_201\jre\lib\ext\nashorn.jar;C:\Program Files\Java\jdk1.8.0_201\jre\lib\ext\sunec.jar;C:\Program Files\Java\jdk1.8.0_201\jre\lib\ext\sunjce_provider.jar;C:\Program Files\Java\jdk1.8.0_201\jre\lib\ext\sunmscapi.jar;C:\Program Files\Java\jdk1.8.0_201\jre\lib\ext\sunpkcs11.jar;C:\Program Files\Java\jdk1.8.0_201\jre\lib\ext\zipfs.jar;C:\Program Files\Java\jdk1.8.0_201\jre\lib\javaws.jar;C:\Program Files\Java\jdk1.8.0_201\jre\lib\jce.jar;C:\Program Files\Java\jdk1.8.0_201\jre\lib\jfr.jar;C:\Program Files\Java\jdk1.8.0_201\jre\lib\jfxswt.jar;C:\Program Files\Java\jdk1.8.0_201\jre\lib\jsse.jar;C:\Program Files\Java\jdk1.8.0_201\jre\lib\management-agent.jar;C:\Program Files\Java\jdk1.8.0_201\jre\lib\plugin.jar;C:\Program Files\Java\jdk1.8.0_201\jre\lib\resources.jar;C:\Program Files\Java\jdk1.8.0_201\jre\lib\rt.jar;C:\Users\lenovo\Desktop\人脸识别\Face-recognition-main\facesystem\face_corn\target\classes;C:\Users\lenovo\Desktop\人脸识别\Face-recognition-main\facesystem\common\target\classes;F:\subject\JavaWeb\maven-l\com\auth0\java-jwt\3.4.0\java-jwt-3.4.0.jar;F:\subject\JavaWeb\maven-l\commons-codec\commons-codec\1.15\commons-codec-1.15.jar;F:\subject\JavaWeb\maven-l\com\aliyun\oss\aliyun-sdk-oss\3.12.0\aliyun-sdk-oss-3.12.0.jar;F:\subject\JavaWeb\maven-l\org\apache\httpcomponents\httpclient\4.5.13\httpclient-4.5.13.jar;F:\subject\JavaWeb\maven-l\org\apache\httpcomponents\httpcore\4.4.14\httpcore-4.4.14.jar;F:\subject\JavaWeb\maven-l\org\jdom\jdom2\2.
Launcher Type: SUN_STANDARD

Environment Variables:
JAVA_HOME=C:\Program Files\Java\jdk1.8.0_201
CLASSPATH=.;C:\Program Files\Java\jdk1.8.0_201\lib\dt.jar,C:\Program Files\Java\jdk1.8.0_201\lib\tools.jar;F:\subject\JavaWeb\apache-tomcat-8.5.45\lib\servlet-api.jar
PATH=C:\Program Files (x86)\Common Files\Oracle\Java\javapath;C:\WINDOWS\system32;C:\WINDOWS;C:\WINDOWS\System32\Wbem;C:\WINDOWS\System32\WindowsPowerShell\v1.0\;C:\WINDOWS\System32\OpenSSH\;F:\subject\JavaWeb\apache-tomcat-8.5.45\bin;F:\subject\JavaWeb\apache-tomcat-8.5.45\lib;C:\Program Files\NVIDIA Corporation\NVIDIA NvDLISR;F:\subject\JavaWeb\apache-maven-3.3.9\bin;F:\subject\JavaWeb\Gradle\gradle-6.9.1\bin;F:\subject\JavaWeb\nodejs;C:\Program Files\Java\jdk1.8.0_201\bin;C:\Program Files\MySQL\MySQL Server 8.0\bin;F:\subject\JavaWeb\env\MongoDB\bin;C:\Users\lenovo\AppData\Local\Microsoft\WindowsApps;F:\subject\PyCharm\PyCharm Community Edition 2020.3.3\bin;;F:\subject\JavaWeb\Microsoft VS Code\bin;F:\subject\JavaWeb\nodejs\node_global;
USERNAME=lenovo
OS=Windows_NT
PROCESSOR_IDENTIFIER=Intel64 Family 6 Model 158 Stepping 10, GenuineIntel



---------------  S Y S T E M  ---------------

OS: Windows 10.0 , 64 bit Build 19041 (10.0.19041.1202)

CPU:total 8 (initial active 8) (4 cores per cpu, 2 threads per core) family 6 model 158 stepping 10, cmov, cx8, fxsr, mmx, sse, sse2, sse3, ssse3, sse4.1, sse4.2, popcnt, avx, avx2, aes, clmul, erms, 3dnowpref, lzcnt, ht, tsc, tscinvbit, bmi1, bmi2, adx

Memory: 4k page, physical 8306932k(510872k free), swap 18792692k(3559116k free)

vm_info: Java HotSpot(TM) 64-Bit Server VM (25.201-b09) for windows-amd64 JRE (1.8.0_201-b09), built on Dec 15 2018 18:36:39 by "java_re" with MS VC++ 10.0 (VS2010)

time: Fri Oct 29 21:54:33 2021
timezone: 中国标准时间
elapsed time: 69 seconds (0d 0h 1m 9s)

