#
# A fatal error has been detected by the Java Runtime Environment:
#
#  EXCEPTION_ACCESS_VIOLATION (0xc0000005) at pc=0x00007ffbb863e0e5, pid=14356, tid=0x0000000000002590
#
# JRE version: Java(TM) SE Runtime Environment (8.0_201-b09) (build 1.8.0_201-b09)
# Java VM: Java HotSpot(TM) 64-Bit Server VM (25.201-b09 mixed mode windows-amd64 compressed oops)
# Problematic frame:
# C  [libarcsoft_face.dll+0xe0e5]
#
# Failed to write core dump. Minidumps are not enabled by default on client versions of Windows
#
# If you would like to submit a bug report, please visit:
#   http://bugreport.java.com/bugreport/crash.jsp
# The crash happened outside the Java Virtual Machine in native code.
# See problematic frame for where to report the bug.
#

---------------  T H R E A D  ---------------

Current thread (0x000000001f1d7000):  JavaThread "http-nio-8081-exec-3" daemon [_thread_in_native, id=9616, stack(0x00000000218f0000,0x00000000219f0000)]

siginfo: ExceptionCode=0xc0000005, writing address 0xfffffffe265fce60

Registers:
RAX=0x0000000000000021, RBX=0x0000000080002000, RCX=0x0000000000000017, RDX=0xffffffff80000000
RSP=0x00000000219ecaf0, RBP=0x0000000080000000, RSI=0x0000000000000140, RDI=0x0000000080000000
R8 =0x00000000000000ff, R9 =0x0000000000000000, R10=0x0000000080001000, R11=0x00000000265fce60
R12=0x0000000000000040, R13=0x0000000000000040, R14=0x0000000000000000, R15=0x000000001f5d9b10
RIP=0x00007ffbb863e0e5, EFLAGS=0x0000000000010206

Top of Stack: (sp=0x00000000219ecaf0)
0x00000000219ecaf0:   0000000000000000 0000000000002000
0x00000000219ecb00:   0000000000000010 0000000000000040
0x00000000219ecb10:   0000000000000000 0000000026609780
0x00000000219ecb20:   00000000219ecc30 00007ffbb863c5f2
0x00000000219ecb30:   0000000000000000 00007ffbb86417a3
0x00000000219ecb40:   00000000266646f0 0000000026664660
0x00000000219ecb50:   0000000080000000 0000000000000017
0x00000000219ecb60:   0000000000000021 000000000000002b
0x00000000219ecb70:   0000000000000000 0000000000000000
0x00000000219ecb80:   0000000000000040 00000000000003c0
0x00000000219ecb90:   0000000000000000 0000000000000000
0x00000000219ecba0:   0000000000000040 00000000219eccc8
0x00000000219ecbb0:   0000000000000000 0000000000000040
0x00000000219ecbc0:   0000000000000040 00000000265fce60
0x00000000219ecbd0:   00000000218ed1f0 00007ffbb863bf04
0x00000000219ecbe0:   0000000080000000 00007ffb000000f0 

Instructions: (pc=0x00007ffbb863e0e5)
0x00007ffbb863e0c5:   0f 4f c8 45 33 c9 85 c9 41 0f 48 c9 41 3b c0 41
0x00007ffbb863e0d5:   0f 4f c0 85 c0 41 0f 48 c1 66 0f 6e c1 0f 5b c0
0x00007ffbb863e0e5:   f3 41 0f 11 04 93 66 0f 6e c0 49 63 c2 0f 5b c0
0x00007ffbb863e0f5:   f3 41 0f 11 04 83 8b 44 24 78 eb 51 83 f9 01 75 


Register to memory mapping:

RAX=0x0000000000000021 is an unknown value
RBX=0x0000000080002000 is an unknown value
RCX=0x0000000000000017 is an unknown value
RDX=0xffffffff80000000 is an unknown value
RSP=0x00000000219ecaf0 is pointing into the stack for thread: 0x000000001f1d7000
RBP=0x0000000080000000 is an unknown value
RSI=0x0000000000000140 is an unknown value
RDI=0x0000000080000000 is an unknown value
R8 =0x00000000000000ff is an unknown value
R9 =0x0000000000000000 is an unknown value
R10=0x0000000080001000 is an unknown value
R11=0x00000000265fce60 is an unknown value
R12=0x0000000000000040 is an unknown value
R13=0x0000000000000040 is an unknown value
R14=0x0000000000000000 is an unknown value
R15=0x000000001f5d9b10 is an unknown value


Stack: [0x00000000218f0000,0x00000000219f0000],  sp=0x00000000219ecaf0,  free space=1010k
Native frames: (J=compiled Java code, j=interpreted, Vv=VM code, C=native code)
C  [libarcsoft_face.dll+0xe0e5]
C  [libarcsoft_face.dll+0xc5f2]
C  [libarcsoft_face.dll+0xbf04]
C  [libarcsoft_face.dll+0x9049]
C  [libarcsoft_face.dll+0x89bc]
C  [libarcsoft_face.dll+0x7d0a]
C  [libarcsoft_face.dll+0x3c88]
C  [libarcsoft_face_engine.dll+0x58ca]
C  [libarcsoft_face_engine_jni.dll+0x18f6]
C  0x00000000039b8c67

Java frames: (J=compiled Java code, j=interpreted, Vv=VM code)
j  com.arcsoft.face.FaceEngine.detectFaces(J[BIIII[Lcom/arcsoft/face/FaceInfo;)I+0
j  com.arcsoft.face.FaceEngine.detectFaces([BIILcom/arcsoft/face/enums/ImageFormat;Lcom/arcsoft/face/enums/DetectModel;Ljava/util/List;)I+107
j  com.arcsoft.face.FaceEngine.detectFaces([BIILcom/arcsoft/face/enums/ImageFormat;Ljava/util/List;)I+11
j  com.tangcheng.face_corn.service.impl.faceServiceImpl.facesearch(Ljava/io/InputStream;Ljava/util/List;)Ljava/lang/String;+45
j  com.tangcheng.face_corn.controller.faceController.facesearch(Ljava/lang/String;Ljava/util/List;)Lresult/Result;+22
v  ~StubRoutines::call_stub
J 1855  sun.reflect.NativeMethodAccessorImpl.invoke0(Ljava/lang/reflect/Method;Ljava/lang/Object;[Ljava/lang/Object;)Ljava/lang/Object; (0 bytes) @ 0x0000000003d6213f [0x0000000003d620c0+0x7f]
J 1854 C1 sun.reflect.NativeMethodAccessorImpl.invoke(Ljava/lang/Object;[Ljava/lang/Object;)Ljava/lang/Object; (104 bytes) @ 0x0000000003d6289c [0x0000000003d62520+0x37c]
J 2083 C1 sun.reflect.DelegatingMethodAccessorImpl.invoke(Ljava/lang/Object;[Ljava/lang/Object;)Ljava/lang/Object; (10 bytes) @ 0x0000000003dd41e4 [0x0000000003dd41a0+0x44]
J 1834 C1 java.lang.reflect.Method.invoke(Ljava/lang/Object;[Ljava/lang/Object;)Ljava/lang/Object; (62 bytes) @ 0x0000000003d5bf54 [0x0000000003d5be60+0xf4]
j  org.springframework.web.method.support.InvocableHandlerMethod.doInvoke([Ljava/lang/Object;)Ljava/lang/Object;+32
j  org.springframework.web.method.support.InvocableHandlerMethod.invokeForRequest(Lorg/springframework/web/context/request/NativeWebRequest;Lorg/springframework/web/method/support/ModelAndViewContainer;[Ljava/lang/Object;)Ljava/lang/Object;+54
j  org.springframework.web.servlet.mvc.method.annotation.ServletInvocableHandlerMethod.invokeAndHandle(Lorg/springframework/web/context/request/ServletWebRequest;Lorg/springframework/web/method/support/ModelAndViewContainer;[Ljava/lang/Object;)V+4
j  org.springframework.web.servlet.mvc.method.annotation.RequestMappingHandlerAdapter.invokeHandlerMethod(Ljavax/servlet/http/HttpServletRequest;Ljavax/servlet/http/HttpServletResponse;Lorg/springframework/web/method/HandlerMethod;)Lorg/springframework/web/servlet/ModelAndView;+244
j  org.springframework.web.servlet.mvc.method.annotation.RequestMappingHandlerAdapter.handleInternal(Ljavax/servlet/http/HttpServletRequest;Ljavax/servlet/http/HttpServletResponse;Lorg/springframework/web/method/HandlerMethod;)Lorg/springframework/web/servlet/ModelAndView;+81
j  org.springframework.web.servlet.mvc.method.AbstractHandlerMethodAdapter.handle(Ljavax/servlet/http/HttpServletRequest;Ljavax/servlet/http/HttpServletResponse;Ljava/lang/Object;)Lorg/springframework/web/servlet/ModelAndView;+7
j  org.springframework.web.servlet.DispatcherServlet.doDispatch(Ljavax/servlet/http/HttpServletRequest;Ljavax/servlet/http/HttpServletResponse;)V+259
j  org.springframework.web.servlet.DispatcherServlet.doService(Ljavax/servlet/http/HttpServletRequest;Ljavax/servlet/http/HttpServletResponse;)V+241
j  org.springframework.web.servlet.FrameworkServlet.processRequest(Ljavax/servlet/http/HttpServletRequest;Ljavax/servlet/http/HttpServletResponse;)V+71
j  org.springframework.web.servlet.FrameworkServlet.doPost(Ljavax/servlet/http/HttpServletRequest;Ljavax/servlet/http/HttpServletResponse;)V+3
j  javax.servlet.http.HttpServlet.service(Ljavax/servlet/http/HttpServletRequest;Ljavax/servlet/http/HttpServletResponse;)V+149
j  org.springframework.web.servlet.FrameworkServlet.service(Ljavax/servlet/http/HttpServletRequest;Ljavax/servlet/http/HttpServletResponse;)V+33
j  javax.servlet.http.HttpServlet.service(Ljavax/servlet/ServletRequest;Ljavax/servlet/ServletResponse;)V+36
j  org.apache.catalina.core.ApplicationFilterChain.internalDoFilter(Ljavax/servlet/ServletRequest;Ljavax/servlet/ServletResponse;)V+304
j  org.apache.catalina.core.ApplicationFilterChain.doFilter(Ljavax/servlet/ServletRequest;Ljavax/servlet/ServletResponse;)V+99
j  org.apache.tomcat.websocket.server.WsFilter.doFilter(Ljavax/servlet/ServletRequest;Ljavax/servlet/ServletResponse;Ljavax/servlet/FilterChain;)V+21
j  org.apache.catalina.core.ApplicationFilterChain.internalDoFilter(Ljavax/servlet/ServletRequest;Ljavax/servlet/ServletResponse;)V+135
j  org.apache.catalina.core.ApplicationFilterChain.doFilter(Ljavax/servlet/ServletRequest;Ljavax/servlet/ServletResponse;)V+99
j  org.springframework.web.filter.RequestContextFilter.doFilterInternal(Ljavax/servlet/http/HttpServletRequest;Ljavax/servlet/http/HttpServletResponse;Ljavax/servlet/FilterChain;)V+21
j  org.springframework.web.filter.OncePerRequestFilter.doFilter(Ljavax/servlet/ServletRequest;Ljavax/servlet/ServletResponse;Ljavax/servlet/FilterChain;)V+147
j  org.apache.catalina.core.ApplicationFilterChain.internalDoFilter(Ljavax/servlet/ServletRequest;Ljavax/servlet/ServletResponse;)V+135
j  org.apache.catalina.core.ApplicationFilterChain.doFilter(Ljavax/servlet/ServletRequest;Ljavax/servlet/ServletResponse;)V+99
j  org.springframework.web.filter.FormContentFilter.doFilterInternal(Ljavax/servlet/http/HttpServletRequest;Ljavax/servlet/http/HttpServletResponse;Ljavax/servlet/FilterChain;)V+38
j  org.springframework.web.filter.OncePerRequestFilter.doFilter(Ljavax/servlet/ServletRequest;Ljavax/servlet/ServletResponse;Ljavax/servlet/FilterChain;)V+147
j  org.apache.catalina.core.ApplicationFilterChain.internalDoFilter(Ljavax/servlet/ServletRequest;Ljavax/servlet/ServletResponse;)V+135
j  org.apache.catalina.core.ApplicationFilterChain.doFilter(Ljavax/servlet/ServletRequest;Ljavax/servlet/ServletResponse;)V+99
j  org.springframework.web.filter.CharacterEncodingFilter.doFilterInternal(Ljavax/servlet/http/HttpServletRequest;Ljavax/servlet/http/HttpServletResponse;Ljavax/servlet/FilterChain;)V+53
j  org.springframework.web.filter.OncePerRequestFilter.doFilter(Ljavax/servlet/ServletRequest;Ljavax/servlet/ServletResponse;Ljavax/servlet/FilterChain;)V+147
j  org.apache.catalina.core.ApplicationFilterChain.internalDoFilter(Ljavax/servlet/ServletRequest;Ljavax/servlet/ServletResponse;)V+135
j  org.apache.catalina.core.ApplicationFilterChain.doFilter(Ljavax/servlet/ServletRequest;Ljavax/servlet/ServletResponse;)V+99
j  org.apache.catalina.core.StandardWrapperValve.invoke(Lorg/apache/catalina/connector/Request;Lorg/apache/catalina/connector/Response;)V+694
j  org.apache.catalina.core.StandardContextValve.invoke(Lorg/apache/catalina/connector/Request;Lorg/apache/catalina/connector/Response;)V+169
j  org.apache.catalina.authenticator.AuthenticatorBase.invoke(Lorg/apache/catalina/connector/Request;Lorg/apache/catalina/connector/Response;)V+260
j  org.apache.catalina.core.StandardHostValve.invoke(Lorg/apache/catalina/connector/Request;Lorg/apache/catalina/connector/Response;)V+128
j  org.apache.catalina.valves.ErrorReportValve.invoke(Lorg/apache/catalina/connector/Request;Lorg/apache/catalina/connector/Response;)V+6
j  org.apache.catalina.core.StandardEngineValve.invoke(Lorg/apache/catalina/connector/Request;Lorg/apache/catalina/connector/Response;)V+59
j  org.apache.catalina.connector.CoyoteAdapter.service(Lorg/apache/coyote/Request;Lorg/apache/coyote/Response;)V+199
j  org.apache.coyote.http11.Http11Processor.service(Lorg/apache/tomcat/util/net/SocketWrapperBase;)Lorg/apache/tomcat/util/net/AbstractEndpoint$Handler$SocketState;+737
j  org.apache.coyote.AbstractProcessorLight.process(Lorg/apache/tomcat/util/net/SocketWrapperBase;Lorg/apache/tomcat/util/net/SocketEvent;)Lorg/apache/tomcat/util/net/AbstractEndpoint$Handler$SocketState;+170
j  org.apache.coyote.AbstractProtocol$ConnectionHandler.process(Lorg/apache/tomcat/util/net/SocketWrapperBase;Lorg/apache/tomcat/util/net/SocketEvent;)Lorg/apache/tomcat/util/net/AbstractEndpoint$Handler$SocketState;+505
j  org.apache.tomcat.util.net.NioEndpoint$SocketProcessor.doRun()V+216
j  org.apache.tomcat.util.net.SocketProcessorBase.run()V+21
j  java.util.concurrent.ThreadPoolExecutor.runWorker(Ljava/util/concurrent/ThreadPoolExecutor$Worker;)V+95
j  java.util.concurrent.ThreadPoolExecutor$Worker.run()V+5
j  org.apache.tomcat.util.threads.TaskThread$WrappingRunnable.run()V+4
j  java.lang.Thread.run()V+11
v  ~StubRoutines::call_stub

---------------  P R O C E S S  ---------------

Java Threads: ( => current thread )
  0x000000001f437000 JavaThread "lettuce-eventExecutorLoop-1-7" daemon [_thread_blocked, id=4340, stack(0x0000000041080000,0x0000000041180000)]
  0x000000001f432800 JavaThread "lettuce-eventExecutorLoop-1-6" daemon [_thread_blocked, id=9500, stack(0x0000000040f80000,0x0000000041080000)]
  0x000000001f436800 JavaThread "lettuce-eventExecutorLoop-1-5" daemon [_thread_blocked, id=20944, stack(0x0000000040e80000,0x0000000040f80000)]
  0x000000001f42f000 JavaThread "lettuce-eventExecutorLoop-1-4" daemon [_thread_blocked, id=21080, stack(0x0000000040d80000,0x0000000040e80000)]
  0x000000001f42f800 JavaThread "lettuce-eventExecutorLoop-1-3" daemon [_thread_blocked, id=19924, stack(0x0000000040c80000,0x0000000040d80000)]
  0x000000001f435800 JavaThread "Java2D Disposer" daemon [_thread_blocked, id=20864, stack(0x0000000040b80000,0x0000000040c80000)]
  0x000000001f435000 JavaThread "idle_connection_reaper" daemon [_thread_blocked, id=19836, stack(0x0000000040a80000,0x0000000040b80000)]
  0x000000001f433800 JavaThread "lettuce-eventExecutorLoop-1-2" daemon [_thread_blocked, id=20132, stack(0x0000000040780000,0x0000000040880000)]
  0x000000001f430800 JavaThread "lettuce-eventExecutorLoop-1-1" daemon [_thread_blocked, id=14360, stack(0x00000000208f0000,0x00000000209f0000)]
  0x000000001f434000 JavaThread "lettuce-nioEventLoop-4-1" daemon [_thread_in_native, id=17060, stack(0x000000001d320000,0x000000001d420000)]
  0x000000001f42e000 JavaThread "DiscoveryClient-HeartbeatExecutor-0" daemon [_thread_blocked, id=300, stack(0x00000000227f0000,0x00000000228f0000)]
  0x000000001f1e0000 JavaThread "DiscoveryClient-CacheRefreshExecutor-0" daemon [_thread_blocked, id=20576, stack(0x00000000226f0000,0x00000000227f0000)]
  0x000000001f1dd000 JavaThread "DestroyJavaVM" [_thread_blocked, id=21268, stack(0x00000000035d0000,0x00000000036d0000)]
  0x000000001f1da800 JavaThread "http-nio-8081-Acceptor" daemon [_thread_in_native, id=19148, stack(0x00000000221f0000,0x00000000222f0000)]
  0x000000001f1dc800 JavaThread "http-nio-8081-ClientPoller" daemon [_thread_in_native, id=7864, stack(0x00000000220f0000,0x00000000221f0000)]
  0x000000001f1d9000 JavaThread "http-nio-8081-exec-10" daemon [_thread_in_native, id=9180, stack(0x0000000021ff0000,0x00000000220f0000)]
  0x000000001f1df800 JavaThread "http-nio-8081-exec-9" daemon [_thread_in_native, id=3996, stack(0x0000000021ef0000,0x0000000021ff0000)]
  0x000000001f1de800 JavaThread "http-nio-8081-exec-8" daemon [_thread_blocked, id=20596, stack(0x0000000021df0000,0x0000000021ef0000)]
  0x000000001f1db800 JavaThread "http-nio-8081-exec-7" daemon [_thread_blocked, id=21316, stack(0x0000000021cf0000,0x0000000021df0000)]
  0x000000001f1da000 JavaThread "http-nio-8081-exec-6" daemon [_thread_blocked, id=20608, stack(0x0000000021bf0000,0x0000000021cf0000)]
  0x000000001f1d3000 JavaThread "http-nio-8081-exec-5" daemon [_thread_blocked, id=19724, stack(0x0000000021af0000,0x0000000021bf0000)]
  0x000000001f1d7800 JavaThread "http-nio-8081-exec-4" daemon [_thread_in_native, id=19680, stack(0x00000000219f0000,0x0000000021af0000)]
=>0x000000001f1d7000 JavaThread "http-nio-8081-exec-3" daemon [_thread_in_native, id=9616, stack(0x00000000218f0000,0x00000000219f0000)]
  0x000000001f1d6000 JavaThread "http-nio-8081-exec-2" daemon [_thread_in_native, id=10088, stack(0x00000000217f0000,0x00000000218f0000)]
  0x000000001f1d1800 JavaThread "http-nio-8081-exec-1" daemon [_thread_in_native, id=19644, stack(0x00000000216f0000,0x00000000217f0000)]
  0x000000001f1d2800 JavaThread "http-nio-8081-BlockPoller" daemon [_thread_in_native, id=20272, stack(0x00000000215f0000,0x00000000216f0000)]
  0x000000001f1d4000 JavaThread "DiscoveryClient-InstanceInfoReplicator-0" daemon [_thread_blocked, id=18016, stack(0x00000000212f0000,0x00000000213f0000)]
  0x000000001f1d8800 JavaThread "DiscoveryClient-1" daemon [_thread_blocked, id=9820, stack(0x00000000211f0000,0x00000000212f0000)]
  0x000000001f1d5800 JavaThread "DiscoveryClient-0" daemon [_thread_blocked, id=15368, stack(0x00000000210f0000,0x00000000211f0000)]
  0x000000001f1d4800 JavaThread "AsyncResolver-bootstrap-0" daemon [_thread_blocked, id=20764, stack(0x0000000020bf0000,0x0000000020cf0000)]
  0x000000001d2ed800 JavaThread "spring.cloud.inetutils" daemon [_thread_blocked, id=17284, stack(0x00000000209f0000,0x0000000020af0000)]
  0x000000001d2ee800 JavaThread "lettuce-timer-3-1" daemon [_thread_blocked, id=20664, stack(0x00000000200f0000,0x00000000201f0000)]
  0x000000001d2f0800 JavaThread "container-0" [_thread_blocked, id=17340, stack(0x000000001fdf0000,0x000000001fef0000)]
  0x000000001d2f1800 JavaThread "Catalina-utility-2" [_thread_blocked, id=10796, stack(0x000000001fcf0000,0x000000001fdf0000)]
  0x000000001d2f0000 JavaThread "Catalina-utility-1" [_thread_blocked, id=15828, stack(0x000000001dc20000,0x000000001dd20000)]
  0x000000001c4b6800 JavaThread "RMI Scheduler(0)" daemon [_thread_blocked, id=15708, stack(0x000000001d620000,0x000000001d720000)]
  0x000000001b60f800 JavaThread "RMI TCP Accept-0" daemon [_thread_in_native, id=3008, stack(0x000000001bf50000,0x000000001c050000)]
  0x000000001b5a3000 JavaThread "RMI TCP Accept-60605" daemon [_thread_in_native, id=13968, stack(0x000000001be50000,0x000000001bf50000)]
  0x000000001b59c000 JavaThread "RMI TCP Accept-0" daemon [_thread_in_native, id=21196, stack(0x000000001bd50000,0x000000001be50000)]
  0x000000001b344000 JavaThread "Service Thread" daemon [_thread_blocked, id=8688, stack(0x000000001bc50000,0x000000001bd50000)]
  0x000000001b2d0800 JavaThread "C1 CompilerThread3" daemon [_thread_blocked, id=17580, stack(0x000000001bb50000,0x000000001bc50000)]
  0x000000001b2cf800 JavaThread "C2 CompilerThread2" daemon [_thread_blocked, id=15480, stack(0x000000001ba50000,0x000000001bb50000)]
  0x000000001b2cf000 JavaThread "C2 CompilerThread1" daemon [_thread_blocked, id=19904, stack(0x000000001b950000,0x000000001ba50000)]
  0x000000001b2c8000 JavaThread "C2 CompilerThread0" daemon [_thread_blocked, id=9812, stack(0x000000001b850000,0x000000001b950000)]
  0x000000001b2b7000 JavaThread "Monitor Ctrl-Break" daemon [_thread_in_native, id=19312, stack(0x000000001b750000,0x000000001b850000)]
  0x000000001a791800 JavaThread "Attach Listener" daemon [_thread_blocked, id=17588, stack(0x000000001ae50000,0x000000001af50000)]
  0x000000001a7eb800 JavaThread "Signal Dispatcher" daemon [_thread_blocked, id=20740, stack(0x000000001ad50000,0x000000001ae50000)]
  0x000000001a770800 JavaThread "Finalizer" daemon [_thread_blocked, id=20688, stack(0x000000001ac50000,0x000000001ad50000)]
  0x000000001896f800 JavaThread "Reference Handler" daemon [_thread_blocked, id=21280, stack(0x000000001ab50000,0x000000001ac50000)]

Other Threads:
  0x0000000018966800 VMThread [stack: 0x000000001a650000,0x000000001a750000] [id=20640]
  0x000000001b5ba800 WatcherThread [stack: 0x000000001c050000,0x000000001c150000] [id=16148]

VM state:not at safepoint (normal execution)

VM Mutex/Monitor currently owned by a thread: None

heap address: 0x0000000081200000, size: 2030 MB, Compressed Oops mode: 32-bit
Narrow klass base: 0x0000000000000000, Narrow klass shift: 3
Compressed class space size: 1073741824 Address: 0x0000000100000000

Heap:
 PSYoungGen      total 249344K, used 31803K [0x00000000d5b80000, 0x00000000ec000000, 0x0000000100000000)
  eden space 231424K, 6% used [0x00000000d5b80000,0x00000000d6911b10,0x00000000e3d80000)
  from space 17920K, 99% used [0x00000000e3d80000,0x00000000e4efd3e0,0x00000000e4f00000)
  to   space 29184K, 0% used [0x00000000ea380000,0x00000000ea380000,0x00000000ec000000)
 ParOldGen       total 109056K, used 57985K [0x0000000081200000, 0x0000000087c80000, 0x00000000d5b80000)
  object space 109056K, 53% used [0x0000000081200000,0x0000000084aa0758,0x0000000087c80000)
 Metaspace       used 55517K, capacity 59216K, committed 59480K, reserved 1099776K
  class space    used 7592K, capacity 8241K, committed 8320K, reserved 1048576K

Card table byte_map: [0x0000000012d60000,0x0000000013160000] byte_map_base: 0x0000000012957000

Marking Bits: (ParMarkBitMap*) 0x0000000060af4ce0
 Begin Bits: [0x0000000013c10000, 0x0000000015bc8000)
 End Bits:   [0x0000000015bc8000, 0x0000000017b80000)

Polling page: 0x0000000001430000

CodeCache: size=245760Kb used=9878Kb max_used=9883Kb free=235881Kb
 bounds [0x00000000039a0000, 0x0000000004350000, 0x00000000129a0000]
 total_blobs=5735 nmethods=5136 adapters=511
 compilation: enabled

Compilation events (10 events):
Event: 173.428 Thread 0x000000001b2d0800 5264       1       org.apache.tomcat.util.buf.AbstractChunk::<init> (20 bytes)
Event: 173.428 Thread 0x000000001b2d0800 nmethod 5264 0x0000000004341050 code [0x00000000043411a0, 0x00000000043412b0]
Event: 173.429 Thread 0x000000001b2d0800 5265       1       org.apache.catalina.connector.Request::getContext (8 bytes)
Event: 173.429 Thread 0x000000001b2d0800 nmethod 5265 0x0000000004341310 code [0x0000000004341460, 0x0000000004341570]
Event: 173.430 Thread 0x000000001b2d0800 5267       1       java.util.concurrent.ConcurrentHashMap::<init> (44 bytes)
Event: 173.430 Thread 0x000000001b2d0800 nmethod 5267 0x0000000003c177d0 code [0x0000000003c17940, 0x0000000003c17b38]
Event: 173.431 Thread 0x000000001b2d0800 5268   !   1       org.apache.tomcat.util.http.Parameters::processParameters (1296 bytes)
Event: 173.442 Thread 0x000000001b2d0800 nmethod 5268 0x0000000004341610 code [0x0000000004341ce0, 0x0000000004345228]
Event: 173.442 Thread 0x000000001b2d0800 5266   !   1       org.apache.catalina.connector.Request::setAttribute (170 bytes)
Event: 173.443 Thread 0x000000001b2d0800 nmethod 5266 0x0000000004349b90 code [0x0000000004349d80, 0x000000000434a238]

GC Heap History (10 events):
Event: 5.839 GC heap before
{Heap before GC invocations=12 (full 2):
 PSYoungGen      total 185856K, used 7718K [0x00000000d5b80000, 0x00000000e1b80000, 0x0000000100000000)
  eden space 176128K, 0% used [0x00000000d5b80000,0x00000000d5b80000,0x00000000e0780000)
  from space 9728K, 79% used [0x00000000e1200000,0x00000000e1989868,0x00000000e1b80000)
  to   space 10240K, 0% used [0x00000000e0780000,0x00000000e0780000,0x00000000e1180000)
 ParOldGen       total 49664K, used 14238K [0x0000000081200000, 0x0000000084280000, 0x00000000d5b80000)
  object space 49664K, 28% used [0x0000000081200000,0x0000000081fe7af8,0x0000000084280000)
 Metaspace       used 33254K, capacity 35330K, committed 35416K, reserved 1079296K
  class space    used 4582K, capacity 4959K, committed 4992K, reserved 1048576K
Event: 5.899 GC heap after
Heap after GC invocations=12 (full 2):
 PSYoungGen      total 185856K, used 0K [0x00000000d5b80000, 0x00000000e1b80000, 0x0000000100000000)
  eden space 176128K, 0% used [0x00000000d5b80000,0x00000000d5b80000,0x00000000e0780000)
  from space 9728K, 0% used [0x00000000e1200000,0x00000000e1200000,0x00000000e1b80000)
  to   space 10240K, 0% used [0x00000000e0780000,0x00000000e0780000,0x00000000e1180000)
 ParOldGen       total 74240K, used 16083K [0x0000000081200000, 0x0000000085a80000, 0x00000000d5b80000)
  object space 74240K, 21% used [0x0000000081200000,0x00000000821b4e18,0x0000000085a80000)
 Metaspace       used 33254K, capacity 35330K, committed 35416K, reserved 1079296K
  class space    used 4582K, capacity 4959K, committed 4992K, reserved 1048576K
}
Event: 8.831 GC heap before
{Heap before GC invocations=13 (full 2):
 PSYoungGen      total 185856K, used 176128K [0x00000000d5b80000, 0x00000000e1b80000, 0x0000000100000000)
  eden space 176128K, 100% used [0x00000000d5b80000,0x00000000e0780000,0x00000000e0780000)
  from space 9728K, 0% used [0x00000000e1200000,0x00000000e1200000,0x00000000e1b80000)
  to   space 10240K, 0% used [0x00000000e0780000,0x00000000e0780000,0x00000000e1180000)
 ParOldGen       total 74240K, used 16083K [0x0000000081200000, 0x0000000085a80000, 0x00000000d5b80000)
  object space 74240K, 21% used [0x0000000081200000,0x00000000821b4e18,0x0000000085a80000)
 Metaspace       used 42284K, capacity 45178K, committed 45400K, reserved 1087488K
  class space    used 5861K, capacity 6404K, committed 6528K, reserved 1048576K
Event: 8.843 GC heap after
Heap after GC invocations=13 (full 2):
 PSYoungGen      total 186368K, used 10233K [0x00000000d5b80000, 0x00000000e5e00000, 0x0000000100000000)
  eden space 176128K, 0% used [0x00000000d5b80000,0x00000000d5b80000,0x00000000e0780000)
  from space 10240K, 99% used [0x00000000e0780000,0x00000000e117e6a8,0x00000000e1180000)
  to   space 12800K, 0% used [0x00000000e5180000,0x00000000e5180000,0x00000000e5e00000)
 ParOldGen       total 74240K, used 20266K [0x0000000081200000, 0x0000000085a80000, 0x00000000d5b80000)
  object space 74240K, 27% used [0x0000000081200000,0x00000000825ca810,0x0000000085a80000)
 Metaspace       used 42284K, capacity 45178K, committed 45400K, reserved 1087488K
  class space    used 5861K, capacity 6404K, committed 6528K, reserved 1048576K
}
Event: 113.230 GC heap before
{Heap before GC invocations=14 (full 2):
 PSYoungGen      total 186368K, used 170303K [0x00000000d5b80000, 0x00000000e5e00000, 0x0000000100000000)
  eden space 176128K, 90% used [0x00000000d5b80000,0x00000000df7d1840,0x00000000e0780000)
  from space 10240K, 99% used [0x00000000e0780000,0x00000000e117e6a8,0x00000000e1180000)
  to   space 12800K, 0% used [0x00000000e5180000,0x00000000e5180000,0x00000000e5e00000)
 ParOldGen       total 74240K, used 20266K [0x0000000081200000, 0x0000000085a80000, 0x00000000d5b80000)
  object space 74240K, 27% used [0x0000000081200000,0x00000000825ca810,0x0000000085a80000)
 Metaspace       used 55087K, capacity 58758K, committed 58968K, reserved 1099776K
  class space    used 7533K, capacity 8200K, committed 8320K, reserved 1048576K
Event: 113.246 GC heap after
Heap after GC invocations=14 (full 2):
 PSYoungGen      total 244224K, used 12782K [0x00000000d5b80000, 0x00000000e6080000, 0x0000000100000000)
  eden space 231424K, 0% used [0x00000000d5b80000,0x00000000d5b80000,0x00000000e3d80000)
  from space 12800K, 99% used [0x00000000e5180000,0x00000000e5dfb840,0x00000000e5e00000)
  to   space 17920K, 0% used [0x00000000e3d80000,0x00000000e3d80000,0x00000000e4f00000)
 ParOldGen       total 74240K, used 30705K [0x0000000081200000, 0x0000000085a80000, 0x00000000d5b80000)
  object space 74240K, 41% used [0x0000000081200000,0x0000000082ffc780,0x0000000085a80000)
 Metaspace       used 55087K, capacity 58758K, committed 58968K, reserved 1099776K
  class space    used 7533K, capacity 8200K, committed 8320K, reserved 1048576K
}
Event: 113.246 GC heap before
{Heap before GC invocations=15 (full 3):
 PSYoungGen      total 244224K, used 12782K [0x00000000d5b80000, 0x00000000e6080000, 0x0000000100000000)
  eden space 231424K, 0% used [0x00000000d5b80000,0x00000000d5b80000,0x00000000e3d80000)
  from space 12800K, 99% used [0x00000000e5180000,0x00000000e5dfb840,0x00000000e5e00000)
  to   space 17920K, 0% used [0x00000000e3d80000,0x00000000e3d80000,0x00000000e4f00000)
 ParOldGen       total 74240K, used 30705K [0x0000000081200000, 0x0000000085a80000, 0x00000000d5b80000)
  object space 74240K, 41% used [0x0000000081200000,0x0000000082ffc780,0x0000000085a80000)
 Metaspace       used 55087K, capacity 58758K, committed 58968K, reserved 1099776K
  class space    used 7533K, capacity 8200K, committed 8320K, reserved 1048576K
Event: 113.365 GC heap after
Heap after GC invocations=15 (full 3):
 PSYoungGen      total 244224K, used 0K [0x00000000d5b80000, 0x00000000e6080000, 0x0000000100000000)
  eden space 231424K, 0% used [0x00000000d5b80000,0x00000000d5b80000,0x00000000e3d80000)
  from space 12800K, 0% used [0x00000000e5180000,0x00000000e5180000,0x00000000e5e00000)
  to   space 17920K, 0% used [0x00000000e3d80000,0x00000000e3d80000,0x00000000e4f00000)
 ParOldGen       total 109056K, used 34149K [0x0000000081200000, 0x0000000087c80000, 0x00000000d5b80000)
  object space 109056K, 31% used [0x0000000081200000,0x00000000833596b8,0x0000000087c80000)
 Metaspace       used 55087K, capacity 58758K, committed 58968K, reserved 1099776K
  class space    used 7533K, capacity 8200K, committed 8320K, reserved 1048576K
}
Event: 173.409 GC heap before
{Heap before GC invocations=16 (full 3):
 PSYoungGen      total 244224K, used 231424K [0x00000000d5b80000, 0x00000000e6080000, 0x0000000100000000)
  eden space 231424K, 100% used [0x00000000d5b80000,0x00000000e3d80000,0x00000000e3d80000)
  from space 12800K, 0% used [0x00000000e5180000,0x00000000e5180000,0x00000000e5e00000)
  to   space 17920K, 0% used [0x00000000e3d80000,0x00000000e3d80000,0x00000000e4f00000)
 ParOldGen       total 109056K, used 34149K [0x0000000081200000, 0x0000000087c80000, 0x00000000d5b80000)
  object space 109056K, 31% used [0x0000000081200000,0x00000000833596b8,0x0000000087c80000)
 Metaspace       used 55517K, capacity 59216K, committed 59480K, reserved 1099776K
  class space    used 7592K, capacity 8241K, committed 8320K, reserved 1048576K
Event: 173.422 GC heap after
Heap after GC invocations=16 (full 3):
 PSYoungGen      total 249344K, used 17908K [0x00000000d5b80000, 0x00000000ec000000, 0x0000000100000000)
  eden space 231424K, 0% used [0x00000000d5b80000,0x00000000d5b80000,0x00000000e3d80000)
  from space 17920K, 99% used [0x00000000e3d80000,0x00000000e4efd3e0,0x00000000e4f00000)
  to   space 29184K, 0% used [0x00000000ea380000,0x00000000ea380000,0x00000000ec000000)
 ParOldGen       total 109056K, used 57985K [0x0000000081200000, 0x0000000087c80000, 0x00000000d5b80000)
  object space 109056K, 53% used [0x0000000081200000,0x0000000084aa0758,0x0000000087c80000)
 Metaspace       used 55517K, capacity 59216K, committed 59480K, reserved 1099776K
  class space    used 7592K, capacity 8241K, committed 8320K, reserved 1048576K
}

Deoptimization events (0 events):
No events

Classes redefined (0 events):
No events

Internal exceptions (10 events):
Event: 109.140 Thread 0x000000001f1d7000 Exception <a 'java/lang/ArrayIndexOutOfBoundsException'> (0x00000000de303d58) thrown at [C:\re\workspace\8-2-build-windows-amd64-cygwin\jdk8u201\12322\hotspot\src\share\vm\runtime\sharedRuntime.cpp, line 605]
Event: 109.140 Thread 0x000000001f1d7000 Exception <a 'java/lang/ArrayIndexOutOfBoundsException'> (0x00000000de305830) thrown at [C:\re\workspace\8-2-build-windows-amd64-cygwin\jdk8u201\12322\hotspot\src\share\vm\runtime\sharedRuntime.cpp, line 605]
Event: 109.140 Thread 0x000000001f1d7000 Exception <a 'java/lang/ArrayIndexOutOfBoundsException'> (0x00000000de307008) thrown at [C:\re\workspace\8-2-build-windows-amd64-cygwin\jdk8u201\12322\hotspot\src\share\vm\runtime\sharedRuntime.cpp, line 605]
Event: 112.773 Thread 0x000000001f1da000 Exception <a 'java/lang/ArrayIndexOutOfBoundsException'> (0x00000000de709140) thrown at [C:\re\workspace\8-2-build-windows-amd64-cygwin\jdk8u201\12322\hotspot\src\share\vm\runtime\sharedRuntime.cpp, line 605]
Event: 113.196 Thread 0x000000001f1da000 Exception <a 'java/io/FileNotFoundException'> (0x00000000df6e9890) thrown at [C:\re\workspace\8-2-build-windows-amd64-cygwin\jdk8u201\12322\hotspot\src\share\vm\prims\jni.cpp, line 709]
Event: 129.691 Thread 0x000000001f1e0000 Exception <a 'java/net/SocketTimeoutException': Read timed out> (0x00000000e201ec68) thrown at [C:\re\workspace\8-2-build-windows-amd64-cygwin\jdk8u201\12322\hotspot\src\share\vm\prims\jni.cpp, line 735]
Event: 129.706 Thread 0x000000001f42e000 Exception <a 'java/net/SocketTimeoutException': Read timed out> (0x00000000e2075a08) thrown at [C:\re\workspace\8-2-build-windows-amd64-cygwin\jdk8u201\12322\hotspot\src\share\vm\prims\jni.cpp, line 735]
Event: 159.716 Thread 0x000000001f1e0000 Exception <a 'java/net/SocketTimeoutException': Read timed out> (0x00000000e202a330) thrown at [C:\re\workspace\8-2-build-windows-amd64-cygwin\jdk8u201\12322\hotspot\src\share\vm\prims\jni.cpp, line 735]
Event: 159.731 Thread 0x000000001f42e000 Exception <a 'java/net/SocketTimeoutException': Read timed out> (0x00000000e207e370) thrown at [C:\re\workspace\8-2-build-windows-amd64-cygwin\jdk8u201\12322\hotspot\src\share\vm\prims\jni.cpp, line 735]
Event: 173.372 Thread 0x000000001f1d7800 Exception <a 'java/lang/ArrayIndexOutOfBoundsException'> (0x00000000e275bb20) thrown at [C:\re\workspace\8-2-build-windows-amd64-cygwin\jdk8u201\12322\hotspot\src\share\vm\runtime\sharedRuntime.cpp, line 605]

Events (10 events):
Event: 173.426 Executing VM operation: RevokeBias
Event: 173.426 Executing VM operation: RevokeBias done
Event: 173.426 Executing VM operation: RevokeBias
Event: 173.427 Executing VM operation: RevokeBias done
Event: 173.430 Thread 0x000000001b2d0800 flushing nmethod 0x0000000003c04b10
Event: 173.430 Thread 0x000000001b2d0800 flushing nmethod 0x0000000003c06850
Event: 173.430 Thread 0x000000001b2d0800 flushing nmethod 0x0000000003c17510
Event: 173.430 Thread 0x000000001b2d0800 flushing nmethod 0x0000000003c58a90
Event: 173.444 Thread 0x000000001b2d0800 flushing nmethod 0x0000000003d4f110
Event: 173.444 Thread 0x000000001b2d0800 flushing nmethod 0x0000000003d51010


Dynamic libraries:
0x00007ff6b01c0000 - 0x00007ff6b01f7000 	C:\Program Files\Java\jdk1.8.0_201\bin\java.exe
0x00007ffc111b0000 - 0x00007ffc113a5000 	C:\WINDOWS\SYSTEM32\ntdll.dll
0x00007ffc110a0000 - 0x00007ffc1115e000 	C:\WINDOWS\System32\KERNEL32.DLL
0x00007ffc0eae0000 - 0x00007ffc0eda9000 	C:\WINDOWS\System32\KERNELBASE.dll
0x00007ffc10270000 - 0x00007ffc1031c000 	C:\WINDOWS\System32\ADVAPI32.dll
0x00007ffc0f5a0000 - 0x00007ffc0f63e000 	C:\WINDOWS\System32\msvcrt.dll
0x00007ffc0f980000 - 0x00007ffc0fa1b000 	C:\WINDOWS\System32\sechost.dll
0x00007ffc0fea0000 - 0x00007ffc0ffca000 	C:\WINDOWS\System32\RPCRT4.dll
0x00007ffc0ffe0000 - 0x00007ffc10181000 	C:\WINDOWS\System32\USER32.dll
0x00007ffc0eab0000 - 0x00007ffc0ead2000 	C:\WINDOWS\System32\win32u.dll
0x00007ffc0f200000 - 0x00007ffc0f22b000 	C:\WINDOWS\System32\GDI32.dll
0x00007ffc0ee00000 - 0x00007ffc0ef0b000 	C:\WINDOWS\System32\gdi32full.dll
0x00007ffc0e8d0000 - 0x00007ffc0e96d000 	C:\WINDOWS\System32\msvcp_win.dll
0x00007ffc0ef70000 - 0x00007ffc0f070000 	C:\WINDOWS\System32\ucrtbase.dll
0x00007ffc000a0000 - 0x00007ffc0033a000 	C:\WINDOWS\WinSxS\amd64_microsoft.windows.common-controls_6595b64144ccf1df_6.0.19041.1110_none_60b5254171f9507e\COMCTL32.dll
0x00007ffc0f460000 - 0x00007ffc0f490000 	C:\WINDOWS\System32\IMM32.DLL
0x00000000619b0000 - 0x0000000061a81000 	C:\Program Files\Java\jdk1.8.0_201\jre\bin\msvcr100.dll
0x00000000602d0000 - 0x0000000060b74000 	C:\Program Files\Java\jdk1.8.0_201\jre\bin\server\jvm.dll
0x00007ffc11160000 - 0x00007ffc11168000 	C:\WINDOWS\System32\PSAPI.DLL
0x00007ffc05240000 - 0x00007ffc0524a000 	C:\WINDOWS\SYSTEM32\VERSION.dll
0x00007ffc01840000 - 0x00007ffc01867000 	C:\WINDOWS\SYSTEM32\WINMM.dll
0x00007ffc08230000 - 0x00007ffc08239000 	C:\WINDOWS\SYSTEM32\WSOCK32.dll
0x00007ffc0f870000 - 0x00007ffc0f8db000 	C:\WINDOWS\System32\WS2_32.dll
0x00007ffc05e40000 - 0x00007ffc05e4f000 	C:\Program Files\Java\jdk1.8.0_201\jre\bin\verify.dll
0x00007ffbee900000 - 0x00007ffbee929000 	C:\Program Files\Java\jdk1.8.0_201\jre\bin\java.dll
0x00007ffbe3070000 - 0x00007ffbe3093000 	C:\Program Files\Java\jdk1.8.0_201\jre\bin\instrument.dll
0x00007ffbed480000 - 0x00007ffbed496000 	C:\Program Files\Java\jdk1.8.0_201\jre\bin\zip.dll
0x00007ffc104d0000 - 0x00007ffc10c0f000 	C:\WINDOWS\System32\SHELL32.dll
0x00007ffc0c610000 - 0x00007ffc0cda0000 	C:\WINDOWS\SYSTEM32\windows.storage.dll
0x00007ffc10c70000 - 0x00007ffc10fc5000 	C:\WINDOWS\System32\combase.dll
0x00007ffc0e320000 - 0x00007ffc0e34c000 	C:\WINDOWS\SYSTEM32\Wldp.dll
0x00007ffc0f4f0000 - 0x00007ffc0f59d000 	C:\WINDOWS\System32\SHCORE.dll
0x00007ffc10c10000 - 0x00007ffc10c65000 	C:\WINDOWS\System32\shlwapi.dll
0x00007ffc0e810000 - 0x00007ffc0e82f000 	C:\WINDOWS\SYSTEM32\profapi.dll
0x00007ffbeedc0000 - 0x00007ffbeedda000 	F:\subject\IDEA 2018_sssam.com\IntelliJ IDEA 2018.2.4\bin\breakgen64.dll
0x00007ffbea240000 - 0x00007ffbea25a000 	C:\Program Files\Java\jdk1.8.0_201\jre\bin\net.dll
0x00007ffbfc9a0000 - 0x00007ffbfcb8b000 	C:\WINDOWS\SYSTEM32\urlmon.dll
0x00007ffbfcf00000 - 0x00007ffbfd1b0000 	C:\WINDOWS\SYSTEM32\iertutil.dll
0x00007ffbfc970000 - 0x00007ffbfc998000 	C:\WINDOWS\SYSTEM32\srvcli.dll
0x00007ffc0dd60000 - 0x00007ffc0dd6c000 	C:\WINDOWS\SYSTEM32\netutils.dll
0x00007ffc0e080000 - 0x00007ffc0e0ea000 	C:\WINDOWS\system32\mswsock.dll
0x00007ffc05ca0000 - 0x00007ffc05cad000 	C:\Program Files\Java\jdk1.8.0_201\jre\bin\management.dll
0x00007ffbea220000 - 0x00007ffbea231000 	C:\Program Files\Java\jdk1.8.0_201\jre\bin\nio.dll
0x00007ffbf1ce0000 - 0x00007ffbf1cf7000 	C:\WINDOWS\system32\napinsp.dll
0x00007ffbf1cc0000 - 0x00007ffbf1cdb000 	C:\WINDOWS\system32\pnrpnsp.dll
0x00007ffc08c40000 - 0x00007ffc08c55000 	C:\WINDOWS\system32\wshbth.dll
0x00007ffc09620000 - 0x00007ffc0963d000 	C:\WINDOWS\system32\NLAapi.dll
0x00007ffc0dd20000 - 0x00007ffc0dd5b000 	C:\WINDOWS\SYSTEM32\IPHLPAPI.DLL
0x00007ffc0dd70000 - 0x00007ffc0de3c000 	C:\WINDOWS\SYSTEM32\DNSAPI.dll
0x00007ffc0f970000 - 0x00007ffc0f978000 	C:\WINDOWS\System32\NSI.dll
0x00007ffbf1990000 - 0x00007ffbf19a2000 	C:\WINDOWS\System32\winrnr.dll
0x00007ffc05a00000 - 0x00007ffc05a0a000 	C:\Windows\System32\rasadhlp.dll
0x00007ffbfd8a0000 - 0x00007ffbfd91f000 	C:\WINDOWS\System32\fwpuclnt.dll
0x00007ffc0f070000 - 0x00007ffc0f097000 	C:\WINDOWS\System32\bcrypt.dll
0x00007ffc0e270000 - 0x00007ffc0e288000 	C:\WINDOWS\SYSTEM32\CRYPTSP.dll
0x00007ffc0d990000 - 0x00007ffc0d9c4000 	C:\WINDOWS\system32\rsaenh.dll
0x00007ffc0e7d0000 - 0x00007ffc0e7fe000 	C:\WINDOWS\SYSTEM32\USERENV.dll
0x00007ffc0e970000 - 0x00007ffc0e9f3000 	C:\WINDOWS\System32\bcryptprimitives.dll
0x00007ffc0e290000 - 0x00007ffc0e29c000 	C:\WINDOWS\SYSTEM32\CRYPTBASE.dll
0x00007ffc03c60000 - 0x00007ffc03c77000 	C:\WINDOWS\SYSTEM32\dhcpcsvc6.DLL
0x00007ffc04fd0000 - 0x00007ffc04fed000 	C:\WINDOWS\SYSTEM32\dhcpcsvc.DLL
0x00007ffbdfff0000 - 0x00007ffbe0014000 	C:\Program Files\Java\jdk1.8.0_201\jre\bin\sunec.dll
0x00007ffbb8630000 - 0x00007ffbbb46d000 	C:\Users\lenovo\Desktop\人脸识别\Face-recognition-main\ArcSoft_ArcFace_Java_Windows_x64_V3.0\libs\WIN64\libarcsoft_face.dll
0x00007ffbf4f00000 - 0x00007ffbf4fa6000 	C:\WINDOWS\SYSTEM32\MSVCP120.dll
0x00007ffbf4650000 - 0x00007ffbf473f000 	C:\WINDOWS\SYSTEM32\MSVCR120.dll
0x00007ffbe0070000 - 0x00007ffbe00ef000 	C:\Users\lenovo\Desktop\人脸识别\Face-recognition-main\ArcSoft_ArcFace_Java_Windows_x64_V3.0\libs\WIN64\libarcsoft_face_engine.dll
0x00007ffc0f810000 - 0x00007ffc0f866000 	C:\WINDOWS\System32\WLDAP32.dll
0x00007ffbe4880000 - 0x00007ffbe48a5000 	C:\Users\lenovo\Desktop\人脸识别\Face-recognition-main\ArcSoft_ArcFace_Java_Windows_x64_V3.0\libs\WIN64\libarcsoft_face_engine_jni.dll
0x00007ffbc8130000 - 0x00007ffbc82c9000 	C:\Program Files\Java\jdk1.8.0_201\jre\bin\awt.dll
0x00007ffc10fd0000 - 0x00007ffc1109d000 	C:\WINDOWS\System32\OLEAUT32.dll
0x00007ffc0af30000 - 0x00007ffc0afc0000 	C:\WINDOWS\SYSTEM32\apphelp.dll
0x00007ffbe0030000 - 0x00007ffbe0061000 	C:\Program Files\Java\jdk1.8.0_201\jre\bin\jpeg.dll
0x00007ffbdcea0000 - 0x00007ffbdcede000 	C:\Program Files\Java\jdk1.8.0_201\jre\bin\lcms.dll
0x00007ffc0ce70000 - 0x00007ffc0d054000 	C:\WINDOWS\SYSTEM32\dbghelp.dll

VM Arguments:
jvm_args: -XX:CompileCommand=exclude,org/hibernate/cfg/annotations/SimpleValueBinder.setType -XX:TieredStopAtLevel=1 -Xverify:none -Dspring.output.ansi.enabled=always -Dcom.sun.management.jmxremote -Dcom.sun.management.jmxremote.port=60605 -Dcom.sun.management.jmxremote.authenticate=false -Dcom.sun.management.jmxremote.ssl=false -Djava.rmi.server.hostname=localhost -Dspring.liveBeansView.mbeanDomain -Dspring.application.admin.enabled=true -javaagent:F:\subject\IDEA 2018_sssam.com\IntelliJ IDEA 2018.2.4\lib\idea_rt.jar=60606:F:\subject\IDEA 2018_sssam.com\IntelliJ IDEA 2018.2.4\bin -Dfile.encoding=UTF-8 
java_command: com.tangcheng.face_corn.FaceCornApplication
java_class_path (initial): C:\Program Files\Java\jdk1.8.0_201\jre\lib\charsets.jar;C:\Program Files\Java\jdk1.8.0_201\jre\lib\deploy.jar;C:\Program Files\Java\jdk1.8.0_201\jre\lib\ext\access-bridge-64.jar;C:\Program Files\Java\jdk1.8.0_201\jre\lib\ext\cldrdata.jar;C:\Program Files\Java\jdk1.8.0_201\jre\lib\ext\dnsns.jar;C:\Program Files\Java\jdk1.8.0_201\jre\lib\ext\jaccess.jar;C:\Program Files\Java\jdk1.8.0_201\jre\lib\ext\jfxrt.jar;C:\Program Files\Java\jdk1.8.0_201\jre\lib\ext\localedata.jar;C:\Program Files\Java\jdk1.8.0_201\jre\lib\ext\nashorn.jar;C:\Program Files\Java\jdk1.8.0_201\jre\lib\ext\sunec.jar;C:\Program Files\Java\jdk1.8.0_201\jre\lib\ext\sunjce_provider.jar;C:\Program Files\Java\jdk1.8.0_201\jre\lib\ext\sunmscapi.jar;C:\Program Files\Java\jdk1.8.0_201\jre\lib\ext\sunpkcs11.jar;C:\Program Files\Java\jdk1.8.0_201\jre\lib\ext\zipfs.jar;C:\Program Files\Java\jdk1.8.0_201\jre\lib\javaws.jar;C:\Program Files\Java\jdk1.8.0_201\jre\lib\jce.jar;C:\Program Files\Java\jdk1.8.0_201\jre\lib\jfr.jar;C:\Program Files\Java\jdk1.8.0_201\jre\lib\jfxswt.jar;C:\Program Files\Java\jdk1.8.0_201\jre\lib\jsse.jar;C:\Program Files\Java\jdk1.8.0_201\jre\lib\management-agent.jar;C:\Program Files\Java\jdk1.8.0_201\jre\lib\plugin.jar;C:\Program Files\Java\jdk1.8.0_201\jre\lib\resources.jar;C:\Program Files\Java\jdk1.8.0_201\jre\lib\rt.jar;C:\Users\lenovo\Desktop\人脸识别\Face-recognition-main\facesystem\face_corn\target\classes;C:\Users\lenovo\Desktop\人脸识别\Face-recognition-main\facesystem\common\target\classes;F:\subject\JavaWeb\maven-l\com\auth0\java-jwt\3.4.0\java-jwt-3.4.0.jar;F:\subject\JavaWeb\maven-l\commons-codec\commons-codec\1.15\commons-codec-1.15.jar;F:\subject\JavaWeb\maven-l\com\aliyun\oss\aliyun-sdk-oss\3.12.0\aliyun-sdk-oss-3.12.0.jar;F:\subject\JavaWeb\maven-l\org\apache\httpcomponents\httpclient\4.5.13\httpclient-4.5.13.jar;F:\subject\JavaWeb\maven-l\org\apache\httpcomponents\httpcore\4.4.14\httpcore-4.4.14.jar;F:\subject\JavaWeb\maven-l\org\jdom\jdom2\2.
Launcher Type: SUN_STANDARD

Environment Variables:
JAVA_HOME=C:\Program Files\Java\jdk1.8.0_201
CLASSPATH=.;C:\Program Files\Java\jdk1.8.0_201\lib\dt.jar,C:\Program Files\Java\jdk1.8.0_201\lib\tools.jar;F:\subject\JavaWeb\apache-tomcat-8.5.45\lib\servlet-api.jar
PATH=C:\Program Files (x86)\Common Files\Oracle\Java\javapath;C:\WINDOWS\system32;C:\WINDOWS;C:\WINDOWS\System32\Wbem;C:\WINDOWS\System32\WindowsPowerShell\v1.0\;C:\WINDOWS\System32\OpenSSH\;F:\subject\JavaWeb\apache-tomcat-8.5.45\bin;F:\subject\JavaWeb\apache-tomcat-8.5.45\lib;C:\Program Files\NVIDIA Corporation\NVIDIA NvDLISR;F:\subject\JavaWeb\apache-maven-3.3.9\bin;F:\subject\JavaWeb\Gradle\gradle-6.9.1\bin;F:\subject\JavaWeb\nodejs;C:\Program Files\Java\jdk1.8.0_201\bin;C:\Program Files\MySQL\MySQL Server 8.0\bin;F:\subject\JavaWeb\env\MongoDB\bin;C:\Users\lenovo\AppData\Local\Microsoft\WindowsApps;F:\subject\PyCharm\PyCharm Community Edition 2020.3.3\bin;;F:\subject\JavaWeb\Microsoft VS Code\bin;F:\subject\JavaWeb\nodejs\node_global;
USERNAME=lenovo
OS=Windows_NT
PROCESSOR_IDENTIFIER=Intel64 Family 6 Model 158 Stepping 10, GenuineIntel



---------------  S Y S T E M  ---------------

OS: Windows 10.0 , 64 bit Build 19041 (10.0.19041.1202)

CPU:total 8 (initial active 8) (4 cores per cpu, 2 threads per core) family 6 model 158 stepping 10, cmov, cx8, fxsr, mmx, sse, sse2, sse3, ssse3, sse4.1, sse4.2, popcnt, avx, avx2, aes, clmul, erms, 3dnowpref, lzcnt, ht, tsc, tscinvbit, bmi1, bmi2, adx

Memory: 4k page, physical 8306932k(829944k free), swap 18792692k(3967124k free)

vm_info: Java HotSpot(TM) 64-Bit Server VM (25.201-b09) for windows-amd64 JRE (1.8.0_201-b09), built on Dec 15 2018 18:36:39 by "java_re" with MS VC++ 10.0 (VS2010)

time: Fri Oct 29 20:56:42 2021
timezone: 中国标准时间
elapsed time: 173 seconds (0d 0h 2m 53s)

