#
# A fatal error has been detected by the Java Runtime Environment:
#
#  EXCEPTION_ACCESS_VIOLATION (0xc0000005) at pc=0x00007ff92154e169, pid=320, tid=0x0000000000005470
#
# JRE version: Java(TM) SE Runtime Environment (8.0_201-b09) (build 1.8.0_201-b09)
# Java VM: Java HotSpot(TM) 64-Bit Server VM (25.201-b09 mixed mode windows-amd64 compressed oops)
# Problematic frame:
# C  [libarcsoft_face.dll+0xe169]
#
# Failed to write core dump. Minidumps are not enabled by default on client versions of Windows
#
# If you would like to submit a bug report, please visit:
#   http://bugreport.java.com/bugreport/crash.jsp
# The crash happened outside the Java Virtual Machine in native code.
# See problematic frame for where to report the bug.
#

---------------  T H R E A D  ---------------

Current thread (0x000000001ea3c800):  JavaThread "http-nio-8081-exec-1" daemon [_thread_in_native, id=21616, stack(0x0000000020be0000,0x0000000020ce0000)]

siginfo: ExceptionCode=0xc0000005, writing address 0x0000000026c0a000

Registers:
RAX=0x0000000000282868, RBX=0x0000000000282868, RCX=0x0000000000000018, RDX=0x0000000000280868
RSP=0x0000000020cdca00, RBP=0x000000008000a021, RSI=0x0000000000000140, RDI=0x0000000000000028
R8 =0x00000000000000ff, R9 =0x0000000000000000, R10=0x0000000000281868, R11=0x00000000261ffe60
R12=0x0000000000000040, R13=0x0000000000000040, R14=0x0000000000000000, R15=0x000000001ec922e0
RIP=0x00007ff92154e169, EFLAGS=0x0000000000010202

Top of Stack: (sp=0x0000000020cdca00)
0x0000000020cdca00:   0000000000000000 0000000000002000
0x0000000020cdca10:   0000000000000010 0000000000000040
0x0000000020cdca20:   0000000000000000 000000002620c780
0x0000000020cdca30:   0000000020cdcb40 00007ff92154c5f2
0x0000000020cdca40:   0000000000000000 00007ff9215517a3
0x0000000020cdca50:   00000000262676f0 0000000026267660
0x0000000020cdca60:   000000008000a021 0000000000000018
0x0000000020cdca70:   0000000000000030 0000000000000046
0x0000000020cdca80:   0000000000000000 0000000000000000
0x0000000020cdca90:   0000000000000040 00000000000003c0
0x0000000020cdcaa0:   0000000000000000 0000000000000000
0x0000000020cdcab0:   0000000000000040 0000000020cdcbd8
0x0000000020cdcac0:   0000000000000000 0000000000000040
0x0000000020cdcad0:   0000000000000040 00000000261ffe60
0x0000000020cdcae0:   0000000020cdce80 00007ff92154bf04
0x0000000020cdcaf0:   0000000000000000 00007ff9000000f0 

Instructions: (pc=0x00007ff92154e169)
0x00007ff92154e149:   41 0f 11 04 83 8b 44 24 68 41 3b c0 41 0f 4f c0
0x00007ff92154e159:   85 c0 41 0f 48 c1 66 0f 6e c0 48 63 c3 0f 5b c0
0x00007ff92154e169:   f3 41 0f 11 04 83 48 83 c4 30 5b c3 cc cc cc cc
0x00007ff92154e179:   cc cc cc cc cc cc cc 48 8b c4 48 89 58 18 55 56 


Register to memory mapping:

RAX=0x0000000000282868 is an unknown value
RBX=0x0000000000282868 is an unknown value
RCX=0x0000000000000018 is an unknown value
RDX=0x0000000000280868 is an unknown value
RSP=0x0000000020cdca00 is pointing into the stack for thread: 0x000000001ea3c800
RBP=0x000000008000a021 is an unknown value
RSI=0x0000000000000140 is an unknown value
RDI=0x0000000000000028 is an unknown value
R8 =0x00000000000000ff is an unknown value
R9 =0x0000000000000000 is an unknown value
R10=0x0000000000281868 is an unknown value
R11=0x00000000261ffe60 is an unknown value
R12=0x0000000000000040 is an unknown value
R13=0x0000000000000040 is an unknown value
R14=0x0000000000000000 is an unknown value
R15=0x000000001ec922e0 is an unknown value


Stack: [0x0000000020be0000,0x0000000020ce0000],  sp=0x0000000020cdca00,  free space=1010k
Native frames: (J=compiled Java code, j=interpreted, Vv=VM code, C=native code)
C  [libarcsoft_face.dll+0xe169]
C  [libarcsoft_face.dll+0xc5f2]
C  [libarcsoft_face.dll+0xbf04]
C  [libarcsoft_face.dll+0x9049]
C  [libarcsoft_face.dll+0x89bc]
C  [libarcsoft_face.dll+0x7d0a]
C  [libarcsoft_face.dll+0x3c88]
C  [libarcsoft_face_engine.dll+0x58ca]
C  [libarcsoft_face_engine_jni.dll+0x18f6]
C  0x0000000002fb8c67

Java frames: (J=compiled Java code, j=interpreted, Vv=VM code)
j  com.arcsoft.face.FaceEngine.detectFaces(J[BIIII[Lcom/arcsoft/face/FaceInfo;)I+0
j  com.arcsoft.face.FaceEngine.detectFaces([BIILcom/arcsoft/face/enums/ImageFormat;Lcom/arcsoft/face/enums/DetectModel;Ljava/util/List;)I+107
j  com.arcsoft.face.FaceEngine.detectFaces([BIILcom/arcsoft/face/enums/ImageFormat;Ljava/util/List;)I+11
j  com.tangcheng.face_corn.service.impl.faceServiceImpl.facesearch(Ljava/io/InputStream;Ljava/util/List;)Ljava/lang/String;+45
j  com.tangcheng.face_corn.controller.faceController.facesearch(Ljava/lang/String;Ljava/util/List;)Lresult/Result;+22
v  ~StubRoutines::call_stub
J 1835  sun.reflect.NativeMethodAccessorImpl.invoke0(Ljava/lang/reflect/Method;Ljava/lang/Object;[Ljava/lang/Object;)Ljava/lang/Object; (0 bytes) @ 0x00000000033605ff [0x0000000003360580+0x7f]
J 1834 C1 sun.reflect.NativeMethodAccessorImpl.invoke(Ljava/lang/Object;[Ljava/lang/Object;)Ljava/lang/Object; (104 bytes) @ 0x0000000003360d5c [0x00000000033609e0+0x37c]
J 2088 C1 sun.reflect.DelegatingMethodAccessorImpl.invoke(Ljava/lang/Object;[Ljava/lang/Object;)Ljava/lang/Object; (10 bytes) @ 0x00000000033da2a4 [0x00000000033da260+0x44]
J 2087 C1 java.lang.reflect.Method.invoke(Ljava/lang/Object;[Ljava/lang/Object;)Ljava/lang/Object; (62 bytes) @ 0x00000000033d9ed4 [0x00000000033d9de0+0xf4]
j  org.springframework.web.method.support.InvocableHandlerMethod.doInvoke([Ljava/lang/Object;)Ljava/lang/Object;+32
j  org.springframework.web.method.support.InvocableHandlerMethod.invokeForRequest(Lorg/springframework/web/context/request/NativeWebRequest;Lorg/springframework/web/method/support/ModelAndViewContainer;[Ljava/lang/Object;)Ljava/lang/Object;+54
j  org.springframework.web.servlet.mvc.method.annotation.ServletInvocableHandlerMethod.invokeAndHandle(Lorg/springframework/web/context/request/ServletWebRequest;Lorg/springframework/web/method/support/ModelAndViewContainer;[Ljava/lang/Object;)V+4
j  org.springframework.web.servlet.mvc.method.annotation.RequestMappingHandlerAdapter.invokeHandlerMethod(Ljavax/servlet/http/HttpServletRequest;Ljavax/servlet/http/HttpServletResponse;Lorg/springframework/web/method/HandlerMethod;)Lorg/springframework/web/servlet/ModelAndView;+244
j  org.springframework.web.servlet.mvc.method.annotation.RequestMappingHandlerAdapter.handleInternal(Ljavax/servlet/http/HttpServletRequest;Ljavax/servlet/http/HttpServletResponse;Lorg/springframework/web/method/HandlerMethod;)Lorg/springframework/web/servlet/ModelAndView;+81
j  org.springframework.web.servlet.mvc.method.AbstractHandlerMethodAdapter.handle(Ljavax/servlet/http/HttpServletRequest;Ljavax/servlet/http/HttpServletResponse;Ljava/lang/Object;)Lorg/springframework/web/servlet/ModelAndView;+7
j  org.springframework.web.servlet.DispatcherServlet.doDispatch(Ljavax/servlet/http/HttpServletRequest;Ljavax/servlet/http/HttpServletResponse;)V+259
j  org.springframework.web.servlet.DispatcherServlet.doService(Ljavax/servlet/http/HttpServletRequest;Ljavax/servlet/http/HttpServletResponse;)V+241
j  org.springframework.web.servlet.FrameworkServlet.processRequest(Ljavax/servlet/http/HttpServletRequest;Ljavax/servlet/http/HttpServletResponse;)V+71
j  org.springframework.web.servlet.FrameworkServlet.doPost(Ljavax/servlet/http/HttpServletRequest;Ljavax/servlet/http/HttpServletResponse;)V+3
j  javax.servlet.http.HttpServlet.service(Ljavax/servlet/http/HttpServletRequest;Ljavax/servlet/http/HttpServletResponse;)V+149
j  org.springframework.web.servlet.FrameworkServlet.service(Ljavax/servlet/http/HttpServletRequest;Ljavax/servlet/http/HttpServletResponse;)V+33
j  javax.servlet.http.HttpServlet.service(Ljavax/servlet/ServletRequest;Ljavax/servlet/ServletResponse;)V+36
j  org.apache.catalina.core.ApplicationFilterChain.internalDoFilter(Ljavax/servlet/ServletRequest;Ljavax/servlet/ServletResponse;)V+304
j  org.apache.catalina.core.ApplicationFilterChain.doFilter(Ljavax/servlet/ServletRequest;Ljavax/servlet/ServletResponse;)V+99
j  org.apache.tomcat.websocket.server.WsFilter.doFilter(Ljavax/servlet/ServletRequest;Ljavax/servlet/ServletResponse;Ljavax/servlet/FilterChain;)V+21
j  org.apache.catalina.core.ApplicationFilterChain.internalDoFilter(Ljavax/servlet/ServletRequest;Ljavax/servlet/ServletResponse;)V+135
j  org.apache.catalina.core.ApplicationFilterChain.doFilter(Ljavax/servlet/ServletRequest;Ljavax/servlet/ServletResponse;)V+99
j  org.springframework.web.filter.RequestContextFilter.doFilterInternal(Ljavax/servlet/http/HttpServletRequest;Ljavax/servlet/http/HttpServletResponse;Ljavax/servlet/FilterChain;)V+21
j  org.springframework.web.filter.OncePerRequestFilter.doFilter(Ljavax/servlet/ServletRequest;Ljavax/servlet/ServletResponse;Ljavax/servlet/FilterChain;)V+147
j  org.apache.catalina.core.ApplicationFilterChain.internalDoFilter(Ljavax/servlet/ServletRequest;Ljavax/servlet/ServletResponse;)V+135
j  org.apache.catalina.core.ApplicationFilterChain.doFilter(Ljavax/servlet/ServletRequest;Ljavax/servlet/ServletResponse;)V+99
j  org.springframework.web.filter.FormContentFilter.doFilterInternal(Ljavax/servlet/http/HttpServletRequest;Ljavax/servlet/http/HttpServletResponse;Ljavax/servlet/FilterChain;)V+38
j  org.springframework.web.filter.OncePerRequestFilter.doFilter(Ljavax/servlet/ServletRequest;Ljavax/servlet/ServletResponse;Ljavax/servlet/FilterChain;)V+147
j  org.apache.catalina.core.ApplicationFilterChain.internalDoFilter(Ljavax/servlet/ServletRequest;Ljavax/servlet/ServletResponse;)V+135
j  org.apache.catalina.core.ApplicationFilterChain.doFilter(Ljavax/servlet/ServletRequest;Ljavax/servlet/ServletResponse;)V+99
j  org.springframework.web.filter.CharacterEncodingFilter.doFilterInternal(Ljavax/servlet/http/HttpServletRequest;Ljavax/servlet/http/HttpServletResponse;Ljavax/servlet/FilterChain;)V+53
j  org.springframework.web.filter.OncePerRequestFilter.doFilter(Ljavax/servlet/ServletRequest;Ljavax/servlet/ServletResponse;Ljavax/servlet/FilterChain;)V+147
j  org.apache.catalina.core.ApplicationFilterChain.internalDoFilter(Ljavax/servlet/ServletRequest;Ljavax/servlet/ServletResponse;)V+135
j  org.apache.catalina.core.ApplicationFilterChain.doFilter(Ljavax/servlet/ServletRequest;Ljavax/servlet/ServletResponse;)V+99
j  org.apache.catalina.core.StandardWrapperValve.invoke(Lorg/apache/catalina/connector/Request;Lorg/apache/catalina/connector/Response;)V+694
j  org.apache.catalina.core.StandardContextValve.invoke(Lorg/apache/catalina/connector/Request;Lorg/apache/catalina/connector/Response;)V+169
j  org.apache.catalina.authenticator.AuthenticatorBase.invoke(Lorg/apache/catalina/connector/Request;Lorg/apache/catalina/connector/Response;)V+260
j  org.apache.catalina.core.StandardHostValve.invoke(Lorg/apache/catalina/connector/Request;Lorg/apache/catalina/connector/Response;)V+128
j  org.apache.catalina.valves.ErrorReportValve.invoke(Lorg/apache/catalina/connector/Request;Lorg/apache/catalina/connector/Response;)V+6
j  org.apache.catalina.core.StandardEngineValve.invoke(Lorg/apache/catalina/connector/Request;Lorg/apache/catalina/connector/Response;)V+59
j  org.apache.catalina.connector.CoyoteAdapter.service(Lorg/apache/coyote/Request;Lorg/apache/coyote/Response;)V+199
j  org.apache.coyote.http11.Http11Processor.service(Lorg/apache/tomcat/util/net/SocketWrapperBase;)Lorg/apache/tomcat/util/net/AbstractEndpoint$Handler$SocketState;+737
j  org.apache.coyote.AbstractProcessorLight.process(Lorg/apache/tomcat/util/net/SocketWrapperBase;Lorg/apache/tomcat/util/net/SocketEvent;)Lorg/apache/tomcat/util/net/AbstractEndpoint$Handler$SocketState;+170
j  org.apache.coyote.AbstractProtocol$ConnectionHandler.process(Lorg/apache/tomcat/util/net/SocketWrapperBase;Lorg/apache/tomcat/util/net/SocketEvent;)Lorg/apache/tomcat/util/net/AbstractEndpoint$Handler$SocketState;+505
j  org.apache.tomcat.util.net.NioEndpoint$SocketProcessor.doRun()V+216
j  org.apache.tomcat.util.net.SocketProcessorBase.run()V+21
j  java.util.concurrent.ThreadPoolExecutor.runWorker(Ljava/util/concurrent/ThreadPoolExecutor$Worker;)V+95
j  java.util.concurrent.ThreadPoolExecutor$Worker.run()V+5
j  org.apache.tomcat.util.threads.TaskThread$WrappingRunnable.run()V+4
j  java.lang.Thread.run()V+11
v  ~StubRoutines::call_stub

---------------  P R O C E S S  ---------------

Java Threads: ( => current thread )
  0x000000001e5e2800 JavaThread "lettuce-eventExecutorLoop-1-6" daemon [_thread_blocked, id=5828, stack(0x0000000040e90000,0x0000000040f90000)]
  0x000000001e5e8800 JavaThread "lettuce-eventExecutorLoop-1-5" daemon [_thread_blocked, id=20652, stack(0x0000000040d90000,0x0000000040e90000)]
  0x000000001e5e8000 JavaThread "lettuce-eventExecutorLoop-1-4" daemon [_thread_blocked, id=20396, stack(0x0000000040c90000,0x0000000040d90000)]
  0x000000001e5e0800 JavaThread "lettuce-eventExecutorLoop-1-3" daemon [_thread_blocked, id=16180, stack(0x0000000040b90000,0x0000000040c90000)]
  0x000000001e5e2000 JavaThread "Java2D Disposer" daemon [_thread_blocked, id=9884, stack(0x0000000040a90000,0x0000000040b90000)]
  0x000000001e5e6800 JavaThread "idle_connection_reaper" daemon [_thread_blocked, id=18220, stack(0x0000000040790000,0x0000000040890000)]
  0x000000001e5e1000 JavaThread "lettuce-eventExecutorLoop-1-2" daemon [_thread_blocked, id=19204, stack(0x0000000040490000,0x0000000040590000)]
  0x000000001ea46000 JavaThread "lettuce-eventExecutorLoop-1-1" daemon [_thread_blocked, id=17536, stack(0x00000000233f0000,0x00000000234f0000)]
  0x000000001ea3e800 JavaThread "lettuce-nioEventLoop-4-1" daemon [_thread_in_native, id=21480, stack(0x00000000221e0000,0x00000000222e0000)]
  0x000000001ea45800 JavaThread "DiscoveryClient-CacheRefreshExecutor-0" daemon [_thread_blocked, id=21364, stack(0x0000000021ce0000,0x0000000021de0000)]
  0x000000001ea44800 JavaThread "DiscoveryClient-HeartbeatExecutor-0" daemon [_thread_blocked, id=21572, stack(0x0000000021be0000,0x0000000021ce0000)]
  0x000000001ea44000 JavaThread "RMI TCP Connection(idle)" daemon [_thread_blocked, id=10276, stack(0x00000000219e0000,0x0000000021ae0000)]
  0x000000001ea42800 JavaThread "RMI TCP Connection(idle)" daemon [_thread_blocked, id=21788, stack(0x00000000217e0000,0x00000000218e0000)]
  0x000000001ea43000 JavaThread "DestroyJavaVM" [_thread_blocked, id=7128, stack(0x0000000002ca0000,0x0000000002da0000)]
  0x000000001ea40000 JavaThread "http-nio-8081-Acceptor" daemon [_thread_in_native, id=22496, stack(0x00000000216e0000,0x00000000217e0000)]
  0x000000001ea3f800 JavaThread "http-nio-8081-ClientPoller" daemon [_thread_in_native, id=4556, stack(0x00000000215e0000,0x00000000216e0000)]
  0x000000001ea3b000 JavaThread "http-nio-8081-exec-10" daemon [_thread_blocked, id=16948, stack(0x00000000214e0000,0x00000000215e0000)]
  0x000000001ea41800 JavaThread "http-nio-8081-exec-9" daemon [_thread_blocked, id=19628, stack(0x00000000213e0000,0x00000000214e0000)]
  0x000000001ea41000 JavaThread "http-nio-8081-exec-8" daemon [_thread_blocked, id=18984, stack(0x00000000212e0000,0x00000000213e0000)]
  0x000000001ea3e000 JavaThread "http-nio-8081-exec-7" daemon [_thread_blocked, id=22380, stack(0x00000000211e0000,0x00000000212e0000)]
  0x000000001ea37000 JavaThread "http-nio-8081-exec-6" daemon [_thread_blocked, id=18524, stack(0x00000000210e0000,0x00000000211e0000)]
  0x000000001ea3b800 JavaThread "http-nio-8081-exec-5" daemon [_thread_in_native, id=22440, stack(0x0000000020fe0000,0x00000000210e0000)]
  0x000000001ea3a000 JavaThread "http-nio-8081-exec-4" daemon [_thread_blocked, id=22180, stack(0x0000000020ee0000,0x0000000020fe0000)]
  0x000000001ea3d000 JavaThread "http-nio-8081-exec-3" daemon [_thread_blocked, id=21640, stack(0x0000000020de0000,0x0000000020ee0000)]
  0x000000001ea38800 JavaThread "http-nio-8081-exec-2" daemon [_thread_blocked, id=17272, stack(0x0000000020ce0000,0x0000000020de0000)]
=>0x000000001ea3c800 JavaThread "http-nio-8081-exec-1" daemon [_thread_in_native, id=21616, stack(0x0000000020be0000,0x0000000020ce0000)]
  0x000000001ea39800 JavaThread "http-nio-8081-BlockPoller" daemon [_thread_in_native, id=11692, stack(0x0000000020ae0000,0x0000000020be0000)]
  0x000000001ea37800 JavaThread "DiscoveryClient-InstanceInfoReplicator-0" daemon [_thread_blocked, id=300, stack(0x00000000207e0000,0x00000000208e0000)]
  0x000000001be68800 JavaThread "DiscoveryClient-1" daemon [_thread_blocked, id=21048, stack(0x00000000206e0000,0x00000000207e0000)]
  0x000000001be66000 JavaThread "DiscoveryClient-0" daemon [_thread_blocked, id=3804, stack(0x00000000205e0000,0x00000000206e0000)]
  0x000000001be67000 JavaThread "AsyncResolver-bootstrap-0" daemon [_thread_blocked, id=10348, stack(0x000000001ffe0000,0x00000000200e0000)]
  0x000000001be64800 JavaThread "spring.cloud.inetutils" daemon [_thread_blocked, id=18888, stack(0x000000001fee0000,0x000000001ffe0000)]
  0x000000001be69000 JavaThread "lettuce-timer-3-1" daemon [_thread_blocked, id=21032, stack(0x000000001f7e0000,0x000000001f8e0000)]
  0x000000001be64000 JavaThread "container-0" [_thread_blocked, id=21592, stack(0x000000001f4e0000,0x000000001f5e0000)]
  0x000000001be63000 JavaThread "Catalina-utility-2" [_thread_blocked, id=2572, stack(0x000000001f3e0000,0x000000001f4e0000)]
  0x000000001be65800 JavaThread "Catalina-utility-1" [_thread_blocked, id=14320, stack(0x000000001cd10000,0x000000001ce10000)]
  0x000000001be6a000 JavaThread "RMI TCP Connection(idle)" daemon [_thread_blocked, id=20580, stack(0x000000001d710000,0x000000001d810000)]
  0x000000001bb69000 JavaThread "RMI Scheduler(0)" daemon [_thread_blocked, id=16468, stack(0x000000001cc10000,0x000000001cd10000)]
  0x000000001bb3b800 JavaThread "RMI TCP Connection(idle)" daemon [_thread_blocked, id=14356, stack(0x000000001cb10000,0x000000001cc10000)]
  0x000000001bb4a800 JavaThread "RMI TCP Connection(idle)" daemon [_thread_blocked, id=19508, stack(0x000000001ca10000,0x000000001cb10000)]
  0x000000001abe9800 JavaThread "RMI TCP Accept-0" daemon [_thread_in_native, id=18184, stack(0x000000001b590000,0x000000001b690000)]
  0x000000001abd9800 JavaThread "RMI TCP Accept-56007" daemon [_thread_in_native, id=1456, stack(0x000000001b490000,0x000000001b590000)]
  0x000000001abd4800 JavaThread "RMI TCP Accept-0" daemon [_thread_in_native, id=3936, stack(0x000000001b390000,0x000000001b490000)]
  0x000000001a99d800 JavaThread "Service Thread" daemon [_thread_blocked, id=21716, stack(0x000000001b290000,0x000000001b390000)]
  0x000000001a91a000 JavaThread "C1 CompilerThread3" daemon [_thread_blocked, id=20800, stack(0x000000001b190000,0x000000001b290000)]
  0x000000001a90f800 JavaThread "C2 CompilerThread2" daemon [_thread_blocked, id=9984, stack(0x000000001b090000,0x000000001b190000)]
  0x000000001a90e800 JavaThread "C2 CompilerThread1" daemon [_thread_blocked, id=18696, stack(0x000000001af90000,0x000000001b090000)]
  0x000000001a908000 JavaThread "C2 CompilerThread0" daemon [_thread_blocked, id=18080, stack(0x000000001ae90000,0x000000001af90000)]
  0x000000001a85d800 JavaThread "Monitor Ctrl-Break" daemon [_thread_in_native, id=18300, stack(0x000000001ad90000,0x000000001ae90000)]
  0x0000000019d6f000 JavaThread "Attach Listener" daemon [_thread_blocked, id=12776, stack(0x000000001a490000,0x000000001a590000)]
  0x0000000019dcb000 JavaThread "Signal Dispatcher" daemon [_thread_blocked, id=21268, stack(0x000000001a390000,0x000000001a490000)]
  0x0000000017f74000 JavaThread "Finalizer" daemon [_thread_blocked, id=17868, stack(0x000000001a230000,0x000000001a330000)]
  0x0000000019d50800 JavaThread "Reference Handler" daemon [_thread_blocked, id=13604, stack(0x000000001a130000,0x000000001a230000)]

Other Threads:
  0x0000000017f66800 VMThread [stack: 0x0000000019c30000,0x0000000019d30000] [id=18836]
  0x000000001abea800 WatcherThread [stack: 0x000000001b690000,0x000000001b790000] [id=16604]

VM state:not at safepoint (normal execution)

VM Mutex/Monitor currently owned by a thread: None

heap address: 0x0000000081200000, size: 2030 MB, Compressed Oops mode: 32-bit
Narrow klass base: 0x0000000000000000, Narrow klass shift: 3
Compressed class space size: 1073741824 Address: 0x0000000100000000

Heap:
 PSYoungGen      total 222720K, used 149562K [0x00000000d5b80000, 0x00000000e8480000, 0x0000000100000000)
  eden space 205312K, 72% used [0x00000000d5b80000,0x00000000ded8e820,0x00000000e2400000)
  from space 17408K, 0% used [0x00000000e2400000,0x00000000e2400000,0x00000000e3500000)
  to   space 17920K, 0% used [0x00000000e7300000,0x00000000e7300000,0x00000000e8480000)
 ParOldGen       total 110592K, used 27008K [0x0000000081200000, 0x0000000087e00000, 0x00000000d5b80000)
  object space 110592K, 24% used [0x0000000081200000,0x0000000082c60180,0x0000000087e00000)
 Metaspace       used 55673K, capacity 59388K, committed 59480K, reserved 1099776K
  class space    used 7626K, capacity 8275K, committed 8320K, reserved 1048576K

Card table byte_map: [0x0000000012360000,0x0000000012760000] byte_map_base: 0x0000000011f57000

Marking Bits: (ParMarkBitMap*) 0x0000000061284ce0
 Begin Bits: [0x0000000013210000, 0x00000000151c8000)
 End Bits:   [0x00000000151c8000, 0x0000000017180000)

Polling page: 0x0000000002740000

CodeCache: size=245760Kb used=9729Kb max_used=9745Kb free=236030Kb
 bounds [0x0000000002fa0000, 0x0000000003930000, 0x0000000011fa0000]
 total_blobs=5634 nmethods=5035 adapters=511
 compilation: enabled

Compilation events (10 events):
Event: 75.914 Thread 0x000000001a91a000 5142       1       java.io.RandomAccessFile::seek (22 bytes)
Event: 75.915 Thread 0x000000001a91a000 nmethod 5142 0x000000000391b5d0 code [0x000000000391b740, 0x000000000391b918]
Event: 75.980 Thread 0x000000001a91a000 5144       1       java.lang.StackTraceElement::getClassName (5 bytes)
Event: 75.980 Thread 0x000000001a91a000 nmethod 5144 0x000000000391ba10 code [0x000000000391bb60, 0x000000000391bc70]
Event: 75.992 Thread 0x000000001a91a000 5145       1       java.util.concurrent.CopyOnWriteArrayList::toArray (12 bytes)
Event: 75.993 Thread 0x000000001a91a000 nmethod 5145 0x000000000391bcd0 code [0x000000000391be20, 0x000000000391bf68]
Event: 75.993 Thread 0x000000001a91a000 5146       1       org.apache.catalina.core.StandardContext::getApplicationEventListeners (10 bytes)
Event: 75.993 Thread 0x000000001a91a000 nmethod 5146 0x000000000391c010 code [0x000000000391c160, 0x000000000391c2a8]
Event: 75.994 Thread 0x000000001a91a000 5147       1       org.apache.coyote.Response::isCommitted (5 bytes)
Event: 75.995 Thread 0x000000001a91a000 nmethod 5147 0x000000000320d950 code [0x000000000320daa0, 0x000000000320dbb0]

GC Heap History (10 events):
Event: 6.462 GC heap before
{Heap before GC invocations=12 (full 2):
 PSYoungGen      total 170496K, used 8149K [0x00000000d5b80000, 0x00000000e0d00000, 0x0000000100000000)
  eden space 160256K, 0% used [0x00000000d5b80000,0x00000000d5b80000,0x00000000df800000)
  from space 10240K, 79% used [0x00000000e0200000,0x00000000e09f56c0,0x00000000e0c00000)
  to   space 10240K, 0% used [0x00000000df800000,0x00000000df800000,0x00000000e0200000)
 ParOldGen       total 51712K, used 13582K [0x0000000081200000, 0x0000000084480000, 0x00000000d5b80000)
  object space 51712K, 26% used [0x0000000081200000,0x0000000081f439d0,0x0000000084480000)
 Metaspace       used 33253K, capacity 35336K, committed 35416K, reserved 1079296K
  class space    used 4583K, capacity 4960K, committed 4992K, reserved 1048576K
Event: 6.520 GC heap after
Heap after GC invocations=12 (full 2):
 PSYoungGen      total 170496K, used 0K [0x00000000d5b80000, 0x00000000e0d00000, 0x0000000100000000)
  eden space 160256K, 0% used [0x00000000d5b80000,0x00000000d5b80000,0x00000000df800000)
  from space 10240K, 0% used [0x00000000e0200000,0x00000000e0200000,0x00000000e0c00000)
  to   space 10240K, 0% used [0x00000000df800000,0x00000000df800000,0x00000000e0200000)
 ParOldGen       total 79872K, used 16508K [0x0000000081200000, 0x0000000086000000, 0x00000000d5b80000)
  object space 79872K, 20% used [0x0000000081200000,0x000000008221f318,0x0000000086000000)
 Metaspace       used 33253K, capacity 35336K, committed 35416K, reserved 1079296K
  class space    used 4583K, capacity 4960K, committed 4992K, reserved 1048576K
}
Event: 8.722 GC heap before
{Heap before GC invocations=13 (full 2):
 PSYoungGen      total 170496K, used 160256K [0x00000000d5b80000, 0x00000000e0d00000, 0x0000000100000000)
  eden space 160256K, 100% used [0x00000000d5b80000,0x00000000df800000,0x00000000df800000)
  from space 10240K, 0% used [0x00000000e0200000,0x00000000e0200000,0x00000000e0c00000)
  to   space 10240K, 0% used [0x00000000df800000,0x00000000df800000,0x00000000e0200000)
 ParOldGen       total 79872K, used 16508K [0x0000000081200000, 0x0000000086000000, 0x00000000d5b80000)
  object space 79872K, 20% used [0x0000000081200000,0x000000008221f318,0x0000000086000000)
 Metaspace       used 41755K, capacity 44700K, committed 45016K, reserved 1087488K
  class space    used 5779K, capacity 6307K, committed 6400K, reserved 1048576K
Event: 8.733 GC heap after
Heap after GC invocations=13 (full 2):
 PSYoungGen      total 170496K, used 10233K [0x00000000d5b80000, 0x00000000e4380000, 0x0000000100000000)
  eden space 160256K, 0% used [0x00000000d5b80000,0x00000000d5b80000,0x00000000df800000)
  from space 10240K, 99% used [0x00000000df800000,0x00000000e01fe4f8,0x00000000e0200000)
  to   space 12800K, 0% used [0x00000000e3700000,0x00000000e3700000,0x00000000e4380000)
 ParOldGen       total 79872K, used 19975K [0x0000000081200000, 0x0000000086000000, 0x00000000d5b80000)
  object space 79872K, 25% used [0x0000000081200000,0x0000000082581d00,0x0000000086000000)
 Metaspace       used 41755K, capacity 44700K, committed 45016K, reserved 1087488K
  class space    used 5779K, capacity 6307K, committed 6400K, reserved 1048576K
}
Event: 58.800 GC heap before
{Heap before GC invocations=14 (full 2):
 PSYoungGen      total 170496K, used 170489K [0x00000000d5b80000, 0x00000000e4380000, 0x0000000100000000)
  eden space 160256K, 100% used [0x00000000d5b80000,0x00000000df800000,0x00000000df800000)
  from space 10240K, 99% used [0x00000000df800000,0x00000000e01fe4f8,0x00000000e0200000)
  to   space 12800K, 0% used [0x00000000e3700000,0x00000000e3700000,0x00000000e4380000)
 ParOldGen       total 79872K, used 19975K [0x0000000081200000, 0x0000000086000000, 0x00000000d5b80000)
  object space 79872K, 25% used [0x0000000081200000,0x0000000082581d00,0x0000000086000000)
 Metaspace       used 54048K, capacity 57764K, committed 57944K, reserved 1099776K
  class space    used 7401K, capacity 8037K, committed 8064K, reserved 1048576K
Event: 58.815 GC heap after
Heap after GC invocations=14 (full 2):
 PSYoungGen      total 218112K, used 12793K [0x00000000d5b80000, 0x00000000e4600000, 0x0000000100000000)
  eden space 205312K, 0% used [0x00000000d5b80000,0x00000000d5b80000,0x00000000e2400000)
  from space 12800K, 99% used [0x00000000e3700000,0x00000000e437e5e0,0x00000000e4380000)
  to   space 17408K, 0% used [0x00000000e2400000,0x00000000e2400000,0x00000000e3500000)
 ParOldGen       total 79872K, used 29805K [0x0000000081200000, 0x0000000086000000, 0x00000000d5b80000)
  object space 79872K, 37% used [0x0000000081200000,0x0000000082f1b630,0x0000000086000000)
 Metaspace       used 54048K, capacity 57764K, committed 57944K, reserved 1099776K
  class space    used 7401K, capacity 8037K, committed 8064K, reserved 1048576K
}
Event: 59.049 GC heap before
{Heap before GC invocations=15 (full 2):
 PSYoungGen      total 218112K, used 24928K [0x00000000d5b80000, 0x00000000e4600000, 0x0000000100000000)
  eden space 205312K, 5% used [0x00000000d5b80000,0x00000000d6759d98,0x00000000e2400000)
  from space 12800K, 99% used [0x00000000e3700000,0x00000000e437e5e0,0x00000000e4380000)
  to   space 17408K, 0% used [0x00000000e2400000,0x00000000e2400000,0x00000000e3500000)
 ParOldGen       total 79872K, used 29805K [0x0000000081200000, 0x0000000086000000, 0x00000000d5b80000)
  object space 79872K, 37% used [0x0000000081200000,0x0000000082f1b630,0x0000000086000000)
 Metaspace       used 55074K, capacity 58760K, committed 58968K, reserved 1099776K
  class space    used 7534K, capacity 8199K, committed 8320K, reserved 1048576K
Event: 59.054 GC heap after
Heap after GC invocations=15 (full 2):
 PSYoungGen      total 222720K, used 1342K [0x00000000d5b80000, 0x00000000e8480000, 0x0000000100000000)
  eden space 205312K, 0% used [0x00000000d5b80000,0x00000000d5b80000,0x00000000e2400000)
  from space 17408K, 7% used [0x00000000e2400000,0x00000000e254f948,0x00000000e3500000)
  to   space 17920K, 0% used [0x00000000e7300000,0x00000000e7300000,0x00000000e8480000)
 ParOldGen       total 79872K, used 39357K [0x0000000081200000, 0x0000000086000000, 0x00000000d5b80000)
  object space 79872K, 49% used [0x0000000081200000,0x000000008386f5b8,0x0000000086000000)
 Metaspace       used 55074K, capacity 58760K, committed 58968K, reserved 1099776K
  class space    used 7534K, capacity 8199K, committed 8320K, reserved 1048576K
}
Event: 59.054 GC heap before
{Heap before GC invocations=16 (full 3):
 PSYoungGen      total 222720K, used 1342K [0x00000000d5b80000, 0x00000000e8480000, 0x0000000100000000)
  eden space 205312K, 0% used [0x00000000d5b80000,0x00000000d5b80000,0x00000000e2400000)
  from space 17408K, 7% used [0x00000000e2400000,0x00000000e254f948,0x00000000e3500000)
  to   space 17920K, 0% used [0x00000000e7300000,0x00000000e7300000,0x00000000e8480000)
 ParOldGen       total 79872K, used 39357K [0x0000000081200000, 0x0000000086000000, 0x00000000d5b80000)
  object space 79872K, 49% used [0x0000000081200000,0x000000008386f5b8,0x0000000086000000)
 Metaspace       used 55074K, capacity 58760K, committed 58968K, reserved 1099776K
  class space    used 7534K, capacity 8199K, committed 8320K, reserved 1048576K
Event: 59.166 GC heap after
Heap after GC invocations=16 (full 3):
 PSYoungGen      total 222720K, used 0K [0x00000000d5b80000, 0x00000000e8480000, 0x0000000100000000)
  eden space 205312K, 0% used [0x00000000d5b80000,0x00000000d5b80000,0x00000000e2400000)
  from space 17408K, 0% used [0x00000000e2400000,0x00000000e2400000,0x00000000e3500000)
  to   space 17920K, 0% used [0x00000000e7300000,0x00000000e7300000,0x00000000e8480000)
 ParOldGen       total 110592K, used 27008K [0x0000000081200000, 0x0000000087e00000, 0x00000000d5b80000)
  object space 110592K, 24% used [0x0000000081200000,0x0000000082c60180,0x0000000087e00000)
 Metaspace       used 55074K, capacity 58760K, committed 58968K, reserved 1099776K
  class space    used 7534K, capacity 8199K, committed 8320K, reserved 1048576K
}

Deoptimization events (0 events):
No events

Classes redefined (0 events):
No events

Internal exceptions (10 events):
Event: 50.011 Thread 0x000000001ea3b800 Exception <a 'java/lang/ArrayIndexOutOfBoundsException'> (0x00000000dec1ee60) thrown at [C:\re\workspace\8-2-build-windows-amd64-cygwin\jdk8u201\12322\hotspot\src\share\vm\runtime\sharedRuntime.cpp, line 605]
Event: 50.011 Thread 0x000000001ea3b800 Exception <a 'java/lang/ArrayIndexOutOfBoundsException'> (0x00000000dec20938) thrown at [C:\re\workspace\8-2-build-windows-amd64-cygwin\jdk8u201\12322\hotspot\src\share\vm\runtime\sharedRuntime.cpp, line 605]
Event: 50.011 Thread 0x000000001ea3b800 Exception <a 'java/lang/ArrayIndexOutOfBoundsException'> (0x00000000dec22110) thrown at [C:\re\workspace\8-2-build-windows-amd64-cygwin\jdk8u201\12322\hotspot\src\share\vm\runtime\sharedRuntime.cpp, line 605]
Event: 58.717 Thread 0x000000001ea37000 Exception <a 'java/lang/ArrayIndexOutOfBoundsException'> (0x00000000df0d9c88) thrown at [C:\re\workspace\8-2-build-windows-amd64-cygwin\jdk8u201\12322\hotspot\src\share\vm\runtime\sharedRuntime.cpp, line 605]
Event: 59.034 Thread 0x000000001ea37000 Exception <a 'java/io/FileNotFoundException'> (0x00000000d663ff40) thrown at [C:\re\workspace\8-2-build-windows-amd64-cygwin\jdk8u201\12322\hotspot\src\share\vm\prims\jni.cpp, line 709]
Event: 69.596 Thread 0x000000001ea45800 Exception <a 'java/net/SocketTimeoutException': Read timed out> (0x00000000dce6ab40) thrown at [C:\re\workspace\8-2-build-windows-amd64-cygwin\jdk8u201\12322\hotspot\src\share\vm\prims\jni.cpp, line 735]
Event: 69.611 Thread 0x000000001ea44800 Exception <a 'java/net/SocketTimeoutException': Read timed out> (0x00000000dcf26020) thrown at [C:\re\workspace\8-2-build-windows-amd64-cygwin\jdk8u201\12322\hotspot\src\share\vm\prims\jni.cpp, line 735]
Event: 75.859 Thread 0x000000001ea3b000 Exception <a 'java/lang/ArrayIndexOutOfBoundsException'> (0x00000000dd1535a0) thrown at [C:\re\workspace\8-2-build-windows-amd64-cygwin\jdk8u201\12322\hotspot\src\share\vm\runtime\sharedRuntime.cpp, line 605]
Event: 75.934 Thread 0x000000001ea3b000 Exception <a 'java/lang/reflect/InvocationTargetException'> (0x00000000dd8ffe10) thrown at [C:\re\workspace\8-2-build-windows-amd64-cygwin\jdk8u201\12322\hotspot\src\share\vm\runtime\reflection.cpp, line 1092]
Event: 75.958 Thread 0x000000001ea41800 Exception <a 'java/lang/reflect/InvocationTargetException'> (0x00000000ddb3d748) thrown at [C:\re\workspace\8-2-build-windows-amd64-cygwin\jdk8u201\12322\hotspot\src\share\vm\runtime\reflection.cpp, line 1092]

Events (10 events):
Event: 75.994 loading class org/apache/catalina/core/ApplicationDispatcher$State done
Event: 75.994 Executing VM operation: RevokeBias
Event: 75.994 Executing VM operation: RevokeBias done
Event: 75.995 Thread 0x000000001a91a000 flushing nmethod 0x000000000320f050
Event: 75.995 Thread 0x000000001a91a000 flushing nmethod 0x0000000003221a50
Event: 75.995 Thread 0x000000001a91a000 flushing nmethod 0x0000000003258090
Event: 75.995 loading class org/apache/catalina/core/ApplicationHttpRequest
Event: 75.995 loading class org/apache/catalina/core/ApplicationHttpRequest done
Event: 75.995 Executing VM operation: RevokeBias
Event: 75.995 Executing VM operation: RevokeBias done


Dynamic libraries:
0x00007ff789740000 - 0x00007ff789777000 	C:\Program Files\Java\jdk1.8.0_201\bin\java.exe
0x00007ff972170000 - 0x00007ff972365000 	C:\WINDOWS\SYSTEM32\ntdll.dll
0x00007ff971800000 - 0x00007ff9718be000 	C:\WINDOWS\System32\KERNEL32.DLL
0x00007ff96fb60000 - 0x00007ff96fe29000 	C:\WINDOWS\System32\KERNELBASE.dll
0x00007ff970960000 - 0x00007ff970a0c000 	C:\WINDOWS\System32\ADVAPI32.dll
0x00007ff970b40000 - 0x00007ff970bde000 	C:\WINDOWS\System32\msvcrt.dll
0x00007ff970c90000 - 0x00007ff970d2b000 	C:\WINDOWS\System32\sechost.dll
0x00007ff970a10000 - 0x00007ff970b3a000 	C:\WINDOWS\System32\RPCRT4.dll
0x00007ff971650000 - 0x00007ff9717f1000 	C:\WINDOWS\System32\USER32.dll
0x00007ff96fe30000 - 0x00007ff96fe52000 	C:\WINDOWS\System32\win32u.dll
0x00007ff970be0000 - 0x00007ff970c0b000 	C:\WINDOWS\System32\GDI32.dll
0x00007ff96ffc0000 - 0x00007ff9700cb000 	C:\WINDOWS\System32\gdi32full.dll
0x00007ff970120000 - 0x00007ff9701bd000 	C:\WINDOWS\System32\msvcp_win.dll
0x00007ff96fe60000 - 0x00007ff96ff60000 	C:\WINDOWS\System32\ucrtbase.dll
0x00007ff961ca0000 - 0x00007ff961f3a000 	C:\WINDOWS\WinSxS\amd64_microsoft.windows.common-controls_6595b64144ccf1df_6.0.19041.1110_none_60b5254171f9507e\COMCTL32.dll
0x00007ff9714c0000 - 0x00007ff9714f0000 	C:\WINDOWS\System32\IMM32.DLL
0x0000000062140000 - 0x0000000062211000 	C:\Program Files\Java\jdk1.8.0_201\jre\bin\msvcr100.dll
0x0000000060a60000 - 0x0000000061304000 	C:\Program Files\Java\jdk1.8.0_201\jre\bin\server\jvm.dll
0x00007ff970f60000 - 0x00007ff970f68000 	C:\WINDOWS\System32\PSAPI.DLL
0x00007ff966860000 - 0x00007ff96686a000 	C:\WINDOWS\SYSTEM32\VERSION.dll
0x00007ff964b00000 - 0x00007ff964b27000 	C:\WINDOWS\SYSTEM32\WINMM.dll
0x00007ff967300000 - 0x00007ff967309000 	C:\WINDOWS\SYSTEM32\WSOCK32.dll
0x00007ff9718c0000 - 0x00007ff97192b000 	C:\WINDOWS\System32\ws2_32.DLL
0x00007ff96a720000 - 0x00007ff96a72f000 	C:\Program Files\Java\jdk1.8.0_201\jre\bin\verify.dll
0x00007ff969620000 - 0x00007ff969649000 	C:\Program Files\Java\jdk1.8.0_201\jre\bin\java.dll
0x00007ff969220000 - 0x00007ff969243000 	C:\Program Files\Java\jdk1.8.0_201\jre\bin\instrument.dll
0x00007ff9692f0000 - 0x00007ff969306000 	C:\Program Files\Java\jdk1.8.0_201\jre\bin\zip.dll
0x00007ff971930000 - 0x00007ff97206f000 	C:\WINDOWS\System32\SHELL32.dll
0x00007ff96d880000 - 0x00007ff96e010000 	C:\WINDOWS\SYSTEM32\windows.storage.dll
0x00007ff971040000 - 0x00007ff971395000 	C:\WINDOWS\System32\combase.dll
0x00007ff96f2e0000 - 0x00007ff96f30c000 	C:\WINDOWS\SYSTEM32\Wldp.dll
0x00007ff970220000 - 0x00007ff9702cd000 	C:\WINDOWS\System32\SHCORE.dll
0x00007ff970f80000 - 0x00007ff970fd5000 	C:\WINDOWS\System32\shlwapi.dll
0x00007ff96f7d0000 - 0x00007ff96f7ef000 	C:\WINDOWS\SYSTEM32\profapi.dll
0x00007ff9692b0000 - 0x00007ff9692ca000 	F:\subject\IDEA 2018_sssam.com\IntelliJ IDEA 2018.2.4\bin\breakgen64.dll
0x00007ff969200000 - 0x00007ff96921a000 	C:\Program Files\Java\jdk1.8.0_201\jre\bin\net.dll
0x00007ff95d320000 - 0x00007ff95d50b000 	C:\WINDOWS\SYSTEM32\urlmon.dll
0x00007ff95d2f0000 - 0x00007ff95d318000 	C:\WINDOWS\SYSTEM32\srvcli.dll
0x00007ff95da10000 - 0x00007ff95dcc0000 	C:\WINDOWS\SYSTEM32\iertutil.dll
0x00007ff96edf0000 - 0x00007ff96edfc000 	C:\WINDOWS\SYSTEM32\netutils.dll
0x00007ff96f040000 - 0x00007ff96f0aa000 	C:\WINDOWS\system32\mswsock.dll
0x00007ff96a710000 - 0x00007ff96a71d000 	C:\Program Files\Java\jdk1.8.0_201\jre\bin\management.dll
0x00007ff967fe0000 - 0x00007ff967ff1000 	C:\Program Files\Java\jdk1.8.0_201\jre\bin\nio.dll
0x00007ff951950000 - 0x00007ff951967000 	C:\WINDOWS\system32\napinsp.dll
0x00007ff951930000 - 0x00007ff95194b000 	C:\WINDOWS\system32\pnrpnsp.dll
0x00007ff969bc0000 - 0x00007ff969bd5000 	C:\WINDOWS\system32\wshbth.dll
0x00007ff96a5e0000 - 0x00007ff96a5fd000 	C:\WINDOWS\system32\NLAapi.dll
0x00007ff96ece0000 - 0x00007ff96ed1b000 	C:\WINDOWS\SYSTEM32\IPHLPAPI.DLL
0x00007ff96ed20000 - 0x00007ff96edec000 	C:\WINDOWS\SYSTEM32\DNSAPI.dll
0x00007ff972070000 - 0x00007ff972078000 	C:\WINDOWS\System32\NSI.dll
0x00007ff951910000 - 0x00007ff951922000 	C:\WINDOWS\System32\winrnr.dll
0x00007ff967530000 - 0x00007ff96753a000 	C:\Windows\System32\rasadhlp.dll
0x00007ff9606d0000 - 0x00007ff96074f000 	C:\WINDOWS\System32\fwpuclnt.dll
0x00007ff96fb30000 - 0x00007ff96fb57000 	C:\WINDOWS\System32\bcrypt.dll
0x00007ff96f230000 - 0x00007ff96f248000 	C:\WINDOWS\SYSTEM32\CRYPTSP.dll
0x00007ff96e950000 - 0x00007ff96e984000 	C:\WINDOWS\system32\rsaenh.dll
0x00007ff96f750000 - 0x00007ff96f77e000 	C:\WINDOWS\SYSTEM32\USERENV.dll
0x00007ff96f890000 - 0x00007ff96f913000 	C:\WINDOWS\System32\bcryptprimitives.dll
0x00007ff96f250000 - 0x00007ff96f25c000 	C:\WINDOWS\SYSTEM32\CRYPTBASE.dll
0x00007ff9660a0000 - 0x00007ff9660b7000 	C:\WINDOWS\SYSTEM32\dhcpcsvc6.DLL
0x00007ff966060000 - 0x00007ff96607d000 	C:\WINDOWS\SYSTEM32\dhcpcsvc.DLL
0x00007ff967350000 - 0x00007ff967374000 	C:\Program Files\Java\jdk1.8.0_201\jre\bin\sunec.dll
0x00007ff921540000 - 0x00007ff92437d000 	C:\Users\lenovo\Desktop\人脸识别\Face-recognition-main\ArcSoft_ArcFace_Java_Windows_x64_V3.0\libs\WIN64\libarcsoft_face.dll
0x00007ff9535f0000 - 0x00007ff953696000 	C:\WINDOWS\SYSTEM32\MSVCP120.dll
0x00007ff953500000 - 0x00007ff9535ef000 	C:\WINDOWS\SYSTEM32\MSVCR120.dll
0x00007ff94f140000 - 0x00007ff94f1bf000 	C:\Users\lenovo\Desktop\人脸识别\Face-recognition-main\ArcSoft_ArcFace_Java_Windows_x64_V3.0\libs\WIN64\libarcsoft_face_engine.dll
0x00007ff970fe0000 - 0x00007ff971036000 	C:\WINDOWS\System32\WLDAP32.dll
0x00007ff9671e0000 - 0x00007ff967205000 	C:\Users\lenovo\Desktop\人脸识别\Face-recognition-main\ArcSoft_ArcFace_Java_Windows_x64_V3.0\libs\WIN64\libarcsoft_face_engine_jni.dll
0x00007ff94e570000 - 0x00007ff94e709000 	C:\Program Files\Java\jdk1.8.0_201\jre\bin\awt.dll
0x00007ff971580000 - 0x00007ff97164d000 	C:\WINDOWS\System32\OLEAUT32.dll
0x00007ff96bef0000 - 0x00007ff96bf80000 	C:\WINDOWS\SYSTEM32\apphelp.dll
0x00007ff967180000 - 0x00007ff9671b1000 	C:\Program Files\Java\jdk1.8.0_201\jre\bin\jpeg.dll
0x00007ff94f0c0000 - 0x00007ff94f0fe000 	C:\Program Files\Java\jdk1.8.0_201\jre\bin\lcms.dll
0x00007ff96d690000 - 0x00007ff96d874000 	C:\WINDOWS\SYSTEM32\dbghelp.dll

VM Arguments:
jvm_args: -XX:TieredStopAtLevel=1 -Xverify:none -Dspring.output.ansi.enabled=always -Dcom.sun.management.jmxremote -Dcom.sun.management.jmxremote.port=56007 -Dcom.sun.management.jmxremote.authenticate=false -Dcom.sun.management.jmxremote.ssl=false -Djava.rmi.server.hostname=localhost -Dspring.liveBeansView.mbeanDomain -Dspring.application.admin.enabled=true -javaagent:F:\subject\IDEA 2018_sssam.com\IntelliJ IDEA 2018.2.4\lib\idea_rt.jar=56008:F:\subject\IDEA 2018_sssam.com\IntelliJ IDEA 2018.2.4\bin -Dfile.encoding=UTF-8 
java_command: com.tangcheng.face_corn.FaceCornApplication
java_class_path (initial): C:\Program Files\Java\jdk1.8.0_201\jre\lib\charsets.jar;C:\Program Files\Java\jdk1.8.0_201\jre\lib\deploy.jar;C:\Program Files\Java\jdk1.8.0_201\jre\lib\ext\access-bridge-64.jar;C:\Program Files\Java\jdk1.8.0_201\jre\lib\ext\cldrdata.jar;C:\Program Files\Java\jdk1.8.0_201\jre\lib\ext\dnsns.jar;C:\Program Files\Java\jdk1.8.0_201\jre\lib\ext\jaccess.jar;C:\Program Files\Java\jdk1.8.0_201\jre\lib\ext\jfxrt.jar;C:\Program Files\Java\jdk1.8.0_201\jre\lib\ext\localedata.jar;C:\Program Files\Java\jdk1.8.0_201\jre\lib\ext\nashorn.jar;C:\Program Files\Java\jdk1.8.0_201\jre\lib\ext\sunec.jar;C:\Program Files\Java\jdk1.8.0_201\jre\lib\ext\sunjce_provider.jar;C:\Program Files\Java\jdk1.8.0_201\jre\lib\ext\sunmscapi.jar;C:\Program Files\Java\jdk1.8.0_201\jre\lib\ext\sunpkcs11.jar;C:\Program Files\Java\jdk1.8.0_201\jre\lib\ext\zipfs.jar;C:\Program Files\Java\jdk1.8.0_201\jre\lib\javaws.jar;C:\Program Files\Java\jdk1.8.0_201\jre\lib\jce.jar;C:\Program Files\Java\jdk1.8.0_201\jre\lib\jfr.jar;C:\Program Files\Java\jdk1.8.0_201\jre\lib\jfxswt.jar;C:\Program Files\Java\jdk1.8.0_201\jre\lib\jsse.jar;C:\Program Files\Java\jdk1.8.0_201\jre\lib\management-agent.jar;C:\Program Files\Java\jdk1.8.0_201\jre\lib\plugin.jar;C:\Program Files\Java\jdk1.8.0_201\jre\lib\resources.jar;C:\Program Files\Java\jdk1.8.0_201\jre\lib\rt.jar;C:\Users\lenovo\Desktop\人脸识别\Face-recognition-main\facesystem\face_corn\target\classes;C:\Users\lenovo\Desktop\人脸识别\Face-recognition-main\facesystem\common\target\classes;F:\subject\JavaWeb\maven-l\com\auth0\java-jwt\3.4.0\java-jwt-3.4.0.jar;F:\subject\JavaWeb\maven-l\commons-codec\commons-codec\1.15\commons-codec-1.15.jar;F:\subject\JavaWeb\maven-l\com\aliyun\oss\aliyun-sdk-oss\3.12.0\aliyun-sdk-oss-3.12.0.jar;F:\subject\JavaWeb\maven-l\org\apache\httpcomponents\httpclient\4.5.13\httpclient-4.5.13.jar;F:\subject\JavaWeb\maven-l\org\apache\httpcomponents\httpcore\4.4.14\httpcore-4.4.14.jar;F:\subject\JavaWeb\maven-l\org\jdom\jdom2\2.
Launcher Type: SUN_STANDARD

Environment Variables:
JAVA_HOME=C:\Program Files\Java\jdk1.8.0_201
CLASSPATH=.;C:\Program Files\Java\jdk1.8.0_201\lib\dt.jar,C:\Program Files\Java\jdk1.8.0_201\lib\tools.jar;F:\subject\JavaWeb\apache-tomcat-8.5.45\lib\servlet-api.jar
PATH=C:\Program Files (x86)\Common Files\Oracle\Java\javapath;C:\WINDOWS\system32;C:\WINDOWS;C:\WINDOWS\System32\Wbem;C:\WINDOWS\System32\WindowsPowerShell\v1.0\;C:\WINDOWS\System32\OpenSSH\;F:\subject\JavaWeb\apache-tomcat-8.5.45\bin;F:\subject\JavaWeb\apache-tomcat-8.5.45\lib;C:\Program Files\NVIDIA Corporation\NVIDIA NvDLISR;F:\subject\JavaWeb\apache-maven-3.3.9\bin;F:\subject\JavaWeb\Gradle\gradle-6.9.1\bin;F:\subject\JavaWeb\nodejs;C:\Program Files\Java\jdk1.8.0_201\bin;C:\Program Files\MySQL\MySQL Server 8.0\bin;F:\subject\JavaWeb\env\MongoDB\bin;C:\Users\lenovo\AppData\Local\Microsoft\WindowsApps;F:\subject\PyCharm\PyCharm Community Edition 2020.3.3\bin;;F:\subject\JavaWeb\Microsoft VS Code\bin;F:\subject\JavaWeb\nodejs\node_global;
USERNAME=lenovo
OS=Windows_NT
PROCESSOR_IDENTIFIER=Intel64 Family 6 Model 158 Stepping 10, GenuineIntel



---------------  S Y S T E M  ---------------

OS: Windows 10.0 , 64 bit Build 19041 (10.0.19041.1202)

CPU:total 8 (initial active 8) (4 cores per cpu, 2 threads per core) family 6 model 158 stepping 10, cmov, cx8, fxsr, mmx, sse, sse2, sse3, ssse3, sse4.1, sse4.2, popcnt, avx, avx2, aes, clmul, erms, 3dnowpref, lzcnt, ht, tsc, tscinvbit, bmi1, bmi2, adx

Memory: 4k page, physical 8306932k(934308k free), swap 18792692k(3037540k free)

vm_info: Java HotSpot(TM) 64-Bit Server VM (25.201-b09) for windows-amd64 JRE (1.8.0_201-b09), built on Dec 15 2018 18:36:39 by "java_re" with MS VC++ 10.0 (VS2010)

time: Thu Oct 28 17:31:52 2021
timezone: 中国标准时间
elapsed time: 76 seconds (0d 0h 1m 16s)

