#
# A fatal error has been detected by the Java Runtime Environment:
#
#  EXCEPTION_ACCESS_VIOLATION (0xc0000005) at pc=0x00007ffb9e72e0e5, pid=12860, tid=0x0000000000004690
#
# JRE version: Java(TM) SE Runtime Environment (8.0_201-b09) (build 1.8.0_201-b09)
# Java VM: Java HotSpot(TM) 64-Bit Server VM (25.201-b09 mixed mode windows-amd64 compressed oops)
# Problematic frame:
# C  [libarcsoft_face.dll+0xe0e5]
#
# Failed to write core dump. Minidumps are not enabled by default on client versions of Windows
#
# If you would like to submit a bug report, please visit:
#   http://bugreport.java.com/bugreport/crash.jsp
# The crash happened outside the Java Virtual Machine in native code.
# See problematic frame for where to report the bug.
#

---------------  T H R E A D  ---------------

Current thread (0x000000001eeb6800):  JavaThread "http-nio-8081-exec-7" daemon [_thread_in_native, id=18064, stack(0x00000000217b0000,0x00000000218b0000)]

siginfo: ExceptionCode=0xc0000005, writing address 0xfffffffe268d2e60

Registers:
RAX=0x0000000000000031, RBX=0x0000000080002000, RCX=0x000000000000002c, RDX=0xffffffff80000000
RSP=0x00000000218acae0, RBP=0x0000000080000000, RSI=0x0000000000000140, RDI=0x0000000080000000
R8 =0x00000000000000ff, R9 =0x0000000000000000, R10=0x0000000080001000, R11=0x00000000268d2e60
R12=0x0000000000000020, R13=0x0000000000000040, R14=0x0000000000000000, R15=0x000000001f4ddcc0
RIP=0x00007ffb9e72e0e5, EFLAGS=0x0000000000010202

Top of Stack: (sp=0x00000000218acae0)
0x00000000218acae0:   0000000000000000 0000000000002000
0x00000000218acaf0:   0000000000000010 0000000000000040
0x00000000218acb00:   0000000000000000 00000000268df780
0x00000000218acb10:   00000000218acc20 00007ffb9e72c5f2
0x00000000218acb20:   0000000000000000 00007ffb9e7317a3
0x00000000218acb30:   000000002693a6f0 000000002693a660
0x00000000218acb40:   0000000080000000 000000000000002c
0x00000000218acb50:   0000000000000031 000000000000003a
0x00000000218acb60:   0000000000000000 0000000000000000
0x00000000218acb70:   0000000000000020 00000000000003c0
0x00000000218acb80:   0000000000000000 0000000000000000
0x00000000218acb90:   0000000000000040 00000000218accb8
0x00000000218acba0:   0000000000000000 0000000000000040
0x00000000218acbb0:   0000000000000040 00000000268d2e60
0x00000000218acbc0:   00000000216ad330 00007ffb9e72bf04
0x00000000218acbd0:   0000000080000000 00007ffb000000f0 

Instructions: (pc=0x00007ffb9e72e0e5)
0x00007ffb9e72e0c5:   0f 4f c8 45 33 c9 85 c9 41 0f 48 c9 41 3b c0 41
0x00007ffb9e72e0d5:   0f 4f c0 85 c0 41 0f 48 c1 66 0f 6e c1 0f 5b c0
0x00007ffb9e72e0e5:   f3 41 0f 11 04 93 66 0f 6e c0 49 63 c2 0f 5b c0
0x00007ffb9e72e0f5:   f3 41 0f 11 04 83 8b 44 24 78 eb 51 83 f9 01 75 


Register to memory mapping:

RAX=0x0000000000000031 is an unknown value
RBX=0x0000000080002000 is an unknown value
RCX=0x000000000000002c is an unknown value
RDX=0xffffffff80000000 is an unknown value
RSP=0x00000000218acae0 is pointing into the stack for thread: 0x000000001eeb6800
RBP=0x0000000080000000 is an unknown value
RSI=0x0000000000000140 is an unknown value
RDI=0x0000000080000000 is an unknown value
R8 =0x00000000000000ff is an unknown value
R9 =0x0000000000000000 is an unknown value
R10=0x0000000080001000 is an unknown value
R11=0x00000000268d2e60 is an unknown value
R12=0x0000000000000020 is an unknown value
R13=0x0000000000000040 is an unknown value
R14=0x0000000000000000 is an unknown value
R15=0x000000001f4ddcc0 is an unknown value


Stack: [0x00000000217b0000,0x00000000218b0000],  sp=0x00000000218acae0,  free space=1010k
Native frames: (J=compiled Java code, j=interpreted, Vv=VM code, C=native code)
C  [libarcsoft_face.dll+0xe0e5]
C  [libarcsoft_face.dll+0xc5f2]
C  [libarcsoft_face.dll+0xbf04]
C  [libarcsoft_face.dll+0x9049]
C  [libarcsoft_face.dll+0x89bc]
C  [libarcsoft_face.dll+0x7d0a]
C  [libarcsoft_face.dll+0x3c88]
C  [libarcsoft_face_engine.dll+0x58ca]
C  [libarcsoft_face_engine_jni.dll+0x18f6]
C  0x0000000003678c67

Java frames: (J=compiled Java code, j=interpreted, Vv=VM code)
j  com.arcsoft.face.FaceEngine.detectFaces(J[BIIII[Lcom/arcsoft/face/FaceInfo;)I+0
j  com.arcsoft.face.FaceEngine.detectFaces([BIILcom/arcsoft/face/enums/ImageFormat;Lcom/arcsoft/face/enums/DetectModel;Ljava/util/List;)I+107
j  com.arcsoft.face.FaceEngine.detectFaces([BIILcom/arcsoft/face/enums/ImageFormat;Ljava/util/List;)I+11
j  com.tangcheng.face_corn.service.impl.faceServiceImpl.facesearch(Ljava/io/InputStream;Ljava/util/List;)Ljava/lang/String;+45
j  com.tangcheng.face_corn.controller.faceController.facesearch(Ljava/lang/String;Ljava/util/List;)Lresult/Result;+22
j  sun.reflect.GeneratedMethodAccessor74.invoke(Ljava/lang/Object;[Ljava/lang/Object;)Ljava/lang/Object;+48
J 1835 C1 sun.reflect.DelegatingMethodAccessorImpl.invoke(Ljava/lang/Object;[Ljava/lang/Object;)Ljava/lang/Object; (10 bytes) @ 0x0000000003a1e664 [0x0000000003a1e620+0x44]
J 1834 C1 java.lang.reflect.Method.invoke(Ljava/lang/Object;[Ljava/lang/Object;)Ljava/lang/Object; (62 bytes) @ 0x0000000003a1de54 [0x0000000003a1dd60+0xf4]
j  org.springframework.web.method.support.InvocableHandlerMethod.doInvoke([Ljava/lang/Object;)Ljava/lang/Object;+32
j  org.springframework.web.method.support.InvocableHandlerMethod.invokeForRequest(Lorg/springframework/web/context/request/NativeWebRequest;Lorg/springframework/web/method/support/ModelAndViewContainer;[Ljava/lang/Object;)Ljava/lang/Object;+54
j  org.springframework.web.servlet.mvc.method.annotation.ServletInvocableHandlerMethod.invokeAndHandle(Lorg/springframework/web/context/request/ServletWebRequest;Lorg/springframework/web/method/support/ModelAndViewContainer;[Ljava/lang/Object;)V+4
j  org.springframework.web.servlet.mvc.method.annotation.RequestMappingHandlerAdapter.invokeHandlerMethod(Ljavax/servlet/http/HttpServletRequest;Ljavax/servlet/http/HttpServletResponse;Lorg/springframework/web/method/HandlerMethod;)Lorg/springframework/web/servlet/ModelAndView;+244
j  org.springframework.web.servlet.mvc.method.annotation.RequestMappingHandlerAdapter.handleInternal(Ljavax/servlet/http/HttpServletRequest;Ljavax/servlet/http/HttpServletResponse;Lorg/springframework/web/method/HandlerMethod;)Lorg/springframework/web/servlet/ModelAndView;+81
j  org.springframework.web.servlet.mvc.method.AbstractHandlerMethodAdapter.handle(Ljavax/servlet/http/HttpServletRequest;Ljavax/servlet/http/HttpServletResponse;Ljava/lang/Object;)Lorg/springframework/web/servlet/ModelAndView;+7
j  org.springframework.web.servlet.DispatcherServlet.doDispatch(Ljavax/servlet/http/HttpServletRequest;Ljavax/servlet/http/HttpServletResponse;)V+259
j  org.springframework.web.servlet.DispatcherServlet.doService(Ljavax/servlet/http/HttpServletRequest;Ljavax/servlet/http/HttpServletResponse;)V+241
j  org.springframework.web.servlet.FrameworkServlet.processRequest(Ljavax/servlet/http/HttpServletRequest;Ljavax/servlet/http/HttpServletResponse;)V+71
j  org.springframework.web.servlet.FrameworkServlet.doPost(Ljavax/servlet/http/HttpServletRequest;Ljavax/servlet/http/HttpServletResponse;)V+3
j  javax.servlet.http.HttpServlet.service(Ljavax/servlet/http/HttpServletRequest;Ljavax/servlet/http/HttpServletResponse;)V+149
j  org.springframework.web.servlet.FrameworkServlet.service(Ljavax/servlet/http/HttpServletRequest;Ljavax/servlet/http/HttpServletResponse;)V+33
j  javax.servlet.http.HttpServlet.service(Ljavax/servlet/ServletRequest;Ljavax/servlet/ServletResponse;)V+36
J 5860 C1 org.apache.catalina.core.ApplicationFilterChain.internalDoFilter(Ljavax/servlet/ServletRequest;Ljavax/servlet/ServletResponse;)V (388 bytes) @ 0x00000000040f5714 [0x00000000040f5500+0x214]
J 6039 C1 org.apache.catalina.core.ApplicationFilterChain.doFilter(Ljavax/servlet/ServletRequest;Ljavax/servlet/ServletResponse;)V (103 bytes) @ 0x0000000004133094 [0x0000000004133060+0x34]
j  org.apache.tomcat.websocket.server.WsFilter.doFilter(Ljavax/servlet/ServletRequest;Ljavax/servlet/ServletResponse;Ljavax/servlet/FilterChain;)V+21
J 5860 C1 org.apache.catalina.core.ApplicationFilterChain.internalDoFilter(Ljavax/servlet/ServletRequest;Ljavax/servlet/ServletResponse;)V (388 bytes) @ 0x00000000040f5934 [0x00000000040f5500+0x434]
J 6039 C1 org.apache.catalina.core.ApplicationFilterChain.doFilter(Ljavax/servlet/ServletRequest;Ljavax/servlet/ServletResponse;)V (103 bytes) @ 0x0000000004133094 [0x0000000004133060+0x34]
j  org.springframework.web.filter.RequestContextFilter.doFilterInternal(Ljavax/servlet/http/HttpServletRequest;Ljavax/servlet/http/HttpServletResponse;Ljavax/servlet/FilterChain;)V+21
J 6111 C1 org.springframework.web.filter.OncePerRequestFilter.doFilter(Ljavax/servlet/ServletRequest;Ljavax/servlet/ServletResponse;Ljavax/servlet/FilterChain;)V (175 bytes) @ 0x000000000414ad94 [0x000000000414aa40+0x354]
J 5860 C1 org.apache.catalina.core.ApplicationFilterChain.internalDoFilter(Ljavax/servlet/ServletRequest;Ljavax/servlet/ServletResponse;)V (388 bytes) @ 0x00000000040f5934 [0x00000000040f5500+0x434]
J 6039 C1 org.apache.catalina.core.ApplicationFilterChain.doFilter(Ljavax/servlet/ServletRequest;Ljavax/servlet/ServletResponse;)V (103 bytes) @ 0x0000000004133094 [0x0000000004133060+0x34]
j  org.springframework.web.filter.FormContentFilter.doFilterInternal(Ljavax/servlet/http/HttpServletRequest;Ljavax/servlet/http/HttpServletResponse;Ljavax/servlet/FilterChain;)V+38
J 6111 C1 org.springframework.web.filter.OncePerRequestFilter.doFilter(Ljavax/servlet/ServletRequest;Ljavax/servlet/ServletResponse;Ljavax/servlet/FilterChain;)V (175 bytes) @ 0x000000000414ad94 [0x000000000414aa40+0x354]
J 5860 C1 org.apache.catalina.core.ApplicationFilterChain.internalDoFilter(Ljavax/servlet/ServletRequest;Ljavax/servlet/ServletResponse;)V (388 bytes) @ 0x00000000040f5934 [0x00000000040f5500+0x434]
J 6039 C1 org.apache.catalina.core.ApplicationFilterChain.doFilter(Ljavax/servlet/ServletRequest;Ljavax/servlet/ServletResponse;)V (103 bytes) @ 0x0000000004133094 [0x0000000004133060+0x34]
j  org.springframework.web.filter.CharacterEncodingFilter.doFilterInternal(Ljavax/servlet/http/HttpServletRequest;Ljavax/servlet/http/HttpServletResponse;Ljavax/servlet/FilterChain;)V+53
J 6111 C1 org.springframework.web.filter.OncePerRequestFilter.doFilter(Ljavax/servlet/ServletRequest;Ljavax/servlet/ServletResponse;Ljavax/servlet/FilterChain;)V (175 bytes) @ 0x000000000414ad94 [0x000000000414aa40+0x354]
J 5860 C1 org.apache.catalina.core.ApplicationFilterChain.internalDoFilter(Ljavax/servlet/ServletRequest;Ljavax/servlet/ServletResponse;)V (388 bytes) @ 0x00000000040f5934 [0x00000000040f5500+0x434]
J 6039 C1 org.apache.catalina.core.ApplicationFilterChain.doFilter(Ljavax/servlet/ServletRequest;Ljavax/servlet/ServletResponse;)V (103 bytes) @ 0x0000000004133094 [0x0000000004133060+0x34]
j  org.apache.catalina.core.StandardWrapperValve.invoke(Lorg/apache/catalina/connector/Request;Lorg/apache/catalina/connector/Response;)V+694
j  org.apache.catalina.core.StandardContextValve.invoke(Lorg/apache/catalina/connector/Request;Lorg/apache/catalina/connector/Response;)V+169
j  org.apache.catalina.authenticator.AuthenticatorBase.invoke(Lorg/apache/catalina/connector/Request;Lorg/apache/catalina/connector/Response;)V+260
j  org.apache.catalina.core.StandardHostValve.invoke(Lorg/apache/catalina/connector/Request;Lorg/apache/catalina/connector/Response;)V+128
j  org.apache.catalina.valves.ErrorReportValve.invoke(Lorg/apache/catalina/connector/Request;Lorg/apache/catalina/connector/Response;)V+6
j  org.apache.catalina.core.StandardEngineValve.invoke(Lorg/apache/catalina/connector/Request;Lorg/apache/catalina/connector/Response;)V+59
j  org.apache.catalina.connector.CoyoteAdapter.service(Lorg/apache/coyote/Request;Lorg/apache/coyote/Response;)V+199
j  org.apache.coyote.http11.Http11Processor.service(Lorg/apache/tomcat/util/net/SocketWrapperBase;)Lorg/apache/tomcat/util/net/AbstractEndpoint$Handler$SocketState;+737
j  org.apache.coyote.AbstractProcessorLight.process(Lorg/apache/tomcat/util/net/SocketWrapperBase;Lorg/apache/tomcat/util/net/SocketEvent;)Lorg/apache/tomcat/util/net/AbstractEndpoint$Handler$SocketState;+170
j  org.apache.coyote.AbstractProtocol$ConnectionHandler.process(Lorg/apache/tomcat/util/net/SocketWrapperBase;Lorg/apache/tomcat/util/net/SocketEvent;)Lorg/apache/tomcat/util/net/AbstractEndpoint$Handler$SocketState;+505
j  org.apache.tomcat.util.net.NioEndpoint$SocketProcessor.doRun()V+216
j  org.apache.tomcat.util.net.SocketProcessorBase.run()V+21
j  java.util.concurrent.ThreadPoolExecutor.runWorker(Ljava/util/concurrent/ThreadPoolExecutor$Worker;)V+95
j  java.util.concurrent.ThreadPoolExecutor$Worker.run()V+5
j  org.apache.tomcat.util.threads.TaskThread$WrappingRunnable.run()V+4
j  java.lang.Thread.run()V+11
v  ~StubRoutines::call_stub

---------------  P R O C E S S  ---------------

Java Threads: ( => current thread )
  0x000000001ad1d000 JavaThread "lettuce-eventExecutorLoop-1-8" daemon [_thread_blocked, id=23088, stack(0x0000000040f50000,0x0000000041050000)]
  0x000000001ad19000 JavaThread "lettuce-eventExecutorLoop-1-7" daemon [_thread_blocked, id=10560, stack(0x0000000040e50000,0x0000000040f50000)]
  0x000000001ad1c000 JavaThread "lettuce-eventExecutorLoop-1-6" daemon [_thread_blocked, id=17776, stack(0x0000000040d50000,0x0000000040e50000)]
  0x000000001ad1a800 JavaThread "lettuce-eventExecutorLoop-1-5" daemon [_thread_blocked, id=7044, stack(0x0000000040c50000,0x0000000040d50000)]
  0x000000001ad18800 JavaThread "lettuce-eventExecutorLoop-1-4" daemon [_thread_blocked, id=20572, stack(0x00000000239c0000,0x0000000023ac0000)]
  0x000000001ad10800 JavaThread "Java2D Disposer" daemon [_thread_blocked, id=21724, stack(0x0000000021fb0000,0x00000000220b0000)]
  0x000000001ad14800 JavaThread "idle_connection_reaper" daemon [_thread_blocked, id=22944, stack(0x00000000014d0000,0x00000000015d0000)]
  0x000000001ad14000 JavaThread "lettuce-eventExecutorLoop-1-3" daemon [_thread_blocked, id=5040, stack(0x00000000013d0000,0x00000000014d0000)]
  0x000000001ad11800 JavaThread "AsyncResolver-bootstrap-executor-0" daemon [_thread_blocked, id=23472, stack(0x00000000012d0000,0x00000000013d0000)]
  0x000000001ad17000 JavaThread "lettuce-eventExecutorLoop-1-2" daemon [_thread_blocked, id=22448, stack(0x0000000040b50000,0x0000000040c50000)]
  0x000000001ad13000 JavaThread "lettuce-eventExecutorLoop-1-1" daemon [_thread_blocked, id=17688, stack(0x0000000023ac0000,0x0000000023bc0000)]
  0x000000001ad15800 JavaThread "lettuce-nioEventLoop-4-1" daemon [_thread_in_native, id=20372, stack(0x00000000228b0000,0x00000000229b0000)]
  0x000000001ad12800 JavaThread "DiscoveryClient-HeartbeatExecutor-0" daemon [_thread_blocked, id=22760, stack(0x00000000223b0000,0x00000000224b0000)]
  0x000000001ad16000 JavaThread "DiscoveryClient-CacheRefreshExecutor-0" daemon [_thread_blocked, id=15216, stack(0x00000000222b0000,0x00000000223b0000)]
  0x000000001eeb7000 JavaThread "DestroyJavaVM" [_thread_blocked, id=20456, stack(0x0000000003360000,0x0000000003460000)]
  0x000000001eebc800 JavaThread "http-nio-8081-Acceptor" daemon [_thread_in_native, id=21828, stack(0x0000000021cb0000,0x0000000021db0000)]
  0x000000001eeb8800 JavaThread "http-nio-8081-ClientPoller" daemon [_thread_in_native, id=19276, stack(0x0000000021bb0000,0x0000000021cb0000)]
  0x000000001eebb800 JavaThread "http-nio-8081-exec-10" daemon [_thread_blocked, id=18732, stack(0x0000000021ab0000,0x0000000021bb0000)]
  0x000000001eeb8000 JavaThread "http-nio-8081-exec-9" daemon [_thread_in_native, id=16052, stack(0x00000000219b0000,0x0000000021ab0000)]
  0x000000001eeb5800 JavaThread "http-nio-8081-exec-8" daemon [_thread_blocked, id=19012, stack(0x00000000218b0000,0x00000000219b0000)]
=>0x000000001eeb6800 JavaThread "http-nio-8081-exec-7" daemon [_thread_in_native, id=18064, stack(0x00000000217b0000,0x00000000218b0000)]
  0x000000001eebb000 JavaThread "http-nio-8081-exec-6" daemon [_thread_in_native, id=19236, stack(0x00000000216b0000,0x00000000217b0000)]
  0x000000001eeae000 JavaThread "http-nio-8081-exec-5" daemon [_thread_in_native, id=21428, stack(0x00000000215b0000,0x00000000216b0000)]
  0x000000001eeb4000 JavaThread "http-nio-8081-exec-4" daemon [_thread_blocked, id=23040, stack(0x00000000214b0000,0x00000000215b0000)]
  0x000000001eeaf000 JavaThread "http-nio-8081-exec-3" daemon [_thread_in_native, id=4960, stack(0x00000000213b0000,0x00000000214b0000)]
  0x000000001eeb2800 JavaThread "http-nio-8081-exec-2" daemon [_thread_in_native, id=14968, stack(0x00000000212b0000,0x00000000213b0000)]
  0x000000001eeb2000 JavaThread "http-nio-8081-exec-1" daemon [_thread_blocked, id=12152, stack(0x00000000211b0000,0x00000000212b0000)]
  0x000000001eeb1000 JavaThread "http-nio-8081-BlockPoller" daemon [_thread_in_native, id=17980, stack(0x0000000020eb0000,0x0000000020fb0000)]
  0x000000001eeb3800 JavaThread "DiscoveryClient-InstanceInfoReplicator-0" daemon [_thread_blocked, id=20712, stack(0x0000000020db0000,0x0000000020eb0000)]
  0x000000001eeb5000 JavaThread "DiscoveryClient-1" daemon [_thread_blocked, id=23436, stack(0x0000000020cb0000,0x0000000020db0000)]
  0x000000001eeb0800 JavaThread "DiscoveryClient-0" daemon [_thread_blocked, id=23528, stack(0x0000000020bb0000,0x0000000020cb0000)]
  0x000000001eead800 JavaThread "AsyncResolver-bootstrap-0" daemon [_thread_blocked, id=10688, stack(0x00000000206b0000,0x00000000207b0000)]
  0x000000001eeaf800 JavaThread "spring.cloud.inetutils" daemon [_thread_blocked, id=9084, stack(0x00000000205b0000,0x00000000206b0000)]
  0x000000001ebe6800 JavaThread "lettuce-timer-3-1" daemon [_thread_blocked, id=14568, stack(0x000000001fbb0000,0x000000001fcb0000)]
  0x000000001ebe6000 JavaThread "container-0" [_thread_blocked, id=16572, stack(0x000000001fcb0000,0x000000001fdb0000)]
  0x000000001ebe5000 JavaThread "Catalina-utility-2" [_thread_blocked, id=13904, stack(0x000000001fab0000,0x000000001fbb0000)]
  0x000000001ebe7800 JavaThread "Catalina-utility-1" [_thread_blocked, id=16120, stack(0x000000001d9e0000,0x000000001dae0000)]
  0x000000001bf2f000 JavaThread "RMI Scheduler(0)" daemon [_thread_blocked, id=2112, stack(0x000000001d2e0000,0x000000001d3e0000)]
  0x000000001b2b4800 JavaThread "RMI TCP Accept-0" daemon [_thread_in_native, id=19332, stack(0x000000001bc60000,0x000000001bd60000)]
  0x000000001b2a9800 JavaThread "RMI TCP Accept-49991" daemon [_thread_in_native, id=15668, stack(0x000000001bb60000,0x000000001bc60000)]
  0x000000001b29e800 JavaThread "RMI TCP Accept-0" daemon [_thread_in_native, id=21152, stack(0x000000001ba60000,0x000000001bb60000)]
  0x000000001b075800 JavaThread "Service Thread" daemon [_thread_blocked, id=18956, stack(0x000000001b960000,0x000000001ba60000)]
  0x000000001b026800 JavaThread "C1 CompilerThread3" daemon [_thread_blocked, id=18608, stack(0x000000001b860000,0x000000001b960000)]
  0x000000001afdf000 JavaThread "C2 CompilerThread2" daemon [_thread_blocked, id=15428, stack(0x000000001b760000,0x000000001b860000)]
  0x000000001afde800 JavaThread "C2 CompilerThread1" daemon [_thread_blocked, id=21948, stack(0x000000001b660000,0x000000001b760000)]
  0x000000001afd7800 JavaThread "C2 CompilerThread0" daemon [_thread_blocked, id=11988, stack(0x000000001b560000,0x000000001b660000)]
  0x000000001af17000 JavaThread "Monitor Ctrl-Break" daemon [_thread_in_native, id=20700, stack(0x000000001b460000,0x000000001b560000)]
  0x000000001a442000 JavaThread "Attach Listener" daemon [_thread_blocked, id=18528, stack(0x000000001ab60000,0x000000001ac60000)]
  0x000000001a49b000 JavaThread "Signal Dispatcher" daemon [_thread_blocked, id=19684, stack(0x000000001aa60000,0x000000001ab60000)]
  0x0000000018634000 JavaThread "Finalizer" daemon [_thread_blocked, id=16184, stack(0x000000001a900000,0x000000001aa00000)]
  0x000000001a420800 JavaThread "Reference Handler" daemon [_thread_blocked, id=23020, stack(0x000000001a800000,0x000000001a900000)]

Other Threads:
  0x0000000018626800 VMThread [stack: 0x000000001a300000,0x000000001a400000] [id=1624]
  0x000000001b2bf800 WatcherThread [stack: 0x000000001bd60000,0x000000001be60000] [id=18884]

VM state:not at safepoint (normal execution)

VM Mutex/Monitor currently owned by a thread: None

heap address: 0x0000000081200000, size: 2030 MB, Compressed Oops mode: 32-bit
Narrow klass base: 0x0000000000000000, Narrow klass shift: 3
Compressed class space size: 1073741824 Address: 0x0000000100000000

Heap:
 PSYoungGen      total 295424K, used 192529K [0x00000000d5b80000, 0x00000000e9980000, 0x0000000100000000)
  eden space 282624K, 66% used [0x00000000d5b80000,0x00000000e13cfbf0,0x00000000e6f80000)
  from space 12800K, 29% used [0x00000000e8d00000,0x00000000e90b4ba0,0x00000000e9980000)
  to   space 21504K, 0% used [0x00000000e6f80000,0x00000000e6f80000,0x00000000e8480000)
 ParOldGen       total 111616K, used 48089K [0x0000000081200000, 0x0000000087f00000, 0x00000000d5b80000)
  object space 111616K, 43% used [0x0000000081200000,0x00000000840f67e8,0x0000000087f00000)
 Metaspace       used 55739K, capacity 59494K, committed 59736K, reserved 1101824K
  class space    used 7639K, capacity 8294K, committed 8320K, reserved 1048576K

Card table byte_map: [0x0000000012a20000,0x0000000012e20000] byte_map_base: 0x0000000012617000

Marking Bits: (ParMarkBitMap*) 0x000000005dde4ce0
 Begin Bits: [0x00000000138d0000, 0x0000000015888000)
 End Bits:   [0x0000000015888000, 0x0000000017840000)

Polling page: 0x0000000001650000

CodeCache: size=245760Kb used=11661Kb max_used=11661Kb free=234098Kb
 bounds [0x0000000003660000, 0x00000000041d0000, 0x0000000012660000]
 total_blobs=6924 nmethods=6325 adapters=511
 compilation: enabled

Compilation events (10 events):
Event: 1148.949 Thread 0x000000001b026800 6457       1       org.springframework.web.multipart.support.MultipartResolutionDelegate::isPartArray (18 bytes)
Event: 1148.949 Thread 0x000000001b026800 nmethod 6457 0x00000000041c3bd0 code [0x00000000041c3d40, 0x00000000041c3e98]
Event: 1148.949 Thread 0x000000001b026800 6458   !   1       com.sun.proxy.$Proxy130::required (32 bytes)
Event: 1148.949 Thread 0x000000001b026800 nmethod 6458 0x00000000041c3f90 code [0x00000000041c4100, 0x00000000041c4338]
Event: 1148.953 Thread 0x000000001b026800 6459       1       sun.nio.fs.NativeBuffer::size (5 bytes)
Event: 1148.953 Thread 0x000000001b026800 nmethod 6459 0x00000000041c44d0 code [0x00000000041c4620, 0x00000000041c4730]
Event: 1148.955 Thread 0x000000001b026800 6460  s    1       sun.java2d.Disposer::add (61 bytes)
Event: 1148.955 Thread 0x000000001b026800 nmethod 6460 0x00000000041c4790 code [0x00000000041c4920, 0x00000000041c4df8]
Event: 1148.973 Thread 0x000000001b026800 6461       1       java.awt.image.Raster::getDataBuffer (5 bytes)
Event: 1148.973 Thread 0x000000001b026800 nmethod 6461 0x00000000041c4f50 code [0x00000000041c50a0, 0x00000000041c51b0]

GC Heap History (10 events):
Event: 9.532 GC heap before
{Heap before GC invocations=13 (full 2):
 PSYoungGen      total 186368K, used 175616K [0x00000000d5b80000, 0x00000000e1d80000, 0x0000000100000000)
  eden space 175616K, 100% used [0x00000000d5b80000,0x00000000e0700000,0x00000000e0700000)
  from space 10752K, 0% used [0x00000000e1180000,0x00000000e1180000,0x00000000e1c00000)
  to   space 10752K, 0% used [0x00000000e0700000,0x00000000e0700000,0x00000000e1180000)
 ParOldGen       total 75264K, used 16160K [0x0000000081200000, 0x0000000085b80000, 0x00000000d5b80000)
  object space 75264K, 21% used [0x0000000081200000,0x00000000821c8258,0x0000000085b80000)
 Metaspace       used 43511K, capacity 46434K, committed 46552K, reserved 1089536K
  class space    used 5996K, capacity 6538K, committed 6656K, reserved 1048576K
Event: 9.546 GC heap after
Heap after GC invocations=13 (full 2):
 PSYoungGen      total 186368K, used 10749K [0x00000000d5b80000, 0x00000000e5800000, 0x0000000100000000)
  eden space 175616K, 0% used [0x00000000d5b80000,0x00000000d5b80000,0x00000000e0700000)
  from space 10752K, 99% used [0x00000000e0700000,0x00000000e117f5e0,0x00000000e1180000)
  to   space 13312K, 0% used [0x00000000e4b00000,0x00000000e4b00000,0x00000000e5800000)
 ParOldGen       total 75264K, used 21107K [0x0000000081200000, 0x0000000085b80000, 0x00000000d5b80000)
  object space 75264K, 28% used [0x0000000081200000,0x000000008269cd50,0x0000000085b80000)
 Metaspace       used 43511K, capacity 46434K, committed 46552K, reserved 1089536K
  class space    used 5996K, capacity 6538K, committed 6656K, reserved 1048576K
}
Event: 1096.132 GC heap before
{Heap before GC invocations=14 (full 2):
 PSYoungGen      total 186368K, used 180670K [0x00000000d5b80000, 0x00000000e5800000, 0x0000000100000000)
  eden space 175616K, 96% used [0x00000000d5b80000,0x00000000e0170410,0x00000000e0700000)
  from space 10752K, 99% used [0x00000000e0700000,0x00000000e117f5e0,0x00000000e1180000)
  to   space 13312K, 0% used [0x00000000e4b00000,0x00000000e4b00000,0x00000000e5800000)
 ParOldGen       total 75264K, used 21107K [0x0000000081200000, 0x0000000085b80000, 0x00000000d5b80000)
  object space 75264K, 28% used [0x0000000081200000,0x000000008269cd50,0x0000000085b80000)
 Metaspace       used 55108K, capacity 58816K, committed 58968K, reserved 1099776K
  class space    used 7539K, capacity 8209K, committed 8320K, reserved 1048576K
Event: 1096.149 GC heap after
Heap after GC invocations=14 (full 2):
 PSYoungGen      total 238080K, used 13286K [0x00000000d5b80000, 0x00000000e5b00000, 0x0000000100000000)
  eden space 224768K, 0% used [0x00000000d5b80000,0x00000000d5b80000,0x00000000e3700000)
  from space 13312K, 99% used [0x00000000e4b00000,0x00000000e57f9ad0,0x00000000e5800000)
  to   space 18432K, 0% used [0x00000000e3700000,0x00000000e3700000,0x00000000e4900000)
 ParOldGen       total 75264K, used 30890K [0x0000000081200000, 0x0000000085b80000, 0x00000000d5b80000)
  object space 75264K, 41% used [0x0000000081200000,0x000000008302aa98,0x0000000085b80000)
 Metaspace       used 55108K, capacity 58816K, committed 58968K, reserved 1099776K
  class space    used 7539K, capacity 8209K, committed 8320K, reserved 1048576K
}
Event: 1096.149 GC heap before
{Heap before GC invocations=15 (full 3):
 PSYoungGen      total 238080K, used 13286K [0x00000000d5b80000, 0x00000000e5b00000, 0x0000000100000000)
  eden space 224768K, 0% used [0x00000000d5b80000,0x00000000d5b80000,0x00000000e3700000)
  from space 13312K, 99% used [0x00000000e4b00000,0x00000000e57f9ad0,0x00000000e5800000)
  to   space 18432K, 0% used [0x00000000e3700000,0x00000000e3700000,0x00000000e4900000)
 ParOldGen       total 75264K, used 30890K [0x0000000081200000, 0x0000000085b80000, 0x00000000d5b80000)
  object space 75264K, 41% used [0x0000000081200000,0x000000008302aa98,0x0000000085b80000)
 Metaspace       used 55108K, capacity 58816K, committed 58968K, reserved 1099776K
  class space    used 7539K, capacity 8209K, committed 8320K, reserved 1048576K
Event: 1096.273 GC heap after
Heap after GC invocations=15 (full 3):
 PSYoungGen      total 238080K, used 0K [0x00000000d5b80000, 0x00000000e5b00000, 0x0000000100000000)
  eden space 224768K, 0% used [0x00000000d5b80000,0x00000000d5b80000,0x00000000e3700000)
  from space 13312K, 0% used [0x00000000e4b00000,0x00000000e4b00000,0x00000000e5800000)
  to   space 18432K, 0% used [0x00000000e3700000,0x00000000e3700000,0x00000000e4900000)
 ParOldGen       total 111616K, used 34051K [0x0000000081200000, 0x0000000087f00000, 0x00000000d5b80000)
  object space 111616K, 30% used [0x0000000081200000,0x0000000083340d58,0x0000000087f00000)
 Metaspace       used 55108K, capacity 58816K, committed 58968K, reserved 1099776K
  class space    used 7539K, capacity 8209K, committed 8320K, reserved 1048576K
}
Event: 1138.761 GC heap before
{Heap before GC invocations=16 (full 3):
 PSYoungGen      total 238080K, used 224617K [0x00000000d5b80000, 0x00000000e5b00000, 0x0000000100000000)
  eden space 224768K, 99% used [0x00000000d5b80000,0x00000000e36da7f0,0x00000000e3700000)
  from space 13312K, 0% used [0x00000000e4b00000,0x00000000e4b00000,0x00000000e5800000)
  to   space 18432K, 0% used [0x00000000e3700000,0x00000000e3700000,0x00000000e4900000)
 ParOldGen       total 111616K, used 34051K [0x0000000081200000, 0x0000000087f00000, 0x00000000d5b80000)
  object space 111616K, 30% used [0x0000000081200000,0x0000000083340d58,0x0000000087f00000)
 Metaspace       used 55727K, capacity 59482K, committed 59736K, reserved 1101824K
  class space    used 7638K, capacity 8292K, committed 8320K, reserved 1048576K
Event: 1138.769 GC heap after
Heap after GC invocations=16 (full 3):
 PSYoungGen      total 243200K, used 18405K [0x00000000d5b80000, 0x00000000ea200000, 0x0000000100000000)
  eden space 224768K, 0% used [0x00000000d5b80000,0x00000000d5b80000,0x00000000e3700000)
  from space 18432K, 99% used [0x00000000e3700000,0x00000000e48f9598,0x00000000e4900000)
  to   space 21504K, 0% used [0x00000000e8d00000,0x00000000e8d00000,0x00000000ea200000)
 ParOldGen       total 111616K, used 35554K [0x0000000081200000, 0x0000000087f00000, 0x00000000d5b80000)
  object space 111616K, 31% used [0x0000000081200000,0x00000000834b8848,0x0000000087f00000)
 Metaspace       used 55727K, capacity 59482K, committed 59736K, reserved 1101824K
  class space    used 7638K, capacity 8292K, committed 8320K, reserved 1048576K
}
Event: 1145.146 GC heap before
{Heap before GC invocations=17 (full 3):
 PSYoungGen      total 243200K, used 243173K [0x00000000d5b80000, 0x00000000ea200000, 0x0000000100000000)
  eden space 224768K, 100% used [0x00000000d5b80000,0x00000000e3700000,0x00000000e3700000)
  from space 18432K, 99% used [0x00000000e3700000,0x00000000e48f9598,0x00000000e4900000)
  to   space 21504K, 0% used [0x00000000e8d00000,0x00000000e8d00000,0x00000000ea200000)
 ParOldGen       total 111616K, used 35554K [0x0000000081200000, 0x0000000087f00000, 0x00000000d5b80000)
  object space 111616K, 31% used [0x0000000081200000,0x00000000834b8848,0x0000000087f00000)
 Metaspace       used 55728K, capacity 59482K, committed 59736K, reserved 1101824K
  class space    used 7638K, capacity 8292K, committed 8320K, reserved 1048576K
Event: 1145.153 GC heap after
Heap after GC invocations=17 (full 3):
 PSYoungGen      total 295424K, used 3794K [0x00000000d5b80000, 0x00000000e9980000, 0x0000000100000000)
  eden space 282624K, 0% used [0x00000000d5b80000,0x00000000d5b80000,0x00000000e6f80000)
  from space 12800K, 29% used [0x00000000e8d00000,0x00000000e90b4ba0,0x00000000e9980000)
  to   space 21504K, 0% used [0x00000000e6f80000,0x00000000e6f80000,0x00000000e8480000)
 ParOldGen       total 111616K, used 48089K [0x0000000081200000, 0x0000000087f00000, 0x00000000d5b80000)
  object space 111616K, 43% used [0x0000000081200000,0x00000000840f67e8,0x0000000087f00000)
 Metaspace       used 55728K, capacity 59482K, committed 59736K, reserved 1101824K
  class space    used 7638K, capacity 8292K, committed 8320K, reserved 1048576K
}

Deoptimization events (0 events):
No events

Classes redefined (0 events):
No events

Internal exceptions (10 events):
Event: 1135.574 Thread 0x000000001eeb2000 Exception <a 'java/lang/ArrayIndexOutOfBoundsException'> (0x00000000d6b66df8) thrown at [C:\re\workspace\8-2-build-windows-amd64-cygwin\jdk8u201\12322\hotspot\src\share\vm\runtime\sharedRuntime.cpp, line 605]
Event: 1135.575 Thread 0x000000001eeb2000 Exception <a 'java/lang/ArrayIndexOutOfBoundsException'> (0x00000000d6b6cba8) thrown at [C:\re\workspace\8-2-build-windows-amd64-cygwin\jdk8u201\12322\hotspot\src\share\vm\runtime\sharedRuntime.cpp, line 605]
Event: 1136.779 Thread 0x000000001eeb5800 Exception <a 'java/io/IOException'> (0x00000000d9571558) thrown at [C:\re\workspace\8-2-build-windows-amd64-cygwin\jdk8u201\12322\hotspot\src\share\vm\prims\jni.cpp, line 709]
Event: 1137.412 Thread 0x000000001eeb6800 Exception <a 'java/io/IOException'> (0x00000000db7a1550) thrown at [C:\re\workspace\8-2-build-windows-amd64-cygwin\jdk8u201\12322\hotspot\src\share\vm\prims\jni.cpp, line 709]
Event: 1137.718 Thread 0x000000001eebb800 Exception <a 'java/lang/ArrayIndexOutOfBoundsException'> (0x00000000debf40d0) thrown at [C:\re\workspace\8-2-build-windows-amd64-cygwin\jdk8u201\12322\hotspot\src\share\vm\runtime\sharedRuntime.cpp, line 605]
Event: 1137.718 Thread 0x000000001eeb2000 Exception <a 'java/lang/ArrayIndexOutOfBoundsException'> (0x00000000deb4a1f0) thrown at [C:\re\workspace\8-2-build-windows-amd64-cygwin\jdk8u201\12322\hotspot\src\share\vm\runtime\sharedRuntime.cpp, line 605]
Event: 1137.718 Thread 0x000000001eeb2800 Exception <a 'java/lang/ArrayIndexOutOfBoundsException'> (0x00000000deca4398) thrown at [C:\re\workspace\8-2-build-windows-amd64-cygwin\jdk8u201\12322\hotspot\src\share\vm\runtime\sharedRuntime.cpp, line 605]
Event: 1141.649 Thread 0x000000001eeb5800 Exception <a 'java/io/IOException'> (0x00000000dcd8d5d8) thrown at [C:\re\workspace\8-2-build-windows-amd64-cygwin\jdk8u201\12322\hotspot\src\share\vm\prims\jni.cpp, line 709]
Event: 1148.285 Thread 0x000000001eeae000 Exception <a 'java/io/IOException'> (0x00000000de9df860) thrown at [C:\re\workspace\8-2-build-windows-amd64-cygwin\jdk8u201\12322\hotspot\src\share\vm\prims\jni.cpp, line 709]
Event: 1148.718 Thread 0x000000001eebb800 Exception <a 'java/io/IOException'> (0x00000000e00af208) thrown at [C:\re\workspace\8-2-build-windows-amd64-cygwin\jdk8u201\12322\hotspot\src\share\vm\prims\jni.cpp, line 709]

Events (10 events):
Event: 1148.868 loading class sun/reflect/GeneratedMethodAccessor74
Event: 1148.868 loading class sun/reflect/GeneratedMethodAccessor74 done
Event: 1148.873 loading class sun/reflect/GeneratedMethodAccessor74
Event: 1148.873 loading class sun/reflect/GeneratedMethodAccessor74 done
Event: 1148.888 loading class sun/reflect/GeneratedMethodAccessor74
Event: 1148.888 loading class sun/reflect/GeneratedMethodAccessor74 done
Event: 1148.889 loading class sun/reflect/GeneratedMethodAccessor74
Event: 1148.889 loading class sun/reflect/GeneratedMethodAccessor74 done
Event: 1148.889 loading class sun/reflect/GeneratedMethodAccessor74
Event: 1148.889 loading class sun/reflect/GeneratedMethodAccessor74 done


Dynamic libraries:
0x00007ff6f4dc0000 - 0x00007ff6f4df7000 	C:\Program Files\Java\jdk1.8.0_201\bin\java.exe
0x00007ffbf5db0000 - 0x00007ffbf5fa5000 	C:\WINDOWS\SYSTEM32\ntdll.dll
0x00007ffbf55f0000 - 0x00007ffbf56ae000 	C:\WINDOWS\System32\KERNEL32.DLL
0x00007ffbf3720000 - 0x00007ffbf39e9000 	C:\WINDOWS\System32\KERNELBASE.dll
0x00007ffbf4410000 - 0x00007ffbf44bc000 	C:\WINDOWS\System32\ADVAPI32.dll
0x00007ffbf4d00000 - 0x00007ffbf4d9e000 	C:\WINDOWS\System32\msvcrt.dll
0x00007ffbf4c60000 - 0x00007ffbf4cfb000 	C:\WINDOWS\System32\sechost.dll
0x00007ffbf4150000 - 0x00007ffbf427a000 	C:\WINDOWS\System32\RPCRT4.dll
0x00007ffbf4da0000 - 0x00007ffbf4f41000 	C:\WINDOWS\System32\USER32.dll
0x00007ffbf3dd0000 - 0x00007ffbf3df2000 	C:\WINDOWS\System32\win32u.dll
0x00007ffbf3e00000 - 0x00007ffbf3e2b000 	C:\WINDOWS\System32\GDI32.dll
0x00007ffbf3ad0000 - 0x00007ffbf3bdb000 	C:\WINDOWS\System32\gdi32full.dll
0x00007ffbf3680000 - 0x00007ffbf371d000 	C:\WINDOWS\System32\msvcp_win.dll
0x00007ffbf34d0000 - 0x00007ffbf35d0000 	C:\WINDOWS\System32\ucrtbase.dll
0x00007ffbe4850000 - 0x00007ffbe4aea000 	C:\WINDOWS\WinSxS\amd64_microsoft.windows.common-controls_6595b64144ccf1df_6.0.19041.1110_none_60b5254171f9507e\COMCTL32.dll
0x00007ffbf5030000 - 0x00007ffbf5060000 	C:\WINDOWS\System32\IMM32.DLL
0x000000005e9c0000 - 0x000000005ea91000 	C:\Program Files\Java\jdk1.8.0_201\jre\bin\msvcr100.dll
0x000000005d5c0000 - 0x000000005de64000 	C:\Program Files\Java\jdk1.8.0_201\jre\bin\server\jvm.dll
0x00007ffbf5c50000 - 0x00007ffbf5c58000 	C:\WINDOWS\System32\PSAPI.DLL
0x00007ffbea430000 - 0x00007ffbea43a000 	C:\WINDOWS\SYSTEM32\VERSION.dll
0x00007ffbee370000 - 0x00007ffbee379000 	C:\WINDOWS\SYSTEM32\WSOCK32.dll
0x00007ffbe6240000 - 0x00007ffbe6267000 	C:\WINDOWS\SYSTEM32\WINMM.dll
0x00007ffbf53c0000 - 0x00007ffbf542b000 	C:\WINDOWS\System32\WS2_32.dll
0x00007ffbee360000 - 0x00007ffbee36f000 	C:\Program Files\Java\jdk1.8.0_201\jre\bin\verify.dll
0x00007ffbec690000 - 0x00007ffbec6b9000 	C:\Program Files\Java\jdk1.8.0_201\jre\bin\java.dll
0x00007ffbd69a0000 - 0x00007ffbd69c3000 	C:\Program Files\Java\jdk1.8.0_201\jre\bin\instrument.dll
0x00007ffbee340000 - 0x00007ffbee356000 	C:\Program Files\Java\jdk1.8.0_201\jre\bin\zip.dll
0x00007ffbf4520000 - 0x00007ffbf4c5f000 	C:\WINDOWS\System32\SHELL32.dll
0x00007ffbf1210000 - 0x00007ffbf19a0000 	C:\WINDOWS\SYSTEM32\windows.storage.dll
0x00007ffbf5060000 - 0x00007ffbf53b5000 	C:\WINDOWS\System32\combase.dll
0x00007ffbf2f20000 - 0x00007ffbf2f4c000 	C:\WINDOWS\SYSTEM32\Wldp.dll
0x00007ffbf3e30000 - 0x00007ffbf3edd000 	C:\WINDOWS\System32\SHCORE.dll
0x00007ffbf3fb0000 - 0x00007ffbf4005000 	C:\WINDOWS\System32\shlwapi.dll
0x00007ffbf3410000 - 0x00007ffbf342f000 	C:\WINDOWS\SYSTEM32\profapi.dll
0x00007ffbd6920000 - 0x00007ffbd693a000 	F:\subject\IDEA 2018_sssam.com\IntelliJ IDEA 2018.2.4\bin\breakgen64.dll
0x00007ffbee240000 - 0x00007ffbee25a000 	C:\Program Files\Java\jdk1.8.0_201\jre\bin\net.dll
0x00007ffbe15a0000 - 0x00007ffbe178b000 	C:\WINDOWS\SYSTEM32\urlmon.dll
0x00007ffbe6580000 - 0x00007ffbe6830000 	C:\WINDOWS\SYSTEM32\iertutil.dll
0x00007ffbe1570000 - 0x00007ffbe1598000 	C:\WINDOWS\SYSTEM32\srvcli.dll
0x00007ffbf2a30000 - 0x00007ffbf2a3c000 	C:\WINDOWS\SYSTEM32\netutils.dll
0x00007ffbf2c80000 - 0x00007ffbf2cea000 	C:\WINDOWS\system32\mswsock.dll
0x00007ffbe7aa0000 - 0x00007ffbe7aad000 	C:\Program Files\Java\jdk1.8.0_201\jre\bin\management.dll
0x00007ffbd6980000 - 0x00007ffbd6991000 	C:\Program Files\Java\jdk1.8.0_201\jre\bin\nio.dll
0x00007ffbd5c90000 - 0x00007ffbd5ca7000 	C:\WINDOWS\system32\napinsp.dll
0x00007ffbd5c70000 - 0x00007ffbd5c8b000 	C:\WINDOWS\system32\pnrpnsp.dll
0x00007ffbed800000 - 0x00007ffbed815000 	C:\WINDOWS\system32\wshbth.dll
0x00007ffbee220000 - 0x00007ffbee23d000 	C:\WINDOWS\system32\NLAapi.dll
0x00007ffbf2920000 - 0x00007ffbf295b000 	C:\WINDOWS\SYSTEM32\IPHLPAPI.DLL
0x00007ffbf2960000 - 0x00007ffbf2a2c000 	C:\WINDOWS\SYSTEM32\DNSAPI.dll
0x00007ffbf55e0000 - 0x00007ffbf55e8000 	C:\WINDOWS\System32\NSI.dll
0x00007ffbd5b80000 - 0x00007ffbd5b92000 	C:\WINDOWS\System32\winrnr.dll
0x00007ffbea670000 - 0x00007ffbea67a000 	C:\Windows\System32\rasadhlp.dll
0x00007ffbe2000000 - 0x00007ffbe207f000 	C:\WINDOWS\System32\fwpuclnt.dll
0x00007ffbf39f0000 - 0x00007ffbf3a17000 	C:\WINDOWS\System32\bcrypt.dll
0x00007ffbf2e70000 - 0x00007ffbf2e88000 	C:\WINDOWS\SYSTEM32\CRYPTSP.dll
0x00007ffbf2590000 - 0x00007ffbf25c4000 	C:\WINDOWS\system32\rsaenh.dll
0x00007ffbf3390000 - 0x00007ffbf33be000 	C:\WINDOWS\SYSTEM32\USERENV.dll
0x00007ffbf3be0000 - 0x00007ffbf3c63000 	C:\WINDOWS\System32\bcryptprimitives.dll
0x00007ffbf2e90000 - 0x00007ffbf2e9c000 	C:\WINDOWS\SYSTEM32\CRYPTBASE.dll
0x00007ffbe9060000 - 0x00007ffbe9077000 	C:\WINDOWS\SYSTEM32\dhcpcsvc6.DLL
0x00007ffbea1e0000 - 0x00007ffbea1fd000 	C:\WINDOWS\SYSTEM32\dhcpcsvc.DLL
0x00007ffbd68f0000 - 0x00007ffbd6914000 	C:\Program Files\Java\jdk1.8.0_201\jre\bin\sunec.dll
0x00007ffb9e720000 - 0x00007ffba155d000 	C:\Users\lenovo\Desktop\人脸识别\Face-recognition-main\ArcSoft_ArcFace_Java_Windows_x64_V3.0\libs\WIN64\libarcsoft_face.dll
0x00007ffbd2570000 - 0x00007ffbd265f000 	C:\WINDOWS\SYSTEM32\MSVCR120.dll
0x00007ffbd24c0000 - 0x00007ffbd2566000 	C:\WINDOWS\SYSTEM32\MSVCP120.dll
0x00007ffbada40000 - 0x00007ffbadabf000 	C:\Users\lenovo\Desktop\人脸识别\Face-recognition-main\ArcSoft_ArcFace_Java_Windows_x64_V3.0\libs\WIN64\libarcsoft_face_engine.dll
0x00007ffbf44c0000 - 0x00007ffbf4516000 	C:\WINDOWS\System32\WLDAP32.dll
0x00007ffbd3e40000 - 0x00007ffbd3e65000 	C:\Users\lenovo\Desktop\人脸识别\Face-recognition-main\ArcSoft_ArcFace_Java_Windows_x64_V3.0\libs\WIN64\libarcsoft_face_engine_jni.dll
0x00007ffba9130000 - 0x00007ffba92c9000 	C:\Program Files\Java\jdk1.8.0_201\jre\bin\awt.dll
0x00007ffbf3ee0000 - 0x00007ffbf3fad000 	C:\WINDOWS\System32\OLEAUT32.dll
0x00007ffbefb30000 - 0x00007ffbefbc0000 	C:\WINDOWS\SYSTEM32\apphelp.dll
0x00007ffbd3b50000 - 0x00007ffbd3b81000 	C:\Program Files\Java\jdk1.8.0_201\jre\bin\jpeg.dll
0x00007ffbd3b10000 - 0x00007ffbd3b4e000 	C:\Program Files\Java\jdk1.8.0_201\jre\bin\lcms.dll
0x00007ffbf1a70000 - 0x00007ffbf1c54000 	C:\WINDOWS\SYSTEM32\dbghelp.dll

VM Arguments:
jvm_args: -XX:TieredStopAtLevel=1 -Xverify:none -Dspring.output.ansi.enabled=always -Dcom.sun.management.jmxremote -Dcom.sun.management.jmxremote.port=49991 -Dcom.sun.management.jmxremote.authenticate=false -Dcom.sun.management.jmxremote.ssl=false -Djava.rmi.server.hostname=localhost -Dspring.liveBeansView.mbeanDomain -Dspring.application.admin.enabled=true -javaagent:F:\subject\IDEA 2018_sssam.com\IntelliJ IDEA 2018.2.4\lib\idea_rt.jar=49992:F:\subject\IDEA 2018_sssam.com\IntelliJ IDEA 2018.2.4\bin -Dfile.encoding=UTF-8 
java_command: com.tangcheng.face_corn.FaceCornApplication
java_class_path (initial): C:\Program Files\Java\jdk1.8.0_201\jre\lib\charsets.jar;C:\Program Files\Java\jdk1.8.0_201\jre\lib\deploy.jar;C:\Program Files\Java\jdk1.8.0_201\jre\lib\ext\access-bridge-64.jar;C:\Program Files\Java\jdk1.8.0_201\jre\lib\ext\cldrdata.jar;C:\Program Files\Java\jdk1.8.0_201\jre\lib\ext\dnsns.jar;C:\Program Files\Java\jdk1.8.0_201\jre\lib\ext\jaccess.jar;C:\Program Files\Java\jdk1.8.0_201\jre\lib\ext\jfxrt.jar;C:\Program Files\Java\jdk1.8.0_201\jre\lib\ext\localedata.jar;C:\Program Files\Java\jdk1.8.0_201\jre\lib\ext\nashorn.jar;C:\Program Files\Java\jdk1.8.0_201\jre\lib\ext\sunec.jar;C:\Program Files\Java\jdk1.8.0_201\jre\lib\ext\sunjce_provider.jar;C:\Program Files\Java\jdk1.8.0_201\jre\lib\ext\sunmscapi.jar;C:\Program Files\Java\jdk1.8.0_201\jre\lib\ext\sunpkcs11.jar;C:\Program Files\Java\jdk1.8.0_201\jre\lib\ext\zipfs.jar;C:\Program Files\Java\jdk1.8.0_201\jre\lib\javaws.jar;C:\Program Files\Java\jdk1.8.0_201\jre\lib\jce.jar;C:\Program Files\Java\jdk1.8.0_201\jre\lib\jfr.jar;C:\Program Files\Java\jdk1.8.0_201\jre\lib\jfxswt.jar;C:\Program Files\Java\jdk1.8.0_201\jre\lib\jsse.jar;C:\Program Files\Java\jdk1.8.0_201\jre\lib\management-agent.jar;C:\Program Files\Java\jdk1.8.0_201\jre\lib\plugin.jar;C:\Program Files\Java\jdk1.8.0_201\jre\lib\resources.jar;C:\Program Files\Java\jdk1.8.0_201\jre\lib\rt.jar;C:\Users\lenovo\Desktop\人脸识别\Face-recognition-main\facesystem\face_corn\target\classes;C:\Users\lenovo\Desktop\人脸识别\Face-recognition-main\facesystem\common\target\classes;F:\subject\JavaWeb\maven-l\com\auth0\java-jwt\3.4.0\java-jwt-3.4.0.jar;F:\subject\JavaWeb\maven-l\commons-codec\commons-codec\1.15\commons-codec-1.15.jar;F:\subject\JavaWeb\maven-l\com\aliyun\oss\aliyun-sdk-oss\3.12.0\aliyun-sdk-oss-3.12.0.jar;F:\subject\JavaWeb\maven-l\org\apache\httpcomponents\httpclient\4.5.13\httpclient-4.5.13.jar;F:\subject\JavaWeb\maven-l\org\apache\httpcomponents\httpcore\4.4.14\httpcore-4.4.14.jar;F:\subject\JavaWeb\maven-l\org\jdom\jdom2\2.
Launcher Type: SUN_STANDARD

Environment Variables:
JAVA_HOME=C:\Program Files\Java\jdk1.8.0_201
CLASSPATH=.;C:\Program Files\Java\jdk1.8.0_201\lib\dt.jar,C:\Program Files\Java\jdk1.8.0_201\lib\tools.jar;F:\subject\JavaWeb\apache-tomcat-8.5.45\lib\servlet-api.jar
PATH=C:\Program Files (x86)\Common Files\Oracle\Java\javapath;C:\WINDOWS\system32;C:\WINDOWS;C:\WINDOWS\System32\Wbem;C:\WINDOWS\System32\WindowsPowerShell\v1.0\;C:\WINDOWS\System32\OpenSSH\;F:\subject\JavaWeb\apache-tomcat-8.5.45\bin;F:\subject\JavaWeb\apache-tomcat-8.5.45\lib;C:\Program Files\NVIDIA Corporation\NVIDIA NvDLISR;F:\subject\JavaWeb\apache-maven-3.3.9\bin;F:\subject\JavaWeb\Gradle\gradle-6.9.1\bin;F:\subject\JavaWeb\nodejs;C:\Program Files\Java\jdk1.8.0_201\bin;C:\Program Files\MySQL\MySQL Server 8.0\bin;F:\subject\JavaWeb\env\MongoDB\bin;C:\Users\lenovo\AppData\Local\Microsoft\WindowsApps;F:\subject\PyCharm\PyCharm Community Edition 2020.3.3\bin;;F:\subject\JavaWeb\Microsoft VS Code\bin;F:\subject\JavaWeb\nodejs\node_global;
USERNAME=lenovo
OS=Windows_NT
PROCESSOR_IDENTIFIER=Intel64 Family 6 Model 158 Stepping 10, GenuineIntel



---------------  S Y S T E M  ---------------

OS: Windows 10.0 , 64 bit Build 19041 (10.0.19041.1202)

CPU:total 8 (initial active 8) (4 cores per cpu, 2 threads per core) family 6 model 158 stepping 10, cmov, cx8, fxsr, mmx, sse, sse2, sse3, ssse3, sse4.1, sse4.2, popcnt, avx, avx2, aes, clmul, erms, 3dnowpref, lzcnt, ht, tsc, tscinvbit, bmi1, bmi2, adx

Memory: 4k page, physical 8306932k(1143188k free), swap 18792692k(2949288k free)

vm_info: Java HotSpot(TM) 64-Bit Server VM (25.201-b09) for windows-amd64 JRE (1.8.0_201-b09), built on Dec 15 2018 18:36:39 by "java_re" with MS VC++ 10.0 (VS2010)

time: Wed Oct 27 15:55:44 2021
timezone: 中国标准时间
elapsed time: 1149 seconds (0d 0h 19m 9s)

