#
# A fatal error has been detected by the Java Runtime Environment:
#
#  EXCEPTION_ACCESS_VIOLATION (0xc0000005) at pc=0x00007ffbb8ccefd8, pid=20436, tid=0x0000000000004cd4
#
# JRE version: Java(TM) SE Runtime Environment (8.0_201-b09) (build 1.8.0_201-b09)
# Java VM: Java HotSpot(TM) 64-Bit Server VM (25.201-b09 mixed mode windows-amd64 compressed oops)
# Problematic frame:
# C  [libarcsoft_face.dll+0xefd8]
#
# Failed to write core dump. Minidumps are not enabled by default on client versions of Windows
#
# If you would like to submit a bug report, please visit:
#   http://bugreport.java.com/bugreport/crash.jsp
# The crash happened outside the Java Virtual Machine in native code.
# See problematic frame for where to report the bug.
#

---------------  T H R E A D  ---------------

Current thread (0x0000000019df0800):  JavaThread "http-nio-8081-exec-1" daemon [_thread_in_native, id=19668, stack(0x00000000207e0000,0x00000000208e0000)]

siginfo: ExceptionCode=0xc0000005, reading address 0xffffffffffffffff

Registers:
RAX=0x425c0000425c0000, RBX=0x0000000025af0d70, RCX=0x0000000025af0e20, RDX=0x0000000025afce70
RSP=0x00000000208dca50, RBP=0x0000000000000001, RSI=0x0000000025af0d70, RDI=0x0000000000000005
R8 =0x0000000025af0e20, R9 =0x0000000000000000, R10=0x0000000000000001, R11=0x0000000000000001
R12=0x0000000000000005, R13=0x0000000000000000, R14=0x0000000025af0d80, R15=0x0000000022dfa040
RIP=0x00007ffbb8ccefd8, EFLAGS=0x0000000000010206

Top of Stack: (sp=0x00000000208dca50)
0x00000000208dca50:   0000000025af0e60 00007ffb000000f0
0x00000000208dca60:   ffc0000000000040 ffc0000000000040
0x00000000208dca70:   0000000020adc860 0000000025af0d80
0x00000000208dca80:   0000000000000005 00007ffbb8ccb949
0x00000000208dca90:   0000000025af0d70 0000000000000001
0x00000000208dcaa0:   0000000025af0d70 0000000000000005
0x00000000208dcab0:   0000000000000001 00007ffbb8cc9092
0x00000000208dcac0:   0000000000000000 0000000000000001
0x00000000208dcad0:   0000000000000040 00000000208dcb70
0x00000000208dcae0:   00000000ffc00000 00000000ffc00000
0x00000000208dcaf0:   00000000ffc00000 00000000ffc00000
0x00000000208dcb00:   0000000000000000 0000000000000000
0x00000000208dcb10:   0000000020adc860 0000000100000000
0x00000000208dcb20:   0000000524447940 0000000000000001
0x00000000208dcb30:   0000000022dfa160 0000000022dfa040
0x00000000208dcb40:   0000000025af0d70 ffc00000ffc00000 

Instructions: (pc=0x00007ffbb8ccefd8)
0x00007ffbb8ccefb8:   24 10 48 89 74 24 18 48 89 7c 24 20 41 54 41 56
0x00007ffbb8ccefc8:   41 57 48 83 ec 20 48 8b 42 20 4c 8b f9 49 8b c8
0x00007ffbb8ccefd8:   4c 8b 60 18 44 8b 70 14 41 8b e9 49 8b d8 48 8b
0x00007ffbb8ccefe8:   f2 e8 02 d2 01 00 4c 8b 16 8b f8 41 83 7a 18 00 


Register to memory mapping:

RAX=0x425c0000425c0000 is an unknown value
RBX=0x0000000025af0d70 is an unknown value
RCX=0x0000000025af0e20 is an unknown value
RDX=0x0000000025afce70 is an unknown value
RSP=0x00000000208dca50 is pointing into the stack for thread: 0x0000000019df0800
RBP=0x0000000000000001 is an unknown value
RSI=0x0000000025af0d70 is an unknown value
RDI=0x0000000000000005 is an unknown value
R8 =0x0000000025af0e20 is an unknown value
R9 =0x0000000000000000 is an unknown value
R10=0x0000000000000001 is an unknown value
R11=0x0000000000000001 is an unknown value
R12=0x0000000000000005 is an unknown value
R13=0x0000000000000000 is an unknown value
R14=0x0000000025af0d80 is an unknown value
R15=0x0000000022dfa040 is an unknown value


Stack: [0x00000000207e0000,0x00000000208e0000],  sp=0x00000000208dca50,  free space=1010k
Native frames: (J=compiled Java code, j=interpreted, Vv=VM code, C=native code)
C  [libarcsoft_face.dll+0xefd8]
C  [libarcsoft_face.dll+0xb949]
C  [libarcsoft_face.dll+0x9092]
C  [libarcsoft_face.dll+0x89bc]
C  [libarcsoft_face.dll+0x7d0a]
C  [libarcsoft_face.dll+0x3c88]
C  [libarcsoft_face_engine.dll+0x58ca]
C  [libarcsoft_face_engine_jni.dll+0x18f6]
C  0x0000000002df8c67

Java frames: (J=compiled Java code, j=interpreted, Vv=VM code)
j  com.arcsoft.face.FaceEngine.detectFaces(J[BIIII[Lcom/arcsoft/face/FaceInfo;)I+0
j  com.arcsoft.face.FaceEngine.detectFaces([BIILcom/arcsoft/face/enums/ImageFormat;Lcom/arcsoft/face/enums/DetectModel;Ljava/util/List;)I+107
j  com.arcsoft.face.FaceEngine.detectFaces([BIILcom/arcsoft/face/enums/ImageFormat;Ljava/util/List;)I+11
j  com.tangcheng.face_corn.service.impl.faceServiceImpl.facesearch(Ljava/io/InputStream;Ljava/util/List;)Ljava/lang/String;+45
j  com.tangcheng.face_corn.controller.faceController.facesearch(Ljava/lang/String;Ljava/util/List;)Lresult/Result;+22
v  ~StubRoutines::call_stub
J 1805  sun.reflect.NativeMethodAccessorImpl.invoke0(Ljava/lang/reflect/Method;Ljava/lang/Object;[Ljava/lang/Object;)Ljava/lang/Object; (0 bytes) @ 0x00000000031939ff [0x0000000003193980+0x7f]
J 1804 C1 sun.reflect.NativeMethodAccessorImpl.invoke(Ljava/lang/Object;[Ljava/lang/Object;)Ljava/lang/Object; (104 bytes) @ 0x000000000319415c [0x0000000003193de0+0x37c]
J 2043 C1 sun.reflect.DelegatingMethodAccessorImpl.invoke(Ljava/lang/Object;[Ljava/lang/Object;)Ljava/lang/Object; (10 bytes) @ 0x00000000032047a4 [0x0000000003204760+0x44]
J 1794 C1 java.lang.reflect.Method.invoke(Ljava/lang/Object;[Ljava/lang/Object;)Ljava/lang/Object; (62 bytes) @ 0x0000000003190554 [0x0000000003190460+0xf4]
j  org.springframework.web.method.support.InvocableHandlerMethod.doInvoke([Ljava/lang/Object;)Ljava/lang/Object;+32
j  org.springframework.web.method.support.InvocableHandlerMethod.invokeForRequest(Lorg/springframework/web/context/request/NativeWebRequest;Lorg/springframework/web/method/support/ModelAndViewContainer;[Ljava/lang/Object;)Ljava/lang/Object;+54
j  org.springframework.web.servlet.mvc.method.annotation.ServletInvocableHandlerMethod.invokeAndHandle(Lorg/springframework/web/context/request/ServletWebRequest;Lorg/springframework/web/method/support/ModelAndViewContainer;[Ljava/lang/Object;)V+4
j  org.springframework.web.servlet.mvc.method.annotation.RequestMappingHandlerAdapter.invokeHandlerMethod(Ljavax/servlet/http/HttpServletRequest;Ljavax/servlet/http/HttpServletResponse;Lorg/springframework/web/method/HandlerMethod;)Lorg/springframework/web/servlet/ModelAndView;+244
j  org.springframework.web.servlet.mvc.method.annotation.RequestMappingHandlerAdapter.handleInternal(Ljavax/servlet/http/HttpServletRequest;Ljavax/servlet/http/HttpServletResponse;Lorg/springframework/web/method/HandlerMethod;)Lorg/springframework/web/servlet/ModelAndView;+81
j  org.springframework.web.servlet.mvc.method.AbstractHandlerMethodAdapter.handle(Ljavax/servlet/http/HttpServletRequest;Ljavax/servlet/http/HttpServletResponse;Ljava/lang/Object;)Lorg/springframework/web/servlet/ModelAndView;+7
j  org.springframework.web.servlet.DispatcherServlet.doDispatch(Ljavax/servlet/http/HttpServletRequest;Ljavax/servlet/http/HttpServletResponse;)V+259
j  org.springframework.web.servlet.DispatcherServlet.doService(Ljavax/servlet/http/HttpServletRequest;Ljavax/servlet/http/HttpServletResponse;)V+241
j  org.springframework.web.servlet.FrameworkServlet.processRequest(Ljavax/servlet/http/HttpServletRequest;Ljavax/servlet/http/HttpServletResponse;)V+71
j  org.springframework.web.servlet.FrameworkServlet.doPost(Ljavax/servlet/http/HttpServletRequest;Ljavax/servlet/http/HttpServletResponse;)V+3
j  javax.servlet.http.HttpServlet.service(Ljavax/servlet/http/HttpServletRequest;Ljavax/servlet/http/HttpServletResponse;)V+149
j  org.springframework.web.servlet.FrameworkServlet.service(Ljavax/servlet/http/HttpServletRequest;Ljavax/servlet/http/HttpServletResponse;)V+33
j  javax.servlet.http.HttpServlet.service(Ljavax/servlet/ServletRequest;Ljavax/servlet/ServletResponse;)V+36
j  org.apache.catalina.core.ApplicationFilterChain.internalDoFilter(Ljavax/servlet/ServletRequest;Ljavax/servlet/ServletResponse;)V+304
j  org.apache.catalina.core.ApplicationFilterChain.doFilter(Ljavax/servlet/ServletRequest;Ljavax/servlet/ServletResponse;)V+99
j  org.apache.tomcat.websocket.server.WsFilter.doFilter(Ljavax/servlet/ServletRequest;Ljavax/servlet/ServletResponse;Ljavax/servlet/FilterChain;)V+21
j  org.apache.catalina.core.ApplicationFilterChain.internalDoFilter(Ljavax/servlet/ServletRequest;Ljavax/servlet/ServletResponse;)V+135
j  org.apache.catalina.core.ApplicationFilterChain.doFilter(Ljavax/servlet/ServletRequest;Ljavax/servlet/ServletResponse;)V+99
j  org.springframework.web.filter.RequestContextFilter.doFilterInternal(Ljavax/servlet/http/HttpServletRequest;Ljavax/servlet/http/HttpServletResponse;Ljavax/servlet/FilterChain;)V+21
j  org.springframework.web.filter.OncePerRequestFilter.doFilter(Ljavax/servlet/ServletRequest;Ljavax/servlet/ServletResponse;Ljavax/servlet/FilterChain;)V+147
j  org.apache.catalina.core.ApplicationFilterChain.internalDoFilter(Ljavax/servlet/ServletRequest;Ljavax/servlet/ServletResponse;)V+135
j  org.apache.catalina.core.ApplicationFilterChain.doFilter(Ljavax/servlet/ServletRequest;Ljavax/servlet/ServletResponse;)V+99
j  org.springframework.web.filter.FormContentFilter.doFilterInternal(Ljavax/servlet/http/HttpServletRequest;Ljavax/servlet/http/HttpServletResponse;Ljavax/servlet/FilterChain;)V+38
j  org.springframework.web.filter.OncePerRequestFilter.doFilter(Ljavax/servlet/ServletRequest;Ljavax/servlet/ServletResponse;Ljavax/servlet/FilterChain;)V+147
j  org.apache.catalina.core.ApplicationFilterChain.internalDoFilter(Ljavax/servlet/ServletRequest;Ljavax/servlet/ServletResponse;)V+135
j  org.apache.catalina.core.ApplicationFilterChain.doFilter(Ljavax/servlet/ServletRequest;Ljavax/servlet/ServletResponse;)V+99
j  org.springframework.web.filter.CharacterEncodingFilter.doFilterInternal(Ljavax/servlet/http/HttpServletRequest;Ljavax/servlet/http/HttpServletResponse;Ljavax/servlet/FilterChain;)V+53
j  org.springframework.web.filter.OncePerRequestFilter.doFilter(Ljavax/servlet/ServletRequest;Ljavax/servlet/ServletResponse;Ljavax/servlet/FilterChain;)V+147
j  org.apache.catalina.core.ApplicationFilterChain.internalDoFilter(Ljavax/servlet/ServletRequest;Ljavax/servlet/ServletResponse;)V+135
j  org.apache.catalina.core.ApplicationFilterChain.doFilter(Ljavax/servlet/ServletRequest;Ljavax/servlet/ServletResponse;)V+99
j  org.apache.catalina.core.StandardWrapperValve.invoke(Lorg/apache/catalina/connector/Request;Lorg/apache/catalina/connector/Response;)V+694
j  org.apache.catalina.core.StandardContextValve.invoke(Lorg/apache/catalina/connector/Request;Lorg/apache/catalina/connector/Response;)V+169
j  org.apache.catalina.authenticator.AuthenticatorBase.invoke(Lorg/apache/catalina/connector/Request;Lorg/apache/catalina/connector/Response;)V+260
j  org.apache.catalina.core.StandardHostValve.invoke(Lorg/apache/catalina/connector/Request;Lorg/apache/catalina/connector/Response;)V+128
j  org.apache.catalina.valves.ErrorReportValve.invoke(Lorg/apache/catalina/connector/Request;Lorg/apache/catalina/connector/Response;)V+6
j  org.apache.catalina.core.StandardEngineValve.invoke(Lorg/apache/catalina/connector/Request;Lorg/apache/catalina/connector/Response;)V+59
j  org.apache.catalina.connector.CoyoteAdapter.service(Lorg/apache/coyote/Request;Lorg/apache/coyote/Response;)V+199
j  org.apache.coyote.http11.Http11Processor.service(Lorg/apache/tomcat/util/net/SocketWrapperBase;)Lorg/apache/tomcat/util/net/AbstractEndpoint$Handler$SocketState;+737
j  org.apache.coyote.AbstractProcessorLight.process(Lorg/apache/tomcat/util/net/SocketWrapperBase;Lorg/apache/tomcat/util/net/SocketEvent;)Lorg/apache/tomcat/util/net/AbstractEndpoint$Handler$SocketState;+170
j  org.apache.coyote.AbstractProtocol$ConnectionHandler.process(Lorg/apache/tomcat/util/net/SocketWrapperBase;Lorg/apache/tomcat/util/net/SocketEvent;)Lorg/apache/tomcat/util/net/AbstractEndpoint$Handler$SocketState;+505
j  org.apache.tomcat.util.net.NioEndpoint$SocketProcessor.doRun()V+216
j  org.apache.tomcat.util.net.SocketProcessorBase.run()V+21
j  java.util.concurrent.ThreadPoolExecutor.runWorker(Ljava/util/concurrent/ThreadPoolExecutor$Worker;)V+95
j  java.util.concurrent.ThreadPoolExecutor$Worker.run()V+5
j  org.apache.tomcat.util.threads.TaskThread$WrappingRunnable.run()V+4
j  java.lang.Thread.run()V+11
v  ~StubRoutines::call_stub

---------------  P R O C E S S  ---------------

Java Threads: ( => current thread )
  0x000000001e7f1800 JavaThread "lettuce-eventExecutorLoop-1-8" daemon [_thread_blocked, id=11756, stack(0x0000000040b80000,0x0000000040c80000)]
  0x000000001e7ef000 JavaThread "lettuce-eventExecutorLoop-1-7" daemon [_thread_blocked, id=20308, stack(0x0000000040880000,0x0000000040980000)]
  0x000000001e7ee800 JavaThread "lettuce-eventExecutorLoop-1-6" daemon [_thread_blocked, id=20424, stack(0x0000000040780000,0x0000000040880000)]
  0x000000001e7ed800 JavaThread "lettuce-eventExecutorLoop-1-5" daemon [_thread_blocked, id=2736, stack(0x0000000040680000,0x0000000040780000)]
  0x000000001e7f0800 JavaThread "lettuce-eventExecutorLoop-1-4" daemon [_thread_blocked, id=13760, stack(0x0000000040580000,0x0000000040680000)]
  0x000000001e7f0000 JavaThread "lettuce-eventExecutorLoop-1-3" daemon [_thread_blocked, id=4356, stack(0x0000000040480000,0x0000000040580000)]
  0x0000000019df7000 JavaThread "Java2D Disposer" daemon [_thread_blocked, id=15532, stack(0x0000000040380000,0x0000000040480000)]
  0x0000000019df6800 JavaThread "idle_connection_reaper" daemon [_thread_blocked, id=19984, stack(0x0000000040080000,0x0000000040180000)]
  0x0000000019df4000 JavaThread "lettuce-eventExecutorLoop-1-2" daemon [_thread_blocked, id=14400, stack(0x000000003fd80000,0x000000003fe80000)]
  0x0000000019df3800 JavaThread "lettuce-eventExecutorLoop-1-1" daemon [_thread_blocked, id=12060, stack(0x0000000022cf0000,0x0000000022df0000)]
  0x0000000019df8800 JavaThread "lettuce-nioEventLoop-4-1" daemon [_thread_in_native, id=12600, stack(0x00000000215e0000,0x00000000216e0000)]
  0x0000000019df2800 JavaThread "RMI TCP Connection(idle)" daemon [_thread_blocked, id=11888, stack(0x00000000216e0000,0x00000000217e0000)]
  0x0000000019df8000 JavaThread "RMI TCP Connection(idle)" daemon [_thread_blocked, id=19016, stack(0x00000000214e0000,0x00000000215e0000)]
  0x0000000019df5800 JavaThread "DestroyJavaVM" [_thread_blocked, id=7944, stack(0x0000000002940000,0x0000000002a40000)]
  0x0000000019df5000 JavaThread "http-nio-8081-Acceptor" daemon [_thread_in_native, id=15912, stack(0x00000000213e0000,0x00000000214e0000)]
  0x0000000019deb000 JavaThread "http-nio-8081-ClientPoller" daemon [_thread_in_native, id=19924, stack(0x00000000212e0000,0x00000000213e0000)]
  0x0000000019df2000 JavaThread "http-nio-8081-exec-10" daemon [_thread_blocked, id=18804, stack(0x00000000211e0000,0x00000000212e0000)]
  0x0000000019dea800 JavaThread "http-nio-8081-exec-9" daemon [_thread_blocked, id=3996, stack(0x00000000210e0000,0x00000000211e0000)]
  0x0000000019df1000 JavaThread "http-nio-8081-exec-8" daemon [_thread_blocked, id=16496, stack(0x0000000020fe0000,0x00000000210e0000)]
  0x0000000019def800 JavaThread "http-nio-8081-exec-7" daemon [_thread_blocked, id=20316, stack(0x0000000020de0000,0x0000000020ee0000)]
  0x0000000019dee000 JavaThread "http-nio-8081-exec-6" daemon [_thread_in_native, id=17440, stack(0x0000000020ce0000,0x0000000020de0000)]
  0x0000000019de9800 JavaThread "http-nio-8081-exec-5" daemon [_thread_in_Java, id=20080, stack(0x0000000020be0000,0x0000000020ce0000)]
  0x0000000019def000 JavaThread "http-nio-8081-exec-4" daemon [_thread_blocked, id=10104, stack(0x0000000020ae0000,0x0000000020be0000)]
  0x0000000019dec800 JavaThread "http-nio-8081-exec-3" daemon [_thread_in_native, id=8216, stack(0x00000000209e0000,0x0000000020ae0000)]
  0x0000000019ded800 JavaThread "http-nio-8081-exec-2" daemon [_thread_in_native, id=13564, stack(0x00000000208e0000,0x00000000209e0000)]
=>0x0000000019df0800 JavaThread "http-nio-8081-exec-1" daemon [_thread_in_native, id=19668, stack(0x00000000207e0000,0x00000000208e0000)]
  0x0000000019dec000 JavaThread "http-nio-8081-BlockPoller" daemon [_thread_in_native, id=10292, stack(0x00000000206e0000,0x00000000207e0000)]
  0x000000001dfca800 JavaThread "DiscoveryClient-InstanceInfoReplicator-0" daemon [_thread_blocked, id=19680, stack(0x00000000203e0000,0x00000000204e0000)]
  0x000000001dfca000 JavaThread "DiscoveryClient-1" daemon [_thread_blocked, id=18716, stack(0x00000000202e0000,0x00000000203e0000)]
  0x000000001dfc7000 JavaThread "DiscoveryClient-0" daemon [_thread_blocked, id=16612, stack(0x00000000201e0000,0x00000000202e0000)]
  0x000000001dfc9000 JavaThread "AsyncResolver-bootstrap-0" daemon [_thread_blocked, id=17568, stack(0x000000001fee0000,0x000000001ffe0000)]
  0x000000001dfc7800 JavaThread "spring.cloud.inetutils" daemon [_thread_blocked, id=7396, stack(0x000000001fbe0000,0x000000001fce0000)]
  0x000000001dfcd000 JavaThread "lettuce-timer-3-1" daemon [_thread_blocked, id=18992, stack(0x000000001f4e0000,0x000000001f5e0000)]
  0x000000001dfcc000 JavaThread "container-0" [_thread_blocked, id=19372, stack(0x000000001f1e0000,0x000000001f2e0000)]
  0x000000001dfcb800 JavaThread "Catalina-utility-2" [_thread_blocked, id=12148, stack(0x000000001f0e0000,0x000000001f1e0000)]
  0x000000001dfc8800 JavaThread "Catalina-utility-1" [_thread_blocked, id=19348, stack(0x000000001cb10000,0x000000001cc10000)]
  0x000000001b938000 JavaThread "RMI TCP Connection(idle)" daemon [_thread_blocked, id=5972, stack(0x000000001ca10000,0x000000001cb10000)]
  0x000000001b921800 JavaThread "RMI Scheduler(0)" daemon [_thread_blocked, id=18408, stack(0x000000001c910000,0x000000001ca10000)]
  0x000000001b8ad000 JavaThread "RMI TCP Connection(idle)" daemon [_thread_blocked, id=13912, stack(0x000000001c810000,0x000000001c910000)]
  0x000000001a9f5000 JavaThread "RMI TCP Accept-0" daemon [_thread_in_native, id=19916, stack(0x000000001b390000,0x000000001b490000)]
  0x000000001a9e2800 JavaThread "RMI TCP Accept-64571" daemon [_thread_in_native, id=19884, stack(0x000000001b290000,0x000000001b390000)]
  0x000000001a9db000 JavaThread "RMI TCP Accept-0" daemon [_thread_in_native, id=6856, stack(0x000000001b190000,0x000000001b290000)]
  0x000000001a7aa800 JavaThread "Service Thread" daemon [_thread_blocked, id=19844, stack(0x000000001b090000,0x000000001b190000)]
  0x000000001a71a000 JavaThread "C1 CompilerThread3" daemon [_thread_blocked, id=4216, stack(0x000000001af90000,0x000000001b090000)]
  0x000000001a70f000 JavaThread "C2 CompilerThread2" daemon [_thread_blocked, id=15124, stack(0x000000001ae90000,0x000000001af90000)]
  0x000000001a70e800 JavaThread "C2 CompilerThread1" daemon [_thread_blocked, id=20144, stack(0x000000001ad90000,0x000000001ae90000)]
  0x000000001a709800 JavaThread "C2 CompilerThread0" daemon [_thread_blocked, id=2464, stack(0x000000001ac90000,0x000000001ad90000)]
  0x000000001a6fe800 JavaThread "Monitor Ctrl-Break" daemon [_thread_in_native, id=14096, stack(0x000000001ab90000,0x000000001ac90000)]
  0x0000000019bd0800 JavaThread "Attach Listener" daemon [_thread_blocked, id=9972, stack(0x000000001a290000,0x000000001a390000)]
  0x0000000019bcf800 JavaThread "Signal Dispatcher" daemon [_thread_blocked, id=19724, stack(0x000000001a190000,0x000000001a290000)]
  0x0000000019bb0800 JavaThread "Finalizer" daemon [_thread_blocked, id=18000, stack(0x000000001a090000,0x000000001a190000)]
  0x0000000017db0000 JavaThread "Reference Handler" daemon [_thread_blocked, id=480, stack(0x0000000019f90000,0x000000001a090000)]

Other Threads:
  0x0000000017da6800 VMThread [stack: 0x0000000019a90000,0x0000000019b90000] [id=20252]
  0x000000001a9f6000 WatcherThread [stack: 0x000000001b490000,0x000000001b590000] [id=13064]

VM state:not at safepoint (normal execution)

VM Mutex/Monitor currently owned by a thread: None

heap address: 0x0000000081200000, size: 2030 MB, Compressed Oops mode: 32-bit
Narrow klass base: 0x0000000000000000, Narrow klass shift: 3
Compressed class space size: 1073741824 Address: 0x0000000100000000

Heap:
 PSYoungGen      total 367104K, used 56759K [0x00000000d5b80000, 0x00000000f0100000, 0x0000000100000000)
  eden space 349696K, 11% used [0x00000000d5b80000,0x00000000d81f4610,0x00000000eb100000)
  from space 17408K, 99% used [0x00000000ecc00000,0x00000000edcf98e0,0x00000000edd00000)
  to   space 27648K, 0% used [0x00000000eb100000,0x00000000eb100000,0x00000000ecc00000)
 ParOldGen       total 108032K, used 54939K [0x0000000081200000, 0x0000000087b80000, 0x00000000d5b80000)
  object space 108032K, 50% used [0x0000000081200000,0x00000000847a6c40,0x0000000087b80000)
 Metaspace       used 55728K, capacity 59422K, committed 59480K, reserved 1099776K
  class space    used 7620K, capacity 8270K, committed 8320K, reserved 1048576K

Card table byte_map: [0x00000000121a0000,0x00000000125a0000] byte_map_base: 0x0000000011d97000

Marking Bits: (ParMarkBitMap*) 0x0000000060af4ce0
 Begin Bits: [0x0000000013050000, 0x0000000015008000)
 End Bits:   [0x0000000015008000, 0x0000000016fc0000)

Polling page: 0x0000000000c80000

CodeCache: size=245760Kb used=9758Kb max_used=9758Kb free=236001Kb
 bounds [0x0000000002de0000, 0x0000000003770000, 0x0000000011de0000]
 total_blobs=5661 nmethods=5062 adapters=511
 compilation: enabled

Compilation events (10 events):
Event: 35.722 Thread 0x000000001a71a000 5169       1       java.nio.Buffer::mark (10 bytes)
Event: 35.722 Thread 0x000000001a71a000 nmethod 5169 0x00000000037523d0 code [0x0000000003752520, 0x0000000003752630]
Event: 35.722 Thread 0x000000001a71a000 5170       1       java.nio.Buffer::reset (24 bytes)
Event: 35.722 Thread 0x000000001a71a000 nmethod 5170 0x0000000003752690 code [0x0000000003752800, 0x0000000003752988]
Event: 35.724 Thread 0x000000001a71a000 5171       1       org.springframework.web.method.annotation.AbstractNamedValueMethodArgumentResolver$NamedValueInfo::access$000 (5 bytes)
Event: 35.724 Thread 0x000000001a71a000 nmethod 5171 0x0000000003752a50 code [0x0000000003752ba0, 0x0000000003752c90]
Event: 35.724 Thread 0x000000001a71a000 5172       1       org.springframework.core.convert.support.GenericConversionService::convert (139 bytes)
Event: 35.726 Thread 0x000000001a71a000 nmethod 5172 0x0000000003752d10 code [0x0000000003753000, 0x0000000003753bc8]
Event: 35.726 Thread 0x000000001a71a000 5173   !   1       org.springframework.core.convert.support.ConversionUtils::invokeConverter (30 bytes)
Event: 35.726 Thread 0x000000001a71a000 nmethod 5173 0x0000000003754990 code [0x0000000003754b00, 0x0000000003754cf8]

GC Heap History (10 events):
Event: 3.602 GC heap before
{Heap before GC invocations=11 (full 2):
 PSYoungGen      total 203776K, used 7177K [0x00000000d5b80000, 0x00000000e8c00000, 0x0000000100000000)
  eden space 190464K, 0% used [0x00000000d5b80000,0x00000000d5b80000,0x00000000e1580000)
  from space 13312K, 53% used [0x00000000e1580000,0x00000000e1c825c0,0x00000000e2280000)
  to   space 12800K, 0% used [0x00000000e7f80000,0x00000000e7f80000,0x00000000e8c00000)
 ParOldGen       total 55296K, used 12959K [0x0000000081200000, 0x0000000084800000, 0x00000000d5b80000)
  object space 55296K, 23% used [0x0000000081200000,0x0000000081ea7c60,0x0000000084800000)
 Metaspace       used 33274K, capacity 35332K, committed 35416K, reserved 1079296K
  class space    used 4575K, capacity 4958K, committed 4992K, reserved 1048576K
Event: 3.643 GC heap after
Heap after GC invocations=11 (full 2):
 PSYoungGen      total 203776K, used 0K [0x00000000d5b80000, 0x00000000e8c00000, 0x0000000100000000)
  eden space 190464K, 0% used [0x00000000d5b80000,0x00000000d5b80000,0x00000000e1580000)
  from space 13312K, 0% used [0x00000000e1580000,0x00000000e1580000,0x00000000e2280000)
  to   space 12800K, 0% used [0x00000000e7f80000,0x00000000e7f80000,0x00000000e8c00000)
 ParOldGen       total 73728K, used 14090K [0x0000000081200000, 0x0000000085a00000, 0x00000000d5b80000)
  object space 73728K, 19% used [0x0000000081200000,0x0000000081fc2b60,0x0000000085a00000)
 Metaspace       used 33274K, capacity 35332K, committed 35416K, reserved 1079296K
  class space    used 4575K, capacity 4958K, committed 4992K, reserved 1048576K
}
Event: 5.760 GC heap before
{Heap before GC invocations=12 (full 2):
 PSYoungGen      total 203776K, used 190464K [0x00000000d5b80000, 0x00000000e8c00000, 0x0000000100000000)
  eden space 190464K, 100% used [0x00000000d5b80000,0x00000000e1580000,0x00000000e1580000)
  from space 13312K, 0% used [0x00000000e1580000,0x00000000e1580000,0x00000000e2280000)
  to   space 12800K, 0% used [0x00000000e7f80000,0x00000000e7f80000,0x00000000e8c00000)
 ParOldGen       total 73728K, used 14090K [0x0000000081200000, 0x0000000085a00000, 0x00000000d5b80000)
  object space 73728K, 19% used [0x0000000081200000,0x0000000081fc2b60,0x0000000085a00000)
 Metaspace       used 44476K, capacity 47346K, committed 47704K, reserved 1089536K
  class space    used 6118K, capacity 6668K, committed 6784K, reserved 1048576K
Event: 5.771 GC heap after
Heap after GC invocations=12 (full 2):
 PSYoungGen      total 278528K, used 12768K [0x00000000d5b80000, 0x00000000e8c00000, 0x0000000100000000)
  eden space 265728K, 0% used [0x00000000d5b80000,0x00000000d5b80000,0x00000000e5f00000)
  from space 12800K, 99% used [0x00000000e7f80000,0x00000000e8bf8240,0x00000000e8c00000)
  to   space 15872K, 0% used [0x00000000e6d00000,0x00000000e6d00000,0x00000000e7c80000)
 ParOldGen       total 73728K, used 18725K [0x0000000081200000, 0x0000000085a00000, 0x00000000d5b80000)
  object space 73728K, 25% used [0x0000000081200000,0x0000000082449648,0x0000000085a00000)
 Metaspace       used 44476K, capacity 47346K, committed 47704K, reserved 1089536K
  class space    used 6118K, capacity 6668K, committed 6784K, reserved 1048576K
}
Event: 18.366 GC heap before
{Heap before GC invocations=13 (full 2):
 PSYoungGen      total 278528K, used 164734K [0x00000000d5b80000, 0x00000000e8c00000, 0x0000000100000000)
  eden space 265728K, 57% used [0x00000000d5b80000,0x00000000defe77f8,0x00000000e5f00000)
  from space 12800K, 99% used [0x00000000e7f80000,0x00000000e8bf8240,0x00000000e8c00000)
  to   space 15872K, 0% used [0x00000000e6d00000,0x00000000e6d00000,0x00000000e7c80000)
 ParOldGen       total 73728K, used 18725K [0x0000000081200000, 0x0000000085a00000, 0x00000000d5b80000)
  object space 73728K, 25% used [0x0000000081200000,0x0000000082449648,0x0000000085a00000)
 Metaspace       used 55140K, capacity 58792K, committed 58968K, reserved 1099776K
  class space    used 7526K, capacity 8193K, committed 8320K, reserved 1048576K
Event: 18.380 GC heap after
Heap after GC invocations=13 (full 2):
 PSYoungGen      total 295936K, used 15235K [0x00000000d5b80000, 0x00000000edd00000, 0x0000000100000000)
  eden space 280064K, 0% used [0x00000000d5b80000,0x00000000d5b80000,0x00000000e6d00000)
  from space 15872K, 95% used [0x00000000e6d00000,0x00000000e7be0e98,0x00000000e7c80000)
  to   space 17408K, 0% used [0x00000000ecc00000,0x00000000ecc00000,0x00000000edd00000)
 ParOldGen       total 73728K, used 26861K [0x0000000081200000, 0x0000000085a00000, 0x00000000d5b80000)
  object space 73728K, 36% used [0x0000000081200000,0x0000000082c3b708,0x0000000085a00000)
 Metaspace       used 55140K, capacity 58792K, committed 58968K, reserved 1099776K
  class space    used 7526K, capacity 8193K, committed 8320K, reserved 1048576K
}
Event: 18.380 GC heap before
{Heap before GC invocations=14 (full 3):
 PSYoungGen      total 295936K, used 15235K [0x00000000d5b80000, 0x00000000edd00000, 0x0000000100000000)
  eden space 280064K, 0% used [0x00000000d5b80000,0x00000000d5b80000,0x00000000e6d00000)
  from space 15872K, 95% used [0x00000000e6d00000,0x00000000e7be0e98,0x00000000e7c80000)
  to   space 17408K, 0% used [0x00000000ecc00000,0x00000000ecc00000,0x00000000edd00000)
 ParOldGen       total 73728K, used 26861K [0x0000000081200000, 0x0000000085a00000, 0x00000000d5b80000)
  object space 73728K, 36% used [0x0000000081200000,0x0000000082c3b708,0x0000000085a00000)
 Metaspace       used 55140K, capacity 58792K, committed 58968K, reserved 1099776K
  class space    used 7526K, capacity 8193K, committed 8320K, reserved 1048576K
Event: 18.504 GC heap after
Heap after GC invocations=14 (full 3):
 PSYoungGen      total 295936K, used 0K [0x00000000d5b80000, 0x00000000edd00000, 0x0000000100000000)
  eden space 280064K, 0% used [0x00000000d5b80000,0x00000000d5b80000,0x00000000e6d00000)
  from space 15872K, 0% used [0x00000000e6d00000,0x00000000e6d00000,0x00000000e7c80000)
  to   space 17408K, 0% used [0x00000000ecc00000,0x00000000ecc00000,0x00000000edd00000)
 ParOldGen       total 108032K, used 33303K [0x0000000081200000, 0x0000000087b80000, 0x00000000d5b80000)
  object space 108032K, 30% used [0x0000000081200000,0x0000000083285da8,0x0000000087b80000)
 Metaspace       used 55140K, capacity 58792K, committed 58968K, reserved 1099776K
  class space    used 7526K, capacity 8193K, committed 8320K, reserved 1048576K
}
Event: 35.443 GC heap before
{Heap before GC invocations=15 (full 3):
 PSYoungGen      total 295936K, used 280064K [0x00000000d5b80000, 0x00000000edd00000, 0x0000000100000000)
  eden space 280064K, 100% used [0x00000000d5b80000,0x00000000e6d00000,0x00000000e6d00000)
  from space 15872K, 0% used [0x00000000e6d00000,0x00000000e6d00000,0x00000000e7c80000)
  to   space 17408K, 0% used [0x00000000ecc00000,0x00000000ecc00000,0x00000000edd00000)
 ParOldGen       total 108032K, used 33303K [0x0000000081200000, 0x0000000087b80000, 0x00000000d5b80000)
  object space 108032K, 30% used [0x0000000081200000,0x0000000083285da8,0x0000000087b80000)
 Metaspace       used 55554K, capacity 59248K, committed 59480K, reserved 1099776K
  class space    used 7587K, capacity 8235K, committed 8320K, reserved 1048576K
Event: 35.456 GC heap after
Heap after GC invocations=15 (full 3):
 PSYoungGen      total 367104K, used 17382K [0x00000000d5b80000, 0x00000000f0100000, 0x0000000100000000)
  eden space 349696K, 0% used [0x00000000d5b80000,0x00000000d5b80000,0x00000000eb100000)
  from space 17408K, 99% used [0x00000000ecc00000,0x00000000edcf98e0,0x00000000edd00000)
  to   space 27648K, 0% used [0x00000000eb100000,0x00000000eb100000,0x00000000ecc00000)
 ParOldGen       total 108032K, used 54939K [0x0000000081200000, 0x0000000087b80000, 0x00000000d5b80000)
  object space 108032K, 50% used [0x0000000081200000,0x00000000847a6c40,0x0000000087b80000)
 Metaspace       used 55554K, capacity 59248K, committed 59480K, reserved 1099776K
  class space    used 7587K, capacity 8235K, committed 8320K, reserved 1048576K
}

Deoptimization events (0 events):
No events

Classes redefined (0 events):
No events

Internal exceptions (10 events):
Event: 33.111 Thread 0x0000000019df1000 Exception <a 'java/lang/ArrayIndexOutOfBoundsException'> (0x00000000e246efa0) thrown at [C:\re\workspace\8-2-build-windows-amd64-cygwin\jdk8u201\12322\hotspot\src\share\vm\runtime\sharedRuntime.cpp, line 605]
Event: 33.278 Thread 0x0000000019df1000 Exception <a 'java/lang/NoSuchMethodError': java.lang.Object.lambda$invoke$0()Ljava/lang/Object;> (0x00000000e28a6be0) thrown at [C:\re\workspace\8-2-build-windows-amd64-cygwin\jdk8u201\12322\hotspot\src\share\vm\interpreter\linkResolver.cpp, line 620]
Event: 33.286 Thread 0x0000000019df1000 Exception <a 'java/lang/ArrayIndexOutOfBoundsException'> (0x00000000e29929b8) thrown at [C:\re\workspace\8-2-build-windows-amd64-cygwin\jdk8u201\12322\hotspot\src\share\vm\runtime\sharedRuntime.cpp, line 605]
Event: 33.287 Thread 0x0000000019df1000 Exception <a 'java/lang/ArrayIndexOutOfBoundsException'> (0x00000000e2994730) thrown at [C:\re\workspace\8-2-build-windows-amd64-cygwin\jdk8u201\12322\hotspot\src\share\vm\runtime\sharedRuntime.cpp, line 605]
Event: 33.287 Thread 0x0000000019df1000 Exception <a 'java/lang/ArrayIndexOutOfBoundsException'> (0x00000000e2995b78) thrown at [C:\re\workspace\8-2-build-windows-amd64-cygwin\jdk8u201\12322\hotspot\src\share\vm\runtime\sharedRuntime.cpp, line 605]
Event: 33.287 Thread 0x0000000019df1000 Exception <a 'java/lang/ArrayIndexOutOfBoundsException'> (0x00000000e299b928) thrown at [C:\re\workspace\8-2-build-windows-amd64-cygwin\jdk8u201\12322\hotspot\src\share\vm\runtime\sharedRuntime.cpp, line 605]
Event: 35.019 Thread 0x0000000019dec800 Exception <a 'java/io/IOException'> (0x00000000e4c9f760) thrown at [C:\re\workspace\8-2-build-windows-amd64-cygwin\jdk8u201\12322\hotspot\src\share\vm\prims\jni.cpp, line 709]
Event: 35.584 Thread 0x0000000019def000 Exception <a 'java/io/IOException'> (0x00000000d5d87560) thrown at [C:\re\workspace\8-2-build-windows-amd64-cygwin\jdk8u201\12322\hotspot\src\share\vm\prims\jni.cpp, line 709]
Event: 35.588 Thread 0x0000000019df1000 Exception <a 'java/io/IOException'> (0x00000000d61ddcf8) thrown at [C:\re\workspace\8-2-build-windows-amd64-cygwin\jdk8u201\12322\hotspot\src\share\vm\prims\jni.cpp, line 709]
Event: 35.711 Thread 0x0000000019df2000 Exception <a 'java/lang/reflect/InvocationTargetException'> (0x00000000d6d2a2e0) thrown at [C:\re\workspace\8-2-build-windows-amd64-cygwin\jdk8u201\12322\hotspot\src\share\vm\runtime\reflection.cpp, line 1092]

Events (10 events):
Event: 35.723 loading class ch/qos/logback/classic/spi/ThrowableProxy
Event: 35.723 loading class ch/qos/logback/classic/spi/ThrowableProxy done
Event: 35.724 loading class ch/qos/logback/classic/spi/IThrowableProxy
Event: 35.724 loading class ch/qos/logback/classic/spi/IThrowableProxy done
Event: 35.725 loading class ch/qos/logback/classic/spi/ThrowableProxyUtil
Event: 35.725 loading class ch/qos/logback/classic/spi/ThrowableProxyUtil done
Event: 35.726 loading class ch/qos/logback/classic/spi/StackTraceElementProxy
Event: 35.726 loading class ch/qos/logback/classic/spi/StackTraceElementProxy done
Event: 35.726 loading class ch/qos/logback/classic/spi/PackagingDataCalculator
Event: 35.726 loading class ch/qos/logback/classic/spi/PackagingDataCalculator done


Dynamic libraries:
0x00007ff6b01c0000 - 0x00007ff6b01f7000 	C:\Program Files\Java\jdk1.8.0_201\bin\java.exe
0x00007ffc111b0000 - 0x00007ffc113a5000 	C:\WINDOWS\SYSTEM32\ntdll.dll
0x00007ffc110a0000 - 0x00007ffc1115e000 	C:\WINDOWS\System32\KERNEL32.DLL
0x00007ffc0eae0000 - 0x00007ffc0eda9000 	C:\WINDOWS\System32\KERNELBASE.dll
0x00007ffc10270000 - 0x00007ffc1031c000 	C:\WINDOWS\System32\ADVAPI32.dll
0x00007ffc0f5a0000 - 0x00007ffc0f63e000 	C:\WINDOWS\System32\msvcrt.dll
0x00007ffc0f980000 - 0x00007ffc0fa1b000 	C:\WINDOWS\System32\sechost.dll
0x00007ffc0fea0000 - 0x00007ffc0ffca000 	C:\WINDOWS\System32\RPCRT4.dll
0x00007ffc0ffe0000 - 0x00007ffc10181000 	C:\WINDOWS\System32\USER32.dll
0x00007ffc0eab0000 - 0x00007ffc0ead2000 	C:\WINDOWS\System32\win32u.dll
0x00007ffc0f200000 - 0x00007ffc0f22b000 	C:\WINDOWS\System32\GDI32.dll
0x00007ffc0ee00000 - 0x00007ffc0ef0b000 	C:\WINDOWS\System32\gdi32full.dll
0x00007ffc0e8d0000 - 0x00007ffc0e96d000 	C:\WINDOWS\System32\msvcp_win.dll
0x00007ffc0ef70000 - 0x00007ffc0f070000 	C:\WINDOWS\System32\ucrtbase.dll
0x00007ffc000a0000 - 0x00007ffc0033a000 	C:\WINDOWS\WinSxS\amd64_microsoft.windows.common-controls_6595b64144ccf1df_6.0.19041.1110_none_60b5254171f9507e\COMCTL32.dll
0x00007ffc0f460000 - 0x00007ffc0f490000 	C:\WINDOWS\System32\IMM32.DLL
0x00000000619b0000 - 0x0000000061a81000 	C:\Program Files\Java\jdk1.8.0_201\jre\bin\msvcr100.dll
0x00000000602d0000 - 0x0000000060b74000 	C:\Program Files\Java\jdk1.8.0_201\jre\bin\server\jvm.dll
0x00007ffc11160000 - 0x00007ffc11168000 	C:\WINDOWS\System32\PSAPI.DLL
0x00007ffc08230000 - 0x00007ffc08239000 	C:\WINDOWS\SYSTEM32\WSOCK32.dll
0x00007ffc05240000 - 0x00007ffc0524a000 	C:\WINDOWS\SYSTEM32\VERSION.dll
0x00007ffc01840000 - 0x00007ffc01867000 	C:\WINDOWS\SYSTEM32\WINMM.dll
0x00007ffc0f870000 - 0x00007ffc0f8db000 	C:\WINDOWS\System32\WS2_32.dll
0x00007ffc05e40000 - 0x00007ffc05e4f000 	C:\Program Files\Java\jdk1.8.0_201\jre\bin\verify.dll
0x00007ffbf2530000 - 0x00007ffbf2559000 	C:\Program Files\Java\jdk1.8.0_201\jre\bin\java.dll
0x00007ffbee900000 - 0x00007ffbee923000 	C:\Program Files\Java\jdk1.8.0_201\jre\bin\instrument.dll
0x00007ffbf2500000 - 0x00007ffbf2516000 	C:\Program Files\Java\jdk1.8.0_201\jre\bin\zip.dll
0x00007ffc104d0000 - 0x00007ffc10c0f000 	C:\WINDOWS\System32\SHELL32.dll
0x00007ffc0c610000 - 0x00007ffc0cda0000 	C:\WINDOWS\SYSTEM32\windows.storage.dll
0x00007ffc10c70000 - 0x00007ffc10fc5000 	C:\WINDOWS\System32\combase.dll
0x00007ffc0e320000 - 0x00007ffc0e34c000 	C:\WINDOWS\SYSTEM32\Wldp.dll
0x00007ffc0f4f0000 - 0x00007ffc0f59d000 	C:\WINDOWS\System32\SHCORE.dll
0x00007ffc10c10000 - 0x00007ffc10c65000 	C:\WINDOWS\System32\shlwapi.dll
0x00007ffc0e810000 - 0x00007ffc0e82f000 	C:\WINDOWS\SYSTEM32\profapi.dll
0x00007ffbee590000 - 0x00007ffbee5aa000 	F:\subject\IDEA 2018_sssam.com\IntelliJ IDEA 2018.2.4\bin\breakgen64.dll
0x00007ffbf1100000 - 0x00007ffbf111a000 	C:\Program Files\Java\jdk1.8.0_201\jre\bin\net.dll
0x00007ffbfc9a0000 - 0x00007ffbfcb8b000 	C:\WINDOWS\SYSTEM32\urlmon.dll
0x00007ffbfcf00000 - 0x00007ffbfd1b0000 	C:\WINDOWS\SYSTEM32\iertutil.dll
0x00007ffc0dd60000 - 0x00007ffc0dd6c000 	C:\WINDOWS\SYSTEM32\netutils.dll
0x00007ffbfc970000 - 0x00007ffbfc998000 	C:\WINDOWS\SYSTEM32\srvcli.dll
0x00007ffc0e080000 - 0x00007ffc0e0ea000 	C:\WINDOWS\system32\mswsock.dll
0x00007ffc05ca0000 - 0x00007ffc05cad000 	C:\Program Files\Java\jdk1.8.0_201\jre\bin\management.dll
0x00007ffbeedc0000 - 0x00007ffbeedd1000 	C:\Program Files\Java\jdk1.8.0_201\jre\bin\nio.dll
0x00007ffbf1ce0000 - 0x00007ffbf1cf7000 	C:\WINDOWS\system32\napinsp.dll
0x00007ffbf1cc0000 - 0x00007ffbf1cdb000 	C:\WINDOWS\system32\pnrpnsp.dll
0x00007ffc08c40000 - 0x00007ffc08c55000 	C:\WINDOWS\system32\wshbth.dll
0x00007ffc09620000 - 0x00007ffc0963d000 	C:\WINDOWS\system32\NLAapi.dll
0x00007ffc0dd20000 - 0x00007ffc0dd5b000 	C:\WINDOWS\SYSTEM32\IPHLPAPI.DLL
0x00007ffc0dd70000 - 0x00007ffc0de3c000 	C:\WINDOWS\SYSTEM32\DNSAPI.dll
0x00007ffc0f970000 - 0x00007ffc0f978000 	C:\WINDOWS\System32\NSI.dll
0x00007ffbf1990000 - 0x00007ffbf19a2000 	C:\WINDOWS\System32\winrnr.dll
0x00007ffc05a00000 - 0x00007ffc05a0a000 	C:\Windows\System32\rasadhlp.dll
0x00007ffbfd8a0000 - 0x00007ffbfd91f000 	C:\WINDOWS\System32\fwpuclnt.dll
0x00007ffc0f070000 - 0x00007ffc0f097000 	C:\WINDOWS\System32\bcrypt.dll
0x00007ffc0e270000 - 0x00007ffc0e288000 	C:\WINDOWS\SYSTEM32\CRYPTSP.dll
0x00007ffc0d990000 - 0x00007ffc0d9c4000 	C:\WINDOWS\system32\rsaenh.dll
0x00007ffc0e7d0000 - 0x00007ffc0e7fe000 	C:\WINDOWS\SYSTEM32\USERENV.dll
0x00007ffc0e970000 - 0x00007ffc0e9f3000 	C:\WINDOWS\System32\bcryptprimitives.dll
0x00007ffc0e290000 - 0x00007ffc0e29c000 	C:\WINDOWS\SYSTEM32\CRYPTBASE.dll
0x00007ffc03c60000 - 0x00007ffc03c77000 	C:\WINDOWS\SYSTEM32\dhcpcsvc6.DLL
0x00007ffc04fd0000 - 0x00007ffc04fed000 	C:\WINDOWS\SYSTEM32\dhcpcsvc.DLL
0x00007ffbee560000 - 0x00007ffbee584000 	C:\Program Files\Java\jdk1.8.0_201\jre\bin\sunec.dll
0x00007ffbb8cc0000 - 0x00007ffbbbafd000 	C:\Users\lenovo\Desktop\人脸识别\Face-recognition-main\ArcSoft_ArcFace_Java_Windows_x64_V3.0\libs\WIN64\libarcsoft_face.dll
0x00007ffbf4f00000 - 0x00007ffbf4fa6000 	C:\WINDOWS\SYSTEM32\MSVCP120.dll
0x00007ffbf4650000 - 0x00007ffbf473f000 	C:\WINDOWS\SYSTEM32\MSVCR120.dll
0x00007ffbe47a0000 - 0x00007ffbe481f000 	C:\Users\lenovo\Desktop\人脸识别\Face-recognition-main\ArcSoft_ArcFace_Java_Windows_x64_V3.0\libs\WIN64\libarcsoft_face_engine.dll
0x00007ffc0f810000 - 0x00007ffc0f866000 	C:\WINDOWS\System32\WLDAP32.dll
0x00007ffbea210000 - 0x00007ffbea235000 	C:\Users\lenovo\Desktop\人脸识别\Face-recognition-main\ArcSoft_ArcFace_Java_Windows_x64_V3.0\libs\WIN64\libarcsoft_face_engine_jni.dll
0x00007ffbc8130000 - 0x00007ffbc82c9000 	C:\Program Files\Java\jdk1.8.0_201\jre\bin\awt.dll
0x00007ffc10fd0000 - 0x00007ffc1109d000 	C:\WINDOWS\System32\OLEAUT32.dll
0x00007ffc0af30000 - 0x00007ffc0afc0000 	C:\WINDOWS\SYSTEM32\apphelp.dll
0x00007ffbe4b20000 - 0x00007ffbe4b51000 	C:\Program Files\Java\jdk1.8.0_201\jre\bin\jpeg.dll
0x00007ffbe4760000 - 0x00007ffbe479e000 	C:\Program Files\Java\jdk1.8.0_201\jre\bin\lcms.dll
0x00007ffc0ce70000 - 0x00007ffc0d054000 	C:\WINDOWS\SYSTEM32\dbghelp.dll

VM Arguments:
jvm_args: -XX:CompileCommand=exclude,org/hibernate/cfg/annotations/SimpleValueBinder.setType -XX:TieredStopAtLevel=1 -Xverify:none -Dspring.output.ansi.enabled=always -Dcom.sun.management.jmxremote -Dcom.sun.management.jmxremote.port=64571 -Dcom.sun.management.jmxremote.authenticate=false -Dcom.sun.management.jmxremote.ssl=false -Djava.rmi.server.hostname=localhost -Dspring.liveBeansView.mbeanDomain -Dspring.application.admin.enabled=true -javaagent:F:\subject\IDEA 2018_sssam.com\IntelliJ IDEA 2018.2.4\lib\idea_rt.jar=64572:F:\subject\IDEA 2018_sssam.com\IntelliJ IDEA 2018.2.4\bin -Dfile.encoding=UTF-8 
java_command: com.tangcheng.face_corn.FaceCornApplication
java_class_path (initial): C:\Program Files\Java\jdk1.8.0_201\jre\lib\charsets.jar;C:\Program Files\Java\jdk1.8.0_201\jre\lib\deploy.jar;C:\Program Files\Java\jdk1.8.0_201\jre\lib\ext\access-bridge-64.jar;C:\Program Files\Java\jdk1.8.0_201\jre\lib\ext\cldrdata.jar;C:\Program Files\Java\jdk1.8.0_201\jre\lib\ext\dnsns.jar;C:\Program Files\Java\jdk1.8.0_201\jre\lib\ext\jaccess.jar;C:\Program Files\Java\jdk1.8.0_201\jre\lib\ext\jfxrt.jar;C:\Program Files\Java\jdk1.8.0_201\jre\lib\ext\localedata.jar;C:\Program Files\Java\jdk1.8.0_201\jre\lib\ext\nashorn.jar;C:\Program Files\Java\jdk1.8.0_201\jre\lib\ext\sunec.jar;C:\Program Files\Java\jdk1.8.0_201\jre\lib\ext\sunjce_provider.jar;C:\Program Files\Java\jdk1.8.0_201\jre\lib\ext\sunmscapi.jar;C:\Program Files\Java\jdk1.8.0_201\jre\lib\ext\sunpkcs11.jar;C:\Program Files\Java\jdk1.8.0_201\jre\lib\ext\zipfs.jar;C:\Program Files\Java\jdk1.8.0_201\jre\lib\javaws.jar;C:\Program Files\Java\jdk1.8.0_201\jre\lib\jce.jar;C:\Program Files\Java\jdk1.8.0_201\jre\lib\jfr.jar;C:\Program Files\Java\jdk1.8.0_201\jre\lib\jfxswt.jar;C:\Program Files\Java\jdk1.8.0_201\jre\lib\jsse.jar;C:\Program Files\Java\jdk1.8.0_201\jre\lib\management-agent.jar;C:\Program Files\Java\jdk1.8.0_201\jre\lib\plugin.jar;C:\Program Files\Java\jdk1.8.0_201\jre\lib\resources.jar;C:\Program Files\Java\jdk1.8.0_201\jre\lib\rt.jar;C:\Users\lenovo\Desktop\人脸识别\Face-recognition-main\facesystem\face_corn\target\classes;C:\Users\lenovo\Desktop\人脸识别\Face-recognition-main\facesystem\common\target\classes;F:\subject\JavaWeb\maven-l\com\auth0\java-jwt\3.4.0\java-jwt-3.4.0.jar;F:\subject\JavaWeb\maven-l\commons-codec\commons-codec\1.15\commons-codec-1.15.jar;F:\subject\JavaWeb\maven-l\com\aliyun\oss\aliyun-sdk-oss\3.12.0\aliyun-sdk-oss-3.12.0.jar;F:\subject\JavaWeb\maven-l\org\apache\httpcomponents\httpclient\4.5.13\httpclient-4.5.13.jar;F:\subject\JavaWeb\maven-l\org\apache\httpcomponents\httpcore\4.4.14\httpcore-4.4.14.jar;F:\subject\JavaWeb\maven-l\org\jdom\jdom2\2.
Launcher Type: SUN_STANDARD

Environment Variables:
JAVA_HOME=C:\Program Files\Java\jdk1.8.0_201
CLASSPATH=.;C:\Program Files\Java\jdk1.8.0_201\lib\dt.jar,C:\Program Files\Java\jdk1.8.0_201\lib\tools.jar;F:\subject\JavaWeb\apache-tomcat-8.5.45\lib\servlet-api.jar
PATH=C:\Program Files (x86)\Common Files\Oracle\Java\javapath;C:\WINDOWS\system32;C:\WINDOWS;C:\WINDOWS\System32\Wbem;C:\WINDOWS\System32\WindowsPowerShell\v1.0\;C:\WINDOWS\System32\OpenSSH\;F:\subject\JavaWeb\apache-tomcat-8.5.45\bin;F:\subject\JavaWeb\apache-tomcat-8.5.45\lib;C:\Program Files\NVIDIA Corporation\NVIDIA NvDLISR;F:\subject\JavaWeb\apache-maven-3.3.9\bin;F:\subject\JavaWeb\Gradle\gradle-6.9.1\bin;F:\subject\JavaWeb\nodejs;C:\Program Files\Java\jdk1.8.0_201\bin;C:\Program Files\MySQL\MySQL Server 8.0\bin;F:\subject\JavaWeb\env\MongoDB\bin;C:\Users\lenovo\AppData\Local\Microsoft\WindowsApps;F:\subject\PyCharm\PyCharm Community Edition 2020.3.3\bin;;F:\subject\JavaWeb\Microsoft VS Code\bin;F:\subject\JavaWeb\nodejs\node_global;
USERNAME=lenovo
OS=Windows_NT
PROCESSOR_IDENTIFIER=Intel64 Family 6 Model 158 Stepping 10, GenuineIntel



---------------  S Y S T E M  ---------------

OS: Windows 10.0 , 64 bit Build 19041 (10.0.19041.1202)

CPU:total 8 (initial active 8) (4 cores per cpu, 2 threads per core) family 6 model 158 stepping 10, cmov, cx8, fxsr, mmx, sse, sse2, sse3, ssse3, sse4.1, sse4.2, popcnt, avx, avx2, aes, clmul, erms, 3dnowpref, lzcnt, ht, tsc, tscinvbit, bmi1, bmi2, adx

Memory: 4k page, physical 8306932k(682476k free), swap 18792692k(4185768k free)

vm_info: Java HotSpot(TM) 64-Bit Server VM (25.201-b09) for windows-amd64 JRE (1.8.0_201-b09), built on Dec 15 2018 18:36:39 by "java_re" with MS VC++ 10.0 (VS2010)

time: Fri Oct 29 20:35:59 2021
timezone: 中国标准时间
elapsed time: 35 seconds (0d 0h 0m 35s)

