#
# A fatal error has been detected by the Java Runtime Environment:
#
#  EXCEPTION_ACCESS_VIOLATION (0xc0000005) at pc=0x00007ffa9aaeefd8, pid=15184, tid=0x0000000000002744
#
# JRE version: Java(TM) SE Runtime Environment (8.0_201-b09) (build 1.8.0_201-b09)
# Java VM: Java HotSpot(TM) 64-Bit Server VM (25.201-b09 mixed mode windows-amd64 compressed oops)
# Problematic frame:
# C  [libarcsoft_face.dll+0xefd8]
#
# Failed to write core dump. Minidumps are not enabled by default on client versions of Windows
#
# If you would like to submit a bug report, please visit:
#   http://bugreport.java.com/bugreport/crash.jsp
# The crash happened outside the Java Virtual Machine in native code.
# See problematic frame for where to report the bug.
#

---------------  T H R E A D  ---------------

Current thread (0x000000001f803000):  JavaThread "http-nio-8081-exec-7" daemon [_thread_in_native, id=10052, stack(0x0000000022410000,0x0000000022610000)]

siginfo: ExceptionCode=0xc0000005, reading address 0xffffffffffffffff

Registers:
RAX=0x42f0000042f00000, RBX=0x0000000027e2bd70, RCX=0x0000000027e2be20, RDX=0x0000000027e37e70
RSP=0x000000002260ca70, RBP=0x0000000000000001, RSI=0x0000000027e2bd70, RDI=0x0000000000000000
R8 =0x0000000027e2be20, R9 =0x0000000000000000, R10=0x0000000000000001, R11=0x0000000000000001
R12=0x0000000000000000, R13=0x0000000000000000, R14=0x0000000027e2bd80, R15=0x0000000025135040
RIP=0x00007ffa9aaeefd8, EFLAGS=0x0000000000010202

Top of Stack: (sp=0x000000002260ca70)
0x000000002260ca70:   0000000027e2be60 00000000000000f0
0x000000002260ca80:   ffc0000000000040 ffc0000000000040
0x000000002260ca90:   0000000022a0d850 0000000027e2bd80
0x000000002260caa0:   0000000000000000 00007ffa9aaeb949
0x000000002260cab0:   0000000027e2bd70 0000000000000001
0x000000002260cac0:   0000000027e2bd70 0000000000000000
0x000000002260cad0:   0000000000000001 00007ffa9aae9092
0x000000002260cae0:   0000000000000000 0000000000000001
0x000000002260caf0:   0000000000000040 000000002260cb90
0x000000002260cb00:   00000000ffc00000 00000000ffc00000
0x000000002260cb10:   00000000ffc00000 00000000ffc00000
0x000000002260cb20:   0000000000000000 0000000000000000
0x000000002260cb30:   0000000022a0d850 0000000100000000
0x000000002260cb40:   0000000026782940 0000000000000001
0x000000002260cb50:   0000000025135160 0000000025135040
0x000000002260cb60:   0000000027e2bd70 ffc00000ffc00000 

Instructions: (pc=0x00007ffa9aaeefd8)
0x00007ffa9aaeefb8:   24 10 48 89 74 24 18 48 89 7c 24 20 41 54 41 56
0x00007ffa9aaeefc8:   41 57 48 83 ec 20 48 8b 42 20 4c 8b f9 49 8b c8
0x00007ffa9aaeefd8:   4c 8b 60 18 44 8b 70 14 41 8b e9 49 8b d8 48 8b
0x00007ffa9aaeefe8:   f2 e8 02 d2 01 00 4c 8b 16 8b f8 41 83 7a 18 00 


Register to memory mapping:

RAX=0x42f0000042f00000 is an unknown value
RBX=0x0000000027e2bd70 is an unknown value
RCX=0x0000000027e2be20 is an unknown value
RDX=0x0000000027e37e70 is an unknown value
RSP=0x000000002260ca70 is pointing into the stack for thread: 0x000000001f803000
RBP=0x0000000000000001 is an unknown value
RSI=0x0000000027e2bd70 is an unknown value
RDI=0x0000000000000000 is an unknown value
R8 =0x0000000027e2be20 is an unknown value
R9 =0x0000000000000000 is an unknown value
R10=0x0000000000000001 is an unknown value
R11=0x0000000000000001 is an unknown value
R12=0x0000000000000000 is an unknown value
R13=0x0000000000000000 is an unknown value
R14=0x0000000027e2bd80 is an unknown value
R15=0x0000000025135040 is an unknown value


Stack: [0x0000000022410000,0x0000000022610000],  sp=0x000000002260ca70,  free space=2034k
Native frames: (J=compiled Java code, j=interpreted, Vv=VM code, C=native code)
C  [libarcsoft_face.dll+0xefd8]
C  [libarcsoft_face.dll+0xb949]
C  [libarcsoft_face.dll+0x9092]
C  [libarcsoft_face.dll+0x89bc]
C  [libarcsoft_face.dll+0x7d0a]
C  [libarcsoft_face.dll+0x3c88]
C  [libarcsoft_face_engine.dll+0x58ca]
C  [libarcsoft_face_engine_jni.dll+0x18f6]
C  0x0000000003518c67

Java frames: (J=compiled Java code, j=interpreted, Vv=VM code)
j  com.arcsoft.face.FaceEngine.detectFaces(J[BIIII[Lcom/arcsoft/face/FaceInfo;)I+0
j  com.arcsoft.face.FaceEngine.detectFaces([BIILcom/arcsoft/face/enums/ImageFormat;Lcom/arcsoft/face/enums/DetectModel;Ljava/util/List;)I+107
j  com.arcsoft.face.FaceEngine.detectFaces([BIILcom/arcsoft/face/enums/ImageFormat;Ljava/util/List;)I+11
j  com.tangcheng.face_corn.service.impl.faceServiceImpl.facesearch(Ljava/io/InputStream;Ljava/util/List;)Ljava/lang/String;+45
j  com.tangcheng.face_corn.controller.faceController.facesearch(Ljava/lang/String;Ljava/util/List;)Lresult/Result;+22
j  sun.reflect.GeneratedMethodAccessor63.invoke(Ljava/lang/Object;[Ljava/lang/Object;)Ljava/lang/Object;+48
J 1658 C1 sun.reflect.DelegatingMethodAccessorImpl.invoke(Ljava/lang/Object;[Ljava/lang/Object;)Ljava/lang/Object; (10 bytes) @ 0x0000000003878e24 [0x0000000003878de0+0x44]
J 1657 C1 java.lang.reflect.Method.invoke(Ljava/lang/Object;[Ljava/lang/Object;)Ljava/lang/Object; (62 bytes) @ 0x0000000003878a54 [0x0000000003878960+0xf4]
j  org.springframework.web.method.support.InvocableHandlerMethod.doInvoke([Ljava/lang/Object;)Ljava/lang/Object;+32
j  org.springframework.web.method.support.InvocableHandlerMethod.invokeForRequest(Lorg/springframework/web/context/request/NativeWebRequest;Lorg/springframework/web/method/support/ModelAndViewContainer;[Ljava/lang/Object;)Ljava/lang/Object;+54
j  org.springframework.web.servlet.mvc.method.annotation.ServletInvocableHandlerMethod.invokeAndHandle(Lorg/springframework/web/context/request/ServletWebRequest;Lorg/springframework/web/method/support/ModelAndViewContainer;[Ljava/lang/Object;)V+4
j  org.springframework.web.servlet.mvc.method.annotation.RequestMappingHandlerAdapter.invokeHandlerMethod(Ljavax/servlet/http/HttpServletRequest;Ljavax/servlet/http/HttpServletResponse;Lorg/springframework/web/method/HandlerMethod;)Lorg/springframework/web/servlet/ModelAndView;+244
j  org.springframework.web.servlet.mvc.method.annotation.RequestMappingHandlerAdapter.handleInternal(Ljavax/servlet/http/HttpServletRequest;Ljavax/servlet/http/HttpServletResponse;Lorg/springframework/web/method/HandlerMethod;)Lorg/springframework/web/servlet/ModelAndView;+81
j  org.springframework.web.servlet.mvc.method.AbstractHandlerMethodAdapter.handle(Ljavax/servlet/http/HttpServletRequest;Ljavax/servlet/http/HttpServletResponse;Ljava/lang/Object;)Lorg/springframework/web/servlet/ModelAndView;+7
j  org.springframework.web.servlet.DispatcherServlet.doDispatch(Ljavax/servlet/http/HttpServletRequest;Ljavax/servlet/http/HttpServletResponse;)V+259
j  org.springframework.web.servlet.DispatcherServlet.doService(Ljavax/servlet/http/HttpServletRequest;Ljavax/servlet/http/HttpServletResponse;)V+241
j  org.springframework.web.servlet.FrameworkServlet.processRequest(Ljavax/servlet/http/HttpServletRequest;Ljavax/servlet/http/HttpServletResponse;)V+71
j  org.springframework.web.servlet.FrameworkServlet.doPost(Ljavax/servlet/http/HttpServletRequest;Ljavax/servlet/http/HttpServletResponse;)V+3
j  javax.servlet.http.HttpServlet.service(Ljavax/servlet/http/HttpServletRequest;Ljavax/servlet/http/HttpServletResponse;)V+149
j  org.springframework.web.servlet.FrameworkServlet.service(Ljavax/servlet/http/HttpServletRequest;Ljavax/servlet/http/HttpServletResponse;)V+33
j  javax.servlet.http.HttpServlet.service(Ljavax/servlet/ServletRequest;Ljavax/servlet/ServletResponse;)V+36
j  org.apache.catalina.core.ApplicationFilterChain.internalDoFilter(Ljavax/servlet/ServletRequest;Ljavax/servlet/ServletResponse;)V+304
j  org.apache.catalina.core.ApplicationFilterChain.doFilter(Ljavax/servlet/ServletRequest;Ljavax/servlet/ServletResponse;)V+99
j  org.apache.tomcat.websocket.server.WsFilter.doFilter(Ljavax/servlet/ServletRequest;Ljavax/servlet/ServletResponse;Ljavax/servlet/FilterChain;)V+21
j  org.apache.catalina.core.ApplicationFilterChain.internalDoFilter(Ljavax/servlet/ServletRequest;Ljavax/servlet/ServletResponse;)V+135
j  org.apache.catalina.core.ApplicationFilterChain.doFilter(Ljavax/servlet/ServletRequest;Ljavax/servlet/ServletResponse;)V+99
j  org.springframework.web.filter.RequestContextFilter.doFilterInternal(Ljavax/servlet/http/HttpServletRequest;Ljavax/servlet/http/HttpServletResponse;Ljavax/servlet/FilterChain;)V+21
j  org.springframework.web.filter.OncePerRequestFilter.doFilter(Ljavax/servlet/ServletRequest;Ljavax/servlet/ServletResponse;Ljavax/servlet/FilterChain;)V+147
j  org.apache.catalina.core.ApplicationFilterChain.internalDoFilter(Ljavax/servlet/ServletRequest;Ljavax/servlet/ServletResponse;)V+135
j  org.apache.catalina.core.ApplicationFilterChain.doFilter(Ljavax/servlet/ServletRequest;Ljavax/servlet/ServletResponse;)V+99
j  org.springframework.web.filter.FormContentFilter.doFilterInternal(Ljavax/servlet/http/HttpServletRequest;Ljavax/servlet/http/HttpServletResponse;Ljavax/servlet/FilterChain;)V+38
j  org.springframework.web.filter.OncePerRequestFilter.doFilter(Ljavax/servlet/ServletRequest;Ljavax/servlet/ServletResponse;Ljavax/servlet/FilterChain;)V+147
j  org.apache.catalina.core.ApplicationFilterChain.internalDoFilter(Ljavax/servlet/ServletRequest;Ljavax/servlet/ServletResponse;)V+135
j  org.apache.catalina.core.ApplicationFilterChain.doFilter(Ljavax/servlet/ServletRequest;Ljavax/servlet/ServletResponse;)V+99
j  org.springframework.web.filter.CharacterEncodingFilter.doFilterInternal(Ljavax/servlet/http/HttpServletRequest;Ljavax/servlet/http/HttpServletResponse;Ljavax/servlet/FilterChain;)V+53
j  org.springframework.web.filter.OncePerRequestFilter.doFilter(Ljavax/servlet/ServletRequest;Ljavax/servlet/ServletResponse;Ljavax/servlet/FilterChain;)V+147
j  org.apache.catalina.core.ApplicationFilterChain.internalDoFilter(Ljavax/servlet/ServletRequest;Ljavax/servlet/ServletResponse;)V+135
j  org.apache.catalina.core.ApplicationFilterChain.doFilter(Ljavax/servlet/ServletRequest;Ljavax/servlet/ServletResponse;)V+99
j  org.apache.catalina.core.StandardWrapperValve.invoke(Lorg/apache/catalina/connector/Request;Lorg/apache/catalina/connector/Response;)V+694
j  org.apache.catalina.core.StandardContextValve.invoke(Lorg/apache/catalina/connector/Request;Lorg/apache/catalina/connector/Response;)V+169
j  org.apache.catalina.authenticator.AuthenticatorBase.invoke(Lorg/apache/catalina/connector/Request;Lorg/apache/catalina/connector/Response;)V+260
j  org.apache.catalina.core.StandardHostValve.invoke(Lorg/apache/catalina/connector/Request;Lorg/apache/catalina/connector/Response;)V+128
j  org.apache.catalina.valves.ErrorReportValve.invoke(Lorg/apache/catalina/connector/Request;Lorg/apache/catalina/connector/Response;)V+6
j  org.apache.catalina.core.StandardEngineValve.invoke(Lorg/apache/catalina/connector/Request;Lorg/apache/catalina/connector/Response;)V+59
j  org.apache.catalina.connector.CoyoteAdapter.service(Lorg/apache/coyote/Request;Lorg/apache/coyote/Response;)V+199
j  org.apache.coyote.http11.Http11Processor.service(Lorg/apache/tomcat/util/net/SocketWrapperBase;)Lorg/apache/tomcat/util/net/AbstractEndpoint$Handler$SocketState;+737
j  org.apache.coyote.AbstractProcessorLight.process(Lorg/apache/tomcat/util/net/SocketWrapperBase;Lorg/apache/tomcat/util/net/SocketEvent;)Lorg/apache/tomcat/util/net/AbstractEndpoint$Handler$SocketState;+170
j  org.apache.coyote.AbstractProtocol$ConnectionHandler.process(Lorg/apache/tomcat/util/net/SocketWrapperBase;Lorg/apache/tomcat/util/net/SocketEvent;)Lorg/apache/tomcat/util/net/AbstractEndpoint$Handler$SocketState;+505
j  org.apache.tomcat.util.net.NioEndpoint$SocketProcessor.doRun()V+216
j  org.apache.tomcat.util.net.SocketProcessorBase.run()V+21
j  java.util.concurrent.ThreadPoolExecutor.runWorker(Ljava/util/concurrent/ThreadPoolExecutor$Worker;)V+95
j  java.util.concurrent.ThreadPoolExecutor$Worker.run()V+5
j  org.apache.tomcat.util.threads.TaskThread$WrappingRunnable.run()V+4
j  java.lang.Thread.run()V+11
v  ~StubRoutines::call_stub

---------------  P R O C E S S  ---------------

Java Threads: ( => current thread )
  0x000000001f8f1000 JavaThread "lettuce-eventExecutorLoop-1-8" daemon [_thread_blocked, id=16784, stack(0x00000000430b0000,0x00000000432b0000)]
  0x000000001f8ec800 JavaThread "lettuce-eventExecutorLoop-1-7" daemon [_thread_blocked, id=16900, stack(0x0000000042eb0000,0x00000000430b0000)]
  0x000000001f8f0800 JavaThread "lettuce-eventExecutorLoop-1-6" daemon [_thread_blocked, id=16824, stack(0x0000000042cb0000,0x0000000042eb0000)]
  0x000000001f8ed800 JavaThread "lettuce-eventExecutorLoop-1-5" daemon [_thread_blocked, id=15860, stack(0x0000000042ab0000,0x0000000042cb0000)]
  0x000000001f8ef000 JavaThread "lettuce-eventExecutorLoop-1-4" daemon [_thread_blocked, id=16776, stack(0x00000000428b0000,0x0000000042ab0000)]
  0x000000001f80e800 JavaThread "lettuce-eventExecutorLoop-1-3" daemon [_thread_blocked, id=16132, stack(0x00000000426b0000,0x00000000428b0000)]
  0x000000001f80e000 JavaThread "Java2D Disposer" daemon [_thread_blocked, id=16276, stack(0x00000000422b0000,0x00000000424b0000)]
  0x000000001f80d000 JavaThread "lettuce-eventExecutorLoop-1-2" daemon [_thread_blocked, id=16508, stack(0x00000000420b0000,0x00000000422b0000)]
  0x000000001f80c000 JavaThread "lettuce-eventExecutorLoop-1-1" daemon [_thread_blocked, id=10460, stack(0x0000000024c20000,0x0000000024e20000)]
  0x000000001f80b800 JavaThread "lettuce-nioEventLoop-4-1" daemon [_thread_in_native, id=3524, stack(0x0000000023810000,0x0000000023a10000)]
  0x000000001f80a800 JavaThread "DiscoveryClient-HeartbeatExecutor-0" daemon [_thread_blocked, id=13068, stack(0x0000000023610000,0x0000000023810000)]
  0x000000001f80a000 JavaThread "DiscoveryClient-CacheRefreshExecutor-0" daemon [_thread_blocked, id=3324, stack(0x0000000023410000,0x0000000023610000)]
  0x000000001f802800 JavaThread "DestroyJavaVM" [_thread_blocked, id=14020, stack(0x0000000003040000,0x0000000003240000)]
  0x000000001f809000 JavaThread "http-nio-8081-Acceptor" daemon [_thread_in_native, id=8792, stack(0x0000000022e10000,0x0000000023010000)]
  0x000000001f808800 JavaThread "http-nio-8081-ClientPoller" daemon [_thread_in_native, id=14744, stack(0x0000000022c10000,0x0000000022e10000)]
  0x000000001f801000 JavaThread "http-nio-8081-exec-10" daemon [_thread_in_native, id=6336, stack(0x0000000022a10000,0x0000000022c10000)]
  0x000000001f807800 JavaThread "http-nio-8081-exec-9" daemon [_thread_in_native, id=4856, stack(0x0000000022810000,0x0000000022a10000)]
  0x000000001f801800 JavaThread "http-nio-8081-exec-8" daemon [_thread_in_native, id=14296, stack(0x0000000022610000,0x0000000022810000)]
=>0x000000001f803000 JavaThread "http-nio-8081-exec-7" daemon [_thread_in_native, id=10052, stack(0x0000000022410000,0x0000000022610000)]
  0x000000001f800000 JavaThread "http-nio-8081-exec-6" daemon [_thread_blocked, id=7656, stack(0x0000000022210000,0x0000000022410000)]
  0x000000001f807000 JavaThread "http-nio-8081-exec-5" daemon [_thread_in_native, id=2188, stack(0x0000000022010000,0x0000000022210000)]
  0x000000001f806000 JavaThread "http-nio-8081-exec-4" daemon [_thread_blocked, id=5236, stack(0x0000000021e10000,0x0000000022010000)]
  0x000000001f7ff800 JavaThread "http-nio-8081-exec-3" daemon [_thread_blocked, id=8720, stack(0x0000000021c10000,0x0000000021e10000)]
  0x000000001f805800 JavaThread "http-nio-8081-exec-2" daemon [_thread_in_native, id=8576, stack(0x0000000021a10000,0x0000000021c10000)]
  0x000000001f804800 JavaThread "http-nio-8081-exec-1" daemon [_thread_blocked, id=3608, stack(0x0000000021810000,0x0000000021a10000)]
  0x000000001f804000 JavaThread "http-nio-8081-BlockPoller" daemon [_thread_in_native, id=6960, stack(0x0000000021610000,0x0000000021810000)]
  0x000000001ef72800 JavaThread "DiscoveryClient-InstanceInfoReplicator-0" daemon [_thread_blocked, id=5420, stack(0x0000000021410000,0x0000000021610000)]
  0x000000001ef71000 JavaThread "DiscoveryClient-1" daemon [_thread_blocked, id=10048, stack(0x0000000021210000,0x0000000021410000)]
  0x000000001ef70800 JavaThread "DiscoveryClient-0" daemon [_thread_blocked, id=13408, stack(0x0000000020f10000,0x0000000021110000)]
  0x000000001ef73800 JavaThread "AsyncResolver-bootstrap-0" daemon [_thread_blocked, id=3044, stack(0x0000000020910000,0x0000000020b10000)]
  0x000000001ef72000 JavaThread "spring.cloud.inetutils" daemon [_thread_blocked, id=11756, stack(0x0000000020510000,0x0000000020710000)]
  0x000000001d0b2800 JavaThread "lettuce-timer-3-1" daemon [_thread_blocked, id=10928, stack(0x000000001ed40000,0x000000001ef40000)]
  0x000000001d031000 JavaThread "container-0" [_thread_blocked, id=15076, stack(0x000000001e940000,0x000000001eb40000)]
  0x000000001d030800 JavaThread "Catalina-utility-2" [_thread_blocked, id=5288, stack(0x000000001e740000,0x000000001e940000)]
  0x000000001d00c000 JavaThread "Catalina-utility-1" [_thread_blocked, id=11660, stack(0x000000001e540000,0x000000001e740000)]
  0x000000001b3be800 JavaThread "Service Thread" daemon [_thread_blocked, id=14536, stack(0x000000001bda0000,0x000000001bfa0000)]
  0x000000001b32b000 JavaThread "C1 CompilerThread3" daemon [_thread_blocked, id=7996, stack(0x000000001bca0000,0x000000001bda0000)]
  0x000000001b321000 JavaThread "C2 CompilerThread2" daemon [_thread_blocked, id=2992, stack(0x000000001bba0000,0x000000001bca0000)]
  0x000000001b31e800 JavaThread "C2 CompilerThread1" daemon [_thread_blocked, id=6412, stack(0x000000001baa0000,0x000000001bba0000)]
  0x000000001b317800 JavaThread "C2 CompilerThread0" daemon [_thread_blocked, id=11760, stack(0x000000001b9a0000,0x000000001baa0000)]
  0x000000001b316000 JavaThread "Monitor Ctrl-Break" daemon [_thread_in_native, id=10028, stack(0x000000001b7a0000,0x000000001b9a0000)]
  0x000000001a3d9800 JavaThread "Attach Listener" daemon [_thread_blocked, id=8204, stack(0x000000001ada0000,0x000000001afa0000)]
  0x000000001a382000 JavaThread "Signal Dispatcher" daemon [_thread_blocked, id=1236, stack(0x000000001aba0000,0x000000001ada0000)]
  0x0000000018574800 JavaThread "Finalizer" daemon [_thread_blocked, id=7968, stack(0x000000001a940000,0x000000001ab40000)]
  0x000000001a360800 JavaThread "Reference Handler" daemon [_thread_blocked, id=11404, stack(0x000000001a740000,0x000000001a940000)]

Other Threads:
  0x000000000333e800 VMThread [stack: 0x000000001a240000,0x000000001a340000] [id=14136]
  0x000000001b3c7800 WatcherThread [stack: 0x000000001bfa0000,0x000000001c0a0000] [id=10796]

VM state:not at safepoint (normal execution)

VM Mutex/Monitor currently owned by a thread: None

heap address: 0x0000000080000000, size: 2048 MB, Compressed Oops mode: 32-bit
Narrow klass base: 0x0000000000000000, Narrow klass shift: 3
Compressed class space size: 1073741824 Address: 0x0000000100000000

Heap:
 PSYoungGen      total 214016K, used 58993K [0x00000000d5580000, 0x00000000ec000000, 0x0000000100000000)
  eden space 198144K, 21% used [0x00000000d5580000,0x00000000d7fda8f0,0x00000000e1700000)
  from space 15872K, 98% used [0x00000000eb080000,0x00000000ebfc1ca8,0x00000000ec000000)
  to   space 24576K, 0% used [0x00000000e9000000,0x00000000e9000000,0x00000000ea800000)
 ParOldGen       total 87552K, used 40615K [0x0000000080000000, 0x0000000085580000, 0x00000000d5580000)
  object space 87552K, 46% used [0x0000000080000000,0x00000000827a9fb8,0x0000000085580000)
 Metaspace       used 53577K, capacity 57150K, committed 57472K, reserved 1099776K
  class space    used 7330K, capacity 7969K, committed 8064K, reserved 1048576K

Card table byte_map: [0x00000000128c0000,0x0000000012cd0000] byte_map_base: 0x00000000124c0000

Marking Bits: (ParMarkBitMap*) 0x0000000056c24ce0
 Begin Bits: [0x0000000013780000, 0x0000000015780000)
 End Bits:   [0x0000000015780000, 0x0000000017780000)

Polling page: 0x0000000002a80000

CodeCache: size=245760Kb used=9924Kb max_used=9924Kb free=235835Kb
 bounds [0x0000000003500000, 0x0000000003ec0000, 0x0000000012500000]
 total_blobs=5835 nmethods=5244 adapters=503
 compilation: enabled

Compilation events (10 events):
Event: 101.072 Thread 0x000000001b32b000 5375       1       java.awt.image.DataBuffer::getDataType (5 bytes)
Event: 101.072 Thread 0x000000001b32b000 nmethod 5375 0x0000000003eac210 code [0x0000000003eac360, 0x0000000003eac470]
Event: 101.072 Thread 0x000000001b32b000 5376       1       sun.awt.image.ByteComponentRaster::verify (566 bytes)
Event: 101.074 Thread 0x000000001b32b000 nmethod 5376 0x0000000003eac4d0 code [0x0000000003eac900, 0x0000000003eae028]
Event: 101.074 Thread 0x000000001b32b000 5377   !   1       java.awt.color.ColorSpace::getInstance (300 bytes)
Event: 101.075 Thread 0x000000001b32b000 nmethod 5377 0x0000000003eaf490 code [0x0000000003eaf6e0, 0x0000000003eb06c8]
Event: 101.136 Thread 0x000000001b32b000 5378   !   1       org.apache.catalina.core.ApplicationFilterChain::doFilter (103 bytes)
Event: 101.136 Thread 0x000000001b32b000 nmethod 5378 0x0000000003eb1010 code [0x0000000003eb1160, 0x0000000003eb1288]
Event: 101.137 Thread 0x000000001b32b000 5379   !   1       org.apache.catalina.core.ApplicationFilterChain::internalDoFilter (388 bytes)
Event: 101.138 Thread 0x000000001b32b000 nmethod 5379 0x0000000003eb1310 code [0x0000000003eb15c0, 0x0000000003eb20b8]

GC Heap History (10 events):
Event: 7.689 GC heap before
{Heap before GC invocations=8 (full 0):
 PSYoungGen      total 74240K, used 74225K [0x00000000d5580000, 0x00000000deb80000, 0x0000000100000000)
  eden space 65536K, 100% used [0x00000000d5580000,0x00000000d9580000,0x00000000d9580000)
  from space 8704K, 99% used [0x00000000d9580000,0x00000000d9dfc618,0x00000000d9e00000)
  to   space 11264K, 0% used [0x00000000de080000,0x00000000de080000,0x00000000deb80000)
 ParOldGen       total 87552K, used 8315K [0x0000000080000000, 0x0000000085580000, 0x00000000d5580000)
  object space 87552K, 9% used [0x0000000080000000,0x000000008081ec38,0x0000000085580000)
 Metaspace       used 23589K, capacity 24784K, committed 25088K, reserved 1071104K
  class space    used 3209K, capacity 3492K, committed 3584K, reserved 1048576K
Event: 7.700 GC heap after
Heap after GC invocations=8 (full 0):
 PSYoungGen      total 142336K, used 7906K [0x00000000d5580000, 0x00000000deb80000, 0x0000000100000000)
  eden space 131072K, 0% used [0x00000000d5580000,0x00000000d5580000,0x00000000dd580000)
  from space 11264K, 70% used [0x00000000de080000,0x00000000de838aa8,0x00000000deb80000)
  to   space 11264K, 0% used [0x00000000dd580000,0x00000000dd580000,0x00000000de080000)
 ParOldGen       total 87552K, used 9673K [0x0000000080000000, 0x0000000085580000, 0x00000000d5580000)
  object space 87552K, 11% used [0x0000000080000000,0x0000000080972760,0x0000000085580000)
 Metaspace       used 23589K, capacity 24784K, committed 25088K, reserved 1071104K
  class space    used 3209K, capacity 3492K, committed 3584K, reserved 1048576K
}
Event: 10.275 GC heap before
{Heap before GC invocations=9 (full 0):
 PSYoungGen      total 142336K, used 138978K [0x00000000d5580000, 0x00000000deb80000, 0x0000000100000000)
  eden space 131072K, 100% used [0x00000000d5580000,0x00000000dd580000,0x00000000dd580000)
  from space 11264K, 70% used [0x00000000de080000,0x00000000de838aa8,0x00000000deb80000)
  to   space 11264K, 0% used [0x00000000dd580000,0x00000000dd580000,0x00000000de080000)
 ParOldGen       total 87552K, used 9673K [0x0000000080000000, 0x0000000085580000, 0x00000000d5580000)
  object space 87552K, 11% used [0x0000000080000000,0x0000000080972760,0x0000000085580000)
 Metaspace       used 30492K, capacity 32484K, committed 32768K, reserved 1077248K
  class space    used 4180K, capacity 4518K, committed 4608K, reserved 1048576K
Event: 10.290 GC heap after
Heap after GC invocations=9 (full 0):
 PSYoungGen      total 142336K, used 11253K [0x00000000d5580000, 0x00000000e3e80000, 0x0000000100000000)
  eden space 131072K, 0% used [0x00000000d5580000,0x00000000d5580000,0x00000000dd580000)
  from space 11264K, 99% used [0x00000000dd580000,0x00000000de07d480,0x00000000de080000)
  to   space 14336K, 0% used [0x00000000e3080000,0x00000000e3080000,0x00000000e3e80000)
 ParOldGen       total 87552K, used 14422K [0x0000000080000000, 0x0000000085580000, 0x00000000d5580000)
  object space 87552K, 16% used [0x0000000080000000,0x0000000080e15be8,0x0000000085580000)
 Metaspace       used 30492K, capacity 32484K, committed 32768K, reserved 1077248K
  class space    used 4180K, capacity 4518K, committed 4608K, reserved 1048576K
}
Event: 11.780 GC heap before
{Heap before GC invocations=10 (full 0):
 PSYoungGen      total 142336K, used 142325K [0x00000000d5580000, 0x00000000e3e80000, 0x0000000100000000)
  eden space 131072K, 100% used [0x00000000d5580000,0x00000000dd580000,0x00000000dd580000)
  from space 11264K, 99% used [0x00000000dd580000,0x00000000de07d480,0x00000000de080000)
  to   space 14336K, 0% used [0x00000000e3080000,0x00000000e3080000,0x00000000e3e80000)
 ParOldGen       total 87552K, used 14422K [0x0000000080000000, 0x0000000085580000, 0x00000000d5580000)
  object space 87552K, 16% used [0x0000000080000000,0x0000000080e15be8,0x0000000085580000)
 Metaspace       used 37964K, capacity 40620K, committed 40832K, reserved 1085440K
  class space    used 5214K, capacity 5690K, committed 5760K, reserved 1048576K
Event: 11.796 GC heap after
Heap after GC invocations=10 (full 0):
 PSYoungGen      total 221184K, used 14320K [0x00000000d5580000, 0x00000000e4480000, 0x0000000100000000)
  eden space 206848K, 0% used [0x00000000d5580000,0x00000000d5580000,0x00000000e1f80000)
  from space 14336K, 99% used [0x00000000e3080000,0x00000000e3e7c208,0x00000000e3e80000)
  to   space 17408K, 0% used [0x00000000e1f80000,0x00000000e1f80000,0x00000000e3080000)
 ParOldGen       total 87552K, used 18120K [0x0000000080000000, 0x0000000085580000, 0x00000000d5580000)
  object space 87552K, 20% used [0x0000000080000000,0x00000000811b23c0,0x0000000085580000)
 Metaspace       used 37964K, capacity 40620K, committed 40832K, reserved 1085440K
  class space    used 5214K, capacity 5690K, committed 5760K, reserved 1048576K
}
Event: 95.548 GC heap before
{Heap before GC invocations=11 (full 0):
 PSYoungGen      total 221184K, used 221168K [0x00000000d5580000, 0x00000000e4480000, 0x0000000100000000)
  eden space 206848K, 100% used [0x00000000d5580000,0x00000000e1f80000,0x00000000e1f80000)
  from space 14336K, 99% used [0x00000000e3080000,0x00000000e3e7c208,0x00000000e3e80000)
  to   space 17408K, 0% used [0x00000000e1f80000,0x00000000e1f80000,0x00000000e3080000)
 ParOldGen       total 87552K, used 18120K [0x0000000080000000, 0x0000000085580000, 0x00000000d5580000)
  object space 87552K, 20% used [0x0000000080000000,0x00000000811b23c0,0x0000000085580000)
 Metaspace       used 53242K, capacity 56802K, committed 56832K, reserved 1097728K
  class space    used 7275K, capacity 7925K, committed 7936K, reserved 1048576K
Event: 95.571 GC heap after
Heap after GC invocations=11 (full 0):
 PSYoungGen      total 224256K, used 17398K [0x00000000d5580000, 0x00000000ec800000, 0x0000000100000000)
  eden space 206848K, 0% used [0x00000000d5580000,0x00000000d5580000,0x00000000e1f80000)
  from space 17408K, 99% used [0x00000000e1f80000,0x00000000e307dbe8,0x00000000e3080000)
  to   space 24064K, 0% used [0x00000000eb080000,0x00000000eb080000,0x00000000ec800000)
 ParOldGen       total 87552K, used 30328K [0x0000000080000000, 0x0000000085580000, 0x00000000d5580000)
  object space 87552K, 34% used [0x0000000080000000,0x0000000081d9e028,0x0000000085580000)
 Metaspace       used 53242K, capacity 56802K, committed 56832K, reserved 1097728K
  class space    used 7275K, capacity 7925K, committed 7936K, reserved 1048576K
}
Event: 100.849 GC heap before
{Heap before GC invocations=12 (full 0):
 PSYoungGen      total 224256K, used 224246K [0x00000000d5580000, 0x00000000ec800000, 0x0000000100000000)
  eden space 206848K, 100% used [0x00000000d5580000,0x00000000e1f80000,0x00000000e1f80000)
  from space 17408K, 99% used [0x00000000e1f80000,0x00000000e307dbe8,0x00000000e3080000)
  to   space 24064K, 0% used [0x00000000eb080000,0x00000000eb080000,0x00000000ec800000)
 ParOldGen       total 87552K, used 30328K [0x0000000080000000, 0x0000000085580000, 0x00000000d5580000)
  object space 87552K, 34% used [0x0000000080000000,0x0000000081d9e028,0x0000000085580000)
 Metaspace       used 53575K, capacity 57150K, committed 57472K, reserved 1099776K
  class space    used 7330K, capacity 7969K, committed 8064K, reserved 1048576K
Event: 100.860 GC heap after
Heap after GC invocations=12 (full 0):
 PSYoungGen      total 214016K, used 15623K [0x00000000d5580000, 0x00000000ec000000, 0x0000000100000000)
  eden space 198144K, 0% used [0x00000000d5580000,0x00000000d5580000,0x00000000e1700000)
  from space 15872K, 98% used [0x00000000eb080000,0x00000000ebfc1ca8,0x00000000ec000000)
  to   space 24576K, 0% used [0x00000000e9000000,0x00000000e9000000,0x00000000ea800000)
 ParOldGen       total 87552K, used 40615K [0x0000000080000000, 0x0000000085580000, 0x00000000d5580000)
  object space 87552K, 46% used [0x0000000080000000,0x00000000827a9fb8,0x0000000085580000)
 Metaspace       used 53575K, capacity 57150K, committed 57472K, reserved 1099776K
  class space    used 7330K, capacity 7969K, committed 8064K, reserved 1048576K
}

Deoptimization events (0 events):
No events

Classes redefined (0 events):
No events

Internal exceptions (10 events):
Event: 95.817 Thread 0x000000001f803000 Exception <a 'java/lang/ArrayIndexOutOfBoundsException'> (0x00000000d5910bc0) thrown at [C:\re\workspace\8-2-build-windows-amd64-cygwin\jdk8u201\12322\hotspot\src\share\vm\runtime\sharedRuntime.cpp, line 605]
Event: 95.817 Thread 0x000000001f803000 Exception <a 'java/lang/ArrayIndexOutOfBoundsException'> (0x00000000d5912938) thrown at [C:\re\workspace\8-2-build-windows-amd64-cygwin\jdk8u201\12322\hotspot\src\share\vm\runtime\sharedRuntime.cpp, line 605]
Event: 95.817 Thread 0x000000001f803000 Exception <a 'java/lang/ArrayIndexOutOfBoundsException'> (0x00000000d5913d80) thrown at [C:\re\workspace\8-2-build-windows-amd64-cygwin\jdk8u201\12322\hotspot\src\share\vm\runtime\sharedRuntime.cpp, line 605]
Event: 95.818 Thread 0x000000001f803000 Exception <a 'java/lang/ArrayIndexOutOfBoundsException'> (0x00000000d5919b30) thrown at [C:\re\workspace\8-2-build-windows-amd64-cygwin\jdk8u201\12322\hotspot\src\share\vm\runtime\sharedRuntime.cpp, line 605]
Event: 99.469 Thread 0x000000001f807000 Exception <a 'java/lang/ArrayIndexOutOfBoundsException'> (0x00000000dd60e0d0) thrown at [C:\re\workspace\8-2-build-windows-amd64-cygwin\jdk8u201\12322\hotspot\src\share\vm\runtime\sharedRuntime.cpp, line 605]
Event: 100.125 Thread 0x000000001f804800 Exception <a 'java/io/IOException'> (0x00000000de621b38) thrown at [C:\re\workspace\8-2-build-windows-amd64-cygwin\jdk8u201\12322\hotspot\src\share\vm\prims\jni.cpp, line 709]
Event: 100.396 Thread 0x000000001f806000 Exception <a 'java/io/IOException'> (0x00000000dfe4fd70) thrown at [C:\re\workspace\8-2-build-windows-amd64-cygwin\jdk8u201\12322\hotspot\src\share\vm\prims\jni.cpp, line 709]
Event: 100.434 Thread 0x000000001f801800 Exception <a 'java/io/IOException'> (0x00000000e05ed3e8) thrown at [C:\re\workspace\8-2-build-windows-amd64-cygwin\jdk8u201\12322\hotspot\src\share\vm\prims\jni.cpp, line 709]
Event: 101.006 Thread 0x000000001f804800 Exception <a 'java/io/IOException'> (0x00000000d5739938) thrown at [C:\re\workspace\8-2-build-windows-amd64-cygwin\jdk8u201\12322\hotspot\src\share\vm\prims\jni.cpp, line 709]
Event: 101.007 Thread 0x000000001f800000 Exception <a 'java/io/IOException'> (0x00000000d5c8f828) thrown at [C:\re\workspace\8-2-build-windows-amd64-cygwin\jdk8u201\12322\hotspot\src\share\vm\prims\jni.cpp, line 709]

Events (10 events):
Event: 100.864 Executing VM operation: BulkRevokeBias
Event: 100.865 Executing VM operation: BulkRevokeBias done
Event: 100.865 Thread 0x000000001b32b000 flushing nmethod 0x00000000036749d0
Event: 100.866 Thread 0x000000001b32b000 flushing nmethod 0x00000000036f48d0
Event: 101.004 Thread 0x000000001b32b000 flushing nmethod 0x0000000003ad16d0
Event: 101.006 Thread 0x000000001b32b000 flushing nmethod 0x0000000003c8dd90
Event: 101.047 Executing VM operation: RevokeBias
Event: 101.047 Executing VM operation: RevokeBias done
Event: 101.052 loading class java/util/concurrent/locks/ReentrantReadWriteLock$Sync$HoldCounter
Event: 101.052 loading class java/util/concurrent/locks/ReentrantReadWriteLock$Sync$HoldCounter done


Dynamic libraries:
0x00007ff6c87e0000 - 0x00007ff6c8817000 	C:\Program Files\Java\jdk1.8.0_201\bin\java.exe
0x00007ffaf0170000 - 0x00007ffaf0365000 	C:\WINDOWS\SYSTEM32\ntdll.dll
0x00007ffaee560000 - 0x00007ffaee61e000 	C:\WINDOWS\System32\KERNEL32.DLL
0x00007ffaeda80000 - 0x00007ffaedd49000 	C:\WINDOWS\System32\KERNELBASE.dll
0x00007ffaefed0000 - 0x00007ffaeff7c000 	C:\WINDOWS\System32\ADVAPI32.dll
0x00007ffaef360000 - 0x00007ffaef3fe000 	C:\WINDOWS\System32\msvcrt.dll
0x00007ffaef200000 - 0x00007ffaef29b000 	C:\WINDOWS\System32\sechost.dll
0x00007ffaee3a0000 - 0x00007ffaee4ca000 	C:\WINDOWS\System32\RPCRT4.dll
0x00007ffaeff80000 - 0x00007ffaf0121000 	C:\WINDOWS\System32\USER32.dll
0x00007ffaede00000 - 0x00007ffaede22000 	C:\WINDOWS\System32\win32u.dll
0x00007ffaee2a0000 - 0x00007ffaee2cb000 	C:\WINDOWS\System32\GDI32.dll
0x00007ffaee0b0000 - 0x00007ffaee1bb000 	C:\WINDOWS\System32\gdi32full.dll
0x00007ffaede30000 - 0x00007ffaedecd000 	C:\WINDOWS\System32\msvcp_win.dll
0x00007ffaeded0000 - 0x00007ffaedfd0000 	C:\WINDOWS\System32\ucrtbase.dll
0x00007ffade7f0000 - 0x00007ffadea8a000 	C:\WINDOWS\WinSxS\amd64_microsoft.windows.common-controls_6595b64144ccf1df_6.0.19041.1110_none_60b5254171f9507e\COMCTL32.dll
0x00007ffaef470000 - 0x00007ffaef4a0000 	C:\WINDOWS\System32\IMM32.DLL
0x0000000057ae0000 - 0x0000000057bb1000 	C:\Program Files\Java\jdk1.8.0_201\jre\bin\msvcr100.dll
0x0000000056400000 - 0x0000000056ca4000 	C:\Program Files\Java\jdk1.8.0_201\jre\bin\server\jvm.dll
0x00007ffaef6a0000 - 0x00007ffaef6a8000 	C:\WINDOWS\System32\PSAPI.DLL
0x00007ffae86f0000 - 0x00007ffae86f9000 	C:\WINDOWS\SYSTEM32\WSOCK32.dll
0x00007ffadfe40000 - 0x00007ffadfe67000 	C:\WINDOWS\SYSTEM32\WINMM.dll
0x00007ffae4720000 - 0x00007ffae472a000 	C:\WINDOWS\SYSTEM32\VERSION.dll
0x00007ffaef400000 - 0x00007ffaef46b000 	C:\WINDOWS\System32\WS2_32.dll
0x00007ffae7760000 - 0x00007ffae776f000 	C:\Program Files\Java\jdk1.8.0_201\jre\bin\verify.dll
0x00007ffadf210000 - 0x00007ffadf239000 	C:\Program Files\Java\jdk1.8.0_201\jre\bin\java.dll
0x00007ffad3ab0000 - 0x00007ffad3ad3000 	C:\Program Files\Java\jdk1.8.0_201\jre\bin\instrument.dll
0x00007ffae2250000 - 0x00007ffae2266000 	C:\Program Files\Java\jdk1.8.0_201\jre\bin\zip.dll
0x00007ffaeeac0000 - 0x00007ffaef1ff000 	C:\WINDOWS\System32\SHELL32.dll
0x00007ffaeb880000 - 0x00007ffaec010000 	C:\WINDOWS\SYSTEM32\windows.storage.dll
0x00007ffaee700000 - 0x00007ffaeea55000 	C:\WINDOWS\System32\combase.dll
0x00007ffaed2e0000 - 0x00007ffaed30c000 	C:\WINDOWS\SYSTEM32\Wldp.dll
0x00007ffaee2d0000 - 0x00007ffaee37d000 	C:\WINDOWS\System32\SHCORE.dll
0x00007ffaee620000 - 0x00007ffaee675000 	C:\WINDOWS\System32\shlwapi.dll
0x00007ffaed7d0000 - 0x00007ffaed7ef000 	C:\WINDOWS\SYSTEM32\profapi.dll
0x00007ffad61a0000 - 0x00007ffad61ba000 	F:\subject\IDEA 2018_sssam.com\IntelliJ IDEA 2018.2.4\bin\breakgen64.dll
0x00007ffadf1f0000 - 0x00007ffadf20a000 	C:\Program Files\Java\jdk1.8.0_201\jre\bin\net.dll
0x00007ffadb520000 - 0x00007ffadb70b000 	C:\WINDOWS\SYSTEM32\urlmon.dll
0x00007ffae0590000 - 0x00007ffae0840000 	C:\WINDOWS\SYSTEM32\iertutil.dll
0x00007ffadb4f0000 - 0x00007ffadb518000 	C:\WINDOWS\SYSTEM32\srvcli.dll
0x00007ffaecdf0000 - 0x00007ffaecdfc000 	C:\WINDOWS\SYSTEM32\netutils.dll
0x00007ffaed040000 - 0x00007ffaed0aa000 	C:\WINDOWS\system32\mswsock.dll
0x00007ffaecce0000 - 0x00007ffaecd1b000 	C:\WINDOWS\SYSTEM32\IPHLPAPI.DLL
0x00007ffaef6b0000 - 0x00007ffaef6b8000 	C:\WINDOWS\System32\NSI.dll
0x00007ffae3b90000 - 0x00007ffae3ba7000 	C:\WINDOWS\SYSTEM32\dhcpcsvc6.DLL
0x00007ffae4340000 - 0x00007ffae435d000 	C:\WINDOWS\SYSTEM32\dhcpcsvc.DLL
0x00007ffaecd20000 - 0x00007ffaecdec000 	C:\WINDOWS\SYSTEM32\DNSAPI.dll
0x00007ffae4ba0000 - 0x00007ffae4baa000 	C:\Windows\System32\rasadhlp.dll
0x00007ffadcff0000 - 0x00007ffadd06f000 	C:\WINDOWS\System32\fwpuclnt.dll
0x00007ffaee030000 - 0x00007ffaee057000 	C:\WINDOWS\System32\bcrypt.dll
0x00007ffae6e40000 - 0x00007ffae6e4d000 	C:\Program Files\Java\jdk1.8.0_201\jre\bin\management.dll
0x00007ffacfe30000 - 0x00007ffacfe47000 	C:\WINDOWS\system32\napinsp.dll
0x00007ffacfe10000 - 0x00007ffacfe2b000 	C:\WINDOWS\system32\pnrpnsp.dll
0x00007ffae7b50000 - 0x00007ffae7b65000 	C:\WINDOWS\system32\wshbth.dll
0x00007ffae85e0000 - 0x00007ffae85fd000 	C:\WINDOWS\system32\NLAapi.dll
0x00007ffacfda0000 - 0x00007ffacfdb2000 	C:\WINDOWS\System32\winrnr.dll
0x00007ffadf1a0000 - 0x00007ffadf1b1000 	C:\Program Files\Java\jdk1.8.0_201\jre\bin\nio.dll
0x00007ffaed230000 - 0x00007ffaed248000 	C:\WINDOWS\SYSTEM32\CRYPTSP.dll
0x00007ffaec950000 - 0x00007ffaec984000 	C:\WINDOWS\system32\rsaenh.dll
0x00007ffaed790000 - 0x00007ffaed7be000 	C:\WINDOWS\SYSTEM32\USERENV.dll
0x00007ffaed890000 - 0x00007ffaed913000 	C:\WINDOWS\System32\bcryptprimitives.dll
0x00007ffaed250000 - 0x00007ffaed25c000 	C:\WINDOWS\SYSTEM32\CRYPTBASE.dll
0x00007ffacc980000 - 0x00007ffacc9a4000 	C:\Program Files\Java\jdk1.8.0_201\jre\bin\sunec.dll
0x00007ffa9aae0000 - 0x00007ffa9d91d000 	C:\Users\lenovo\Desktop\Face-recognition-main\ArcSoft_ArcFace_Java_Windows_x64_V3.0\libs\WIN64\libarcsoft_face.dll
0x00007ffad2fc0000 - 0x00007ffad3066000 	C:\WINDOWS\SYSTEM32\MSVCP120.dll
0x00007ffad2ed0000 - 0x00007ffad2fbf000 	C:\WINDOWS\SYSTEM32\MSVCR120.dll
0x00007ffacd210000 - 0x00007ffacd28f000 	C:\Users\lenovo\Desktop\Face-recognition-main\ArcSoft_ArcFace_Java_Windows_x64_V3.0\libs\WIN64\libarcsoft_face_engine.dll
0x00007ffaeea60000 - 0x00007ffaeeab6000 	C:\WINDOWS\System32\WLDAP32.dll
0x00007ffacd1e0000 - 0x00007ffacd205000 	C:\Users\lenovo\Desktop\Face-recognition-main\ArcSoft_ArcFace_Java_Windows_x64_V3.0\libs\WIN64\libarcsoft_face_engine_jni.dll
0x00007ffa99a50000 - 0x00007ffa99be9000 	C:\Program Files\Java\jdk1.8.0_201\jre\bin\awt.dll
0x00007ffaef5d0000 - 0x00007ffaef69d000 	C:\WINDOWS\System32\OLEAUT32.dll
0x00007ffae9ef0000 - 0x00007ffae9f80000 	C:\WINDOWS\SYSTEM32\apphelp.dll
0x00007ffab8fe0000 - 0x00007ffab9011000 	C:\Program Files\Java\jdk1.8.0_201\jre\bin\jpeg.dll
0x00007ffaeb690000 - 0x00007ffaeb874000 	C:\WINDOWS\SYSTEM32\dbghelp.dll

VM Arguments:
jvm_args: -Xmx2048m -XX:MetaspaceSize=512m -XX:MaxMetaspaceSize=768m -Xss2m -XX:TieredStopAtLevel=1 -Xverify:none -Dspring.output.ansi.enabled=always -javaagent:F:\subject\IDEA 2018_sssam.com\IntelliJ IDEA 2018.2.4\lib\idea_rt.jar=50330:F:\subject\IDEA 2018_sssam.com\IntelliJ IDEA 2018.2.4\bin -Dfile.encoding=UTF-8 
java_command: com.tangcheng.face_corn.FaceCornApplication
java_class_path (initial): C:\Program Files\Java\jdk1.8.0_201\jre\lib\charsets.jar;C:\Program Files\Java\jdk1.8.0_201\jre\lib\deploy.jar;C:\Program Files\Java\jdk1.8.0_201\jre\lib\ext\access-bridge-64.jar;C:\Program Files\Java\jdk1.8.0_201\jre\lib\ext\cldrdata.jar;C:\Program Files\Java\jdk1.8.0_201\jre\lib\ext\dnsns.jar;C:\Program Files\Java\jdk1.8.0_201\jre\lib\ext\jaccess.jar;C:\Program Files\Java\jdk1.8.0_201\jre\lib\ext\jfxrt.jar;C:\Program Files\Java\jdk1.8.0_201\jre\lib\ext\localedata.jar;C:\Program Files\Java\jdk1.8.0_201\jre\lib\ext\nashorn.jar;C:\Program Files\Java\jdk1.8.0_201\jre\lib\ext\sunec.jar;C:\Program Files\Java\jdk1.8.0_201\jre\lib\ext\sunjce_provider.jar;C:\Program Files\Java\jdk1.8.0_201\jre\lib\ext\sunmscapi.jar;C:\Program Files\Java\jdk1.8.0_201\jre\lib\ext\sunpkcs11.jar;C:\Program Files\Java\jdk1.8.0_201\jre\lib\ext\zipfs.jar;C:\Program Files\Java\jdk1.8.0_201\jre\lib\javaws.jar;C:\Program Files\Java\jdk1.8.0_201\jre\lib\jce.jar;C:\Program Files\Java\jdk1.8.0_201\jre\lib\jfr.jar;C:\Program Files\Java\jdk1.8.0_201\jre\lib\jfxswt.jar;C:\Program Files\Java\jdk1.8.0_201\jre\lib\jsse.jar;C:\Program Files\Java\jdk1.8.0_201\jre\lib\management-agent.jar;C:\Program Files\Java\jdk1.8.0_201\jre\lib\plugin.jar;C:\Program Files\Java\jdk1.8.0_201\jre\lib\resources.jar;C:\Program Files\Java\jdk1.8.0_201\jre\lib\rt.jar;C:\Users\lenovo\Desktop\Face-recognition-main\facesystem\face_corn\target\classes;C:\Users\lenovo\Desktop\Face-recognition-main\facesystem\common\target\classes;F:\subject\JavaWeb\maven-l\com\auth0\java-jwt\3.4.0\java-jwt-3.4.0.jar;F:\subject\JavaWeb\maven-l\commons-codec\commons-codec\1.15\commons-codec-1.15.jar;F:\subject\JavaWeb\maven-l\com\aliyun\oss\aliyun-sdk-oss\3.12.0\aliyun-sdk-oss-3.12.0.jar;F:\subject\JavaWeb\maven-l\org\apache\httpcomponents\httpclient\4.5.13\httpclient-4.5.13.jar;F:\subject\JavaWeb\maven-l\org\apache\httpcomponents\httpcore\4.4.14\httpcore-4.4.14.jar;F:\subject\JavaWeb\maven-l\org\jdom\jdom2\2.0.6\jdom2-2.0.6.ja
Launcher Type: SUN_STANDARD

Environment Variables:
JAVA_HOME=C:\Program Files\Java\jdk1.8.0_201
CLASSPATH=.;C:\Program Files\Java\jdk1.8.0_201\lib\dt.jar,C:\Program Files\Java\jdk1.8.0_201\lib\tools.jar;F:\subject\JavaWeb\apache-tomcat-8.5.45\lib\servlet-api.jar
PATH=C:\Program Files (x86)\Common Files\Oracle\Java\javapath;C:\WINDOWS\system32;C:\WINDOWS;C:\WINDOWS\System32\Wbem;C:\WINDOWS\System32\WindowsPowerShell\v1.0\;C:\WINDOWS\System32\OpenSSH\;F:\subject\JavaWeb\apache-tomcat-8.5.45\bin;F:\subject\JavaWeb\apache-tomcat-8.5.45\lib;C:\Program Files\NVIDIA Corporation\NVIDIA NvDLISR;F:\subject\JavaWeb\apache-maven-3.3.9\bin;F:\subject\JavaWeb\Gradle\gradle-6.9.1\bin;F:\subject\JavaWeb\nodejs;C:\Program Files\Java\jdk1.8.0_201\bin;C:\Program Files\MySQL\MySQL Server 8.0\bin;F:\subject\JavaWeb\env\MongoDB\bin;C:\Users\lenovo\AppData\Local\Microsoft\WindowsApps;F:\subject\PyCharm\PyCharm Community Edition 2020.3.3\bin;;F:\subject\JavaWeb\Microsoft VS Code\bin;F:\subject\JavaWeb\nodejs\node_global;
USERNAME=lenovo
OS=Windows_NT
PROCESSOR_IDENTIFIER=Intel64 Family 6 Model 158 Stepping 10, GenuineIntel



---------------  S Y S T E M  ---------------

OS: Windows 10.0 , 64 bit Build 19041 (10.0.19041.1202)

CPU:total 8 (initial active 8) (4 cores per cpu, 2 threads per core) family 6 model 158 stepping 10, cmov, cx8, fxsr, mmx, sse, sse2, sse3, ssse3, sse4.1, sse4.2, popcnt, avx, avx2, aes, clmul, erms, 3dnowpref, lzcnt, ht, tsc, tscinvbit, bmi1, bmi2, adx

Memory: 4k page, physical 8306932k(435616k free), swap 18792692k(5357288k free)

vm_info: Java HotSpot(TM) 64-Bit Server VM (25.201-b09) for windows-amd64 JRE (1.8.0_201-b09), built on Dec 15 2018 18:36:39 by "java_re" with MS VC++ 10.0 (VS2010)

time: Mon Nov 01 15:05:39 2021
timezone: 中国标准时间
elapsed time: 101 seconds (0d 0h 1m 41s)

