#
# A fatal error has been detected by the Java Runtime Environment:
#
#  EXCEPTION_ACCESS_VIOLATION (0xc0000005) at pc=0x00007ffb441ce0e5, pid=9672, tid=0x00000000000005a4
#
# JRE version: Java(TM) SE Runtime Environment (8.0_201-b09) (build 1.8.0_201-b09)
# Java VM: Java HotSpot(TM) 64-Bit Server VM (25.201-b09 mixed mode windows-amd64 compressed oops)
# Problematic frame:
# C  [libarcsoft_face.dll+0xe0e5]
#
# Failed to write core dump. Minidumps are not enabled by default on client versions of Windows
#
# If you would like to submit a bug report, please visit:
#   http://bugreport.java.com/bugreport/crash.jsp
# The crash happened outside the Java Virtual Machine in native code.
# See problematic frame for where to report the bug.
#

---------------  T H R E A D  ---------------

Current thread (0x000000001f31d000):  JavaThread "http-nio-8081-exec-3" daemon [_thread_in_native, id=1444, stack(0x00000000216e0000,0x00000000217e0000)]

siginfo: ExceptionCode=0xc0000005, writing address 0xfffffffe26a0ce60

Registers:
RAX=0x000000000000001f, RBX=0x0000000080002000, RCX=0x0000000000000020, RDX=0xffffffff80000000
RSP=0x00000000217dc5e0, RBP=0x0000000080000000, RSI=0x0000000000000140, RDI=0x0000000080000000
R8 =0x00000000000000ff, R9 =0x0000000000000000, R10=0x0000000080001000, R11=0x0000000026a0ce60
R12=0x0000000000000040, R13=0x0000000000000040, R14=0x0000000000000000, R15=0x000000001ef37db0
RIP=0x00007ffb441ce0e5, EFLAGS=0x0000000000010202

Top of Stack: (sp=0x00000000217dc5e0)
0x00000000217dc5e0:   0000000000000000 0000000000002000
0x00000000217dc5f0:   0000000000000010 0000000000000040
0x00000000217dc600:   0000000000000000 0000000026a19780
0x00000000217dc610:   00000000217dc720 00007ffb441cc5f2
0x00000000217dc620:   0000000000000000 00007ffb441d17a3
0x00000000217dc630:   0000000026a746f0 0000000026a74660
0x00000000217dc640:   0000000080000000 0000000000000020
0x00000000217dc650:   000000000000001f 0000000000000021
0x00000000217dc660:   0000000000000000 0000000000000000
0x00000000217dc670:   0000000000000040 00000000000003c0
0x00000000217dc680:   0000000000000000 0000000000000000
0x00000000217dc690:   0000000000000040 00000000217dc7b8
0x00000000217dc6a0:   0000000000000000 0000000000000040
0x00000000217dc6b0:   0000000000000040 0000000026a0ce60
0x00000000217dc6c0:   0000000021add780 00007ffb441cbf04
0x00000000217dc6d0:   0000000080000000 00007ffb000000f0 

Instructions: (pc=0x00007ffb441ce0e5)
0x00007ffb441ce0c5:   0f 4f c8 45 33 c9 85 c9 41 0f 48 c9 41 3b c0 41
0x00007ffb441ce0d5:   0f 4f c0 85 c0 41 0f 48 c1 66 0f 6e c1 0f 5b c0
0x00007ffb441ce0e5:   f3 41 0f 11 04 93 66 0f 6e c0 49 63 c2 0f 5b c0
0x00007ffb441ce0f5:   f3 41 0f 11 04 83 8b 44 24 78 eb 51 83 f9 01 75 


Register to memory mapping:

RAX=0x000000000000001f is an unknown value
RBX=0x0000000080002000 is an unknown value
RCX=0x0000000000000020 is an unknown value
RDX=0xffffffff80000000 is an unknown value
RSP=0x00000000217dc5e0 is pointing into the stack for thread: 0x000000001f31d000
RBP=0x0000000080000000 is an unknown value
RSI=0x0000000000000140 is an unknown value
RDI=0x0000000080000000 is an unknown value
R8 =0x00000000000000ff is an unknown value
R9 =0x0000000000000000 is an unknown value
R10=0x0000000080001000 is an unknown value
R11=0x0000000026a0ce60 is an unknown value
R12=0x0000000000000040 is an unknown value
R13=0x0000000000000040 is an unknown value
R14=0x0000000000000000 is an unknown value
R15=0x000000001ef37db0 is an unknown value


Stack: [0x00000000216e0000,0x00000000217e0000],  sp=0x00000000217dc5e0,  free space=1009k
Native frames: (J=compiled Java code, j=interpreted, Vv=VM code, C=native code)
C  [libarcsoft_face.dll+0xe0e5]
C  [libarcsoft_face.dll+0xc5f2]
C  [libarcsoft_face.dll+0xbf04]
C  [libarcsoft_face.dll+0x9049]
C  [libarcsoft_face.dll+0x89bc]
C  [libarcsoft_face.dll+0x7d0a]
C  [libarcsoft_face.dll+0x3c88]
C  [libarcsoft_face_engine.dll+0x58ca]
C  [libarcsoft_face_engine_jni.dll+0x18f6]
C  0x00000000036d8c67

Java frames: (J=compiled Java code, j=interpreted, Vv=VM code)
j  com.arcsoft.face.FaceEngine.detectFaces(J[BIIII[Lcom/arcsoft/face/FaceInfo;)I+0
j  com.arcsoft.face.FaceEngine.detectFaces([BIILcom/arcsoft/face/enums/ImageFormat;Lcom/arcsoft/face/enums/DetectModel;Ljava/util/List;)I+107
j  com.arcsoft.face.FaceEngine.detectFaces([BIILcom/arcsoft/face/enums/ImageFormat;Ljava/util/List;)I+11
j  com.tangcheng.face_corn.service.impl.faceServiceImpl.facesearch(Ljava/io/InputStream;Ljava/util/List;)Ljava/lang/String;+45
j  com.tangcheng.face_corn.controller.faceController.facesearch(Ljava/lang/String;Ljava/util/List;)Lresult/Result;+22
v  ~StubRoutines::call_stub
J 1867  sun.reflect.NativeMethodAccessorImpl.invoke0(Ljava/lang/reflect/Method;Ljava/lang/Object;[Ljava/lang/Object;)Ljava/lang/Object; (0 bytes) @ 0x0000000003a8777f [0x0000000003a87700+0x7f]
J 1866 C1 sun.reflect.NativeMethodAccessorImpl.invoke(Ljava/lang/Object;[Ljava/lang/Object;)Ljava/lang/Object; (104 bytes) @ 0x0000000003a87edc [0x0000000003a87b60+0x37c]
J 1966 C1 sun.reflect.DelegatingMethodAccessorImpl.invoke(Ljava/lang/Object;[Ljava/lang/Object;)Ljava/lang/Object; (10 bytes) @ 0x0000000003ab94a4 [0x0000000003ab9460+0x44]
J 1965 C1 java.lang.reflect.Method.invoke(Ljava/lang/Object;[Ljava/lang/Object;)Ljava/lang/Object; (62 bytes) @ 0x0000000003ab90d4 [0x0000000003ab8fe0+0xf4]
j  org.springframework.web.method.support.InvocableHandlerMethod.doInvoke([Ljava/lang/Object;)Ljava/lang/Object;+32
j  org.springframework.web.method.support.InvocableHandlerMethod.invokeForRequest(Lorg/springframework/web/context/request/NativeWebRequest;Lorg/springframework/web/method/support/ModelAndViewContainer;[Ljava/lang/Object;)Ljava/lang/Object;+54
j  org.springframework.web.servlet.mvc.method.annotation.ServletInvocableHandlerMethod.invokeAndHandle(Lorg/springframework/web/context/request/ServletWebRequest;Lorg/springframework/web/method/support/ModelAndViewContainer;[Ljava/lang/Object;)V+4
j  org.springframework.web.servlet.mvc.method.annotation.RequestMappingHandlerAdapter.invokeHandlerMethod(Ljavax/servlet/http/HttpServletRequest;Ljavax/servlet/http/HttpServletResponse;Lorg/springframework/web/method/HandlerMethod;)Lorg/springframework/web/servlet/ModelAndView;+244
j  org.springframework.web.servlet.mvc.method.annotation.RequestMappingHandlerAdapter.handleInternal(Ljavax/servlet/http/HttpServletRequest;Ljavax/servlet/http/HttpServletResponse;Lorg/springframework/web/method/HandlerMethod;)Lorg/springframework/web/servlet/ModelAndView;+81
j  org.springframework.web.servlet.mvc.method.AbstractHandlerMethodAdapter.handle(Ljavax/servlet/http/HttpServletRequest;Ljavax/servlet/http/HttpServletResponse;Ljava/lang/Object;)Lorg/springframework/web/servlet/ModelAndView;+7
j  org.springframework.web.servlet.DispatcherServlet.doDispatch(Ljavax/servlet/http/HttpServletRequest;Ljavax/servlet/http/HttpServletResponse;)V+259
j  org.springframework.web.servlet.DispatcherServlet.doService(Ljavax/servlet/http/HttpServletRequest;Ljavax/servlet/http/HttpServletResponse;)V+241
j  org.springframework.web.servlet.FrameworkServlet.processRequest(Ljavax/servlet/http/HttpServletRequest;Ljavax/servlet/http/HttpServletResponse;)V+71
j  org.springframework.web.servlet.FrameworkServlet.doPost(Ljavax/servlet/http/HttpServletRequest;Ljavax/servlet/http/HttpServletResponse;)V+3
j  javax.servlet.http.HttpServlet.service(Ljavax/servlet/http/HttpServletRequest;Ljavax/servlet/http/HttpServletResponse;)V+149
j  org.springframework.web.servlet.FrameworkServlet.service(Ljavax/servlet/http/HttpServletRequest;Ljavax/servlet/http/HttpServletResponse;)V+33
j  javax.servlet.http.HttpServlet.service(Ljavax/servlet/ServletRequest;Ljavax/servlet/ServletResponse;)V+36
j  org.apache.catalina.core.ApplicationFilterChain.internalDoFilter(Ljavax/servlet/ServletRequest;Ljavax/servlet/ServletResponse;)V+304
j  org.apache.catalina.core.ApplicationFilterChain.doFilter(Ljavax/servlet/ServletRequest;Ljavax/servlet/ServletResponse;)V+99
j  org.apache.tomcat.websocket.server.WsFilter.doFilter(Ljavax/servlet/ServletRequest;Ljavax/servlet/ServletResponse;Ljavax/servlet/FilterChain;)V+21
j  org.apache.catalina.core.ApplicationFilterChain.internalDoFilter(Ljavax/servlet/ServletRequest;Ljavax/servlet/ServletResponse;)V+135
j  org.apache.catalina.core.ApplicationFilterChain.doFilter(Ljavax/servlet/ServletRequest;Ljavax/servlet/ServletResponse;)V+99
j  org.springframework.web.filter.RequestContextFilter.doFilterInternal(Ljavax/servlet/http/HttpServletRequest;Ljavax/servlet/http/HttpServletResponse;Ljavax/servlet/FilterChain;)V+21
j  org.springframework.web.filter.OncePerRequestFilter.doFilter(Ljavax/servlet/ServletRequest;Ljavax/servlet/ServletResponse;Ljavax/servlet/FilterChain;)V+147
j  org.apache.catalina.core.ApplicationFilterChain.internalDoFilter(Ljavax/servlet/ServletRequest;Ljavax/servlet/ServletResponse;)V+135
j  org.apache.catalina.core.ApplicationFilterChain.doFilter(Ljavax/servlet/ServletRequest;Ljavax/servlet/ServletResponse;)V+99
j  org.springframework.web.filter.FormContentFilter.doFilterInternal(Ljavax/servlet/http/HttpServletRequest;Ljavax/servlet/http/HttpServletResponse;Ljavax/servlet/FilterChain;)V+38
j  org.springframework.web.filter.OncePerRequestFilter.doFilter(Ljavax/servlet/ServletRequest;Ljavax/servlet/ServletResponse;Ljavax/servlet/FilterChain;)V+147
j  org.apache.catalina.core.ApplicationFilterChain.internalDoFilter(Ljavax/servlet/ServletRequest;Ljavax/servlet/ServletResponse;)V+135
j  org.apache.catalina.core.ApplicationFilterChain.doFilter(Ljavax/servlet/ServletRequest;Ljavax/servlet/ServletResponse;)V+99
j  org.springframework.web.filter.CharacterEncodingFilter.doFilterInternal(Ljavax/servlet/http/HttpServletRequest;Ljavax/servlet/http/HttpServletResponse;Ljavax/servlet/FilterChain;)V+53
j  org.springframework.web.filter.OncePerRequestFilter.doFilter(Ljavax/servlet/ServletRequest;Ljavax/servlet/ServletResponse;Ljavax/servlet/FilterChain;)V+147
j  org.apache.catalina.core.ApplicationFilterChain.internalDoFilter(Ljavax/servlet/ServletRequest;Ljavax/servlet/ServletResponse;)V+135
j  org.apache.catalina.core.ApplicationFilterChain.doFilter(Ljavax/servlet/ServletRequest;Ljavax/servlet/ServletResponse;)V+99
j  org.apache.catalina.core.StandardWrapperValve.invoke(Lorg/apache/catalina/connector/Request;Lorg/apache/catalina/connector/Response;)V+694
j  org.apache.catalina.core.StandardContextValve.invoke(Lorg/apache/catalina/connector/Request;Lorg/apache/catalina/connector/Response;)V+169
j  org.apache.catalina.authenticator.AuthenticatorBase.invoke(Lorg/apache/catalina/connector/Request;Lorg/apache/catalina/connector/Response;)V+260
j  org.apache.catalina.core.StandardHostValve.invoke(Lorg/apache/catalina/connector/Request;Lorg/apache/catalina/connector/Response;)V+128
j  org.apache.catalina.valves.ErrorReportValve.invoke(Lorg/apache/catalina/connector/Request;Lorg/apache/catalina/connector/Response;)V+6
j  org.apache.catalina.core.StandardEngineValve.invoke(Lorg/apache/catalina/connector/Request;Lorg/apache/catalina/connector/Response;)V+59
j  org.apache.catalina.connector.CoyoteAdapter.service(Lorg/apache/coyote/Request;Lorg/apache/coyote/Response;)V+199
j  org.apache.coyote.http11.Http11Processor.service(Lorg/apache/tomcat/util/net/SocketWrapperBase;)Lorg/apache/tomcat/util/net/AbstractEndpoint$Handler$SocketState;+737
j  org.apache.coyote.AbstractProcessorLight.process(Lorg/apache/tomcat/util/net/SocketWrapperBase;Lorg/apache/tomcat/util/net/SocketEvent;)Lorg/apache/tomcat/util/net/AbstractEndpoint$Handler$SocketState;+170
j  org.apache.coyote.AbstractProtocol$ConnectionHandler.process(Lorg/apache/tomcat/util/net/SocketWrapperBase;Lorg/apache/tomcat/util/net/SocketEvent;)Lorg/apache/tomcat/util/net/AbstractEndpoint$Handler$SocketState;+505
j  org.apache.tomcat.util.net.NioEndpoint$SocketProcessor.doRun()V+216
j  org.apache.tomcat.util.net.SocketProcessorBase.run()V+21
j  java.util.concurrent.ThreadPoolExecutor.runWorker(Ljava/util/concurrent/ThreadPoolExecutor$Worker;)V+95
j  java.util.concurrent.ThreadPoolExecutor$Worker.run()V+5
j  org.apache.tomcat.util.threads.TaskThread$WrappingRunnable.run()V+4
j  java.lang.Thread.run()V+11
v  ~StubRoutines::call_stub

---------------  P R O C E S S  ---------------

Java Threads: ( => current thread )
  0x000000001f018000 JavaThread "lettuce-eventExecutorLoop-1-8" daemon [_thread_blocked, id=16856, stack(0x000000001d110000,0x000000001d210000)]
  0x000000001f013800 JavaThread "lettuce-eventExecutorLoop-1-7" daemon [_thread_blocked, id=9876, stack(0x000000001d210000,0x000000001d310000)]
  0x000000001f017800 JavaThread "lettuce-eventExecutorLoop-1-6" daemon [_thread_blocked, id=10476, stack(0x0000000041490000,0x0000000041590000)]
  0x000000001f012000 JavaThread "lettuce-eventExecutorLoop-1-5" daemon [_thread_blocked, id=12384, stack(0x0000000041390000,0x0000000041490000)]
  0x000000001f013000 JavaThread "lettuce-eventExecutorLoop-1-4" daemon [_thread_blocked, id=4928, stack(0x0000000041290000,0x0000000041390000)]
  0x000000001f016000 JavaThread "lettuce-eventExecutorLoop-1-3" daemon [_thread_blocked, id=7400, stack(0x0000000041190000,0x0000000041290000)]
  0x000000001f015000 JavaThread "Java2D Disposer" daemon [_thread_blocked, id=8776, stack(0x0000000041090000,0x0000000041190000)]
  0x000000001f010000 JavaThread "idle_connection_reaper" daemon [_thread_blocked, id=13544, stack(0x0000000040f90000,0x0000000041090000)]
  0x000000001f016800 JavaThread "lettuce-eventExecutorLoop-1-2" daemon [_thread_blocked, id=3740, stack(0x0000000040c90000,0x0000000040d90000)]
  0x000000001f010800 JavaThread "lettuce-eventExecutorLoop-1-1" daemon [_thread_blocked, id=1272, stack(0x00000000238f0000,0x00000000239f0000)]
  0x000000001f326000 JavaThread "lettuce-nioEventLoop-4-1" daemon [_thread_in_native, id=12608, stack(0x0000000003220000,0x0000000003320000)]
  0x000000001f327800 JavaThread "DiscoveryClient-HeartbeatExecutor-0" daemon [_thread_blocked, id=15024, stack(0x00000000225e0000,0x00000000226e0000)]
  0x000000001f329000 JavaThread "DiscoveryClient-CacheRefreshExecutor-0" daemon [_thread_blocked, id=14792, stack(0x00000000224e0000,0x00000000225e0000)]
  0x000000001f328000 JavaThread "DestroyJavaVM" [_thread_blocked, id=13340, stack(0x0000000003320000,0x0000000003420000)]
  0x000000001f329800 JavaThread "http-nio-8081-Acceptor" daemon [_thread_in_native, id=4824, stack(0x0000000021fe0000,0x00000000220e0000)]
  0x000000001f325000 JavaThread "http-nio-8081-ClientPoller" daemon [_thread_in_native, id=14712, stack(0x0000000021ee0000,0x0000000021fe0000)]
  0x000000001f326800 JavaThread "http-nio-8081-exec-10" daemon [_thread_blocked, id=14708, stack(0x0000000021de0000,0x0000000021ee0000)]
  0x000000001f31d800 JavaThread "http-nio-8081-exec-9" daemon [_thread_blocked, id=4516, stack(0x0000000021ce0000,0x0000000021de0000)]
  0x000000001f324800 JavaThread "http-nio-8081-exec-8" daemon [_thread_blocked, id=2632, stack(0x0000000021be0000,0x0000000021ce0000)]
  0x000000001f320800 JavaThread "http-nio-8081-exec-7" daemon [_thread_blocked, id=10456, stack(0x0000000021ae0000,0x0000000021be0000)]
  0x000000001f323800 JavaThread "http-nio-8081-exec-6" daemon [_thread_in_native, id=9292, stack(0x00000000219e0000,0x0000000021ae0000)]
  0x000000001f320000 JavaThread "http-nio-8081-exec-5" daemon [_thread_in_native, id=14956, stack(0x00000000218e0000,0x00000000219e0000)]
  0x000000001f31e800 JavaThread "http-nio-8081-exec-4" daemon [_thread_in_native, id=10168, stack(0x00000000217e0000,0x00000000218e0000)]
=>0x000000001f31d000 JavaThread "http-nio-8081-exec-3" daemon [_thread_in_native, id=1444, stack(0x00000000216e0000,0x00000000217e0000)]
  0x000000001f322000 JavaThread "http-nio-8081-exec-2" daemon [_thread_in_native, id=9532, stack(0x00000000215e0000,0x00000000216e0000)]
  0x000000001f323000 JavaThread "http-nio-8081-exec-1" daemon [_thread_in_native, id=14748, stack(0x00000000214e0000,0x00000000215e0000)]
  0x000000001f31b000 JavaThread "http-nio-8081-BlockPoller" daemon [_thread_in_native, id=1756, stack(0x00000000211e0000,0x00000000212e0000)]
  0x000000001f31a800 JavaThread "DiscoveryClient-InstanceInfoReplicator-0" daemon [_thread_blocked, id=14996, stack(0x00000000210e0000,0x00000000211e0000)]
  0x000000001f321800 JavaThread "DiscoveryClient-1" daemon [_thread_blocked, id=8072, stack(0x0000000020fe0000,0x00000000210e0000)]
  0x000000001f31c000 JavaThread "DiscoveryClient-0" daemon [_thread_blocked, id=9184, stack(0x0000000020ee0000,0x0000000020fe0000)]
  0x000000001c235000 JavaThread "AsyncResolver-bootstrap-0" daemon [_thread_blocked, id=13512, stack(0x00000000208e0000,0x00000000209e0000)]
  0x000000001c233800 JavaThread "spring.cloud.inetutils" daemon [_thread_blocked, id=6468, stack(0x00000000207e0000,0x00000000208e0000)]
  0x000000001c239800 JavaThread "lettuce-timer-3-1" daemon [_thread_blocked, id=13948, stack(0x000000001ffe0000,0x00000000200e0000)]
  0x000000001c238800 JavaThread "container-0" [_thread_blocked, id=6068, stack(0x000000001fce0000,0x000000001fde0000)]
  0x000000001c237000 JavaThread "Catalina-utility-2" [_thread_blocked, id=14612, stack(0x000000001fbe0000,0x000000001fce0000)]
  0x000000001c235800 JavaThread "Catalina-utility-1" [_thread_blocked, id=13764, stack(0x000000001d410000,0x000000001d510000)]
  0x000000001bfab800 JavaThread "RMI Scheduler(0)" daemon [_thread_blocked, id=2956, stack(0x000000001d310000,0x000000001d410000)]
  0x000000001b2bc800 JavaThread "RMI TCP Accept-0" daemon [_thread_in_native, id=13700, stack(0x000000001bc90000,0x000000001bd90000)]
  0x000000001b2b5000 JavaThread "RMI TCP Accept-55557" daemon [_thread_in_native, id=14540, stack(0x000000001bb90000,0x000000001bc90000)]
  0x000000001b2a8000 JavaThread "RMI TCP Accept-0" daemon [_thread_in_native, id=1932, stack(0x000000001ba90000,0x000000001bb90000)]
  0x000000001b045000 JavaThread "Service Thread" daemon [_thread_blocked, id=14528, stack(0x000000001b970000,0x000000001ba70000)]
  0x000000001b02f000 JavaThread "C1 CompilerThread3" daemon [_thread_blocked, id=14532, stack(0x000000001b870000,0x000000001b970000)]
  0x000000001b01e800 JavaThread "C2 CompilerThread2" daemon [_thread_blocked, id=11412, stack(0x000000001b770000,0x000000001b870000)]
  0x000000001afdf000 JavaThread "C2 CompilerThread1" daemon [_thread_blocked, id=3224, stack(0x000000001b670000,0x000000001b770000)]
  0x000000001afd8800 JavaThread "C2 CompilerThread0" daemon [_thread_blocked, id=1968, stack(0x000000001b570000,0x000000001b670000)]
  0x000000001afcd800 JavaThread "Monitor Ctrl-Break" daemon [_thread_in_native, id=3428, stack(0x000000001b470000,0x000000001b570000)]
  0x000000001a492800 JavaThread "Attach Listener" daemon [_thread_blocked, id=2068, stack(0x000000001ab60000,0x000000001ac60000)]
  0x000000001a4eb800 JavaThread "Signal Dispatcher" daemon [_thread_blocked, id=1348, stack(0x000000001aa60000,0x000000001ab60000)]
  0x0000000018694000 JavaThread "Finalizer" daemon [_thread_blocked, id=10212, stack(0x000000001a950000,0x000000001aa50000)]
  0x000000001a470800 JavaThread "Reference Handler" daemon [_thread_blocked, id=12512, stack(0x000000001a850000,0x000000001a950000)]

Other Threads:
  0x0000000018686800 VMThread [stack: 0x000000001a350000,0x000000001a450000] [id=14828]
  0x000000001b2bd800 WatcherThread [stack: 0x000000001bd90000,0x000000001be90000] [id=8500]

VM state:not at safepoint (normal execution)

VM Mutex/Monitor currently owned by a thread: None

heap address: 0x0000000081200000, size: 2030 MB, Compressed Oops mode: 32-bit
Narrow klass base: 0x0000000000000000, Narrow klass shift: 3
Compressed class space size: 1073741824 Address: 0x0000000100000000

Heap:
 PSYoungGen      total 243712K, used 135704K [0x00000000d5b80000, 0x00000000e6600000, 0x0000000100000000)
  eden space 226304K, 54% used [0x00000000d5b80000,0x00000000dd335460,0x00000000e3880000)
  from space 17408K, 75% used [0x00000000e4a00000,0x00000000e56d0e20,0x00000000e5b00000)
  to   space 17920K, 0% used [0x00000000e3880000,0x00000000e3880000,0x00000000e4a00000)
 ParOldGen       total 123904K, used 72000K [0x0000000081200000, 0x0000000088b00000, 0x00000000d5b80000)
  object space 123904K, 58% used [0x0000000081200000,0x0000000085850348,0x0000000088b00000)
 Metaspace       used 55505K, capacity 59182K, committed 59480K, reserved 1099776K
  class space    used 7599K, capacity 8248K, committed 8320K, reserved 1048576K

Card table byte_map: [0x0000000012a80000,0x0000000012e80000] byte_map_base: 0x0000000012677000

Marking Bits: (ParMarkBitMap*) 0x000000005d9a4ce0
 Begin Bits: [0x0000000013930000, 0x00000000158e8000)
 End Bits:   [0x00000000158e8000, 0x00000000178a0000)

Polling page: 0x0000000001560000

CodeCache: size=245760Kb used=10251Kb max_used=10251Kb free=235508Kb
 bounds [0x00000000036c0000, 0x00000000040d0000, 0x00000000126c0000]
 total_blobs=5946 nmethods=5347 adapters=511
 compilation: enabled

Compilation events (10 events):
Event: 137.302 Thread 0x000000001b02f000 5470       1       javax.imageio.spi.DigraphNode::getData (5 bytes)
Event: 137.302 Thread 0x000000001b02f000 nmethod 5470 0x0000000003e89190 code [0x0000000003e892e0, 0x0000000003e893f0]
Event: 137.339 Thread 0x000000001b02f000 5471       1       org.apache.coyote.Request::decodedURI (5 bytes)
Event: 137.339 Thread 0x000000001b02f000 nmethod 5471 0x0000000003e88e90 code [0x0000000003e88fe0, 0x0000000003e890f0]
Event: 137.339 Thread 0x000000001b02f000 5472       1       org.apache.catalina.util.TLSUtil::isTLSRequestAttribute (248 bytes)
Event: 137.340 Thread 0x000000001b02f000 nmethod 5472 0x00000000040c14d0 code [0x00000000040c16a0, 0x00000000040c1a88]
Event: 137.342 Thread 0x000000001b02f000 5473 %     1       java.util.regex.Pattern$BnM::match @ 20 (161 bytes)
Event: 137.343 Thread 0x000000001b02f000 nmethod 5473% 0x00000000040c1c10 code [0x00000000040c1dc0, 0x00000000040c2258]
Event: 137.348 Thread 0x000000001b02f000 5474       1       javax.imageio.stream.ImageInputStreamImpl::getStreamPosition (9 bytes)
Event: 137.348 Thread 0x000000001b02f000 nmethod 5474 0x00000000040c2750 code [0x00000000040c28c0, 0x00000000040c2a88]

GC Heap History (10 events):
Event: 14.885 GC heap before
{Heap before GC invocations=13 (full 2):
 PSYoungGen      total 160256K, used 150528K [0x00000000d5b80000, 0x00000000e0280000, 0x0000000100000000)
  eden space 150528K, 100% used [0x00000000d5b80000,0x00000000dee80000,0x00000000dee80000)
  from space 9728K, 0% used [0x00000000df900000,0x00000000df900000,0x00000000e0280000)
  to   space 10240K, 0% used [0x00000000dee80000,0x00000000dee80000,0x00000000df880000)
 ParOldGen       total 85504K, used 16892K [0x0000000081200000, 0x0000000086580000, 0x00000000d5b80000)
  object space 85504K, 19% used [0x0000000081200000,0x000000008227f0d8,0x0000000086580000)
 Metaspace       used 41171K, capacity 44088K, committed 44376K, reserved 1087488K
  class space    used 5694K, capacity 6227K, committed 6272K, reserved 1048576K
Event: 14.899 GC heap after
Heap after GC invocations=13 (full 2):
 PSYoungGen      total 160768K, used 10216K [0x00000000d5b80000, 0x00000000e3080000, 0x0000000100000000)
  eden space 150528K, 0% used [0x00000000d5b80000,0x00000000d5b80000,0x00000000dee80000)
  from space 10240K, 99% used [0x00000000dee80000,0x00000000df87a100,0x00000000df880000)
  to   space 12288K, 0% used [0x00000000e2480000,0x00000000e2480000,0x00000000e3080000)
 ParOldGen       total 85504K, used 19217K [0x0000000081200000, 0x0000000086580000, 0x00000000d5b80000)
  object space 85504K, 22% used [0x0000000081200000,0x00000000824c4668,0x0000000086580000)
 Metaspace       used 41171K, capacity 44088K, committed 44376K, reserved 1087488K
  class space    used 5694K, capacity 6227K, committed 6272K, reserved 1048576K
}
Event: 79.882 GC heap before
{Heap before GC invocations=14 (full 2):
 PSYoungGen      total 160768K, used 160744K [0x00000000d5b80000, 0x00000000e3080000, 0x0000000100000000)
  eden space 150528K, 100% used [0x00000000d5b80000,0x00000000dee80000,0x00000000dee80000)
  from space 10240K, 99% used [0x00000000dee80000,0x00000000df87a100,0x00000000df880000)
  to   space 12288K, 0% used [0x00000000e2480000,0x00000000e2480000,0x00000000e3080000)
 ParOldGen       total 85504K, used 19217K [0x0000000081200000, 0x0000000086580000, 0x00000000d5b80000)
  object space 85504K, 22% used [0x0000000081200000,0x00000000824c4668,0x0000000086580000)
 Metaspace       used 52674K, capacity 56242K, committed 56536K, reserved 1097728K
  class space    used 7228K, capacity 7862K, committed 7936K, reserved 1048576K
Event: 79.900 GC heap after
Heap after GC invocations=14 (full 2):
 PSYoungGen      total 199680K, used 12284K [0x00000000d5b80000, 0x00000000e3380000, 0x0000000100000000)
  eden space 187392K, 0% used [0x00000000d5b80000,0x00000000d5b80000,0x00000000e1280000)
  from space 12288K, 99% used [0x00000000e2480000,0x00000000e307f210,0x00000000e3080000)
  to   space 16896K, 0% used [0x00000000e1280000,0x00000000e1280000,0x00000000e2300000)
 ParOldGen       total 85504K, used 28930K [0x0000000081200000, 0x0000000086580000, 0x00000000d5b80000)
  object space 85504K, 33% used [0x0000000081200000,0x0000000082e40ad0,0x0000000086580000)
 Metaspace       used 52674K, capacity 56242K, committed 56536K, reserved 1097728K
  class space    used 7228K, capacity 7862K, committed 7936K, reserved 1048576K
}
Event: 89.510 GC heap before
{Heap before GC invocations=15 (full 2):
 PSYoungGen      total 199680K, used 43968K [0x00000000d5b80000, 0x00000000e3380000, 0x0000000100000000)
  eden space 187392K, 16% used [0x00000000d5b80000,0x00000000d7a70f70,0x00000000e1280000)
  from space 12288K, 99% used [0x00000000e2480000,0x00000000e307f210,0x00000000e3080000)
  to   space 16896K, 0% used [0x00000000e1280000,0x00000000e1280000,0x00000000e2300000)
 ParOldGen       total 85504K, used 28930K [0x0000000081200000, 0x0000000086580000, 0x00000000d5b80000)
  object space 85504K, 33% used [0x0000000081200000,0x0000000082e40ad0,0x0000000086580000)
 Metaspace       used 55083K, capacity 58778K, committed 58968K, reserved 1099776K
  class space    used 7539K, capacity 8204K, committed 8320K, reserved 1048576K
Event: 89.522 GC heap after
Heap after GC invocations=15 (full 2):
 PSYoungGen      total 204288K, used 3291K [0x00000000d5b80000, 0x00000000e5b00000, 0x0000000100000000)
  eden space 187392K, 0% used [0x00000000d5b80000,0x00000000d5b80000,0x00000000e1280000)
  from space 16896K, 19% used [0x00000000e1280000,0x00000000e15b6d40,0x00000000e2300000)
  to   space 17408K, 0% used [0x00000000e4a00000,0x00000000e4a00000,0x00000000e5b00000)
 ParOldGen       total 85504K, used 37209K [0x0000000081200000, 0x0000000086580000, 0x00000000d5b80000)
  object space 85504K, 43% used [0x0000000081200000,0x0000000083656428,0x0000000086580000)
 Metaspace       used 55083K, capacity 58778K, committed 58968K, reserved 1099776K
  class space    used 7539K, capacity 8204K, committed 8320K, reserved 1048576K
}
Event: 89.522 GC heap before
{Heap before GC invocations=16 (full 3):
 PSYoungGen      total 204288K, used 3291K [0x00000000d5b80000, 0x00000000e5b00000, 0x0000000100000000)
  eden space 187392K, 0% used [0x00000000d5b80000,0x00000000d5b80000,0x00000000e1280000)
  from space 16896K, 19% used [0x00000000e1280000,0x00000000e15b6d40,0x00000000e2300000)
  to   space 17408K, 0% used [0x00000000e4a00000,0x00000000e4a00000,0x00000000e5b00000)
 ParOldGen       total 85504K, used 37209K [0x0000000081200000, 0x0000000086580000, 0x00000000d5b80000)
  object space 85504K, 43% used [0x0000000081200000,0x0000000083656428,0x0000000086580000)
 Metaspace       used 55083K, capacity 58778K, committed 58968K, reserved 1099776K
  class space    used 7539K, capacity 8204K, committed 8320K, reserved 1048576K
Event: 89.702 GC heap after
Heap after GC invocations=16 (full 3):
 PSYoungGen      total 204288K, used 0K [0x00000000d5b80000, 0x00000000e5b00000, 0x0000000100000000)
  eden space 187392K, 0% used [0x00000000d5b80000,0x00000000d5b80000,0x00000000e1280000)
  from space 16896K, 0% used [0x00000000e1280000,0x00000000e1280000,0x00000000e2300000)
  to   space 17408K, 0% used [0x00000000e4a00000,0x00000000e4a00000,0x00000000e5b00000)
 ParOldGen       total 123904K, used 28111K [0x0000000081200000, 0x0000000088b00000, 0x00000000d5b80000)
  object space 123904K, 22% used [0x0000000081200000,0x0000000082d73dc0,0x0000000088b00000)
 Metaspace       used 55083K, capacity 58778K, committed 58968K, reserved 1099776K
  class space    used 7539K, capacity 8204K, committed 8320K, reserved 1048576K
}
Event: 91.388 GC heap before
{Heap before GC invocations=17 (full 3):
 PSYoungGen      total 204288K, used 185791K [0x00000000d5b80000, 0x00000000e5b00000, 0x0000000100000000)
  eden space 187392K, 99% used [0x00000000d5b80000,0x00000000e10eff68,0x00000000e1280000)
  from space 16896K, 0% used [0x00000000e1280000,0x00000000e1280000,0x00000000e2300000)
  to   space 17408K, 0% used [0x00000000e4a00000,0x00000000e4a00000,0x00000000e5b00000)
 ParOldGen       total 123904K, used 28111K [0x0000000081200000, 0x0000000088b00000, 0x00000000d5b80000)
  object space 123904K, 22% used [0x0000000081200000,0x0000000082d73dc0,0x0000000088b00000)
 Metaspace       used 55458K, capacity 59148K, committed 59480K, reserved 1099776K
  class space    used 7589K, capacity 8241K, committed 8320K, reserved 1048576K
Event: 91.405 GC heap after
Heap after GC invocations=17 (full 3):
 PSYoungGen      total 243712K, used 13123K [0x00000000d5b80000, 0x00000000e6600000, 0x0000000100000000)
  eden space 226304K, 0% used [0x00000000d5b80000,0x00000000d5b80000,0x00000000e3880000)
  from space 17408K, 75% used [0x00000000e4a00000,0x00000000e56d0e20,0x00000000e5b00000)
  to   space 17920K, 0% used [0x00000000e3880000,0x00000000e3880000,0x00000000e4a00000)
 ParOldGen       total 123904K, used 72000K [0x0000000081200000, 0x0000000088b00000, 0x00000000d5b80000)
  object space 123904K, 58% used [0x0000000081200000,0x0000000085850348,0x0000000088b00000)
 Metaspace       used 55458K, capacity 59148K, committed 59480K, reserved 1099776K
  class space    used 7589K, capacity 8241K, committed 8320K, reserved 1048576K
}

Deoptimization events (0 events):
No events

Classes redefined (0 events):
No events

Internal exceptions (10 events):
Event: 130.017 Thread 0x000000001f320800 Exception <a 'java/lang/ArrayIndexOutOfBoundsException'> (0x00000000d6fdb0c0) thrown at [C:\re\workspace\8-2-build-windows-amd64-cygwin\jdk8u201\12322\hotspot\src\share\vm\runtime\sharedRuntime.cpp, line 605]
Event: 130.189 Thread 0x000000001f320800 Exception <a 'java/lang/NoSuchMethodError': java.lang.Object.lambda$invoke$0()Ljava/lang/Object;> (0x00000000d741d218) thrown at [C:\re\workspace\8-2-build-windows-amd64-cygwin\jdk8u201\12322\hotspot\src\share\vm\interpreter\linkResolver.cpp, line 620]
Event: 130.197 Thread 0x000000001f320800 Exception <a 'java/lang/ArrayIndexOutOfBoundsException'> (0x00000000d744df60) thrown at [C:\re\workspace\8-2-build-windows-amd64-cygwin\jdk8u201\12322\hotspot\src\share\vm\runtime\sharedRuntime.cpp, line 605]
Event: 130.197 Thread 0x000000001f320800 Exception <a 'java/lang/ArrayIndexOutOfBoundsException'> (0x00000000d744fcd8) thrown at [C:\re\workspace\8-2-build-windows-amd64-cygwin\jdk8u201\12322\hotspot\src\share\vm\runtime\sharedRuntime.cpp, line 605]
Event: 130.197 Thread 0x000000001f320800 Exception <a 'java/lang/ArrayIndexOutOfBoundsException'> (0x00000000d7451120) thrown at [C:\re\workspace\8-2-build-windows-amd64-cygwin\jdk8u201\12322\hotspot\src\share\vm\runtime\sharedRuntime.cpp, line 605]
Event: 130.198 Thread 0x000000001f320800 Exception <a 'java/lang/ArrayIndexOutOfBoundsException'> (0x00000000d7456ed0) thrown at [C:\re\workspace\8-2-build-windows-amd64-cygwin\jdk8u201\12322\hotspot\src\share\vm\runtime\sharedRuntime.cpp, line 605]
Event: 131.498 Thread 0x000000001f320000 Exception <a 'java/io/IOException'> (0x00000000d9b74750) thrown at [C:\re\workspace\8-2-build-windows-amd64-cygwin\jdk8u201\12322\hotspot\src\share\vm\prims\jni.cpp, line 709]
Event: 137.125 Thread 0x000000001f327800 Exception <a 'java/net/SocketTimeoutException': Read timed out> (0x00000000d6e30d90) thrown at [C:\re\workspace\8-2-build-windows-amd64-cygwin\jdk8u201\12322\hotspot\src\share\vm\prims\jni.cpp, line 735]
Event: 137.125 Thread 0x000000001f329000 Exception <a 'java/net/SocketTimeoutException': Read timed out> (0x00000000d6e91430) thrown at [C:\re\workspace\8-2-build-windows-amd64-cygwin\jdk8u201\12322\hotspot\src\share\vm\prims\jni.cpp, line 735]
Event: 137.233 Thread 0x000000001f320800 Exception <a 'java/io/IOException'> (0x00000000daabfde8) thrown at [C:\re\workspace\8-2-build-windows-amd64-cygwin\jdk8u201\12322\hotspot\src\share\vm\prims\jni.cpp, line 709]

Events (10 events):
Event: 137.227 Executing VM operation: RevokeBias
Event: 137.227 Executing VM operation: RevokeBias done
Event: 137.228 Executing VM operation: RevokeBias
Event: 137.228 Executing VM operation: RevokeBias done
Event: 137.276 Executing VM operation: RevokeBias
Event: 137.276 Executing VM operation: RevokeBias done
Event: 137.284 Thread 0x000000001b02f000 flushing nmethod 0x0000000003ce9a90
Event: 137.285 Executing VM operation: RevokeBias
Event: 137.285 Executing VM operation: RevokeBias done
Event: 137.287 Thread 0x000000001b02f000 flushing nmethod 0x0000000003e88e90


Dynamic libraries:
0x00007ff6748f0000 - 0x00007ff674927000 	C:\Program Files\Java\jdk1.8.0_201\bin\java.exe
0x00007ffb96d10000 - 0x00007ffb96f05000 	C:\WINDOWS\SYSTEM32\ntdll.dll
0x00007ffb957f0000 - 0x00007ffb958ae000 	C:\WINDOWS\System32\KERNEL32.DLL
0x00007ffb94930000 - 0x00007ffb94bf9000 	C:\WINDOWS\System32\KERNELBASE.dll
0x00007ffb95a50000 - 0x00007ffb95afc000 	C:\WINDOWS\System32\ADVAPI32.dll
0x00007ffb956c0000 - 0x00007ffb9575e000 	C:\WINDOWS\System32\msvcrt.dll
0x00007ffb94d90000 - 0x00007ffb94e2b000 	C:\WINDOWS\System32\sechost.dll
0x00007ffb95d40000 - 0x00007ffb95e6a000 	C:\WINDOWS\System32\RPCRT4.dll
0x00007ffb96b20000 - 0x00007ffb96cc1000 	C:\WINDOWS\System32\USER32.dll
0x00007ffb94710000 - 0x00007ffb94732000 	C:\WINDOWS\System32\win32u.dll
0x00007ffb96af0000 - 0x00007ffb96b1b000 	C:\WINDOWS\System32\GDI32.dll
0x00007ffb94c50000 - 0x00007ffb94d5b000 	C:\WINDOWS\System32\gdi32full.dll
0x00007ffb94530000 - 0x00007ffb945cd000 	C:\WINDOWS\System32\msvcp_win.dll
0x00007ffb94430000 - 0x00007ffb94530000 	C:\WINDOWS\System32\ucrtbase.dll
0x00007ffb85b50000 - 0x00007ffb85dea000 	C:\WINDOWS\WinSxS\amd64_microsoft.windows.common-controls_6595b64144ccf1df_6.0.19041.1110_none_60b5254171f9507e\COMCTL32.dll
0x00007ffb94d60000 - 0x00007ffb94d90000 	C:\WINDOWS\System32\IMM32.DLL
0x000000005e860000 - 0x000000005e931000 	C:\Program Files\Java\jdk1.8.0_201\jre\bin\msvcr100.dll
0x000000005d180000 - 0x000000005da24000 	C:\Program Files\Java\jdk1.8.0_201\jre\bin\server\jvm.dll
0x00007ffb968e0000 - 0x00007ffb968e8000 	C:\WINDOWS\System32\PSAPI.DLL
0x00007ffb83fb0000 - 0x00007ffb83fb9000 	C:\WINDOWS\SYSTEM32\WSOCK32.dll
0x00007ffb8b3f0000 - 0x00007ffb8b3fa000 	C:\WINDOWS\SYSTEM32\VERSION.dll
0x00007ffb967e0000 - 0x00007ffb9684b000 	C:\WINDOWS\System32\WS2_32.dll
0x00007ffb87350000 - 0x00007ffb87377000 	C:\WINDOWS\SYSTEM32\WINMM.dll
0x00007ffb8e260000 - 0x00007ffb8e26f000 	C:\Program Files\Java\jdk1.8.0_201\jre\bin\verify.dll
0x00007ffb8db00000 - 0x00007ffb8db29000 	C:\Program Files\Java\jdk1.8.0_201\jre\bin\java.dll
0x00007ffb737c0000 - 0x00007ffb737e3000 	C:\Program Files\Java\jdk1.8.0_201\jre\bin\instrument.dll
0x00007ffb8ca70000 - 0x00007ffb8ca86000 	C:\Program Files\Java\jdk1.8.0_201\jre\bin\zip.dll
0x00007ffb95e70000 - 0x00007ffb965af000 	C:\WINDOWS\System32\SHELL32.dll
0x00007ffb92170000 - 0x00007ffb92900000 	C:\WINDOWS\SYSTEM32\windows.storage.dll
0x00007ffb952b0000 - 0x00007ffb95605000 	C:\WINDOWS\System32\combase.dll
0x00007ffb93e80000 - 0x00007ffb93eac000 	C:\WINDOWS\SYSTEM32\Wldp.dll
0x00007ffb95610000 - 0x00007ffb956bd000 	C:\WINDOWS\System32\SHCORE.dll
0x00007ffb958b0000 - 0x00007ffb95905000 	C:\WINDOWS\System32\shlwapi.dll
0x00007ffb94370000 - 0x00007ffb9438f000 	C:\WINDOWS\SYSTEM32\profapi.dll
0x00007ffb73220000 - 0x00007ffb7323a000 	F:\subject\IDEA 2018_sssam.com\IntelliJ IDEA 2018.2.4\bin\breakgen64.dll
0x00007ffb8c040000 - 0x00007ffb8c05a000 	C:\Program Files\Java\jdk1.8.0_201\jre\bin\net.dll
0x00007ffb82500000 - 0x00007ffb826eb000 	C:\WINDOWS\SYSTEM32\urlmon.dll
0x00007ffb82a60000 - 0x00007ffb82d10000 	C:\WINDOWS\SYSTEM32\iertutil.dll
0x00007ffb824d0000 - 0x00007ffb824f8000 	C:\WINDOWS\SYSTEM32\srvcli.dll
0x00007ffb93a30000 - 0x00007ffb93a3c000 	C:\WINDOWS\SYSTEM32\netutils.dll
0x00007ffb93be0000 - 0x00007ffb93c4a000 	C:\WINDOWS\system32\mswsock.dll
0x00007ffb8c3e0000 - 0x00007ffb8c3ed000 	C:\Program Files\Java\jdk1.8.0_201\jre\bin\management.dll
0x00007ffb830f0000 - 0x00007ffb83101000 	C:\Program Files\Java\jdk1.8.0_201\jre\bin\nio.dll
0x00007ffb76820000 - 0x00007ffb76837000 	C:\WINDOWS\system32\napinsp.dll
0x00007ffb76710000 - 0x00007ffb7672b000 	C:\WINDOWS\system32\pnrpnsp.dll
0x00007ffb8e7d0000 - 0x00007ffb8e7e5000 	C:\WINDOWS\system32\wshbth.dll
0x00007ffb8f180000 - 0x00007ffb8f19d000 	C:\WINDOWS\system32\NLAapi.dll
0x00007ffb93880000 - 0x00007ffb938bb000 	C:\WINDOWS\SYSTEM32\IPHLPAPI.DLL
0x00007ffb938c0000 - 0x00007ffb9398c000 	C:\WINDOWS\SYSTEM32\DNSAPI.dll
0x00007ffb95a40000 - 0x00007ffb95a48000 	C:\WINDOWS\System32\NSI.dll
0x00007ffb766f0000 - 0x00007ffb76702000 	C:\WINDOWS\System32\winrnr.dll
0x00007ffb8b560000 - 0x00007ffb8b56a000 	C:\Windows\System32\rasadhlp.dll
0x00007ffb82e60000 - 0x00007ffb82edf000 	C:\WINDOWS\System32\fwpuclnt.dll
0x00007ffb94630000 - 0x00007ffb94657000 	C:\WINDOWS\System32\bcrypt.dll
0x00007ffb93dd0000 - 0x00007ffb93de8000 	C:\WINDOWS\SYSTEM32\CRYPTSP.dll
0x00007ffb934f0000 - 0x00007ffb93524000 	C:\WINDOWS\system32\rsaenh.dll
0x00007ffb94330000 - 0x00007ffb9435e000 	C:\WINDOWS\SYSTEM32\USERENV.dll
0x00007ffb94740000 - 0x00007ffb947c3000 	C:\WINDOWS\System32\bcryptprimitives.dll
0x00007ffb93df0000 - 0x00007ffb93dfc000 	C:\WINDOWS\SYSTEM32\CRYPTBASE.dll
0x00007ffb89750000 - 0x00007ffb89767000 	C:\WINDOWS\SYSTEM32\dhcpcsvc6.DLL
0x00007ffb8b230000 - 0x00007ffb8b24d000 	C:\WINDOWS\SYSTEM32\dhcpcsvc.DLL
0x00007ffb67180000 - 0x00007ffb671a4000 	C:\Program Files\Java\jdk1.8.0_201\jre\bin\sunec.dll
0x00007ffb441c0000 - 0x00007ffb46ffd000 	C:\Users\lenovo\Desktop\人脸识别\Face-recognition-main\ArcSoft_ArcFace_Java_Windows_x64_V3.0\libs\WIN64\libarcsoft_face.dll
0x00007ffb7a340000 - 0x00007ffb7a3e6000 	C:\WINDOWS\SYSTEM32\MSVCP120.dll
0x00007ffb7a250000 - 0x00007ffb7a33f000 	C:\WINDOWS\SYSTEM32\MSVCR120.dll
0x00007ffb8f270000 - 0x00007ffb8f2ef000 	C:\Users\lenovo\Desktop\人脸识别\Face-recognition-main\ArcSoft_ArcFace_Java_Windows_x64_V3.0\libs\WIN64\libarcsoft_face_engine.dll
0x00007ffb95c30000 - 0x00007ffb95c86000 	C:\WINDOWS\System32\WLDAP32.dll
0x00007ffb8f240000 - 0x00007ffb8f265000 	C:\Users\lenovo\Desktop\人脸识别\Face-recognition-main\ArcSoft_ArcFace_Java_Windows_x64_V3.0\libs\WIN64\libarcsoft_face_engine_jni.dll
0x00007ffb51280000 - 0x00007ffb51419000 	C:\Program Files\Java\jdk1.8.0_201\jre\bin\awt.dll
0x00007ffb95b00000 - 0x00007ffb95bcd000 	C:\WINDOWS\System32\OLEAUT32.dll
0x00007ffb90a90000 - 0x00007ffb90b20000 	C:\WINDOWS\SYSTEM32\apphelp.dll
0x00007ffb51240000 - 0x00007ffb51271000 	C:\Program Files\Java\jdk1.8.0_201\jre\bin\jpeg.dll
0x00007ffb4dd00000 - 0x00007ffb4dd3e000 	C:\Program Files\Java\jdk1.8.0_201\jre\bin\lcms.dll
0x00007ffb929d0000 - 0x00007ffb92bb4000 	C:\WINDOWS\SYSTEM32\dbghelp.dll

VM Arguments:
jvm_args: -XX:CompileCommand=exclude,org/hibernate/cfg/annotations/SimpleValueBinder.setType -XX:TieredStopAtLevel=1 -Xverify:none -Dspring.output.ansi.enabled=always -Dcom.sun.management.jmxremote -Dcom.sun.management.jmxremote.port=55557 -Dcom.sun.management.jmxremote.authenticate=false -Dcom.sun.management.jmxremote.ssl=false -Djava.rmi.server.hostname=localhost -Dspring.liveBeansView.mbeanDomain -Dspring.application.admin.enabled=true -javaagent:F:\subject\IDEA 2018_sssam.com\IntelliJ IDEA 2018.2.4\lib\idea_rt.jar=55558:F:\subject\IDEA 2018_sssam.com\IntelliJ IDEA 2018.2.4\bin -Dfile.encoding=UTF-8 
java_command: com.tangcheng.face_corn.FaceCornApplication
java_class_path (initial): C:\Program Files\Java\jdk1.8.0_201\jre\lib\charsets.jar;C:\Program Files\Java\jdk1.8.0_201\jre\lib\deploy.jar;C:\Program Files\Java\jdk1.8.0_201\jre\lib\ext\access-bridge-64.jar;C:\Program Files\Java\jdk1.8.0_201\jre\lib\ext\cldrdata.jar;C:\Program Files\Java\jdk1.8.0_201\jre\lib\ext\dnsns.jar;C:\Program Files\Java\jdk1.8.0_201\jre\lib\ext\jaccess.jar;C:\Program Files\Java\jdk1.8.0_201\jre\lib\ext\jfxrt.jar;C:\Program Files\Java\jdk1.8.0_201\jre\lib\ext\localedata.jar;C:\Program Files\Java\jdk1.8.0_201\jre\lib\ext\nashorn.jar;C:\Program Files\Java\jdk1.8.0_201\jre\lib\ext\sunec.jar;C:\Program Files\Java\jdk1.8.0_201\jre\lib\ext\sunjce_provider.jar;C:\Program Files\Java\jdk1.8.0_201\jre\lib\ext\sunmscapi.jar;C:\Program Files\Java\jdk1.8.0_201\jre\lib\ext\sunpkcs11.jar;C:\Program Files\Java\jdk1.8.0_201\jre\lib\ext\zipfs.jar;C:\Program Files\Java\jdk1.8.0_201\jre\lib\javaws.jar;C:\Program Files\Java\jdk1.8.0_201\jre\lib\jce.jar;C:\Program Files\Java\jdk1.8.0_201\jre\lib\jfr.jar;C:\Program Files\Java\jdk1.8.0_201\jre\lib\jfxswt.jar;C:\Program Files\Java\jdk1.8.0_201\jre\lib\jsse.jar;C:\Program Files\Java\jdk1.8.0_201\jre\lib\management-agent.jar;C:\Program Files\Java\jdk1.8.0_201\jre\lib\plugin.jar;C:\Program Files\Java\jdk1.8.0_201\jre\lib\resources.jar;C:\Program Files\Java\jdk1.8.0_201\jre\lib\rt.jar;C:\Users\lenovo\Desktop\人脸识别\Face-recognition-main\facesystem\face_corn\target\classes;C:\Users\lenovo\Desktop\人脸识别\Face-recognition-main\facesystem\common\target\classes;F:\subject\JavaWeb\maven-l\com\auth0\java-jwt\3.4.0\java-jwt-3.4.0.jar;F:\subject\JavaWeb\maven-l\commons-codec\commons-codec\1.15\commons-codec-1.15.jar;F:\subject\JavaWeb\maven-l\com\aliyun\oss\aliyun-sdk-oss\3.12.0\aliyun-sdk-oss-3.12.0.jar;F:\subject\JavaWeb\maven-l\org\apache\httpcomponents\httpclient\4.5.13\httpclient-4.5.13.jar;F:\subject\JavaWeb\maven-l\org\apache\httpcomponents\httpcore\4.4.14\httpcore-4.4.14.jar;F:\subject\JavaWeb\maven-l\org\jdom\jdom2\2.
Launcher Type: SUN_STANDARD

Environment Variables:
JAVA_HOME=C:\Program Files\Java\jdk1.8.0_201
CLASSPATH=.;C:\Program Files\Java\jdk1.8.0_201\lib\dt.jar,C:\Program Files\Java\jdk1.8.0_201\lib\tools.jar;F:\subject\JavaWeb\apache-tomcat-8.5.45\lib\servlet-api.jar
PATH=C:\Program Files (x86)\Common Files\Oracle\Java\javapath;C:\WINDOWS\system32;C:\WINDOWS;C:\WINDOWS\System32\Wbem;C:\WINDOWS\System32\WindowsPowerShell\v1.0\;C:\WINDOWS\System32\OpenSSH\;F:\subject\JavaWeb\apache-tomcat-8.5.45\bin;F:\subject\JavaWeb\apache-tomcat-8.5.45\lib;C:\Program Files\NVIDIA Corporation\NVIDIA NvDLISR;F:\subject\JavaWeb\apache-maven-3.3.9\bin;F:\subject\JavaWeb\Gradle\gradle-6.9.1\bin;F:\subject\JavaWeb\nodejs;C:\Program Files\Java\jdk1.8.0_201\bin;C:\Program Files\MySQL\MySQL Server 8.0\bin;F:\subject\JavaWeb\env\MongoDB\bin;C:\Users\lenovo\AppData\Local\Microsoft\WindowsApps;F:\subject\PyCharm\PyCharm Community Edition 2020.3.3\bin;;F:\subject\JavaWeb\Microsoft VS Code\bin;F:\subject\JavaWeb\nodejs\node_global;
USERNAME=lenovo
OS=Windows_NT
PROCESSOR_IDENTIFIER=Intel64 Family 6 Model 158 Stepping 10, GenuineIntel



---------------  S Y S T E M  ---------------

OS: Windows 10.0 , 64 bit Build 19041 (10.0.19041.1202)

CPU:total 8 (initial active 8) (4 cores per cpu, 2 threads per core) family 6 model 158 stepping 10, cmov, cx8, fxsr, mmx, sse, sse2, sse3, ssse3, sse4.1, sse4.2, popcnt, avx, avx2, aes, clmul, erms, 3dnowpref, lzcnt, ht, tsc, tscinvbit, bmi1, bmi2, adx

Memory: 4k page, physical 8306932k(753756k free), swap 18792692k(6231776k free)

vm_info: Java HotSpot(TM) 64-Bit Server VM (25.201-b09) for windows-amd64 JRE (1.8.0_201-b09), built on Dec 15 2018 18:36:39 by "java_re" with MS VC++ 10.0 (VS2010)

time: Sun Oct 31 00:09:14 2021
timezone: 中国标准时间
elapsed time: 137 seconds (0d 0h 2m 17s)

