#
# A fatal error has been detected by the Java Runtime Environment:
#
#  EXCEPTION_ACCESS_VIOLATION (0xc0000005) at pc=0x00007ffbb8cce0e5, pid=19716, tid=0x00000000000047fc
#
# JRE version: Java(TM) SE Runtime Environment (8.0_201-b09) (build 1.8.0_201-b09)
# Java VM: Java HotSpot(TM) 64-Bit Server VM (25.201-b09 mixed mode windows-amd64 compressed oops)
# Problematic frame:
# C  [libarcsoft_face.dll+0xe0e5]
#
# Failed to write core dump. Minidumps are not enabled by default on client versions of Windows
#
# If you would like to submit a bug report, please visit:
#   http://bugreport.java.com/bugreport/crash.jsp
# The crash happened outside the Java Virtual Machine in native code.
# See problematic frame for where to report the bug.
#

---------------  T H R E A D  ---------------

Current thread (0x000000001e67a800):  JavaThread "http-nio-8081-exec-6" daemon [_thread_in_native, id=18428, stack(0x0000000020c20000,0x0000000020d20000)]

siginfo: ExceptionCode=0xc0000005, writing address 0xfffffffe25a4ae60

Registers:
RAX=0x0000000000000003, RBX=0x0000000080002000, RCX=0x0000000000000000, RDX=0xffffffff80000000
RSP=0x0000000020d1d2c0, RBP=0x0000000080000000, RSI=0x0000000000000140, RDI=0x0000000080000000
R8 =0x00000000000000ff, R9 =0x0000000000000000, R10=0x0000000080001000, R11=0x0000000025a4ae60
R12=0x0000000000000040, R13=0x0000000000000040, R14=0x0000000000000000, R15=0x000000001e7a6e20
RIP=0x00007ffbb8cce0e5, EFLAGS=0x0000000000010206

Top of Stack: (sp=0x0000000020d1d2c0)
0x0000000020d1d2c0:   0000000000000000 0000000000002000
0x0000000020d1d2d0:   0000000000000010 0000000000000040
0x0000000020d1d2e0:   0000000000000000 0000000025a57780
0x0000000020d1d2f0:   0000000020d1d400 00007ffbb8ccc5f2
0x0000000020d1d300:   0000000000000000 00007ffbb8cd17a3
0x0000000020d1d310:   0000000025ab26f0 0000000025ab2660
0x0000000020d1d320:   0000000080000000 0000000000000000
0x0000000020d1d330:   0000000000000003 0000000000000007
0x0000000020d1d340:   0000000000000000 0000000000000000
0x0000000020d1d350:   0000000000000040 00000000000003c0
0x0000000020d1d360:   0000000000000000 0000000000000000
0x0000000020d1d370:   0000000000000040 0000000020d1d498
0x0000000020d1d380:   0000000000000000 0000000000000040
0x0000000020d1d390:   0000000000000040 0000000025a4ae60
0x0000000020d1d3a0:   0000000020f1d1b0 00007ffbb8ccbf04
0x0000000020d1d3b0:   0000000080000000 00007ffb000000f0 

Instructions: (pc=0x00007ffbb8cce0e5)
0x00007ffbb8cce0c5:   0f 4f c8 45 33 c9 85 c9 41 0f 48 c9 41 3b c0 41
0x00007ffbb8cce0d5:   0f 4f c0 85 c0 41 0f 48 c1 66 0f 6e c1 0f 5b c0
0x00007ffbb8cce0e5:   f3 41 0f 11 04 93 66 0f 6e c0 49 63 c2 0f 5b c0
0x00007ffbb8cce0f5:   f3 41 0f 11 04 83 8b 44 24 78 eb 51 83 f9 01 75 


Register to memory mapping:

RAX=0x0000000000000003 is an unknown value
RBX=0x0000000080002000 is an unknown value
RCX=0x0000000000000000 is an unknown value
RDX=0xffffffff80000000 is an unknown value
RSP=0x0000000020d1d2c0 is pointing into the stack for thread: 0x000000001e67a800
RBP=0x0000000080000000 is an unknown value
RSI=0x0000000000000140 is an unknown value
RDI=0x0000000080000000 is an unknown value
R8 =0x00000000000000ff is an unknown value
R9 =0x0000000000000000 is an unknown value
R10=0x0000000080001000 is an unknown value
R11=0x0000000025a4ae60 is an unknown value
R12=0x0000000000000040 is an unknown value
R13=0x0000000000000040 is an unknown value
R14=0x0000000000000000 is an unknown value
R15=0x000000001e7a6e20 is an unknown value


Stack: [0x0000000020c20000,0x0000000020d20000],  sp=0x0000000020d1d2c0,  free space=1012k
Native frames: (J=compiled Java code, j=interpreted, Vv=VM code, C=native code)
C  [libarcsoft_face.dll+0xe0e5]
C  [libarcsoft_face.dll+0xc5f2]
C  [libarcsoft_face.dll+0xbf04]
C  [libarcsoft_face.dll+0x9049]
C  [libarcsoft_face.dll+0x89bc]
C  [libarcsoft_face.dll+0x7d0a]
C  [libarcsoft_face.dll+0x3c88]
C  [libarcsoft_face_engine.dll+0x58ca]
C  [libarcsoft_face_engine_jni.dll+0x18f6]
C  0x0000000002c88c67

Java frames: (J=compiled Java code, j=interpreted, Vv=VM code)
j  com.arcsoft.face.FaceEngine.detectFaces(J[BIIII[Lcom/arcsoft/face/FaceInfo;)I+0
j  com.arcsoft.face.FaceEngine.detectFaces([BIILcom/arcsoft/face/enums/ImageFormat;Lcom/arcsoft/face/enums/DetectModel;Ljava/util/List;)I+107
j  com.arcsoft.face.FaceEngine.detectFaces([BIILcom/arcsoft/face/enums/ImageFormat;Ljava/util/List;)I+11
j  com.tangcheng.face_corn.service.impl.faceServiceImpl.facesearch(Ljava/io/InputStream;Ljava/util/List;)Ljava/lang/String;+45
j  com.tangcheng.face_corn.controller.faceController.facesearch(Ljava/lang/String;Ljava/util/List;)Lresult/Result;+22
j  sun.reflect.GeneratedMethodAccessor71.invoke(Ljava/lang/Object;[Ljava/lang/Object;)Ljava/lang/Object;+48
J 1816 C1 sun.reflect.DelegatingMethodAccessorImpl.invoke(Ljava/lang/Object;[Ljava/lang/Object;)Ljava/lang/Object; (10 bytes) @ 0x0000000003025f24 [0x0000000003025ee0+0x44]
J 1815 C1 java.lang.reflect.Method.invoke(Ljava/lang/Object;[Ljava/lang/Object;)Ljava/lang/Object; (62 bytes) @ 0x0000000003025b54 [0x0000000003025a60+0xf4]
j  org.springframework.web.method.support.InvocableHandlerMethod.doInvoke([Ljava/lang/Object;)Ljava/lang/Object;+32
j  org.springframework.web.method.support.InvocableHandlerMethod.invokeForRequest(Lorg/springframework/web/context/request/NativeWebRequest;Lorg/springframework/web/method/support/ModelAndViewContainer;[Ljava/lang/Object;)Ljava/lang/Object;+54
j  org.springframework.web.servlet.mvc.method.annotation.ServletInvocableHandlerMethod.invokeAndHandle(Lorg/springframework/web/context/request/ServletWebRequest;Lorg/springframework/web/method/support/ModelAndViewContainer;[Ljava/lang/Object;)V+4
j  org.springframework.web.servlet.mvc.method.annotation.RequestMappingHandlerAdapter.invokeHandlerMethod(Ljavax/servlet/http/HttpServletRequest;Ljavax/servlet/http/HttpServletResponse;Lorg/springframework/web/method/HandlerMethod;)Lorg/springframework/web/servlet/ModelAndView;+244
j  org.springframework.web.servlet.mvc.method.annotation.RequestMappingHandlerAdapter.handleInternal(Ljavax/servlet/http/HttpServletRequest;Ljavax/servlet/http/HttpServletResponse;Lorg/springframework/web/method/HandlerMethod;)Lorg/springframework/web/servlet/ModelAndView;+81
j  org.springframework.web.servlet.mvc.method.AbstractHandlerMethodAdapter.handle(Ljavax/servlet/http/HttpServletRequest;Ljavax/servlet/http/HttpServletResponse;Ljava/lang/Object;)Lorg/springframework/web/servlet/ModelAndView;+7
j  org.springframework.web.servlet.DispatcherServlet.doDispatch(Ljavax/servlet/http/HttpServletRequest;Ljavax/servlet/http/HttpServletResponse;)V+259
j  org.springframework.web.servlet.DispatcherServlet.doService(Ljavax/servlet/http/HttpServletRequest;Ljavax/servlet/http/HttpServletResponse;)V+241
j  org.springframework.web.servlet.FrameworkServlet.processRequest(Ljavax/servlet/http/HttpServletRequest;Ljavax/servlet/http/HttpServletResponse;)V+71
j  org.springframework.web.servlet.FrameworkServlet.doPost(Ljavax/servlet/http/HttpServletRequest;Ljavax/servlet/http/HttpServletResponse;)V+3
j  javax.servlet.http.HttpServlet.service(Ljavax/servlet/http/HttpServletRequest;Ljavax/servlet/http/HttpServletResponse;)V+149
j  org.springframework.web.servlet.FrameworkServlet.service(Ljavax/servlet/http/HttpServletRequest;Ljavax/servlet/http/HttpServletResponse;)V+33
j  javax.servlet.http.HttpServlet.service(Ljavax/servlet/ServletRequest;Ljavax/servlet/ServletResponse;)V+36
J 5932 C1 org.apache.catalina.core.ApplicationFilterChain.internalDoFilter(Ljavax/servlet/ServletRequest;Ljavax/servlet/ServletResponse;)V (388 bytes) @ 0x00000000036fa594 [0x00000000036fa380+0x214]
J 5666 C1 org.apache.catalina.core.ApplicationFilterChain.doFilter(Ljavax/servlet/ServletRequest;Ljavax/servlet/ServletResponse;)V (103 bytes) @ 0x000000000369fd94 [0x000000000369fd60+0x34]
j  org.apache.tomcat.websocket.server.WsFilter.doFilter(Ljavax/servlet/ServletRequest;Ljavax/servlet/ServletResponse;Ljavax/servlet/FilterChain;)V+21
J 5932 C1 org.apache.catalina.core.ApplicationFilterChain.internalDoFilter(Ljavax/servlet/ServletRequest;Ljavax/servlet/ServletResponse;)V (388 bytes) @ 0x00000000036fa7b4 [0x00000000036fa380+0x434]
J 5666 C1 org.apache.catalina.core.ApplicationFilterChain.doFilter(Ljavax/servlet/ServletRequest;Ljavax/servlet/ServletResponse;)V (103 bytes) @ 0x000000000369fd94 [0x000000000369fd60+0x34]
j  org.springframework.web.filter.RequestContextFilter.doFilterInternal(Ljavax/servlet/http/HttpServletRequest;Ljavax/servlet/http/HttpServletResponse;Ljavax/servlet/FilterChain;)V+21
J 6257 C1 org.springframework.web.filter.OncePerRequestFilter.doFilter(Ljavax/servlet/ServletRequest;Ljavax/servlet/ServletResponse;Ljavax/servlet/FilterChain;)V (175 bytes) @ 0x0000000003778854 [0x0000000003778500+0x354]
J 5932 C1 org.apache.catalina.core.ApplicationFilterChain.internalDoFilter(Ljavax/servlet/ServletRequest;Ljavax/servlet/ServletResponse;)V (388 bytes) @ 0x00000000036fa7b4 [0x00000000036fa380+0x434]
J 5666 C1 org.apache.catalina.core.ApplicationFilterChain.doFilter(Ljavax/servlet/ServletRequest;Ljavax/servlet/ServletResponse;)V (103 bytes) @ 0x000000000369fd94 [0x000000000369fd60+0x34]
j  org.springframework.web.filter.FormContentFilter.doFilterInternal(Ljavax/servlet/http/HttpServletRequest;Ljavax/servlet/http/HttpServletResponse;Ljavax/servlet/FilterChain;)V+38
J 6257 C1 org.springframework.web.filter.OncePerRequestFilter.doFilter(Ljavax/servlet/ServletRequest;Ljavax/servlet/ServletResponse;Ljavax/servlet/FilterChain;)V (175 bytes) @ 0x0000000003778854 [0x0000000003778500+0x354]
J 5932 C1 org.apache.catalina.core.ApplicationFilterChain.internalDoFilter(Ljavax/servlet/ServletRequest;Ljavax/servlet/ServletResponse;)V (388 bytes) @ 0x00000000036fa7b4 [0x00000000036fa380+0x434]
J 5666 C1 org.apache.catalina.core.ApplicationFilterChain.doFilter(Ljavax/servlet/ServletRequest;Ljavax/servlet/ServletResponse;)V (103 bytes) @ 0x000000000369fd94 [0x000000000369fd60+0x34]
j  org.springframework.web.filter.CharacterEncodingFilter.doFilterInternal(Ljavax/servlet/http/HttpServletRequest;Ljavax/servlet/http/HttpServletResponse;Ljavax/servlet/FilterChain;)V+53
J 6257 C1 org.springframework.web.filter.OncePerRequestFilter.doFilter(Ljavax/servlet/ServletRequest;Ljavax/servlet/ServletResponse;Ljavax/servlet/FilterChain;)V (175 bytes) @ 0x0000000003778854 [0x0000000003778500+0x354]
J 5932 C1 org.apache.catalina.core.ApplicationFilterChain.internalDoFilter(Ljavax/servlet/ServletRequest;Ljavax/servlet/ServletResponse;)V (388 bytes) @ 0x00000000036fa7b4 [0x00000000036fa380+0x434]
J 5666 C1 org.apache.catalina.core.ApplicationFilterChain.doFilter(Ljavax/servlet/ServletRequest;Ljavax/servlet/ServletResponse;)V (103 bytes) @ 0x000000000369fd94 [0x000000000369fd60+0x34]
j  org.apache.catalina.core.StandardWrapperValve.invoke(Lorg/apache/catalina/connector/Request;Lorg/apache/catalina/connector/Response;)V+694
j  org.apache.catalina.core.StandardContextValve.invoke(Lorg/apache/catalina/connector/Request;Lorg/apache/catalina/connector/Response;)V+169
j  org.apache.catalina.authenticator.AuthenticatorBase.invoke(Lorg/apache/catalina/connector/Request;Lorg/apache/catalina/connector/Response;)V+260
j  org.apache.catalina.core.StandardHostValve.invoke(Lorg/apache/catalina/connector/Request;Lorg/apache/catalina/connector/Response;)V+128
j  org.apache.catalina.valves.ErrorReportValve.invoke(Lorg/apache/catalina/connector/Request;Lorg/apache/catalina/connector/Response;)V+6
j  org.apache.catalina.core.StandardEngineValve.invoke(Lorg/apache/catalina/connector/Request;Lorg/apache/catalina/connector/Response;)V+59
j  org.apache.catalina.connector.CoyoteAdapter.service(Lorg/apache/coyote/Request;Lorg/apache/coyote/Response;)V+199
j  org.apache.coyote.http11.Http11Processor.service(Lorg/apache/tomcat/util/net/SocketWrapperBase;)Lorg/apache/tomcat/util/net/AbstractEndpoint$Handler$SocketState;+737
j  org.apache.coyote.AbstractProcessorLight.process(Lorg/apache/tomcat/util/net/SocketWrapperBase;Lorg/apache/tomcat/util/net/SocketEvent;)Lorg/apache/tomcat/util/net/AbstractEndpoint$Handler$SocketState;+170
j  org.apache.coyote.AbstractProtocol$ConnectionHandler.process(Lorg/apache/tomcat/util/net/SocketWrapperBase;Lorg/apache/tomcat/util/net/SocketEvent;)Lorg/apache/tomcat/util/net/AbstractEndpoint$Handler$SocketState;+505
j  org.apache.tomcat.util.net.NioEndpoint$SocketProcessor.doRun()V+216
j  org.apache.tomcat.util.net.SocketProcessorBase.run()V+21
j  java.util.concurrent.ThreadPoolExecutor.runWorker(Ljava/util/concurrent/ThreadPoolExecutor$Worker;)V+95
j  java.util.concurrent.ThreadPoolExecutor$Worker.run()V+5
j  org.apache.tomcat.util.threads.TaskThread$WrappingRunnable.run()V+4
j  java.lang.Thread.run()V+11
v  ~StubRoutines::call_stub

---------------  P R O C E S S  ---------------

Java Threads: ( => current thread )
  0x000000001e2f1800 JavaThread "lettuce-eventExecutorLoop-1-8" daemon [_thread_blocked, id=17264, stack(0x00000000009a0000,0x0000000000aa0000)]
  0x000000001e2ee800 JavaThread "DiscoveryClient-CacheRefreshExecutor-0" daemon [_thread_blocked, id=18164, stack(0x0000000040c10000,0x0000000040d10000)]
  0x000000001e2ea000 JavaThread "DiscoveryClient-HeartbeatExecutor-0" daemon [_thread_blocked, id=22500, stack(0x00000000408d0000,0x00000000409d0000)]
  0x000000001e2f0800 JavaThread "lettuce-eventExecutorLoop-1-7" daemon [_thread_blocked, id=4164, stack(0x00000000407d0000,0x00000000408d0000)]
  0x000000001e2ef000 JavaThread "lettuce-eventExecutorLoop-1-6" daemon [_thread_blocked, id=15108, stack(0x00000000406d0000,0x00000000407d0000)]
  0x000000001e2e9000 JavaThread "lettuce-eventExecutorLoop-1-5" daemon [_thread_blocked, id=15248, stack(0x00000000405d0000,0x00000000406d0000)]
  0x000000001e2eb800 JavaThread "lettuce-eventExecutorLoop-1-4" daemon [_thread_blocked, id=21904, stack(0x00000000404d0000,0x00000000405d0000)]
  0x000000001e2ed800 JavaThread "lettuce-eventExecutorLoop-1-3" daemon [_thread_blocked, id=22084, stack(0x00000000403d0000,0x00000000404d0000)]
  0x000000001e67e000 JavaThread "Java2D Disposer" daemon [_thread_blocked, id=22000, stack(0x00000000402d0000,0x00000000403d0000)]
  0x000000001e685000 JavaThread "idle_connection_reaper" daemon [_thread_blocked, id=22044, stack(0x00000000401d0000,0x00000000402d0000)]
  0x000000001e680800 JavaThread "lettuce-eventExecutorLoop-1-2" daemon [_thread_blocked, id=21980, stack(0x000000003fcd0000,0x000000003fdd0000)]
  0x000000001e67d800 JavaThread "lettuce-eventExecutorLoop-1-1" daemon [_thread_blocked, id=22476, stack(0x0000000022c30000,0x0000000022d30000)]
  0x000000001e67f000 JavaThread "lettuce-nioEventLoop-4-1" daemon [_thread_in_native, id=22468, stack(0x0000000021520000,0x0000000021620000)]
  0x000000001e682000 JavaThread "DestroyJavaVM" [_thread_blocked, id=18912, stack(0x0000000002970000,0x0000000002a70000)]
  0x000000001e67f800 JavaThread "http-nio-8081-Acceptor" daemon [_thread_in_native, id=17368, stack(0x0000000021220000,0x0000000021320000)]
  0x000000001e681000 JavaThread "http-nio-8081-ClientPoller" daemon [_thread_in_native, id=16048, stack(0x0000000021120000,0x0000000021220000)]
  0x000000001e684000 JavaThread "http-nio-8081-exec-10" daemon [_thread_in_native, id=21424, stack(0x0000000021020000,0x0000000021120000)]
  0x000000001e675800 JavaThread "http-nio-8081-exec-9" daemon [_thread_blocked, id=19972, stack(0x0000000020f20000,0x0000000021020000)]
  0x000000001e67c800 JavaThread "http-nio-8081-exec-8" daemon [_thread_in_native, id=20664, stack(0x0000000020e20000,0x0000000020f20000)]
  0x000000001e67c000 JavaThread "http-nio-8081-exec-7" daemon [_thread_blocked, id=13532, stack(0x0000000020d20000,0x0000000020e20000)]
=>0x000000001e67a800 JavaThread "http-nio-8081-exec-6" daemon [_thread_in_native, id=18428, stack(0x0000000020c20000,0x0000000020d20000)]
  0x000000001e679800 JavaThread "http-nio-8081-exec-5" daemon [_thread_in_native, id=21328, stack(0x0000000020b20000,0x0000000020c20000)]
  0x000000001e67b000 JavaThread "http-nio-8081-exec-4" daemon [_thread_blocked, id=11724, stack(0x0000000020a20000,0x0000000020b20000)]
  0x000000001e678000 JavaThread "http-nio-8081-exec-3" daemon [_thread_in_native, id=21444, stack(0x0000000020920000,0x0000000020a20000)]
  0x000000001e679000 JavaThread "http-nio-8081-exec-2" daemon [_thread_in_native, id=7956, stack(0x0000000020820000,0x0000000020920000)]
  0x000000001e677000 JavaThread "http-nio-8081-exec-1" daemon [_thread_blocked, id=15088, stack(0x0000000020720000,0x0000000020820000)]
  0x000000001e676800 JavaThread "http-nio-8081-BlockPoller" daemon [_thread_in_native, id=19460, stack(0x0000000020620000,0x0000000020720000)]
  0x000000001deda000 JavaThread "DiscoveryClient-InstanceInfoReplicator-0" daemon [_thread_blocked, id=21016, stack(0x0000000020320000,0x0000000020420000)]
  0x000000001ded6000 JavaThread "DiscoveryClient-1" daemon [_thread_blocked, id=18360, stack(0x0000000020220000,0x0000000020320000)]
  0x000000001deda800 JavaThread "DiscoveryClient-0" daemon [_thread_blocked, id=17188, stack(0x0000000020120000,0x0000000020220000)]
  0x000000001ded8800 JavaThread "AsyncResolver-bootstrap-0" daemon [_thread_blocked, id=10120, stack(0x000000001fc20000,0x000000001fd20000)]
  0x000000001ded5800 JavaThread "spring.cloud.inetutils" daemon [_thread_blocked, id=21408, stack(0x000000001fb20000,0x000000001fc20000)]
  0x000000001dedc000 JavaThread "lettuce-timer-3-1" daemon [_thread_blocked, id=15708, stack(0x000000001f420000,0x000000001f520000)]
  0x000000001ded9000 JavaThread "container-0" [_thread_blocked, id=12028, stack(0x000000001f120000,0x000000001f220000)]
  0x000000001ded7800 JavaThread "Catalina-utility-2" [_thread_blocked, id=18688, stack(0x000000001f020000,0x000000001f120000)]
  0x000000001ded7000 JavaThread "Catalina-utility-1" [_thread_blocked, id=18540, stack(0x000000001ca50000,0x000000001cb50000)]
  0x000000001aaae800 JavaThread "RMI Scheduler(0)" daemon [_thread_blocked, id=17656, stack(0x000000001c850000,0x000000001c950000)]
  0x000000001a904000 JavaThread "RMI TCP Accept-0" daemon [_thread_in_native, id=9460, stack(0x000000001b2d0000,0x000000001b3d0000)]
  0x000000001a8fd800 JavaThread "RMI TCP Accept-58807" daemon [_thread_in_native, id=20948, stack(0x000000001b1d0000,0x000000001b2d0000)]
  0x000000001a8f2000 JavaThread "RMI TCP Accept-0" daemon [_thread_in_native, id=18664, stack(0x000000001b0d0000,0x000000001b1d0000)]
  0x000000001a6c5000 JavaThread "Service Thread" daemon [_thread_blocked, id=6920, stack(0x000000001afb0000,0x000000001b0b0000)]
  0x000000001a62f800 JavaThread "C1 CompilerThread3" daemon [_thread_blocked, id=12076, stack(0x000000001aeb0000,0x000000001afb0000)]
  0x000000001a62c800 JavaThread "C2 CompilerThread2" daemon [_thread_blocked, id=18016, stack(0x000000001adb0000,0x000000001aeb0000)]
  0x000000001a62c000 JavaThread "C2 CompilerThread1" daemon [_thread_blocked, id=7800, stack(0x000000001acb0000,0x000000001adb0000)]
  0x000000001a627000 JavaThread "C2 CompilerThread0" daemon [_thread_blocked, id=2492, stack(0x000000001abb0000,0x000000001acb0000)]
  0x000000001a625800 JavaThread "Monitor Ctrl-Break" daemon [_thread_in_native, id=19444, stack(0x000000001aab0000,0x000000001abb0000)]
  0x0000000019a93800 JavaThread "Attach Listener" daemon [_thread_blocked, id=19500, stack(0x000000001a1b0000,0x000000001a2b0000)]
  0x0000000019aeb000 JavaThread "Signal Dispatcher" daemon [_thread_blocked, id=19924, stack(0x000000001a0b0000,0x000000001a1b0000)]
  0x0000000017c74000 JavaThread "Finalizer" daemon [_thread_blocked, id=7596, stack(0x0000000019f50000,0x000000001a050000)]
  0x0000000019a70800 JavaThread "Reference Handler" daemon [_thread_blocked, id=32, stack(0x0000000019e50000,0x0000000019f50000)]

Other Threads:
  0x0000000017c66800 VMThread [stack: 0x0000000019950000,0x0000000019a50000] [id=14024]
  0x000000001a909800 WatcherThread [stack: 0x000000001b3d0000,0x000000001b4d0000] [id=15464]

VM state:not at safepoint (normal execution)

VM Mutex/Monitor currently owned by a thread: None

heap address: 0x0000000081200000, size: 2030 MB, Compressed Oops mode: 32-bit
Narrow klass base: 0x0000000000000000, Narrow klass shift: 3
Compressed class space size: 1073741824 Address: 0x0000000100000000

Heap:
 PSYoungGen      total 301568K, used 132068K [0x00000000d5b80000, 0x00000000ed500000, 0x0000000100000000)
  eden space 273920K, 47% used [0x00000000d5b80000,0x00000000ddb06c60,0x00000000e6700000)
  from space 27648K, 7% used [0x00000000e6700000,0x00000000e6902a80,0x00000000e8200000)
  to   space 27648K, 0% used [0x00000000eba00000,0x00000000eba00000,0x00000000ed500000)
 ParOldGen       total 112640K, used 88096K [0x0000000081200000, 0x0000000088000000, 0x00000000d5b80000)
  object space 112640K, 78% used [0x0000000081200000,0x0000000086808270,0x0000000088000000)
 Metaspace       used 55762K, capacity 59498K, committed 59736K, reserved 1101824K
  class space    used 7632K, capacity 8284K, committed 8320K, reserved 1048576K

Card table byte_map: [0x0000000012030000,0x0000000012430000] byte_map_base: 0x0000000011c27000

Marking Bits: (ParMarkBitMap*) 0x0000000060af4ce0
 Begin Bits: [0x0000000012ee0000, 0x0000000014e98000)
 End Bits:   [0x0000000014e98000, 0x0000000016e50000)

Polling page: 0x0000000000880000

CodeCache: size=245760Kb used=11581Kb max_used=11581Kb free=234178Kb
 bounds [0x0000000002c70000, 0x00000000037d0000, 0x0000000011c70000]
 total_blobs=6947 nmethods=6347 adapters=511
 compilation: enabled

Compilation events (10 events):
Event: 99.501 Thread 0x000000001a62f800 6477       1       org.springframework.web.method.annotation.AbstractNamedValueMethodArgumentResolver::getNamedValueInfo (45 bytes)
Event: 99.501 Thread 0x000000001a62f800 nmethod 6477 0x00000000037c0650 code [0x00000000037c07e0, 0x00000000037c0a18]
Event: 99.501 Thread 0x000000001a62f800 6478       1       org.apache.tomcat.util.http.Parameters::getParameterValues (36 bytes)
Event: 99.502 Thread 0x000000001a62f800 nmethod 6478 0x00000000037c0b10 code [0x00000000037c0ca0, 0x00000000037c0f48]
Event: 99.502 Thread 0x000000001a62f800 6479       1       org.apache.catalina.connector.Connector::getMaxParameterCount (5 bytes)
Event: 99.502 Thread 0x000000001a62f800 nmethod 6479 0x00000000037c1090 code [0x00000000037c11e0, 0x00000000037c12f0]
Event: 99.502 Thread 0x000000001a62f800 6480       1       org.apache.catalina.connector.Connector::getUseBodyEncodingForURI (5 bytes)
Event: 99.502 Thread 0x000000001a62f800 nmethod 6480 0x00000000037c1350 code [0x00000000037c14a0, 0x00000000037c15b0]
Event: 99.531 Thread 0x000000001a62f800 6481       1       org.apache.catalina.connector.Request::getContentType (8 bytes)
Event: 99.531 Thread 0x000000001a62f800 nmethod 6481 0x00000000037c1610 code [0x00000000037c17a0, 0x00000000037c19a8]

GC Heap History (10 events):
Event: 31.356 GC heap before
{Heap before GC invocations=14 (full 2):
 PSYoungGen      total 179712K, used 175763K [0x00000000d5b80000, 0x00000000e5200000, 0x0000000100000000)
  eden space 168960K, 97% used [0x00000000d5b80000,0x00000000dfca9528,0x00000000e0080000)
  from space 10752K, 99% used [0x00000000e0080000,0x00000000e0afb730,0x00000000e0b00000)
  to   space 12800K, 0% used [0x00000000e4580000,0x00000000e4580000,0x00000000e5200000)
 ParOldGen       total 76288K, used 19598K [0x0000000081200000, 0x0000000085c80000, 0x00000000d5b80000)
  object space 76288K, 25% used [0x0000000081200000,0x0000000082523a48,0x0000000085c80000)
 Metaspace       used 55132K, capacity 58818K, committed 58968K, reserved 1099776K
  class space    used 7529K, capacity 8198K, committed 8320K, reserved 1048576K
Event: 31.378 GC heap after
Heap after GC invocations=14 (full 2):
 PSYoungGen      total 232960K, used 12797K [0x00000000d5b80000, 0x00000000e5580000, 0x0000000100000000)
  eden space 220160K, 0% used [0x00000000d5b80000,0x00000000d5b80000,0x00000000e3280000)
  from space 12800K, 99% used [0x00000000e4580000,0x00000000e51ff7f8,0x00000000e5200000)
  to   space 17920K, 0% used [0x00000000e3280000,0x00000000e3280000,0x00000000e4400000)
 ParOldGen       total 76288K, used 30013K [0x0000000081200000, 0x0000000085c80000, 0x00000000d5b80000)
  object space 76288K, 39% used [0x0000000081200000,0x0000000082f4f560,0x0000000085c80000)
 Metaspace       used 55132K, capacity 58818K, committed 58968K, reserved 1099776K
  class space    used 7529K, capacity 8198K, committed 8320K, reserved 1048576K
}
Event: 31.378 GC heap before
{Heap before GC invocations=15 (full 3):
 PSYoungGen      total 232960K, used 12797K [0x00000000d5b80000, 0x00000000e5580000, 0x0000000100000000)
  eden space 220160K, 0% used [0x00000000d5b80000,0x00000000d5b80000,0x00000000e3280000)
  from space 12800K, 99% used [0x00000000e4580000,0x00000000e51ff7f8,0x00000000e5200000)
  to   space 17920K, 0% used [0x00000000e3280000,0x00000000e3280000,0x00000000e4400000)
 ParOldGen       total 76288K, used 30013K [0x0000000081200000, 0x0000000085c80000, 0x00000000d5b80000)
  object space 76288K, 39% used [0x0000000081200000,0x0000000082f4f560,0x0000000085c80000)
 Metaspace       used 55132K, capacity 58818K, committed 58968K, reserved 1099776K
  class space    used 7529K, capacity 8198K, committed 8320K, reserved 1048576K
Event: 31.577 GC heap after
Heap after GC invocations=15 (full 3):
 PSYoungGen      total 232960K, used 0K [0x00000000d5b80000, 0x00000000e5580000, 0x0000000100000000)
  eden space 220160K, 0% used [0x00000000d5b80000,0x00000000d5b80000,0x00000000e3280000)
  from space 12800K, 0% used [0x00000000e4580000,0x00000000e4580000,0x00000000e5200000)
  to   space 17920K, 0% used [0x00000000e3280000,0x00000000e3280000,0x00000000e4400000)
 ParOldGen       total 112640K, used 34252K [0x0000000081200000, 0x0000000088000000, 0x00000000d5b80000)
  object space 112640K, 30% used [0x0000000081200000,0x0000000083373300,0x0000000088000000)
 Metaspace       used 55132K, capacity 58818K, committed 58968K, reserved 1099776K
  class space    used 7529K, capacity 8198K, committed 8320K, reserved 1048576K
}
Event: 74.988 GC heap before
{Heap before GC invocations=16 (full 3):
 PSYoungGen      total 232960K, used 220160K [0x00000000d5b80000, 0x00000000e5580000, 0x0000000100000000)
  eden space 220160K, 100% used [0x00000000d5b80000,0x00000000e3280000,0x00000000e3280000)
  from space 12800K, 0% used [0x00000000e4580000,0x00000000e4580000,0x00000000e5200000)
  to   space 17920K, 0% used [0x00000000e3280000,0x00000000e3280000,0x00000000e4400000)
 ParOldGen       total 112640K, used 34252K [0x0000000081200000, 0x0000000088000000, 0x00000000d5b80000)
  object space 112640K, 30% used [0x0000000081200000,0x0000000083373300,0x0000000088000000)
 Metaspace       used 55515K, capacity 59218K, committed 59480K, reserved 1099776K
  class space    used 7593K, capacity 8242K, committed 8320K, reserved 1048576K
Event: 74.998 GC heap after
Heap after GC invocations=16 (full 3):
 PSYoungGen      total 238080K, used 14060K [0x00000000d5b80000, 0x00000000e9480000, 0x0000000100000000)
  eden space 220160K, 0% used [0x00000000d5b80000,0x00000000d5b80000,0x00000000e3280000)
  from space 17920K, 78% used [0x00000000e3280000,0x00000000e403b298,0x00000000e4400000)
  to   space 18944K, 0% used [0x00000000e8200000,0x00000000e8200000,0x00000000e9480000)
 ParOldGen       total 112640K, used 40653K [0x0000000081200000, 0x0000000088000000, 0x00000000d5b80000)
  object space 112640K, 36% used [0x0000000081200000,0x00000000839b3518,0x0000000088000000)
 Metaspace       used 55515K, capacity 59218K, committed 59480K, reserved 1099776K
  class space    used 7593K, capacity 8242K, committed 8320K, reserved 1048576K
}
Event: 85.067 GC heap before
{Heap before GC invocations=17 (full 3):
 PSYoungGen      total 238080K, used 234220K [0x00000000d5b80000, 0x00000000e9480000, 0x0000000100000000)
  eden space 220160K, 100% used [0x00000000d5b80000,0x00000000e3280000,0x00000000e3280000)
  from space 17920K, 78% used [0x00000000e3280000,0x00000000e403b298,0x00000000e4400000)
  to   space 18944K, 0% used [0x00000000e8200000,0x00000000e8200000,0x00000000e9480000)
 ParOldGen       total 112640K, used 40653K [0x0000000081200000, 0x0000000088000000, 0x00000000d5b80000)
  object space 112640K, 36% used [0x0000000081200000,0x00000000839b3518,0x0000000088000000)
 Metaspace       used 55719K, capacity 59498K, committed 59736K, reserved 1101824K
  class space    used 7632K, capacity 8284K, committed 8320K, reserved 1048576K
Event: 85.078 GC heap after
Heap after GC invocations=17 (full 3):
 PSYoungGen      total 292864K, used 18935K [0x00000000d5b80000, 0x00000000e9d80000, 0x0000000100000000)
  eden space 273920K, 0% used [0x00000000d5b80000,0x00000000d5b80000,0x00000000e6700000)
  from space 18944K, 99% used [0x00000000e8200000,0x00000000e947dcb8,0x00000000e9480000)
  to   space 27648K, 0% used [0x00000000e6700000,0x00000000e6700000,0x00000000e8200000)
 ParOldGen       total 112640K, used 57152K [0x0000000081200000, 0x0000000088000000, 0x00000000d5b80000)
  object space 112640K, 50% used [0x0000000081200000,0x00000000849d0000,0x0000000088000000)
 Metaspace       used 55719K, capacity 59498K, committed 59736K, reserved 1101824K
  class space    used 7632K, capacity 8284K, committed 8320K, reserved 1048576K
}
Event: 96.060 GC heap before
{Heap before GC invocations=18 (full 3):
 PSYoungGen      total 292864K, used 292855K [0x00000000d5b80000, 0x00000000e9d80000, 0x0000000100000000)
  eden space 273920K, 100% used [0x00000000d5b80000,0x00000000e6700000,0x00000000e6700000)
  from space 18944K, 99% used [0x00000000e8200000,0x00000000e947dcb8,0x00000000e9480000)
  to   space 27648K, 0% used [0x00000000e6700000,0x00000000e6700000,0x00000000e8200000)
 ParOldGen       total 112640K, used 57152K [0x0000000081200000, 0x0000000088000000, 0x00000000d5b80000)
  object space 112640K, 50% used [0x0000000081200000,0x00000000849d0000,0x0000000088000000)
 Metaspace       used 55749K, capacity 59498K, committed 59736K, reserved 1101824K
  class space    used 7632K, capacity 8284K, committed 8320K, reserved 1048576K
Event: 96.069 GC heap after
Heap after GC invocations=18 (full 3):
 PSYoungGen      total 301568K, used 2058K [0x00000000d5b80000, 0x00000000ed500000, 0x0000000100000000)
  eden space 273920K, 0% used [0x00000000d5b80000,0x00000000d5b80000,0x00000000e6700000)
  from space 27648K, 7% used [0x00000000e6700000,0x00000000e6902a80,0x00000000e8200000)
  to   space 27648K, 0% used [0x00000000eba00000,0x00000000eba00000,0x00000000ed500000)
 ParOldGen       total 112640K, used 88096K [0x0000000081200000, 0x0000000088000000, 0x00000000d5b80000)
  object space 112640K, 78% used [0x0000000081200000,0x0000000086808270,0x0000000088000000)
 Metaspace       used 55749K, capacity 59498K, committed 59736K, reserved 1101824K
  class space    used 7632K, capacity 8284K, committed 8320K, reserved 1048576K
}

Deoptimization events (0 events):
No events

Classes redefined (0 events):
No events

Internal exceptions (10 events):
Event: 76.488 Thread 0x000000001e677000 Exception <a 'java/lang/ArrayIndexOutOfBoundsException'> (0x00000000da4ecd48) thrown at [C:\re\workspace\8-2-build-windows-amd64-cygwin\jdk8u201\12322\hotspot\src\share\vm\runtime\sharedRuntime.cpp, line 605]
Event: 82.505 Thread 0x000000001e67a800 Exception <a 'java/io/IOException'> (0x00000000dd274bb8) thrown at [C:\re\workspace\8-2-build-windows-amd64-cygwin\jdk8u201\12322\hotspot\src\share\vm\prims\jni.cpp, line 709]
Event: 82.513 Thread 0x000000001e677000 Exception <a 'java/io/IOException'> (0x00000000dd4c87d8) thrown at [C:\re\workspace\8-2-build-windows-amd64-cygwin\jdk8u201\12322\hotspot\src\share\vm\prims\jni.cpp, line 709]
Event: 82.515 Thread 0x000000001e675800 Exception <a 'java/io/IOException'> (0x00000000dcc79330) thrown at [C:\re\workspace\8-2-build-windows-amd64-cygwin\jdk8u201\12322\hotspot\src\share\vm\prims\jni.cpp, line 709]
Event: 84.928 Thread 0x000000001e684000 Exception <a 'java/io/IOException'> (0x00000000e2e0b158) thrown at [C:\re\workspace\8-2-build-windows-amd64-cygwin\jdk8u201\12322\hotspot\src\share\vm\prims\jni.cpp, line 709]
Event: 88.466 Thread 0x000000001e67b000 Exception <a 'java/io/IOException'> (0x00000000d7ff91b0) thrown at [C:\re\workspace\8-2-build-windows-amd64-cygwin\jdk8u201\12322\hotspot\src\share\vm\prims\jni.cpp, line 709]
Event: 95.031 Thread 0x000000001e679000 Exception <a 'java/io/IOException'> (0x00000000e4f9dc40) thrown at [C:\re\workspace\8-2-build-windows-amd64-cygwin\jdk8u201\12322\hotspot\src\share\vm\prims\jni.cpp, line 709]
Event: 96.349 Thread 0x000000001e675800 Exception <a 'java/io/IOException'> (0x00000000d66733e8) thrown at [C:\re\workspace\8-2-build-windows-amd64-cygwin\jdk8u201\12322\hotspot\src\share\vm\prims\jni.cpp, line 709]
Event: 99.454 Thread 0x000000001e684000 Exception <a 'java/io/IOException'> (0x00000000dbc7eae0) thrown at [C:\re\workspace\8-2-build-windows-amd64-cygwin\jdk8u201\12322\hotspot\src\share\vm\prims\jni.cpp, line 709]
Event: 99.455 Thread 0x000000001e675800 Exception <a 'java/io/IOException'> (0x00000000dc177ef8) thrown at [C:\re\workspace\8-2-build-windows-amd64-cygwin\jdk8u201\12322\hotspot\src\share\vm\prims\jni.cpp, line 709]

Events (10 events):
Event: 96.075 Executing VM operation: RevokeBias
Event: 96.075 Executing VM operation: RevokeBias done
Event: 96.075 Executing VM operation: RevokeBias
Event: 96.075 Executing VM operation: RevokeBias done
Event: 96.075 Executing VM operation: BulkRevokeBias
Event: 96.076 Executing VM operation: BulkRevokeBias done
Event: 96.594 Executing VM operation: RevokeBias
Event: 96.594 Executing VM operation: RevokeBias done
Event: 99.497 Executing VM operation: RevokeBias
Event: 99.497 Executing VM operation: RevokeBias done


Dynamic libraries:
0x00007ff6b01c0000 - 0x00007ff6b01f7000 	C:\Program Files\Java\jdk1.8.0_201\bin\java.exe
0x00007ffc111b0000 - 0x00007ffc113a5000 	C:\WINDOWS\SYSTEM32\ntdll.dll
0x00007ffc110a0000 - 0x00007ffc1115e000 	C:\WINDOWS\System32\KERNEL32.DLL
0x00007ffc0eae0000 - 0x00007ffc0eda9000 	C:\WINDOWS\System32\KERNELBASE.dll
0x00007ffc10270000 - 0x00007ffc1031c000 	C:\WINDOWS\System32\ADVAPI32.dll
0x00007ffc0f5a0000 - 0x00007ffc0f63e000 	C:\WINDOWS\System32\msvcrt.dll
0x00007ffc0f980000 - 0x00007ffc0fa1b000 	C:\WINDOWS\System32\sechost.dll
0x00007ffc0fea0000 - 0x00007ffc0ffca000 	C:\WINDOWS\System32\RPCRT4.dll
0x00007ffc0ffe0000 - 0x00007ffc10181000 	C:\WINDOWS\System32\USER32.dll
0x00007ffc0eab0000 - 0x00007ffc0ead2000 	C:\WINDOWS\System32\win32u.dll
0x00007ffc0f200000 - 0x00007ffc0f22b000 	C:\WINDOWS\System32\GDI32.dll
0x00007ffc0ee00000 - 0x00007ffc0ef0b000 	C:\WINDOWS\System32\gdi32full.dll
0x00007ffc0e8d0000 - 0x00007ffc0e96d000 	C:\WINDOWS\System32\msvcp_win.dll
0x00007ffc0ef70000 - 0x00007ffc0f070000 	C:\WINDOWS\System32\ucrtbase.dll
0x00007ffc000a0000 - 0x00007ffc0033a000 	C:\WINDOWS\WinSxS\amd64_microsoft.windows.common-controls_6595b64144ccf1df_6.0.19041.1110_none_60b5254171f9507e\COMCTL32.dll
0x00007ffc0f460000 - 0x00007ffc0f490000 	C:\WINDOWS\System32\IMM32.DLL
0x00000000619b0000 - 0x0000000061a81000 	C:\Program Files\Java\jdk1.8.0_201\jre\bin\msvcr100.dll
0x00000000602d0000 - 0x0000000060b74000 	C:\Program Files\Java\jdk1.8.0_201\jre\bin\server\jvm.dll
0x00007ffc11160000 - 0x00007ffc11168000 	C:\WINDOWS\System32\PSAPI.DLL
0x00007ffc08230000 - 0x00007ffc08239000 	C:\WINDOWS\SYSTEM32\WSOCK32.dll
0x00007ffc05240000 - 0x00007ffc0524a000 	C:\WINDOWS\SYSTEM32\VERSION.dll
0x00007ffc0f870000 - 0x00007ffc0f8db000 	C:\WINDOWS\System32\WS2_32.dll
0x00007ffc01840000 - 0x00007ffc01867000 	C:\WINDOWS\SYSTEM32\WINMM.dll
0x00007ffc05e40000 - 0x00007ffc05e4f000 	C:\Program Files\Java\jdk1.8.0_201\jre\bin\verify.dll
0x00007ffbee900000 - 0x00007ffbee929000 	C:\Program Files\Java\jdk1.8.0_201\jre\bin\java.dll
0x00007ffbe3070000 - 0x00007ffbe3093000 	C:\Program Files\Java\jdk1.8.0_201\jre\bin\instrument.dll
0x00007ffbed480000 - 0x00007ffbed496000 	C:\Program Files\Java\jdk1.8.0_201\jre\bin\zip.dll
0x00007ffc104d0000 - 0x00007ffc10c0f000 	C:\WINDOWS\System32\SHELL32.dll
0x00007ffc0c610000 - 0x00007ffc0cda0000 	C:\WINDOWS\SYSTEM32\windows.storage.dll
0x00007ffc10c70000 - 0x00007ffc10fc5000 	C:\WINDOWS\System32\combase.dll
0x00007ffc0e320000 - 0x00007ffc0e34c000 	C:\WINDOWS\SYSTEM32\Wldp.dll
0x00007ffc0f4f0000 - 0x00007ffc0f59d000 	C:\WINDOWS\System32\SHCORE.dll
0x00007ffc10c10000 - 0x00007ffc10c65000 	C:\WINDOWS\System32\shlwapi.dll
0x00007ffc0e810000 - 0x00007ffc0e82f000 	C:\WINDOWS\SYSTEM32\profapi.dll
0x00007ffbeedc0000 - 0x00007ffbeedda000 	F:\subject\IDEA 2018_sssam.com\IntelliJ IDEA 2018.2.4\bin\breakgen64.dll
0x00007ffbea240000 - 0x00007ffbea25a000 	C:\Program Files\Java\jdk1.8.0_201\jre\bin\net.dll
0x00007ffbfc9a0000 - 0x00007ffbfcb8b000 	C:\WINDOWS\SYSTEM32\urlmon.dll
0x00007ffbfcf00000 - 0x00007ffbfd1b0000 	C:\WINDOWS\SYSTEM32\iertutil.dll
0x00007ffc0dd60000 - 0x00007ffc0dd6c000 	C:\WINDOWS\SYSTEM32\netutils.dll
0x00007ffbfc970000 - 0x00007ffbfc998000 	C:\WINDOWS\SYSTEM32\srvcli.dll
0x00007ffc0e080000 - 0x00007ffc0e0ea000 	C:\WINDOWS\system32\mswsock.dll
0x00007ffc05ca0000 - 0x00007ffc05cad000 	C:\Program Files\Java\jdk1.8.0_201\jre\bin\management.dll
0x00007ffbea220000 - 0x00007ffbea231000 	C:\Program Files\Java\jdk1.8.0_201\jre\bin\nio.dll
0x00007ffbf1ce0000 - 0x00007ffbf1cf7000 	C:\WINDOWS\system32\napinsp.dll
0x00007ffbf1cc0000 - 0x00007ffbf1cdb000 	C:\WINDOWS\system32\pnrpnsp.dll
0x00007ffc08c40000 - 0x00007ffc08c55000 	C:\WINDOWS\system32\wshbth.dll
0x00007ffc09620000 - 0x00007ffc0963d000 	C:\WINDOWS\system32\NLAapi.dll
0x00007ffc0dd20000 - 0x00007ffc0dd5b000 	C:\WINDOWS\SYSTEM32\IPHLPAPI.DLL
0x00007ffc0dd70000 - 0x00007ffc0de3c000 	C:\WINDOWS\SYSTEM32\DNSAPI.dll
0x00007ffc0f970000 - 0x00007ffc0f978000 	C:\WINDOWS\System32\NSI.dll
0x00007ffbf1990000 - 0x00007ffbf19a2000 	C:\WINDOWS\System32\winrnr.dll
0x00007ffc05a00000 - 0x00007ffc05a0a000 	C:\Windows\System32\rasadhlp.dll
0x00007ffbfd8a0000 - 0x00007ffbfd91f000 	C:\WINDOWS\System32\fwpuclnt.dll
0x00007ffc0f070000 - 0x00007ffc0f097000 	C:\WINDOWS\System32\bcrypt.dll
0x00007ffc0e270000 - 0x00007ffc0e288000 	C:\WINDOWS\SYSTEM32\CRYPTSP.dll
0x00007ffc0d990000 - 0x00007ffc0d9c4000 	C:\WINDOWS\system32\rsaenh.dll
0x00007ffc0e7d0000 - 0x00007ffc0e7fe000 	C:\WINDOWS\SYSTEM32\USERENV.dll
0x00007ffc0e970000 - 0x00007ffc0e9f3000 	C:\WINDOWS\System32\bcryptprimitives.dll
0x00007ffc0e290000 - 0x00007ffc0e29c000 	C:\WINDOWS\SYSTEM32\CRYPTBASE.dll
0x00007ffc03c60000 - 0x00007ffc03c77000 	C:\WINDOWS\SYSTEM32\dhcpcsvc6.DLL
0x00007ffc04fd0000 - 0x00007ffc04fed000 	C:\WINDOWS\SYSTEM32\dhcpcsvc.DLL
0x00007ffbdfff0000 - 0x00007ffbe0014000 	C:\Program Files\Java\jdk1.8.0_201\jre\bin\sunec.dll
0x00007ffbb8cc0000 - 0x00007ffbbbafd000 	C:\Users\lenovo\Desktop\人脸识别\Face-recognition-main\ArcSoft_ArcFace_Java_Windows_x64_V3.0\libs\WIN64\libarcsoft_face.dll
0x00007ffbf4650000 - 0x00007ffbf473f000 	C:\WINDOWS\SYSTEM32\MSVCR120.dll
0x00007ffbf4f00000 - 0x00007ffbf4fa6000 	C:\WINDOWS\SYSTEM32\MSVCP120.dll
0x00007ffbc84f0000 - 0x00007ffbc856f000 	C:\Users\lenovo\Desktop\人脸识别\Face-recognition-main\ArcSoft_ArcFace_Java_Windows_x64_V3.0\libs\WIN64\libarcsoft_face_engine.dll
0x00007ffc0f810000 - 0x00007ffc0f866000 	C:\WINDOWS\System32\WLDAP32.dll
0x00007ffbee580000 - 0x00007ffbee5a5000 	C:\Users\lenovo\Desktop\人脸识别\Face-recognition-main\ArcSoft_ArcFace_Java_Windows_x64_V3.0\libs\WIN64\libarcsoft_face_engine_jni.dll
0x00007ffbc3af0000 - 0x00007ffbc3c89000 	C:\Program Files\Java\jdk1.8.0_201\jre\bin\awt.dll
0x00007ffc10fd0000 - 0x00007ffc1109d000 	C:\WINDOWS\System32\OLEAUT32.dll
0x00007ffc0af30000 - 0x00007ffc0afc0000 	C:\WINDOWS\SYSTEM32\apphelp.dll
0x00007ffbe47e0000 - 0x00007ffbe4811000 	C:\Program Files\Java\jdk1.8.0_201\jre\bin\jpeg.dll
0x00007ffbe4750000 - 0x00007ffbe478e000 	C:\Program Files\Java\jdk1.8.0_201\jre\bin\lcms.dll
0x00007ffc0ce70000 - 0x00007ffc0d054000 	C:\WINDOWS\SYSTEM32\dbghelp.dll

VM Arguments:
jvm_args: -XX:CompileCommand=exclude,org/hibernate/cfg/annotations/SimpleValueBinder.setType -XX:TieredStopAtLevel=1 -Xverify:none -Dspring.output.ansi.enabled=always -Dcom.sun.management.jmxremote -Dcom.sun.management.jmxremote.port=58807 -Dcom.sun.management.jmxremote.authenticate=false -Dcom.sun.management.jmxremote.ssl=false -Djava.rmi.server.hostname=localhost -Dspring.liveBeansView.mbeanDomain -Dspring.application.admin.enabled=true -javaagent:F:\subject\IDEA 2018_sssam.com\IntelliJ IDEA 2018.2.4\lib\idea_rt.jar=58808:F:\subject\IDEA 2018_sssam.com\IntelliJ IDEA 2018.2.4\bin -Dfile.encoding=UTF-8 
java_command: com.tangcheng.face_corn.FaceCornApplication
java_class_path (initial): C:\Program Files\Java\jdk1.8.0_201\jre\lib\charsets.jar;C:\Program Files\Java\jdk1.8.0_201\jre\lib\deploy.jar;C:\Program Files\Java\jdk1.8.0_201\jre\lib\ext\access-bridge-64.jar;C:\Program Files\Java\jdk1.8.0_201\jre\lib\ext\cldrdata.jar;C:\Program Files\Java\jdk1.8.0_201\jre\lib\ext\dnsns.jar;C:\Program Files\Java\jdk1.8.0_201\jre\lib\ext\jaccess.jar;C:\Program Files\Java\jdk1.8.0_201\jre\lib\ext\jfxrt.jar;C:\Program Files\Java\jdk1.8.0_201\jre\lib\ext\localedata.jar;C:\Program Files\Java\jdk1.8.0_201\jre\lib\ext\nashorn.jar;C:\Program Files\Java\jdk1.8.0_201\jre\lib\ext\sunec.jar;C:\Program Files\Java\jdk1.8.0_201\jre\lib\ext\sunjce_provider.jar;C:\Program Files\Java\jdk1.8.0_201\jre\lib\ext\sunmscapi.jar;C:\Program Files\Java\jdk1.8.0_201\jre\lib\ext\sunpkcs11.jar;C:\Program Files\Java\jdk1.8.0_201\jre\lib\ext\zipfs.jar;C:\Program Files\Java\jdk1.8.0_201\jre\lib\javaws.jar;C:\Program Files\Java\jdk1.8.0_201\jre\lib\jce.jar;C:\Program Files\Java\jdk1.8.0_201\jre\lib\jfr.jar;C:\Program Files\Java\jdk1.8.0_201\jre\lib\jfxswt.jar;C:\Program Files\Java\jdk1.8.0_201\jre\lib\jsse.jar;C:\Program Files\Java\jdk1.8.0_201\jre\lib\management-agent.jar;C:\Program Files\Java\jdk1.8.0_201\jre\lib\plugin.jar;C:\Program Files\Java\jdk1.8.0_201\jre\lib\resources.jar;C:\Program Files\Java\jdk1.8.0_201\jre\lib\rt.jar;C:\Users\lenovo\Desktop\人脸识别\Face-recognition-main\facesystem\face_corn\target\classes;C:\Users\lenovo\Desktop\人脸识别\Face-recognition-main\facesystem\common\target\classes;F:\subject\JavaWeb\maven-l\com\auth0\java-jwt\3.4.0\java-jwt-3.4.0.jar;F:\subject\JavaWeb\maven-l\commons-codec\commons-codec\1.15\commons-codec-1.15.jar;F:\subject\JavaWeb\maven-l\com\aliyun\oss\aliyun-sdk-oss\3.12.0\aliyun-sdk-oss-3.12.0.jar;F:\subject\JavaWeb\maven-l\org\apache\httpcomponents\httpclient\4.5.13\httpclient-4.5.13.jar;F:\subject\JavaWeb\maven-l\org\apache\httpcomponents\httpcore\4.4.14\httpcore-4.4.14.jar;F:\subject\JavaWeb\maven-l\org\jdom\jdom2\2.
Launcher Type: SUN_STANDARD

Environment Variables:
JAVA_HOME=C:\Program Files\Java\jdk1.8.0_201
CLASSPATH=.;C:\Program Files\Java\jdk1.8.0_201\lib\dt.jar,C:\Program Files\Java\jdk1.8.0_201\lib\tools.jar;F:\subject\JavaWeb\apache-tomcat-8.5.45\lib\servlet-api.jar
PATH=C:\Program Files (x86)\Common Files\Oracle\Java\javapath;C:\WINDOWS\system32;C:\WINDOWS;C:\WINDOWS\System32\Wbem;C:\WINDOWS\System32\WindowsPowerShell\v1.0\;C:\WINDOWS\System32\OpenSSH\;F:\subject\JavaWeb\apache-tomcat-8.5.45\bin;F:\subject\JavaWeb\apache-tomcat-8.5.45\lib;C:\Program Files\NVIDIA Corporation\NVIDIA NvDLISR;F:\subject\JavaWeb\apache-maven-3.3.9\bin;F:\subject\JavaWeb\Gradle\gradle-6.9.1\bin;F:\subject\JavaWeb\nodejs;C:\Program Files\Java\jdk1.8.0_201\bin;C:\Program Files\MySQL\MySQL Server 8.0\bin;F:\subject\JavaWeb\env\MongoDB\bin;C:\Users\lenovo\AppData\Local\Microsoft\WindowsApps;F:\subject\PyCharm\PyCharm Community Edition 2020.3.3\bin;;F:\subject\JavaWeb\Microsoft VS Code\bin;F:\subject\JavaWeb\nodejs\node_global;
USERNAME=lenovo
OS=Windows_NT
PROCESSOR_IDENTIFIER=Intel64 Family 6 Model 158 Stepping 10, GenuineIntel



---------------  S Y S T E M  ---------------

OS: Windows 10.0 , 64 bit Build 19041 (10.0.19041.1202)

CPU:total 8 (initial active 8) (4 cores per cpu, 2 threads per core) family 6 model 158 stepping 10, cmov, cx8, fxsr, mmx, sse, sse2, sse3, ssse3, sse4.1, sse4.2, popcnt, avx, avx2, aes, clmul, erms, 3dnowpref, lzcnt, ht, tsc, tscinvbit, bmi1, bmi2, adx

Memory: 4k page, physical 8306932k(561080k free), swap 18792692k(3739660k free)

vm_info: Java HotSpot(TM) 64-Bit Server VM (25.201-b09) for windows-amd64 JRE (1.8.0_201-b09), built on Dec 15 2018 18:36:39 by "java_re" with MS VC++ 10.0 (VS2010)

time: Fri Oct 29 21:18:57 2021
timezone: 中国标准时间
elapsed time: 99 seconds (0d 0h 1m 39s)

