#
# A fatal error has been detected by the Java Runtime Environment:
#
#  EXCEPTION_ACCESS_VIOLATION (0xc0000005) at pc=0x00007ff82b69e0e5, pid=12564, tid=0x0000000000005084
#
# JRE version: Java(TM) SE Runtime Environment (8.0_201-b09) (build 1.8.0_201-b09)
# Java VM: Java HotSpot(TM) 64-Bit Server VM (25.201-b09 mixed mode windows-amd64 compressed oops)
# Problematic frame:
# C  [libarcsoft_face.dll+0xe0e5]
#
# Failed to write core dump. Minidumps are not enabled by default on client versions of Windows
#
# If you would like to submit a bug report, please visit:
#   http://bugreport.java.com/bugreport/crash.jsp
# The crash happened outside the Java Virtual Machine in native code.
# See problematic frame for where to report the bug.
#

---------------  T H R E A D  ---------------

Current thread (0x000000001a89b000):  JavaThread "http-nio-8081-exec-1" daemon [_thread_in_native, id=20612, stack(0x0000000020ac0000,0x0000000020bc0000)]

siginfo: ExceptionCode=0xc0000005, writing address 0xfffffffe262c7e60

Registers:
RAX=0x0000000000000040, RBX=0x0000000080002000, RCX=0x0000000000000025, RDX=0xffffffff80000000
RSP=0x0000000020bbc310, RBP=0x0000000080000000, RSI=0x0000000000000140, RDI=0x0000000080000000
R8 =0x00000000000000ff, R9 =0x0000000000000000, R10=0x0000000080001000, R11=0x00000000262c7e60
R12=0x0000000000000040, R13=0x0000000000000040, R14=0x0000000000000000, R15=0x000000001f26ced0
RIP=0x00007ff82b69e0e5, EFLAGS=0x0000000000010202

Top of Stack: (sp=0x0000000020bbc310)
0x0000000020bbc310:   0000000000000000 0000000000002000
0x0000000020bbc320:   0000000000000010 0000000000000040
0x0000000020bbc330:   0000000000000000 00000000262d4780
0x0000000020bbc340:   0000000020bbc450 00007ff82b69c5f2
0x0000000020bbc350:   0000000000000000 00007ff82b6a17a3
0x0000000020bbc360:   000000002632f6f0 000000002632f660
0x0000000020bbc370:   0000000080000000 0000000000000025
0x0000000020bbc380:   0000000000000040 000000000000004a
0x0000000020bbc390:   0000000000000000 0000000000000000
0x0000000020bbc3a0:   0000000000000040 00000000000003c0
0x0000000020bbc3b0:   0000000000000000 0000000000000000
0x0000000020bbc3c0:   0000000000000040 0000000020bbc4e8
0x0000000020bbc3d0:   0000000000000000 0000000000000040
0x0000000020bbc3e0:   0000000000000040 00000000262c7e60
0x0000000020bbc3f0:   0000000020ebcec0 00007ff82b69bf04
0x0000000020bbc400:   0000000080000000 00007ff8000000f0 

Instructions: (pc=0x00007ff82b69e0e5)
0x00007ff82b69e0c5:   0f 4f c8 45 33 c9 85 c9 41 0f 48 c9 41 3b c0 41
0x00007ff82b69e0d5:   0f 4f c0 85 c0 41 0f 48 c1 66 0f 6e c1 0f 5b c0
0x00007ff82b69e0e5:   f3 41 0f 11 04 93 66 0f 6e c0 49 63 c2 0f 5b c0
0x00007ff82b69e0f5:   f3 41 0f 11 04 83 8b 44 24 78 eb 51 83 f9 01 75 


Register to memory mapping:

RAX=0x0000000000000040 is an unknown value
RBX=0x0000000080002000 is an unknown value
RCX=0x0000000000000025 is an unknown value
RDX=0xffffffff80000000 is an unknown value
RSP=0x0000000020bbc310 is pointing into the stack for thread: 0x000000001a89b000
RBP=0x0000000080000000 is an unknown value
RSI=0x0000000000000140 is an unknown value
RDI=0x0000000080000000 is an unknown value
R8 =0x00000000000000ff is an unknown value
R9 =0x0000000000000000 is an unknown value
R10=0x0000000080001000 is an unknown value
R11=0x00000000262c7e60 is an unknown value
R12=0x0000000000000040 is an unknown value
R13=0x0000000000000040 is an unknown value
R14=0x0000000000000000 is an unknown value
R15=0x000000001f26ced0 is an unknown value


Stack: [0x0000000020ac0000,0x0000000020bc0000],  sp=0x0000000020bbc310,  free space=1008k
Native frames: (J=compiled Java code, j=interpreted, Vv=VM code, C=native code)
C  [libarcsoft_face.dll+0xe0e5]
C  [libarcsoft_face.dll+0xc5f2]
C  [libarcsoft_face.dll+0xbf04]
C  [libarcsoft_face.dll+0x9049]
C  [libarcsoft_face.dll+0x89bc]
C  [libarcsoft_face.dll+0x7d0a]
C  [libarcsoft_face.dll+0x3c88]
C  [libarcsoft_face_engine.dll+0x58ca]
C  [libarcsoft_face_engine_jni.dll+0x18f6]
C  0x0000000003888c67

Java frames: (J=compiled Java code, j=interpreted, Vv=VM code)
j  com.arcsoft.face.FaceEngine.detectFaces(J[BIIII[Lcom/arcsoft/face/FaceInfo;)I+0
j  com.arcsoft.face.FaceEngine.detectFaces([BIILcom/arcsoft/face/enums/ImageFormat;Lcom/arcsoft/face/enums/DetectModel;Ljava/util/List;)I+107
j  com.arcsoft.face.FaceEngine.detectFaces([BIILcom/arcsoft/face/enums/ImageFormat;Ljava/util/List;)I+11
j  com.tangcheng.face_corn.service.impl.faceServiceImpl.facesearch(Ljava/io/InputStream;Ljava/util/List;)Ljava/lang/String;+45
j  com.tangcheng.face_corn.controller.faceController.facesearch(Ljava/lang/String;Ljava/util/List;)Lresult/Result;+22
v  ~StubRoutines::call_stub
J 2103  sun.reflect.NativeMethodAccessorImpl.invoke0(Ljava/lang/reflect/Method;Ljava/lang/Object;[Ljava/lang/Object;)Ljava/lang/Object; (0 bytes) @ 0x0000000003cc94bf [0x0000000003cc9440+0x7f]
J 2102 C1 sun.reflect.NativeMethodAccessorImpl.invoke(Ljava/lang/Object;[Ljava/lang/Object;)Ljava/lang/Object; (104 bytes) @ 0x0000000003cca1dc [0x0000000003cc9e60+0x37c]
J 1656 C1 sun.reflect.DelegatingMethodAccessorImpl.invoke(Ljava/lang/Object;[Ljava/lang/Object;)Ljava/lang/Object; (10 bytes) @ 0x0000000003bebde4 [0x0000000003bebda0+0x44]
J 1655 C1 java.lang.reflect.Method.invoke(Ljava/lang/Object;[Ljava/lang/Object;)Ljava/lang/Object; (62 bytes) @ 0x0000000003beba14 [0x0000000003beb920+0xf4]
j  org.springframework.web.method.support.InvocableHandlerMethod.doInvoke([Ljava/lang/Object;)Ljava/lang/Object;+32
j  org.springframework.web.method.support.InvocableHandlerMethod.invokeForRequest(Lorg/springframework/web/context/request/NativeWebRequest;Lorg/springframework/web/method/support/ModelAndViewContainer;[Ljava/lang/Object;)Ljava/lang/Object;+54
j  org.springframework.web.servlet.mvc.method.annotation.ServletInvocableHandlerMethod.invokeAndHandle(Lorg/springframework/web/context/request/ServletWebRequest;Lorg/springframework/web/method/support/ModelAndViewContainer;[Ljava/lang/Object;)V+4
j  org.springframework.web.servlet.mvc.method.annotation.RequestMappingHandlerAdapter.invokeHandlerMethod(Ljavax/servlet/http/HttpServletRequest;Ljavax/servlet/http/HttpServletResponse;Lorg/springframework/web/method/HandlerMethod;)Lorg/springframework/web/servlet/ModelAndView;+244
j  org.springframework.web.servlet.mvc.method.annotation.RequestMappingHandlerAdapter.handleInternal(Ljavax/servlet/http/HttpServletRequest;Ljavax/servlet/http/HttpServletResponse;Lorg/springframework/web/method/HandlerMethod;)Lorg/springframework/web/servlet/ModelAndView;+81
j  org.springframework.web.servlet.mvc.method.AbstractHandlerMethodAdapter.handle(Ljavax/servlet/http/HttpServletRequest;Ljavax/servlet/http/HttpServletResponse;Ljava/lang/Object;)Lorg/springframework/web/servlet/ModelAndView;+7
j  org.springframework.web.servlet.DispatcherServlet.doDispatch(Ljavax/servlet/http/HttpServletRequest;Ljavax/servlet/http/HttpServletResponse;)V+259
j  org.springframework.web.servlet.DispatcherServlet.doService(Ljavax/servlet/http/HttpServletRequest;Ljavax/servlet/http/HttpServletResponse;)V+241
j  org.springframework.web.servlet.FrameworkServlet.processRequest(Ljavax/servlet/http/HttpServletRequest;Ljavax/servlet/http/HttpServletResponse;)V+71
j  org.springframework.web.servlet.FrameworkServlet.doPost(Ljavax/servlet/http/HttpServletRequest;Ljavax/servlet/http/HttpServletResponse;)V+3
j  javax.servlet.http.HttpServlet.service(Ljavax/servlet/http/HttpServletRequest;Ljavax/servlet/http/HttpServletResponse;)V+149
j  org.springframework.web.servlet.FrameworkServlet.service(Ljavax/servlet/http/HttpServletRequest;Ljavax/servlet/http/HttpServletResponse;)V+33
j  javax.servlet.http.HttpServlet.service(Ljavax/servlet/ServletRequest;Ljavax/servlet/ServletResponse;)V+36
j  org.apache.catalina.core.ApplicationFilterChain.internalDoFilter(Ljavax/servlet/ServletRequest;Ljavax/servlet/ServletResponse;)V+304
j  org.apache.catalina.core.ApplicationFilterChain.doFilter(Ljavax/servlet/ServletRequest;Ljavax/servlet/ServletResponse;)V+99
j  org.apache.tomcat.websocket.server.WsFilter.doFilter(Ljavax/servlet/ServletRequest;Ljavax/servlet/ServletResponse;Ljavax/servlet/FilterChain;)V+21
j  org.apache.catalina.core.ApplicationFilterChain.internalDoFilter(Ljavax/servlet/ServletRequest;Ljavax/servlet/ServletResponse;)V+135
j  org.apache.catalina.core.ApplicationFilterChain.doFilter(Ljavax/servlet/ServletRequest;Ljavax/servlet/ServletResponse;)V+99
j  org.springframework.web.filter.RequestContextFilter.doFilterInternal(Ljavax/servlet/http/HttpServletRequest;Ljavax/servlet/http/HttpServletResponse;Ljavax/servlet/FilterChain;)V+21
j  org.springframework.web.filter.OncePerRequestFilter.doFilter(Ljavax/servlet/ServletRequest;Ljavax/servlet/ServletResponse;Ljavax/servlet/FilterChain;)V+147
j  org.apache.catalina.core.ApplicationFilterChain.internalDoFilter(Ljavax/servlet/ServletRequest;Ljavax/servlet/ServletResponse;)V+135
j  org.apache.catalina.core.ApplicationFilterChain.doFilter(Ljavax/servlet/ServletRequest;Ljavax/servlet/ServletResponse;)V+99
j  org.springframework.web.filter.FormContentFilter.doFilterInternal(Ljavax/servlet/http/HttpServletRequest;Ljavax/servlet/http/HttpServletResponse;Ljavax/servlet/FilterChain;)V+38
j  org.springframework.web.filter.OncePerRequestFilter.doFilter(Ljavax/servlet/ServletRequest;Ljavax/servlet/ServletResponse;Ljavax/servlet/FilterChain;)V+147
j  org.apache.catalina.core.ApplicationFilterChain.internalDoFilter(Ljavax/servlet/ServletRequest;Ljavax/servlet/ServletResponse;)V+135
j  org.apache.catalina.core.ApplicationFilterChain.doFilter(Ljavax/servlet/ServletRequest;Ljavax/servlet/ServletResponse;)V+99
j  org.springframework.web.filter.CharacterEncodingFilter.doFilterInternal(Ljavax/servlet/http/HttpServletRequest;Ljavax/servlet/http/HttpServletResponse;Ljavax/servlet/FilterChain;)V+53
j  org.springframework.web.filter.OncePerRequestFilter.doFilter(Ljavax/servlet/ServletRequest;Ljavax/servlet/ServletResponse;Ljavax/servlet/FilterChain;)V+147
j  org.apache.catalina.core.ApplicationFilterChain.internalDoFilter(Ljavax/servlet/ServletRequest;Ljavax/servlet/ServletResponse;)V+135
j  org.apache.catalina.core.ApplicationFilterChain.doFilter(Ljavax/servlet/ServletRequest;Ljavax/servlet/ServletResponse;)V+99
j  org.apache.catalina.core.StandardWrapperValve.invoke(Lorg/apache/catalina/connector/Request;Lorg/apache/catalina/connector/Response;)V+694
j  org.apache.catalina.core.StandardContextValve.invoke(Lorg/apache/catalina/connector/Request;Lorg/apache/catalina/connector/Response;)V+169
j  org.apache.catalina.authenticator.AuthenticatorBase.invoke(Lorg/apache/catalina/connector/Request;Lorg/apache/catalina/connector/Response;)V+260
j  org.apache.catalina.core.StandardHostValve.invoke(Lorg/apache/catalina/connector/Request;Lorg/apache/catalina/connector/Response;)V+128
j  org.apache.catalina.valves.ErrorReportValve.invoke(Lorg/apache/catalina/connector/Request;Lorg/apache/catalina/connector/Response;)V+6
j  org.apache.catalina.core.StandardEngineValve.invoke(Lorg/apache/catalina/connector/Request;Lorg/apache/catalina/connector/Response;)V+59
j  org.apache.catalina.connector.CoyoteAdapter.service(Lorg/apache/coyote/Request;Lorg/apache/coyote/Response;)V+199
j  org.apache.coyote.http11.Http11Processor.service(Lorg/apache/tomcat/util/net/SocketWrapperBase;)Lorg/apache/tomcat/util/net/AbstractEndpoint$Handler$SocketState;+737
j  org.apache.coyote.AbstractProcessorLight.process(Lorg/apache/tomcat/util/net/SocketWrapperBase;Lorg/apache/tomcat/util/net/SocketEvent;)Lorg/apache/tomcat/util/net/AbstractEndpoint$Handler$SocketState;+170
j  org.apache.coyote.AbstractProtocol$ConnectionHandler.process(Lorg/apache/tomcat/util/net/SocketWrapperBase;Lorg/apache/tomcat/util/net/SocketEvent;)Lorg/apache/tomcat/util/net/AbstractEndpoint$Handler$SocketState;+505
j  org.apache.tomcat.util.net.NioEndpoint$SocketProcessor.doRun()V+216
j  org.apache.tomcat.util.net.SocketProcessorBase.run()V+21
j  java.util.concurrent.ThreadPoolExecutor.runWorker(Ljava/util/concurrent/ThreadPoolExecutor$Worker;)V+95
j  java.util.concurrent.ThreadPoolExecutor$Worker.run()V+5
j  org.apache.tomcat.util.threads.TaskThread$WrappingRunnable.run()V+4
j  java.lang.Thread.run()V+11
v  ~StubRoutines::call_stub

---------------  P R O C E S S  ---------------

Java Threads: ( => current thread )
  0x000000001eb7d800 JavaThread "lettuce-eventExecutorLoop-1-7" daemon [_thread_blocked, id=15900, stack(0x0000000041050000,0x0000000041150000)]
  0x000000001eb7c800 JavaThread "lettuce-eventExecutorLoop-1-6" daemon [_thread_blocked, id=13280, stack(0x0000000040f50000,0x0000000041050000)]
  0x000000001eb7c000 JavaThread "lettuce-eventExecutorLoop-1-5" daemon [_thread_blocked, id=20592, stack(0x0000000040e50000,0x0000000040f50000)]
  0x000000001eb7b000 JavaThread "lettuce-eventExecutorLoop-1-4" daemon [_thread_blocked, id=8584, stack(0x0000000040d50000,0x0000000040e50000)]
  0x000000001eb7a800 JavaThread "lettuce-eventExecutorLoop-1-3" daemon [_thread_blocked, id=20712, stack(0x0000000040c50000,0x0000000040d50000)]
  0x000000001eb79800 JavaThread "Java2D Disposer" daemon [_thread_blocked, id=18756, stack(0x0000000040b50000,0x0000000040c50000)]
  0x000000001eb72000 JavaThread "idle_connection_reaper" daemon [_thread_blocked, id=6572, stack(0x0000000040650000,0x0000000040750000)]
  0x000000001eb78800 JavaThread "lettuce-eventExecutorLoop-1-2" daemon [_thread_blocked, id=1820, stack(0x0000000040550000,0x0000000040650000)]
  0x000000001eb71000 JavaThread "lettuce-eventExecutorLoop-1-1" daemon [_thread_blocked, id=12300, stack(0x00000000233d0000,0x00000000234d0000)]
  0x000000001eb77000 JavaThread "lettuce-nioEventLoop-4-1" daemon [_thread_in_native, id=14148, stack(0x0000000021fc0000,0x00000000220c0000)]
  0x000000001eb78000 JavaThread "DiscoveryClient-HeartbeatExecutor-0" daemon [_thread_blocked, id=20512, stack(0x0000000021cc0000,0x0000000021dc0000)]
  0x000000001eb75800 JavaThread "DiscoveryClient-CacheRefreshExecutor-0" daemon [_thread_blocked, id=10464, stack(0x0000000021bc0000,0x0000000021cc0000)]
  0x000000001eb6f800 JavaThread "DestroyJavaVM" [_thread_blocked, id=16996, stack(0x0000000003440000,0x0000000003540000)]
  0x000000001eb75000 JavaThread "http-nio-8081-Acceptor" daemon [_thread_in_native, id=15392, stack(0x00000000215c0000,0x00000000216c0000)]
  0x000000001eb73800 JavaThread "http-nio-8081-ClientPoller" daemon [_thread_in_native, id=15428, stack(0x00000000214c0000,0x00000000215c0000)]
  0x000000001eb74000 JavaThread "http-nio-8081-exec-10" daemon [_thread_in_native, id=9144, stack(0x00000000213c0000,0x00000000214c0000)]
  0x000000001eb70800 JavaThread "http-nio-8081-exec-9" daemon [_thread_in_Java, id=19620, stack(0x00000000212c0000,0x00000000213c0000)]
  0x000000001eb76800 JavaThread "http-nio-8081-exec-8" daemon [_thread_blocked, id=19264, stack(0x00000000211c0000,0x00000000212c0000)]
  0x000000001eb6f000 JavaThread "http-nio-8081-exec-7" daemon [_thread_blocked, id=6576, stack(0x00000000210c0000,0x00000000211c0000)]
  0x000000001eb72800 JavaThread "http-nio-8081-exec-6" daemon [_thread_blocked, id=18088, stack(0x0000000020fc0000,0x00000000210c0000)]
  0x000000001eb6e000 JavaThread "http-nio-8081-exec-5" daemon [_thread_in_native, id=9396, stack(0x0000000020ec0000,0x0000000020fc0000)]
  0x000000001a89e000 JavaThread "http-nio-8081-exec-4" daemon [_thread_in_native, id=20632, stack(0x0000000020dc0000,0x0000000020ec0000)]
  0x000000001a89d000 JavaThread "http-nio-8081-exec-3" daemon [_thread_blocked, id=19200, stack(0x0000000020cc0000,0x0000000020dc0000)]
  0x000000001a89c800 JavaThread "http-nio-8081-exec-2" daemon [_thread_in_native, id=19132, stack(0x0000000020bc0000,0x0000000020cc0000)]
=>0x000000001a89b000 JavaThread "http-nio-8081-exec-1" daemon [_thread_in_native, id=20612, stack(0x0000000020ac0000,0x0000000020bc0000)]
  0x000000001a899800 JavaThread "http-nio-8081-BlockPoller" daemon [_thread_in_native, id=12532, stack(0x00000000209c0000,0x0000000020ac0000)]
  0x000000001a89a000 JavaThread "DiscoveryClient-InstanceInfoReplicator-0" daemon [_thread_blocked, id=15856, stack(0x00000000208c0000,0x00000000209c0000)]
  0x000000001a89f800 JavaThread "DiscoveryClient-1" daemon [_thread_blocked, id=19004, stack(0x00000000207c0000,0x00000000208c0000)]
  0x000000001a898800 JavaThread "DiscoveryClient-0" daemon [_thread_blocked, id=21428, stack(0x00000000205c0000,0x00000000206c0000)]
  0x000000001a89b800 JavaThread "AsyncResolver-bootstrap-0" daemon [_thread_blocked, id=21160, stack(0x00000000200c0000,0x00000000201c0000)]
  0x000000001a89e800 JavaThread "spring.cloud.inetutils" daemon [_thread_blocked, id=15424, stack(0x000000001fdc0000,0x000000001fec0000)]
  0x000000001c51d800 JavaThread "lettuce-timer-3-1" daemon [_thread_blocked, id=11248, stack(0x000000001e6f0000,0x000000001e7f0000)]
  0x000000001c55f000 JavaThread "container-0" [_thread_blocked, id=14556, stack(0x000000001e3f0000,0x000000001e4f0000)]
  0x000000001c55e000 JavaThread "Catalina-utility-2" [_thread_blocked, id=20120, stack(0x000000001e2f0000,0x000000001e3f0000)]
  0x000000001c55d800 JavaThread "Catalina-utility-1" [_thread_blocked, id=13540, stack(0x000000001d1f0000,0x000000001d2f0000)]
  0x000000001b28b800 JavaThread "Service Thread" daemon [_thread_blocked, id=12224, stack(0x000000001bb70000,0x000000001bc70000)]
  0x000000001b200000 JavaThread "C1 CompilerThread3" daemon [_thread_in_vm, id=20432, stack(0x000000001ba70000,0x000000001bb70000)]
  0x000000001b1f4000 JavaThread "C2 CompilerThread2" daemon [_thread_blocked, id=20580, stack(0x000000001b970000,0x000000001ba70000)]
  0x000000001b0e6800 JavaThread "C2 CompilerThread1" daemon [_thread_blocked, id=14272, stack(0x000000001b870000,0x000000001b970000)]
  0x000000001b1ed800 JavaThread "C2 CompilerThread0" daemon [_thread_blocked, id=1004, stack(0x000000001b770000,0x000000001b870000)]
  0x000000001b0e1800 JavaThread "Monitor Ctrl-Break" daemon [_thread_in_native, id=19636, stack(0x000000001b670000,0x000000001b770000)]
  0x000000001a64f800 JavaThread "Attach Listener" daemon [_thread_blocked, id=13188, stack(0x000000001ad70000,0x000000001ae70000)]
  0x000000001a6ab000 JavaThread "Signal Dispatcher" daemon [_thread_blocked, id=20856, stack(0x000000001ac70000,0x000000001ad70000)]
  0x0000000018843800 JavaThread "Finalizer" daemon [_thread_blocked, id=6416, stack(0x000000001ab10000,0x000000001ac10000)]
  0x000000001a630800 JavaThread "Reference Handler" daemon [_thread_blocked, id=14780, stack(0x000000001aa10000,0x000000001ab10000)]

Other Threads:
  0x0000000018836800 VMThread [stack: 0x000000001a510000,0x000000001a610000] [id=18532]
  0x000000001b290800 WatcherThread [stack: 0x000000001bc70000,0x000000001bd70000] [id=12512]

VM state:not at safepoint (normal execution)

VM Mutex/Monitor currently owned by a thread: None

heap address: 0x0000000081200000, size: 2030 MB, Compressed Oops mode: 32-bit
Narrow klass base: 0x0000000000000000, Narrow klass shift: 3
Compressed class space size: 1073741824 Address: 0x0000000100000000

Heap:
 PSYoungGen      total 215040K, used 60972K [0x00000000d5b80000, 0x00000000e7200000, 0x0000000100000000)
  eden space 196608K, 30% used [0x00000000d5b80000,0x00000000d96966c0,0x00000000e1b80000)
  from space 18432K, 2% used [0x00000000e1b80000,0x00000000e1bf4a00,0x00000000e2d80000)
  to   space 18944K, 0% used [0x00000000e5f80000,0x00000000e5f80000,0x00000000e7200000)
 ParOldGen       total 82432K, used 37371K [0x0000000081200000, 0x0000000086280000, 0x00000000d5b80000)
  object space 82432K, 45% used [0x0000000081200000,0x000000008367ec00,0x0000000086280000)
 Metaspace       used 54431K, capacity 58082K, committed 58368K, reserved 1099776K
  class space    used 7443K, capacity 8103K, committed 8192K, reserved 1048576K

Card table byte_map: [0x0000000012c30000,0x0000000013030000] byte_map_base: 0x0000000012827000

Marking Bits: (ParMarkBitMap*) 0x00000000606e4ce0
 Begin Bits: [0x0000000013ae0000, 0x0000000015a98000)
 End Bits:   [0x0000000015a98000, 0x0000000017a50000)

Polling page: 0x00000000017c0000

CodeCache: size=245760Kb used=9501Kb max_used=9501Kb free=236258Kb
 bounds [0x0000000003870000, 0x00000000041c0000, 0x0000000012870000]
 total_blobs=5497 nmethods=4901 adapters=508
 compilation: enabled

Compilation events (10 events):
Event: 91.048 Thread 0x000000001b200000 5010       1       org.apache.tomcat.util.http.MimeHeaders::getName (26 bytes)
Event: 91.048 Thread 0x000000001b200000 nmethod 5010 0x00000000041ac710 code [0x00000000041ac860, 0x00000000041ac9d0]
Event: 91.052 Thread 0x000000001b200000 5011 %     1       java.lang.String::getBytes @ 68 (95 bytes)
Event: 91.052 Thread 0x000000001b200000 nmethod 5011% 0x00000000041acad0 code [0x00000000041acc80, 0x00000000041ad0b8]
Event: 91.052 Thread 0x000000001b200000 5012       1       java.lang.String::getBytes (95 bytes)
Event: 91.053 Thread 0x000000001b200000 nmethod 5012 0x00000000041ad4d0 code [0x00000000041ad680, 0x00000000041ada18]
Event: 91.055 Thread 0x000000001b200000 5013       1       utils.Base64Util::base64ToImgByteArray (55 bytes)
Event: 91.056 Thread 0x000000001b200000 nmethod 5013 0x00000000041addd0 code [0x00000000041adf60, 0x00000000041ae298]
Event: 91.059 Thread 0x000000001b200000 5014       1       java.awt.image.Raster::getNumDataElements (8 bytes)
Event: 91.059 Thread 0x000000001b200000 nmethod 5014 0x00000000041ae510 code [0x00000000041ae660, 0x00000000041ae7a8]

GC Heap History (10 events):
Event: 7.771 GC heap before
{Heap before GC invocations=11 (full 1):
 PSYoungGen      total 138752K, used 114937K [0x00000000d5b80000, 0x00000000e0600000, 0x0000000100000000)
  eden space 130560K, 81% used [0x00000000d5b80000,0x00000000dc3c1ea0,0x00000000ddb00000)
  from space 8192K, 99% used [0x00000000ddb00000,0x00000000de2fc790,0x00000000de300000)
  to   space 9728K, 0% used [0x00000000dfc80000,0x00000000dfc80000,0x00000000e0600000)
 ParOldGen       total 54784K, used 11176K [0x0000000081200000, 0x0000000084780000, 0x00000000d5b80000)
  object space 54784K, 20% used [0x0000000081200000,0x0000000081cea228,0x0000000084780000)
 Metaspace       used 33231K, capacity 35360K, committed 35416K, reserved 1079296K
  class space    used 4569K, capacity 4964K, committed 4992K, reserved 1048576K
Event: 7.789 GC heap after
Heap after GC invocations=11 (full 1):
 PSYoungGen      total 162816K, used 9699K [0x00000000d5b80000, 0x00000000e2100000, 0x0000000100000000)
  eden space 153088K, 0% used [0x00000000d5b80000,0x00000000d5b80000,0x00000000df100000)
  from space 9728K, 99% used [0x00000000dfc80000,0x00000000e05f8f28,0x00000000e0600000)
  to   space 11776K, 0% used [0x00000000df100000,0x00000000df100000,0x00000000dfc80000)
 ParOldGen       total 54784K, used 13926K [0x0000000081200000, 0x0000000084780000, 0x00000000d5b80000)
  object space 54784K, 25% used [0x0000000081200000,0x0000000081f99950,0x0000000084780000)
 Metaspace       used 33231K, capacity 35360K, committed 35416K, reserved 1079296K
  class space    used 4569K, capacity 4964K, committed 4992K, reserved 1048576K
}
Event: 7.789 GC heap before
{Heap before GC invocations=12 (full 2):
 PSYoungGen      total 162816K, used 9699K [0x00000000d5b80000, 0x00000000e2100000, 0x0000000100000000)
  eden space 153088K, 0% used [0x00000000d5b80000,0x00000000d5b80000,0x00000000df100000)
  from space 9728K, 99% used [0x00000000dfc80000,0x00000000e05f8f28,0x00000000e0600000)
  to   space 11776K, 0% used [0x00000000df100000,0x00000000df100000,0x00000000dfc80000)
 ParOldGen       total 54784K, used 13926K [0x0000000081200000, 0x0000000084780000, 0x00000000d5b80000)
  object space 54784K, 25% used [0x0000000081200000,0x0000000081f99950,0x0000000084780000)
 Metaspace       used 33231K, capacity 35360K, committed 35416K, reserved 1079296K
  class space    used 4569K, capacity 4964K, committed 4992K, reserved 1048576K
Event: 7.851 GC heap after
Heap after GC invocations=12 (full 2):
 PSYoungGen      total 162816K, used 0K [0x00000000d5b80000, 0x00000000e2100000, 0x0000000100000000)
  eden space 153088K, 0% used [0x00000000d5b80000,0x00000000d5b80000,0x00000000df100000)
  from space 9728K, 0% used [0x00000000dfc80000,0x00000000dfc80000,0x00000000e0600000)
  to   space 11776K, 0% used [0x00000000df100000,0x00000000df100000,0x00000000dfc80000)
 ParOldGen       total 82432K, used 18270K [0x0000000081200000, 0x0000000086280000, 0x00000000d5b80000)
  object space 82432K, 22% used [0x0000000081200000,0x00000000823d7828,0x0000000086280000)
 Metaspace       used 33231K, capacity 35360K, committed 35416K, reserved 1079296K
  class space    used 4569K, capacity 4964K, committed 4992K, reserved 1048576K
}
Event: 10.394 GC heap before
{Heap before GC invocations=13 (full 2):
 PSYoungGen      total 162816K, used 153088K [0x00000000d5b80000, 0x00000000e2100000, 0x0000000100000000)
  eden space 153088K, 100% used [0x00000000d5b80000,0x00000000df100000,0x00000000df100000)
  from space 9728K, 0% used [0x00000000dfc80000,0x00000000dfc80000,0x00000000e0600000)
  to   space 11776K, 0% used [0x00000000df100000,0x00000000df100000,0x00000000dfc80000)
 ParOldGen       total 82432K, used 18270K [0x0000000081200000, 0x0000000086280000, 0x00000000d5b80000)
  object space 82432K, 22% used [0x0000000081200000,0x00000000823d7828,0x0000000086280000)
 Metaspace       used 42182K, capacity 44962K, committed 45312K, reserved 1087488K
  class space    used 5813K, capacity 6333K, committed 6400K, reserved 1048576K
Event: 10.408 GC heap after
Heap after GC invocations=13 (full 2):
 PSYoungGen      total 164864K, used 11745K [0x00000000d5b80000, 0x00000000e3d00000, 0x0000000100000000)
  eden space 153088K, 0% used [0x00000000d5b80000,0x00000000d5b80000,0x00000000df100000)
  from space 11776K, 99% used [0x00000000df100000,0x00000000dfc78478,0x00000000dfc80000)
  to   space 13824K, 0% used [0x00000000e2f80000,0x00000000e2f80000,0x00000000e3d00000)
 ParOldGen       total 82432K, used 20414K [0x0000000081200000, 0x0000000086280000, 0x00000000d5b80000)
  object space 82432K, 24% used [0x0000000081200000,0x00000000825ef898,0x0000000086280000)
 Metaspace       used 42182K, capacity 44962K, committed 45312K, reserved 1087488K
  class space    used 5813K, capacity 6333K, committed 6400K, reserved 1048576K
}
Event: 63.556 GC heap before
{Heap before GC invocations=14 (full 2):
 PSYoungGen      total 164864K, used 164833K [0x00000000d5b80000, 0x00000000e3d00000, 0x0000000100000000)
  eden space 153088K, 100% used [0x00000000d5b80000,0x00000000df100000,0x00000000df100000)
  from space 11776K, 99% used [0x00000000df100000,0x00000000dfc78478,0x00000000dfc80000)
  to   space 13824K, 0% used [0x00000000e2f80000,0x00000000e2f80000,0x00000000e3d00000)
 ParOldGen       total 82432K, used 20414K [0x0000000081200000, 0x0000000086280000, 0x00000000d5b80000)
  object space 82432K, 24% used [0x0000000081200000,0x00000000825ef898,0x0000000086280000)
 Metaspace       used 53403K, capacity 57050K, committed 57216K, reserved 1097728K
  class space    used 7309K, capacity 7959K, committed 8064K, reserved 1048576K
Event: 63.573 GC heap after
Heap after GC invocations=14 (full 2):
 PSYoungGen      total 210432K, used 13809K [0x00000000d5b80000, 0x00000000e3f80000, 0x0000000100000000)
  eden space 196608K, 0% used [0x00000000d5b80000,0x00000000d5b80000,0x00000000e1b80000)
  from space 13824K, 99% used [0x00000000e2f80000,0x00000000e3cfc460,0x00000000e3d00000)
  to   space 18432K, 0% used [0x00000000e1b80000,0x00000000e1b80000,0x00000000e2d80000)
 ParOldGen       total 82432K, used 29179K [0x0000000081200000, 0x0000000086280000, 0x00000000d5b80000)
  object space 82432K, 35% used [0x0000000081200000,0x0000000082e7ef38,0x0000000086280000)
 Metaspace       used 53403K, capacity 57050K, committed 57216K, reserved 1097728K
  class space    used 7309K, capacity 7959K, committed 8064K, reserved 1048576K
}
Event: 64.879 GC heap before
{Heap before GC invocations=15 (full 2):
 PSYoungGen      total 210432K, used 210417K [0x00000000d5b80000, 0x00000000e3f80000, 0x0000000100000000)
  eden space 196608K, 100% used [0x00000000d5b80000,0x00000000e1b80000,0x00000000e1b80000)
  from space 13824K, 99% used [0x00000000e2f80000,0x00000000e3cfc460,0x00000000e3d00000)
  to   space 18432K, 0% used [0x00000000e1b80000,0x00000000e1b80000,0x00000000e2d80000)
 ParOldGen       total 82432K, used 29179K [0x0000000081200000, 0x0000000086280000, 0x00000000d5b80000)
  object space 82432K, 35% used [0x0000000081200000,0x0000000082e7ef38,0x0000000086280000)
 Metaspace       used 54130K, capacity 57774K, committed 57984K, reserved 1099776K
  class space    used 7398K, capacity 8029K, committed 8064K, reserved 1048576K
Event: 64.885 GC heap after
Heap after GC invocations=15 (full 2):
 PSYoungGen      total 215040K, used 466K [0x00000000d5b80000, 0x00000000e7200000, 0x0000000100000000)
  eden space 196608K, 0% used [0x00000000d5b80000,0x00000000d5b80000,0x00000000e1b80000)
  from space 18432K, 2% used [0x00000000e1b80000,0x00000000e1bf4a00,0x00000000e2d80000)
  to   space 18944K, 0% used [0x00000000e5f80000,0x00000000e5f80000,0x00000000e7200000)
 ParOldGen       total 82432K, used 37371K [0x0000000081200000, 0x0000000086280000, 0x00000000d5b80000)
  object space 82432K, 45% used [0x0000000081200000,0x000000008367ec00,0x0000000086280000)
 Metaspace       used 54130K, capacity 57774K, committed 57984K, reserved 1099776K
  class space    used 7398K, capacity 8029K, committed 8064K, reserved 1048576K
}

Deoptimization events (0 events):
No events

Classes redefined (0 events):
No events

Internal exceptions (10 events):
Event: 46.672 Thread 0x000000001a89c800 Exception <a 'java/lang/ArrayIndexOutOfBoundsException'> (0x00000000ddb419f8) thrown at [C:\re\workspace\8-2-build-windows-amd64-cygwin\jdk8u201\12322\hotspot\src\share\vm\runtime\sharedRuntime.cpp, line 605]
Event: 46.672 Thread 0x000000001a89c800 Exception <a 'java/lang/ArrayIndexOutOfBoundsException'> (0x00000000ddb431d0) thrown at [C:\re\workspace\8-2-build-windows-amd64-cygwin\jdk8u201\12322\hotspot\src\share\vm\runtime\sharedRuntime.cpp, line 605]
Event: 46.690 Thread 0x000000001a89c800 Exception <a 'java/io/IOException'> (0x00000000ddbd0d60) thrown at [C:\re\workspace\8-2-build-windows-amd64-cygwin\jdk8u201\12322\hotspot\src\share\vm\prims\jni.cpp, line 709]
Event: 63.189 Thread 0x000000001eb72800 Exception <a 'java/lang/ArrayIndexOutOfBoundsException'> (0x00000000de0cd628) thrown at [C:\re\workspace\8-2-build-windows-amd64-cygwin\jdk8u201\12322\hotspot\src\share\vm\runtime\sharedRuntime.cpp, line 605]
Event: 63.550 Thread 0x000000001eb72800 Exception <a 'java/io/FileNotFoundException'> (0x00000000df0ad1a0) thrown at [C:\re\workspace\8-2-build-windows-amd64-cygwin\jdk8u201\12322\hotspot\src\share\vm\prims\jni.cpp, line 709]
Event: 70.904 Thread 0x000000001eb75800 Exception <a 'java/net/SocketTimeoutException': Read timed out> (0x00000000d67b1c30) thrown at [C:\re\workspace\8-2-build-windows-amd64-cygwin\jdk8u201\12322\hotspot\src\share\vm\prims\jni.cpp, line 735]
Event: 70.920 Thread 0x000000001eb78000 Exception <a 'java/net/SocketTimeoutException': Read timed out> (0x00000000d68e76f0) thrown at [C:\re\workspace\8-2-build-windows-amd64-cygwin\jdk8u201\12322\hotspot\src\share\vm\prims\jni.cpp, line 735]
Event: 90.906 Thread 0x000000001eb74000 Exception <a 'java/lang/ArrayIndexOutOfBoundsException'> (0x00000000d6cb35d8) thrown at [C:\re\workspace\8-2-build-windows-amd64-cygwin\jdk8u201\12322\hotspot\src\share\vm\runtime\sharedRuntime.cpp, line 605]
Event: 90.906 Thread 0x000000001eb70800 Exception <a 'java/lang/ArrayIndexOutOfBoundsException'> (0x00000000d6aadf28) thrown at [C:\re\workspace\8-2-build-windows-amd64-cygwin\jdk8u201\12322\hotspot\src\share\vm\runtime\sharedRuntime.cpp, line 605]
Event: 91.077 Thread 0x000000001eb70800 Exception <a 'java/lang/reflect/InvocationTargetException'> (0x00000000d7fdcd10) thrown at [C:\re\workspace\8-2-build-windows-amd64-cygwin\jdk8u201\12322\hotspot\src\share\vm\runtime\reflection.cpp, line 1092]

Events (10 events):
Event: 91.044 Executing VM operation: RevokeBias
Event: 91.044 Executing VM operation: RevokeBias done
Event: 91.045 Executing VM operation: RevokeBias
Event: 91.046 Executing VM operation: RevokeBias done
Event: 91.046 Executing VM operation: RevokeBias
Event: 91.046 Executing VM operation: RevokeBias done
Event: 91.077 loading class org/springframework/web/servlet/ModelAndViewDefiningException
Event: 91.077 loading class org/springframework/web/servlet/ModelAndViewDefiningException done
Event: 91.078 loading class org/springframework/web/method/annotation/ExceptionHandlerMethodResolver
Event: 91.078 loading class org/springframework/web/method/annotation/ExceptionHandlerMethodResolver done


Dynamic libraries:
0x00007ff713090000 - 0x00007ff7130c7000 	C:\Program Files\Java\jdk1.8.0_201\bin\java.exe
0x00007ff887a10000 - 0x00007ff887c05000 	C:\WINDOWS\SYSTEM32\ntdll.dll
0x00007ff8864c0000 - 0x00007ff88657e000 	C:\WINDOWS\System32\KERNEL32.DLL
0x00007ff885450000 - 0x00007ff885719000 	C:\WINDOWS\System32\KERNELBASE.dll
0x00007ff886580000 - 0x00007ff88662c000 	C:\WINDOWS\System32\ADVAPI32.dll
0x00007ff885ea0000 - 0x00007ff885f3e000 	C:\WINDOWS\System32\msvcrt.dll
0x00007ff885d10000 - 0x00007ff885dab000 	C:\WINDOWS\System32\sechost.dll
0x00007ff8871f0000 - 0x00007ff88731a000 	C:\WINDOWS\System32\RPCRT4.dll
0x00007ff8876c0000 - 0x00007ff887861000 	C:\WINDOWS\System32\USER32.dll
0x00007ff885130000 - 0x00007ff885152000 	C:\WINDOWS\System32\win32u.dll
0x00007ff885a60000 - 0x00007ff885a8b000 	C:\WINDOWS\System32\GDI32.dll
0x00007ff885850000 - 0x00007ff88595b000 	C:\WINDOWS\System32\gdi32full.dll
0x00007ff8857b0000 - 0x00007ff88584d000 	C:\WINDOWS\System32\msvcp_win.dll
0x00007ff885960000 - 0x00007ff885a60000 	C:\WINDOWS\System32\ucrtbase.dll
0x00007ff876790000 - 0x00007ff876a2a000 	C:\WINDOWS\WinSxS\amd64_microsoft.windows.common-controls_6595b64144ccf1df_6.0.19041.1110_none_60b5254171f9507e\COMCTL32.dll
0x00007ff8879a0000 - 0x00007ff8879d0000 	C:\WINDOWS\System32\IMM32.DLL
0x0000000061560000 - 0x0000000061631000 	C:\Program Files\Java\jdk1.8.0_201\jre\bin\msvcr100.dll
0x000000005fec0000 - 0x0000000060764000 	C:\Program Files\Java\jdk1.8.0_201\jre\bin\server\jvm.dll
0x00007ff8864b0000 - 0x00007ff8864b8000 	C:\WINDOWS\System32\PSAPI.DLL
0x00007ff87ff20000 - 0x00007ff87ff29000 	C:\WINDOWS\SYSTEM32\WSOCK32.dll
0x00007ff886440000 - 0x00007ff8864ab000 	C:\WINDOWS\System32\WS2_32.dll
0x00007ff87c200000 - 0x00007ff87c20a000 	C:\WINDOWS\SYSTEM32\VERSION.dll
0x00007ff879f90000 - 0x00007ff879fb7000 	C:\WINDOWS\SYSTEM32\WINMM.dll
0x00007ff87e8a0000 - 0x00007ff87e8af000 	C:\Program Files\Java\jdk1.8.0_201\jre\bin\verify.dll
0x00007ff865350000 - 0x00007ff865379000 	C:\Program Files\Java\jdk1.8.0_201\jre\bin\java.dll
0x00007ff864180000 - 0x00007ff8641a3000 	C:\Program Files\Java\jdk1.8.0_201\jre\bin\instrument.dll
0x00007ff86c2c0000 - 0x00007ff86c2d6000 	C:\Program Files\Java\jdk1.8.0_201\jre\bin\zip.dll
0x00007ff886630000 - 0x00007ff886d6f000 	C:\WINDOWS\System32\SHELL32.dll
0x00007ff882e70000 - 0x00007ff883600000 	C:\WINDOWS\SYSTEM32\windows.storage.dll
0x00007ff885f40000 - 0x00007ff886295000 	C:\WINDOWS\System32\combase.dll
0x00007ff884b80000 - 0x00007ff884bac000 	C:\WINDOWS\SYSTEM32\Wldp.dll
0x00007ff886330000 - 0x00007ff8863dd000 	C:\WINDOWS\System32\SHCORE.dll
0x00007ff8862c0000 - 0x00007ff886315000 	C:\WINDOWS\System32\shlwapi.dll
0x00007ff885070000 - 0x00007ff88508f000 	C:\WINDOWS\SYSTEM32\profapi.dll
0x00007ff863f50000 - 0x00007ff863f6a000 	F:\subject\IDEA 2018_sssam.com\IntelliJ IDEA 2018.2.4\bin\breakgen64.dll
0x00007ff864910000 - 0x00007ff86492a000 	C:\Program Files\Java\jdk1.8.0_201\jre\bin\net.dll
0x00007ff8731d0000 - 0x00007ff8733bb000 	C:\WINDOWS\SYSTEM32\urlmon.dll
0x00007ff873750000 - 0x00007ff873a00000 	C:\WINDOWS\SYSTEM32\iertutil.dll
0x00007ff8731a0000 - 0x00007ff8731c8000 	C:\WINDOWS\SYSTEM32\srvcli.dll
0x00007ff8845c0000 - 0x00007ff8845cc000 	C:\WINDOWS\SYSTEM32\netutils.dll
0x00007ff8848e0000 - 0x00007ff88494a000 	C:\WINDOWS\system32\mswsock.dll
0x00007ff884580000 - 0x00007ff8845bb000 	C:\WINDOWS\SYSTEM32\IPHLPAPI.DLL
0x00007ff885e90000 - 0x00007ff885e98000 	C:\WINDOWS\System32\NSI.dll
0x00007ff87a5b0000 - 0x00007ff87a5c7000 	C:\WINDOWS\SYSTEM32\dhcpcsvc6.DLL
0x00007ff87aee0000 - 0x00007ff87aefd000 	C:\WINDOWS\SYSTEM32\dhcpcsvc.DLL
0x00007ff8845d0000 - 0x00007ff88469c000 	C:\WINDOWS\SYSTEM32\DNSAPI.dll
0x00007ff87c210000 - 0x00007ff87c21a000 	C:\Windows\System32\rasadhlp.dll
0x00007ff873d50000 - 0x00007ff873dcf000 	C:\WINDOWS\System32\fwpuclnt.dll
0x00007ff885210000 - 0x00007ff885237000 	C:\WINDOWS\System32\bcrypt.dll
0x00007ff87e770000 - 0x00007ff87e77d000 	C:\Program Files\Java\jdk1.8.0_201\jre\bin\management.dll
0x00007ff867c90000 - 0x00007ff867ca7000 	C:\WINDOWS\system32\napinsp.dll
0x00007ff867c70000 - 0x00007ff867c8b000 	C:\WINDOWS\system32\pnrpnsp.dll
0x00007ff87f450000 - 0x00007ff87f465000 	C:\WINDOWS\system32\wshbth.dll
0x00007ff87fe80000 - 0x00007ff87fe9d000 	C:\WINDOWS\system32\NLAapi.dll
0x00007ff867bd0000 - 0x00007ff867be2000 	C:\WINDOWS\System32\winrnr.dll
0x00007ff8648f0000 - 0x00007ff864901000 	C:\Program Files\Java\jdk1.8.0_201\jre\bin\nio.dll
0x00007ff884ad0000 - 0x00007ff884ae8000 	C:\WINDOWS\SYSTEM32\CRYPTSP.dll
0x00007ff8841f0000 - 0x00007ff884224000 	C:\WINDOWS\system32\rsaenh.dll
0x00007ff885030000 - 0x00007ff88505e000 	C:\WINDOWS\SYSTEM32\USERENV.dll
0x00007ff885720000 - 0x00007ff8857a3000 	C:\WINDOWS\System32\bcryptprimitives.dll
0x00007ff884af0000 - 0x00007ff884afc000 	C:\WINDOWS\SYSTEM32\CRYPTBASE.dll
0x00007ff859940000 - 0x00007ff859964000 	C:\Program Files\Java\jdk1.8.0_201\jre\bin\sunec.dll
0x00007ff82b690000 - 0x00007ff82e4cd000 	C:\Users\lenovo\Desktop\人脸识别\Face-recognition-main\ArcSoft_ArcFace_Java_Windows_x64_V3.0\libs\WIN64\libarcsoft_face.dll
0x00007ff86b150000 - 0x00007ff86b23f000 	C:\WINDOWS\SYSTEM32\MSVCR120.dll
0x00007ff86b240000 - 0x00007ff86b2e6000 	C:\WINDOWS\SYSTEM32\MSVCP120.dll
0x00007ff83f030000 - 0x00007ff83f0af000 	C:\Users\lenovo\Desktop\人脸识别\Face-recognition-main\ArcSoft_ArcFace_Java_Windows_x64_V3.0\libs\WIN64\libarcsoft_face_engine.dll
0x00007ff8863e0000 - 0x00007ff886436000 	C:\WINDOWS\System32\WLDAP32.dll
0x00007ff8568a0000 - 0x00007ff8568c5000 	C:\Users\lenovo\Desktop\人脸识别\Face-recognition-main\ArcSoft_ArcFace_Java_Windows_x64_V3.0\libs\WIN64\libarcsoft_face_engine_jni.dll
0x00007ff836950000 - 0x00007ff836ae9000 	C:\Program Files\Java\jdk1.8.0_201\jre\bin\awt.dll
0x00007ff887320000 - 0x00007ff8873ed000 	C:\WINDOWS\System32\OLEAUT32.dll
0x00007ff881790000 - 0x00007ff881820000 	C:\WINDOWS\SYSTEM32\apphelp.dll
0x00007ff863f10000 - 0x00007ff863f41000 	C:\Program Files\Java\jdk1.8.0_201\jre\bin\jpeg.dll
0x00007ff852ef0000 - 0x00007ff852f2e000 	C:\Program Files\Java\jdk1.8.0_201\jre\bin\lcms.dll
0x00007ff8836d0000 - 0x00007ff8838b4000 	C:\WINDOWS\SYSTEM32\dbghelp.dll

VM Arguments:
jvm_args: -XX:CompileCommand=exclude,org/hibernate/cfg/annotations/SimpleValueBinder.setType -XX:TieredStopAtLevel=1 -Xverify:none -Dspring.output.ansi.enabled=always -javaagent:F:\subject\IDEA 2018_sssam.com\IntelliJ IDEA 2018.2.4\lib\idea_rt.jar=63892:F:\subject\IDEA 2018_sssam.com\IntelliJ IDEA 2018.2.4\bin -Dfile.encoding=UTF-8 
java_command: com.tangcheng.face_corn.FaceCornApplication
java_class_path (initial): C:\Program Files\Java\jdk1.8.0_201\jre\lib\charsets.jar;C:\Program Files\Java\jdk1.8.0_201\jre\lib\deploy.jar;C:\Program Files\Java\jdk1.8.0_201\jre\lib\ext\access-bridge-64.jar;C:\Program Files\Java\jdk1.8.0_201\jre\lib\ext\cldrdata.jar;C:\Program Files\Java\jdk1.8.0_201\jre\lib\ext\dnsns.jar;C:\Program Files\Java\jdk1.8.0_201\jre\lib\ext\jaccess.jar;C:\Program Files\Java\jdk1.8.0_201\jre\lib\ext\jfxrt.jar;C:\Program Files\Java\jdk1.8.0_201\jre\lib\ext\localedata.jar;C:\Program Files\Java\jdk1.8.0_201\jre\lib\ext\nashorn.jar;C:\Program Files\Java\jdk1.8.0_201\jre\lib\ext\sunec.jar;C:\Program Files\Java\jdk1.8.0_201\jre\lib\ext\sunjce_provider.jar;C:\Program Files\Java\jdk1.8.0_201\jre\lib\ext\sunmscapi.jar;C:\Program Files\Java\jdk1.8.0_201\jre\lib\ext\sunpkcs11.jar;C:\Program Files\Java\jdk1.8.0_201\jre\lib\ext\zipfs.jar;C:\Program Files\Java\jdk1.8.0_201\jre\lib\javaws.jar;C:\Program Files\Java\jdk1.8.0_201\jre\lib\jce.jar;C:\Program Files\Java\jdk1.8.0_201\jre\lib\jfr.jar;C:\Program Files\Java\jdk1.8.0_201\jre\lib\jfxswt.jar;C:\Program Files\Java\jdk1.8.0_201\jre\lib\jsse.jar;C:\Program Files\Java\jdk1.8.0_201\jre\lib\management-agent.jar;C:\Program Files\Java\jdk1.8.0_201\jre\lib\plugin.jar;C:\Program Files\Java\jdk1.8.0_201\jre\lib\resources.jar;C:\Program Files\Java\jdk1.8.0_201\jre\lib\rt.jar;C:\Users\lenovo\Desktop\人脸识别\Face-recognition-main\facesystem\face_corn\target\classes;C:\Users\lenovo\Desktop\人脸识别\Face-recognition-main\facesystem\common\target\classes;F:\subject\JavaWeb\maven-l\com\auth0\java-jwt\3.4.0\java-jwt-3.4.0.jar;F:\subject\JavaWeb\maven-l\commons-codec\commons-codec\1.15\commons-codec-1.15.jar;F:\subject\JavaWeb\maven-l\com\aliyun\oss\aliyun-sdk-oss\3.12.0\aliyun-sdk-oss-3.12.0.jar;F:\subject\JavaWeb\maven-l\org\apache\httpcomponents\httpclient\4.5.13\httpclient-4.5.13.jar;F:\subject\JavaWeb\maven-l\org\apache\httpcomponents\httpcore\4.4.14\httpcore-4.4.14.jar;F:\subject\JavaWeb\maven-l\org\jdom\jdom2\2.
Launcher Type: SUN_STANDARD

Environment Variables:
JAVA_HOME=C:\Program Files\Java\jdk1.8.0_201
CLASSPATH=.;C:\Program Files\Java\jdk1.8.0_201\lib\dt.jar,C:\Program Files\Java\jdk1.8.0_201\lib\tools.jar;F:\subject\JavaWeb\apache-tomcat-8.5.45\lib\servlet-api.jar
PATH=C:\Program Files (x86)\Common Files\Oracle\Java\javapath;C:\WINDOWS\system32;C:\WINDOWS;C:\WINDOWS\System32\Wbem;C:\WINDOWS\System32\WindowsPowerShell\v1.0\;C:\WINDOWS\System32\OpenSSH\;F:\subject\JavaWeb\apache-tomcat-8.5.45\bin;F:\subject\JavaWeb\apache-tomcat-8.5.45\lib;C:\Program Files\NVIDIA Corporation\NVIDIA NvDLISR;F:\subject\JavaWeb\apache-maven-3.3.9\bin;F:\subject\JavaWeb\Gradle\gradle-6.9.1\bin;F:\subject\JavaWeb\nodejs;C:\Program Files\Java\jdk1.8.0_201\bin;C:\Program Files\MySQL\MySQL Server 8.0\bin;F:\subject\JavaWeb\env\MongoDB\bin;C:\Users\lenovo\AppData\Local\Microsoft\WindowsApps;F:\subject\PyCharm\PyCharm Community Edition 2020.3.3\bin;;F:\subject\JavaWeb\Microsoft VS Code\bin;F:\subject\JavaWeb\nodejs\node_global;
USERNAME=lenovo
OS=Windows_NT
PROCESSOR_IDENTIFIER=Intel64 Family 6 Model 158 Stepping 10, GenuineIntel



---------------  S Y S T E M  ---------------

OS: Windows 10.0 , 64 bit Build 19041 (10.0.19041.1202)

CPU:total 8 (initial active 8) (4 cores per cpu, 2 threads per core) family 6 model 158 stepping 10, cmov, cx8, fxsr, mmx, sse, sse2, sse3, ssse3, sse4.1, sse4.2, popcnt, avx, avx2, aes, clmul, erms, 3dnowpref, lzcnt, ht, tsc, tscinvbit, bmi1, bmi2, adx

Memory: 4k page, physical 8306932k(928512k free), swap 18792692k(3451756k free)

vm_info: Java HotSpot(TM) 64-Bit Server VM (25.201-b09) for windows-amd64 JRE (1.8.0_201-b09), built on Dec 15 2018 18:36:39 by "java_re" with MS VC++ 10.0 (VS2010)

time: Sun Oct 31 20:19:12 2021
timezone: 中国标准时间
elapsed time: 91 seconds (0d 0h 1m 31s)

