#
# A fatal error has been detected by the Java Runtime Environment:
#
#  EXCEPTION_ACCESS_VIOLATION (0xc0000005) at pc=0x00007ffbb3fee0e5, pid=16804, tid=0x0000000000005b1c
#
# JRE version: Java(TM) SE Runtime Environment (8.0_201-b09) (build 1.8.0_201-b09)
# Java VM: Java HotSpot(TM) 64-Bit Server VM (25.201-b09 mixed mode windows-amd64 compressed oops)
# Problematic frame:
# C  [libarcsoft_face.dll+0xe0e5]
#
# Failed to write core dump. Minidumps are not enabled by default on client versions of Windows
#
# If you would like to submit a bug report, please visit:
#   http://bugreport.java.com/bugreport/crash.jsp
# The crash happened outside the Java Virtual Machine in native code.
# See problematic frame for where to report the bug.
#

---------------  T H R E A D  ---------------

Current thread (0x000000001ef0a000):  JavaThread "http-nio-8081-exec-3" daemon [_thread_in_native, id=23324, stack(0x0000000021200000,0x0000000021300000)]

siginfo: ExceptionCode=0xc0000005, writing address 0xfffffffe26712e60

Registers:
RAX=0x0000000000000016, RBX=0x0000000080002000, RCX=0x0000000000000014, RDX=0xffffffff80000000
RSP=0x00000000212fccc0, RBP=0x0000000080000000, RSI=0x0000000000000140, RDI=0x0000000080000000
R8 =0x00000000000000ff, R9 =0x0000000000000000, R10=0x0000000080001000, R11=0x0000000026712e60
R12=0x0000000000000040, R13=0x0000000000000040, R14=0x0000000000000000, R15=0x000000001f3fdff0
RIP=0x00007ffbb3fee0e5, EFLAGS=0x0000000000010202

Top of Stack: (sp=0x00000000212fccc0)
0x00000000212fccc0:   0000000000000000 0000000000002000
0x00000000212fccd0:   0000000000000010 0000000000000040
0x00000000212fcce0:   0000000000000000 000000002671f780
0x00000000212fccf0:   00000000212fce00 00007ffbb3fec5f2
0x00000000212fcd00:   0000000000000000 00007ffbb3ff17a3
0x00000000212fcd10:   000000002677a6f0 000000002677a660
0x00000000212fcd20:   0000000080000000 0000000000000014
0x00000000212fcd30:   0000000000000016 0000000000000017
0x00000000212fcd40:   0000000000000000 0000000000000000
0x00000000212fcd50:   0000000000000040 00000000000003c0
0x00000000212fcd60:   0000000000000000 0000000000000000
0x00000000212fcd70:   0000000000000040 00000000212fce98
0x00000000212fcd80:   0000000000000000 0000000000000040
0x00000000212fcd90:   0000000000000040 0000000026712e60
0x00000000212fcda0:   00000000215fcb70 00007ffbb3febf04
0x00000000212fcdb0:   0000000080000000 00007ffb000000f0 

Instructions: (pc=0x00007ffbb3fee0e5)
0x00007ffbb3fee0c5:   0f 4f c8 45 33 c9 85 c9 41 0f 48 c9 41 3b c0 41
0x00007ffbb3fee0d5:   0f 4f c0 85 c0 41 0f 48 c1 66 0f 6e c1 0f 5b c0
0x00007ffbb3fee0e5:   f3 41 0f 11 04 93 66 0f 6e c0 49 63 c2 0f 5b c0
0x00007ffbb3fee0f5:   f3 41 0f 11 04 83 8b 44 24 78 eb 51 83 f9 01 75 


Register to memory mapping:

RAX=0x0000000000000016 is an unknown value
RBX=0x0000000080002000 is an unknown value
RCX=0x0000000000000014 is an unknown value
RDX=0xffffffff80000000 is an unknown value
RSP=0x00000000212fccc0 is pointing into the stack for thread: 0x000000001ef0a000
RBP=0x0000000080000000 is an unknown value
RSI=0x0000000000000140 is an unknown value
RDI=0x0000000080000000 is an unknown value
R8 =0x00000000000000ff is an unknown value
R9 =0x0000000000000000 is an unknown value
R10=0x0000000080001000 is an unknown value
R11=0x0000000026712e60 is an unknown value
R12=0x0000000000000040 is an unknown value
R13=0x0000000000000040 is an unknown value
R14=0x0000000000000000 is an unknown value
R15=0x000000001f3fdff0 is an unknown value


Stack: [0x0000000021200000,0x0000000021300000],  sp=0x00000000212fccc0,  free space=1011k
Native frames: (J=compiled Java code, j=interpreted, Vv=VM code, C=native code)
C  [libarcsoft_face.dll+0xe0e5]
C  [libarcsoft_face.dll+0xc5f2]
C  [libarcsoft_face.dll+0xbf04]
C  [libarcsoft_face.dll+0x9049]
C  [libarcsoft_face.dll+0x89bc]
C  [libarcsoft_face.dll+0x7d0a]
C  [libarcsoft_face.dll+0x3c88]
C  [libarcsoft_face_engine.dll+0x58ca]
C  [libarcsoft_face_engine_jni.dll+0x18f6]
C  0x00000000034b8c67

Java frames: (J=compiled Java code, j=interpreted, Vv=VM code)
j  com.arcsoft.face.FaceEngine.detectFaces(J[BIIII[Lcom/arcsoft/face/FaceInfo;)I+0
j  com.arcsoft.face.FaceEngine.detectFaces([BIILcom/arcsoft/face/enums/ImageFormat;Lcom/arcsoft/face/enums/DetectModel;Ljava/util/List;)I+107
j  com.arcsoft.face.FaceEngine.detectFaces([BIILcom/arcsoft/face/enums/ImageFormat;Ljava/util/List;)I+11
j  com.tangcheng.face_corn.service.impl.faceServiceImpl.facesearch(Ljava/io/InputStream;Ljava/util/List;)Ljava/lang/String;+45
j  com.tangcheng.face_corn.controller.faceController.facesearch(Ljava/lang/String;Ljava/util/List;)Lresult/Result;+22
v  ~StubRoutines::call_stub
J 1855  sun.reflect.NativeMethodAccessorImpl.invoke0(Ljava/lang/reflect/Method;Ljava/lang/Object;[Ljava/lang/Object;)Ljava/lang/Object; (0 bytes) @ 0x0000000003863eff [0x0000000003863e80+0x7f]
J 1854 C1 sun.reflect.NativeMethodAccessorImpl.invoke(Ljava/lang/Object;[Ljava/lang/Object;)Ljava/lang/Object; (104 bytes) @ 0x000000000386465c [0x00000000038642e0+0x37c]
J 2077 C1 sun.reflect.DelegatingMethodAccessorImpl.invoke(Ljava/lang/Object;[Ljava/lang/Object;)Ljava/lang/Object; (10 bytes) @ 0x00000000038d8f24 [0x00000000038d8ee0+0x44]
J 2076 C1 java.lang.reflect.Method.invoke(Ljava/lang/Object;[Ljava/lang/Object;)Ljava/lang/Object; (62 bytes) @ 0x00000000038d8b54 [0x00000000038d8a60+0xf4]
j  org.springframework.web.method.support.InvocableHandlerMethod.doInvoke([Ljava/lang/Object;)Ljava/lang/Object;+32
j  org.springframework.web.method.support.InvocableHandlerMethod.invokeForRequest(Lorg/springframework/web/context/request/NativeWebRequest;Lorg/springframework/web/method/support/ModelAndViewContainer;[Ljava/lang/Object;)Ljava/lang/Object;+54
j  org.springframework.web.servlet.mvc.method.annotation.ServletInvocableHandlerMethod.invokeAndHandle(Lorg/springframework/web/context/request/ServletWebRequest;Lorg/springframework/web/method/support/ModelAndViewContainer;[Ljava/lang/Object;)V+4
j  org.springframework.web.servlet.mvc.method.annotation.RequestMappingHandlerAdapter.invokeHandlerMethod(Ljavax/servlet/http/HttpServletRequest;Ljavax/servlet/http/HttpServletResponse;Lorg/springframework/web/method/HandlerMethod;)Lorg/springframework/web/servlet/ModelAndView;+244
j  org.springframework.web.servlet.mvc.method.annotation.RequestMappingHandlerAdapter.handleInternal(Ljavax/servlet/http/HttpServletRequest;Ljavax/servlet/http/HttpServletResponse;Lorg/springframework/web/method/HandlerMethod;)Lorg/springframework/web/servlet/ModelAndView;+81
j  org.springframework.web.servlet.mvc.method.AbstractHandlerMethodAdapter.handle(Ljavax/servlet/http/HttpServletRequest;Ljavax/servlet/http/HttpServletResponse;Ljava/lang/Object;)Lorg/springframework/web/servlet/ModelAndView;+7
j  org.springframework.web.servlet.DispatcherServlet.doDispatch(Ljavax/servlet/http/HttpServletRequest;Ljavax/servlet/http/HttpServletResponse;)V+259
j  org.springframework.web.servlet.DispatcherServlet.doService(Ljavax/servlet/http/HttpServletRequest;Ljavax/servlet/http/HttpServletResponse;)V+241
j  org.springframework.web.servlet.FrameworkServlet.processRequest(Ljavax/servlet/http/HttpServletRequest;Ljavax/servlet/http/HttpServletResponse;)V+71
j  org.springframework.web.servlet.FrameworkServlet.doPost(Ljavax/servlet/http/HttpServletRequest;Ljavax/servlet/http/HttpServletResponse;)V+3
j  javax.servlet.http.HttpServlet.service(Ljavax/servlet/http/HttpServletRequest;Ljavax/servlet/http/HttpServletResponse;)V+149
j  org.springframework.web.servlet.FrameworkServlet.service(Ljavax/servlet/http/HttpServletRequest;Ljavax/servlet/http/HttpServletResponse;)V+33
j  javax.servlet.http.HttpServlet.service(Ljavax/servlet/ServletRequest;Ljavax/servlet/ServletResponse;)V+36
j  org.apache.catalina.core.ApplicationFilterChain.internalDoFilter(Ljavax/servlet/ServletRequest;Ljavax/servlet/ServletResponse;)V+304
j  org.apache.catalina.core.ApplicationFilterChain.doFilter(Ljavax/servlet/ServletRequest;Ljavax/servlet/ServletResponse;)V+99
j  org.apache.tomcat.websocket.server.WsFilter.doFilter(Ljavax/servlet/ServletRequest;Ljavax/servlet/ServletResponse;Ljavax/servlet/FilterChain;)V+21
j  org.apache.catalina.core.ApplicationFilterChain.internalDoFilter(Ljavax/servlet/ServletRequest;Ljavax/servlet/ServletResponse;)V+135
j  org.apache.catalina.core.ApplicationFilterChain.doFilter(Ljavax/servlet/ServletRequest;Ljavax/servlet/ServletResponse;)V+99
j  org.springframework.web.filter.RequestContextFilter.doFilterInternal(Ljavax/servlet/http/HttpServletRequest;Ljavax/servlet/http/HttpServletResponse;Ljavax/servlet/FilterChain;)V+21
j  org.springframework.web.filter.OncePerRequestFilter.doFilter(Ljavax/servlet/ServletRequest;Ljavax/servlet/ServletResponse;Ljavax/servlet/FilterChain;)V+147
j  org.apache.catalina.core.ApplicationFilterChain.internalDoFilter(Ljavax/servlet/ServletRequest;Ljavax/servlet/ServletResponse;)V+135
j  org.apache.catalina.core.ApplicationFilterChain.doFilter(Ljavax/servlet/ServletRequest;Ljavax/servlet/ServletResponse;)V+99
j  org.springframework.web.filter.FormContentFilter.doFilterInternal(Ljavax/servlet/http/HttpServletRequest;Ljavax/servlet/http/HttpServletResponse;Ljavax/servlet/FilterChain;)V+38
j  org.springframework.web.filter.OncePerRequestFilter.doFilter(Ljavax/servlet/ServletRequest;Ljavax/servlet/ServletResponse;Ljavax/servlet/FilterChain;)V+147
j  org.apache.catalina.core.ApplicationFilterChain.internalDoFilter(Ljavax/servlet/ServletRequest;Ljavax/servlet/ServletResponse;)V+135
j  org.apache.catalina.core.ApplicationFilterChain.doFilter(Ljavax/servlet/ServletRequest;Ljavax/servlet/ServletResponse;)V+99
j  org.springframework.web.filter.CharacterEncodingFilter.doFilterInternal(Ljavax/servlet/http/HttpServletRequest;Ljavax/servlet/http/HttpServletResponse;Ljavax/servlet/FilterChain;)V+53
j  org.springframework.web.filter.OncePerRequestFilter.doFilter(Ljavax/servlet/ServletRequest;Ljavax/servlet/ServletResponse;Ljavax/servlet/FilterChain;)V+147
j  org.apache.catalina.core.ApplicationFilterChain.internalDoFilter(Ljavax/servlet/ServletRequest;Ljavax/servlet/ServletResponse;)V+135
j  org.apache.catalina.core.ApplicationFilterChain.doFilter(Ljavax/servlet/ServletRequest;Ljavax/servlet/ServletResponse;)V+99
j  org.apache.catalina.core.StandardWrapperValve.invoke(Lorg/apache/catalina/connector/Request;Lorg/apache/catalina/connector/Response;)V+694
j  org.apache.catalina.core.StandardContextValve.invoke(Lorg/apache/catalina/connector/Request;Lorg/apache/catalina/connector/Response;)V+169
j  org.apache.catalina.authenticator.AuthenticatorBase.invoke(Lorg/apache/catalina/connector/Request;Lorg/apache/catalina/connector/Response;)V+260
j  org.apache.catalina.core.StandardHostValve.invoke(Lorg/apache/catalina/connector/Request;Lorg/apache/catalina/connector/Response;)V+128
j  org.apache.catalina.valves.ErrorReportValve.invoke(Lorg/apache/catalina/connector/Request;Lorg/apache/catalina/connector/Response;)V+6
j  org.apache.catalina.core.StandardEngineValve.invoke(Lorg/apache/catalina/connector/Request;Lorg/apache/catalina/connector/Response;)V+59
j  org.apache.catalina.connector.CoyoteAdapter.service(Lorg/apache/coyote/Request;Lorg/apache/coyote/Response;)V+199
j  org.apache.coyote.http11.Http11Processor.service(Lorg/apache/tomcat/util/net/SocketWrapperBase;)Lorg/apache/tomcat/util/net/AbstractEndpoint$Handler$SocketState;+737
j  org.apache.coyote.AbstractProcessorLight.process(Lorg/apache/tomcat/util/net/SocketWrapperBase;Lorg/apache/tomcat/util/net/SocketEvent;)Lorg/apache/tomcat/util/net/AbstractEndpoint$Handler$SocketState;+170
j  org.apache.coyote.AbstractProtocol$ConnectionHandler.process(Lorg/apache/tomcat/util/net/SocketWrapperBase;Lorg/apache/tomcat/util/net/SocketEvent;)Lorg/apache/tomcat/util/net/AbstractEndpoint$Handler$SocketState;+505
j  org.apache.tomcat.util.net.NioEndpoint$SocketProcessor.doRun()V+216
j  org.apache.tomcat.util.net.SocketProcessorBase.run()V+21
j  java.util.concurrent.ThreadPoolExecutor.runWorker(Ljava/util/concurrent/ThreadPoolExecutor$Worker;)V+95
j  java.util.concurrent.ThreadPoolExecutor$Worker.run()V+5
j  org.apache.tomcat.util.threads.TaskThread$WrappingRunnable.run()V+4
j  java.lang.Thread.run()V+11
v  ~StubRoutines::call_stub

---------------  P R O C E S S  ---------------

Java Threads: ( => current thread )
  0x000000001ae8a000 JavaThread "Java2D Disposer" daemon [_thread_blocked, id=14948, stack(0x0000000001150000,0x0000000001250000)]
  0x000000001ae8c000 JavaThread "lettuce-eventExecutorLoop-1-2" daemon [_thread_blocked, id=8052, stack(0x00000000409a0000,0x0000000040aa0000)]
  0x000000001ae89000 JavaThread "lettuce-eventExecutorLoop-1-1" daemon [_thread_blocked, id=19440, stack(0x0000000023910000,0x0000000023a10000)]
  0x000000001ae86000 JavaThread "lettuce-nioEventLoop-4-1" daemon [_thread_in_native, id=22288, stack(0x0000000022700000,0x0000000022800000)]
  0x000000001ae87000 JavaThread "DiscoveryClient-CacheRefreshExecutor-0" daemon [_thread_blocked, id=17468, stack(0x0000000022200000,0x0000000022300000)]
  0x000000001ae8a800 JavaThread "DiscoveryClient-HeartbeatExecutor-0" daemon [_thread_blocked, id=2604, stack(0x0000000022100000,0x0000000022200000)]
  0x000000001ae8b800 JavaThread "RMI TCP Connection(idle)" daemon [_thread_blocked, id=21192, stack(0x0000000021f00000,0x0000000022000000)]
  0x000000001ef0f000 JavaThread "RMI TCP Connection(idle)" daemon [_thread_blocked, id=22252, stack(0x0000000021d00000,0x0000000021e00000)]
  0x000000001ef0e800 JavaThread "DestroyJavaVM" [_thread_blocked, id=14980, stack(0x00000000030c0000,0x00000000031c0000)]
  0x000000001ef0d800 JavaThread "http-nio-8081-Acceptor" daemon [_thread_in_native, id=21904, stack(0x0000000021b00000,0x0000000021c00000)]
  0x000000001ef0d000 JavaThread "http-nio-8081-ClientPoller" daemon [_thread_in_native, id=20620, stack(0x0000000021a00000,0x0000000021b00000)]
  0x000000001ef10800 JavaThread "http-nio-8081-exec-10" daemon [_thread_in_native, id=17792, stack(0x0000000021900000,0x0000000021a00000)]
  0x000000001ef0c000 JavaThread "http-nio-8081-exec-9" daemon [_thread_in_native, id=22576, stack(0x0000000021800000,0x0000000021900000)]
  0x000000001ef04800 JavaThread "http-nio-8081-exec-8" daemon [_thread_blocked, id=19664, stack(0x0000000021700000,0x0000000021800000)]
  0x000000001ef0b800 JavaThread "http-nio-8081-exec-7" daemon [_thread_blocked, id=18312, stack(0x0000000021600000,0x0000000021700000)]
  0x000000001ef04000 JavaThread "http-nio-8081-exec-6" daemon [_thread_in_native, id=18156, stack(0x0000000021500000,0x0000000021600000)]
  0x000000001ef0a800 JavaThread "http-nio-8081-exec-5" daemon [_thread_blocked, id=15900, stack(0x0000000021400000,0x0000000021500000)]
  0x000000001ef03000 JavaThread "http-nio-8081-exec-4" daemon [_thread_blocked, id=21376, stack(0x0000000021300000,0x0000000021400000)]
=>0x000000001ef0a000 JavaThread "http-nio-8081-exec-3" daemon [_thread_in_native, id=23324, stack(0x0000000021200000,0x0000000021300000)]
  0x000000001ef09000 JavaThread "http-nio-8081-exec-2" daemon [_thread_in_native, id=16212, stack(0x0000000021100000,0x0000000021200000)]
  0x000000001ef08800 JavaThread "http-nio-8081-exec-1" daemon [_thread_in_native, id=22292, stack(0x0000000021000000,0x0000000021100000)]
  0x000000001ef02800 JavaThread "http-nio-8081-BlockPoller" daemon [_thread_in_native, id=19232, stack(0x0000000020f00000,0x0000000021000000)]
  0x000000001ef05800 JavaThread "DiscoveryClient-InstanceInfoReplicator-0" daemon [_thread_blocked, id=21276, stack(0x0000000020c00000,0x0000000020d00000)]
  0x000000001ef07800 JavaThread "DiscoveryClient-1" daemon [_thread_blocked, id=13028, stack(0x0000000020b00000,0x0000000020c00000)]
  0x000000001ef01800 JavaThread "DiscoveryClient-0" daemon [_thread_blocked, id=22256, stack(0x0000000020a00000,0x0000000020b00000)]
  0x000000001ef06000 JavaThread "AsyncResolver-bootstrap-0" daemon [_thread_blocked, id=9824, stack(0x0000000020500000,0x0000000020600000)]
  0x000000001ef07000 JavaThread "spring.cloud.inetutils" daemon [_thread_blocked, id=20748, stack(0x0000000020400000,0x0000000020500000)]
  0x000000001c4df800 JavaThread "lettuce-timer-3-1" daemon [_thread_blocked, id=16392, stack(0x000000001fd00000,0x000000001fe00000)]
  0x000000001c4dd000 JavaThread "container-0" [_thread_blocked, id=10400, stack(0x000000001fa00000,0x000000001fb00000)]
  0x000000001c4dc800 JavaThread "Catalina-utility-2" [_thread_blocked, id=14584, stack(0x000000001f900000,0x000000001fa00000)]
  0x000000001c4de000 JavaThread "Catalina-utility-1" [_thread_blocked, id=18160, stack(0x000000001d830000,0x000000001d930000)]
  0x000000001a4d3800 JavaThread "RMI TCP Connection(idle)" daemon [_thread_blocked, id=21096, stack(0x000000001d230000,0x000000001d330000)]
  0x000000001be68000 JavaThread "RMI Scheduler(0)" daemon [_thread_blocked, id=16548, stack(0x000000001d030000,0x000000001d130000)]
  0x000000001be36000 JavaThread "RMI TCP Connection(idle)" daemon [_thread_blocked, id=19408, stack(0x000000001cf30000,0x000000001d030000)]
  0x000000001b11c000 JavaThread "RMI TCP Accept-0" daemon [_thread_in_native, id=8752, stack(0x000000001bab0000,0x000000001bbb0000)]
  0x000000001b10a000 JavaThread "RMI TCP Accept-63808" daemon [_thread_in_native, id=15704, stack(0x000000001b9b0000,0x000000001bab0000)]
  0x000000001b0fe800 JavaThread "RMI TCP Accept-0" daemon [_thread_in_native, id=16772, stack(0x000000001b8b0000,0x000000001b9b0000)]
  0x000000001aeca000 JavaThread "Service Thread" daemon [_thread_blocked, id=17488, stack(0x000000001b7b0000,0x000000001b8b0000)]
  0x000000001ae30000 JavaThread "C1 CompilerThread3" daemon [_thread_blocked, id=17848, stack(0x000000001b6b0000,0x000000001b7b0000)]
  0x000000001ae2f800 JavaThread "C2 CompilerThread2" daemon [_thread_blocked, id=19476, stack(0x000000001b5b0000,0x000000001b6b0000)]
  0x000000001ae2e800 JavaThread "C2 CompilerThread1" daemon [_thread_blocked, id=8508, stack(0x000000001b4b0000,0x000000001b5b0000)]
  0x000000001ae2a000 JavaThread "C2 CompilerThread0" daemon [_thread_blocked, id=18868, stack(0x000000001b3b0000,0x000000001b4b0000)]
  0x000000001ae28800 JavaThread "Monitor Ctrl-Break" daemon [_thread_in_native, id=19416, stack(0x000000001b2b0000,0x000000001b3b0000)]
  0x000000001a2eb000 JavaThread "Attach Listener" daemon [_thread_blocked, id=17036, stack(0x000000001a9b0000,0x000000001aab0000)]
  0x000000001a2e8800 JavaThread "Signal Dispatcher" daemon [_thread_blocked, id=18376, stack(0x000000001a8b0000,0x000000001a9b0000)]
  0x0000000018475000 JavaThread "Finalizer" daemon [_thread_blocked, id=22652, stack(0x000000001a750000,0x000000001a850000)]
  0x000000001a270800 JavaThread "Reference Handler" daemon [_thread_blocked, id=21984, stack(0x000000001a650000,0x000000001a750000)]

Other Threads:
  0x0000000018466800 VMThread [stack: 0x000000001a150000,0x000000001a250000] [id=14776]
  0x000000001b11f000 WatcherThread [stack: 0x000000001bbb0000,0x000000001bcb0000] [id=19544]

VM state:not at safepoint (normal execution)

VM Mutex/Monitor currently owned by a thread: None

heap address: 0x0000000081200000, size: 2030 MB, Compressed Oops mode: 32-bit
Narrow klass base: 0x0000000000000000, Narrow klass shift: 3
Compressed class space size: 1073741824 Address: 0x0000000100000000

Heap:
 PSYoungGen      total 240128K, used 28974K [0x00000000d5b80000, 0x00000000e6e80000, 0x0000000100000000)
  eden space 226816K, 6% used [0x00000000d5b80000,0x00000000d6acdc20,0x00000000e3900000)
  from space 13312K, 99% used [0x00000000e5180000,0x00000000e5e7de70,0x00000000e5e80000)
  to   space 25088K, 0% used [0x00000000e3900000,0x00000000e3900000,0x00000000e5180000)
 ParOldGen       total 74240K, used 48764K [0x0000000081200000, 0x0000000085a80000, 0x00000000d5b80000)
  object space 74240K, 65% used [0x0000000081200000,0x000000008419f118,0x0000000085a80000)
 Metaspace       used 54469K, capacity 58132K, committed 58328K, reserved 1099776K
  class space    used 7471K, capacity 8141K, committed 8192K, reserved 1048576K

Card table byte_map: [0x0000000012860000,0x0000000012c60000] byte_map_base: 0x0000000012457000

Marking Bits: (ParMarkBitMap*) 0x0000000060af4ce0
 Begin Bits: [0x0000000013710000, 0x00000000156c8000)
 End Bits:   [0x00000000156c8000, 0x0000000017680000)

Polling page: 0x00000000013f0000

CodeCache: size=245760Kb used=9478Kb max_used=9479Kb free=236282Kb
 bounds [0x00000000034a0000, 0x0000000003df0000, 0x00000000124a0000]
 total_blobs=5457 nmethods=4861 adapters=507
 compilation: enabled

Compilation events (10 events):
Event: 80.589 Thread 0x000000001ae30000 4984       1       java.awt.image.ComponentColorModel::getDataElements (3206 bytes)
Event: 80.594 Thread 0x000000001ae30000 nmethod 4984 0x0000000003de32d0 code [0x0000000003de3d00, 0x0000000003de70c8]
Event: 80.594 Thread 0x000000001ae30000 4985       1       sun.awt.image.ByteInterleavedRaster::setDataElements (119 bytes)
Event: 80.594 Thread 0x000000001ae30000 nmethod 4985 0x0000000003bc5b50 code [0x0000000003bc5ce0, 0x0000000003bc5fc8]
Event: 80.595 Thread 0x000000001ae30000 4983       1       sun.java2d.StateTrackableDelegate::markDirty (6 bytes)
Event: 80.595 Thread 0x000000001ae30000 nmethod 4983 0x0000000003bc5890 code [0x0000000003bc59e0, 0x0000000003bc5b10]
Event: 80.598 Thread 0x000000001ae30000 4986 %     1       java.awt.image.BufferedImage::setRGB @ 26 (86 bytes)
Event: 80.599 Thread 0x000000001ae30000 nmethod 4986% 0x0000000003c3de90 code [0x0000000003c3e020, 0x0000000003c3e418]
Event: 80.637 Thread 0x000000001ae30000 4987       1       java.awt.image.BufferedImage::setRGB (86 bytes)
Event: 80.637 Thread 0x000000001ae30000 nmethod 4987 0x0000000003c3d890 code [0x0000000003c3da00, 0x0000000003c3dc98]

GC Heap History (10 events):
Event: 6.215 GC heap before
{Heap before GC invocations=10 (full 1):
 PSYoungGen      total 128512K, used 126868K [0x00000000d5b80000, 0x00000000de100000, 0x0000000100000000)
  eden space 120320K, 100% used [0x00000000d5b80000,0x00000000dd100000,0x00000000dd100000)
  from space 8192K, 79% used [0x00000000dd900000,0x00000000ddf65300,0x00000000de100000)
  to   space 8192K, 0% used [0x00000000dd100000,0x00000000dd100000,0x00000000dd900000)
 ParOldGen       total 49664K, used 7158K [0x0000000081200000, 0x0000000084280000, 0x00000000d5b80000)
  object space 49664K, 14% used [0x0000000081200000,0x00000000818fd8d0,0x0000000084280000)
 Metaspace       used 30499K, capacity 32148K, committed 32256K, reserved 1077248K
  class space    used 4227K, capacity 4558K, committed 4608K, reserved 1048576K
Event: 6.229 GC heap after
Heap after GC invocations=10 (full 1):
 PSYoungGen      total 128512K, used 8179K [0x00000000d5b80000, 0x00000000e1d00000, 0x0000000100000000)
  eden space 120320K, 0% used [0x00000000d5b80000,0x00000000d5b80000,0x00000000dd100000)
  from space 8192K, 99% used [0x00000000dd100000,0x00000000dd8fccd0,0x00000000dd900000)
  to   space 10752K, 0% used [0x00000000e1280000,0x00000000e1280000,0x00000000e1d00000)
 ParOldGen       total 49664K, used 11590K [0x0000000081200000, 0x0000000084280000, 0x00000000d5b80000)
  object space 49664K, 23% used [0x0000000081200000,0x0000000081d51bc8,0x0000000084280000)
 Metaspace       used 30499K, capacity 32148K, committed 32256K, reserved 1077248K
  class space    used 4227K, capacity 4558K, committed 4608K, reserved 1048576K
}
Event: 6.727 GC heap before
{Heap before GC invocations=11 (full 1):
 PSYoungGen      total 128512K, used 76247K [0x00000000d5b80000, 0x00000000e1d00000, 0x0000000100000000)
  eden space 120320K, 56% used [0x00000000d5b80000,0x00000000d9df9018,0x00000000dd100000)
  from space 8192K, 99% used [0x00000000dd100000,0x00000000dd8fccd0,0x00000000dd900000)
  to   space 10752K, 0% used [0x00000000e1280000,0x00000000e1280000,0x00000000e1d00000)
 ParOldGen       total 49664K, used 11590K [0x0000000081200000, 0x0000000084280000, 0x00000000d5b80000)
  object space 49664K, 23% used [0x0000000081200000,0x0000000081d51bc8,0x0000000084280000)
 Metaspace       used 33270K, capacity 35336K, committed 35416K, reserved 1079296K
  class space    used 4583K, capacity 4960K, committed 4992K, reserved 1048576K
Event: 6.736 GC heap after
Heap after GC invocations=11 (full 1):
 PSYoungGen      total 185344K, used 7895K [0x00000000d5b80000, 0x00000000e1c00000, 0x0000000100000000)
  eden space 175616K, 0% used [0x00000000d5b80000,0x00000000d5b80000,0x00000000e0700000)
  from space 9728K, 81% used [0x00000000e1280000,0x00000000e1a35ed8,0x00000000e1c00000)
  to   space 10752K, 0% used [0x00000000e0700000,0x00000000e0700000,0x00000000e1180000)
 ParOldGen       total 49664K, used 14230K [0x0000000081200000, 0x0000000084280000, 0x00000000d5b80000)
  object space 49664K, 28% used [0x0000000081200000,0x0000000081fe5a50,0x0000000084280000)
 Metaspace       used 33270K, capacity 35336K, committed 35416K, reserved 1079296K
  class space    used 4583K, capacity 4960K, committed 4992K, reserved 1048576K
}
Event: 6.736 GC heap before
{Heap before GC invocations=12 (full 2):
 PSYoungGen      total 185344K, used 7895K [0x00000000d5b80000, 0x00000000e1c00000, 0x0000000100000000)
  eden space 175616K, 0% used [0x00000000d5b80000,0x00000000d5b80000,0x00000000e0700000)
  from space 9728K, 81% used [0x00000000e1280000,0x00000000e1a35ed8,0x00000000e1c00000)
  to   space 10752K, 0% used [0x00000000e0700000,0x00000000e0700000,0x00000000e1180000)
 ParOldGen       total 49664K, used 14230K [0x0000000081200000, 0x0000000084280000, 0x00000000d5b80000)
  object space 49664K, 28% used [0x0000000081200000,0x0000000081fe5a50,0x0000000084280000)
 Metaspace       used 33270K, capacity 35336K, committed 35416K, reserved 1079296K
  class space    used 4583K, capacity 4960K, committed 4992K, reserved 1048576K
Event: 6.790 GC heap after
Heap after GC invocations=12 (full 2):
 PSYoungGen      total 185344K, used 0K [0x00000000d5b80000, 0x00000000e1c00000, 0x0000000100000000)
  eden space 175616K, 0% used [0x00000000d5b80000,0x00000000d5b80000,0x00000000e0700000)
  from space 9728K, 0% used [0x00000000e1280000,0x00000000e1280000,0x00000000e1c00000)
  to   space 10752K, 0% used [0x00000000e0700000,0x00000000e0700000,0x00000000e1180000)
 ParOldGen       total 74240K, used 16163K [0x0000000081200000, 0x0000000085a80000, 0x00000000d5b80000)
  object space 74240K, 21% used [0x0000000081200000,0x00000000821c8f70,0x0000000085a80000)
 Metaspace       used 33270K, capacity 35336K, committed 35416K, reserved 1079296K
  class space    used 4583K, capacity 4960K, committed 4992K, reserved 1048576K
}
Event: 9.545 GC heap before
{Heap before GC invocations=13 (full 2):
 PSYoungGen      total 185344K, used 175616K [0x00000000d5b80000, 0x00000000e1c00000, 0x0000000100000000)
  eden space 175616K, 100% used [0x00000000d5b80000,0x00000000e0700000,0x00000000e0700000)
  from space 9728K, 0% used [0x00000000e1280000,0x00000000e1280000,0x00000000e1c00000)
  to   space 10752K, 0% used [0x00000000e0700000,0x00000000e0700000,0x00000000e1180000)
 ParOldGen       total 74240K, used 16163K [0x0000000081200000, 0x0000000085a80000, 0x00000000d5b80000)
  object space 74240K, 21% used [0x0000000081200000,0x00000000821c8f70,0x0000000085a80000)
 Metaspace       used 42859K, capacity 45794K, committed 45912K, reserved 1089536K
  class space    used 5922K, capacity 6474K, committed 6528K, reserved 1048576K
Event: 9.560 GC heap after
Heap after GC invocations=13 (full 2):
 PSYoungGen      total 186368K, used 10736K [0x00000000d5b80000, 0x00000000e5e80000, 0x0000000100000000)
  eden space 175616K, 0% used [0x00000000d5b80000,0x00000000d5b80000,0x00000000e0700000)
  from space 10752K, 99% used [0x00000000e0700000,0x00000000e117c1e0,0x00000000e1180000)
  to   space 13312K, 0% used [0x00000000e5180000,0x00000000e5180000,0x00000000e5e80000)
 ParOldGen       total 74240K, used 20921K [0x0000000081200000, 0x0000000085a80000, 0x00000000d5b80000)
  object space 74240K, 28% used [0x0000000081200000,0x000000008266e408,0x0000000085a80000)
 Metaspace       used 42859K, capacity 45794K, committed 45912K, reserved 1089536K
  class space    used 5922K, capacity 6474K, committed 6528K, reserved 1048576K
}
Event: 80.599 GC heap before
{Heap before GC invocations=14 (full 2):
 PSYoungGen      total 186368K, used 186352K [0x00000000d5b80000, 0x00000000e5e80000, 0x0000000100000000)
  eden space 175616K, 100% used [0x00000000d5b80000,0x00000000e0700000,0x00000000e0700000)
  from space 10752K, 99% used [0x00000000e0700000,0x00000000e117c1e0,0x00000000e1180000)
  to   space 13312K, 0% used [0x00000000e5180000,0x00000000e5180000,0x00000000e5e80000)
 ParOldGen       total 74240K, used 20921K [0x0000000081200000, 0x0000000085a80000, 0x00000000d5b80000)
  object space 74240K, 28% used [0x0000000081200000,0x000000008266e408,0x0000000085a80000)
 Metaspace       used 54453K, capacity 58132K, committed 58328K, reserved 1099776K
  class space    used 7466K, capacity 8141K, committed 8192K, reserved 1048576K
Event: 80.637 GC heap after
Heap after GC invocations=14 (full 2):
 PSYoungGen      total 240128K, used 13303K [0x00000000d5b80000, 0x00000000e6e80000, 0x0000000100000000)
  eden space 226816K, 0% used [0x00000000d5b80000,0x00000000d5b80000,0x00000000e3900000)
  from space 13312K, 99% used [0x00000000e5180000,0x00000000e5e7de70,0x00000000e5e80000)
  to   space 25088K, 0% used [0x00000000e3900000,0x00000000e3900000,0x00000000e5180000)
 ParOldGen       total 74240K, used 48764K [0x0000000081200000, 0x0000000085a80000, 0x00000000d5b80000)
  object space 74240K, 65% used [0x0000000081200000,0x000000008419f118,0x0000000085a80000)
 Metaspace       used 54453K, capacity 58132K, committed 58328K, reserved 1099776K
  class space    used 7466K, capacity 8141K, committed 8192K, reserved 1048576K
}

Deoptimization events (0 events):
No events

Classes redefined (0 events):
No events

Internal exceptions (10 events):
Event: 48.129 Thread 0x000000001ef09000 Exception <a 'java/lang/ArrayIndexOutOfBoundsException'> (0x00000000de3806c8) thrown at [C:\re\workspace\8-2-build-windows-amd64-cygwin\jdk8u201\12322\hotspot\src\share\vm\runtime\sharedRuntime.cpp, line 605]
Event: 48.129 Thread 0x000000001ef09000 Exception <a 'java/lang/ArrayIndexOutOfBoundsException'> (0x00000000de3821a0) thrown at [C:\re\workspace\8-2-build-windows-amd64-cygwin\jdk8u201\12322\hotspot\src\share\vm\runtime\sharedRuntime.cpp, line 605]
Event: 48.130 Thread 0x000000001ef09000 Exception <a 'java/lang/ArrayIndexOutOfBoundsException'> (0x00000000de383978) thrown at [C:\re\workspace\8-2-build-windows-amd64-cygwin\jdk8u201\12322\hotspot\src\share\vm\runtime\sharedRuntime.cpp, line 605]
Event: 70.806 Thread 0x000000001ae87000 Exception <a 'java/net/SocketTimeoutException': Read timed out> (0x00000000dad87740) thrown at [C:\re\workspace\8-2-build-windows-amd64-cygwin\jdk8u201\12322\hotspot\src\share\vm\prims\jni.cpp, line 735]
Event: 70.822 Thread 0x000000001ae8a800 Exception <a 'java/net/SocketTimeoutException': Read timed out> (0x00000000dadc1740) thrown at [C:\re\workspace\8-2-build-windows-amd64-cygwin\jdk8u201\12322\hotspot\src\share\vm\prims\jni.cpp, line 735]
Event: 80.403 Thread 0x000000001ef0a000 Exception <a 'java/lang/ArrayIndexOutOfBoundsException'> (0x00000000df50a7d8) thrown at [C:\re\workspace\8-2-build-windows-amd64-cygwin\jdk8u201\12322\hotspot\src\share\vm\runtime\sharedRuntime.cpp, line 605]
Event: 80.403 Thread 0x000000001ef09000 Exception <a 'java/lang/ArrayIndexOutOfBoundsException'> (0x00000000de44dec8) thrown at [C:\re\workspace\8-2-build-windows-amd64-cygwin\jdk8u201\12322\hotspot\src\share\vm\runtime\sharedRuntime.cpp, line 605]
Event: 80.403 Thread 0x000000001ef08800 Exception <a 'java/lang/ArrayIndexOutOfBoundsException'> (0x00000000dbbdd250) thrown at [C:\re\workspace\8-2-build-windows-amd64-cygwin\jdk8u201\12322\hotspot\src\share\vm\runtime\sharedRuntime.cpp, line 605]
Event: 80.403 Thread 0x000000001ef0c000 Exception <a 'java/lang/ArrayIndexOutOfBoundsException'> (0x00000000debcdcb0) thrown at [C:\re\workspace\8-2-build-windows-amd64-cygwin\jdk8u201\12322\hotspot\src\share\vm\runtime\sharedRuntime.cpp, line 605]
Event: 80.513 Thread 0x000000001ef10800 Exception <a 'java/io/FileNotFoundException'> (0x00000000dfa81e18) thrown at [C:\re\workspace\8-2-build-windows-amd64-cygwin\jdk8u201\12322\hotspot\src\share\vm\prims\jni.cpp, line 709]

Events (10 events):
Event: 80.643 loading class com/arcsoft/face/enums/DetectModel
Event: 80.643 loading class com/arcsoft/face/enums/DetectModel done
Event: 80.644 loading class com/arcsoft/face/FaceEngine$1
Event: 80.644 loading class com/arcsoft/face/FaceEngine$1 done
Event: 80.644 Executing VM operation: RevokeBias
Event: 80.644 Executing VM operation: RevokeBias done
Event: 80.645 loading class com/arcsoft/face/FaceInfo
Event: 80.645 loading class com/arcsoft/face/FaceInfo done
Event: 80.645 Executing VM operation: RevokeBias
Event: 80.645 Executing VM operation: RevokeBias done


Dynamic libraries:
0x00007ff6b01c0000 - 0x00007ff6b01f7000 	C:\Program Files\Java\jdk1.8.0_201\bin\java.exe
0x00007ffc111b0000 - 0x00007ffc113a5000 	C:\WINDOWS\SYSTEM32\ntdll.dll
0x00007ffc110a0000 - 0x00007ffc1115e000 	C:\WINDOWS\System32\KERNEL32.DLL
0x00007ffc0eae0000 - 0x00007ffc0eda9000 	C:\WINDOWS\System32\KERNELBASE.dll
0x00007ffc10270000 - 0x00007ffc1031c000 	C:\WINDOWS\System32\ADVAPI32.dll
0x00007ffc0f5a0000 - 0x00007ffc0f63e000 	C:\WINDOWS\System32\msvcrt.dll
0x00007ffc0f980000 - 0x00007ffc0fa1b000 	C:\WINDOWS\System32\sechost.dll
0x00007ffc0fea0000 - 0x00007ffc0ffca000 	C:\WINDOWS\System32\RPCRT4.dll
0x00007ffc0ffe0000 - 0x00007ffc10181000 	C:\WINDOWS\System32\USER32.dll
0x00007ffc0eab0000 - 0x00007ffc0ead2000 	C:\WINDOWS\System32\win32u.dll
0x00007ffc0f200000 - 0x00007ffc0f22b000 	C:\WINDOWS\System32\GDI32.dll
0x00007ffc0ee00000 - 0x00007ffc0ef0b000 	C:\WINDOWS\System32\gdi32full.dll
0x00007ffc0e8d0000 - 0x00007ffc0e96d000 	C:\WINDOWS\System32\msvcp_win.dll
0x00007ffc0ef70000 - 0x00007ffc0f070000 	C:\WINDOWS\System32\ucrtbase.dll
0x00007ffc000a0000 - 0x00007ffc0033a000 	C:\WINDOWS\WinSxS\amd64_microsoft.windows.common-controls_6595b64144ccf1df_6.0.19041.1110_none_60b5254171f9507e\COMCTL32.dll
0x00007ffc0f460000 - 0x00007ffc0f490000 	C:\WINDOWS\System32\IMM32.DLL
0x00000000618c0000 - 0x0000000061991000 	C:\Program Files\Java\jdk1.8.0_201\jre\bin\msvcr100.dll
0x00000000602d0000 - 0x0000000060b74000 	C:\Program Files\Java\jdk1.8.0_201\jre\bin\server\jvm.dll
0x00007ffc11160000 - 0x00007ffc11168000 	C:\WINDOWS\System32\PSAPI.DLL
0x00007ffc05240000 - 0x00007ffc0524a000 	C:\WINDOWS\SYSTEM32\VERSION.dll
0x00007ffc09760000 - 0x00007ffc09769000 	C:\WINDOWS\SYSTEM32\WSOCK32.dll
0x00007ffc01840000 - 0x00007ffc01867000 	C:\WINDOWS\SYSTEM32\WINMM.dll
0x00007ffc0f870000 - 0x00007ffc0f8db000 	C:\WINDOWS\System32\WS2_32.dll
0x00007ffc09780000 - 0x00007ffc0978f000 	C:\Program Files\Java\jdk1.8.0_201\jre\bin\verify.dll
0x00007ffbee580000 - 0x00007ffbee5a9000 	C:\Program Files\Java\jdk1.8.0_201\jre\bin\java.dll
0x00007ffbea210000 - 0x00007ffbea233000 	C:\Program Files\Java\jdk1.8.0_201\jre\bin\instrument.dll
0x00007ffc096f0000 - 0x00007ffc09706000 	C:\Program Files\Java\jdk1.8.0_201\jre\bin\zip.dll
0x00007ffc104d0000 - 0x00007ffc10c0f000 	C:\WINDOWS\System32\SHELL32.dll
0x00007ffc0c610000 - 0x00007ffc0cda0000 	C:\WINDOWS\SYSTEM32\windows.storage.dll
0x00007ffc10c70000 - 0x00007ffc10fc5000 	C:\WINDOWS\System32\combase.dll
0x00007ffc0e320000 - 0x00007ffc0e34c000 	C:\WINDOWS\SYSTEM32\Wldp.dll
0x00007ffc0f4f0000 - 0x00007ffc0f59d000 	C:\WINDOWS\System32\SHCORE.dll
0x00007ffc10c10000 - 0x00007ffc10c65000 	C:\WINDOWS\System32\shlwapi.dll
0x00007ffc0e810000 - 0x00007ffc0e82f000 	C:\WINDOWS\SYSTEM32\profapi.dll
0x00007ffbf5ab0000 - 0x00007ffbf5aca000 	F:\subject\IDEA 2018_sssam.com\IntelliJ IDEA 2018.2.4\bin\breakgen64.dll
0x00007ffbf2530000 - 0x00007ffbf254a000 	C:\Program Files\Java\jdk1.8.0_201\jre\bin\net.dll
0x00007ffbfc9a0000 - 0x00007ffbfcb8b000 	C:\WINDOWS\SYSTEM32\urlmon.dll
0x00007ffbfcf00000 - 0x00007ffbfd1b0000 	C:\WINDOWS\SYSTEM32\iertutil.dll
0x00007ffc0dd60000 - 0x00007ffc0dd6c000 	C:\WINDOWS\SYSTEM32\netutils.dll
0x00007ffbfc970000 - 0x00007ffbfc998000 	C:\WINDOWS\SYSTEM32\srvcli.dll
0x00007ffc0e080000 - 0x00007ffc0e0ea000 	C:\WINDOWS\system32\mswsock.dll
0x00007ffc08230000 - 0x00007ffc0823d000 	C:\Program Files\Java\jdk1.8.0_201\jre\bin\management.dll
0x00007ffbf2500000 - 0x00007ffbf2511000 	C:\Program Files\Java\jdk1.8.0_201\jre\bin\nio.dll
0x00007ffbf1ce0000 - 0x00007ffbf1cf7000 	C:\WINDOWS\system32\napinsp.dll
0x00007ffbf1cc0000 - 0x00007ffbf1cdb000 	C:\WINDOWS\system32\pnrpnsp.dll
0x00007ffc08c40000 - 0x00007ffc08c55000 	C:\WINDOWS\system32\wshbth.dll
0x00007ffc09620000 - 0x00007ffc0963d000 	C:\WINDOWS\system32\NLAapi.dll
0x00007ffc0dd20000 - 0x00007ffc0dd5b000 	C:\WINDOWS\SYSTEM32\IPHLPAPI.DLL
0x00007ffc0dd70000 - 0x00007ffc0de3c000 	C:\WINDOWS\SYSTEM32\DNSAPI.dll
0x00007ffc0f970000 - 0x00007ffc0f978000 	C:\WINDOWS\System32\NSI.dll
0x00007ffbf1990000 - 0x00007ffbf19a2000 	C:\WINDOWS\System32\winrnr.dll
0x00007ffc05a00000 - 0x00007ffc05a0a000 	C:\Windows\System32\rasadhlp.dll
0x00007ffbfd8a0000 - 0x00007ffbfd91f000 	C:\WINDOWS\System32\fwpuclnt.dll
0x00007ffc0f070000 - 0x00007ffc0f097000 	C:\WINDOWS\System32\bcrypt.dll
0x00007ffc0e270000 - 0x00007ffc0e288000 	C:\WINDOWS\SYSTEM32\CRYPTSP.dll
0x00007ffc0d990000 - 0x00007ffc0d9c4000 	C:\WINDOWS\system32\rsaenh.dll
0x00007ffc0e7d0000 - 0x00007ffc0e7fe000 	C:\WINDOWS\SYSTEM32\USERENV.dll
0x00007ffc0e970000 - 0x00007ffc0e9f3000 	C:\WINDOWS\System32\bcryptprimitives.dll
0x00007ffc0e290000 - 0x00007ffc0e29c000 	C:\WINDOWS\SYSTEM32\CRYPTBASE.dll
0x00007ffc03c60000 - 0x00007ffc03c77000 	C:\WINDOWS\SYSTEM32\dhcpcsvc6.DLL
0x00007ffc04fd0000 - 0x00007ffc04fed000 	C:\WINDOWS\SYSTEM32\dhcpcsvc.DLL
0x00007ffbe47b0000 - 0x00007ffbe47d4000 	C:\Program Files\Java\jdk1.8.0_201\jre\bin\sunec.dll
0x00007ffbb3fe0000 - 0x00007ffbb6e1d000 	C:\Users\lenovo\Desktop\人脸识别\Face-recognition-main\ArcSoft_ArcFace_Java_Windows_x64_V3.0\libs\WIN64\libarcsoft_face.dll
0x00007ffbf4f00000 - 0x00007ffbf4fa6000 	C:\WINDOWS\SYSTEM32\MSVCP120.dll
0x00007ffbf4650000 - 0x00007ffbf473f000 	C:\WINDOWS\SYSTEM32\MSVCR120.dll
0x00007ffbdce60000 - 0x00007ffbdcedf000 	C:\Users\lenovo\Desktop\人脸识别\Face-recognition-main\ArcSoft_ArcFace_Java_Windows_x64_V3.0\libs\WIN64\libarcsoft_face_engine.dll
0x00007ffc0f810000 - 0x00007ffc0f866000 	C:\WINDOWS\System32\WLDAP32.dll
0x00007ffbe3050000 - 0x00007ffbe3075000 	C:\Users\lenovo\Desktop\人脸识别\Face-recognition-main\ArcSoft_ArcFace_Java_Windows_x64_V3.0\libs\WIN64\libarcsoft_face_engine_jni.dll
0x00007ffbc3e40000 - 0x00007ffbc3fd9000 	C:\Program Files\Java\jdk1.8.0_201\jre\bin\awt.dll
0x00007ffc10fd0000 - 0x00007ffc1109d000 	C:\WINDOWS\System32\OLEAUT32.dll
0x00007ffc0af30000 - 0x00007ffc0afc0000 	C:\WINDOWS\SYSTEM32\apphelp.dll
0x00007ffbd5120000 - 0x00007ffbd5151000 	C:\Program Files\Java\jdk1.8.0_201\jre\bin\jpeg.dll
0x00007ffc0ce70000 - 0x00007ffc0d054000 	C:\WINDOWS\SYSTEM32\dbghelp.dll

VM Arguments:
jvm_args: -XX:CompileCommand=exclude,org/hibernate/cfg/annotations/SimpleValueBinder.setType -XX:TieredStopAtLevel=1 -Xverify:none -Dspring.output.ansi.enabled=always -Dcom.sun.management.jmxremote -Dcom.sun.management.jmxremote.port=63808 -Dcom.sun.management.jmxremote.authenticate=false -Dcom.sun.management.jmxremote.ssl=false -Djava.rmi.server.hostname=localhost -Dspring.liveBeansView.mbeanDomain -Dspring.application.admin.enabled=true -javaagent:F:\subject\IDEA 2018_sssam.com\IntelliJ IDEA 2018.2.4\lib\idea_rt.jar=63809:F:\subject\IDEA 2018_sssam.com\IntelliJ IDEA 2018.2.4\bin -Dfile.encoding=UTF-8 
java_command: com.tangcheng.face_corn.FaceCornApplication
java_class_path (initial): C:\Program Files\Java\jdk1.8.0_201\jre\lib\charsets.jar;C:\Program Files\Java\jdk1.8.0_201\jre\lib\deploy.jar;C:\Program Files\Java\jdk1.8.0_201\jre\lib\ext\access-bridge-64.jar;C:\Program Files\Java\jdk1.8.0_201\jre\lib\ext\cldrdata.jar;C:\Program Files\Java\jdk1.8.0_201\jre\lib\ext\dnsns.jar;C:\Program Files\Java\jdk1.8.0_201\jre\lib\ext\jaccess.jar;C:\Program Files\Java\jdk1.8.0_201\jre\lib\ext\jfxrt.jar;C:\Program Files\Java\jdk1.8.0_201\jre\lib\ext\localedata.jar;C:\Program Files\Java\jdk1.8.0_201\jre\lib\ext\nashorn.jar;C:\Program Files\Java\jdk1.8.0_201\jre\lib\ext\sunec.jar;C:\Program Files\Java\jdk1.8.0_201\jre\lib\ext\sunjce_provider.jar;C:\Program Files\Java\jdk1.8.0_201\jre\lib\ext\sunmscapi.jar;C:\Program Files\Java\jdk1.8.0_201\jre\lib\ext\sunpkcs11.jar;C:\Program Files\Java\jdk1.8.0_201\jre\lib\ext\zipfs.jar;C:\Program Files\Java\jdk1.8.0_201\jre\lib\javaws.jar;C:\Program Files\Java\jdk1.8.0_201\jre\lib\jce.jar;C:\Program Files\Java\jdk1.8.0_201\jre\lib\jfr.jar;C:\Program Files\Java\jdk1.8.0_201\jre\lib\jfxswt.jar;C:\Program Files\Java\jdk1.8.0_201\jre\lib\jsse.jar;C:\Program Files\Java\jdk1.8.0_201\jre\lib\management-agent.jar;C:\Program Files\Java\jdk1.8.0_201\jre\lib\plugin.jar;C:\Program Files\Java\jdk1.8.0_201\jre\lib\resources.jar;C:\Program Files\Java\jdk1.8.0_201\jre\lib\rt.jar;C:\Users\lenovo\Desktop\人脸识别\Face-recognition-main\facesystem\face_corn\target\classes;C:\Users\lenovo\Desktop\人脸识别\Face-recognition-main\facesystem\common\target\classes;F:\subject\JavaWeb\maven-l\com\auth0\java-jwt\3.4.0\java-jwt-3.4.0.jar;F:\subject\JavaWeb\maven-l\commons-codec\commons-codec\1.15\commons-codec-1.15.jar;F:\subject\JavaWeb\maven-l\com\aliyun\oss\aliyun-sdk-oss\3.12.0\aliyun-sdk-oss-3.12.0.jar;F:\subject\JavaWeb\maven-l\org\apache\httpcomponents\httpclient\4.5.13\httpclient-4.5.13.jar;F:\subject\JavaWeb\maven-l\org\apache\httpcomponents\httpcore\4.4.14\httpcore-4.4.14.jar;F:\subject\JavaWeb\maven-l\org\jdom\jdom2\2.
Launcher Type: SUN_STANDARD

Environment Variables:
JAVA_HOME=C:\Program Files\Java\jdk1.8.0_201
CLASSPATH=.;C:\Program Files\Java\jdk1.8.0_201\lib\dt.jar,C:\Program Files\Java\jdk1.8.0_201\lib\tools.jar;F:\subject\JavaWeb\apache-tomcat-8.5.45\lib\servlet-api.jar
PATH=C:\Program Files (x86)\Common Files\Oracle\Java\javapath;C:\WINDOWS\system32;C:\WINDOWS;C:\WINDOWS\System32\Wbem;C:\WINDOWS\System32\WindowsPowerShell\v1.0\;C:\WINDOWS\System32\OpenSSH\;F:\subject\JavaWeb\apache-tomcat-8.5.45\bin;F:\subject\JavaWeb\apache-tomcat-8.5.45\lib;C:\Program Files\NVIDIA Corporation\NVIDIA NvDLISR;F:\subject\JavaWeb\apache-maven-3.3.9\bin;F:\subject\JavaWeb\Gradle\gradle-6.9.1\bin;F:\subject\JavaWeb\nodejs;C:\Program Files\Java\jdk1.8.0_201\bin;C:\Program Files\MySQL\MySQL Server 8.0\bin;F:\subject\JavaWeb\env\MongoDB\bin;C:\Users\lenovo\AppData\Local\Microsoft\WindowsApps;F:\subject\PyCharm\PyCharm Community Edition 2020.3.3\bin;;F:\subject\JavaWeb\Microsoft VS Code\bin;F:\subject\JavaWeb\nodejs\node_global;
USERNAME=lenovo
OS=Windows_NT
PROCESSOR_IDENTIFIER=Intel64 Family 6 Model 158 Stepping 10, GenuineIntel



---------------  S Y S T E M  ---------------

OS: Windows 10.0 , 64 bit Build 19041 (10.0.19041.1202)

CPU:total 8 (initial active 8) (4 cores per cpu, 2 threads per core) family 6 model 158 stepping 10, cmov, cx8, fxsr, mmx, sse, sse2, sse3, ssse3, sse4.1, sse4.2, popcnt, avx, avx2, aes, clmul, erms, 3dnowpref, lzcnt, ht, tsc, tscinvbit, bmi1, bmi2, adx

Memory: 4k page, physical 8306932k(338552k free), swap 18792692k(2547220k free)

vm_info: Java HotSpot(TM) 64-Bit Server VM (25.201-b09) for windows-amd64 JRE (1.8.0_201-b09), built on Dec 15 2018 18:36:39 by "java_re" with MS VC++ 10.0 (VS2010)

time: Sat Oct 30 00:18:32 2021
timezone: 中国标准时间
elapsed time: 80 seconds (0d 0h 1m 20s)

