#
# A fatal error has been detected by the Java Runtime Environment:
#
#  EXCEPTION_ACCESS_VIOLATION (0xc0000005) at pc=0x00007ff82b69e0e5, pid=15864, tid=0x0000000000004b14
#
# JRE version: Java(TM) SE Runtime Environment (8.0_201-b09) (build 1.8.0_201-b09)
# Java VM: Java HotSpot(TM) 64-Bit Server VM (25.201-b09 mixed mode windows-amd64 compressed oops)
# Problematic frame:
# C  [libarcsoft_face.dll+0xe0e5]
#
# Failed to write core dump. Minidumps are not enabled by default on client versions of Windows
#
# If you would like to submit a bug report, please visit:
#   http://bugreport.java.com/bugreport/crash.jsp
# The crash happened outside the Java Virtual Machine in native code.
# See problematic frame for where to report the bug.
#

---------------  T H R E A D  ---------------

Current thread (0x000000001e0cc800):  JavaThread "http-nio-8081-exec-4" daemon [_thread_in_native, id=19220, stack(0x00000000202b0000,0x00000000203b0000)]

siginfo: ExceptionCode=0xc0000005, writing address 0xfffffffe258d8e60

Registers:
RAX=0x0000000000000068, RBX=0x0000000080002000, RCX=0x0000000000000051, RDX=0xffffffff80000000
RSP=0x00000000203acbf0, RBP=0x0000000080000000, RSI=0x0000000000000140, RDI=0x0000000080000000
R8 =0x00000000000000ff, R9 =0x0000000000000000, R10=0x0000000080001000, R11=0x00000000258d8e60
R12=0x0000000000000040, R13=0x0000000000000040, R14=0x0000000000000000, R15=0x000000001e769860
RIP=0x00007ff82b69e0e5, EFLAGS=0x0000000000010202

Top of Stack: (sp=0x00000000203acbf0)
0x00000000203acbf0:   0000000000000000 0000000000002000
0x00000000203acc00:   0000000000000010 0000000000000040
0x00000000203acc10:   0000000000000000 00000000258e5780
0x00000000203acc20:   00000000203acd30 00007ff82b69c5f2
0x00000000203acc30:   0000000000000000 00007ff82b6a17a3
0x00000000203acc40:   00000000259406f0 0000000025940660
0x00000000203acc50:   0000000080000000 0000000000000051
0x00000000203acc60:   0000000000000068 0000000000000070
0x00000000203acc70:   0000000000000000 0000000000000000
0x00000000203acc80:   0000000000000040 00000000000003c0
0x00000000203acc90:   0000000000000000 0000000000000000
0x00000000203acca0:   0000000000000040 00000000203acdc8
0x00000000203accb0:   0000000000000000 0000000000000040
0x00000000203accc0:   0000000000000040 00000000258d8e60
0x00000000203accd0:   00000000200ad880 00007ff82b69bf04
0x00000000203acce0:   0000000080000000 00007ff8000000f0 

Instructions: (pc=0x00007ff82b69e0e5)
0x00007ff82b69e0c5:   0f 4f c8 45 33 c9 85 c9 41 0f 48 c9 41 3b c0 41
0x00007ff82b69e0d5:   0f 4f c0 85 c0 41 0f 48 c1 66 0f 6e c1 0f 5b c0
0x00007ff82b69e0e5:   f3 41 0f 11 04 93 66 0f 6e c0 49 63 c2 0f 5b c0
0x00007ff82b69e0f5:   f3 41 0f 11 04 83 8b 44 24 78 eb 51 83 f9 01 75 


Register to memory mapping:

RAX=0x0000000000000068 is an unknown value
RBX=0x0000000080002000 is an unknown value
RCX=0x0000000000000051 is an unknown value
RDX=0xffffffff80000000 is an unknown value
RSP=0x00000000203acbf0 is pointing into the stack for thread: 0x000000001e0cc800
RBP=0x0000000080000000 is an unknown value
RSI=0x0000000000000140 is an unknown value
RDI=0x0000000080000000 is an unknown value
R8 =0x00000000000000ff is an unknown value
R9 =0x0000000000000000 is an unknown value
R10=0x0000000080001000 is an unknown value
R11=0x00000000258d8e60 is an unknown value
R12=0x0000000000000040 is an unknown value
R13=0x0000000000000040 is an unknown value
R14=0x0000000000000000 is an unknown value
R15=0x000000001e769860 is an unknown value


Stack: [0x00000000202b0000,0x00000000203b0000],  sp=0x00000000203acbf0,  free space=1010k
Native frames: (J=compiled Java code, j=interpreted, Vv=VM code, C=native code)
C  [libarcsoft_face.dll+0xe0e5]
C  [libarcsoft_face.dll+0xc5f2]
C  [libarcsoft_face.dll+0xbf04]
C  [libarcsoft_face.dll+0x9049]
C  [libarcsoft_face.dll+0x89bc]
C  [libarcsoft_face.dll+0x7d0a]
C  [libarcsoft_face.dll+0x3c88]
C  [libarcsoft_face_engine.dll+0x58ca]
C  [libarcsoft_face_engine_jni.dll+0x18f6]
C  0x0000000002d78c67

Java frames: (J=compiled Java code, j=interpreted, Vv=VM code)
j  com.arcsoft.face.FaceEngine.detectFaces(J[BIIII[Lcom/arcsoft/face/FaceInfo;)I+0
j  com.arcsoft.face.FaceEngine.detectFaces([BIILcom/arcsoft/face/enums/ImageFormat;Lcom/arcsoft/face/enums/DetectModel;Ljava/util/List;)I+107
j  com.arcsoft.face.FaceEngine.detectFaces([BIILcom/arcsoft/face/enums/ImageFormat;Ljava/util/List;)I+11
j  com.tangcheng.face_corn.service.impl.faceServiceImpl.facesearch(Ljava/io/InputStream;Ljava/util/List;)Ljava/lang/String;+45
j  com.tangcheng.face_corn.controller.faceController.facesearch(Ljava/lang/String;Ljava/util/List;)Lresult/Result;+22
j  sun.reflect.GeneratedMethodAccessor68.invoke(Ljava/lang/Object;[Ljava/lang/Object;)Ljava/lang/Object;+48
J 1641 C1 sun.reflect.DelegatingMethodAccessorImpl.invoke(Ljava/lang/Object;[Ljava/lang/Object;)Ljava/lang/Object; (10 bytes) @ 0x00000000030d92a4 [0x00000000030d9260+0x44]
J 1640 C1 java.lang.reflect.Method.invoke(Ljava/lang/Object;[Ljava/lang/Object;)Ljava/lang/Object; (62 bytes) @ 0x00000000030d8ed4 [0x00000000030d8de0+0xf4]
j  org.springframework.web.method.support.InvocableHandlerMethod.doInvoke([Ljava/lang/Object;)Ljava/lang/Object;+32
j  org.springframework.web.method.support.InvocableHandlerMethod.invokeForRequest(Lorg/springframework/web/context/request/NativeWebRequest;Lorg/springframework/web/method/support/ModelAndViewContainer;[Ljava/lang/Object;)Ljava/lang/Object;+54
j  org.springframework.web.servlet.mvc.method.annotation.ServletInvocableHandlerMethod.invokeAndHandle(Lorg/springframework/web/context/request/ServletWebRequest;Lorg/springframework/web/method/support/ModelAndViewContainer;[Ljava/lang/Object;)V+4
j  org.springframework.web.servlet.mvc.method.annotation.RequestMappingHandlerAdapter.invokeHandlerMethod(Ljavax/servlet/http/HttpServletRequest;Ljavax/servlet/http/HttpServletResponse;Lorg/springframework/web/method/HandlerMethod;)Lorg/springframework/web/servlet/ModelAndView;+244
j  org.springframework.web.servlet.mvc.method.annotation.RequestMappingHandlerAdapter.handleInternal(Ljavax/servlet/http/HttpServletRequest;Ljavax/servlet/http/HttpServletResponse;Lorg/springframework/web/method/HandlerMethod;)Lorg/springframework/web/servlet/ModelAndView;+81
j  org.springframework.web.servlet.mvc.method.AbstractHandlerMethodAdapter.handle(Ljavax/servlet/http/HttpServletRequest;Ljavax/servlet/http/HttpServletResponse;Ljava/lang/Object;)Lorg/springframework/web/servlet/ModelAndView;+7
j  org.springframework.web.servlet.DispatcherServlet.doDispatch(Ljavax/servlet/http/HttpServletRequest;Ljavax/servlet/http/HttpServletResponse;)V+259
j  org.springframework.web.servlet.DispatcherServlet.doService(Ljavax/servlet/http/HttpServletRequest;Ljavax/servlet/http/HttpServletResponse;)V+241
j  org.springframework.web.servlet.FrameworkServlet.processRequest(Ljavax/servlet/http/HttpServletRequest;Ljavax/servlet/http/HttpServletResponse;)V+71
j  org.springframework.web.servlet.FrameworkServlet.doPost(Ljavax/servlet/http/HttpServletRequest;Ljavax/servlet/http/HttpServletResponse;)V+3
j  javax.servlet.http.HttpServlet.service(Ljavax/servlet/http/HttpServletRequest;Ljavax/servlet/http/HttpServletResponse;)V+149
j  org.springframework.web.servlet.FrameworkServlet.service(Ljavax/servlet/http/HttpServletRequest;Ljavax/servlet/http/HttpServletResponse;)V+33
j  javax.servlet.http.HttpServlet.service(Ljavax/servlet/ServletRequest;Ljavax/servlet/ServletResponse;)V+36
j  org.apache.catalina.core.ApplicationFilterChain.internalDoFilter(Ljavax/servlet/ServletRequest;Ljavax/servlet/ServletResponse;)V+304
j  org.apache.catalina.core.ApplicationFilterChain.doFilter(Ljavax/servlet/ServletRequest;Ljavax/servlet/ServletResponse;)V+99
j  org.apache.tomcat.websocket.server.WsFilter.doFilter(Ljavax/servlet/ServletRequest;Ljavax/servlet/ServletResponse;Ljavax/servlet/FilterChain;)V+21
j  org.apache.catalina.core.ApplicationFilterChain.internalDoFilter(Ljavax/servlet/ServletRequest;Ljavax/servlet/ServletResponse;)V+135
j  org.apache.catalina.core.ApplicationFilterChain.doFilter(Ljavax/servlet/ServletRequest;Ljavax/servlet/ServletResponse;)V+99
j  org.springframework.web.filter.RequestContextFilter.doFilterInternal(Ljavax/servlet/http/HttpServletRequest;Ljavax/servlet/http/HttpServletResponse;Ljavax/servlet/FilterChain;)V+21
j  org.springframework.web.filter.OncePerRequestFilter.doFilter(Ljavax/servlet/ServletRequest;Ljavax/servlet/ServletResponse;Ljavax/servlet/FilterChain;)V+147
j  org.apache.catalina.core.ApplicationFilterChain.internalDoFilter(Ljavax/servlet/ServletRequest;Ljavax/servlet/ServletResponse;)V+135
j  org.apache.catalina.core.ApplicationFilterChain.doFilter(Ljavax/servlet/ServletRequest;Ljavax/servlet/ServletResponse;)V+99
j  org.springframework.web.filter.FormContentFilter.doFilterInternal(Ljavax/servlet/http/HttpServletRequest;Ljavax/servlet/http/HttpServletResponse;Ljavax/servlet/FilterChain;)V+38
j  org.springframework.web.filter.OncePerRequestFilter.doFilter(Ljavax/servlet/ServletRequest;Ljavax/servlet/ServletResponse;Ljavax/servlet/FilterChain;)V+147
j  org.apache.catalina.core.ApplicationFilterChain.internalDoFilter(Ljavax/servlet/ServletRequest;Ljavax/servlet/ServletResponse;)V+135
j  org.apache.catalina.core.ApplicationFilterChain.doFilter(Ljavax/servlet/ServletRequest;Ljavax/servlet/ServletResponse;)V+99
j  org.springframework.web.filter.CharacterEncodingFilter.doFilterInternal(Ljavax/servlet/http/HttpServletRequest;Ljavax/servlet/http/HttpServletResponse;Ljavax/servlet/FilterChain;)V+53
j  org.springframework.web.filter.OncePerRequestFilter.doFilter(Ljavax/servlet/ServletRequest;Ljavax/servlet/ServletResponse;Ljavax/servlet/FilterChain;)V+147
j  org.apache.catalina.core.ApplicationFilterChain.internalDoFilter(Ljavax/servlet/ServletRequest;Ljavax/servlet/ServletResponse;)V+135
j  org.apache.catalina.core.ApplicationFilterChain.doFilter(Ljavax/servlet/ServletRequest;Ljavax/servlet/ServletResponse;)V+99
j  org.apache.catalina.core.StandardWrapperValve.invoke(Lorg/apache/catalina/connector/Request;Lorg/apache/catalina/connector/Response;)V+694
j  org.apache.catalina.core.StandardContextValve.invoke(Lorg/apache/catalina/connector/Request;Lorg/apache/catalina/connector/Response;)V+169
j  org.apache.catalina.authenticator.AuthenticatorBase.invoke(Lorg/apache/catalina/connector/Request;Lorg/apache/catalina/connector/Response;)V+260
j  org.apache.catalina.core.StandardHostValve.invoke(Lorg/apache/catalina/connector/Request;Lorg/apache/catalina/connector/Response;)V+128
j  org.apache.catalina.valves.ErrorReportValve.invoke(Lorg/apache/catalina/connector/Request;Lorg/apache/catalina/connector/Response;)V+6
j  org.apache.catalina.core.StandardEngineValve.invoke(Lorg/apache/catalina/connector/Request;Lorg/apache/catalina/connector/Response;)V+59
j  org.apache.catalina.connector.CoyoteAdapter.service(Lorg/apache/coyote/Request;Lorg/apache/coyote/Response;)V+199
j  org.apache.coyote.http11.Http11Processor.service(Lorg/apache/tomcat/util/net/SocketWrapperBase;)Lorg/apache/tomcat/util/net/AbstractEndpoint$Handler$SocketState;+737
j  org.apache.coyote.AbstractProcessorLight.process(Lorg/apache/tomcat/util/net/SocketWrapperBase;Lorg/apache/tomcat/util/net/SocketEvent;)Lorg/apache/tomcat/util/net/AbstractEndpoint$Handler$SocketState;+170
j  org.apache.coyote.AbstractProtocol$ConnectionHandler.process(Lorg/apache/tomcat/util/net/SocketWrapperBase;Lorg/apache/tomcat/util/net/SocketEvent;)Lorg/apache/tomcat/util/net/AbstractEndpoint$Handler$SocketState;+505
j  org.apache.tomcat.util.net.NioEndpoint$SocketProcessor.doRun()V+216
j  org.apache.tomcat.util.net.SocketProcessorBase.run()V+21
j  java.util.concurrent.ThreadPoolExecutor.runWorker(Ljava/util/concurrent/ThreadPoolExecutor$Worker;)V+95
j  java.util.concurrent.ThreadPoolExecutor$Worker.run()V+5
j  org.apache.tomcat.util.threads.TaskThread$WrappingRunnable.run()V+4
j  java.lang.Thread.run()V+11
v  ~StubRoutines::call_stub

---------------  P R O C E S S  ---------------

Java Threads: ( => current thread )
  0x000000001dfff000 JavaThread "lettuce-eventExecutorLoop-1-8" daemon [_thread_blocked, id=680, stack(0x00000000406b0000,0x00000000407b0000)]
  0x000000001dff9800 JavaThread "lettuce-eventExecutorLoop-1-7" daemon [_thread_blocked, id=18728, stack(0x0000000040160000,0x0000000040260000)]
  0x000000001dffa800 JavaThread "lettuce-eventExecutorLoop-1-6" daemon [_thread_blocked, id=16560, stack(0x0000000040060000,0x0000000040160000)]
  0x000000001e319000 JavaThread "lettuce-eventExecutorLoop-1-5" daemon [_thread_blocked, id=8436, stack(0x000000003ff60000,0x0000000040060000)]
  0x000000001e31a000 JavaThread "lettuce-eventExecutorLoop-1-4" daemon [_thread_blocked, id=17360, stack(0x000000003fe60000,0x000000003ff60000)]
  0x000000001e318800 JavaThread "lettuce-eventExecutorLoop-1-3" daemon [_thread_blocked, id=6948, stack(0x000000003fd60000,0x000000003fe60000)]
  0x000000001e317800 JavaThread "idle_connection_reaper" daemon [_thread_blocked, id=4088, stack(0x000000003fc60000,0x000000003fd60000)]
  0x000000001e317000 JavaThread "lettuce-eventExecutorLoop-1-2" daemon [_thread_blocked, id=1824, stack(0x000000003fb60000,0x000000003fc60000)]
  0x000000001e316000 JavaThread "lettuce-eventExecutorLoop-1-1" daemon [_thread_blocked, id=17620, stack(0x00000000226c0000,0x00000000227c0000)]
  0x000000001e30e800 JavaThread "lettuce-nioEventLoop-4-1" daemon [_thread_in_native, id=14164, stack(0x00000000210b0000,0x00000000211b0000)]
  0x000000001e30d800 JavaThread "AsyncResolver-bootstrap-executor-0" daemon [_thread_blocked, id=12360, stack(0x00000000009a0000,0x0000000000aa0000)]
  0x000000001e314800 JavaThread "DiscoveryClient-HeartbeatExecutor-0" daemon [_thread_blocked, id=19640, stack(0x00000000213b0000,0x00000000214b0000)]
  0x000000001e313800 JavaThread "DiscoveryClient-CacheRefreshExecutor-0" daemon [_thread_blocked, id=3460, stack(0x00000000212b0000,0x00000000213b0000)]
  0x000000001e313000 JavaThread "DestroyJavaVM" [_thread_blocked, id=20460, stack(0x00000000029c0000,0x0000000002ac0000)]
  0x000000001e30d000 JavaThread "Java2D Disposer" daemon [_thread_blocked, id=19348, stack(0x0000000020db0000,0x0000000020eb0000)]
  0x000000001e312000 JavaThread "http-nio-8081-Acceptor" daemon [_thread_in_native, id=16976, stack(0x0000000020ab0000,0x0000000020bb0000)]
  0x000000001e311800 JavaThread "http-nio-8081-ClientPoller" daemon [_thread_in_native, id=18100, stack(0x00000000209b0000,0x0000000020ab0000)]
  0x000000001e30c000 JavaThread "http-nio-8081-exec-10" daemon [_thread_in_native, id=19116, stack(0x00000000208b0000,0x00000000209b0000)]
  0x000000001e310800 JavaThread "http-nio-8081-exec-9" daemon [_thread_blocked, id=19276, stack(0x00000000207b0000,0x00000000208b0000)]
  0x000000001e30b800 JavaThread "http-nio-8081-exec-8" daemon [_thread_blocked, id=12036, stack(0x00000000206b0000,0x00000000207b0000)]
  0x000000001e30a800 JavaThread "http-nio-8081-exec-7" daemon [_thread_in_native, id=12720, stack(0x00000000205b0000,0x00000000206b0000)]
  0x000000001e310000 JavaThread "http-nio-8081-exec-6" daemon [_thread_blocked, id=4916, stack(0x00000000204b0000,0x00000000205b0000)]
  0x000000001e30f000 JavaThread "http-nio-8081-exec-5" daemon [_thread_blocked, id=15632, stack(0x00000000203b0000,0x00000000204b0000)]
=>0x000000001e0cc800 JavaThread "http-nio-8081-exec-4" daemon [_thread_in_native, id=19220, stack(0x00000000202b0000,0x00000000203b0000)]
  0x000000001e0cc000 JavaThread "http-nio-8081-exec-3" daemon [_thread_in_native, id=16992, stack(0x00000000201b0000,0x00000000202b0000)]
  0x000000001e0cb000 JavaThread "http-nio-8081-exec-2" daemon [_thread_blocked, id=11188, stack(0x00000000200b0000,0x00000000201b0000)]
  0x000000001e0ca800 JavaThread "http-nio-8081-exec-1" daemon [_thread_in_native, id=9928, stack(0x000000001ffb0000,0x00000000200b0000)]
  0x000000001e0c9800 JavaThread "http-nio-8081-BlockPoller" daemon [_thread_in_native, id=18600, stack(0x000000001feb0000,0x000000001ffb0000)]
  0x000000001e0cf800 JavaThread "DiscoveryClient-InstanceInfoReplicator-0" daemon [_thread_blocked, id=10456, stack(0x000000001fdb0000,0x000000001feb0000)]
  0x000000001e0ce000 JavaThread "DiscoveryClient-1" daemon [_thread_blocked, id=13548, stack(0x000000001fcb0000,0x000000001fdb0000)]
  0x000000001e0cd800 JavaThread "DiscoveryClient-0" daemon [_thread_blocked, id=17960, stack(0x000000001fab0000,0x000000001fbb0000)]
  0x000000001e0c9000 JavaThread "AsyncResolver-bootstrap-0" daemon [_thread_blocked, id=18840, stack(0x000000001f5b0000,0x000000001f6b0000)]
  0x000000001e0cf000 JavaThread "spring.cloud.inetutils" daemon [_thread_blocked, id=10752, stack(0x000000001f2b0000,0x000000001f3b0000)]
  0x000000001dc14800 JavaThread "lettuce-timer-3-1" daemon [_thread_blocked, id=4316, stack(0x000000001ebb0000,0x000000001ecb0000)]
  0x000000001c24c000 JavaThread "container-0" [_thread_blocked, id=3036, stack(0x000000001d8e0000,0x000000001d9e0000)]
  0x000000001c24b000 JavaThread "Catalina-utility-2" [_thread_blocked, id=560, stack(0x000000001d7e0000,0x000000001d8e0000)]
  0x000000001c249000 JavaThread "Catalina-utility-1" [_thread_blocked, id=15440, stack(0x000000001c6e0000,0x000000001c7e0000)]
  0x000000001a775800 JavaThread "Service Thread" daemon [_thread_blocked, id=20040, stack(0x000000001b060000,0x000000001b160000)]
  0x000000001a6e2000 JavaThread "C1 CompilerThread3" daemon [_thread_blocked, id=2100, stack(0x000000001af60000,0x000000001b060000)]
  0x000000001a6de800 JavaThread "C2 CompilerThread2" daemon [_thread_blocked, id=12728, stack(0x000000001ae60000,0x000000001af60000)]
  0x000000001a6dd800 JavaThread "C2 CompilerThread1" daemon [_thread_blocked, id=8372, stack(0x000000001ad60000,0x000000001ae60000)]
  0x000000001a6d5000 JavaThread "C2 CompilerThread0" daemon [_thread_blocked, id=9688, stack(0x000000001ac60000,0x000000001ad60000)]
  0x000000001a5c9000 JavaThread "Monitor Ctrl-Break" daemon [_thread_in_native, id=14656, stack(0x000000001ab60000,0x000000001ac60000)]
  0x0000000019b3f000 JavaThread "Attach Listener" daemon [_thread_blocked, id=18208, stack(0x000000001a260000,0x000000001a360000)]
  0x0000000019b9b000 JavaThread "Signal Dispatcher" daemon [_thread_blocked, id=15768, stack(0x000000001a160000,0x000000001a260000)]
  0x0000000017d33800 JavaThread "Finalizer" daemon [_thread_blocked, id=20072, stack(0x000000001a000000,0x000000001a100000)]
  0x0000000019b20800 JavaThread "Reference Handler" daemon [_thread_blocked, id=19936, stack(0x0000000019f00000,0x000000001a000000)]

Other Threads:
  0x0000000017d26800 VMThread [stack: 0x0000000019a00000,0x0000000019b00000] [id=20304]
  0x000000001a78b800 WatcherThread [stack: 0x000000001b160000,0x000000001b260000] [id=18860]

VM state:not at safepoint (normal execution)

VM Mutex/Monitor currently owned by a thread: None

heap address: 0x0000000081200000, size: 2030 MB, Compressed Oops mode: 32-bit
Narrow klass base: 0x0000000000000000, Narrow klass shift: 3
Compressed class space size: 1073741824 Address: 0x0000000100000000

Heap:
 PSYoungGen      total 313856K, used 263671K [0x00000000d5b80000, 0x00000000f2c80000, 0x0000000100000000)
  eden space 295424K, 89% used [0x00000000d5b80000,0x00000000e5cfde98,0x00000000e7c00000)
  from space 18432K, 0% used [0x00000000e7c00000,0x00000000e7c00000,0x00000000e8e00000)
  to   space 42496K, 0% used [0x00000000f0300000,0x00000000f0300000,0x00000000f2c80000)
 ParOldGen       total 154112K, used 54834K [0x0000000081200000, 0x000000008a880000, 0x00000000d5b80000)
  object space 154112K, 35% used [0x0000000081200000,0x000000008478c8b8,0x000000008a880000)
 Metaspace       used 54445K, capacity 58054K, committed 58624K, reserved 1099776K
  class space    used 7419K, capacity 8049K, committed 8192K, reserved 1048576K

Card table byte_map: [0x0000000012120000,0x0000000012520000] byte_map_base: 0x0000000011d17000

Marking Bits: (ParMarkBitMap*) 0x00000000606e4ce0
 Begin Bits: [0x0000000012fd0000, 0x0000000014f88000)
 End Bits:   [0x0000000014f88000, 0x0000000016f40000)

Polling page: 0x0000000000ce0000

CodeCache: size=245760Kb used=12313Kb max_used=12313Kb free=233446Kb
 bounds [0x0000000002d60000, 0x0000000003970000, 0x0000000011d60000]
 total_blobs=7247 nmethods=6650 adapters=508
 compilation: enabled

Compilation events (10 events):
Event: 7288.597 Thread 0x000000001a6e2000 6810       1       org.apache.coyote.Request::getRequestProcessor (5 bytes)
Event: 7288.597 Thread 0x000000001a6e2000 nmethod 6810 0x0000000003965810 code [0x0000000003965960, 0x0000000003965a70]
Event: 7288.598 Thread 0x000000001a6e2000 6811   !   1       java.io.StringReader::reset (30 bytes)
Event: 7288.598 Thread 0x000000001a6e2000 nmethod 6811 0x0000000003965ad0 code [0x0000000003965c40, 0x0000000003965fa8]
Event: 7288.598 Thread 0x000000001a6e2000 6812       1       org.apache.catalina.connector.Connector::getService (5 bytes)
Event: 7288.599 Thread 0x000000001a6e2000 nmethod 6812 0x0000000003966190 code [0x00000000039662e0, 0x00000000039663f0]
Event: 7288.599 Thread 0x000000001a6e2000 6813       1       org.springframework.core.MethodParameter::hashCode (16 bytes)
Event: 7288.599 Thread 0x000000001a6e2000 nmethod 6813 0x0000000003966450 code [0x00000000039665a0, 0x00000000039666e8]
Event: 7288.607 Thread 0x000000001a6e2000 6814       1       javax.imageio.stream.ImageInputStreamImpl::reset (69 bytes)
Event: 7288.608 Thread 0x000000001a6e2000 nmethod 6814 0x0000000003966750 code [0x0000000003966a00, 0x0000000003968088]

GC Heap History (10 events):
Event: 4.884 GC heap before
{Heap before GC invocations=10 (full 1):
 PSYoungGen      total 226816K, used 37521K [0x00000000d5b80000, 0x00000000e4a80000, 0x0000000100000000)
  eden space 214528K, 11% used [0x00000000d5b80000,0x00000000d7425e88,0x00000000e2d00000)
  from space 12288K, 99% used [0x00000000e3e80000,0x00000000e4a7e880,0x00000000e4a80000)
  to   space 13824K, 0% used [0x00000000e2f80000,0x00000000e2f80000,0x00000000e3d00000)
 ParOldGen       total 56832K, used 10048K [0x0000000081200000, 0x0000000084980000, 0x00000000d5b80000)
  object space 56832K, 17% used [0x0000000081200000,0x0000000081bd0350,0x0000000084980000)
 Metaspace       used 33256K, capacity 35364K, committed 35416K, reserved 1079296K
  class space    used 4571K, capacity 4964K, committed 4992K, reserved 1048576K
Event: 4.889 GC heap after
Heap after GC invocations=10 (full 1):
 PSYoungGen      total 230912K, used 9369K [0x00000000d5b80000, 0x00000000e9b80000, 0x0000000100000000)
  eden space 217088K, 0% used [0x00000000d5b80000,0x00000000d5b80000,0x00000000e2f80000)
  from space 13824K, 67% used [0x00000000e2f80000,0x00000000e38a6410,0x00000000e3d00000)
  to   space 13824K, 0% used [0x00000000e8e00000,0x00000000e8e00000,0x00000000e9b80000)
 ParOldGen       total 56832K, used 10056K [0x0000000081200000, 0x0000000084980000, 0x00000000d5b80000)
  object space 56832K, 17% used [0x0000000081200000,0x0000000081bd2350,0x0000000084980000)
 Metaspace       used 33256K, capacity 35364K, committed 35416K, reserved 1079296K
  class space    used 4571K, capacity 4964K, committed 4992K, reserved 1048576K
}
Event: 4.889 GC heap before
{Heap before GC invocations=11 (full 2):
 PSYoungGen      total 230912K, used 9369K [0x00000000d5b80000, 0x00000000e9b80000, 0x0000000100000000)
  eden space 217088K, 0% used [0x00000000d5b80000,0x00000000d5b80000,0x00000000e2f80000)
  from space 13824K, 67% used [0x00000000e2f80000,0x00000000e38a6410,0x00000000e3d00000)
  to   space 13824K, 0% used [0x00000000e8e00000,0x00000000e8e00000,0x00000000e9b80000)
 ParOldGen       total 56832K, used 10056K [0x0000000081200000, 0x0000000084980000, 0x00000000d5b80000)
  object space 56832K, 17% used [0x0000000081200000,0x0000000081bd2350,0x0000000084980000)
 Metaspace       used 33256K, capacity 35364K, committed 35416K, reserved 1079296K
  class space    used 4571K, capacity 4964K, committed 4992K, reserved 1048576K
Event: 4.920 GC heap after
Heap after GC invocations=11 (full 2):
 PSYoungGen      total 230912K, used 0K [0x00000000d5b80000, 0x00000000e9b80000, 0x0000000100000000)
  eden space 217088K, 0% used [0x00000000d5b80000,0x00000000d5b80000,0x00000000e2f80000)
  from space 13824K, 0% used [0x00000000e2f80000,0x00000000e2f80000,0x00000000e3d00000)
  to   space 13824K, 0% used [0x00000000e8e00000,0x00000000e8e00000,0x00000000e9b80000)
 ParOldGen       total 78336K, used 15772K [0x0000000081200000, 0x0000000085e80000, 0x00000000d5b80000)
  object space 78336K, 20% used [0x0000000081200000,0x0000000082167188,0x0000000085e80000)
 Metaspace       used 33256K, capacity 35364K, committed 35416K, reserved 1079296K
  class space    used 4571K, capacity 4964K, committed 4992K, reserved 1048576K
}
Event: 7.940 GC heap before
{Heap before GC invocations=12 (full 2):
 PSYoungGen      total 230912K, used 216756K [0x00000000d5b80000, 0x00000000e9b80000, 0x0000000100000000)
  eden space 217088K, 99% used [0x00000000d5b80000,0x00000000e2f2d398,0x00000000e2f80000)
  from space 13824K, 0% used [0x00000000e2f80000,0x00000000e2f80000,0x00000000e3d00000)
  to   space 13824K, 0% used [0x00000000e8e00000,0x00000000e8e00000,0x00000000e9b80000)
 ParOldGen       total 78336K, used 15772K [0x0000000081200000, 0x0000000085e80000, 0x00000000d5b80000)
  object space 78336K, 20% used [0x0000000081200000,0x0000000082167188,0x0000000085e80000)
 Metaspace       used 46747K, capacity 49618K, committed 49792K, reserved 1091584K
  class space    used 6432K, capacity 6963K, committed 7040K, reserved 1048576K
Event: 7.961 GC heap after
Heap after GC invocations=12 (full 2):
 PSYoungGen      total 309248K, used 13801K [0x00000000d5b80000, 0x00000000ea180000, 0x0000000100000000)
  eden space 295424K, 0% used [0x00000000d5b80000,0x00000000d5b80000,0x00000000e7c00000)
  from space 13824K, 99% used [0x00000000e8e00000,0x00000000e9b7a430,0x00000000e9b80000)
  to   space 18432K, 0% used [0x00000000e7c00000,0x00000000e7c00000,0x00000000e8e00000)
 ParOldGen       total 78336K, used 24466K [0x0000000081200000, 0x0000000085e80000, 0x00000000d5b80000)
  object space 78336K, 31% used [0x0000000081200000,0x00000000829e4bf8,0x0000000085e80000)
 Metaspace       used 46747K, capacity 49618K, committed 49792K, reserved 1091584K
  class space    used 6432K, capacity 6963K, committed 7040K, reserved 1048576K
}
Event: 7247.931 GC heap before
{Heap before GC invocations=13 (full 2):
 PSYoungGen      total 309248K, used 309225K [0x00000000d5b80000, 0x00000000ea180000, 0x0000000100000000)
  eden space 295424K, 100% used [0x00000000d5b80000,0x00000000e7c00000,0x00000000e7c00000)
  from space 13824K, 99% used [0x00000000e8e00000,0x00000000e9b7a430,0x00000000e9b80000)
  to   space 18432K, 0% used [0x00000000e7c00000,0x00000000e7c00000,0x00000000e8e00000)
 ParOldGen       total 78336K, used 24466K [0x0000000081200000, 0x0000000085e80000, 0x00000000d5b80000)
  object space 78336K, 31% used [0x0000000081200000,0x00000000829e4bf8,0x0000000085e80000)
 Metaspace       used 54585K, capacity 58378K, committed 58624K, reserved 1099776K
  class space    used 7439K, capacity 8103K, committed 8192K, reserved 1048576K
Event: 7247.977 GC heap after
Heap after GC invocations=13 (full 2):
 PSYoungGen      total 313856K, used 18415K [0x00000000d5b80000, 0x00000000f2c80000, 0x0000000100000000)
  eden space 295424K, 0% used [0x00000000d5b80000,0x00000000d5b80000,0x00000000e7c00000)
  from space 18432K, 99% used [0x00000000e7c00000,0x00000000e8dfbe68,0x00000000e8e00000)
  to   space 42496K, 0% used [0x00000000f0300000,0x00000000f0300000,0x00000000f2c80000)
 ParOldGen       total 83456K, used 83094K [0x0000000081200000, 0x0000000086380000, 0x00000000d5b80000)
  object space 83456K, 99% used [0x0000000081200000,0x00000000863259b0,0x0000000086380000)
 Metaspace       used 54585K, capacity 58378K, committed 58624K, reserved 1099776K
  class space    used 7439K, capacity 8103K, committed 8192K, reserved 1048576K
}
Event: 7247.977 GC heap before
{Heap before GC invocations=14 (full 3):
 PSYoungGen      total 313856K, used 18415K [0x00000000d5b80000, 0x00000000f2c80000, 0x0000000100000000)
  eden space 295424K, 0% used [0x00000000d5b80000,0x00000000d5b80000,0x00000000e7c00000)
  from space 18432K, 99% used [0x00000000e7c00000,0x00000000e8dfbe68,0x00000000e8e00000)
  to   space 42496K, 0% used [0x00000000f0300000,0x00000000f0300000,0x00000000f2c80000)
 ParOldGen       total 83456K, used 83094K [0x0000000081200000, 0x0000000086380000, 0x00000000d5b80000)
  object space 83456K, 99% used [0x0000000081200000,0x00000000863259b0,0x0000000086380000)
 Metaspace       used 54585K, capacity 58378K, committed 58624K, reserved 1099776K
  class space    used 7439K, capacity 8103K, committed 8192K, reserved 1048576K
Event: 7248.108 GC heap after
Heap after GC invocations=14 (full 3):
 PSYoungGen      total 313856K, used 0K [0x00000000d5b80000, 0x00000000f2c80000, 0x0000000100000000)
  eden space 295424K, 0% used [0x00000000d5b80000,0x00000000d5b80000,0x00000000e7c00000)
  from space 18432K, 0% used [0x00000000e7c00000,0x00000000e7c00000,0x00000000e8e00000)
  to   space 42496K, 0% used [0x00000000f0300000,0x00000000f0300000,0x00000000f2c80000)
 ParOldGen       total 154112K, used 54834K [0x0000000081200000, 0x000000008a880000, 0x00000000d5b80000)
  object space 154112K, 35% used [0x0000000081200000,0x000000008478c8b8,0x000000008a880000)
 Metaspace       used 54289K, capacity 57818K, committed 58624K, reserved 1099776K
  class space    used 7381K, capacity 7999K, committed 8192K, reserved 1048576K
}

Deoptimization events (0 events):
No events

Classes redefined (0 events):
No events

Internal exceptions (10 events):
Event: 7284.620 Thread 0x000000001e30a800 Exception <a 'java/lang/NoSuchMethodError': java.lang.Object.lambda$invoke$0()Ljava/lang/Object;> (0x00000000dd60d318) thrown at [C:\re\workspace\8-2-build-windows-amd64-cygwin\jdk8u201\12322\hotspot\src\share\vm\interpreter\linkResolver.cpp, line 620]
Event: 7284.630 Thread 0x000000001e30a800 Exception <a 'java/lang/ArrayIndexOutOfBoundsException'> (0x00000000dd64db88) thrown at [C:\re\workspace\8-2-build-windows-amd64-cygwin\jdk8u201\12322\hotspot\src\share\vm\runtime\sharedRuntime.cpp, line 605]
Event: 7284.630 Thread 0x000000001e30a800 Exception <a 'java/lang/ArrayIndexOutOfBoundsException'> (0x00000000dd64f8b8) thrown at [C:\re\workspace\8-2-build-windows-amd64-cygwin\jdk8u201\12322\hotspot\src\share\vm\runtime\sharedRuntime.cpp, line 605]
Event: 7284.631 Thread 0x000000001e30a800 Exception <a 'java/lang/ArrayIndexOutOfBoundsException'> (0x00000000dd655538) thrown at [C:\re\workspace\8-2-build-windows-amd64-cygwin\jdk8u201\12322\hotspot\src\share\vm\runtime\sharedRuntime.cpp, line 605]
Event: 7285.740 Thread 0x000000001e310800 Exception <a 'java/io/IOException'> (0x00000000de70a0d8) thrown at [C:\re\workspace\8-2-build-windows-amd64-cygwin\jdk8u201\12322\hotspot\src\share\vm\prims\jni.cpp, line 709]
Event: 7286.898 Thread 0x000000001e30f000 Exception <a 'java/io/IOException'> (0x00000000e0741188) thrown at [C:\re\workspace\8-2-build-windows-amd64-cygwin\jdk8u201\12322\hotspot\src\share\vm\prims\jni.cpp, line 709]
Event: 7287.650 Thread 0x000000001e30c000 Exception <a 'java/io/IOException'> (0x00000000e1e0ed08) thrown at [C:\re\workspace\8-2-build-windows-amd64-cygwin\jdk8u201\12322\hotspot\src\share\vm\prims\jni.cpp, line 709]
Event: 7288.476 Thread 0x000000001e0ca800 Exception <a 'java/io/IOException'> (0x00000000e2a32c00) thrown at [C:\re\workspace\8-2-build-windows-amd64-cygwin\jdk8u201\12322\hotspot\src\share\vm\prims\jni.cpp, line 709]
Event: 7288.486 Thread 0x000000001e30f000 Exception <a 'java/io/IOException'> (0x00000000e33c88b8) thrown at [C:\re\workspace\8-2-build-windows-amd64-cygwin\jdk8u201\12322\hotspot\src\share\vm\prims\jni.cpp, line 709]
Event: 7288.489 Thread 0x000000001e30b800 Exception <a 'java/io/IOException'> (0x00000000e3ff3c30) thrown at [C:\re\workspace\8-2-build-windows-amd64-cygwin\jdk8u201\12322\hotspot\src\share\vm\prims\jni.cpp, line 709]

Events (10 events):
Event: 7287.171 Thread 0x000000001a6e2000 flushing nmethod 0x00000000037e2310
Event: 7287.172 Thread 0x000000001a6e2000 flushing nmethod 0x000000000383e450
Event: 7287.172 Thread 0x000000001a6e2000 flushing nmethod 0x000000000385d010
Event: 7287.172 Thread 0x000000001a6e2000 flushing nmethod 0x00000000038844d0
Event: 7287.172 Thread 0x000000001a6e2000 flushing nmethod 0x000000000388d290
Event: 7287.172 Thread 0x000000001a6e2000 flushing nmethod 0x000000000388db50
Event: 7288.482 loading class java/io/EOFException
Event: 7288.482 loading class java/io/EOFException done
Event: 7288.545 Executing VM operation: RevokeBias
Event: 7288.545 Executing VM operation: RevokeBias done


Dynamic libraries:
0x00007ff713090000 - 0x00007ff7130c7000 	C:\Program Files\Java\jdk1.8.0_201\bin\java.exe
0x00007ff887a10000 - 0x00007ff887c05000 	C:\WINDOWS\SYSTEM32\ntdll.dll
0x00007ff8864c0000 - 0x00007ff88657e000 	C:\WINDOWS\System32\KERNEL32.DLL
0x00007ff885450000 - 0x00007ff885719000 	C:\WINDOWS\System32\KERNELBASE.dll
0x00007ff886580000 - 0x00007ff88662c000 	C:\WINDOWS\System32\ADVAPI32.dll
0x00007ff885ea0000 - 0x00007ff885f3e000 	C:\WINDOWS\System32\msvcrt.dll
0x00007ff885d10000 - 0x00007ff885dab000 	C:\WINDOWS\System32\sechost.dll
0x00007ff8871f0000 - 0x00007ff88731a000 	C:\WINDOWS\System32\RPCRT4.dll
0x00007ff8876c0000 - 0x00007ff887861000 	C:\WINDOWS\System32\USER32.dll
0x00007ff885130000 - 0x00007ff885152000 	C:\WINDOWS\System32\win32u.dll
0x00007ff885a60000 - 0x00007ff885a8b000 	C:\WINDOWS\System32\GDI32.dll
0x00007ff885850000 - 0x00007ff88595b000 	C:\WINDOWS\System32\gdi32full.dll
0x00007ff8857b0000 - 0x00007ff88584d000 	C:\WINDOWS\System32\msvcp_win.dll
0x00007ff885960000 - 0x00007ff885a60000 	C:\WINDOWS\System32\ucrtbase.dll
0x00007ff876790000 - 0x00007ff876a2a000 	C:\WINDOWS\WinSxS\amd64_microsoft.windows.common-controls_6595b64144ccf1df_6.0.19041.1110_none_60b5254171f9507e\COMCTL32.dll
0x00007ff8879a0000 - 0x00007ff8879d0000 	C:\WINDOWS\System32\IMM32.DLL
0x00000000614b0000 - 0x0000000061581000 	C:\Program Files\Java\jdk1.8.0_201\jre\bin\msvcr100.dll
0x000000005fec0000 - 0x0000000060764000 	C:\Program Files\Java\jdk1.8.0_201\jre\bin\server\jvm.dll
0x00007ff8864b0000 - 0x00007ff8864b8000 	C:\WINDOWS\System32\PSAPI.DLL
0x00007ff879f90000 - 0x00007ff879fb7000 	C:\WINDOWS\SYSTEM32\WINMM.dll
0x00007ff87f200000 - 0x00007ff87f209000 	C:\WINDOWS\SYSTEM32\WSOCK32.dll
0x00007ff87c200000 - 0x00007ff87c20a000 	C:\WINDOWS\SYSTEM32\VERSION.dll
0x00007ff886440000 - 0x00007ff8864ab000 	C:\WINDOWS\System32\WS2_32.dll
0x00007ff87d590000 - 0x00007ff87d59f000 	C:\Program Files\Java\jdk1.8.0_201\jre\bin\verify.dll
0x00007ff863e10000 - 0x00007ff863e39000 	C:\Program Files\Java\jdk1.8.0_201\jre\bin\java.dll
0x00007ff87fee0000 - 0x00007ff87ff03000 	C:\Program Files\Java\jdk1.8.0_201\jre\bin\instrument.dll
0x00007ff87bab0000 - 0x00007ff87bac6000 	C:\Program Files\Java\jdk1.8.0_201\jre\bin\zip.dll
0x00007ff886630000 - 0x00007ff886d6f000 	C:\WINDOWS\System32\SHELL32.dll
0x00007ff882e70000 - 0x00007ff883600000 	C:\WINDOWS\SYSTEM32\windows.storage.dll
0x00007ff885f40000 - 0x00007ff886295000 	C:\WINDOWS\System32\combase.dll
0x00007ff884b80000 - 0x00007ff884bac000 	C:\WINDOWS\SYSTEM32\Wldp.dll
0x00007ff886330000 - 0x00007ff8863dd000 	C:\WINDOWS\System32\SHCORE.dll
0x00007ff8862c0000 - 0x00007ff886315000 	C:\WINDOWS\System32\shlwapi.dll
0x00007ff885070000 - 0x00007ff88508f000 	C:\WINDOWS\SYSTEM32\profapi.dll
0x00007ff87eb60000 - 0x00007ff87eb7a000 	F:\subject\IDEA 2018_sssam.com\IntelliJ IDEA 2018.2.4\bin\breakgen64.dll
0x00007ff859900000 - 0x00007ff85991a000 	C:\Program Files\Java\jdk1.8.0_201\jre\bin\net.dll
0x00007ff8731d0000 - 0x00007ff8733bb000 	C:\WINDOWS\SYSTEM32\urlmon.dll
0x00007ff8731a0000 - 0x00007ff8731c8000 	C:\WINDOWS\SYSTEM32\srvcli.dll
0x00007ff8845c0000 - 0x00007ff8845cc000 	C:\WINDOWS\SYSTEM32\netutils.dll
0x00007ff873750000 - 0x00007ff873a00000 	C:\WINDOWS\SYSTEM32\iertutil.dll
0x00007ff8848e0000 - 0x00007ff88494a000 	C:\WINDOWS\system32\mswsock.dll
0x00007ff884580000 - 0x00007ff8845bb000 	C:\WINDOWS\SYSTEM32\IPHLPAPI.DLL
0x00007ff885e90000 - 0x00007ff885e98000 	C:\WINDOWS\System32\NSI.dll
0x00007ff87a5b0000 - 0x00007ff87a5c7000 	C:\WINDOWS\SYSTEM32\dhcpcsvc6.DLL
0x00007ff87aee0000 - 0x00007ff87aefd000 	C:\WINDOWS\SYSTEM32\dhcpcsvc.DLL
0x00007ff8845d0000 - 0x00007ff88469c000 	C:\WINDOWS\SYSTEM32\DNSAPI.dll
0x00007ff87c210000 - 0x00007ff87c21a000 	C:\Windows\System32\rasadhlp.dll
0x00007ff873d50000 - 0x00007ff873dcf000 	C:\WINDOWS\System32\fwpuclnt.dll
0x00007ff885210000 - 0x00007ff885237000 	C:\WINDOWS\System32\bcrypt.dll
0x00007ff87fed0000 - 0x00007ff87fedd000 	C:\Program Files\Java\jdk1.8.0_201\jre\bin\management.dll
0x00007ff867c90000 - 0x00007ff867ca7000 	C:\WINDOWS\system32\napinsp.dll
0x00007ff867c70000 - 0x00007ff867c8b000 	C:\WINDOWS\system32\pnrpnsp.dll
0x00007ff87f450000 - 0x00007ff87f465000 	C:\WINDOWS\system32\wshbth.dll
0x00007ff87fe80000 - 0x00007ff87fe9d000 	C:\WINDOWS\system32\NLAapi.dll
0x00007ff867bd0000 - 0x00007ff867be2000 	C:\WINDOWS\System32\winrnr.dll
0x00007ff84b670000 - 0x00007ff84b681000 	C:\Program Files\Java\jdk1.8.0_201\jre\bin\nio.dll
0x00007ff884ad0000 - 0x00007ff884ae8000 	C:\WINDOWS\SYSTEM32\CRYPTSP.dll
0x00007ff8841f0000 - 0x00007ff884224000 	C:\WINDOWS\system32\rsaenh.dll
0x00007ff885030000 - 0x00007ff88505e000 	C:\WINDOWS\SYSTEM32\USERENV.dll
0x00007ff885720000 - 0x00007ff8857a3000 	C:\WINDOWS\System32\bcryptprimitives.dll
0x00007ff884af0000 - 0x00007ff884afc000 	C:\WINDOWS\SYSTEM32\CRYPTBASE.dll
0x00007ff864b50000 - 0x00007ff864b74000 	C:\Program Files\Java\jdk1.8.0_201\jre\bin\sunec.dll
0x00007ff83efc0000 - 0x00007ff83f159000 	C:\Program Files\Java\jdk1.8.0_201\jre\bin\awt.dll
0x00007ff887320000 - 0x00007ff8873ed000 	C:\WINDOWS\System32\OLEAUT32.dll
0x00007ff881790000 - 0x00007ff881820000 	C:\WINDOWS\SYSTEM32\apphelp.dll
0x00007ff8647e0000 - 0x00007ff864811000 	C:\Program Files\Java\jdk1.8.0_201\jre\bin\jpeg.dll
0x00007ff82b690000 - 0x00007ff82e4cd000 	C:\Users\lenovo\Desktop\人脸识别\Face-recognition-main\ArcSoft_ArcFace_Java_Windows_x64_V3.0\libs\WIN64\libarcsoft_face.dll
0x00007ff86b150000 - 0x00007ff86b23f000 	C:\WINDOWS\SYSTEM32\MSVCR120.dll
0x00007ff86b240000 - 0x00007ff86b2e6000 	C:\WINDOWS\SYSTEM32\MSVCP120.dll
0x00007ff83edd0000 - 0x00007ff83ee4f000 	C:\Users\lenovo\Desktop\人脸识别\Face-recognition-main\ArcSoft_ArcFace_Java_Windows_x64_V3.0\libs\WIN64\libarcsoft_face_engine.dll
0x00007ff8863e0000 - 0x00007ff886436000 	C:\WINDOWS\System32\WLDAP32.dll
0x00007ff865350000 - 0x00007ff865375000 	C:\Users\lenovo\Desktop\人脸识别\Face-recognition-main\ArcSoft_ArcFace_Java_Windows_x64_V3.0\libs\WIN64\libarcsoft_face_engine_jni.dll
0x00007ff859a50000 - 0x00007ff859a8e000 	C:\Program Files\Java\jdk1.8.0_201\jre\bin\lcms.dll
0x00007ff8836d0000 - 0x00007ff8838b4000 	C:\WINDOWS\SYSTEM32\dbghelp.dll

VM Arguments:
jvm_args: -XX:CompileCommand=exclude,org/hibernate/cfg/annotations/SimpleValueBinder.setType -XX:TieredStopAtLevel=1 -Xverify:none -Dspring.output.ansi.enabled=always -javaagent:F:\subject\IDEA 2018_sssam.com\IntelliJ IDEA 2018.2.4\lib\idea_rt.jar=50588:F:\subject\IDEA 2018_sssam.com\IntelliJ IDEA 2018.2.4\bin -Dfile.encoding=UTF-8 
java_command: com.tangcheng.face_corn.FaceCornApplication
java_class_path (initial): C:\Program Files\Java\jdk1.8.0_201\jre\lib\charsets.jar;C:\Program Files\Java\jdk1.8.0_201\jre\lib\deploy.jar;C:\Program Files\Java\jdk1.8.0_201\jre\lib\ext\access-bridge-64.jar;C:\Program Files\Java\jdk1.8.0_201\jre\lib\ext\cldrdata.jar;C:\Program Files\Java\jdk1.8.0_201\jre\lib\ext\dnsns.jar;C:\Program Files\Java\jdk1.8.0_201\jre\lib\ext\jaccess.jar;C:\Program Files\Java\jdk1.8.0_201\jre\lib\ext\jfxrt.jar;C:\Program Files\Java\jdk1.8.0_201\jre\lib\ext\localedata.jar;C:\Program Files\Java\jdk1.8.0_201\jre\lib\ext\nashorn.jar;C:\Program Files\Java\jdk1.8.0_201\jre\lib\ext\sunec.jar;C:\Program Files\Java\jdk1.8.0_201\jre\lib\ext\sunjce_provider.jar;C:\Program Files\Java\jdk1.8.0_201\jre\lib\ext\sunmscapi.jar;C:\Program Files\Java\jdk1.8.0_201\jre\lib\ext\sunpkcs11.jar;C:\Program Files\Java\jdk1.8.0_201\jre\lib\ext\zipfs.jar;C:\Program Files\Java\jdk1.8.0_201\jre\lib\javaws.jar;C:\Program Files\Java\jdk1.8.0_201\jre\lib\jce.jar;C:\Program Files\Java\jdk1.8.0_201\jre\lib\jfr.jar;C:\Program Files\Java\jdk1.8.0_201\jre\lib\jfxswt.jar;C:\Program Files\Java\jdk1.8.0_201\jre\lib\jsse.jar;C:\Program Files\Java\jdk1.8.0_201\jre\lib\management-agent.jar;C:\Program Files\Java\jdk1.8.0_201\jre\lib\plugin.jar;C:\Program Files\Java\jdk1.8.0_201\jre\lib\resources.jar;C:\Program Files\Java\jdk1.8.0_201\jre\lib\rt.jar;C:\Users\lenovo\Desktop\人脸识别\Face-recognition-main\facesystem\face_corn\target\classes;C:\Users\lenovo\Desktop\人脸识别\Face-recognition-main\facesystem\common\target\classes;F:\subject\JavaWeb\maven-l\com\auth0\java-jwt\3.4.0\java-jwt-3.4.0.jar;F:\subject\JavaWeb\maven-l\commons-codec\commons-codec\1.15\commons-codec-1.15.jar;F:\subject\JavaWeb\maven-l\com\aliyun\oss\aliyun-sdk-oss\3.12.0\aliyun-sdk-oss-3.12.0.jar;F:\subject\JavaWeb\maven-l\org\apache\httpcomponents\httpclient\4.5.13\httpclient-4.5.13.jar;F:\subject\JavaWeb\maven-l\org\apache\httpcomponents\httpcore\4.4.14\httpcore-4.4.14.jar;F:\subject\JavaWeb\maven-l\org\jdom\jdom2\2.
Launcher Type: SUN_STANDARD

Environment Variables:
JAVA_HOME=C:\Program Files\Java\jdk1.8.0_201
CLASSPATH=.;C:\Program Files\Java\jdk1.8.0_201\lib\dt.jar,C:\Program Files\Java\jdk1.8.0_201\lib\tools.jar;F:\subject\JavaWeb\apache-tomcat-8.5.45\lib\servlet-api.jar
PATH=C:\Program Files (x86)\Common Files\Oracle\Java\javapath;C:\WINDOWS\system32;C:\WINDOWS;C:\WINDOWS\System32\Wbem;C:\WINDOWS\System32\WindowsPowerShell\v1.0\;C:\WINDOWS\System32\OpenSSH\;F:\subject\JavaWeb\apache-tomcat-8.5.45\bin;F:\subject\JavaWeb\apache-tomcat-8.5.45\lib;C:\Program Files\NVIDIA Corporation\NVIDIA NvDLISR;F:\subject\JavaWeb\apache-maven-3.3.9\bin;F:\subject\JavaWeb\Gradle\gradle-6.9.1\bin;F:\subject\JavaWeb\nodejs;C:\Program Files\Java\jdk1.8.0_201\bin;C:\Program Files\MySQL\MySQL Server 8.0\bin;F:\subject\JavaWeb\env\MongoDB\bin;C:\Users\lenovo\AppData\Local\Microsoft\WindowsApps;F:\subject\PyCharm\PyCharm Community Edition 2020.3.3\bin;;F:\subject\JavaWeb\Microsoft VS Code\bin;F:\subject\JavaWeb\nodejs\node_global;
USERNAME=lenovo
OS=Windows_NT
PROCESSOR_IDENTIFIER=Intel64 Family 6 Model 158 Stepping 10, GenuineIntel



---------------  S Y S T E M  ---------------

OS: Windows 10.0 , 64 bit Build 19041 (10.0.19041.1202)

CPU:total 8 (initial active 8) (4 cores per cpu, 2 threads per core) family 6 model 158 stepping 10, cmov, cx8, fxsr, mmx, sse, sse2, sse3, ssse3, sse4.1, sse4.2, popcnt, avx, avx2, aes, clmul, erms, 3dnowpref, lzcnt, ht, tsc, tscinvbit, bmi1, bmi2, adx

Memory: 4k page, physical 8306932k(1622092k free), swap 18792692k(4104396k free)

vm_info: Java HotSpot(TM) 64-Bit Server VM (25.201-b09) for windows-amd64 JRE (1.8.0_201-b09), built on Dec 15 2018 18:36:39 by "java_re" with MS VC++ 10.0 (VS2010)

time: Sun Oct 31 19:54:02 2021
timezone: 中国标准时间
elapsed time: 7288 seconds (0d 2h 1m 28s)

